count.buggy.0.asm
count.buggy.1.asm
count.buggy.2.asm
count.buggy.3.asm
count.checker.asm
. boolector-functional.mmap
# tid	pc	cmd	arg	accu	mem	adr	val	full	heap
1	inc	LOAD	0	0	0	0	0	0	{}	# 0
0	inc	LOAD	0	0	0	0	0	0	{}	# 1
3	inc	LOAD	0	0	0	0	0	0	{}	# 2
1	1	ADDI	1	0	0	0	0	0	{}	# 3
3	1	ADDI	1	0	0	0	0	0	{}	# 4
2	inc	LOAD	0	0	0	0	0	0	{}	# 5
2	1	ADDI	1	0	0	0	0	0	{}	# 6
1	2	STORE	0	1	0	0	0	0	{}	# 7
2	2	STORE	0	1	0	0	0	0	{}	# 8
1	3	LOAD	11	1	0	0	1	1	{}	# 9
3	2	STORE	0	1	0	0	0	0	{}	# 10
2	3	FLUSH	-	1	0	0	1	1	{}	# 11
1	4	FLUSH	-	4	0	0	1	1	{(0,1)}	# 12
1	4	SUBI	1	4	0	0	1	0	{(0,1)}	# 13
0	1	ADDI	1	0	0	0	0	0	{}	# 14
0	2	STORE	0	1	0	0	0	0	{}	# 15
0	3	LOAD	10	1	0	0	1	1	{}	# 16
1	5	STORE	11	3	0	0	1	0	{}	# 17
0	4	FLUSH	-	4	0	0	1	1	{}	# 18
0	4	SUBI	1	4	0	0	1	0	{(0,1)}	# 19
0	5	STORE	10	3	0	0	1	0	{}	# 20
0	6	JNZ	inc	3	0	10	3	1	{}	# 21
0	inc	LOAD	0	3	0	10	3	1	{}	# 22
0	1	FLUSH	-	1	0	10	3	1	{}	# 23
0	1	ADDI	1	1	0	10	3	0	{(10,3)}	# 24
0	2	STORE	0	2	0	10	3	0	{}	# 25
0	3	LOAD	10	2	0	0	2	1	{}	# 26
0	4	SUBI	1	3	0	0	2	1	{}	# 27
0	5	FLUSH	-	2	0	0	2	1	{}	# 28
3	3	FLUSH	-	1	0	0	1	1	{(0,2)}	# 29
0	5	STORE	10	2	0	0	2	0	{(0,1)}	# 30
0	6	FLUSH	-	2	0	10	2	1	{}	# 31
0	6	JNZ	inc	2	0	10	2	0	{(10,2)}	# 32
3	3	LOAD	13	1	0	0	1	0	{}	# 33
0	inc	LOAD	0	2	0	10	2	0	{}	# 34
0	1	ADDI	1	1	0	10	2	0	{}	# 35
0	2	STORE	0	2	0	10	2	0	{}	# 36
1	6	JNZ	inc	3	0	11	3	1	{}	# 37
2	3	LOAD	12	1	0	0	1	0	{}	# 38
3	4	SUBI	1	4	0	0	1	0	{}	# 39
3	5	STORE	13	3	0	0	1	0	{}	# 40
2	4	SUBI	1	4	0	0	1	0	{}	# 41
0	3	FLUSH	-	2	0	0	2	1	{}	# 42
1	inc	LOAD	0	3	0	11	3	1	{(0,2)}	# 43
1	1	ADDI	1	2	0	11	3	1	{}	# 44
1	2	FLUSH	-	3	0	11	3	1	{}	# 45
1	2	STORE	0	3	0	11	3	0	{(11,3)}	# 46
0	3	LOAD	10	2	0	0	2	0	{}	# 47
1	3	FLUSH	-	3	0	0	3	1	{}	# 48
0	4	SUBI	1	2	0	0	2	0	{(0,3)}	# 49
0	5	STORE	10	1	0	0	2	0	{}	# 50
2	5	STORE	12	3	0	0	1	0	{}	# 51
2	6	JNZ	inc	3	0	12	3	1	{}	# 52
1	3	LOAD	11	3	0	0	3	0	{}	# 53
0	6	JNZ	inc	1	0	10	1	1	{}	# 54
0	inc	LOAD	0	1	0	10	1	1	{}	# 55
0	1	FLUSH	-	3	0	10	1	1	{}	# 56
3	6	FLUSH	-	3	0	13	3	1	{(10,1)}	# 57
0	1	ADDI	1	3	0	10	1	0	{(13,3)}	# 58
0	2	STORE	0	4	0	10	1	0	{}	# 59
0	3	LOAD	10	4	0	0	4	1	{}	# 60
1	4	SUBI	1	3	0	0	3	0	{}	# 61
0	4	SUBI	1	1	0	0	4	1	{}	# 62
2	inc	FLUSH	-	3	0	12	3	1	{}	# 63
0	5	FLUSH	-	0	0	0	4	1	{(12,3)}	# 64
3	6	JNZ	inc	3	0	13	3	0	{(0,4)}	# 65
2	inc	LOAD	0	3	0	12	3	0	{}	# 66
1	5	STORE	11	2	0	0	3	0	{}	# 67
3	inc	LOAD	0	3	0	13	3	0	{}	# 68
1	6	JNZ	inc	2	0	11	2	1	{}	# 69
1	inc	LOAD	0	2	0	11	2	1	{}	# 70
3	1	ADDI	1	4	0	13	3	0	{}	# 71
1	1	FLUSH	-	4	0	11	2	1	{}	# 72
1	1	ADDI	1	4	0	11	2	0	{(11,2)}	# 73
3	2	STORE	0	5	0	13	3	0	{}	# 74
0	5	STORE	10	0	0	0	4	0	{}	# 75
0	6	JNZ	inc	0	0	10	0	1	{}	# 76
3	3	FLUSH	-	5	0	0	5	1	{}	# 77
1	2	STORE	0	5	0	11	2	0	{(0,5)}	# 78
1	3	LOAD	11	5	0	0	5	1	{}	# 79
2	1	ADDI	1	4	0	12	3	0	{}	# 80
2	2	STORE	0	5	0	12	3	0	{}	# 81
2	3	FLUSH	-	5	0	0	5	1	{}	# 82
0	7	CHECK	0	0	0	10	0	1	{(0,5)}	# 83
2	3	LOAD	12	5	0	0	5	0	{}	# 84
3	3	LOAD	13	5	0	0	5	0	{}	# 85
3	4	SUBI	1	3	0	0	5	0	{}	# 86
3	5	STORE	13	2	0	0	5	0	{}	# 87
3	6	JNZ	inc	2	0	13	2	1	{}	# 88
4	0	CHECK	0	0	0	0	0	0	{}	# 89
3	inc	FLUSH	-	2	0	13	2	1	{}	# 90
2	4	SUBI	1	3	0	0	5	0	{(13,2)}	# 91
0	8	FLUSH	-	0	0	10	0	1	{}	# 92
1	4	FLUSH	-	2	0	0	5	1	{(10,0)}	# 93
1	4	SUBI	1	2	0	0	5	0	{(0,5)}	# 94
3	inc	LOAD	0	2	0	13	2	0	{}	# 95
3	1	ADDI	1	5	0	13	2	0	{}	# 96
1	5	STORE	11	1	0	0	5	0	{}	# 97
1	6	JNZ	inc	1	0	11	1	1	{}	# 98
1	inc	FLUSH	-	1	0	11	1	1	{}	# 99
2	5	STORE	12	2	0	0	5	0	{(11,1)}	# 100
1	inc	LOAD	0	1	0	11	1	0	{}	# 101
2	6	FLUSH	-	2	0	12	2	1	{}	# 102
1	1	ADDI	1	5	0	11	1	0	{(12,2)}	# 103
1	2	STORE	0	6	0	11	1	0	{}	# 104
1	3	FLUSH	-	6	0	0	6	1	{}	# 105
1	3	LOAD	11	6	0	0	6	0	{(0,6)}	# 106
2	6	JNZ	inc	2	0	12	2	0	{}	# 107
2	inc	LOAD	0	2	0	12	2	0	{}	# 108
2	1	ADDI	1	6	0	12	2	0	{}	# 109
3	2	STORE	0	6	0	13	2	0	{}	# 110
3	3	FLUSH	-	6	0	0	6	1	{}	# 111
2	2	STORE	0	7	0	12	2	0	{(0,6)}	# 112
2	3	FLUSH	-	7	0	0	7	1	{}	# 113
2	3	LOAD	12	7	0	0	7	0	{(0,7)}	# 114
2	4	SUBI	1	2	0	0	7	0	{}	# 115
1	4	SUBI	1	1	0	0	6	0	{}	# 116
3	3	LOAD	13	6	0	0	6	0	{}	# 117
3	4	SUBI	1	2	0	0	6	0	{}	# 118
3	5	STORE	13	1	0	0	6	0	{}	# 119
2	5	STORE	12	1	0	0	7	0	{}	# 120
3	6	FLUSH	-	1	0	13	1	1	{}	# 121
2	6	JNZ	inc	1	0	12	1	1	{(13,1)}	# 122
2	inc	FLUSH	-	1	0	12	1	1	{}	# 123
2	inc	LOAD	0	1	0	12	1	0	{(12,1)}	# 124
3	6	JNZ	inc	1	0	13	1	0	{}	# 125
2	1	ADDI	1	7	0	12	1	0	{}	# 126
1	5	STORE	11	0	0	0	6	0	{}	# 127
1	6	FLUSH	-	0	0	11	0	1	{}	# 128
3	inc	LOAD	0	1	0	13	1	0	{(11,0)}	# 129
3	1	ADDI	1	7	0	13	1	0	{}	# 130
2	2	STORE	0	8	0	12	1	0	{}	# 131
2	3	LOAD	12	8	0	0	8	1	{}	# 132
2	4	FLUSH	-	1	0	0	8	1	{}	# 133
3	2	STORE	0	8	0	13	1	0	{(0,8)}	# 134
3	3	LOAD	13	8	0	0	8	1	{}	# 135
3	4	FLUSH	-	1	0	0	8	1	{}	# 136
3	4	SUBI	1	1	0	0	8	0	{(0,8)}	# 137
2	4	SUBI	1	1	0	0	8	0	{}	# 138
1	6	JNZ	inc	0	0	11	0	0	{}	# 139
3	5	STORE	13	0	0	0	8	0	{}	# 140
3	6	FLUSH	-	0	0	13	0	1	{}	# 141
2	5	STORE	12	0	0	0	8	0	{(13,0)}	# 142
2	6	FLUSH	-	0	0	12	0	1	{}	# 143
3	6	JNZ	inc	0	0	13	0	0	{(12,0)}	# 144
3	7	CHECK	0	0	0	13	0	0	{}	# 145
2	6	JNZ	inc	0	0	12	0	0	{}	# 146
1	7	CHECK	0	0	0	11	0	0	{}	# 147
2	7	CHECK	0	0	0	12	0	0	{}	# 148
2	8	HALT	-	0	0	12	0	0	{}	# 149
3	8	HALT	-	0	0	13	0	0	{}	# 150
1	8	HALT	-	0	0	11	0	0	{}	# 151
4	1	ADDI	16	0	0	0	0	0	{}	# 152
4	2	CMP	0	16	0	0	0	0	{}	# 153
0	8	HALT	-	0	0	10	0	0	{}	# 154
4	3	JNZ	error	8	0	0	0	0	{}	# 155
4	error	EXIT	1	8	0	0	0	0	{}	# 156
