count_stat.buggy.0.asm
count_stat.buggy.1.asm
count_stat.buggy.2.asm
count_stat.buggy.3.asm
count_stat.checker.asm
. btormc-btor2.mmap
# tid	pc	cmd	arg	accu	mem	adr	val	full	heap
0	inc	LOAD	0	0	0	0	0	0	{}	# 0
0	1	ADDI	1	0	0	0	0	0	{}	# 1
0	2	STORE	0	1	0	0	0	0	{}	# 2
0	3	LOAD	10	1	0	0	1	1	{}	# 3
0	4	FLUSH	-	4	0	0	1	1	{}	# 4
0	4	SUBI	1	4	0	0	1	0	{(0,1)}	# 5
0	5	STORE	10	3	0	0	1	0	{}	# 6
0	6	JNZ	inc	3	0	10	3	1	{}	# 7
0	inc	LOAD	0	3	0	10	3	1	{}	# 8
2	inc	LOAD	0	0	0	0	0	0	{}	# 9
0	1	FLUSH	-	1	0	10	3	1	{}	# 10
0	1	ADDI	1	1	0	10	3	0	{(10,3)}	# 11
0	2	STORE	0	2	0	10	3	0	{}	# 12
2	1	ADDI	1	1	0	0	0	0	{}	# 13
0	3	FLUSH	-	2	0	0	2	1	{}	# 14
0	3	LOAD	10	2	0	0	2	0	{(0,2)}	# 15
2	2	STORE	0	2	0	0	0	0	{}	# 16
2	3	FLUSH	-	2	0	0	2	1	{}	# 17
2	3	LOAD	12	2	0	0	2	0	{(0,2)}	# 18
2	4	SUBI	1	4	0	0	2	0	{}	# 19
0	4	SUBI	1	3	0	0	2	0	{}	# 20
2	5	STORE	12	3	0	0	2	0	{}	# 21
3	inc	LOAD	0	0	0	0	0	0	{}	# 22
0	5	STORE	10	2	0	0	2	0	{}	# 23
2	6	FLUSH	-	3	0	12	3	1	{}	# 24
0	6	FLUSH	-	2	0	10	2	1	{(12,3)}	# 25
3	1	ADDI	1	2	0	0	0	0	{(10,2)}	# 26
3	2	STORE	0	3	0	0	0	0	{}	# 27
3	3	FLUSH	-	3	0	0	3	1	{}	# 28
2	6	JNZ	inc	3	0	12	3	0	{(0,3)}	# 29
0	6	JNZ	inc	2	0	10	2	0	{}	# 30
0	inc	LOAD	0	2	0	10	2	0	{}	# 31
0	1	ADDI	1	3	0	10	2	0	{}	# 32
0	2	STORE	0	4	0	10	2	0	{}	# 33
1	inc	LOAD	0	0	0	0	0	0	{}	# 34
1	1	ADDI	1	3	0	0	0	0	{}	# 35
2	inc	LOAD	0	3	0	12	3	0	{}	# 36
0	3	LOAD	10	4	0	0	4	1	{}	# 37
1	2	STORE	0	4	0	0	0	0	{}	# 38
1	3	FLUSH	-	4	0	0	4	1	{}	# 39
3	3	LOAD	13	3	0	0	3	0	{(0,4)}	# 40
3	4	SUBI	1	4	0	0	3	0	{}	# 41
3	5	STORE	13	3	0	0	3	0	{}	# 42
3	6	FLUSH	-	3	0	13	3	1	{}	# 43
3	6	JNZ	inc	3	0	13	3	0	{(13,3)}	# 44
3	inc	LOAD	0	3	0	13	3	0	{}	# 45
1	3	LOAD	11	4	0	0	4	0	{}	# 46
1	4	SUBI	1	4	0	0	4	0	{}	# 47
0	4	SUBI	1	2	0	0	4	1	{}	# 48
3	1	ADDI	1	4	0	13	3	0	{}	# 49
2	1	ADDI	1	3	0	12	3	0	{}	# 50
2	2	STORE	0	4	0	12	3	0	{}	# 51
3	2	STORE	0	5	0	13	3	0	{}	# 52
3	3	FLUSH	-	5	0	0	5	1	{}	# 53
1	5	STORE	11	3	0	0	4	0	{(0,5)}	# 54
3	3	LOAD	13	5	0	0	5	0	{}	# 55
2	3	LOAD	12	4	0	0	4	1	{}	# 56
3	4	SUBI	1	3	0	0	5	0	{}	# 57
0	5	FLUSH	-	1	0	0	4	1	{}	# 58
2	4	SUBI	1	3	0	0	4	1	{(0,4)}	# 59
2	5	FLUSH	-	2	0	0	4	1	{}	# 60
1	6	FLUSH	-	3	0	11	3	1	{(0,4)}	# 61
0	5	STORE	10	1	0	0	4	0	{(11,3)}	# 62
3	5	STORE	13	2	0	0	5	0	{}	# 63
4	0	CHECK	0	0	0	0	0	0	{}	# 64
3	6	FLUSH	-	2	0	13	2	1	{}	# 65
3	6	JNZ	inc	2	0	13	2	0	{(13,2)}	# 66
3	inc	LOAD	0	2	0	13	2	0	{}	# 67
3	1	ADDI	1	4	0	13	2	0	{}	# 68
0	6	JNZ	inc	1	0	10	1	1	{}	# 69
2	5	STORE	12	2	0	0	4	0	{}	# 70
0	inc	FLUSH	-	1	0	10	1	1	{}	# 71
0	inc	LOAD	0	1	0	10	1	0	{(10,1)}	# 72
0	1	ADDI	1	4	0	10	1	0	{}	# 73
0	2	STORE	0	5	0	10	1	0	{}	# 74
0	3	LOAD	10	5	0	0	5	1	{}	# 75
3	2	STORE	0	5	0	13	2	0	{}	# 76
3	3	LOAD	13	5	0	0	5	1	{}	# 77
3	4	FLUSH	-	2	0	0	5	1	{}	# 78
2	6	FLUSH	-	2	0	12	2	1	{(0,5)}	# 79
0	4	SUBI	1	1	0	0	5	1	{(12,2)}	# 80
3	4	SUBI	1	2	0	0	5	0	{}	# 81
3	5	STORE	13	1	0	0	5	0	{}	# 82
0	5	FLUSH	-	0	0	0	5	1	{}	# 83
0	5	STORE	10	0	0	0	5	0	{(0,5)}	# 84
2	6	JNZ	inc	2	0	12	2	0	{}	# 85
0	6	JNZ	inc	0	0	10	0	1	{}	# 86
3	6	JNZ	inc	1	0	13	1	1	{}	# 87
3	inc	FLUSH	-	1	0	13	1	1	{}	# 88
0	7	FLUSH	-	0	0	10	0	1	{(13,1)}	# 89
3	inc	LOAD	0	1	0	13	1	0	{(10,0)}	# 90
3	1	ADDI	1	5	0	13	1	0	{}	# 91
3	2	STORE	0	6	0	13	1	0	{}	# 92
3	3	LOAD	13	6	0	0	6	1	{}	# 93
3	4	FLUSH	-	1	0	0	6	1	{}	# 94
0	7	CHECK	0	0	0	10	0	0	{(0,6)}	# 95
1	6	JNZ	inc	3	0	11	3	0	{}	# 96
3	4	SUBI	1	1	0	0	6	0	{}	# 97
2	inc	LOAD	0	2	0	12	2	0	{}	# 98
3	5	STORE	13	0	0	0	6	0	{}	# 99
1	inc	LOAD	0	3	0	11	3	0	{}	# 100
1	1	ADDI	1	6	0	11	3	0	{}	# 101
3	6	FLUSH	-	0	0	13	0	1	{}	# 102
3	6	JNZ	inc	0	0	13	0	0	{(13,0)}	# 103
3	7	CHECK	0	0	0	13	0	0	{}	# 104
1	2	STORE	0	7	0	11	3	0	{}	# 105
2	1	ADDI	1	6	0	12	2	0	{}	# 106
1	3	LOAD	11	7	0	0	7	1	{}	# 107
1	4	FLUSH	-	3	0	0	7	1	{}	# 108
1	4	SUBI	1	3	0	0	7	0	{(0,7)}	# 109
1	5	STORE	11	2	0	0	7	0	{}	# 110
1	6	FLUSH	-	2	0	11	2	1	{}	# 111
1	6	JNZ	inc	2	0	11	2	0	{(11,2)}	# 112
1	inc	LOAD	0	2	0	11	2	0	{}	# 113
2	2	STORE	0	7	0	12	2	0	{}	# 114
2	3	FLUSH	-	7	0	0	7	1	{}	# 115
1	1	ADDI	1	7	0	11	2	0	{(0,7)}	# 116
1	2	STORE	0	8	0	11	2	0	{}	# 117
1	3	FLUSH	-	8	0	0	8	1	{}	# 118
1	3	LOAD	11	8	0	0	8	0	{(0,8)}	# 119
1	4	SUBI	1	2	0	0	8	0	{}	# 120
2	3	LOAD	12	7	0	0	7	0	{}	# 121
2	4	SUBI	1	2	0	0	7	0	{}	# 122
1	5	STORE	11	1	0	0	8	0	{}	# 123
1	6	JNZ	inc	1	0	11	1	1	{}	# 124
1	inc	FLUSH	-	1	0	11	1	1	{}	# 125
2	5	STORE	12	1	0	0	7	0	{(11,1)}	# 126
2	6	FLUSH	-	1	0	12	1	1	{}	# 127
2	6	JNZ	inc	1	0	12	1	0	{(12,1)}	# 128
1	inc	LOAD	0	1	0	11	1	0	{}	# 129
1	1	ADDI	1	8	0	11	1	0	{}	# 130
1	2	STORE	0	9	0	11	1	0	{}	# 131
1	3	FLUSH	-	9	0	0	9	1	{}	# 132
1	3	LOAD	11	9	0	0	9	0	{(0,9)}	# 133
1	4	SUBI	1	1	0	0	9	0	{}	# 134
1	5	STORE	11	0	0	0	9	0	{}	# 135
1	6	JNZ	inc	0	0	11	0	1	{}	# 136
2	inc	LOAD	0	1	0	12	1	0	{}	# 137
2	1	ADDI	1	9	0	12	1	0	{}	# 138
1	7	FLUSH	-	0	0	11	0	1	{}	# 139
2	2	STORE	0	10	0	12	1	0	{(11,0)}	# 140
2	3	FLUSH	-	10	0	0	10	1	{}	# 141
2	3	LOAD	12	10	0	0	10	0	{(0,10)}	# 142
2	4	SUBI	1	1	0	0	10	0	{}	# 143
2	5	STORE	12	0	0	0	10	0	{}	# 144
2	6	JNZ	inc	0	0	12	0	1	{}	# 145
1	7	CHECK	0	0	0	11	0	0	{}	# 146
2	7	FLUSH	-	0	0	12	0	1	{}	# 147
2	7	CHECK	0	0	0	12	0	0	{(12,0)}	# 148
2	8	HALT	-	0	0	12	0	0	{}	# 149
0	8	HALT	-	0	0	10	0	0	{}	# 150
1	8	HALT	-	0	0	11	0	0	{}	# 151
4	1	ADDI	16	0	0	0	0	0	{}	# 152
4	2	CMP	0	16	0	0	0	0	{}	# 153
4	3	JNZ	error	6	0	0	0	0	{}	# 154
4	error	EXIT	1	6	0	0	0	0	{}	# 155
