[runlim] version:		1.21
[runlim] host:			c3n13
[runlim] time limit:		86400 seconds
[runlim] real time limit:	86400 seconds
[runlim] space limit:		8000 MB
[runlim] argv[0]:		concubine
[runlim] argv[1]:		solve
[runlim] argv[2]:		-v
[runlim] argv[3]:		-s
[runlim] argv[4]:		cvc4
[runlim] argv[5]:		-e
[runlim] argv[6]:		smtlib-relational
[runlim] argv[7]:		-m
[runlim] argv[8]:		init.mmap
[runlim] argv[9]:		-o
[runlim] argv[10]:		cvc4-relational
[runlim] argv[11]:		157
[runlim] argv[12]:		count_stat.buggy.0.asm
[runlim] argv[13]:		count_stat.buggy.1.asm
[runlim] argv[14]:		count_stat.buggy.2.asm
[runlim] argv[15]:		count_stat.buggy.3.asm
[runlim] argv[16]:		count_stat.checker.asm
[runlim] start:			Tue Dec  8 13:58:17 2020
[runlim] child:			17919
[runlim] end:			Tue Dec  8 13:58:23 2020
[runlim] status:		segmentation fault
[runlim] result:		4
[runlim] children:		1
[runlim] real:			6.63 seconds
[runlim] time:			0.00 seconds
[runlim] space:			5 MB
[runlim] samples:		66
[count_stat/run.sh] error: expected test to be sat
