[runlim] version:		1.21
[runlim] host:			c3n13
[runlim] time limit:		86400 seconds
[runlim] real time limit:	86400 seconds
[runlim] space limit:		8000 MB
[runlim] argv[0]:		concubine
[runlim] argv[1]:		solve
[runlim] argv[2]:		-v
[runlim] argv[3]:		-s
[runlim] argv[4]:		z3
[runlim] argv[5]:		-e
[runlim] argv[6]:		smtlib
[runlim] argv[7]:		-m
[runlim] argv[8]:		init.mmap
[runlim] argv[9]:		-o
[runlim] argv[10]:		z3-functional
[runlim] argv[11]:		157
[runlim] argv[12]:		count_stat.buggy.0.asm
[runlim] argv[13]:		count_stat.buggy.1.asm
[runlim] argv[14]:		count_stat.buggy.2.asm
[runlim] argv[15]:		count_stat.buggy.3.asm
[runlim] argv[16]:		count_stat.checker.asm
[runlim] start:			Thu Dec 10 16:20:26 2020
[runlim] child:			30467
[runlim] sample:		7.18 time, 10.01 real, 82 MB
[runlim] sample:		17.18 time, 20.01 real, 388 MB
[runlim] sample:		27.18 time, 30.01 real, 420 MB
[runlim] sample:		37.19 time, 40.01 real, 420 MB
[runlim] sample:		47.19 time, 50.01 real, 420 MB
[runlim] sample:		57.19 time, 60.01 real, 420 MB
