[runlim] version:		1.21
[runlim] host:			c3n13
[runlim] time limit:		86400 seconds
[runlim] real time limit:	86400 seconds
[runlim] space limit:		8000 MB
[runlim] argv[0]:		concubine
[runlim] argv[1]:		solve
[runlim] argv[2]:		-v
[runlim] argv[3]:		-s
[runlim] argv[4]:		z3
[runlim] argv[5]:		-e
[runlim] argv[6]:		smtlib-relational
[runlim] argv[7]:		-m
[runlim] argv[8]:		init.mmap
[runlim] argv[9]:		-o
[runlim] argv[10]:		z3-relational
[runlim] argv[11]:		157
[runlim] argv[12]:		count_stat.buggy.0.asm
[runlim] argv[13]:		count_stat.buggy.1.asm
[runlim] argv[14]:		count_stat.buggy.2.asm
[runlim] argv[15]:		count_stat.buggy.3.asm
[runlim] argv[16]:		count_stat.checker.asm
[runlim] start:			Thu Dec 10 16:20:26 2020
[runlim] child:			30468
[runlim] sample:		7.42 time, 10.01 real, 67 MB
[runlim] sample:		17.42 time, 20.01 real, 67 MB
[runlim] sample:		27.42 time, 30.01 real, 67 MB
[runlim] sample:		37.42 time, 40.01 real, 67 MB
[runlim] sample:		47.42 time, 50.01 real, 67 MB
[runlim] sample:		57.42 time, 60.01 real, 67 MB
[runlim] sample:		67.41 time, 70.01 real, 67 MB
[runlim] sample:		77.41 time, 80.01 real, 67 MB
[runlim] sample:		87.41 time, 90.01 real, 67 MB
[runlim] sample:		97.42 time, 100.01 real, 67 MB
[runlim] sample:		107.41 time, 110.01 real, 67 MB
[runlim] sample:		117.41 time, 120.01 real, 67 MB
[runlim] sample:		127.41 time, 130.01 real, 67 MB
[runlim] sample:		137.41 time, 140.01 real, 67 MB
[runlim] sample:		147.41 time, 150.01 real, 67 MB
[runlim] sample:		157.41 time, 160.01 real, 67 MB
[runlim] sample:		167.41 time, 170.01 real, 67 MB
[runlim] sample:		177.42 time, 180.01 real, 67 MB
[runlim] sample:		187.42 time, 190.01 real, 67 MB
[runlim] sample:		197.42 time, 200.01 real, 67 MB
[runlim] sample:		207.41 time, 210.01 real, 67 MB
[runlim] sample:		217.41 time, 220.01 real, 67 MB
[runlim] sample:		227.41 time, 230.01 real, 67 MB
[runlim] sample:		237.41 time, 240.01 real, 67 MB
[runlim] sample:		247.41 time, 250.01 real, 67 MB
[runlim] sample:		257.41 time, 260.01 real, 67 MB
[runlim] sample:		267.41 time, 270.01 real, 67 MB
[runlim] sample:		277.41 time, 280.01 real, 67 MB
[runlim] sample:		287.41 time, 290.01 real, 67 MB
[runlim] sample:		297.41 time, 300.01 real, 67 MB
[runlim] sample:		307.41 time, 310.01 real, 67 MB
[runlim] sample:		317.41 time, 320.01 real, 67 MB
[runlim] sample:		327.40 time, 330.01 real, 67 MB
[runlim] sample:		337.41 time, 340.01 real, 67 MB
[runlim] sample:		347.41 time, 350.01 real, 67 MB
[runlim] sample:		357.41 time, 360.01 real, 67 MB
[runlim] sample:		367.41 time, 370.01 real, 67 MB
[runlim] sample:		377.41 time, 380.01 real, 67 MB
[runlim] sample:		387.41 time, 390.01 real, 67 MB
[runlim] sample:		397.41 time, 400.01 real, 67 MB
[runlim] sample:		407.41 time, 410.01 real, 67 MB
[runlim] sample:		417.41 time, 420.01 real, 67 MB
[runlim] sample:		427.41 time, 430.01 real, 67 MB
[runlim] sample:		437.41 time, 440.01 real, 67 MB
[runlim] sample:		447.41 time, 450.01 real, 67 MB
[runlim] sample:		457.41 time, 460.01 real, 67 MB
[runlim] sample:		467.41 time, 470.01 real, 67 MB
[runlim] sample:		477.41 time, 480.01 real, 67 MB
[runlim] sample:		487.41 time, 490.01 real, 67 MB
[runlim] sample:		497.40 time, 500.01 real, 67 MB
[runlim] sample:		507.40 time, 510.01 real, 67 MB
[runlim] sample:		517.40 time, 520.01 real, 67 MB
[runlim] sample:		527.40 time, 530.01 real, 67 MB
[runlim] sample:		537.40 time, 540.01 real, 67 MB
[runlim] sample:		547.40 time, 550.01 real, 67 MB
[runlim] sample:		557.40 time, 560.01 real, 67 MB
[runlim] sample:		567.40 time, 570.01 real, 67 MB
[runlim] sample:		577.40 time, 580.01 real, 72 MB
[runlim] sample:		587.40 time, 590.01 real, 72 MB
[runlim] sample:		597.40 time, 600.01 real, 72 MB
[runlim] sample:		607.40 time, 610.01 real, 72 MB
[runlim] sample:		617.40 time, 620.01 real, 72 MB
[runlim] sample:		627.40 time, 630.01 real, 72 MB
[runlim] sample:		637.40 time, 640.01 real, 72 MB
[runlim] sample:		647.40 time, 650.01 real, 72 MB
[runlim] sample:		657.40 time, 660.01 real, 72 MB
[runlim] sample:		667.40 time, 670.01 real, 72 MB
[runlim] sample:		677.40 time, 680.01 real, 72 MB
[runlim] sample:		687.40 time, 690.01 real, 72 MB
[runlim] sample:		697.40 time, 700.01 real, 72 MB
[runlim] sample:		707.40 time, 710.01 real, 72 MB
[runlim] sample:		717.40 time, 720.01 real, 72 MB
[runlim] sample:		727.40 time, 730.01 real, 72 MB
[runlim] sample:		737.40 time, 740.01 real, 72 MB
[runlim] sample:		747.40 time, 750.01 real, 72 MB
[runlim] sample:		757.40 time, 760.01 real, 72 MB
[runlim] sample:		767.40 time, 770.01 real, 72 MB
[runlim] sample:		777.40 time, 780.01 real, 72 MB
[runlim] sample:		787.40 time, 790.01 real, 72 MB
[runlim] sample:		797.40 time, 800.01 real, 72 MB
[runlim] sample:		807.40 time, 810.01 real, 72 MB
[runlim] sample:		817.40 time, 820.01 real, 72 MB
[runlim] sample:		827.40 time, 830.01 real, 72 MB
[runlim] sample:		837.40 time, 840.01 real, 72 MB
[runlim] sample:		847.40 time, 850.01 real, 72 MB
[runlim] sample:		857.40 time, 860.01 real, 72 MB
[runlim] sample:		867.40 time, 870.01 real, 72 MB
[runlim] sample:		877.40 time, 880.01 real, 72 MB
[runlim] sample:		887.40 time, 890.01 real, 72 MB
[runlim] sample:		897.40 time, 900.01 real, 72 MB
[runlim] sample:		907.40 time, 910.01 real, 72 MB
[runlim] sample:		917.40 time, 920.01 real, 72 MB
[runlim] sample:		927.40 time, 930.01 real, 72 MB
[runlim] sample:		937.40 time, 940.01 real, 72 MB
[runlim] sample:		947.40 time, 950.01 real, 72 MB
[runlim] sample:		957.40 time, 960.01 real, 72 MB
[runlim] sample:		967.40 time, 970.01 real, 72 MB
[runlim] sample:		977.40 time, 980.01 real, 72 MB
[runlim] sample:		987.40 time, 990.01 real, 72 MB
[runlim] sample:		997.40 time, 1000.01 real, 72 MB
[runlim] sample:		1007.40 time, 1010.01 real, 72 MB
[runlim] sample:		1017.40 time, 1020.01 real, 72 MB
[runlim] sample:		1027.40 time, 1030.01 real, 72 MB
[runlim] sample:		1037.40 time, 1040.01 real, 72 MB
[runlim] sample:		1047.40 time, 1050.01 real, 72 MB
[runlim] sample:		1057.41 time, 1060.01 real, 72 MB
[runlim] sample:		1067.40 time, 1070.01 real, 185 MB
[runlim] sample:		1077.41 time, 1080.01 real, 188 MB
[runlim] sample:		1087.40 time, 1090.01 real, 190 MB
[runlim] sample:		1097.40 time, 1100.01 real, 192 MB
[runlim] sample:		1107.40 time, 1110.01 real, 193 MB
[runlim] sample:		1117.40 time, 1120.01 real, 198 MB
[runlim] sample:		1127.40 time, 1130.01 real, 199 MB
[runlim] sample:		1137.40 time, 1140.01 real, 201 MB
[runlim] sample:		1147.41 time, 1150.01 real, 202 MB
[runlim] sample:		1157.40 time, 1160.01 real, 203 MB
[runlim] sample:		1167.40 time, 1170.01 real, 204 MB
[runlim] sample:		1177.40 time, 1180.01 real, 205 MB
[runlim] sample:		1187.40 time, 1190.01 real, 206 MB
[runlim] sample:		1197.40 time, 1200.01 real, 207 MB
[runlim] sample:		1207.40 time, 1210.01 real, 208 MB
[runlim] sample:		1217.40 time, 1220.01 real, 210 MB
[runlim] sample:		1227.40 time, 1230.01 real, 210 MB
[runlim] sample:		1237.40 time, 1240.01 real, 212 MB
[runlim] sample:		1247.40 time, 1250.01 real, 212 MB
[runlim] sample:		1257.40 time, 1260.01 real, 212 MB
[runlim] sample:		1267.40 time, 1270.01 real, 213 MB
[runlim] sample:		1277.40 time, 1280.01 real, 213 MB
[runlim] sample:		1287.40 time, 1290.01 real, 214 MB
[runlim] sample:		1297.40 time, 1300.01 real, 215 MB
[runlim] sample:		1307.40 time, 1310.01 real, 215 MB
[runlim] sample:		1317.40 time, 1320.01 real, 215 MB
[runlim] sample:		1327.40 time, 1330.01 real, 216 MB
[runlim] sample:		1337.40 time, 1340.01 real, 216 MB
[runlim] sample:		1347.41 time, 1350.01 real, 216 MB
[runlim] sample:		1357.41 time, 1360.01 real, 217 MB
[runlim] sample:		1367.41 time, 1370.01 real, 217 MB
[runlim] sample:		1377.41 time, 1380.01 real, 217 MB
[runlim] sample:		1387.40 time, 1390.01 real, 218 MB
[runlim] sample:		1397.40 time, 1400.01 real, 231 MB
[runlim] sample:		1407.40 time, 1410.01 real, 232 MB
[runlim] sample:		1417.40 time, 1420.01 real, 232 MB
[runlim] sample:		1427.40 time, 1430.01 real, 232 MB
[runlim] sample:		1437.40 time, 1440.01 real, 234 MB
[runlim] sample:		1447.40 time, 1450.01 real, 234 MB
[runlim] sample:		1457.40 time, 1460.01 real, 234 MB
[runlim] sample:		1467.40 time, 1470.01 real, 234 MB
[runlim] sample:		1477.40 time, 1480.01 real, 235 MB
[runlim] sample:		1487.40 time, 1490.01 real, 237 MB
[runlim] sample:		1497.40 time, 1500.01 real, 237 MB
[runlim] sample:		1507.40 time, 1510.01 real, 237 MB
[runlim] sample:		1517.40 time, 1520.01 real, 237 MB
[runlim] sample:		1527.40 time, 1530.01 real, 237 MB
[runlim] sample:		1537.40 time, 1540.01 real, 237 MB
[runlim] sample:		1547.40 time, 1550.01 real, 244 MB
[runlim] sample:		1557.40 time, 1560.01 real, 244 MB
[runlim] sample:		1567.40 time, 1570.01 real, 244 MB
[runlim] sample:		1577.40 time, 1580.01 real, 244 MB
[runlim] sample:		1587.40 time, 1590.01 real, 244 MB
[runlim] sample:		1597.40 time, 1600.01 real, 244 MB
[runlim] sample:		1607.40 time, 1610.01 real, 244 MB
[runlim] sample:		1617.40 time, 1620.01 real, 245 MB
[runlim] sample:		1627.40 time, 1630.01 real, 245 MB
[runlim] sample:		1637.40 time, 1640.01 real, 245 MB
[runlim] sample:		1647.40 time, 1650.01 real, 246 MB
[runlim] sample:		1657.40 time, 1660.01 real, 251 MB
[runlim] sample:		1667.40 time, 1670.01 real, 251 MB
[runlim] sample:		1677.40 time, 1680.01 real, 251 MB
[runlim] sample:		1687.40 time, 1690.01 real, 251 MB
[runlim] sample:		1697.40 time, 1700.01 real, 252 MB
[runlim] sample:		1707.40 time, 1710.01 real, 252 MB
[runlim] sample:		1717.40 time, 1720.01 real, 252 MB
[runlim] sample:		1727.40 time, 1730.01 real, 252 MB
[runlim] sample:		1737.40 time, 1740.01 real, 253 MB
[runlim] sample:		1747.40 time, 1750.01 real, 253 MB
[runlim] sample:		1757.40 time, 1760.01 real, 253 MB
[runlim] sample:		1767.40 time, 1770.01 real, 253 MB
[runlim] sample:		1777.40 time, 1780.01 real, 253 MB
[runlim] sample:		1787.40 time, 1790.01 real, 253 MB
[runlim] sample:		1797.40 time, 1800.01 real, 253 MB
[runlim] sample:		1807.40 time, 1810.01 real, 253 MB
[runlim] sample:		1817.40 time, 1820.01 real, 254 MB
[runlim] sample:		1827.40 time, 1830.01 real, 255 MB
[runlim] sample:		1837.40 time, 1840.01 real, 255 MB
[runlim] sample:		1847.40 time, 1850.01 real, 255 MB
[runlim] sample:		1857.40 time, 1860.01 real, 255 MB
[runlim] sample:		1867.40 time, 1870.01 real, 257 MB
[runlim] sample:		1877.40 time, 1880.01 real, 257 MB
[runlim] sample:		1887.40 time, 1890.01 real, 258 MB
[runlim] sample:		1897.39 time, 1900.01 real, 258 MB
[runlim] sample:		1907.40 time, 1910.01 real, 261 MB
[runlim] sample:		1917.40 time, 1920.01 real, 261 MB
[runlim] sample:		1927.40 time, 1930.01 real, 261 MB
[runlim] sample:		1937.40 time, 1940.01 real, 261 MB
[runlim] sample:		1947.40 time, 1950.01 real, 261 MB
[runlim] sample:		1957.40 time, 1960.01 real, 261 MB
[runlim] sample:		1967.40 time, 1970.01 real, 261 MB
[runlim] sample:		1977.40 time, 1980.01 real, 261 MB
[runlim] sample:		1987.40 time, 1990.01 real, 261 MB
[runlim] sample:		1997.40 time, 2000.01 real, 262 MB
[runlim] sample:		2007.40 time, 2010.01 real, 263 MB
[runlim] sample:		2017.39 time, 2020.01 real, 264 MB
[runlim] sample:		2027.40 time, 2030.01 real, 264 MB
[runlim] sample:		2037.39 time, 2040.01 real, 264 MB
[runlim] sample:		2047.40 time, 2050.01 real, 264 MB
[runlim] sample:		2057.40 time, 2060.01 real, 264 MB
[runlim] sample:		2067.40 time, 2070.01 real, 264 MB
[runlim] sample:		2077.39 time, 2080.01 real, 264 MB
[runlim] sample:		2087.40 time, 2090.01 real, 264 MB
[runlim] sample:		2097.40 time, 2100.01 real, 264 MB
[runlim] sample:		2107.40 time, 2110.01 real, 264 MB
[runlim] sample:		2117.39 time, 2120.01 real, 264 MB
[runlim] sample:		2127.39 time, 2130.01 real, 264 MB
[runlim] sample:		2137.40 time, 2140.01 real, 264 MB
[runlim] sample:		2147.39 time, 2150.01 real, 264 MB
[runlim] sample:		2157.39 time, 2160.01 real, 264 MB
[runlim] sample:		2167.40 time, 2170.01 real, 265 MB
[runlim] sample:		2177.39 time, 2180.01 real, 265 MB
[runlim] sample:		2187.39 time, 2190.01 real, 265 MB
[runlim] sample:		2197.39 time, 2200.01 real, 265 MB
[runlim] sample:		2207.39 time, 2210.01 real, 265 MB
[runlim] sample:		2217.39 time, 2220.01 real, 265 MB
[runlim] sample:		2227.39 time, 2230.01 real, 265 MB
[runlim] sample:		2237.39 time, 2240.01 real, 265 MB
[runlim] sample:		2247.39 time, 2250.01 real, 266 MB
[runlim] sample:		2257.39 time, 2260.01 real, 266 MB
[runlim] sample:		2267.39 time, 2270.01 real, 266 MB
[runlim] sample:		2277.39 time, 2280.01 real, 266 MB
[runlim] sample:		2287.39 time, 2290.01 real, 270 MB
[runlim] sample:		2297.39 time, 2300.01 real, 270 MB
[runlim] sample:		2307.39 time, 2310.01 real, 270 MB
[runlim] sample:		2317.39 time, 2320.01 real, 272 MB
[runlim] sample:		2327.39 time, 2330.01 real, 273 MB
[runlim] sample:		2337.39 time, 2340.01 real, 273 MB
[runlim] sample:		2347.39 time, 2350.01 real, 274 MB
[runlim] sample:		2357.40 time, 2360.01 real, 277 MB
[runlim] sample:		2367.39 time, 2370.01 real, 277 MB
[runlim] sample:		2377.39 time, 2380.01 real, 277 MB
[runlim] sample:		2387.39 time, 2390.01 real, 277 MB
[runlim] sample:		2397.39 time, 2400.01 real, 277 MB
[runlim] sample:		2407.39 time, 2410.01 real, 277 MB
[runlim] sample:		2417.39 time, 2420.01 real, 277 MB
[runlim] sample:		2427.39 time, 2430.01 real, 277 MB
[runlim] sample:		2437.39 time, 2440.01 real, 277 MB
[runlim] sample:		2447.39 time, 2450.01 real, 277 MB
[runlim] sample:		2457.39 time, 2460.01 real, 277 MB
[runlim] sample:		2467.39 time, 2470.01 real, 277 MB
[runlim] sample:		2477.39 time, 2480.01 real, 277 MB
[runlim] sample:		2487.39 time, 2490.01 real, 277 MB
[runlim] sample:		2497.39 time, 2500.01 real, 279 MB
[runlim] sample:		2507.39 time, 2510.01 real, 279 MB
[runlim] sample:		2517.39 time, 2520.01 real, 279 MB
[runlim] sample:		2527.39 time, 2530.01 real, 279 MB
[runlim] sample:		2537.39 time, 2540.01 real, 279 MB
[runlim] sample:		2547.39 time, 2550.01 real, 279 MB
[runlim] sample:		2557.39 time, 2560.01 real, 285 MB
[runlim] sample:		2567.39 time, 2570.01 real, 285 MB
[runlim] sample:		2577.39 time, 2580.01 real, 285 MB
[runlim] sample:		2587.39 time, 2590.01 real, 285 MB
[runlim] sample:		2597.39 time, 2600.01 real, 285 MB
[runlim] sample:		2607.39 time, 2610.01 real, 285 MB
[runlim] sample:		2617.39 time, 2620.01 real, 285 MB
[runlim] sample:		2627.39 time, 2630.01 real, 285 MB
[runlim] sample:		2637.39 time, 2640.01 real, 285 MB
[runlim] sample:		2647.39 time, 2650.01 real, 285 MB
[runlim] sample:		2657.39 time, 2660.01 real, 285 MB
[runlim] sample:		2667.39 time, 2670.01 real, 285 MB
[runlim] sample:		2677.39 time, 2680.01 real, 285 MB
[runlim] sample:		2687.39 time, 2690.01 real, 285 MB
[runlim] sample:		2697.39 time, 2700.01 real, 285 MB
[runlim] sample:		2707.39 time, 2710.01 real, 285 MB
[runlim] sample:		2717.39 time, 2720.01 real, 285 MB
[runlim] sample:		2727.39 time, 2730.01 real, 285 MB
[runlim] sample:		2737.39 time, 2740.01 real, 285 MB
[runlim] sample:		2747.39 time, 2750.01 real, 285 MB
[runlim] sample:		2757.39 time, 2760.01 real, 285 MB
[runlim] sample:		2767.39 time, 2770.01 real, 285 MB
[runlim] sample:		2777.39 time, 2780.01 real, 285 MB
[runlim] sample:		2787.39 time, 2790.01 real, 285 MB
[runlim] sample:		2797.39 time, 2800.01 real, 285 MB
[runlim] sample:		2807.39 time, 2810.01 real, 286 MB
[runlim] sample:		2817.39 time, 2820.01 real, 286 MB
[runlim] sample:		2827.39 time, 2830.01 real, 286 MB
[runlim] sample:		2837.39 time, 2840.01 real, 286 MB
[runlim] sample:		2847.39 time, 2850.01 real, 286 MB
[runlim] sample:		2857.39 time, 2860.01 real, 286 MB
[runlim] sample:		2867.39 time, 2870.01 real, 286 MB
[runlim] sample:		2877.39 time, 2880.01 real, 286 MB
[runlim] sample:		2887.39 time, 2890.01 real, 286 MB
[runlim] sample:		2897.39 time, 2900.01 real, 286 MB
[runlim] sample:		2907.39 time, 2910.01 real, 286 MB
[runlim] sample:		2917.39 time, 2920.01 real, 286 MB
[runlim] sample:		2927.39 time, 2930.01 real, 286 MB
[runlim] sample:		2937.39 time, 2940.01 real, 286 MB
[runlim] sample:		2947.39 time, 2950.01 real, 287 MB
[runlim] sample:		2957.39 time, 2960.01 real, 289 MB
[runlim] sample:		2967.38 time, 2970.01 real, 289 MB
[runlim] sample:		2977.39 time, 2980.01 real, 292 MB
[runlim] sample:		2987.39 time, 2990.01 real, 292 MB
[runlim] sample:		2997.39 time, 3000.01 real, 292 MB
[runlim] sample:		3007.39 time, 3010.01 real, 293 MB
[runlim] sample:		3017.39 time, 3020.01 real, 293 MB
[runlim] sample:		3027.39 time, 3030.01 real, 293 MB
[runlim] sample:		3037.39 time, 3040.01 real, 293 MB
[runlim] sample:		3047.39 time, 3050.01 real, 293 MB
[runlim] sample:		3057.39 time, 3060.01 real, 293 MB
[runlim] sample:		3067.39 time, 3070.01 real, 293 MB
[runlim] sample:		3077.39 time, 3080.01 real, 293 MB
[runlim] sample:		3087.39 time, 3090.01 real, 293 MB
[runlim] sample:		3097.39 time, 3100.01 real, 293 MB
[runlim] sample:		3107.39 time, 3110.01 real, 293 MB
[runlim] sample:		3117.39 time, 3120.01 real, 293 MB
[runlim] sample:		3127.39 time, 3130.01 real, 293 MB
[runlim] sample:		3137.39 time, 3140.01 real, 293 MB
[runlim] sample:		3147.39 time, 3150.01 real, 293 MB
[runlim] sample:		3157.39 time, 3160.01 real, 293 MB
[runlim] sample:		3167.38 time, 3170.01 real, 293 MB
[runlim] sample:		3177.38 time, 3180.01 real, 294 MB
[runlim] sample:		3187.39 time, 3190.01 real, 296 MB
[runlim] sample:		3197.39 time, 3200.01 real, 297 MB
[runlim] sample:		3207.39 time, 3210.01 real, 298 MB
[runlim] sample:		3217.39 time, 3220.01 real, 298 MB
[runlim] sample:		3227.39 time, 3230.01 real, 298 MB
[runlim] sample:		3237.39 time, 3240.01 real, 298 MB
[runlim] sample:		3247.39 time, 3250.01 real, 298 MB
[runlim] sample:		3257.39 time, 3260.01 real, 298 MB
[runlim] sample:		3267.39 time, 3270.01 real, 298 MB
[runlim] sample:		3277.39 time, 3280.01 real, 298 MB
[runlim] sample:		3287.39 time, 3290.01 real, 298 MB
[runlim] sample:		3297.39 time, 3300.01 real, 298 MB
[runlim] sample:		3307.39 time, 3310.01 real, 298 MB
[runlim] sample:		3317.39 time, 3320.01 real, 298 MB
[runlim] sample:		3327.39 time, 3330.01 real, 298 MB
[runlim] sample:		3337.39 time, 3340.01 real, 298 MB
[runlim] sample:		3347.39 time, 3350.01 real, 298 MB
[runlim] sample:		3357.39 time, 3360.01 real, 298 MB
[runlim] sample:		3367.39 time, 3370.01 real, 298 MB
[runlim] sample:		3377.39 time, 3380.01 real, 298 MB
[runlim] sample:		3387.39 time, 3390.01 real, 298 MB
[runlim] sample:		3397.38 time, 3400.01 real, 298 MB
[runlim] sample:		3407.38 time, 3410.01 real, 298 MB
[runlim] sample:		3417.38 time, 3420.01 real, 298 MB
[runlim] sample:		3427.38 time, 3430.01 real, 298 MB
[runlim] sample:		3437.38 time, 3440.01 real, 298 MB
[runlim] sample:		3447.38 time, 3450.01 real, 298 MB
[runlim] sample:		3457.38 time, 3460.01 real, 298 MB
[runlim] sample:		3467.38 time, 3470.01 real, 298 MB
[runlim] sample:		3477.38 time, 3480.01 real, 298 MB
[runlim] sample:		3487.38 time, 3490.01 real, 298 MB
[runlim] sample:		3497.38 time, 3500.01 real, 298 MB
[runlim] sample:		3507.38 time, 3510.01 real, 298 MB
[runlim] sample:		3517.38 time, 3520.01 real, 298 MB
[runlim] sample:		3527.38 time, 3530.01 real, 299 MB
[runlim] sample:		3537.38 time, 3540.01 real, 299 MB
[runlim] sample:		3547.38 time, 3550.01 real, 299 MB
[runlim] sample:		3557.38 time, 3560.01 real, 299 MB
[runlim] sample:		3567.38 time, 3570.01 real, 300 MB
[runlim] sample:		3577.38 time, 3580.01 real, 300 MB
[runlim] sample:		3587.38 time, 3590.01 real, 300 MB
[runlim] sample:		3597.38 time, 3600.01 real, 300 MB
[runlim] sample:		3607.38 time, 3610.01 real, 300 MB
[runlim] sample:		3617.37 time, 3620.01 real, 300 MB
[runlim] sample:		3627.38 time, 3630.01 real, 301 MB
[runlim] sample:		3637.38 time, 3640.01 real, 301 MB
[runlim] sample:		3647.38 time, 3650.01 real, 301 MB
[runlim] sample:		3657.38 time, 3660.01 real, 301 MB
[runlim] sample:		3667.38 time, 3670.01 real, 302 MB
[runlim] sample:		3677.38 time, 3680.01 real, 302 MB
[runlim] sample:		3687.38 time, 3690.01 real, 304 MB
[runlim] sample:		3697.38 time, 3700.01 real, 304 MB
[runlim] sample:		3707.38 time, 3710.01 real, 304 MB
[runlim] sample:		3717.38 time, 3720.01 real, 308 MB
[runlim] sample:		3727.38 time, 3730.01 real, 308 MB
[runlim] sample:		3737.38 time, 3740.01 real, 308 MB
[runlim] sample:		3747.38 time, 3750.01 real, 308 MB
[runlim] sample:		3757.38 time, 3760.01 real, 308 MB
[runlim] sample:		3767.38 time, 3770.01 real, 308 MB
[runlim] sample:		3777.38 time, 3780.01 real, 308 MB
[runlim] sample:		3787.38 time, 3790.01 real, 308 MB
[runlim] sample:		3797.38 time, 3800.01 real, 308 MB
[runlim] sample:		3807.38 time, 3810.01 real, 308 MB
[runlim] sample:		3817.38 time, 3820.01 real, 308 MB
[runlim] sample:		3827.37 time, 3830.01 real, 308 MB
[runlim] sample:		3837.37 time, 3840.01 real, 308 MB
[runlim] sample:		3847.37 time, 3850.01 real, 308 MB
[runlim] sample:		3857.37 time, 3860.01 real, 308 MB
[runlim] sample:		3867.37 time, 3870.01 real, 308 MB
[runlim] sample:		3877.37 time, 3880.01 real, 308 MB
[runlim] sample:		3887.37 time, 3890.01 real, 308 MB
[runlim] sample:		3897.37 time, 3900.01 real, 308 MB
[runlim] sample:		3907.37 time, 3910.01 real, 308 MB
[runlim] sample:		3917.37 time, 3920.01 real, 308 MB
[runlim] sample:		3927.37 time, 3930.01 real, 308 MB
[runlim] sample:		3937.38 time, 3940.01 real, 310 MB
[runlim] sample:		3947.38 time, 3950.01 real, 310 MB
[runlim] sample:		3957.38 time, 3960.01 real, 310 MB
[runlim] sample:		3967.38 time, 3970.01 real, 310 MB
[runlim] sample:		3977.38 time, 3980.01 real, 310 MB
[runlim] sample:		3987.38 time, 3990.01 real, 310 MB
[runlim] sample:		3997.38 time, 4000.01 real, 310 MB
[runlim] sample:		4007.38 time, 4010.01 real, 310 MB
[runlim] sample:		4017.38 time, 4020.01 real, 310 MB
[runlim] sample:		4027.38 time, 4030.01 real, 310 MB
[runlim] sample:		4037.38 time, 4040.01 real, 310 MB
[runlim] sample:		4047.38 time, 4050.01 real, 310 MB
[runlim] sample:		4057.38 time, 4060.01 real, 310 MB
[runlim] sample:		4067.38 time, 4070.01 real, 310 MB
[runlim] sample:		4077.38 time, 4080.01 real, 310 MB
[runlim] sample:		4087.38 time, 4090.01 real, 310 MB
[runlim] sample:		4097.38 time, 4100.01 real, 310 MB
[runlim] sample:		4107.37 time, 4110.01 real, 311 MB
[runlim] sample:		4117.37 time, 4120.01 real, 311 MB
[runlim] sample:		4127.37 time, 4130.01 real, 312 MB
[runlim] sample:		4137.37 time, 4140.01 real, 312 MB
[runlim] sample:		4147.37 time, 4150.01 real, 312 MB
[runlim] sample:		4157.37 time, 4160.01 real, 312 MB
[runlim] sample:		4167.37 time, 4170.01 real, 312 MB
[runlim] sample:		4177.37 time, 4180.01 real, 312 MB
[runlim] sample:		4187.37 time, 4190.01 real, 313 MB
[runlim] sample:		4197.37 time, 4200.01 real, 313 MB
[runlim] sample:		4207.37 time, 4210.01 real, 313 MB
[runlim] sample:		4217.37 time, 4220.01 real, 313 MB
[runlim] sample:		4227.37 time, 4230.01 real, 313 MB
[runlim] sample:		4237.37 time, 4240.01 real, 314 MB
[runlim] sample:		4247.37 time, 4250.01 real, 314 MB
[runlim] sample:		4257.37 time, 4260.01 real, 314 MB
[runlim] sample:		4267.38 time, 4270.01 real, 314 MB
[runlim] sample:		4277.38 time, 4280.01 real, 314 MB
[runlim] sample:		4287.38 time, 4290.01 real, 314 MB
[runlim] sample:		4297.38 time, 4300.01 real, 314 MB
[runlim] sample:		4307.38 time, 4310.01 real, 315 MB
[runlim] sample:		4317.38 time, 4320.01 real, 315 MB
[runlim] sample:		4327.38 time, 4330.01 real, 315 MB
[runlim] sample:		4337.38 time, 4340.01 real, 315 MB
[runlim] sample:		4347.37 time, 4350.01 real, 321 MB
[runlim] sample:		4357.37 time, 4360.01 real, 325 MB
[runlim] sample:		4367.37 time, 4370.01 real, 325 MB
[runlim] sample:		4377.37 time, 4380.01 real, 325 MB
[runlim] sample:		4387.37 time, 4390.01 real, 325 MB
[runlim] sample:		4397.37 time, 4400.01 real, 325 MB
[runlim] sample:		4407.37 time, 4410.01 real, 326 MB
[runlim] sample:		4417.37 time, 4420.01 real, 327 MB
[runlim] sample:		4427.37 time, 4430.01 real, 327 MB
[runlim] sample:		4437.37 time, 4440.01 real, 327 MB
[runlim] sample:		4447.38 time, 4450.01 real, 330 MB
[runlim] sample:		4457.38 time, 4460.01 real, 333 MB
[runlim] sample:		4467.37 time, 4470.01 real, 333 MB
[runlim] sample:		4477.37 time, 4480.01 real, 333 MB
[runlim] sample:		4487.37 time, 4490.01 real, 333 MB
[runlim] sample:		4497.37 time, 4500.01 real, 333 MB
[runlim] sample:		4507.37 time, 4510.01 real, 333 MB
[runlim] sample:		4517.37 time, 4520.01 real, 333 MB
[runlim] sample:		4527.37 time, 4530.01 real, 333 MB
[runlim] sample:		4537.37 time, 4540.01 real, 340 MB
[runlim] sample:		4547.37 time, 4550.01 real, 340 MB
[runlim] sample:		4557.37 time, 4560.01 real, 340 MB
[runlim] sample:		4567.37 time, 4570.01 real, 340 MB
[runlim] sample:		4577.37 time, 4580.01 real, 340 MB
[runlim] sample:		4587.37 time, 4590.01 real, 340 MB
[runlim] sample:		4597.37 time, 4600.01 real, 340 MB
[runlim] sample:		4607.37 time, 4610.01 real, 340 MB
[runlim] sample:		4617.37 time, 4620.01 real, 340 MB
[runlim] sample:		4627.37 time, 4630.01 real, 340 MB
[runlim] sample:		4637.37 time, 4640.01 real, 340 MB
[runlim] sample:		4647.37 time, 4650.01 real, 340 MB
[runlim] sample:		4657.37 time, 4660.01 real, 340 MB
[runlim] sample:		4667.37 time, 4670.01 real, 340 MB
[runlim] sample:		4677.37 time, 4680.01 real, 340 MB
[runlim] sample:		4687.37 time, 4690.01 real, 340 MB
[runlim] sample:		4697.37 time, 4700.01 real, 340 MB
[runlim] sample:		4707.37 time, 4710.01 real, 340 MB
[runlim] sample:		4717.37 time, 4720.01 real, 340 MB
[runlim] sample:		4727.37 time, 4730.01 real, 340 MB
[runlim] sample:		4737.37 time, 4740.01 real, 340 MB
[runlim] sample:		4747.37 time, 4750.01 real, 340 MB
[runlim] sample:		4757.37 time, 4760.01 real, 340 MB
[runlim] sample:		4767.37 time, 4770.01 real, 340 MB
[runlim] sample:		4777.37 time, 4780.01 real, 340 MB
[runlim] sample:		4787.37 time, 4790.01 real, 340 MB
[runlim] sample:		4797.37 time, 4800.01 real, 340 MB
[runlim] sample:		4807.37 time, 4810.01 real, 340 MB
[runlim] sample:		4817.37 time, 4820.01 real, 340 MB
[runlim] sample:		4827.37 time, 4830.01 real, 340 MB
[runlim] sample:		4837.37 time, 4840.01 real, 340 MB
[runlim] sample:		4847.37 time, 4850.01 real, 340 MB
[runlim] sample:		4857.37 time, 4860.01 real, 341 MB
[runlim] sample:		4867.37 time, 4870.01 real, 341 MB
[runlim] sample:		4877.37 time, 4880.01 real, 341 MB
[runlim] sample:		4887.37 time, 4890.01 real, 341 MB
[runlim] sample:		4897.37 time, 4900.01 real, 341 MB
[runlim] sample:		4907.37 time, 4910.01 real, 341 MB
[runlim] sample:		4917.37 time, 4920.01 real, 341 MB
[runlim] sample:		4927.37 time, 4930.01 real, 341 MB
[runlim] sample:		4937.37 time, 4940.01 real, 341 MB
[runlim] sample:		4947.37 time, 4950.01 real, 341 MB
[runlim] sample:		4957.37 time, 4960.01 real, 341 MB
[runlim] sample:		4967.37 time, 4970.01 real, 341 MB
[runlim] sample:		4977.37 time, 4980.01 real, 341 MB
[runlim] sample:		4987.37 time, 4990.01 real, 341 MB
[runlim] sample:		4997.37 time, 5000.01 real, 341 MB
[runlim] sample:		5007.37 time, 5010.01 real, 343 MB
[runlim] sample:		5017.37 time, 5020.01 real, 343 MB
[runlim] sample:		5027.37 time, 5030.01 real, 343 MB
[runlim] sample:		5037.37 time, 5040.01 real, 343 MB
[runlim] sample:		5047.37 time, 5050.01 real, 343 MB
[runlim] sample:		5057.37 time, 5060.01 real, 343 MB
[runlim] sample:		5067.37 time, 5070.01 real, 343 MB
[runlim] sample:		5077.37 time, 5080.01 real, 343 MB
[runlim] sample:		5087.37 time, 5090.01 real, 343 MB
[runlim] sample:		5097.37 time, 5100.01 real, 343 MB
[runlim] sample:		5107.37 time, 5110.01 real, 343 MB
[runlim] sample:		5117.37 time, 5120.01 real, 343 MB
[runlim] sample:		5127.37 time, 5130.01 real, 343 MB
[runlim] sample:		5137.37 time, 5140.01 real, 343 MB
[runlim] sample:		5147.37 time, 5150.01 real, 343 MB
[runlim] sample:		5157.37 time, 5160.01 real, 343 MB
[runlim] sample:		5167.37 time, 5170.01 real, 343 MB
[runlim] sample:		5177.37 time, 5180.01 real, 343 MB
[runlim] sample:		5187.37 time, 5190.01 real, 343 MB
[runlim] sample:		5197.37 time, 5200.01 real, 343 MB
[runlim] sample:		5207.37 time, 5210.01 real, 343 MB
[runlim] sample:		5217.37 time, 5220.01 real, 343 MB
[runlim] sample:		5227.37 time, 5230.01 real, 343 MB
[runlim] sample:		5237.37 time, 5240.01 real, 343 MB
[runlim] sample:		5247.37 time, 5250.01 real, 343 MB
[runlim] sample:		5257.37 time, 5260.01 real, 343 MB
[runlim] sample:		5267.37 time, 5270.01 real, 343 MB
[runlim] sample:		5277.37 time, 5280.01 real, 343 MB
[runlim] sample:		5287.37 time, 5290.01 real, 343 MB
[runlim] sample:		5297.37 time, 5300.01 real, 343 MB
[runlim] sample:		5307.37 time, 5310.01 real, 343 MB
[runlim] sample:		5317.37 time, 5320.01 real, 343 MB
[runlim] sample:		5327.37 time, 5330.01 real, 343 MB
[runlim] sample:		5337.37 time, 5340.01 real, 343 MB
[runlim] sample:		5347.37 time, 5350.01 real, 343 MB
[runlim] sample:		5357.37 time, 5360.01 real, 343 MB
[runlim] sample:		5367.37 time, 5370.01 real, 343 MB
[runlim] sample:		5377.37 time, 5380.01 real, 343 MB
[runlim] sample:		5387.37 time, 5390.01 real, 343 MB
[runlim] sample:		5397.37 time, 5400.01 real, 343 MB
[runlim] sample:		5407.37 time, 5410.01 real, 343 MB
[runlim] sample:		5417.36 time, 5420.01 real, 343 MB
[runlim] sample:		5427.36 time, 5430.01 real, 343 MB
[runlim] sample:		5437.36 time, 5440.01 real, 343 MB
[runlim] sample:		5447.36 time, 5450.01 real, 344 MB
[runlim] sample:		5457.36 time, 5460.01 real, 344 MB
[runlim] sample:		5467.36 time, 5470.01 real, 344 MB
[runlim] sample:		5477.36 time, 5480.01 real, 344 MB
[runlim] sample:		5487.36 time, 5490.01 real, 346 MB
[runlim] sample:		5497.36 time, 5500.01 real, 349 MB
[runlim] sample:		5507.37 time, 5510.01 real, 351 MB
[runlim] sample:		5517.37 time, 5520.01 real, 351 MB
[runlim] sample:		5527.37 time, 5530.01 real, 351 MB
[runlim] sample:		5537.37 time, 5540.01 real, 351 MB
[runlim] sample:		5547.37 time, 5550.01 real, 351 MB
[runlim] sample:		5557.37 time, 5560.01 real, 351 MB
[runlim] sample:		5567.37 time, 5570.01 real, 351 MB
[runlim] sample:		5577.36 time, 5580.01 real, 352 MB
[runlim] sample:		5587.36 time, 5590.01 real, 352 MB
[runlim] sample:		5597.36 time, 5600.01 real, 352 MB
[runlim] sample:		5607.36 time, 5610.01 real, 352 MB
[runlim] sample:		5617.36 time, 5620.01 real, 352 MB
[runlim] sample:		5627.36 time, 5630.01 real, 352 MB
[runlim] sample:		5637.36 time, 5640.01 real, 352 MB
[runlim] sample:		5647.36 time, 5650.01 real, 352 MB
[runlim] sample:		5657.36 time, 5660.01 real, 352 MB
[runlim] sample:		5667.36 time, 5670.01 real, 352 MB
[runlim] sample:		5677.36 time, 5680.01 real, 352 MB
[runlim] sample:		5687.36 time, 5690.01 real, 352 MB
[runlim] sample:		5697.36 time, 5700.01 real, 352 MB
[runlim] sample:		5707.36 time, 5710.01 real, 352 MB
[runlim] sample:		5717.36 time, 5720.01 real, 352 MB
[runlim] sample:		5727.36 time, 5730.01 real, 352 MB
[runlim] sample:		5737.36 time, 5740.01 real, 353 MB
[runlim] sample:		5747.36 time, 5750.01 real, 353 MB
[runlim] sample:		5757.36 time, 5760.01 real, 354 MB
[runlim] sample:		5767.36 time, 5770.01 real, 354 MB
[runlim] sample:		5777.36 time, 5780.01 real, 354 MB
[runlim] sample:		5787.36 time, 5790.01 real, 354 MB
[runlim] sample:		5797.36 time, 5800.01 real, 354 MB
[runlim] sample:		5807.36 time, 5810.01 real, 354 MB
[runlim] sample:		5817.36 time, 5820.01 real, 354 MB
[runlim] sample:		5827.36 time, 5830.01 real, 354 MB
[runlim] sample:		5837.36 time, 5840.01 real, 354 MB
[runlim] sample:		5847.36 time, 5850.01 real, 354 MB
[runlim] sample:		5857.36 time, 5860.01 real, 354 MB
[runlim] sample:		5867.37 time, 5870.01 real, 354 MB
[runlim] sample:		5877.37 time, 5880.01 real, 354 MB
[runlim] sample:		5887.36 time, 5890.01 real, 355 MB
[runlim] sample:		5897.36 time, 5900.01 real, 357 MB
[runlim] sample:		5907.36 time, 5910.01 real, 357 MB
[runlim] sample:		5917.36 time, 5920.01 real, 358 MB
[runlim] sample:		5927.36 time, 5930.01 real, 358 MB
[runlim] sample:		5937.36 time, 5940.01 real, 358 MB
[runlim] sample:		5947.36 time, 5950.01 real, 358 MB
[runlim] sample:		5957.36 time, 5960.01 real, 358 MB
[runlim] sample:		5967.36 time, 5970.01 real, 358 MB
[runlim] sample:		5977.36 time, 5980.01 real, 358 MB
[runlim] sample:		5987.36 time, 5990.01 real, 358 MB
[runlim] sample:		5997.36 time, 6000.01 real, 358 MB
[runlim] sample:		6007.36 time, 6010.01 real, 358 MB
[runlim] sample:		6017.36 time, 6020.01 real, 358 MB
[runlim] sample:		6027.36 time, 6030.01 real, 358 MB
[runlim] sample:		6037.36 time, 6040.01 real, 358 MB
[runlim] sample:		6047.36 time, 6050.01 real, 358 MB
[runlim] sample:		6057.36 time, 6060.01 real, 358 MB
[runlim] sample:		6067.36 time, 6070.01 real, 358 MB
[runlim] sample:		6077.36 time, 6080.01 real, 358 MB
[runlim] sample:		6087.36 time, 6090.01 real, 358 MB
[runlim] sample:		6097.36 time, 6100.01 real, 358 MB
[runlim] sample:		6107.36 time, 6110.01 real, 358 MB
[runlim] sample:		6117.36 time, 6120.01 real, 358 MB
[runlim] sample:		6127.36 time, 6130.01 real, 358 MB
[runlim] sample:		6137.36 time, 6140.01 real, 358 MB
[runlim] sample:		6147.36 time, 6150.01 real, 358 MB
[runlim] sample:		6157.36 time, 6160.01 real, 358 MB
[runlim] sample:		6167.36 time, 6170.01 real, 358 MB
[runlim] sample:		6177.36 time, 6180.01 real, 358 MB
[runlim] sample:		6187.36 time, 6190.01 real, 358 MB
[runlim] sample:		6197.36 time, 6200.01 real, 358 MB
[runlim] sample:		6207.36 time, 6210.01 real, 358 MB
[runlim] sample:		6217.36 time, 6220.01 real, 358 MB
[runlim] sample:		6227.36 time, 6230.01 real, 358 MB
[runlim] sample:		6237.36 time, 6240.01 real, 358 MB
[runlim] sample:		6247.36 time, 6250.01 real, 358 MB
[runlim] sample:		6257.36 time, 6260.01 real, 358 MB
[runlim] sample:		6267.36 time, 6270.01 real, 358 MB
[runlim] sample:		6277.36 time, 6280.01 real, 358 MB
[runlim] sample:		6287.36 time, 6290.01 real, 358 MB
[runlim] sample:		6297.36 time, 6300.01 real, 358 MB
[runlim] sample:		6307.36 time, 6310.01 real, 358 MB
[runlim] sample:		6317.36 time, 6320.01 real, 358 MB
[runlim] sample:		6327.36 time, 6330.01 real, 358 MB
[runlim] sample:		6337.36 time, 6340.01 real, 358 MB
[runlim] sample:		6347.36 time, 6350.01 real, 360 MB
[runlim] sample:		6357.36 time, 6360.01 real, 361 MB
[runlim] sample:		6367.36 time, 6370.01 real, 361 MB
[runlim] sample:		6377.36 time, 6380.01 real, 361 MB
[runlim] sample:		6387.36 time, 6390.01 real, 361 MB
[runlim] sample:		6397.36 time, 6400.01 real, 361 MB
[runlim] sample:		6407.36 time, 6410.01 real, 361 MB
[runlim] sample:		6417.36 time, 6420.01 real, 361 MB
[runlim] sample:		6427.36 time, 6430.01 real, 361 MB
[runlim] sample:		6437.36 time, 6440.01 real, 361 MB
[runlim] sample:		6447.36 time, 6450.01 real, 362 MB
[runlim] sample:		6457.36 time, 6460.01 real, 362 MB
[runlim] sample:		6467.36 time, 6470.01 real, 362 MB
[runlim] sample:		6477.36 time, 6480.01 real, 362 MB
[runlim] sample:		6487.36 time, 6490.01 real, 362 MB
[runlim] sample:		6497.36 time, 6500.01 real, 362 MB
[runlim] sample:		6507.36 time, 6510.01 real, 362 MB
[runlim] sample:		6517.36 time, 6520.01 real, 362 MB
[runlim] sample:		6527.36 time, 6530.01 real, 362 MB
[runlim] sample:		6537.36 time, 6540.01 real, 363 MB
[runlim] sample:		6547.36 time, 6550.01 real, 364 MB
[runlim] sample:		6557.36 time, 6560.01 real, 364 MB
[runlim] sample:		6567.36 time, 6570.01 real, 366 MB
[runlim] sample:		6577.36 time, 6580.01 real, 366 MB
[runlim] sample:		6587.36 time, 6590.01 real, 366 MB
[runlim] sample:		6597.36 time, 6600.01 real, 366 MB
[runlim] sample:		6607.36 time, 6610.01 real, 366 MB
[runlim] sample:		6617.36 time, 6620.01 real, 366 MB
[runlim] sample:		6627.36 time, 6630.01 real, 366 MB
[runlim] sample:		6637.36 time, 6640.01 real, 366 MB
[runlim] sample:		6647.36 time, 6650.01 real, 366 MB
[runlim] sample:		6657.36 time, 6660.01 real, 366 MB
[runlim] sample:		6667.36 time, 6670.01 real, 366 MB
[runlim] sample:		6677.36 time, 6680.01 real, 366 MB
[runlim] sample:		6687.36 time, 6690.01 real, 366 MB
[runlim] sample:		6697.36 time, 6700.01 real, 366 MB
[runlim] sample:		6707.36 time, 6710.01 real, 366 MB
[runlim] sample:		6717.36 time, 6720.01 real, 366 MB
[runlim] sample:		6727.36 time, 6730.01 real, 366 MB
[runlim] sample:		6737.36 time, 6740.01 real, 366 MB
[runlim] sample:		6747.36 time, 6750.01 real, 366 MB
[runlim] sample:		6757.36 time, 6760.01 real, 366 MB
[runlim] sample:		6767.36 time, 6770.01 real, 366 MB
[runlim] sample:		6777.36 time, 6780.01 real, 366 MB
[runlim] sample:		6787.36 time, 6790.01 real, 367 MB
[runlim] sample:		6797.36 time, 6800.01 real, 367 MB
[runlim] sample:		6807.36 time, 6810.01 real, 367 MB
[runlim] sample:		6817.36 time, 6820.01 real, 367 MB
[runlim] sample:		6827.36 time, 6830.01 real, 367 MB
[runlim] sample:		6837.36 time, 6840.01 real, 367 MB
[runlim] sample:		6847.36 time, 6850.01 real, 367 MB
[runlim] sample:		6857.36 time, 6860.01 real, 367 MB
[runlim] sample:		6867.36 time, 6870.01 real, 367 MB
[runlim] sample:		6877.36 time, 6880.01 real, 367 MB
[runlim] sample:		6887.36 time, 6890.01 real, 367 MB
[runlim] sample:		6897.36 time, 6900.01 real, 367 MB
[runlim] sample:		6907.36 time, 6910.01 real, 367 MB
[runlim] sample:		6917.36 time, 6920.01 real, 367 MB
[runlim] sample:		6927.36 time, 6930.01 real, 367 MB
[runlim] sample:		6937.36 time, 6940.01 real, 367 MB
[runlim] sample:		6947.36 time, 6950.01 real, 367 MB
[runlim] sample:		6957.36 time, 6960.01 real, 367 MB
[runlim] sample:		6967.36 time, 6970.01 real, 367 MB
[runlim] sample:		6977.36 time, 6980.01 real, 367 MB
[runlim] sample:		6987.36 time, 6990.01 real, 367 MB
[runlim] sample:		6997.36 time, 7000.01 real, 367 MB
[runlim] sample:		7007.36 time, 7010.01 real, 367 MB
[runlim] sample:		7017.36 time, 7020.01 real, 367 MB
[runlim] sample:		7027.36 time, 7030.01 real, 367 MB
[runlim] sample:		7037.36 time, 7040.01 real, 367 MB
[runlim] sample:		7047.36 time, 7050.01 real, 367 MB
[runlim] sample:		7057.36 time, 7060.01 real, 367 MB
[runlim] sample:		7067.36 time, 7070.01 real, 367 MB
[runlim] sample:		7077.36 time, 7080.01 real, 367 MB
[runlim] sample:		7087.36 time, 7090.01 real, 367 MB
[runlim] sample:		7097.36 time, 7100.01 real, 367 MB
[runlim] sample:		7107.36 time, 7110.01 real, 367 MB
[runlim] sample:		7117.36 time, 7120.01 real, 367 MB
[runlim] sample:		7127.35 time, 7130.01 real, 367 MB
[runlim] sample:		7137.35 time, 7140.01 real, 367 MB
[runlim] sample:		7147.35 time, 7150.01 real, 367 MB
[runlim] sample:		7157.35 time, 7160.01 real, 370 MB
[runlim] sample:		7167.35 time, 7170.01 real, 370 MB
[runlim] sample:		7177.35 time, 7180.01 real, 370 MB
[runlim] sample:		7187.35 time, 7190.01 real, 370 MB
[runlim] sample:		7197.35 time, 7200.01 real, 370 MB
[runlim] sample:		7207.35 time, 7210.01 real, 370 MB
[runlim] sample:		7217.35 time, 7220.01 real, 370 MB
[runlim] sample:		7227.35 time, 7230.01 real, 370 MB
[runlim] sample:		7237.35 time, 7240.01 real, 371 MB
[runlim] sample:		7247.35 time, 7250.01 real, 371 MB
[runlim] sample:		7257.35 time, 7260.01 real, 371 MB
[runlim] sample:		7267.35 time, 7270.01 real, 371 MB
[runlim] sample:		7277.35 time, 7280.01 real, 371 MB
[runlim] sample:		7287.35 time, 7290.01 real, 371 MB
[runlim] sample:		7297.35 time, 7300.01 real, 371 MB
[runlim] sample:		7307.35 time, 7310.01 real, 371 MB
[runlim] sample:		7317.35 time, 7320.01 real, 371 MB
[runlim] sample:		7327.35 time, 7330.01 real, 371 MB
[runlim] sample:		7337.35 time, 7340.01 real, 371 MB
[runlim] sample:		7347.35 time, 7350.01 real, 371 MB
[runlim] sample:		7357.35 time, 7360.01 real, 371 MB
[runlim] sample:		7367.35 time, 7370.01 real, 371 MB
[runlim] sample:		7377.35 time, 7380.01 real, 371 MB
[runlim] sample:		7387.35 time, 7390.01 real, 371 MB
[runlim] sample:		7397.35 time, 7400.01 real, 371 MB
[runlim] sample:		7407.35 time, 7410.01 real, 371 MB
[runlim] sample:		7417.35 time, 7420.01 real, 371 MB
[runlim] sample:		7427.35 time, 7430.01 real, 372 MB
[runlim] sample:		7437.35 time, 7440.01 real, 375 MB
[runlim] sample:		7447.35 time, 7450.01 real, 375 MB
[runlim] sample:		7457.35 time, 7460.01 real, 375 MB
[runlim] sample:		7467.35 time, 7470.01 real, 375 MB
[runlim] sample:		7477.35 time, 7480.01 real, 375 MB
[runlim] sample:		7487.35 time, 7490.01 real, 375 MB
[runlim] sample:		7497.35 time, 7500.01 real, 375 MB
[runlim] sample:		7507.35 time, 7510.01 real, 375 MB
[runlim] sample:		7517.35 time, 7520.01 real, 375 MB
[runlim] sample:		7527.35 time, 7530.01 real, 375 MB
[runlim] sample:		7537.35 time, 7540.01 real, 375 MB
[runlim] sample:		7547.35 time, 7550.01 real, 375 MB
[runlim] sample:		7557.35 time, 7560.01 real, 375 MB
[runlim] sample:		7567.35 time, 7570.01 real, 375 MB
[runlim] sample:		7577.35 time, 7580.01 real, 375 MB
[runlim] sample:		7587.35 time, 7590.01 real, 375 MB
[runlim] sample:		7597.35 time, 7600.01 real, 375 MB
[runlim] sample:		7607.35 time, 7610.01 real, 375 MB
[runlim] sample:		7617.35 time, 7620.01 real, 375 MB
[runlim] sample:		7627.35 time, 7630.01 real, 375 MB
[runlim] sample:		7637.35 time, 7640.01 real, 375 MB
[runlim] sample:		7647.35 time, 7650.01 real, 377 MB
[runlim] sample:		7657.35 time, 7660.01 real, 377 MB
[runlim] sample:		7667.35 time, 7670.01 real, 377 MB
[runlim] sample:		7677.35 time, 7680.01 real, 378 MB
[runlim] sample:		7687.35 time, 7690.01 real, 379 MB
[runlim] sample:		7697.35 time, 7700.01 real, 379 MB
[runlim] sample:		7707.35 time, 7710.01 real, 379 MB
[runlim] sample:		7717.35 time, 7720.01 real, 379 MB
[runlim] sample:		7727.35 time, 7730.01 real, 379 MB
[runlim] sample:		7737.35 time, 7740.01 real, 379 MB
[runlim] sample:		7747.35 time, 7750.01 real, 379 MB
[runlim] sample:		7757.35 time, 7760.01 real, 379 MB
[runlim] sample:		7767.35 time, 7770.01 real, 379 MB
[runlim] sample:		7777.35 time, 7780.01 real, 379 MB
[runlim] sample:		7787.35 time, 7790.01 real, 379 MB
[runlim] sample:		7797.35 time, 7800.01 real, 379 MB
[runlim] sample:		7807.35 time, 7810.01 real, 379 MB
[runlim] sample:		7817.35 time, 7820.01 real, 380 MB
[runlim] sample:		7827.35 time, 7830.01 real, 380 MB
[runlim] sample:		7837.35 time, 7840.01 real, 380 MB
[runlim] sample:		7847.35 time, 7850.01 real, 380 MB
[runlim] sample:		7857.35 time, 7860.01 real, 380 MB
[runlim] sample:		7867.35 time, 7870.01 real, 380 MB
[runlim] sample:		7877.35 time, 7880.01 real, 380 MB
[runlim] sample:		7887.35 time, 7890.01 real, 380 MB
[runlim] sample:		7897.35 time, 7900.01 real, 380 MB
[runlim] sample:		7907.35 time, 7910.01 real, 380 MB
[runlim] sample:		7917.34 time, 7920.01 real, 381 MB
[runlim] sample:		7927.35 time, 7930.01 real, 383 MB
[runlim] sample:		7937.35 time, 7940.01 real, 385 MB
[runlim] sample:		7947.35 time, 7950.01 real, 385 MB
[runlim] sample:		7957.35 time, 7960.01 real, 385 MB
[runlim] sample:		7967.35 time, 7970.01 real, 386 MB
[runlim] sample:		7977.35 time, 7980.01 real, 386 MB
[runlim] sample:		7987.35 time, 7990.01 real, 386 MB
[runlim] sample:		7997.35 time, 8000.01 real, 386 MB
[runlim] sample:		8007.35 time, 8010.01 real, 386 MB
[runlim] sample:		8017.35 time, 8020.01 real, 386 MB
[runlim] sample:		8027.35 time, 8030.01 real, 386 MB
[runlim] sample:		8037.35 time, 8040.01 real, 386 MB
[runlim] sample:		8047.35 time, 8050.01 real, 386 MB
[runlim] sample:		8057.35 time, 8060.01 real, 386 MB
[runlim] sample:		8067.35 time, 8070.01 real, 386 MB
[runlim] sample:		8077.35 time, 8080.01 real, 386 MB
[runlim] sample:		8087.35 time, 8090.01 real, 386 MB
[runlim] sample:		8097.35 time, 8100.01 real, 386 MB
[runlim] sample:		8107.35 time, 8110.01 real, 386 MB
[runlim] sample:		8117.35 time, 8120.01 real, 386 MB
[runlim] sample:		8127.35 time, 8130.01 real, 386 MB
[runlim] sample:		8137.34 time, 8140.01 real, 386 MB
[runlim] sample:		8147.34 time, 8150.01 real, 386 MB
[runlim] sample:		8157.34 time, 8160.01 real, 386 MB
[runlim] sample:		8167.34 time, 8170.01 real, 386 MB
[runlim] sample:		8177.35 time, 8180.01 real, 386 MB
[runlim] sample:		8187.35 time, 8190.01 real, 386 MB
[runlim] sample:		8197.35 time, 8200.01 real, 386 MB
[runlim] sample:		8207.35 time, 8210.01 real, 386 MB
[runlim] sample:		8217.35 time, 8220.01 real, 386 MB
[runlim] sample:		8227.35 time, 8230.01 real, 386 MB
[runlim] sample:		8237.34 time, 8240.01 real, 386 MB
[runlim] sample:		8247.34 time, 8250.01 real, 386 MB
[runlim] sample:		8257.34 time, 8260.01 real, 386 MB
[runlim] sample:		8267.34 time, 8270.01 real, 386 MB
[runlim] sample:		8277.35 time, 8280.01 real, 386 MB
[runlim] sample:		8287.35 time, 8290.01 real, 386 MB
[runlim] sample:		8297.35 time, 8300.01 real, 386 MB
[runlim] sample:		8307.35 time, 8310.01 real, 386 MB
[runlim] sample:		8317.35 time, 8320.01 real, 386 MB
[runlim] sample:		8327.35 time, 8330.01 real, 386 MB
[runlim] sample:		8337.35 time, 8340.01 real, 386 MB
[runlim] sample:		8347.35 time, 8350.01 real, 386 MB
[runlim] sample:		8357.35 time, 8360.01 real, 386 MB
[runlim] sample:		8367.35 time, 8370.01 real, 386 MB
[runlim] sample:		8377.35 time, 8380.01 real, 386 MB
[runlim] sample:		8387.35 time, 8390.01 real, 386 MB
[runlim] sample:		8397.34 time, 8400.01 real, 389 MB
[runlim] sample:		8407.34 time, 8410.01 real, 394 MB
[runlim] sample:		8417.34 time, 8420.01 real, 394 MB
[runlim] sample:		8427.34 time, 8430.01 real, 394 MB
[runlim] sample:		8437.34 time, 8440.01 real, 394 MB
[runlim] sample:		8447.34 time, 8450.01 real, 395 MB
[runlim] sample:		8457.34 time, 8460.01 real, 395 MB
[runlim] sample:		8467.34 time, 8470.01 real, 395 MB
[runlim] sample:		8477.34 time, 8480.01 real, 395 MB
[runlim] sample:		8487.34 time, 8490.01 real, 395 MB
[runlim] sample:		8497.34 time, 8500.01 real, 395 MB
[runlim] sample:		8507.34 time, 8510.01 real, 395 MB
[runlim] sample:		8517.34 time, 8520.01 real, 395 MB
[runlim] sample:		8527.34 time, 8530.01 real, 395 MB
[runlim] sample:		8537.34 time, 8540.01 real, 395 MB
[runlim] sample:		8547.34 time, 8550.01 real, 395 MB
[runlim] sample:		8557.34 time, 8560.01 real, 395 MB
[runlim] sample:		8567.34 time, 8570.01 real, 395 MB
[runlim] sample:		8577.34 time, 8580.01 real, 395 MB
[runlim] sample:		8587.34 time, 8590.01 real, 395 MB
[runlim] sample:		8597.34 time, 8600.01 real, 395 MB
[runlim] sample:		8607.34 time, 8610.01 real, 395 MB
[runlim] sample:		8617.34 time, 8620.01 real, 395 MB
[runlim] sample:		8627.34 time, 8630.01 real, 395 MB
[runlim] sample:		8637.34 time, 8640.01 real, 395 MB
[runlim] sample:		8647.34 time, 8650.01 real, 395 MB
[runlim] sample:		8657.34 time, 8660.01 real, 395 MB
[runlim] sample:		8667.34 time, 8670.01 real, 395 MB
[runlim] sample:		8677.34 time, 8680.01 real, 398 MB
[runlim] sample:		8687.34 time, 8690.01 real, 398 MB
[runlim] sample:		8697.34 time, 8700.01 real, 402 MB
[runlim] sample:		8707.34 time, 8710.01 real, 402 MB
[runlim] sample:		8717.34 time, 8720.01 real, 402 MB
[runlim] sample:		8727.34 time, 8730.01 real, 402 MB
[runlim] sample:		8737.34 time, 8740.01 real, 402 MB
[runlim] sample:		8747.34 time, 8750.01 real, 402 MB
[runlim] sample:		8757.34 time, 8760.01 real, 402 MB
[runlim] sample:		8767.34 time, 8770.01 real, 402 MB
[runlim] sample:		8777.34 time, 8780.01 real, 402 MB
[runlim] sample:		8787.34 time, 8790.01 real, 402 MB
[runlim] sample:		8797.34 time, 8800.01 real, 402 MB
[runlim] sample:		8807.34 time, 8810.01 real, 402 MB
[runlim] sample:		8817.34 time, 8820.01 real, 402 MB
[runlim] sample:		8827.34 time, 8830.01 real, 402 MB
[runlim] sample:		8837.34 time, 8840.01 real, 402 MB
[runlim] sample:		8847.34 time, 8850.01 real, 402 MB
[runlim] sample:		8857.34 time, 8860.01 real, 402 MB
[runlim] sample:		8867.34 time, 8870.01 real, 402 MB
[runlim] sample:		8877.34 time, 8880.01 real, 402 MB
[runlim] sample:		8887.34 time, 8890.01 real, 402 MB
[runlim] sample:		8897.34 time, 8900.01 real, 402 MB
[runlim] sample:		8907.34 time, 8910.01 real, 403 MB
[runlim] sample:		8917.34 time, 8920.01 real, 403 MB
[runlim] sample:		8927.34 time, 8930.01 real, 403 MB
[runlim] sample:		8937.34 time, 8940.01 real, 403 MB
[runlim] sample:		8947.34 time, 8950.01 real, 403 MB
[runlim] sample:		8957.34 time, 8960.01 real, 403 MB
[runlim] sample:		8967.34 time, 8970.01 real, 403 MB
[runlim] sample:		8977.34 time, 8980.01 real, 403 MB
[runlim] sample:		8987.34 time, 8990.01 real, 403 MB
[runlim] sample:		8997.34 time, 9000.01 real, 403 MB
[runlim] sample:		9007.34 time, 9010.01 real, 403 MB
[runlim] sample:		9017.34 time, 9020.01 real, 403 MB
[runlim] sample:		9027.34 time, 9030.01 real, 403 MB
[runlim] sample:		9037.34 time, 9040.01 real, 403 MB
[runlim] sample:		9047.34 time, 9050.01 real, 403 MB
[runlim] sample:		9057.34 time, 9060.01 real, 403 MB
[runlim] sample:		9067.34 time, 9070.01 real, 403 MB
[runlim] sample:		9077.34 time, 9080.01 real, 403 MB
[runlim] sample:		9087.34 time, 9090.01 real, 403 MB
[runlim] sample:		9097.34 time, 9100.01 real, 403 MB
[runlim] sample:		9107.34 time, 9110.01 real, 403 MB
[runlim] sample:		9117.34 time, 9120.01 real, 403 MB
[runlim] sample:		9127.34 time, 9130.01 real, 403 MB
[runlim] sample:		9137.34 time, 9140.01 real, 403 MB
[runlim] sample:		9147.34 time, 9150.01 real, 403 MB
