count_stat.buggy.0.asm
count_stat.buggy.1.asm
count_stat.buggy.2.asm
count_stat.buggy.3.asm
count_stat.checker.asm
. z3-relational.mmap
# tid	pc	cmd	arg	accu	mem	adr	val	full	heap
3	inc	LOAD	0	0	0	0	0	0	{}	# 0
2	inc	LOAD	0	0	0	0	0	0	{}	# 1
0	inc	LOAD	0	0	0	0	0	0	{}	# 2
3	1	ADDI	1	0	0	0	0	0	{}	# 3
3	2	STORE	0	1	0	0	0	0	{}	# 4
3	3	LOAD	13	1	0	0	1	1	{}	# 5
1	inc	LOAD	0	0	0	0	0	0	{}	# 6
2	1	ADDI	1	0	0	0	0	0	{}	# 7
2	2	STORE	0	1	0	0	0	0	{}	# 8
3	4	SUBI	1	4	0	0	1	1	{}	# 9
1	1	ADDI	1	0	0	0	0	0	{}	# 10
0	1	ADDI	1	0	0	0	0	0	{}	# 11
3	5	FLUSH	-	3	0	0	1	1	{}	# 12
3	5	STORE	13	3	0	0	1	0	{(0,1)}	# 13
2	3	FLUSH	-	1	0	0	1	1	{}	# 14
3	6	JNZ	inc	3	0	13	3	1	{(0,1)}	# 15
4	0	CHECK	0	0	0	0	0	0	{}	# 16
3	inc	FLUSH	-	3	0	13	3	1	{}	# 17
0	2	STORE	0	1	0	0	0	0	{(13,3)}	# 18
3	inc	LOAD	0	3	0	13	3	0	{}	# 19
0	3	LOAD	10	1	0	0	1	1	{}	# 20
0	4	FLUSH	-	4	0	0	1	1	{}	# 21
3	1	ADDI	1	1	0	13	3	0	{(0,1)}	# 22
2	3	LOAD	12	1	0	0	1	0	{}	# 23
3	2	STORE	0	2	0	13	3	0	{}	# 24
1	2	STORE	0	1	0	0	0	0	{}	# 25
2	4	SUBI	1	4	0	0	1	0	{}	# 26
2	5	STORE	12	3	0	0	1	0	{}	# 27
2	6	JNZ	inc	3	0	12	3	1	{}	# 28
0	4	SUBI	1	4	0	0	1	0	{}	# 29
0	5	STORE	10	3	0	0	1	0	{}	# 30
1	3	FLUSH	-	1	0	0	1	1	{}	# 31
2	inc	FLUSH	-	3	0	12	3	1	{(0,1)}	# 32
0	6	JNZ	inc	3	0	10	3	1	{(12,3)}	# 33
3	3	FLUSH	-	2	0	0	2	1	{}	# 34
2	inc	LOAD	0	3	0	12	3	0	{(0,2)}	# 35
2	1	ADDI	1	2	0	12	3	0	{}	# 36
3	3	LOAD	13	2	0	0	2	0	{}	# 37
3	4	SUBI	1	3	0	0	2	0	{}	# 38
1	3	LOAD	11	1	0	0	1	0	{}	# 39
1	4	SUBI	1	4	0	0	1	0	{}	# 40
1	5	STORE	11	3	0	0	1	0	{}	# 41
0	inc	LOAD	0	3	0	10	3	1	{}	# 42
0	1	FLUSH	-	2	0	10	3	1	{}	# 43
0	1	ADDI	1	2	0	10	3	0	{(10,3)}	# 44
1	6	FLUSH	-	3	0	11	3	1	{}	# 45
3	5	STORE	13	2	0	0	2	0	{(11,3)}	# 46
3	6	JNZ	inc	2	0	13	2	1	{}	# 47
3	inc	LOAD	0	2	0	13	2	1	{}	# 48
1	6	JNZ	inc	3	0	11	3	0	{}	# 49
1	inc	LOAD	0	3	0	11	3	0	{}	# 50
1	1	ADDI	1	2	0	11	3	0	{}	# 51
1	2	STORE	0	3	0	11	3	0	{}	# 52
0	2	STORE	0	3	0	10	3	0	{}	# 53
1	3	LOAD	11	3	0	0	3	1	{}	# 54
3	1	FLUSH	-	2	0	13	2	1	{}	# 55
1	4	FLUSH	-	3	0	0	3	1	{(13,2)}	# 56
1	4	SUBI	1	3	0	0	3	0	{(0,3)}	# 57
1	5	STORE	11	2	0	0	3	0	{}	# 58
1	6	JNZ	inc	2	0	11	2	1	{}	# 59
1	inc	LOAD	0	2	0	11	2	1	{}	# 60
2	2	STORE	0	3	0	12	3	0	{}	# 61
2	3	LOAD	12	3	0	0	3	1	{}	# 62
1	1	ADDI	1	3	0	11	2	1	{}	# 63
1	2	FLUSH	-	4	0	11	2	1	{}	# 64
1	2	STORE	0	4	0	11	2	0	{(11,2)}	# 65
1	3	FLUSH	-	4	0	0	4	1	{}	# 66
1	3	LOAD	11	4	0	0	4	0	{(0,4)}	# 67
1	4	SUBI	1	2	0	0	4	0	{}	# 68
1	5	STORE	11	1	0	0	4	0	{}	# 69
1	6	FLUSH	-	1	0	11	1	1	{}	# 70
1	6	JNZ	inc	1	0	11	1	0	{(11,1)}	# 71
1	inc	LOAD	0	1	0	11	1	0	{}	# 72
0	3	FLUSH	-	3	0	0	3	1	{}	# 73
1	1	ADDI	1	4	0	11	1	0	{(0,3)}	# 74
0	3	LOAD	10	3	0	0	3	0	{}	# 75
0	4	SUBI	1	3	0	0	3	0	{}	# 76
0	5	STORE	10	2	0	0	3	0	{}	# 77
0	6	FLUSH	-	2	0	10	2	1	{}	# 78
1	2	STORE	0	5	0	11	1	0	{(10,2)}	# 79
0	6	JNZ	inc	2	0	10	2	0	{}	# 80
3	1	ADDI	1	2	0	13	2	0	{}	# 81
2	4	SUBI	1	3	0	0	3	1	{}	# 82
0	inc	LOAD	0	2	0	10	2	0	{}	# 83
3	2	STORE	0	3	0	13	2	0	{}	# 84
1	3	FLUSH	-	5	0	0	5	1	{}	# 85
3	3	FLUSH	-	3	0	0	3	1	{(0,5)}	# 86
0	1	ADDI	1	3	0	10	2	0	{(0,3)}	# 87
2	5	FLUSH	-	2	0	0	3	1	{}	# 88
0	2	STORE	0	4	0	10	2	0	{(0,3)}	# 89
0	3	FLUSH	-	4	0	0	4	1	{}	# 90
3	3	LOAD	13	3	0	0	3	0	{(0,4)}	# 91
0	3	LOAD	10	4	0	0	4	0	{}	# 92
0	4	SUBI	1	2	0	0	4	0	{}	# 93
3	4	SUBI	1	2	0	0	3	0	{}	# 94
2	5	STORE	12	2	0	0	3	0	{}	# 95
2	6	FLUSH	-	2	0	12	2	1	{}	# 96
0	5	STORE	10	1	0	0	4	0	{(12,2)}	# 97
1	3	LOAD	11	5	0	0	5	0	{}	# 98
0	6	JNZ	inc	1	0	10	1	1	{}	# 99
3	5	STORE	13	1	0	0	3	0	{}	# 100
0	inc	LOAD	0	1	0	10	1	1	{}	# 101
3	6	FLUSH	-	1	0	13	1	1	{}	# 102
0	1	ADDI	1	4	0	10	1	1	{(13,1)}	# 103
0	2	FLUSH	-	5	0	10	1	1	{}	# 104
1	4	SUBI	1	1	0	0	5	0	{(10,1)}	# 105
2	6	JNZ	inc	2	0	12	2	0	{}	# 106
0	2	STORE	0	5	0	10	1	0	{}	# 107
0	3	LOAD	10	5	0	0	5	1	{}	# 108
0	4	SUBI	1	1	0	0	5	1	{}	# 109
3	6	JNZ	inc	1	0	13	1	0	{}	# 110
3	inc	LOAD	0	1	0	13	1	0	{}	# 111
0	5	FLUSH	-	0	0	0	5	1	{}	# 112
0	5	STORE	10	0	0	0	5	0	{(0,5)}	# 113
0	6	JNZ	inc	0	0	10	0	1	{}	# 114
2	inc	LOAD	0	2	0	12	2	0	{}	# 115
2	1	ADDI	1	5	0	12	2	0	{}	# 116
3	1	ADDI	1	4	0	13	1	0	{}	# 117
1	5	STORE	11	0	0	0	5	0	{}	# 118
1	6	FLUSH	-	0	0	11	0	1	{}	# 119
1	6	JNZ	inc	0	0	11	0	0	{(11,0)}	# 120
1	7	CHECK	0	0	0	11	0	0	{}	# 121
3	2	STORE	0	5	0	13	1	0	{}	# 122
3	3	LOAD	13	5	0	0	5	1	{}	# 123
0	7	FLUSH	-	0	0	10	0	1	{}	# 124
0	7	CHECK	0	0	0	10	0	0	{(10,0)}	# 125
2	2	STORE	0	6	0	12	2	0	{}	# 126
3	4	SUBI	1	1	0	0	5	1	{}	# 127
2	3	FLUSH	-	6	0	0	6	1	{}	# 128
3	5	FLUSH	-	0	0	0	5	1	{(0,6)}	# 129
2	3	LOAD	12	6	0	0	6	0	{(0,5)}	# 130
2	4	SUBI	1	2	0	0	6	0	{}	# 131
2	5	STORE	12	1	0	0	6	0	{}	# 132
2	6	JNZ	inc	1	0	12	1	1	{}	# 133
3	5	STORE	13	0	0	0	5	0	{}	# 134
3	6	FLUSH	-	0	0	13	0	1	{}	# 135
3	6	JNZ	inc	0	0	13	0	0	{(13,0)}	# 136
2	inc	LOAD	0	1	0	12	1	1	{}	# 137
2	1	ADDI	1	5	0	12	1	1	{}	# 138
2	2	FLUSH	-	6	0	12	1	1	{}	# 139
2	2	STORE	0	6	0	12	1	0	{(12,1)}	# 140
2	3	LOAD	12	6	0	0	6	1	{}	# 141
2	4	FLUSH	-	1	0	0	6	1	{}	# 142
2	4	SUBI	1	1	0	0	6	0	{(0,6)}	# 143
2	5	STORE	12	0	0	0	6	0	{}	# 144
2	6	JNZ	inc	0	0	12	0	1	{}	# 145
2	7	FLUSH	-	0	0	12	0	1	{}	# 146
2	7	CHECK	0	0	0	12	0	0	{(12,0)}	# 147
3	7	CHECK	0	0	0	13	0	0	{}	# 148
3	8	HALT	-	0	0	13	0	0	{}	# 149
1	8	HALT	-	0	0	11	0	0	{}	# 150
0	8	HALT	-	0	0	10	0	0	{}	# 151
4	1	ADDI	16	0	0	0	0	0	{}	# 152
4	2	CMP	0	16	0	0	0	0	{}	# 153
4	3	JNZ	error	10	0	0	0	0	{}	# 154
4	error	EXIT	1	10	0	0	0	0	{}	# 155
