count_stat.buggy.0.asm
count_stat.buggy.1.asm
count_stat.buggy.2.asm
count_stat.checker.asm
. boolector-relational.mmap
# tid	pc	cmd	arg	accu	mem	adr	val	full	heap
2	inc	LOAD	0	0	0	0	0	0	{}	# 0
0	inc	LOAD	0	0	0	0	0	0	{}	# 1
2	1	ADDI	1	0	0	0	0	0	{}	# 2
2	2	STORE	0	1	0	0	0	0	{}	# 3
0	1	ADDI	1	0	0	0	0	0	{}	# 4
0	2	STORE	0	1	0	0	0	0	{}	# 5
0	3	FLUSH	-	1	0	0	1	1	{}	# 6
1	inc	LOAD	0	0	0	0	0	0	{(0,1)}	# 7
1	1	ADDI	1	1	0	0	0	0	{}	# 8
1	2	STORE	0	2	0	0	0	0	{}	# 9
2	3	LOAD	12	1	0	0	1	1	{}	# 10
1	3	FLUSH	-	2	0	0	2	1	{}	# 11
1	3	LOAD	11	2	0	0	2	0	{(0,2)}	# 12
1	4	SUBI	1	2	0	0	2	0	{}	# 13
1	5	STORE	11	1	0	0	2	0	{}	# 14
0	3	LOAD	10	1	0	0	1	0	{}	# 15
0	4	SUBI	1	2	0	0	1	0	{}	# 16
0	5	STORE	10	1	0	0	1	0	{}	# 17
2	4	SUBI	1	2	0	0	1	1	{}	# 18
2	5	FLUSH	-	1	0	0	1	1	{}	# 19
2	5	STORE	12	1	0	0	1	0	{(0,1)}	# 20
2	6	JNZ	inc	1	0	12	1	1	{}	# 21
0	6	JNZ	inc	1	0	10	1	1	{}	# 22
0	inc	FLUSH	-	1	0	10	1	1	{}	# 23
0	inc	LOAD	0	1	0	10	1	0	{(10,1)}	# 24
0	1	ADDI	1	1	0	10	1	0	{}	# 25
0	2	STORE	0	2	0	10	1	0	{}	# 26
0	3	LOAD	10	2	0	0	2	1	{}	# 27
0	4	SUBI	1	1	0	0	2	1	{}	# 28
0	5	FLUSH	-	0	0	0	2	1	{}	# 29
0	5	STORE	10	0	0	0	2	0	{(0,2)}	# 30
0	6	JNZ	inc	0	0	10	0	1	{}	# 31
1	6	JNZ	inc	1	0	11	1	1	{}	# 32
1	inc	LOAD	0	1	0	11	1	1	{}	# 33
1	1	ADDI	1	2	0	11	1	1	{}	# 34
0	7	CHECK	0	0	0	10	0	1	{}	# 35
2	inc	LOAD	0	1	0	12	1	1	{}	# 36
1	2	FLUSH	-	3	0	11	1	1	{}	# 37
1	2	STORE	0	3	0	11	1	0	{(11,1)}	# 38
1	3	LOAD	11	3	0	0	3	1	{}	# 39
1	4	FLUSH	-	1	0	0	3	1	{}	# 40
1	4	SUBI	1	1	0	0	3	0	{(0,3)}	# 41
1	5	STORE	11	0	0	0	3	0	{}	# 42
1	6	JNZ	inc	0	0	11	0	1	{}	# 43
1	7	CHECK	0	0	0	11	0	1	{}	# 44
3	0	CHECK	0	0	0	0	0	0	{}	# 45
2	1	ADDI	1	2	0	12	1	1	{}	# 46
2	2	FLUSH	-	3	0	12	1	1	{}	# 47
1	8	FLUSH	-	0	0	11	0	1	{(12,1)}	# 48
2	2	STORE	0	3	0	12	1	0	{(11,0)}	# 49
2	3	LOAD	12	3	0	0	3	1	{}	# 50
2	4	FLUSH	-	1	0	0	3	1	{}	# 51
2	4	SUBI	1	1	0	0	3	0	{(0,3)}	# 52
2	5	STORE	12	0	0	0	3	0	{}	# 53
2	6	JNZ	inc	0	0	12	0	1	{}	# 54
2	7	CHECK	0	0	0	12	0	1	{}	# 55
1	8	HALT	-	0	0	11	0	0	{}	# 56
0	8	FLUSH	-	0	0	10	0	1	{}	# 57
2	8	FLUSH	-	0	0	12	0	1	{(10,0)}	# 58
0	8	HALT	-	0	0	10	0	0	{(12,0)}	# 59
2	8	HALT	-	0	0	12	0	0	{}	# 60
3	1	ADDI	6	0	0	0	0	0	{}	# 61
3	2	CMP	0	6	0	0	0	0	{}	# 62
3	3	JNZ	error	3	0	0	0	0	{}	# 63
3	error	EXIT	1	3	0	0	0	0	{}	# 64
