count_stat.buggy.0.asm
count_stat.buggy.1.asm
count_stat.buggy.2.asm
count_stat.checker.asm
. boolector-functional.mmap
# tid	pc	cmd	arg	accu	mem	adr	val	full	heap
3	0	CHECK	0	0	0	0	0	0	{}	# 0
2	inc	LOAD	0	0	0	0	0	0	{}	# 1
0	inc	LOAD	0	0	0	0	0	0	{}	# 2
0	1	ADDI	1	0	0	0	0	0	{}	# 3
0	2	STORE	0	1	0	0	0	0	{}	# 4
2	1	ADDI	1	0	0	0	0	0	{}	# 5
1	inc	LOAD	0	0	0	0	0	0	{}	# 6
1	1	ADDI	1	0	0	0	0	0	{}	# 7
2	2	STORE	0	1	0	0	0	0	{}	# 8
0	3	LOAD	10	1	0	0	1	1	{}	# 9
1	2	STORE	0	1	0	0	0	0	{}	# 10
1	3	LOAD	11	1	0	0	1	1	{}	# 11
2	3	LOAD	12	1	0	0	1	1	{}	# 12
0	4	SUBI	1	2	0	0	1	1	{}	# 13
0	5	FLUSH	-	1	0	0	1	1	{}	# 14
2	4	FLUSH	-	2	0	0	1	1	{(0,1)}	# 15
2	4	SUBI	1	2	0	0	1	0	{(0,1)}	# 16
2	5	STORE	12	1	0	0	1	0	{}	# 17
2	6	JNZ	inc	1	0	12	1	1	{}	# 18
2	inc	LOAD	0	1	0	12	1	1	{}	# 19
2	1	ADDI	1	1	0	12	1	1	{}	# 20
0	5	STORE	10	1	0	0	1	0	{}	# 21
1	4	SUBI	1	2	0	0	1	1	{}	# 22
2	2	FLUSH	-	2	0	12	1	1	{}	# 23
2	2	STORE	0	2	0	12	1	0	{(12,1)}	# 24
1	5	FLUSH	-	1	0	0	1	1	{}	# 25
2	3	LOAD	12	2	0	0	2	1	{(0,1)}	# 26
2	4	FLUSH	-	1	0	0	2	1	{}	# 27
0	6	FLUSH	-	1	0	10	1	1	{(0,2)}	# 28
2	4	SUBI	1	1	0	0	2	0	{(10,1)}	# 29
2	5	STORE	12	0	0	0	2	0	{}	# 30
0	6	JNZ	inc	1	0	10	1	0	{}	# 31
2	6	FLUSH	-	0	0	12	0	1	{}	# 32
2	6	JNZ	inc	0	0	12	0	0	{(12,0)}	# 33
0	inc	LOAD	0	1	0	10	1	0	{}	# 34
0	1	ADDI	1	2	0	10	1	0	{}	# 35
1	5	STORE	11	1	0	0	1	0	{}	# 36
2	7	CHECK	0	0	0	12	0	0	{}	# 37
0	2	STORE	0	3	0	10	1	0	{}	# 38
0	3	LOAD	10	3	0	0	3	1	{}	# 39
0	4	FLUSH	-	1	0	0	3	1	{}	# 40
0	4	SUBI	1	1	0	0	3	0	{(0,3)}	# 41
0	5	STORE	10	0	0	0	3	0	{}	# 42
0	6	JNZ	inc	0	0	10	0	1	{}	# 43
0	7	CHECK	0	0	0	10	0	1	{}	# 44
1	6	FLUSH	-	1	0	11	1	1	{}	# 45
0	8	FLUSH	-	0	0	10	0	1	{(11,1)}	# 46
1	6	JNZ	inc	1	0	11	1	0	{(10,0)}	# 47
1	inc	LOAD	0	1	0	11	1	0	{}	# 48
1	1	ADDI	1	3	0	11	1	0	{}	# 49
1	2	STORE	0	4	0	11	1	0	{}	# 50
1	3	FLUSH	-	4	0	0	4	1	{}	# 51
1	3	LOAD	11	4	0	0	4	0	{(0,4)}	# 52
1	4	SUBI	1	1	0	0	4	0	{}	# 53
1	5	STORE	11	0	0	0	4	0	{}	# 54
1	6	JNZ	inc	0	0	11	0	1	{}	# 55
1	7	CHECK	0	0	0	11	0	1	{}	# 56
2	8	HALT	-	0	0	12	0	0	{}	# 57
1	8	FLUSH	-	0	0	11	0	1	{}	# 58
0	8	HALT	-	0	0	10	0	0	{(11,0)}	# 59
1	8	HALT	-	0	0	11	0	0	{}	# 60
3	1	ADDI	6	0	0	0	0	0	{}	# 61
3	2	CMP	0	6	0	0	0	0	{}	# 62
3	3	JNZ	error	2	0	0	0	0	{}	# 63
3	error	EXIT	1	2	0	0	0	0	{}	# 64
