[runlim] version:		1.21
[runlim] host:			c3n32
[runlim] time limit:		86400 seconds
[runlim] real time limit:	86400 seconds
[runlim] space limit:		8000 MB
[runlim] argv[0]:		concubine
[runlim] argv[1]:		solve
[runlim] argv[2]:		-v
[runlim] argv[3]:		-s
[runlim] argv[4]:		z3
[runlim] argv[5]:		-e
[runlim] argv[6]:		smtlib
[runlim] argv[7]:		-m
[runlim] argv[8]:		init.mmap
[runlim] argv[9]:		-o
[runlim] argv[10]:		z3-functional
[runlim] argv[11]:		65
[runlim] argv[12]:		count_stat.buggy.0.asm
[runlim] argv[13]:		count_stat.buggy.1.asm
[runlim] argv[14]:		count_stat.buggy.2.asm
[runlim] argv[15]:		count_stat.checker.asm
[runlim] start:			Tue Dec  8 20:17:53 2020
[runlim] child:			19507
[runlim] sample:		5.96 time, 10.01 real, 216 MB
[runlim] sample:		15.96 time, 20.01 real, 226 MB
[runlim] sample:		25.97 time, 30.01 real, 240 MB
[runlim] sample:		35.96 time, 40.01 real, 245 MB
[runlim] sample:		45.96 time, 50.01 real, 248 MB
[runlim] sample:		55.96 time, 60.01 real, 249 MB
[runlim] sample:		65.96 time, 70.01 real, 249 MB
[runlim] sample:		75.96 time, 80.01 real, 249 MB
[runlim] sample:		85.97 time, 90.01 real, 253 MB
[runlim] sample:		95.97 time, 100.01 real, 253 MB
[runlim] sample:		105.97 time, 110.01 real, 254 MB
[runlim] sample:		115.97 time, 120.01 real, 254 MB
[runlim] sample:		125.97 time, 130.01 real, 254 MB
[runlim] sample:		135.97 time, 140.01 real, 255 MB
[runlim] sample:		145.97 time, 150.01 real, 255 MB
[runlim] sample:		155.97 time, 160.01 real, 255 MB
[runlim] sample:		165.97 time, 170.01 real, 255 MB
[runlim] sample:		175.97 time, 180.01 real, 256 MB
[runlim] sample:		185.97 time, 190.01 real, 256 MB
[runlim] sample:		195.97 time, 200.01 real, 257 MB
[runlim] sample:		205.97 time, 210.01 real, 257 MB
[runlim] sample:		215.97 time, 220.01 real, 257 MB
[runlim] sample:		225.97 time, 230.01 real, 258 MB
[runlim] sample:		235.97 time, 240.01 real, 258 MB
[runlim] sample:		245.96 time, 250.01 real, 258 MB
[runlim] sample:		255.96 time, 260.01 real, 259 MB
[runlim] sample:		265.96 time, 270.01 real, 259 MB
[runlim] sample:		275.96 time, 280.01 real, 259 MB
[runlim] sample:		285.96 time, 290.01 real, 260 MB
[runlim] sample:		295.96 time, 300.01 real, 261 MB
[runlim] sample:		305.96 time, 310.01 real, 261 MB
[runlim] sample:		315.96 time, 320.01 real, 261 MB
[runlim] sample:		325.96 time, 330.01 real, 261 MB
[runlim] sample:		335.96 time, 340.01 real, 262 MB
[runlim] sample:		345.97 time, 350.01 real, 262 MB
[runlim] sample:		355.97 time, 360.01 real, 262 MB
[runlim] sample:		365.97 time, 370.01 real, 262 MB
[runlim] sample:		375.97 time, 380.01 real, 262 MB
[runlim] sample:		385.97 time, 390.01 real, 263 MB
[runlim] sample:		395.97 time, 400.01 real, 263 MB
[runlim] sample:		405.97 time, 410.01 real, 263 MB
[runlim] sample:		415.97 time, 420.01 real, 263 MB
[runlim] sample:		425.97 time, 430.01 real, 264 MB
[runlim] sample:		435.97 time, 440.01 real, 264 MB
[runlim] sample:		445.97 time, 450.01 real, 264 MB
[runlim] sample:		455.97 time, 460.01 real, 264 MB
[runlim] sample:		465.97 time, 470.01 real, 264 MB
[runlim] sample:		475.97 time, 480.01 real, 264 MB
[runlim] sample:		485.97 time, 490.01 real, 265 MB
[runlim] sample:		495.97 time, 500.01 real, 265 MB
[runlim] sample:		505.97 time, 510.01 real, 268 MB
[runlim] sample:		515.97 time, 520.01 real, 268 MB
[runlim] sample:		525.97 time, 530.01 real, 268 MB
[runlim] sample:		535.97 time, 540.01 real, 268 MB
[runlim] sample:		545.97 time, 550.01 real, 268 MB
[runlim] sample:		555.97 time, 560.01 real, 269 MB
[runlim] sample:		565.97 time, 570.01 real, 270 MB
[runlim] sample:		575.97 time, 580.01 real, 270 MB
[runlim] sample:		585.97 time, 590.01 real, 270 MB
[runlim] sample:		595.97 time, 600.01 real, 270 MB
[runlim] sample:		605.97 time, 610.01 real, 270 MB
[runlim] sample:		615.97 time, 620.01 real, 270 MB
[runlim] sample:		625.97 time, 630.01 real, 270 MB
[runlim] sample:		635.97 time, 640.01 real, 270 MB
[runlim] sample:		645.97 time, 650.01 real, 271 MB
[runlim] sample:		655.97 time, 660.01 real, 272 MB
[runlim] sample:		665.97 time, 670.01 real, 272 MB
[runlim] sample:		675.97 time, 680.01 real, 272 MB
[runlim] sample:		685.97 time, 690.01 real, 272 MB
[runlim] sample:		695.97 time, 700.01 real, 272 MB
[runlim] sample:		705.97 time, 710.01 real, 273 MB
[runlim] sample:		715.97 time, 720.01 real, 273 MB
[runlim] sample:		725.97 time, 730.01 real, 273 MB
[runlim] sample:		735.97 time, 740.01 real, 273 MB
[runlim] sample:		745.97 time, 750.01 real, 274 MB
[runlim] sample:		755.97 time, 760.01 real, 274 MB
[runlim] sample:		765.97 time, 770.01 real, 274 MB
[runlim] sample:		775.97 time, 780.01 real, 274 MB
[runlim] sample:		785.97 time, 790.01 real, 274 MB
[runlim] sample:		795.97 time, 800.01 real, 275 MB
[runlim] sample:		805.97 time, 810.01 real, 275 MB
[runlim] sample:		815.97 time, 820.01 real, 275 MB
[runlim] sample:		825.97 time, 830.01 real, 275 MB
[runlim] sample:		835.97 time, 840.01 real, 275 MB
[runlim] sample:		845.97 time, 850.01 real, 275 MB
[runlim] sample:		855.97 time, 860.01 real, 275 MB
[runlim] sample:		865.97 time, 870.01 real, 276 MB
[runlim] sample:		875.97 time, 880.01 real, 276 MB
[runlim] sample:		885.97 time, 890.01 real, 277 MB
[runlim] sample:		895.98 time, 900.01 real, 277 MB
[runlim] sample:		905.98 time, 910.01 real, 277 MB
[runlim] sample:		915.98 time, 920.01 real, 277 MB
[runlim] sample:		925.98 time, 930.01 real, 277 MB
[runlim] sample:		935.98 time, 940.01 real, 277 MB
[runlim] sample:		945.98 time, 950.01 real, 277 MB
[runlim] sample:		955.98 time, 960.01 real, 277 MB
[runlim] sample:		965.98 time, 970.01 real, 277 MB
[runlim] sample:		975.98 time, 980.01 real, 277 MB
[runlim] sample:		985.98 time, 990.01 real, 277 MB
[runlim] sample:		995.98 time, 1000.01 real, 277 MB
[runlim] sample:		1005.98 time, 1010.01 real, 277 MB
[runlim] sample:		1015.98 time, 1020.01 real, 277 MB
[runlim] sample:		1025.98 time, 1030.01 real, 278 MB
[runlim] sample:		1035.98 time, 1040.01 real, 278 MB
[runlim] sample:		1045.98 time, 1050.01 real, 278 MB
[runlim] sample:		1055.98 time, 1060.01 real, 278 MB
[runlim] sample:		1065.98 time, 1070.01 real, 278 MB
[runlim] sample:		1075.98 time, 1080.01 real, 278 MB
[runlim] sample:		1085.98 time, 1090.01 real, 279 MB
[runlim] sample:		1095.98 time, 1100.01 real, 279 MB
[runlim] sample:		1105.98 time, 1110.01 real, 279 MB
[runlim] sample:		1115.98 time, 1120.01 real, 280 MB
[runlim] sample:		1125.98 time, 1130.01 real, 280 MB
[runlim] sample:		1135.98 time, 1140.01 real, 280 MB
[runlim] sample:		1145.99 time, 1150.01 real, 280 MB
[runlim] sample:		1155.99 time, 1160.01 real, 280 MB
[runlim] sample:		1165.98 time, 1170.01 real, 280 MB
[runlim] sample:		1175.98 time, 1180.01 real, 281 MB
[runlim] sample:		1185.98 time, 1190.01 real, 281 MB
[runlim] sample:		1195.98 time, 1200.01 real, 281 MB
[runlim] sample:		1205.98 time, 1210.01 real, 281 MB
[runlim] sample:		1215.98 time, 1220.01 real, 281 MB
[runlim] sample:		1225.98 time, 1230.01 real, 281 MB
[runlim] sample:		1235.98 time, 1240.01 real, 281 MB
[runlim] sample:		1245.98 time, 1250.01 real, 281 MB
[runlim] sample:		1255.98 time, 1260.01 real, 282 MB
[runlim] sample:		1265.99 time, 1270.01 real, 283 MB
[runlim] sample:		1275.99 time, 1280.01 real, 283 MB
[runlim] sample:		1285.99 time, 1290.01 real, 283 MB
[runlim] sample:		1295.99 time, 1300.01 real, 283 MB
[runlim] sample:		1305.99 time, 1310.01 real, 283 MB
[runlim] sample:		1315.99 time, 1320.01 real, 283 MB
[runlim] sample:		1325.99 time, 1330.01 real, 283 MB
[runlim] sample:		1335.99 time, 1340.01 real, 283 MB
[runlim] sample:		1345.99 time, 1350.01 real, 285 MB
[runlim] sample:		1355.99 time, 1360.01 real, 285 MB
[runlim] sample:		1365.99 time, 1370.01 real, 286 MB
[runlim] sample:		1375.99 time, 1380.01 real, 286 MB
[runlim] sample:		1385.99 time, 1390.01 real, 286 MB
[runlim] sample:		1395.99 time, 1400.01 real, 286 MB
[runlim] sample:		1405.99 time, 1410.01 real, 286 MB
[runlim] sample:		1415.99 time, 1420.01 real, 286 MB
[runlim] sample:		1425.99 time, 1430.01 real, 286 MB
[runlim] sample:		1435.99 time, 1440.01 real, 286 MB
[runlim] sample:		1445.99 time, 1450.01 real, 291 MB
[runlim] sample:		1455.99 time, 1460.01 real, 291 MB
[runlim] sample:		1465.99 time, 1470.01 real, 291 MB
[runlim] sample:		1475.99 time, 1480.01 real, 291 MB
[runlim] sample:		1485.99 time, 1490.01 real, 291 MB
[runlim] sample:		1495.99 time, 1500.01 real, 292 MB
[runlim] sample:		1505.99 time, 1510.01 real, 292 MB
[runlim] sample:		1515.99 time, 1520.01 real, 292 MB
[runlim] sample:		1525.99 time, 1530.01 real, 292 MB
[runlim] sample:		1535.99 time, 1540.01 real, 292 MB
[runlim] sample:		1545.99 time, 1550.01 real, 292 MB
[runlim] sample:		1555.99 time, 1560.01 real, 292 MB
[runlim] sample:		1565.99 time, 1570.01 real, 292 MB
[runlim] sample:		1575.99 time, 1580.01 real, 292 MB
[runlim] sample:		1585.99 time, 1590.01 real, 292 MB
[runlim] sample:		1595.99 time, 1600.01 real, 293 MB
[runlim] sample:		1605.99 time, 1610.01 real, 293 MB
[runlim] sample:		1615.99 time, 1620.01 real, 293 MB
[runlim] sample:		1625.99 time, 1630.01 real, 293 MB
[runlim] sample:		1635.99 time, 1640.01 real, 294 MB
[runlim] sample:		1645.99 time, 1650.01 real, 294 MB
[runlim] sample:		1655.99 time, 1660.01 real, 294 MB
[runlim] sample:		1665.99 time, 1670.01 real, 294 MB
[runlim] sample:		1675.99 time, 1680.01 real, 294 MB
[runlim] sample:		1685.99 time, 1690.01 real, 294 MB
[runlim] sample:		1695.99 time, 1700.01 real, 294 MB
[runlim] sample:		1705.99 time, 1710.01 real, 295 MB
[runlim] sample:		1715.99 time, 1720.01 real, 295 MB
[runlim] sample:		1725.99 time, 1730.01 real, 295 MB
[runlim] sample:		1735.99 time, 1740.01 real, 295 MB
[runlim] sample:		1745.99 time, 1750.01 real, 295 MB
[runlim] sample:		1755.99 time, 1760.01 real, 295 MB
[runlim] sample:		1765.99 time, 1770.01 real, 295 MB
[runlim] sample:		1775.99 time, 1780.01 real, 296 MB
[runlim] sample:		1785.99 time, 1790.01 real, 298 MB
[runlim] sample:		1795.99 time, 1800.01 real, 298 MB
[runlim] sample:		1805.99 time, 1810.01 real, 298 MB
[runlim] sample:		1815.99 time, 1820.01 real, 298 MB
[runlim] sample:		1825.99 time, 1830.01 real, 298 MB
[runlim] sample:		1835.99 time, 1840.01 real, 298 MB
[runlim] sample:		1845.99 time, 1850.01 real, 298 MB
[runlim] sample:		1856.00 time, 1860.01 real, 298 MB
[runlim] sample:		1866.00 time, 1870.01 real, 298 MB
[runlim] sample:		1876.00 time, 1880.01 real, 298 MB
[runlim] sample:		1886.00 time, 1890.01 real, 298 MB
[runlim] sample:		1896.00 time, 1900.01 real, 298 MB
[runlim] sample:		1906.00 time, 1910.01 real, 298 MB
[runlim] sample:		1916.00 time, 1920.01 real, 298 MB
[runlim] sample:		1926.00 time, 1930.01 real, 298 MB
[runlim] sample:		1936.00 time, 1940.01 real, 298 MB
[runlim] sample:		1946.00 time, 1950.01 real, 298 MB
[runlim] sample:		1956.00 time, 1960.01 real, 298 MB
[runlim] sample:		1966.00 time, 1970.01 real, 298 MB
[runlim] sample:		1976.00 time, 1980.01 real, 298 MB
[runlim] sample:		1986.00 time, 1990.01 real, 298 MB
[runlim] sample:		1996.00 time, 2000.01 real, 299 MB
[runlim] sample:		2006.00 time, 2010.01 real, 299 MB
[runlim] sample:		2016.00 time, 2020.01 real, 299 MB
[runlim] sample:		2026.00 time, 2030.01 real, 299 MB
[runlim] sample:		2036.00 time, 2040.01 real, 299 MB
[runlim] sample:		2046.00 time, 2050.01 real, 299 MB
[runlim] sample:		2056.00 time, 2060.01 real, 299 MB
[runlim] sample:		2066.00 time, 2070.01 real, 300 MB
[runlim] sample:		2076.00 time, 2080.01 real, 301 MB
[runlim] sample:		2086.00 time, 2090.01 real, 301 MB
[runlim] sample:		2096.00 time, 2100.01 real, 301 MB
[runlim] sample:		2106.00 time, 2110.01 real, 301 MB
[runlim] sample:		2116.00 time, 2120.01 real, 301 MB
[runlim] sample:		2126.00 time, 2130.01 real, 301 MB
[runlim] sample:		2136.00 time, 2140.01 real, 301 MB
[runlim] sample:		2146.00 time, 2150.01 real, 301 MB
[runlim] sample:		2156.00 time, 2160.01 real, 301 MB
[runlim] sample:		2166.00 time, 2170.01 real, 301 MB
[runlim] sample:		2176.00 time, 2180.01 real, 301 MB
[runlim] sample:		2186.00 time, 2190.01 real, 301 MB
[runlim] sample:		2196.00 time, 2200.01 real, 301 MB
[runlim] sample:		2206.00 time, 2210.01 real, 301 MB
[runlim] sample:		2216.00 time, 2220.01 real, 301 MB
[runlim] sample:		2226.00 time, 2230.01 real, 301 MB
[runlim] sample:		2236.00 time, 2240.01 real, 301 MB
[runlim] sample:		2246.00 time, 2250.01 real, 301 MB
[runlim] sample:		2256.00 time, 2260.01 real, 301 MB
[runlim] sample:		2266.00 time, 2270.01 real, 302 MB
[runlim] sample:		2276.00 time, 2280.01 real, 302 MB
[runlim] sample:		2286.00 time, 2290.01 real, 302 MB
[runlim] sample:		2296.00 time, 2300.01 real, 302 MB
[runlim] sample:		2306.00 time, 2310.01 real, 302 MB
[runlim] sample:		2316.00 time, 2320.01 real, 302 MB
[runlim] sample:		2326.00 time, 2330.01 real, 302 MB
[runlim] sample:		2336.00 time, 2340.01 real, 303 MB
[runlim] sample:		2346.00 time, 2350.01 real, 304 MB
[runlim] sample:		2356.00 time, 2360.01 real, 304 MB
[runlim] sample:		2366.00 time, 2370.01 real, 304 MB
[runlim] sample:		2376.00 time, 2380.01 real, 304 MB
[runlim] sample:		2386.00 time, 2390.01 real, 304 MB
[runlim] sample:		2396.00 time, 2400.01 real, 304 MB
[runlim] sample:		2406.00 time, 2410.01 real, 304 MB
[runlim] sample:		2416.00 time, 2420.01 real, 304 MB
[runlim] sample:		2426.00 time, 2430.01 real, 304 MB
[runlim] sample:		2436.00 time, 2440.01 real, 304 MB
[runlim] sample:		2446.00 time, 2450.01 real, 305 MB
[runlim] sample:		2456.00 time, 2460.01 real, 305 MB
[runlim] sample:		2466.00 time, 2470.01 real, 305 MB
[runlim] sample:		2476.00 time, 2480.01 real, 305 MB
[runlim] sample:		2486.00 time, 2490.01 real, 305 MB
[runlim] sample:		2496.00 time, 2500.01 real, 305 MB
[runlim] sample:		2506.00 time, 2510.01 real, 305 MB
[runlim] sample:		2516.00 time, 2520.01 real, 305 MB
[runlim] sample:		2526.00 time, 2530.01 real, 305 MB
[runlim] sample:		2536.00 time, 2540.01 real, 305 MB
[runlim] sample:		2546.01 time, 2550.01 real, 307 MB
[runlim] sample:		2556.01 time, 2560.01 real, 307 MB
[runlim] sample:		2566.01 time, 2570.01 real, 307 MB
[runlim] sample:		2576.01 time, 2580.01 real, 308 MB
[runlim] sample:		2586.01 time, 2590.01 real, 308 MB
[runlim] sample:		2596.01 time, 2600.01 real, 308 MB
[runlim] sample:		2606.01 time, 2610.01 real, 308 MB
[runlim] sample:		2616.01 time, 2620.01 real, 308 MB
[runlim] sample:		2626.01 time, 2630.01 real, 308 MB
[runlim] sample:		2636.01 time, 2640.01 real, 308 MB
[runlim] sample:		2646.01 time, 2650.01 real, 308 MB
[runlim] sample:		2656.01 time, 2660.01 real, 308 MB
[runlim] sample:		2666.01 time, 2670.01 real, 309 MB
[runlim] sample:		2676.01 time, 2680.01 real, 309 MB
[runlim] sample:		2686.01 time, 2690.01 real, 309 MB
[runlim] sample:		2696.01 time, 2700.01 real, 309 MB
[runlim] sample:		2706.01 time, 2710.01 real, 309 MB
[runlim] sample:		2716.01 time, 2720.01 real, 309 MB
[runlim] sample:		2726.01 time, 2730.01 real, 309 MB
[runlim] sample:		2736.01 time, 2740.01 real, 309 MB
[runlim] sample:		2746.01 time, 2750.01 real, 309 MB
[runlim] sample:		2756.01 time, 2760.01 real, 310 MB
[runlim] sample:		2766.01 time, 2770.01 real, 310 MB
[runlim] sample:		2776.01 time, 2780.01 real, 310 MB
[runlim] sample:		2786.01 time, 2790.01 real, 311 MB
[runlim] sample:		2796.01 time, 2800.01 real, 311 MB
[runlim] sample:		2806.01 time, 2810.01 real, 311 MB
[runlim] sample:		2816.01 time, 2820.01 real, 311 MB
[runlim] sample:		2826.01 time, 2830.01 real, 311 MB
[runlim] sample:		2836.01 time, 2840.01 real, 311 MB
[runlim] sample:		2846.01 time, 2850.01 real, 312 MB
[runlim] sample:		2856.01 time, 2860.01 real, 312 MB
[runlim] sample:		2866.01 time, 2870.01 real, 312 MB
[runlim] sample:		2876.01 time, 2880.01 real, 312 MB
[runlim] sample:		2886.01 time, 2890.01 real, 312 MB
[runlim] sample:		2896.01 time, 2900.01 real, 312 MB
[runlim] sample:		2906.01 time, 2910.01 real, 312 MB
[runlim] sample:		2916.01 time, 2920.01 real, 312 MB
[runlim] sample:		2926.01 time, 2930.01 real, 312 MB
[runlim] sample:		2936.01 time, 2940.01 real, 313 MB
[runlim] sample:		2946.01 time, 2950.01 real, 313 MB
[runlim] sample:		2956.01 time, 2960.01 real, 313 MB
[runlim] sample:		2966.01 time, 2970.01 real, 313 MB
[runlim] sample:		2976.01 time, 2980.01 real, 313 MB
[runlim] sample:		2986.01 time, 2990.01 real, 313 MB
[runlim] sample:		2996.01 time, 3000.01 real, 313 MB
[runlim] sample:		3006.01 time, 3010.01 real, 313 MB
[runlim] sample:		3016.02 time, 3020.01 real, 313 MB
[runlim] sample:		3026.02 time, 3030.01 real, 314 MB
[runlim] sample:		3036.01 time, 3040.01 real, 315 MB
[runlim] sample:		3046.01 time, 3050.01 real, 315 MB
[runlim] sample:		3056.01 time, 3060.01 real, 315 MB
[runlim] sample:		3066.01 time, 3070.01 real, 315 MB
[runlim] sample:		3076.01 time, 3080.01 real, 315 MB
[runlim] sample:		3086.01 time, 3090.01 real, 315 MB
[runlim] sample:		3096.01 time, 3100.01 real, 315 MB
[runlim] sample:		3106.01 time, 3110.01 real, 315 MB
[runlim] sample:		3116.01 time, 3120.01 real, 315 MB
[runlim] sample:		3126.01 time, 3130.01 real, 315 MB
[runlim] sample:		3136.01 time, 3140.01 real, 315 MB
[runlim] sample:		3146.01 time, 3150.01 real, 315 MB
[runlim] sample:		3156.01 time, 3160.01 real, 317 MB
[runlim] sample:		3166.01 time, 3170.01 real, 317 MB
[runlim] sample:		3176.01 time, 3180.01 real, 317 MB
[runlim] sample:		3186.01 time, 3190.01 real, 317 MB
[runlim] sample:		3196.01 time, 3200.01 real, 317 MB
[runlim] sample:		3206.01 time, 3210.01 real, 317 MB
[runlim] sample:		3216.01 time, 3220.01 real, 317 MB
[runlim] sample:		3226.02 time, 3230.01 real, 317 MB
[runlim] sample:		3236.02 time, 3240.01 real, 317 MB
[runlim] sample:		3246.02 time, 3250.01 real, 317 MB
[runlim] sample:		3256.02 time, 3260.01 real, 317 MB
[runlim] sample:		3266.02 time, 3270.01 real, 319 MB
[runlim] sample:		3276.02 time, 3280.01 real, 319 MB
[runlim] sample:		3286.02 time, 3290.01 real, 319 MB
[runlim] sample:		3296.02 time, 3300.01 real, 319 MB
[runlim] sample:		3306.02 time, 3310.01 real, 319 MB
[runlim] sample:		3316.02 time, 3320.01 real, 319 MB
[runlim] sample:		3326.02 time, 3330.01 real, 319 MB
[runlim] sample:		3336.02 time, 3340.01 real, 319 MB
[runlim] sample:		3346.02 time, 3350.01 real, 319 MB
[runlim] sample:		3356.02 time, 3360.01 real, 319 MB
[runlim] sample:		3366.02 time, 3370.01 real, 319 MB
[runlim] sample:		3376.02 time, 3380.01 real, 319 MB
[runlim] sample:		3386.02 time, 3390.01 real, 319 MB
[runlim] sample:		3396.02 time, 3400.01 real, 319 MB
[runlim] sample:		3406.02 time, 3410.01 real, 319 MB
[runlim] sample:		3416.02 time, 3420.01 real, 319 MB
[runlim] sample:		3426.02 time, 3430.01 real, 319 MB
[runlim] sample:		3436.02 time, 3440.01 real, 319 MB
[runlim] sample:		3446.02 time, 3450.01 real, 319 MB
[runlim] sample:		3456.02 time, 3460.01 real, 320 MB
[runlim] sample:		3466.02 time, 3470.01 real, 320 MB
[runlim] sample:		3476.02 time, 3480.01 real, 320 MB
[runlim] sample:		3486.03 time, 3490.01 real, 329 MB
[runlim] sample:		3496.03 time, 3500.01 real, 329 MB
[runlim] sample:		3506.03 time, 3510.01 real, 329 MB
[runlim] sample:		3516.03 time, 3520.01 real, 329 MB
[runlim] sample:		3526.03 time, 3530.01 real, 329 MB
[runlim] sample:		3536.03 time, 3540.01 real, 329 MB
[runlim] sample:		3546.03 time, 3550.01 real, 329 MB
[runlim] sample:		3556.03 time, 3560.01 real, 329 MB
[runlim] sample:		3566.03 time, 3570.01 real, 329 MB
[runlim] sample:		3576.03 time, 3580.01 real, 329 MB
[runlim] sample:		3586.03 time, 3590.01 real, 329 MB
[runlim] sample:		3596.03 time, 3600.01 real, 330 MB
[runlim] sample:		3606.03 time, 3610.01 real, 330 MB
[runlim] sample:		3616.03 time, 3620.01 real, 330 MB
[runlim] sample:		3626.03 time, 3630.01 real, 330 MB
[runlim] sample:		3636.03 time, 3640.01 real, 330 MB
[runlim] sample:		3646.03 time, 3650.01 real, 330 MB
[runlim] sample:		3656.03 time, 3660.01 real, 330 MB
[runlim] sample:		3666.03 time, 3670.01 real, 330 MB
[runlim] sample:		3676.03 time, 3680.01 real, 330 MB
[runlim] sample:		3686.03 time, 3690.01 real, 330 MB
[runlim] sample:		3696.03 time, 3700.01 real, 330 MB
[runlim] sample:		3706.03 time, 3710.01 real, 330 MB
[runlim] sample:		3716.03 time, 3720.01 real, 330 MB
[runlim] sample:		3726.03 time, 3730.01 real, 330 MB
[runlim] sample:		3736.03 time, 3740.01 real, 330 MB
[runlim] sample:		3746.03 time, 3750.01 real, 330 MB
[runlim] sample:		3756.03 time, 3760.01 real, 330 MB
[runlim] sample:		3766.03 time, 3770.01 real, 330 MB
[runlim] sample:		3776.03 time, 3780.01 real, 330 MB
[runlim] sample:		3786.03 time, 3790.01 real, 330 MB
[runlim] sample:		3796.03 time, 3800.01 real, 330 MB
[runlim] sample:		3806.03 time, 3810.01 real, 330 MB
[runlim] sample:		3816.03 time, 3820.01 real, 331 MB
[runlim] sample:		3826.03 time, 3830.01 real, 331 MB
[runlim] sample:		3836.03 time, 3840.01 real, 331 MB
[runlim] sample:		3846.04 time, 3850.01 real, 331 MB
[runlim] sample:		3856.04 time, 3860.01 real, 331 MB
[runlim] sample:		3866.04 time, 3870.01 real, 331 MB
[runlim] sample:		3876.04 time, 3880.01 real, 331 MB
[runlim] sample:		3886.04 time, 3890.01 real, 331 MB
[runlim] sample:		3896.04 time, 3900.01 real, 331 MB
[runlim] sample:		3906.04 time, 3910.01 real, 331 MB
[runlim] sample:		3916.04 time, 3920.01 real, 331 MB
[runlim] sample:		3926.04 time, 3930.01 real, 331 MB
[runlim] sample:		3936.04 time, 3940.01 real, 331 MB
[runlim] sample:		3946.04 time, 3950.01 real, 331 MB
[runlim] sample:		3956.04 time, 3960.01 real, 331 MB
[runlim] sample:		3966.04 time, 3970.01 real, 331 MB
[runlim] sample:		3976.04 time, 3980.01 real, 331 MB
[runlim] sample:		3986.04 time, 3990.01 real, 331 MB
[runlim] sample:		3996.04 time, 4000.01 real, 331 MB
[runlim] sample:		4006.04 time, 4010.01 real, 331 MB
[runlim] sample:		4016.04 time, 4020.01 real, 331 MB
[runlim] sample:		4026.04 time, 4030.01 real, 331 MB
[runlim] sample:		4036.04 time, 4040.01 real, 331 MB
[runlim] sample:		4046.04 time, 4050.01 real, 331 MB
[runlim] sample:		4056.04 time, 4060.01 real, 331 MB
[runlim] sample:		4066.04 time, 4070.01 real, 331 MB
[runlim] sample:		4076.04 time, 4080.01 real, 331 MB
[runlim] sample:		4086.04 time, 4090.01 real, 331 MB
[runlim] sample:		4096.04 time, 4100.01 real, 331 MB
[runlim] sample:		4106.04 time, 4110.01 real, 331 MB
[runlim] sample:		4116.04 time, 4120.01 real, 331 MB
[runlim] sample:		4126.04 time, 4130.01 real, 331 MB
[runlim] sample:		4136.04 time, 4140.01 real, 332 MB
[runlim] sample:		4146.04 time, 4150.01 real, 332 MB
[runlim] sample:		4156.04 time, 4160.01 real, 332 MB
[runlim] sample:		4166.04 time, 4170.01 real, 332 MB
[runlim] sample:		4176.04 time, 4180.01 real, 332 MB
[runlim] sample:		4186.04 time, 4190.01 real, 332 MB
[runlim] sample:		4196.04 time, 4200.01 real, 333 MB
[runlim] sample:		4206.04 time, 4210.01 real, 333 MB
[runlim] sample:		4216.04 time, 4220.01 real, 333 MB
[runlim] sample:		4226.04 time, 4230.01 real, 333 MB
[runlim] sample:		4236.04 time, 4240.01 real, 333 MB
[runlim] sample:		4246.04 time, 4250.01 real, 333 MB
[runlim] sample:		4256.04 time, 4260.01 real, 333 MB
[runlim] sample:		4266.04 time, 4270.01 real, 333 MB
[runlim] sample:		4276.04 time, 4280.01 real, 333 MB
[runlim] sample:		4286.04 time, 4290.01 real, 333 MB
[runlim] sample:		4296.04 time, 4300.01 real, 333 MB
[runlim] sample:		4306.04 time, 4310.01 real, 333 MB
[runlim] sample:		4316.04 time, 4320.01 real, 333 MB
[runlim] sample:		4326.04 time, 4330.01 real, 333 MB
[runlim] sample:		4336.04 time, 4340.01 real, 333 MB
[runlim] sample:		4346.04 time, 4350.01 real, 334 MB
[runlim] sample:		4356.04 time, 4360.01 real, 334 MB
[runlim] sample:		4366.05 time, 4370.01 real, 334 MB
[runlim] sample:		4376.05 time, 4380.01 real, 334 MB
[runlim] sample:		4386.05 time, 4390.01 real, 334 MB
[runlim] sample:		4396.05 time, 4400.01 real, 334 MB
[runlim] sample:		4406.05 time, 4410.01 real, 334 MB
[runlim] sample:		4416.04 time, 4420.01 real, 335 MB
[runlim] sample:		4426.04 time, 4430.01 real, 335 MB
[runlim] sample:		4436.04 time, 4440.01 real, 337 MB
[runlim] sample:		4446.04 time, 4450.01 real, 337 MB
[runlim] sample:		4456.04 time, 4460.01 real, 337 MB
[runlim] sample:		4466.04 time, 4470.01 real, 337 MB
[runlim] sample:		4476.04 time, 4480.01 real, 337 MB
[runlim] sample:		4486.04 time, 4490.01 real, 337 MB
[runlim] sample:		4496.04 time, 4500.01 real, 337 MB
[runlim] sample:		4506.04 time, 4510.01 real, 337 MB
[runlim] sample:		4516.04 time, 4520.01 real, 337 MB
[runlim] sample:		4526.04 time, 4530.01 real, 337 MB
[runlim] sample:		4536.04 time, 4540.01 real, 337 MB
[runlim] sample:		4546.04 time, 4550.01 real, 337 MB
[runlim] sample:		4556.04 time, 4560.01 real, 337 MB
[runlim] sample:		4566.04 time, 4570.01 real, 337 MB
[runlim] sample:		4576.04 time, 4580.01 real, 337 MB
[runlim] sample:		4586.04 time, 4590.01 real, 337 MB
[runlim] sample:		4596.04 time, 4600.01 real, 337 MB
[runlim] sample:		4606.04 time, 4610.01 real, 337 MB
[runlim] sample:		4616.04 time, 4620.01 real, 337 MB
[runlim] sample:		4626.05 time, 4630.01 real, 346 MB
[runlim] sample:		4636.05 time, 4640.01 real, 346 MB
[runlim] sample:		4646.05 time, 4650.01 real, 346 MB
[runlim] sample:		4656.05 time, 4660.01 real, 346 MB
[runlim] sample:		4666.05 time, 4670.01 real, 346 MB
[runlim] sample:		4676.05 time, 4680.01 real, 346 MB
[runlim] sample:		4686.05 time, 4690.01 real, 346 MB
[runlim] sample:		4696.05 time, 4700.01 real, 346 MB
[runlim] sample:		4706.05 time, 4710.01 real, 346 MB
[runlim] end:			Tue Dec  8 21:36:32 2020
[runlim] status:		ok
[runlim] result:		0
[runlim] children:		1
[runlim] real:			4718.26 seconds
[runlim] time:			4714.25 seconds
[runlim] space:			346 MB
[runlim] samples:		47182
