[runlim] version:		1.21
[runlim] host:			c3n11
[runlim] time limit:		86400 seconds
[runlim] real time limit:	86400 seconds
[runlim] space limit:		8000 MB
[runlim] argv[0]:		concubine
[runlim] argv[1]:		solve
[runlim] argv[2]:		-v
[runlim] argv[3]:		-s
[runlim] argv[4]:		z3
[runlim] argv[5]:		-e
[runlim] argv[6]:		smtlib-relational
[runlim] argv[7]:		-m
[runlim] argv[8]:		init.mmap
[runlim] argv[9]:		-o
[runlim] argv[10]:		z3-relational
[runlim] argv[11]:		65
[runlim] argv[12]:		count_stat.buggy.0.asm
[runlim] argv[13]:		count_stat.buggy.1.asm
[runlim] argv[14]:		count_stat.buggy.2.asm
[runlim] argv[15]:		count_stat.checker.asm
[runlim] start:			Tue Dec  1 16:38:25 2020
[runlim] child:			6583
[runlim] sample:		9.29 time, 10.01 real, 31 MB
[runlim] sample:		19.29 time, 20.01 real, 31 MB
[runlim] sample:		29.29 time, 30.01 real, 31 MB
[runlim] sample:		39.29 time, 40.01 real, 32 MB
[runlim] sample:		49.29 time, 50.01 real, 32 MB
[runlim] sample:		59.29 time, 60.01 real, 32 MB
[runlim] sample:		69.28 time, 70.01 real, 74 MB
[runlim] sample:		79.28 time, 80.01 real, 76 MB
[runlim] sample:		89.28 time, 90.01 real, 81 MB
[runlim] sample:		99.28 time, 100.01 real, 82 MB
[runlim] sample:		109.29 time, 110.01 real, 85 MB
[runlim] sample:		119.29 time, 120.01 real, 87 MB
[runlim] sample:		129.29 time, 130.01 real, 88 MB
[runlim] sample:		139.29 time, 140.01 real, 89 MB
[runlim] sample:		149.29 time, 150.01 real, 89 MB
