count_stat.buggy.0.asm
count_stat.buggy.1.asm
count_stat.buggy.2.asm
count_stat.checker.asm
. z3-relational.mmap
# tid	pc	cmd	arg	accu	mem	adr	val	full	heap
1	inc	LOAD	0	0	0	0	0	0	{}	# 0
2	inc	LOAD	0	0	0	0	0	0	{}	# 1
3	0	CHECK	0	0	0	0	0	0	{}	# 2
2	1	ADDI	1	0	0	0	0	0	{}	# 3
1	1	ADDI	1	0	0	0	0	0	{}	# 4
1	2	STORE	0	1	0	0	0	0	{}	# 5
1	3	LOAD	11	1	0	0	1	1	{}	# 6
2	2	STORE	0	1	0	0	0	0	{}	# 7
0	inc	LOAD	0	0	0	0	0	0	{}	# 8
0	1	ADDI	1	0	0	0	0	0	{}	# 9
2	3	LOAD	12	1	0	0	1	1	{}	# 10
0	2	STORE	0	1	0	0	0	0	{}	# 11
2	4	SUBI	1	2	0	0	1	1	{}	# 12
0	3	FLUSH	-	1	0	0	1	1	{}	# 13
1	4	FLUSH	-	2	0	0	1	1	{(0,1)}	# 14
1	4	SUBI	1	2	0	0	1	0	{(0,1)}	# 15
0	3	LOAD	10	1	0	0	1	0	{}	# 16
0	4	SUBI	1	2	0	0	1	0	{}	# 17
1	5	STORE	11	1	0	0	1	0	{}	# 18
1	6	JNZ	inc	1	0	11	1	1	{}	# 19
2	5	FLUSH	-	1	0	0	1	1	{}	# 20
2	5	STORE	12	1	0	0	1	0	{(0,1)}	# 21
2	6	JNZ	inc	1	0	12	1	1	{}	# 22
0	5	STORE	10	1	0	0	1	0	{}	# 23
1	inc	LOAD	0	1	0	11	1	1	{}	# 24
1	1	ADDI	1	1	0	11	1	1	{}	# 25
1	2	FLUSH	-	2	0	11	1	1	{}	# 26
2	inc	FLUSH	-	1	0	12	1	1	{(11,1)}	# 27
1	2	STORE	0	2	0	11	1	0	{(12,1)}	# 28
2	inc	LOAD	0	1	0	12	1	0	{}	# 29
2	1	ADDI	1	1	0	12	1	0	{}	# 30
2	2	STORE	0	2	0	12	1	0	{}	# 31
1	3	FLUSH	-	2	0	0	2	1	{}	# 32
0	6	FLUSH	-	1	0	10	1	1	{(0,2)}	# 33
1	3	LOAD	11	2	0	0	2	0	{(10,1)}	# 34
2	3	FLUSH	-	2	0	0	2	1	{}	# 35
0	6	JNZ	inc	1	0	10	1	0	{(0,2)}	# 36
0	inc	LOAD	0	1	0	10	1	0	{}	# 37
0	1	ADDI	1	2	0	10	1	0	{}	# 38
0	2	STORE	0	3	0	10	1	0	{}	# 39
2	3	LOAD	12	2	0	0	2	0	{}	# 40
0	3	LOAD	10	3	0	0	3	1	{}	# 41
2	4	SUBI	1	1	0	0	2	0	{}	# 42
2	5	STORE	12	0	0	0	2	0	{}	# 43
0	4	FLUSH	-	1	0	0	3	1	{}	# 44
1	4	SUBI	1	1	0	0	2	0	{(0,3)}	# 45
1	5	STORE	11	0	0	0	2	0	{}	# 46
2	6	FLUSH	-	0	0	12	0	1	{}	# 47
1	6	FLUSH	-	0	0	11	0	1	{(12,0)}	# 48
2	6	JNZ	inc	0	0	12	0	0	{(11,0)}	# 49
0	4	SUBI	1	1	0	0	3	0	{}	# 50
1	6	JNZ	inc	0	0	11	0	0	{}	# 51
2	7	CHECK	0	0	0	12	0	0	{}	# 52
1	7	CHECK	0	0	0	11	0	0	{}	# 53
0	5	STORE	10	0	0	0	3	0	{}	# 54
0	6	JNZ	inc	0	0	10	0	1	{}	# 55
0	7	CHECK	0	0	0	10	0	1	{}	# 56
1	8	HALT	-	0	0	11	0	0	{}	# 57
2	8	HALT	-	0	0	12	0	0	{}	# 58
0	8	FLUSH	-	0	0	10	0	1	{}	# 59
3	1	ADDI	6	0	0	0	0	0	{(10,0)}	# 60
3	2	CMP	0	6	0	0	0	0	{}	# 61
3	3	JNZ	error	3	0	0	0	0	{}	# 62
3	error	EXIT	1	3	0	0	0	0	{}	# 63
