[runlim] version:		1.21
[runlim] host:			c3n02
[runlim] time limit:		86400 seconds
[runlim] real time limit:	86400 seconds
[runlim] space limit:		8000 MB
[runlim] argv[0]:		concubine
[runlim] argv[1]:		solve
[runlim] argv[2]:		-v
[runlim] argv[3]:		-s
[runlim] argv[4]:		z3
[runlim] argv[5]:		-e
[runlim] argv[6]:		smtlib
[runlim] argv[7]:		-c
[runlim] argv[8]:		constraints.smt2
[runlim] argv[9]:		-m
[runlim] argv[10]:		init.mmap
[runlim] argv[11]:		-o
[runlim] argv[12]:		z3-functional
[runlim] argv[13]:		9
[runlim] argv[14]:		thread.0.asm
[runlim] argv[15]:		thread.1.asm
[runlim] start:			Tue Dec  1 16:38:15 2020
[runlim] child:			6456
[runlim] end:			Tue Dec  1 16:38:16 2020
[runlim] status:		ok
[runlim] result:		0
[runlim] children:		1
[runlim] real:			0.79 seconds
[runlim] time:			0.01 seconds
[runlim] space:			14 MB
[runlim] samples:		7
