[litmus/run.sh] running 58: litmus/intel/9/run.sh boolector functional
[concubine>main] encoding took 0.005808 seconds
[concubine>main] generated 2058 commands
[btor>main] Boolector Version 3.2.1 master-8297b6c3dc573e4e3c5d50fde7fa01724bc613a9-dirty
[btor>main]  -std=gnu99 -W -Wall -Wextra -Wredundant-decls -O3
[btor>main] released 2020-12-10T16:18:21
[btor>main] compiled 2020-12-10T16:18:21
[btor>main] GNU 7.5.0
[btor>main] setting signal handlers
[btor>main] no time limit given
[btor>parse] assuming SMT-LIB v2 input,  parsing '<stdin>'
[btor>smt2] parsed 716 commands in 0.00 seconds
[btor>core] calling SAT
[btor>core] found UFs, disable slice elimination
[btor>varsubst] 288 variables substituted in 0.0 seconds
[btor>extract] set: 1 (2), set_inc: 0 (0), set_itoi: 0 (0), set_itoip1: 0 (0), cpy: 0 (0)
[btor>extract] extracted 1 lambdas in 0.000 seconds
[btor>merge] merged 0 lambdas in 0.00 seconds
[btor>preprocess] 1 rewriting rounds in 0.0 seconds
[btor>preprocess] simplification returned 0
[btor>slvfun] enabled core engine
[btor>sat] CaDiCaL allows both incremental and non-incremental mode
[btor>sat] initialized CaDiCaL
[btor>slvfun] 210 AIG vars, 2112 AIG ands, 1644 CNF vars, 4641 CNF clauses
[btorcore] 1 iterations, 6 lemmas, 0 ext. lemmas, vars 18, applies 13
[btor>slvfun] 210 AIG vars, 2375 AIG ands, 1779 CNF vars, 5110 CNF clauses
[btorcore] 2 iterations, 9 lemmas, 0 ext. lemmas, vars 18, applies 13
[btor>slvfun] 210 AIG vars, 2446 AIG ands, 1817 CNF vars, 5241 CNF clauses
[btorcore] 3 iterations, 11 lemmas, 0 ext. lemmas, vars 18, applies 13
[btor>slvfun] 210 AIG vars, 2516 AIG ands, 1854 CNF vars, 5369 CNF clauses
[btorcore] 4 iterations, 12 lemmas, 0 ext. lemmas, vars 18, applies 13
[btor>slvfun] 210 AIG vars, 2581 AIG ands, 1887 CNF vars, 5484 CNF clauses
[btorcore] 5 iterations, 15 lemmas, 0 ext. lemmas, vars 18, applies 13
[btor>slvfun] 210 AIG vars, 2773 AIG ands, 1983 CNF vars, 5820 CNF clauses
[btorcore] 6 iterations, 16 lemmas, 0 ext. lemmas, vars 18, applies 13
[btor>slvfun] 210 AIG vars, 2837 AIG ands, 2015 CNF vars, 5932 CNF clauses
[btorcore] 7 iterations, 17 lemmas, 0 ext. lemmas, vars 18, applies 13
[btor>slvfun] 210 AIG vars, 2843 AIG ands, 2019 CNF vars, 5945 CNF clauses
[btorcore] 8 iterations, 18 lemmas, 0 ext. lemmas, vars 18, applies 13
[btor>slvfun] 210 AIG vars, 2845 AIG ands, 2021 CNF vars, 5951 CNF clauses
[btorcore] 9 iterations, 20 lemmas, 0 ext. lemmas, vars 18, applies 13
[btor>slvfun] 210 AIG vars, 2910 AIG ands, 2055 CNF vars, 6069 CNF clauses
[btorcore] 10 iterations, 23 lemmas, 0 ext. lemmas, vars 18, applies 13
[btor>slvfun] 210 AIG vars, 2977 AIG ands, 2090 CNF vars, 6190 CNF clauses
[btorcore] 11 iterations, 24 lemmas, 0 ext. lemmas, vars 18, applies 13
[btor>slvfun] 210 AIG vars, 3041 AIG ands, 2122 CNF vars, 6302 CNF clauses
[btorcore] 12 iterations, 25 lemmas, 0 ext. lemmas, vars 18, applies 13
[btor>slvfun] 210 AIG vars, 3046 AIG ands, 2125 CNF vars, 6312 CNF clauses
[btorcore] 13 iterations, 27 lemmas, 0 ext. lemmas, vars 18, applies 13
[btor>slvfun] 210 AIG vars, 3111 AIG ands, 2159 CNF vars, 6430 CNF clauses
[btorcore] 14 iterations, 30 lemmas, 0 ext. lemmas, vars 18, applies 13
[btor>slvfun] 210 AIG vars, 3115 AIG ands, 2163 CNF vars, 6442 CNF clauses
[btorcore] 15 iterations, 32 lemmas, 0 ext. lemmas, vars 18, applies 13
[btor>slvfun] 210 AIG vars, 3181 AIG ands, 2197 CNF vars, 6560 CNF clauses
[btor>core] SAT call 2 returned 20 in 0.000 seconds
unsat
[btor>smt2] WARNING no 'exit' command at end of '<stdin>'
[btor>smt2] parsed 717 commands in 0.00 seconds
[btor>parse] logic QF_AUFBV
[btor>parse] status unknown
[btor>sat] 16 SAT calls in 0.0 seconds
[btor>core] 288/98/559/72 constraints 0/0/0/72 0.4 MB
[btor>core] 0 assumptions
[btor>core] 
[btor>core] 0.32 MB allocated for nodes
[btor>core] 
[btor>core]     0 variable substitutions
[btor>core]     0 uninterpreted function substitutions
[btor>core]     0 embedded constraint substitutions
[btor>core]     0 synthesized nodes rewritten
[btor>core]     0 linear constraint equations
[btor>core]     0 gaussian eliminations in linear equations
[btor>core]     0 eliminated sliced variables
[btor>core]     0 extracted skeleton constraints
[btor>core]   254 and normalizations
[btor>core]     0 add normalizations
[btor>core]     0 mul normalizations
[btor>core]     0 lambdas merged
[btor>core]     0 static apply propagations over lambdas
[btor>core]     0 static apply propagations over updates
[btor>core]     0 beta reductions
[btor>core]     0 clone calls
[btor>core] 
[btor>core] rewrite rule cache
[btor>core]   580 cached (add) 
[btor>core]   260 cached (get)
[btor>core]   0 updated
[btor>core]   0 removed (gc)
[btor>core]   0.05 MB cache
[btor>core] 
[btor>core] bit blasting statistics:
[btor>core]       395 AIG vectors (395 max)
[btor>core]      3181 AIG ANDs (3181 max)
[btor>core]       210 AIG variables
[btor>core]      2197 CNF variables
[btor>core]      6560 CNF clauses
[btor>core]     16904 CNF literals
[btor>slvfun] 
[btor>slvfun] lemmas on demand statistics:
[btor>slvfun]   15 refinement iterations
[btor>slvfun]   32 LOD refinements
[btor>slvfun]     20 function congruence conflicts
[btor>slvfun]     12 beta reduction conflicts
[btor>slvfun]      0 extensionality lemmas
[btor>slvfun]   3.6 average lemma size
[btor>slvfun]       14 lemmas of size 3
[btor>slvfun]       18 lemmas of size 4
[btor>slvfun] 
[btor>slvfun]      29 expression evaluations
[btor>slvfun]      29 partial beta reductions
[btor>slvfun]     563 propagations
[btor>slvfun]      27 propagations down
[btor>core] 
[btor>core] 0.5 MB
[btor>main] unsat
[concubine>main] solving took 0.030995 seconds
