[litmus/run.sh] running 57: litmus/intel/9/run.sh btormc btor2
[concubine>main] encoding took 0.000908 seconds
[concubine>main] generated 186 commands
[btormc] parsing input file...
[btormc] finished parsing
[btor>mc] calling BMC on 1 properties from bound 8 up-to maximum bound k = 8
[btor>mc] trace generation enabled
[btor>mc] new forward manager
[btor>mc] initialized forward frame at bound k = 0
[btor>mc] initialized forward frame at bound k = 1
[btor>mc] initialized forward frame at bound k = 2
[btor>mc] initialized forward frame at bound k = 3
[btor>mc] initialized forward frame at bound k = 4
[btor>mc] initialized forward frame at bound k = 5
[btor>mc] initialized forward frame at bound k = 6
[btor>mc] initialized forward frame at bound k = 7
[btor>mc] initialized forward frame at bound k = 8
[btor>mc] checking forward frame at bound k = 8
[btor>mc] checking forward frame bad state property 0 at bound k = 8
[btor>core] calling SAT
[btor>core] found UFs, disable slice elimination
[btor>varsubst] 18 variables substituted in 0.0 seconds
[btor>embed] replaced 19 embedded constraints in 0 seconds
[btor>extract] set: 0 (0), set_inc: 0 (0), set_itoi: 0 (0), set_itoip1: 0 (0), cpy: 0 (0)
[btor>extract] extracted 0 lambdas in 0.000 seconds
[btor>preprocess] 1 rewriting rounds in 0.0 seconds
[btor>preprocess] simplification returned 0
[btor>slvfun] enabled core engine
[btor>sat] CaDiCaL allows both incremental and non-incremental mode
[btor>sat] initialized CaDiCaL
[btor>slvfun] 210 AIG vars, 1600 AIG ands, 1452 CNF vars, 3905 CNF clauses
[btorcore] 1 iterations, 5 lemmas, 0 ext. lemmas, vars 18, applies 14
[btor>slvfun] 210 AIG vars, 1864 AIG ands, 1586 CNF vars, 4372 CNF clauses
[btorcore] 2 iterations, 8 lemmas, 0 ext. lemmas, vars 18, applies 14
[btor>slvfun] 210 AIG vars, 2058 AIG ands, 1684 CNF vars, 4714 CNF clauses
[btorcore] 3 iterations, 10 lemmas, 0 ext. lemmas, vars 18, applies 14
[btor>slvfun] 210 AIG vars, 2186 AIG ands, 1748 CNF vars, 4938 CNF clauses
[btorcore] 4 iterations, 13 lemmas, 0 ext. lemmas, vars 18, applies 14
[btor>slvfun] 210 AIG vars, 2257 AIG ands, 1786 CNF vars, 5069 CNF clauses
[btorcore] 5 iterations, 15 lemmas, 0 ext. lemmas, vars 18, applies 14
[btor>slvfun] 210 AIG vars, 2327 AIG ands, 1822 CNF vars, 5194 CNF clauses
[btorcore] 6 iterations, 17 lemmas, 0 ext. lemmas, vars 18, applies 14
[btor>slvfun] 210 AIG vars, 2392 AIG ands, 1856 CNF vars, 5312 CNF clauses
[btorcore] 7 iterations, 19 lemmas, 0 ext. lemmas, vars 18, applies 14
[btor>slvfun] 210 AIG vars, 2458 AIG ands, 1890 CNF vars, 5430 CNF clauses
[btorcore] 8 iterations, 22 lemmas, 0 ext. lemmas, vars 18, applies 14
[btor>slvfun] 210 AIG vars, 2525 AIG ands, 1926 CNF vars, 5554 CNF clauses
[btorcore] 9 iterations, 25 lemmas, 0 ext. lemmas, vars 18, applies 14
[btor>slvfun] 210 AIG vars, 2529 AIG ands, 1930 CNF vars, 5566 CNF clauses
[btorcore] 10 iterations, 27 lemmas, 0 ext. lemmas, vars 18, applies 14
[btor>slvfun] 210 AIG vars, 2595 AIG ands, 1964 CNF vars, 5684 CNF clauses
[btorcore] 11 iterations, 28 lemmas, 0 ext. lemmas, vars 18, applies 14
[btor>slvfun] 210 AIG vars, 2600 AIG ands, 1968 CNF vars, 5697 CNF clauses
[btorcore] 12 iterations, 30 lemmas, 0 ext. lemmas, vars 18, applies 14
[btor>slvfun] 210 AIG vars, 2666 AIG ands, 2002 CNF vars, 5815 CNF clauses
[btorcore] 13 iterations, 32 lemmas, 0 ext. lemmas, vars 18, applies 14
[btor>slvfun] 210 AIG vars, 2669 AIG ands, 2005 CNF vars, 5824 CNF clauses
[btor>core] SAT call 2 returned 20 in 0.000 seconds
[btor>mc] bad state property 0 at bound k = 8 UNSATISFIABLE
[btor>mc] found 0 reachable and 0 unreachable bad state properties at bound k = 8
[btor>mc] deleting model checker: 4 inputs, 24 states, 1 bad, 6 constraints
[concubine>main] solving took 0.018584 seconds
