[concubine>main] encoding took 0.001832 seconds
[concubine>main] generated 2058 commands
(:added-eqs           733
 :array-ax1           2
 :array-ax2           2
 :binary-propagations 3766
 :bv-bit2core         848
 :bv-diseqs           6
 :conflicts           59
 :decisions           171
 :del-clause          2
 :eliminated-vars     288
 :max-memory          3.94
 :memory              2.97
 :minimized-lits      429
 :mk-bool-var         933
 :mk-clause           1158
 :num-allocs          41101
 :num-checks          1
 :propagations        7212
 :rlimit-count        58445
 :time                0.39)
unsat
[concubine>main] solving took 0.065123 seconds
