[runlim] version:		1.21
[runlim] host:			c3n07
[runlim] time limit:		86400 seconds
[runlim] real time limit:	86400 seconds
[runlim] space limit:		8000 MB
[runlim] argv[0]:		concubine
[runlim] argv[1]:		solve
[runlim] argv[2]:		-v
[runlim] argv[3]:		-s
[runlim] argv[4]:		btormc
[runlim] argv[5]:		-c
[runlim] argv[6]:		constraints.btor2
[runlim] argv[7]:		-m
[runlim] argv[8]:		init.mmap
[runlim] argv[9]:		-o
[runlim] argv[10]:		btormc-btor2
[runlim] argv[11]:		14
[runlim] argv[12]:		thread.0.asm
[runlim] argv[13]:		thread.1.asm
[runlim] argv[14]:		thread.2.asm
[runlim] argv[15]:		thread.3.asm
[runlim] start:			Thu Dec 10 16:20:23 2020
[runlim] child:			32126
[runlim] end:			Thu Dec 10 16:20:26 2020
[runlim] status:		ok
[runlim] result:		0
[runlim] children:		1
[runlim] real:			2.56 seconds
[runlim] time:			0.03 seconds
[runlim] space:			5 MB
[runlim] samples:		25
