[litmus/run.sh] running 111: litmus/amd/6/run.sh z3 functional
[concubine>main] encoding took 0.027034 seconds
[concubine>main] generated 6770 commands
(:added-eqs           75417
 :array-ax1           21
 :array-ax2           1980
 :array-ext-ax        15
 :binary-propagations 148565
 :bv-bit2core         217342
 :bv-diseqs           17
 :bv-dynamic-diseqs   476
 :bv->core-eq         1374
 :conflicts           1463
 :decisions           3000
 :del-clause          3601
 :eliminated-vars     784
 :max-memory          7.19
 :memory              4.78
 :minimized-lits      9329
 :mk-bool-var         65944
 :mk-clause           7393
 :num-allocs          13801044
 :num-checks          1
 :propagations        281262
 :restarts            13
 :rlimit-count        889109
 :time                0.46)
unsat
[concubine>main] solving took 0.467604 seconds
