[count_stat/run.sh] running 198: count_stat/run.sh cas 2 2 boolector functional
[concubine>main] encoding took 0.150253 seconds
[concubine>main] generated 46453 commands
[btor>main] Boolector Version 3.2.1 master-6500a7be548fd22d8de08ec2621caec6aa97697b
[btor>main]  -std=gnu99 -W -Wall -Wextra -Wredundant-decls -O3
[btor>main] released 2020-12-08T13:56:40
[btor>main] compiled 2020-12-08T13:56:40
[btor>main] GNU 7.5.0
[btor>main] setting signal handlers
[btor>main] no time limit given
[btor>parse] assuming SMT-LIB v2 input,  parsing '<stdin>'
[btor>smt2] parsed 14670 commands in 0.00 seconds
[btor>core] calling SAT
[btor>core] found UFs, disable slice elimination
[btor>varsubst] 6020 variables substituted in 0.0 seconds
[btor>embed] replaced 8 embedded constraints in 0 seconds
[btor>extract] set: 1 (2), set_inc: 0 (0), set_itoi: 0 (0), set_itoip1: 0 (0), cpy: 0 (0)
[btor>extract] extracted 1 lambdas in 0.000 seconds
[btor>merge] merged 0 lambdas in 0.00 seconds
[btor>preprocess] 1 rewriting rounds in 0.0 seconds
[btor>preprocess] simplification returned 0
[btor>slvfun] enabled core engine
[btor>sat] CaDiCaL allows both incremental and non-incremental mode
[btor>sat] initialized CaDiCaL
[btor>slvfun] 3816 AIG vars, 111599 AIG ands, 73069 CNF vars, 230097 CNF clauses
[btorcore] 1 iterations, 20 lemmas, 0 ext. lemmas, vars 376, applies 221
[btor>slvfun] 3816 AIG vars, 112791 AIG ands, 73715 CNF vars, 232308 CNF clauses
[btorcore] 2 iterations, 40 lemmas, 0 ext. lemmas, vars 376, applies 221
[btor>slvfun] 3816 AIG vars, 114111 AIG ands, 74395 CNF vars, 234668 CNF clauses
[btorcore] 3 iterations, 60 lemmas, 0 ext. lemmas, vars 376, applies 221
[btor>slvfun] 3816 AIG vars, 115437 AIG ands, 75081 CNF vars, 237046 CNF clauses
[btorcore] 4 iterations, 79 lemmas, 0 ext. lemmas, vars 376, applies 221
[btor>slvfun] 3816 AIG vars, 116690 AIG ands, 75726 CNF vars, 239285 CNF clauses
[btorcore] 5 iterations, 97 lemmas, 0 ext. lemmas, vars 376, applies 221
[btor>slvfun] 3816 AIG vars, 117866 AIG ands, 76326 CNF vars, 241373 CNF clauses
[btorcore] 6 iterations, 114 lemmas, 0 ext. lemmas, vars 376, applies 221
[btor>slvfun] 3832 AIG vars, 119258 AIG ands, 77094 CNF vars, 243965 CNF clauses
[btorcore] 7 iterations, 121 lemmas, 0 ext. lemmas, vars 376, applies 221
[btor>slvfun] 3832 AIG vars, 119708 AIG ands, 77320 CNF vars, 244755 CNF clauses
[btorcore] 8 iterations, 129 lemmas, 0 ext. lemmas, vars 376, applies 221
[btor>slvfun] 3832 AIG vars, 120159 AIG ands, 77547 CNF vars, 245548 CNF clauses
[btorcore] 9 iterations, 136 lemmas, 0 ext. lemmas, vars 376, applies 221
[btor>slvfun] 3832 AIG vars, 120609 AIG ands, 77773 CNF vars, 246338 CNF clauses
[btorcore] 10 iterations, 139 lemmas, 0 ext. lemmas, vars 376, applies 221
[btor>slvfun] 3832 AIG vars, 120801 AIG ands, 77869 CNF vars, 246674 CNF clauses
[btorcore] 11 iterations, 142 lemmas, 0 ext. lemmas, vars 376, applies 221
[btor>slvfun] 3832 AIG vars, 120993 AIG ands, 77965 CNF vars, 247010 CNF clauses
[btorcore] 12 iterations, 145 lemmas, 0 ext. lemmas, vars 376, applies 221
[btor>slvfun] 3832 AIG vars, 121186 AIG ands, 78062 CNF vars, 247349 CNF clauses
[btorcore] 13 iterations, 148 lemmas, 0 ext. lemmas, vars 376, applies 221
[btor>slvfun] 3832 AIG vars, 121317 AIG ands, 78129 CNF vars, 247582 CNF clauses
[btorcore] 14 iterations, 150 lemmas, 0 ext. lemmas, vars 376, applies 221
[btor>slvfun] 3832 AIG vars, 121445 AIG ands, 78193 CNF vars, 247806 CNF clauses
[btorcore] 15 iterations, 154 lemmas, 0 ext. lemmas, vars 376, applies 221
[btor>slvfun] 3832 AIG vars, 121703 AIG ands, 78323 CNF vars, 248260 CNF clauses
[btorcore] 16 iterations, 158 lemmas, 0 ext. lemmas, vars 376, applies 221
[btor>slvfun] 3832 AIG vars, 121897 AIG ands, 78421 CNF vars, 248602 CNF clauses
[btorcore] 17 iterations, 162 lemmas, 0 ext. lemmas, vars 376, applies 221
[btor>slvfun] 3832 AIG vars, 122153 AIG ands, 78549 CNF vars, 249050 CNF clauses
[btorcore] 18 iterations, 163 lemmas, 0 ext. lemmas, vars 376, applies 221
[btor>slvfun] 3832 AIG vars, 122217 AIG ands, 78581 CNF vars, 249162 CNF clauses
[btorcore] 19 iterations, 164 lemmas, 0 ext. lemmas, vars 376, applies 221
[btor>slvfun] 3832 AIG vars, 122282 AIG ands, 78614 CNF vars, 249277 CNF clauses
[btorcore] 20 iterations, 201 lemmas, 0 ext. lemmas, vars 376, applies 221
[btor>slvfun] 3880 AIG vars, 123925 AIG ands, 79505 CNF vars, 252206 CNF clauses
[btorcore] 21 iterations, 230 lemmas, 0 ext. lemmas, vars 376, applies 221
[btor>slvfun] 3896 AIG vars, 125417 AIG ands, 80278 CNF vars, 254845 CNF clauses
[btorcore] 22 iterations, 265 lemmas, 0 ext. lemmas, vars 376, applies 221
[btor>slvfun] 3896 AIG vars, 127174 AIG ands, 81169 CNF vars, 257951 CNF clauses
[btorcore] 23 iterations, 285 lemmas, 0 ext. lemmas, vars 376, applies 221
[btor>slvfun] 3896 AIG vars, 128024 AIG ands, 81602 CNF vars, 259459 CNF clauses
[btorcore] 24 iterations, 312 lemmas, 0 ext. lemmas, vars 376, applies 221
[btor>slvfun] 3896 AIG vars, 128568 AIG ands, 81890 CNF vars, 260451 CNF clauses
[btorcore] 25 iterations, 331 lemmas, 0 ext. lemmas, vars 376, applies 221
[btor>slvfun] 3896 AIG vars, 128848 AIG ands, 82042 CNF vars, 260971 CNF clauses
[btorcore] 26 iterations, 369 lemmas, 0 ext. lemmas, vars 376, applies 221
[btor>slvfun] 3896 AIG vars, 129854 AIG ands, 82566 CNF vars, 262784 CNF clauses
[btorcore] 27 iterations, 382 lemmas, 0 ext. lemmas, vars 376, applies 221
[btor>slvfun] 3896 AIG vars, 130062 AIG ands, 82678 CNF vars, 263168 CNF clauses
[btorcore] 28 iterations, 394 lemmas, 0 ext. lemmas, vars 376, applies 221
[btor>slvfun] 3896 AIG vars, 130268 AIG ands, 82788 CNF vars, 263546 CNF clauses
[btorcore] 29 iterations, 399 lemmas, 0 ext. lemmas, vars 376, applies 221
[btor>slvfun] 3896 AIG vars, 130340 AIG ands, 82828 CNF vars, 263682 CNF clauses
[btorcore] 30 iterations, 406 lemmas, 0 ext. lemmas, vars 376, applies 221
[btor>slvfun] 3896 AIG vars, 130477 AIG ands, 82902 CNF vars, 263936 CNF clauses
[btorcore] 31 iterations, 411 lemmas, 0 ext. lemmas, vars 376, applies 221
[btor>slvfun] 3896 AIG vars, 130611 AIG ands, 82972 CNF vars, 264178 CNF clauses
[btorcore] 32 iterations, 431 lemmas, 0 ext. lemmas, vars 376, applies 221
[btor>slvfun] 3896 AIG vars, 131276 AIG ands, 83317 CNF vars, 265373 CNF clauses
[btorcore] 33 iterations, 452 lemmas, 0 ext. lemmas, vars 376, applies 221
[btor>slvfun] 3896 AIG vars, 131814 AIG ands, 83599 CNF vars, 266347 CNF clauses
[btorcore] 34 iterations, 460 lemmas, 0 ext. lemmas, vars 376, applies 221
[btor>slvfun] 3896 AIG vars, 131951 AIG ands, 83672 CNF vars, 266598 CNF clauses
[btorcore] 35 iterations, 464 lemmas, 0 ext. lemmas, vars 376, applies 221
[btor>slvfun] 3896 AIG vars, 131957 AIG ands, 83678 CNF vars, 266616 CNF clauses
[btorcore] 36 iterations, 469 lemmas, 0 ext. lemmas, vars 376, applies 221
[btor>slvfun] 3896 AIG vars, 131964 AIG ands, 83685 CNF vars, 266637 CNF clauses
[btorcore] 37 iterations, 475 lemmas, 0 ext. lemmas, vars 376, applies 221
[btor>slvfun] 3896 AIG vars, 132035 AIG ands, 83724 CNF vars, 266770 CNF clauses
[btorcore] 38 iterations, 483 lemmas, 0 ext. lemmas, vars 376, applies 221
[btor>slvfun] 3896 AIG vars, 132171 AIG ands, 83797 CNF vars, 267021 CNF clauses
[btorcore] 39 iterations, 490 lemmas, 0 ext. lemmas, vars 376, applies 221
[btor>slvfun] 3896 AIG vars, 132307 AIG ands, 83869 CNF vars, 267269 CNF clauses
[btorcore] 40 iterations, 496 lemmas, 0 ext. lemmas, vars 376, applies 221
[btor>slvfun] 3896 AIG vars, 132442 AIG ands, 83940 CNF vars, 267514 CNF clauses
[btorcore] 41 iterations, 503 lemmas, 0 ext. lemmas, vars 376, applies 221
[btor>slvfun] 3896 AIG vars, 132640 AIG ands, 84042 CNF vars, 267868 CNF clauses
[btorcore] 42 iterations, 526 lemmas, 0 ext. lemmas, vars 376, applies 221
[btor>slvfun] 3896 AIG vars, 133050 AIG ands, 84260 CNF vars, 268618 CNF clauses
[btorcore] 43 iterations, 538 lemmas, 0 ext. lemmas, vars 376, applies 221
[btor>slvfun] 3896 AIG vars, 133319 AIG ands, 84401 CNF vars, 269105 CNF clauses
[btorcore] 44 iterations, 542 lemmas, 0 ext. lemmas, vars 376, applies 221
[btor>slvfun] 3896 AIG vars, 133325 AIG ands, 84407 CNF vars, 269123 CNF clauses
[btorcore] 45 iterations, 548 lemmas, 0 ext. lemmas, vars 376, applies 221
[btor>slvfun] 3896 AIG vars, 133460 AIG ands, 84478 CNF vars, 269368 CNF clauses
[btorcore] 46 iterations, 556 lemmas, 0 ext. lemmas, vars 376, applies 221
[btor>slvfun] 3896 AIG vars, 133534 AIG ands, 84520 CNF vars, 269510 CNF clauses
[btorcore] 47 iterations, 557 lemmas, 0 ext. lemmas, vars 376, applies 221
[btor>slvfun] 3896 AIG vars, 133535 AIG ands, 84521 CNF vars, 269513 CNF clauses
[btorcore] 48 iterations, 566 lemmas, 0 ext. lemmas, vars 376, applies 221
[btor>slvfun] 3896 AIG vars, 133800 AIG ands, 84658 CNF vars, 269988 CNF clauses
[btorcore] 49 iterations, 569 lemmas, 0 ext. lemmas, vars 376, applies 221
[btor>slvfun] 3896 AIG vars, 133932 AIG ands, 84726 CNF vars, 270224 CNF clauses
[btorcore] 50 iterations, 577 lemmas, 0 ext. lemmas, vars 376, applies 221
[btor>slvfun] 3896 AIG vars, 134133 AIG ands, 84831 CNF vars, 270587 CNF clauses
[btorcore] 51 iterations, 580 lemmas, 0 ext. lemmas, vars 376, applies 221
[btor>slvfun] 3896 AIG vars, 134137 AIG ands, 84835 CNF vars, 270599 CNF clauses
[btorcore] 52 iterations, 588 lemmas, 0 ext. lemmas, vars 376, applies 221
[btor>slvfun] 3896 AIG vars, 134339 AIG ands, 84941 CNF vars, 270965 CNF clauses
[btorcore] 53 iterations, 592 lemmas, 0 ext. lemmas, vars 376, applies 221
[btor>slvfun] 3896 AIG vars, 134408 AIG ands, 84978 CNF vars, 271092 CNF clauses
[btorcore] 54 iterations, 596 lemmas, 0 ext. lemmas, vars 376, applies 221
[btor>slvfun] 3896 AIG vars, 134477 AIG ands, 85015 CNF vars, 271219 CNF clauses
[btorcore] 55 iterations, 604 lemmas, 0 ext. lemmas, vars 376, applies 221
[btor>slvfun] 3896 AIG vars, 134552 AIG ands, 85058 CNF vars, 271364 CNF clauses
[btorcore] 56 iterations, 612 lemmas, 0 ext. lemmas, vars 376, applies 221
[btor>slvfun] 3896 AIG vars, 134691 AIG ands, 85133 CNF vars, 271621 CNF clauses
[btorcore] 57 iterations, 620 lemmas, 0 ext. lemmas, vars 376, applies 221
[btor>slvfun] 3896 AIG vars, 134892 AIG ands, 85238 CNF vars, 271984 CNF clauses
[btorcore] 58 iterations, 628 lemmas, 0 ext. lemmas, vars 376, applies 221
[btor>slvfun] 3896 AIG vars, 135093 AIG ands, 85343 CNF vars, 272347 CNF clauses
[btorcore] 59 iterations, 630 lemmas, 0 ext. lemmas, vars 376, applies 221
[btor>slvfun] 3896 AIG vars, 135095 AIG ands, 85345 CNF vars, 272353 CNF clauses
[btorcore] 60 iterations, 637 lemmas, 0 ext. lemmas, vars 376, applies 221
[btor>slvfun] 3896 AIG vars, 135230 AIG ands, 85416 CNF vars, 272598 CNF clauses
[btorcore] 61 iterations, 639 lemmas, 0 ext. lemmas, vars 376, applies 221
[btor>slvfun] 3896 AIG vars, 135234 AIG ands, 85420 CNF vars, 272610 CNF clauses
[btorcore] 62 iterations, 648 lemmas, 0 ext. lemmas, vars 376, applies 221
[btor>slvfun] 3896 AIG vars, 135374 AIG ands, 85496 CNF vars, 272870 CNF clauses
[btorcore] 63 iterations, 653 lemmas, 0 ext. lemmas, vars 376, applies 221
[btor>slvfun] 3896 AIG vars, 135445 AIG ands, 85535 CNF vars, 273003 CNF clauses
[btorcore] 64 iterations, 654 lemmas, 0 ext. lemmas, vars 376, applies 221
[btor>slvfun] 3896 AIG vars, 135447 AIG ands, 85537 CNF vars, 273009 CNF clauses
[btorcore] 65 iterations, 665 lemmas, 0 ext. lemmas, vars 376, applies 221
[btor>slvfun] 3896 AIG vars, 135778 AIG ands, 85708 CNF vars, 273602 CNF clauses
[btorcore] 66 iterations, 670 lemmas, 0 ext. lemmas, vars 376, applies 221
[btor>slvfun] 3896 AIG vars, 135848 AIG ands, 85746 CNF vars, 273732 CNF clauses
[btorcore] 67 iterations, 675 lemmas, 0 ext. lemmas, vars 376, applies 221
[btor>slvfun] 3896 AIG vars, 135855 AIG ands, 85753 CNF vars, 273753 CNF clauses
[btorcore] 68 iterations, 680 lemmas, 0 ext. lemmas, vars 376, applies 221
[btor>slvfun] 3896 AIG vars, 135924 AIG ands, 85790 CNF vars, 273880 CNF clauses
[btorcore] 69 iterations, 683 lemmas, 0 ext. lemmas, vars 376, applies 221
[btor>slvfun] 3896 AIG vars, 135991 AIG ands, 85825 CNF vars, 274001 CNF clauses
[btorcore] 70 iterations, 688 lemmas, 0 ext. lemmas, vars 376, applies 221
[btor>slvfun] 3896 AIG vars, 136061 AIG ands, 85863 CNF vars, 274131 CNF clauses
[btorcore] 71 iterations, 693 lemmas, 0 ext. lemmas, vars 376, applies 221
[btor>slvfun] 3896 AIG vars, 136131 AIG ands, 85901 CNF vars, 274261 CNF clauses
[btorcore] 72 iterations, 699 lemmas, 0 ext. lemmas, vars 376, applies 221
[btor>slvfun] 3896 AIG vars, 136266 AIG ands, 85972 CNF vars, 274506 CNF clauses
[btorcore] 73 iterations, 714 lemmas, 0 ext. lemmas, vars 376, applies 221
[btor>slvfun] 3896 AIG vars, 136604 AIG ands, 86150 CNF vars, 275120 CNF clauses
[btorcore] 74 iterations, 715 lemmas, 0 ext. lemmas, vars 376, applies 221
[btor>slvfun] 3896 AIG vars, 136607 AIG ands, 86153 CNF vars, 275129 CNF clauses
[btorcore] 75 iterations, 718 lemmas, 0 ext. lemmas, vars 376, applies 221
[btor>slvfun] 3896 AIG vars, 136612 AIG ands, 86158 CNF vars, 275144 CNF clauses
[btorcore] 76 iterations, 728 lemmas, 0 ext. lemmas, vars 376, applies 221
[btor>slvfun] 3896 AIG vars, 136942 AIG ands, 86328 CNF vars, 275734 CNF clauses
[btorcore] 77 iterations, 740 lemmas, 0 ext. lemmas, vars 376, applies 221
[btor>slvfun] 3896 AIG vars, 137146 AIG ands, 86436 CNF vars, 276106 CNF clauses
[btorcore] 78 iterations, 741 lemmas, 0 ext. lemmas, vars 376, applies 221
[btor>slvfun] 3896 AIG vars, 137149 AIG ands, 86439 CNF vars, 276115 CNF clauses
[btorcore] 79 iterations, 755 lemmas, 0 ext. lemmas, vars 376, applies 221
[btor>slvfun] 3896 AIG vars, 137486 AIG ands, 86616 CNF vars, 276726 CNF clauses
[btorcore] 80 iterations, 756 lemmas, 0 ext. lemmas, vars 376, applies 221
[btor>slvfun] 3896 AIG vars, 137551 AIG ands, 86649 CNF vars, 276841 CNF clauses
[btorcore] 81 iterations, 758 lemmas, 0 ext. lemmas, vars 376, applies 221
[btor>slvfun] 3896 AIG vars, 137617 AIG ands, 86683 CNF vars, 276959 CNF clauses
[btorcore] 82 iterations, 760 lemmas, 0 ext. lemmas, vars 376, applies 221
[btor>slvfun] 3896 AIG vars, 137682 AIG ands, 86716 CNF vars, 277074 CNF clauses
[btorcore] 83 iterations, 779 lemmas, 0 ext. lemmas, vars 376, applies 221
[btor>slvfun] 3896 AIG vars, 138089 AIG ands, 86931 CNF vars, 277815 CNF clauses
[btorcore] 84 iterations, 784 lemmas, 0 ext. lemmas, vars 376, applies 221
[btor>slvfun] 3896 AIG vars, 138221 AIG ands, 86999 CNF vars, 278051 CNF clauses
[btorcore] 85 iterations, 785 lemmas, 0 ext. lemmas, vars 376, applies 221
[btor>slvfun] 3896 AIG vars, 138222 AIG ands, 87000 CNF vars, 278054 CNF clauses
[btorcore] 86 iterations, 786 lemmas, 0 ext. lemmas, vars 376, applies 221
[btor>slvfun] 3896 AIG vars, 138225 AIG ands, 87003 CNF vars, 278063 CNF clauses
[btorcore] 87 iterations, 787 lemmas, 0 ext. lemmas, vars 376, applies 221
[btor>slvfun] 3896 AIG vars, 138227 AIG ands, 87005 CNF vars, 278069 CNF clauses
[btorcore] 88 iterations, 788 lemmas, 0 ext. lemmas, vars 376, applies 221
[btor>slvfun] 3896 AIG vars, 138228 AIG ands, 87006 CNF vars, 278072 CNF clauses
[btorcore] 89 iterations, 791 lemmas, 0 ext. lemmas, vars 376, applies 221
[btor>slvfun] 3896 AIG vars, 138232 AIG ands, 87010 CNF vars, 278084 CNF clauses
[btorcore] 90 iterations, 797 lemmas, 0 ext. lemmas, vars 376, applies 221
[btor>slvfun] 3896 AIG vars, 138305 AIG ands, 87051 CNF vars, 278223 CNF clauses
[btorcore] 91 iterations, 798 lemmas, 0 ext. lemmas, vars 376, applies 221
[btor>slvfun] 3896 AIG vars, 138307 AIG ands, 87053 CNF vars, 278229 CNF clauses
[btorcore] 92 iterations, 805 lemmas, 0 ext. lemmas, vars 376, applies 221
[btor>slvfun] 3896 AIG vars, 138444 AIG ands, 87126 CNF vars, 278480 CNF clauses
[btorcore] 93 iterations, 807 lemmas, 0 ext. lemmas, vars 376, applies 221
[btor>slvfun] 3896 AIG vars, 138510 AIG ands, 87160 CNF vars, 278598 CNF clauses
[btorcore] 94 iterations, 810 lemmas, 0 ext. lemmas, vars 376, applies 221
[btor>slvfun] 3896 AIG vars, 138579 AIG ands, 87197 CNF vars, 278725 CNF clauses
[btorcore] 95 iterations, 821 lemmas, 0 ext. lemmas, vars 376, applies 221
[btor>slvfun] 3896 AIG vars, 138848 AIG ands, 87338 CNF vars, 279212 CNF clauses
[btorcore] 96 iterations, 822 lemmas, 0 ext. lemmas, vars 376, applies 221
[btor>slvfun] 3896 AIG vars, 138849 AIG ands, 87339 CNF vars, 279215 CNF clauses
[btorcore] 97 iterations, 826 lemmas, 0 ext. lemmas, vars 376, applies 221
[btor>slvfun] 3896 AIG vars, 138916 AIG ands, 87374 CNF vars, 279336 CNF clauses
[btorcore] 98 iterations, 828 lemmas, 0 ext. lemmas, vars 376, applies 221
[btor>slvfun] 3896 AIG vars, 138982 AIG ands, 87408 CNF vars, 279454 CNF clauses
[btorcore] 99 iterations, 829 lemmas, 0 ext. lemmas, vars 376, applies 221
[btor>slvfun] 3896 AIG vars, 138985 AIG ands, 87411 CNF vars, 279463 CNF clauses
[btorcore] 100 iterations, 831 lemmas, 0 ext. lemmas, vars 376, applies 221
[btor>slvfun] 3896 AIG vars, 139051 AIG ands, 87445 CNF vars, 279581 CNF clauses
[btorcore] 101 iterations, 843 lemmas, 0 ext. lemmas, vars 376, applies 221
[btor>slvfun] 3896 AIG vars, 139257 AIG ands, 87555 CNF vars, 279959 CNF clauses
[btorcore] 102 iterations, 844 lemmas, 0 ext. lemmas, vars 376, applies 221
[btor>slvfun] 3896 AIG vars, 139258 AIG ands, 87556 CNF vars, 279962 CNF clauses
[btorcore] 103 iterations, 845 lemmas, 0 ext. lemmas, vars 376, applies 221
[btor>slvfun] 3896 AIG vars, 139259 AIG ands, 87557 CNF vars, 279965 CNF clauses
[btorcore] 104 iterations, 848 lemmas, 0 ext. lemmas, vars 376, applies 221
[btor>slvfun] 3896 AIG vars, 139263 AIG ands, 87561 CNF vars, 279977 CNF clauses
[btorcore] 105 iterations, 850 lemmas, 0 ext. lemmas, vars 376, applies 221
[btor>slvfun] 3896 AIG vars, 139328 AIG ands, 87594 CNF vars, 280092 CNF clauses
[btorcore] 106 iterations, 851 lemmas, 0 ext. lemmas, vars 376, applies 221
[btor>slvfun] 3896 AIG vars, 139330 AIG ands, 87596 CNF vars, 280098 CNF clauses
[btorcore] 107 iterations, 857 lemmas, 0 ext. lemmas, vars 376, applies 221
[btor>slvfun] 3896 AIG vars, 139403 AIG ands, 87637 CNF vars, 280237 CNF clauses
[btorcore] 108 iterations, 871 lemmas, 0 ext. lemmas, vars 376, applies 221
[btor>slvfun] 3896 AIG vars, 139741 AIG ands, 87815 CNF vars, 280851 CNF clauses
[btorcore] 109 iterations, 872 lemmas, 0 ext. lemmas, vars 376, applies 221
[btor>slvfun] 3896 AIG vars, 139742 AIG ands, 87816 CNF vars, 280854 CNF clauses
[btorcore] 110 iterations, 873 lemmas, 0 ext. lemmas, vars 376, applies 221
[btor>slvfun] 3896 AIG vars, 139808 AIG ands, 87850 CNF vars, 280972 CNF clauses
[btorcore] 111 iterations, 874 lemmas, 0 ext. lemmas, vars 376, applies 221
[btor>slvfun] 3896 AIG vars, 139873 AIG ands, 87883 CNF vars, 281087 CNF clauses
[btorcore] 112 iterations, 877 lemmas, 0 ext. lemmas, vars 376, applies 221
[btor>slvfun] 3896 AIG vars, 139939 AIG ands, 87917 CNF vars, 281205 CNF clauses
[btorcore] 113 iterations, 884 lemmas, 0 ext. lemmas, vars 376, applies 221
[btor>slvfun] 3896 AIG vars, 140138 AIG ands, 88020 CNF vars, 281562 CNF clauses
[btorcore] 114 iterations, 889 lemmas, 0 ext. lemmas, vars 376, applies 221
[btor>slvfun] 3896 AIG vars, 140143 AIG ands, 88025 CNF vars, 281577 CNF clauses
[btorcore] 115 iterations, 890 lemmas, 0 ext. lemmas, vars 376, applies 221
[btor>slvfun] 3896 AIG vars, 140145 AIG ands, 88027 CNF vars, 281583 CNF clauses
[btorcore] 116 iterations, 892 lemmas, 0 ext. lemmas, vars 376, applies 221
[btor>slvfun] 3896 AIG vars, 140148 AIG ands, 88030 CNF vars, 281592 CNF clauses
[btorcore] 117 iterations, 894 lemmas, 0 ext. lemmas, vars 376, applies 221
[btor>slvfun] 3896 AIG vars, 140150 AIG ands, 88032 CNF vars, 281598 CNF clauses
[btorcore] 118 iterations, 898 lemmas, 0 ext. lemmas, vars 376, applies 221
[btor>slvfun] 3896 AIG vars, 140155 AIG ands, 88037 CNF vars, 281613 CNF clauses
[btorcore] 119 iterations, 900 lemmas, 0 ext. lemmas, vars 376, applies 221
[btor>slvfun] 3896 AIG vars, 140158 AIG ands, 88040 CNF vars, 281622 CNF clauses
[btorcore] 120 iterations, 901 lemmas, 0 ext. lemmas, vars 376, applies 221
[btor>slvfun] 3896 AIG vars, 140160 AIG ands, 88042 CNF vars, 281628 CNF clauses
[btorcore] 121 iterations, 903 lemmas, 0 ext. lemmas, vars 376, applies 221
[btor>slvfun] 3896 AIG vars, 140162 AIG ands, 88044 CNF vars, 281634 CNF clauses
[btorcore] 122 iterations, 905 lemmas, 0 ext. lemmas, vars 376, applies 221
[btor>slvfun] 3896 AIG vars, 140164 AIG ands, 88046 CNF vars, 281640 CNF clauses
[btorcore] 123 iterations, 909 lemmas, 0 ext. lemmas, vars 376, applies 221
[btor>slvfun] 3896 AIG vars, 140233 AIG ands, 88083 CNF vars, 281767 CNF clauses
[btorcore] 124 iterations, 918 lemmas, 0 ext. lemmas, vars 376, applies 221
[btor>slvfun] 3896 AIG vars, 140371 AIG ands, 88157 CNF vars, 282021 CNF clauses
[btorcore] 125 iterations, 919 lemmas, 0 ext. lemmas, vars 376, applies 221
[btor>slvfun] 3896 AIG vars, 140372 AIG ands, 88158 CNF vars, 282024 CNF clauses
[btorcore] 126 iterations, 920 lemmas, 0 ext. lemmas, vars 376, applies 221
[btor>slvfun] 3896 AIG vars, 140373 AIG ands, 88159 CNF vars, 282027 CNF clauses
[btorcore] 127 iterations, 923 lemmas, 0 ext. lemmas, vars 376, applies 221
[btor>slvfun] 3896 AIG vars, 140376 AIG ands, 88162 CNF vars, 282036 CNF clauses
[btorcore] 128 iterations, 924 lemmas, 0 ext. lemmas, vars 376, applies 221
[btor>slvfun] 3896 AIG vars, 140440 AIG ands, 88194 CNF vars, 282148 CNF clauses
[btorcore] 129 iterations, 929 lemmas, 0 ext. lemmas, vars 376, applies 221
[btor>slvfun] 3896 AIG vars, 140573 AIG ands, 88263 CNF vars, 282387 CNF clauses
[btorcore] 130 iterations, 931 lemmas, 0 ext. lemmas, vars 376, applies 221
[btor>slvfun] 3896 AIG vars, 140638 AIG ands, 88296 CNF vars, 282502 CNF clauses
[btorcore] 131 iterations, 932 lemmas, 0 ext. lemmas, vars 376, applies 221
[btor>slvfun] 3896 AIG vars, 140639 AIG ands, 88297 CNF vars, 282505 CNF clauses
[btorcore] 132 iterations, 933 lemmas, 0 ext. lemmas, vars 376, applies 221
[btor>slvfun] 3896 AIG vars, 140640 AIG ands, 88298 CNF vars, 282508 CNF clauses
[btorcore] 133 iterations, 936 lemmas, 0 ext. lemmas, vars 376, applies 221
[btor>slvfun] 3896 AIG vars, 140708 AIG ands, 88334 CNF vars, 282632 CNF clauses
[btorcore] 134 iterations, 943 lemmas, 0 ext. lemmas, vars 376, applies 221
[btor>slvfun] 3896 AIG vars, 140717 AIG ands, 88343 CNF vars, 282659 CNF clauses
[btorcore] 135 iterations, 947 lemmas, 0 ext. lemmas, vars 376, applies 221
[btor>slvfun] 3896 AIG vars, 140785 AIG ands, 88379 CNF vars, 282783 CNF clauses
[btorcore] 136 iterations, 949 lemmas, 0 ext. lemmas, vars 376, applies 221
[btor>slvfun] 3896 AIG vars, 140913 AIG ands, 88443 CNF vars, 283007 CNF clauses
[btorcore] 137 iterations, 951 lemmas, 0 ext. lemmas, vars 376, applies 221
[btor>slvfun] 3896 AIG vars, 140979 AIG ands, 88477 CNF vars, 283125 CNF clauses
[btorcore] 138 iterations, 952 lemmas, 0 ext. lemmas, vars 376, applies 221
[btor>slvfun] 3896 AIG vars, 140981 AIG ands, 88479 CNF vars, 283131 CNF clauses
[btorcore] 139 iterations, 957 lemmas, 0 ext. lemmas, vars 376, applies 221
[btor>slvfun] 3896 AIG vars, 141116 AIG ands, 88550 CNF vars, 283376 CNF clauses
[btorcore] 140 iterations, 961 lemmas, 0 ext. lemmas, vars 376, applies 221
[btor>slvfun] 3896 AIG vars, 141183 AIG ands, 88585 CNF vars, 283497 CNF clauses
[btorcore] 141 iterations, 964 lemmas, 0 ext. lemmas, vars 376, applies 221
[btor>slvfun] 3896 AIG vars, 141250 AIG ands, 88620 CNF vars, 283618 CNF clauses
[btorcore] 142 iterations, 967 lemmas, 0 ext. lemmas, vars 376, applies 221
[btor>slvfun] 3896 AIG vars, 141318 AIG ands, 88656 CNF vars, 283742 CNF clauses
[btorcore] 143 iterations, 968 lemmas, 0 ext. lemmas, vars 376, applies 221
[btor>slvfun] 3896 AIG vars, 141320 AIG ands, 88658 CNF vars, 283748 CNF clauses
[btorcore] 144 iterations, 972 lemmas, 0 ext. lemmas, vars 376, applies 221
[btor>slvfun] 3896 AIG vars, 141326 AIG ands, 88664 CNF vars, 283766 CNF clauses
[btorcore] 145 iterations, 975 lemmas, 0 ext. lemmas, vars 376, applies 221
[btor>slvfun] 3896 AIG vars, 141392 AIG ands, 88698 CNF vars, 283884 CNF clauses
[btorcore] 146 iterations, 979 lemmas, 0 ext. lemmas, vars 376, applies 221
[btor>slvfun] 3896 AIG vars, 141459 AIG ands, 88733 CNF vars, 284005 CNF clauses
[btorcore] 147 iterations, 983 lemmas, 0 ext. lemmas, vars 376, applies 221
[btor>slvfun] 3896 AIG vars, 141464 AIG ands, 88738 CNF vars, 284020 CNF clauses
[btorcore] 148 iterations, 984 lemmas, 0 ext. lemmas, vars 376, applies 221
[btor>slvfun] 3896 AIG vars, 141465 AIG ands, 88739 CNF vars, 284023 CNF clauses
[btorcore] 149 iterations, 985 lemmas, 0 ext. lemmas, vars 376, applies 221
[btor>slvfun] 3896 AIG vars, 141467 AIG ands, 88741 CNF vars, 284029 CNF clauses
[btorcore] 150 iterations, 986 lemmas, 0 ext. lemmas, vars 376, applies 221
[btor>slvfun] 3896 AIG vars, 141468 AIG ands, 88742 CNF vars, 284032 CNF clauses
[btorcore] 151 iterations, 994 lemmas, 0 ext. lemmas, vars 376, applies 221
[btor>slvfun] 3896 AIG vars, 141478 AIG ands, 88752 CNF vars, 284062 CNF clauses
[btorcore] 152 iterations, 995 lemmas, 0 ext. lemmas, vars 376, applies 221
[btor>slvfun] 3896 AIG vars, 141479 AIG ands, 88753 CNF vars, 284065 CNF clauses
[btorcore] 153 iterations, 996 lemmas, 0 ext. lemmas, vars 376, applies 221
[btor>slvfun] 3896 AIG vars, 141480 AIG ands, 88754 CNF vars, 284068 CNF clauses
[btorcore] 154 iterations, 999 lemmas, 0 ext. lemmas, vars 376, applies 221
[btor>slvfun] 3896 AIG vars, 141611 AIG ands, 88821 CNF vars, 284301 CNF clauses
[btorcore] 155 iterations, 1001 lemmas, 0 ext. lemmas, vars 376, applies 221
[btor>slvfun] 3896 AIG vars, 141613 AIG ands, 88823 CNF vars, 284307 CNF clauses
[btorcore] 156 iterations, 1004 lemmas, 0 ext. lemmas, vars 376, applies 221
[btor>slvfun] 3896 AIG vars, 141616 AIG ands, 88826 CNF vars, 284316 CNF clauses
[btorcore] 157 iterations, 1007 lemmas, 0 ext. lemmas, vars 376, applies 221
[btor>slvfun] 3896 AIG vars, 141620 AIG ands, 88830 CNF vars, 284328 CNF clauses
[btorcore] 158 iterations, 1014 lemmas, 0 ext. lemmas, vars 376, applies 221
[btor>slvfun] 3896 AIG vars, 141694 AIG ands, 88872 CNF vars, 284470 CNF clauses
[btorcore] 159 iterations, 1019 lemmas, 0 ext. lemmas, vars 376, applies 221
[btor>slvfun] 3896 AIG vars, 141890 AIG ands, 88972 CNF vars, 284818 CNF clauses
[btorcore] 160 iterations, 1023 lemmas, 0 ext. lemmas, vars 376, applies 221
[btor>slvfun] 3896 AIG vars, 141958 AIG ands, 89008 CNF vars, 284942 CNF clauses
[btorcore] 161 iterations, 1025 lemmas, 0 ext. lemmas, vars 376, applies 221
[btor>slvfun] 3896 AIG vars, 141960 AIG ands, 89010 CNF vars, 284948 CNF clauses
[btor>core] SAT call 2 returned 20 in 0.000 seconds
unsat
[btor>smt2] WARNING no 'exit' command at end of '<stdin>'
[btor>smt2] parsed 14671 commands in 0.00 seconds
[btor>parse] logic QF_AUFBV
[btor>parse] status unknown
[btor>sat] 162 SAT calls in 0.0 seconds
[btor>core] 6020/615/13764/2795 constraints 0/0/0/2795 15.6 MB
[btor>core] 0 assumptions
[btor>core] 
[btor>core] 15.06 MB allocated for nodes
[btor>core] 
[btor>core]     0 variable substitutions
[btor>core]     0 uninterpreted function substitutions
[btor>core]     0 embedded constraint substitutions
[btor>core]     0 synthesized nodes rewritten
[btor>core]     0 linear constraint equations
[btor>core]     0 gaussian eliminations in linear equations
[btor>core]     0 eliminated sliced variables
[btor>core]     0 extracted skeleton constraints
[btor>core]  8941 and normalizations
[btor>core]     0 add normalizations
[btor>core]     0 mul normalizations
[btor>core]     0 lambdas merged
[btor>core]     0 static apply propagations over lambdas
[btor>core]     0 static apply propagations over updates
[btor>core]     0 beta reductions
[btor>core]     0 clone calls
[btor>core] 
[btor>core] rewrite rule cache
[btor>core]   14978 cached (add) 
[btor>core]   5125 cached (get)
[btor>core]   2 updated
[btor>core]   0 removed (gc)
[btor>core]   1.10 MB cache
[btor>core] 
[btor>core] bit blasting statistics:
[btor>core]     18427 AIG vectors (18427 max)
[btor>core]    141960 AIG ANDs (141960 max)
[btor>core]      3896 AIG variables
[btor>core]     89010 CNF variables
[btor>core]    284948 CNF clauses
[btor>core]    743828 CNF literals
[btor>slvfun] 
[btor>slvfun] lemmas on demand statistics:
[btor>slvfun]  161 refinement iterations
[btor>slvfun] 1025 LOD refinements
[btor>slvfun]    776 function congruence conflicts
[btor>slvfun]    249 beta reduction conflicts
[btor>slvfun]      0 extensionality lemmas
[btor>slvfun]   4.7 average lemma size
[btor>slvfun]      189 lemmas of size 3
[btor>slvfun]      130 lemmas of size 4
[btor>slvfun]      532 lemmas of size 5
[btor>slvfun]      158 lemmas of size 6
[btor>slvfun]        7 lemmas of size 7
[btor>slvfun]        6 lemmas of size 8
[btor>slvfun]        3 lemmas of size 9
[btor>slvfun] 
[btor>slvfun]     358 expression evaluations
[btor>slvfun]     346 partial beta reductions
[btor>slvfun]  171341 propagations
[btor>slvfun]    3258 propagations down
[btor>core] 
[btor>core] 16.4 MB
[btor>main] unsat
[concubine>main] solving took 813.451 seconds
