[count_stat/run.sh] running 197: count_stat/run.sh cas 2 2 btormc btor2
[concubine>main] encoding took 0.001414 seconds
[concubine>main] generated 424 commands
[btormc] parsing input file...
[btormc] finished parsing
[btor>mc] calling BMC on 1 properties from bound 77 up-to maximum bound k = 77
[btor>mc] trace generation enabled
[btor>mc] new forward manager
[btor>mc] initialized forward frame at bound k = 0
[btor>mc] initialized forward frame at bound k = 1
[btor>mc] initialized forward frame at bound k = 2
[btor>mc] initialized forward frame at bound k = 3
[btor>mc] initialized forward frame at bound k = 4
[btor>mc] initialized forward frame at bound k = 5
[btor>mc] initialized forward frame at bound k = 6
[btor>mc] initialized forward frame at bound k = 7
[btor>mc] initialized forward frame at bound k = 8
[btor>mc] initialized forward frame at bound k = 9
[btor>mc] initialized forward frame at bound k = 10
[btor>mc] initialized forward frame at bound k = 11
[btor>mc] initialized forward frame at bound k = 12
[btor>mc] initialized forward frame at bound k = 13
[btor>mc] initialized forward frame at bound k = 14
[btor>mc] initialized forward frame at bound k = 15
[btor>mc] initialized forward frame at bound k = 16
[btor>mc] initialized forward frame at bound k = 17
[btor>mc] initialized forward frame at bound k = 18
[btor>mc] initialized forward frame at bound k = 19
[btor>mc] initialized forward frame at bound k = 20
[btor>mc] initialized forward frame at bound k = 21
[btor>mc] initialized forward frame at bound k = 22
[btor>mc] initialized forward frame at bound k = 23
[btor>mc] initialized forward frame at bound k = 24
[btor>mc] initialized forward frame at bound k = 25
[btor>mc] initialized forward frame at bound k = 26
[btor>mc] initialized forward frame at bound k = 27
[btor>mc] initialized forward frame at bound k = 28
[btor>mc] initialized forward frame at bound k = 29
[btor>mc] initialized forward frame at bound k = 30
[btor>mc] initialized forward frame at bound k = 31
[btor>mc] initialized forward frame at bound k = 32
[btor>mc] initialized forward frame at bound k = 33
[btor>mc] initialized forward frame at bound k = 34
[btor>mc] initialized forward frame at bound k = 35
[btor>mc] initialized forward frame at bound k = 36
[btor>mc] initialized forward frame at bound k = 37
[btor>mc] initialized forward frame at bound k = 38
[btor>mc] initialized forward frame at bound k = 39
[btor>mc] initialized forward frame at bound k = 40
[btor>mc] initialized forward frame at bound k = 41
[btor>mc] initialized forward frame at bound k = 42
[btor>mc] initialized forward frame at bound k = 43
[btor>mc] initialized forward frame at bound k = 44
[btor>mc] initialized forward frame at bound k = 45
[btor>mc] initialized forward frame at bound k = 46
[btor>mc] initialized forward frame at bound k = 47
[btor>mc] initialized forward frame at bound k = 48
[btor>mc] initialized forward frame at bound k = 49
[btor>mc] initialized forward frame at bound k = 50
[btor>mc] initialized forward frame at bound k = 51
[btor>mc] initialized forward frame at bound k = 52
[btor>mc] initialized forward frame at bound k = 53
[btor>mc] initialized forward frame at bound k = 54
[btor>mc] initialized forward frame at bound k = 55
[btor>mc] initialized forward frame at bound k = 56
[btor>mc] initialized forward frame at bound k = 57
[btor>mc] initialized forward frame at bound k = 58
[btor>mc] initialized forward frame at bound k = 59
[btor>mc] initialized forward frame at bound k = 60
[btor>mc] initialized forward frame at bound k = 61
[btor>mc] initialized forward frame at bound k = 62
[btor>mc] initialized forward frame at bound k = 63
[btor>mc] initialized forward frame at bound k = 64
[btor>mc] initialized forward frame at bound k = 65
[btor>mc] initialized forward frame at bound k = 66
[btor>mc] initialized forward frame at bound k = 67
[btor>mc] initialized forward frame at bound k = 68
[btor>mc] initialized forward frame at bound k = 69
[btor>mc] initialized forward frame at bound k = 70
[btor>mc] initialized forward frame at bound k = 71
[btor>mc] initialized forward frame at bound k = 72
[btor>mc] initialized forward frame at bound k = 73
[btor>mc] initialized forward frame at bound k = 74
[btor>mc] initialized forward frame at bound k = 75
[btor>mc] initialized forward frame at bound k = 76
[btor>mc] initialized forward frame at bound k = 77
[btor>mc] checking forward frame at bound k = 77
[btor>mc] checking forward frame bad state property 0 at bound k = 77
[btor>core] calling SAT
[btor>core] found UFs, disable slice elimination
[btor>varsubst] 92 variables substituted in 0.0 seconds
[btor>embed] replaced 732 embedded constraints in 0 seconds
[btor>embed] replaced 7 embedded constraints in 0 seconds
[btor>extract] set: 0 (0), set_inc: 0 (0), set_itoi: 0 (0), set_itoip1: 0 (0), cpy: 0 (0)
[btor>extract] extracted 0 lambdas in 0.000 seconds
[btor>preprocess] 1 rewriting rounds in 0.0 seconds
[btor>preprocess] simplification returned 0
[btor>slvfun] enabled core engine
[btor>sat] CaDiCaL allows both incremental and non-incremental mode
[btor>sat] initialized CaDiCaL
[btor>slvfun] 3800 AIG vars, 111203 AIG ands, 72616 CNF vars, 228780 CNF clauses
[btorcore] 1 iterations, 12 lemmas, 0 ext. lemmas, vars 376, applies 223
[btor>slvfun] 3800 AIG vars, 111841 AIG ands, 72964 CNF vars, 229969 CNF clauses
[btorcore] 2 iterations, 25 lemmas, 0 ext. lemmas, vars 376, applies 223
[btor>slvfun] 3800 AIG vars, 112689 AIG ands, 73396 CNF vars, 231473 CNF clauses
[btorcore] 3 iterations, 48 lemmas, 0 ext. lemmas, vars 376, applies 223
[btor>slvfun] 3800 AIG vars, 114131 AIG ands, 74135 CNF vars, 234042 CNF clauses
[btorcore] 4 iterations, 69 lemmas, 0 ext. lemmas, vars 376, applies 223
[btor>slvfun] 3800 AIG vars, 115374 AIG ands, 74768 CNF vars, 236246 CNF clauses
[btorcore] 5 iterations, 81 lemmas, 0 ext. lemmas, vars 376, applies 223
[btor>slvfun] 3800 AIG vars, 115978 AIG ands, 75082 CNF vars, 237333 CNF clauses
[btorcore] 6 iterations, 106 lemmas, 0 ext. lemmas, vars 376, applies 223
[btor>slvfun] 3800 AIG vars, 117293 AIG ands, 75758 CNF vars, 239681 CNF clauses
[btorcore] 7 iterations, 124 lemmas, 0 ext. lemmas, vars 376, applies 223
[btor>slvfun] 3800 AIG vars, 118277 AIG ands, 76262 CNF vars, 241433 CNF clauses
[btorcore] 8 iterations, 152 lemmas, 0 ext. lemmas, vars 376, applies 223
[btor>slvfun] 3800 AIG vars, 119662 AIG ands, 76977 CNF vars, 243914 CNF clauses
[btorcore] 9 iterations, 177 lemmas, 0 ext. lemmas, vars 376, applies 223
[btor>slvfun] 3800 AIG vars, 121111 AIG ands, 77727 CNF vars, 246516 CNF clauses
[btorcore] 10 iterations, 204 lemmas, 0 ext. lemmas, vars 376, applies 223
[btor>slvfun] 3800 AIG vars, 122541 AIG ands, 78453 CNF vars, 249046 CNF clauses
[btorcore] 11 iterations, 228 lemmas, 0 ext. lemmas, vars 376, applies 223
[btor>slvfun] 3800 AIG vars, 123464 AIG ands, 78929 CNF vars, 250698 CNF clauses
[btorcore] 12 iterations, 252 lemmas, 0 ext. lemmas, vars 376, applies 223
[btor>slvfun] 3800 AIG vars, 124324 AIG ands, 79373 CNF vars, 252238 CNF clauses
[btorcore] 13 iterations, 283 lemmas, 0 ext. lemmas, vars 376, applies 223
[btor>slvfun] 3800 AIG vars, 125256 AIG ands, 79858 CNF vars, 253917 CNF clauses
[btorcore] 14 iterations, 314 lemmas, 0 ext. lemmas, vars 376, applies 223
[btor>slvfun] 3800 AIG vars, 126374 AIG ands, 80433 CNF vars, 255914 CNF clauses
[btorcore] 15 iterations, 327 lemmas, 0 ext. lemmas, vars 376, applies 223
[btor>slvfun] 3800 AIG vars, 126895 AIG ands, 80698 CNF vars, 256837 CNF clauses
[btorcore] 16 iterations, 343 lemmas, 0 ext. lemmas, vars 376, applies 223
[btor>slvfun] 3800 AIG vars, 127486 AIG ands, 81002 CNF vars, 257893 CNF clauses
[btorcore] 17 iterations, 362 lemmas, 0 ext. lemmas, vars 376, applies 223
[btor>slvfun] 3800 AIG vars, 127953 AIG ands, 81246 CNF vars, 258737 CNF clauses
[btorcore] 18 iterations, 387 lemmas, 0 ext. lemmas, vars 376, applies 223
[btor>slvfun] 3800 AIG vars, 128554 AIG ands, 81561 CNF vars, 259826 CNF clauses
[btorcore] 19 iterations, 399 lemmas, 0 ext. lemmas, vars 376, applies 223
[btor>slvfun] 3800 AIG vars, 128890 AIG ands, 81736 CNF vars, 260432 CNF clauses
[btorcore] 20 iterations, 406 lemmas, 0 ext. lemmas, vars 376, applies 223
[btor>slvfun] 3800 AIG vars, 129026 AIG ands, 81808 CNF vars, 260680 CNF clauses
[btorcore] 21 iterations, 414 lemmas, 0 ext. lemmas, vars 376, applies 223
[btor>slvfun] 3800 AIG vars, 129228 AIG ands, 81915 CNF vars, 261049 CNF clauses
[btorcore] 22 iterations, 435 lemmas, 0 ext. lemmas, vars 376, applies 223
[btor>slvfun] 3800 AIG vars, 129830 AIG ands, 82230 CNF vars, 262138 CNF clauses
[btorcore] 23 iterations, 441 lemmas, 0 ext. lemmas, vars 376, applies 223
[btor>slvfun] 3800 AIG vars, 129903 AIG ands, 82271 CNF vars, 262277 CNF clauses
[btorcore] 24 iterations, 449 lemmas, 0 ext. lemmas, vars 376, applies 223
[btor>slvfun] 3800 AIG vars, 130230 AIG ands, 82440 CNF vars, 262864 CNF clauses
[btorcore] 25 iterations, 454 lemmas, 0 ext. lemmas, vars 376, applies 223
[btor>slvfun] 3800 AIG vars, 130300 AIG ands, 82478 CNF vars, 262994 CNF clauses
[btorcore] 26 iterations, 465 lemmas, 0 ext. lemmas, vars 376, applies 223
[btor>slvfun] 3800 AIG vars, 130570 AIG ands, 82620 CNF vars, 263484 CNF clauses
[btorcore] 27 iterations, 472 lemmas, 0 ext. lemmas, vars 376, applies 223
[btor>slvfun] 3800 AIG vars, 130707 AIG ands, 82694 CNF vars, 263738 CNF clauses
[btorcore] 28 iterations, 479 lemmas, 0 ext. lemmas, vars 376, applies 223
[btor>slvfun] 3800 AIG vars, 130783 AIG ands, 82738 CNF vars, 263886 CNF clauses
[btorcore] 29 iterations, 506 lemmas, 0 ext. lemmas, vars 376, applies 223
[btor>slvfun] 3800 AIG vars, 131142 AIG ands, 82938 CNF vars, 264566 CNF clauses
[btorcore] 30 iterations, 509 lemmas, 0 ext. lemmas, vars 376, applies 223
[btor>slvfun] 3800 AIG vars, 131208 AIG ands, 82973 CNF vars, 264687 CNF clauses
[btorcore] 31 iterations, 526 lemmas, 0 ext. lemmas, vars 376, applies 223
[btor>slvfun] 3800 AIG vars, 131551 AIG ands, 83158 CNF vars, 265322 CNF clauses
[btorcore] 32 iterations, 539 lemmas, 0 ext. lemmas, vars 376, applies 223
[btor>slvfun] 3800 AIG vars, 132011 AIG ands, 83395 CNF vars, 266145 CNF clauses
[btorcore] 33 iterations, 544 lemmas, 0 ext. lemmas, vars 376, applies 223
[btor>slvfun] 3800 AIG vars, 132080 AIG ands, 83432 CNF vars, 266272 CNF clauses
[btorcore] 34 iterations, 548 lemmas, 0 ext. lemmas, vars 376, applies 223
[btor>slvfun] 3800 AIG vars, 132148 AIG ands, 83468 CNF vars, 266396 CNF clauses
[btorcore] 35 iterations, 557 lemmas, 0 ext. lemmas, vars 376, applies 223
[btor>slvfun] 3800 AIG vars, 132415 AIG ands, 83608 CNF vars, 266880 CNF clauses
[btorcore] 36 iterations, 563 lemmas, 0 ext. lemmas, vars 376, applies 223
[btor>slvfun] 3800 AIG vars, 132487 AIG ands, 83648 CNF vars, 267016 CNF clauses
[btorcore] 37 iterations, 568 lemmas, 0 ext. lemmas, vars 376, applies 223
[btor>slvfun] 3800 AIG vars, 132557 AIG ands, 83687 CNF vars, 267149 CNF clauses
[btorcore] 38 iterations, 581 lemmas, 0 ext. lemmas, vars 376, applies 223
[btor>slvfun] 3800 AIG vars, 132956 AIG ands, 83895 CNF vars, 267869 CNF clauses
[btorcore] 39 iterations, 585 lemmas, 0 ext. lemmas, vars 376, applies 223
[btor>slvfun] 3800 AIG vars, 132962 AIG ands, 83901 CNF vars, 267887 CNF clauses
[btorcore] 40 iterations, 590 lemmas, 0 ext. lemmas, vars 376, applies 223
[btor>slvfun] 3800 AIG vars, 133032 AIG ands, 83940 CNF vars, 268020 CNF clauses
[btorcore] 41 iterations, 596 lemmas, 0 ext. lemmas, vars 376, applies 223
[btor>slvfun] 3800 AIG vars, 133104 AIG ands, 83980 CNF vars, 268156 CNF clauses
[btorcore] 42 iterations, 602 lemmas, 0 ext. lemmas, vars 376, applies 223
[btor>slvfun] 3800 AIG vars, 133239 AIG ands, 84052 CNF vars, 268404 CNF clauses
[btorcore] 43 iterations, 609 lemmas, 0 ext. lemmas, vars 376, applies 223
[btor>slvfun] 3800 AIG vars, 133374 AIG ands, 84124 CNF vars, 268652 CNF clauses
[btorcore] 44 iterations, 625 lemmas, 0 ext. lemmas, vars 376, applies 223
[btor>slvfun] 3800 AIG vars, 133839 AIG ands, 84368 CNF vars, 269496 CNF clauses
[btorcore] 45 iterations, 635 lemmas, 0 ext. lemmas, vars 376, applies 223
[btor>slvfun] 3800 AIG vars, 134046 AIG ands, 84479 CNF vars, 269877 CNF clauses
[btorcore] 46 iterations, 638 lemmas, 0 ext. lemmas, vars 376, applies 223
[btor>slvfun] 3800 AIG vars, 134049 AIG ands, 84482 CNF vars, 269886 CNF clauses
[btorcore] 47 iterations, 641 lemmas, 0 ext. lemmas, vars 376, applies 223
[btor>slvfun] 3800 AIG vars, 134115 AIG ands, 84517 CNF vars, 270007 CNF clauses
[btorcore] 48 iterations, 649 lemmas, 0 ext. lemmas, vars 376, applies 223
[btor>slvfun] 3800 AIG vars, 134254 AIG ands, 84592 CNF vars, 270264 CNF clauses
[btorcore] 49 iterations, 654 lemmas, 0 ext. lemmas, vars 376, applies 223
[btor>slvfun] 3800 AIG vars, 134324 AIG ands, 84630 CNF vars, 270394 CNF clauses
[btorcore] 50 iterations, 660 lemmas, 0 ext. lemmas, vars 376, applies 223
[btor>slvfun] 3800 AIG vars, 134652 AIG ands, 84798 CNF vars, 270978 CNF clauses
[btorcore] 51 iterations, 667 lemmas, 0 ext. lemmas, vars 376, applies 223
[btor>slvfun] 3800 AIG vars, 134729 AIG ands, 84844 CNF vars, 271132 CNF clauses
[btorcore] 52 iterations, 682 lemmas, 0 ext. lemmas, vars 376, applies 223
[btor>slvfun] 3800 AIG vars, 135003 AIG ands, 84991 CNF vars, 271637 CNF clauses
[btorcore] 53 iterations, 696 lemmas, 0 ext. lemmas, vars 376, applies 223
[btor>slvfun] 3800 AIG vars, 135210 AIG ands, 85103 CNF vars, 272021 CNF clauses
[btorcore] 54 iterations, 711 lemmas, 0 ext. lemmas, vars 376, applies 223
[btor>slvfun] 3800 AIG vars, 135423 AIG ands, 85221 CNF vars, 272423 CNF clauses
[btorcore] 55 iterations, 718 lemmas, 0 ext. lemmas, vars 376, applies 223
[btor>slvfun] 3800 AIG vars, 135686 AIG ands, 85357 CNF vars, 272895 CNF clauses
[btorcore] 56 iterations, 733 lemmas, 0 ext. lemmas, vars 376, applies 223
[btor>slvfun] 3800 AIG vars, 135961 AIG ands, 85505 CNF vars, 273403 CNF clauses
[btorcore] 57 iterations, 745 lemmas, 0 ext. lemmas, vars 376, applies 223
[btor>slvfun] 3800 AIG vars, 136106 AIG ands, 85586 CNF vars, 273678 CNF clauses
[btorcore] 58 iterations, 749 lemmas, 0 ext. lemmas, vars 376, applies 223
[btor>slvfun] 3800 AIG vars, 136236 AIG ands, 85653 CNF vars, 273911 CNF clauses
[btorcore] 59 iterations, 753 lemmas, 0 ext. lemmas, vars 376, applies 223
[btor>slvfun] 3800 AIG vars, 136303 AIG ands, 85688 CNF vars, 274032 CNF clauses
[btorcore] 60 iterations, 766 lemmas, 0 ext. lemmas, vars 376, applies 223
[btor>slvfun] 3800 AIG vars, 136446 AIG ands, 85768 CNF vars, 274304 CNF clauses
[btorcore] 61 iterations, 773 lemmas, 0 ext. lemmas, vars 376, applies 223
[btor>slvfun] 3800 AIG vars, 136518 AIG ands, 85808 CNF vars, 274440 CNF clauses
[btorcore] 62 iterations, 774 lemmas, 0 ext. lemmas, vars 376, applies 223
[btor>slvfun] 3800 AIG vars, 136521 AIG ands, 85811 CNF vars, 274449 CNF clauses
[btorcore] 63 iterations, 775 lemmas, 0 ext. lemmas, vars 376, applies 223
[btor>slvfun] 3800 AIG vars, 136522 AIG ands, 85812 CNF vars, 274452 CNF clauses
[btorcore] 64 iterations, 776 lemmas, 0 ext. lemmas, vars 376, applies 223
[btor>slvfun] 3800 AIG vars, 136586 AIG ands, 85844 CNF vars, 274564 CNF clauses
[btorcore] 65 iterations, 779 lemmas, 0 ext. lemmas, vars 376, applies 223
[btor>slvfun] 3800 AIG vars, 136652 AIG ands, 85878 CNF vars, 274682 CNF clauses
[btorcore] 66 iterations, 787 lemmas, 0 ext. lemmas, vars 376, applies 223
[btor>slvfun] 3800 AIG vars, 136789 AIG ands, 85952 CNF vars, 274936 CNF clauses
[btorcore] 67 iterations, 794 lemmas, 0 ext. lemmas, vars 376, applies 223
[btor>slvfun] 3800 AIG vars, 136924 AIG ands, 86023 CNF vars, 275181 CNF clauses
[btorcore] 68 iterations, 795 lemmas, 0 ext. lemmas, vars 376, applies 223
[btor>slvfun] 3800 AIG vars, 136926 AIG ands, 86025 CNF vars, 275187 CNF clauses
[btorcore] 69 iterations, 808 lemmas, 0 ext. lemmas, vars 376, applies 223
[btor>slvfun] 3800 AIG vars, 137132 AIG ands, 86136 CNF vars, 275568 CNF clauses
[btorcore] 70 iterations, 812 lemmas, 0 ext. lemmas, vars 376, applies 223
[btor>slvfun] 3800 AIG vars, 137263 AIG ands, 86203 CNF vars, 275801 CNF clauses
[btorcore] 71 iterations, 816 lemmas, 0 ext. lemmas, vars 376, applies 223
[btor>slvfun] 3800 AIG vars, 137332 AIG ands, 86240 CNF vars, 275928 CNF clauses
[btorcore] 72 iterations, 823 lemmas, 0 ext. lemmas, vars 376, applies 223
[btor>slvfun] 3800 AIG vars, 137465 AIG ands, 86310 CNF vars, 276170 CNF clauses
[btorcore] 73 iterations, 825 lemmas, 0 ext. lemmas, vars 376, applies 223
[btor>slvfun] 3800 AIG vars, 137469 AIG ands, 86314 CNF vars, 276182 CNF clauses
[btorcore] 74 iterations, 830 lemmas, 0 ext. lemmas, vars 376, applies 223
[btor>slvfun] 3800 AIG vars, 137475 AIG ands, 86320 CNF vars, 276200 CNF clauses
[btorcore] 75 iterations, 832 lemmas, 0 ext. lemmas, vars 376, applies 223
[btor>slvfun] 3800 AIG vars, 137477 AIG ands, 86322 CNF vars, 276206 CNF clauses
[btorcore] 76 iterations, 837 lemmas, 0 ext. lemmas, vars 376, applies 223
[btor>slvfun] 3800 AIG vars, 137548 AIG ands, 86361 CNF vars, 276339 CNF clauses
[btorcore] 77 iterations, 842 lemmas, 0 ext. lemmas, vars 376, applies 223
[btor>slvfun] 3800 AIG vars, 137680 AIG ands, 86430 CNF vars, 276578 CNF clauses
[btorcore] 78 iterations, 848 lemmas, 0 ext. lemmas, vars 376, applies 223
[btor>slvfun] 3800 AIG vars, 137688 AIG ands, 86438 CNF vars, 276602 CNF clauses
[btorcore] 79 iterations, 849 lemmas, 0 ext. lemmas, vars 376, applies 223
[btor>slvfun] 3800 AIG vars, 137752 AIG ands, 86470 CNF vars, 276714 CNF clauses
[btorcore] 80 iterations, 855 lemmas, 0 ext. lemmas, vars 376, applies 223
[btor>slvfun] 3800 AIG vars, 137888 AIG ands, 86542 CNF vars, 276962 CNF clauses
[btorcore] 81 iterations, 858 lemmas, 0 ext. lemmas, vars 376, applies 223
[btor>slvfun] 3800 AIG vars, 137956 AIG ands, 86578 CNF vars, 277086 CNF clauses
[btorcore] 82 iterations, 874 lemmas, 0 ext. lemmas, vars 376, applies 223
[btor>slvfun] 3800 AIG vars, 138231 AIG ands, 86726 CNF vars, 277594 CNF clauses
[btorcore] 83 iterations, 877 lemmas, 0 ext. lemmas, vars 376, applies 223
[btor>slvfun] 3800 AIG vars, 138235 AIG ands, 86730 CNF vars, 277606 CNF clauses
[btorcore] 84 iterations, 879 lemmas, 0 ext. lemmas, vars 376, applies 223
[btor>slvfun] 3800 AIG vars, 138300 AIG ands, 86764 CNF vars, 277724 CNF clauses
[btorcore] 85 iterations, 880 lemmas, 0 ext. lemmas, vars 376, applies 223
[btor>slvfun] 3800 AIG vars, 138365 AIG ands, 86797 CNF vars, 277839 CNF clauses
[btorcore] 86 iterations, 889 lemmas, 0 ext. lemmas, vars 376, applies 223
[btor>slvfun] 3800 AIG vars, 138503 AIG ands, 86872 CNF vars, 278096 CNF clauses
[btorcore] 87 iterations, 894 lemmas, 0 ext. lemmas, vars 376, applies 223
[btor>slvfun] 3800 AIG vars, 138636 AIG ands, 86941 CNF vars, 278335 CNF clauses
[btorcore] 88 iterations, 904 lemmas, 0 ext. lemmas, vars 376, applies 223
[btor>slvfun] 3800 AIG vars, 138712 AIG ands, 86986 CNF vars, 278486 CNF clauses
[btorcore] 89 iterations, 907 lemmas, 0 ext. lemmas, vars 376, applies 223
[btor>slvfun] 3800 AIG vars, 138715 AIG ands, 86989 CNF vars, 278495 CNF clauses
[btorcore] 90 iterations, 909 lemmas, 0 ext. lemmas, vars 376, applies 223
[btor>slvfun] 3800 AIG vars, 138718 AIG ands, 86992 CNF vars, 278504 CNF clauses
[btorcore] 91 iterations, 920 lemmas, 0 ext. lemmas, vars 376, applies 223
[btor>slvfun] 3800 AIG vars, 138860 AIG ands, 87071 CNF vars, 278773 CNF clauses
[btorcore] 92 iterations, 923 lemmas, 0 ext. lemmas, vars 376, applies 223
[btor>slvfun] 3800 AIG vars, 138926 AIG ands, 87105 CNF vars, 278891 CNF clauses
[btorcore] 93 iterations, 925 lemmas, 0 ext. lemmas, vars 376, applies 223
[btor>slvfun] 3800 AIG vars, 138928 AIG ands, 87107 CNF vars, 278897 CNF clauses
[btorcore] 94 iterations, 927 lemmas, 0 ext. lemmas, vars 376, applies 223
[btor>slvfun] 3800 AIG vars, 138931 AIG ands, 87110 CNF vars, 278906 CNF clauses
[btorcore] 95 iterations, 929 lemmas, 0 ext. lemmas, vars 376, applies 223
[btor>slvfun] 3800 AIG vars, 138997 AIG ands, 87144 CNF vars, 279024 CNF clauses
[btorcore] 96 iterations, 930 lemmas, 0 ext. lemmas, vars 376, applies 223
[btor>slvfun] 3800 AIG vars, 139000 AIG ands, 87147 CNF vars, 279033 CNF clauses
[btorcore] 97 iterations, 936 lemmas, 0 ext. lemmas, vars 376, applies 223
[btor>slvfun] 3800 AIG vars, 139135 AIG ands, 87218 CNF vars, 279278 CNF clauses
[btorcore] 98 iterations, 942 lemmas, 0 ext. lemmas, vars 376, applies 223
[btor>slvfun] 3800 AIG vars, 139207 AIG ands, 87258 CNF vars, 279414 CNF clauses
[btorcore] 99 iterations, 943 lemmas, 0 ext. lemmas, vars 376, applies 223
[btor>slvfun] 3800 AIG vars, 139208 AIG ands, 87259 CNF vars, 279417 CNF clauses
[btorcore] 100 iterations, 949 lemmas, 0 ext. lemmas, vars 376, applies 223
[btor>slvfun] 3800 AIG vars, 139214 AIG ands, 87266 CNF vars, 279438 CNF clauses
[btorcore] 101 iterations, 951 lemmas, 0 ext. lemmas, vars 376, applies 223
[btor>slvfun] 3800 AIG vars, 139279 AIG ands, 87299 CNF vars, 279553 CNF clauses
[btorcore] 102 iterations, 952 lemmas, 0 ext. lemmas, vars 376, applies 223
[btor>slvfun] 3800 AIG vars, 139281 AIG ands, 87301 CNF vars, 279559 CNF clauses
[btorcore] 103 iterations, 955 lemmas, 0 ext. lemmas, vars 376, applies 223
[btor>slvfun] 3800 AIG vars, 139284 AIG ands, 87304 CNF vars, 279568 CNF clauses
[btorcore] 104 iterations, 958 lemmas, 0 ext. lemmas, vars 376, applies 223
[btor>slvfun] 3800 AIG vars, 139350 AIG ands, 87338 CNF vars, 279686 CNF clauses
[btorcore] 105 iterations, 964 lemmas, 0 ext. lemmas, vars 376, applies 223
[btor>slvfun] 3800 AIG vars, 139485 AIG ands, 87409 CNF vars, 279931 CNF clauses
[btorcore] 106 iterations, 970 lemmas, 0 ext. lemmas, vars 376, applies 223
[btor>slvfun] 3800 AIG vars, 139556 AIG ands, 87448 CNF vars, 280064 CNF clauses
[btorcore] 107 iterations, 974 lemmas, 0 ext. lemmas, vars 376, applies 223
[btor>slvfun] 3800 AIG vars, 139625 AIG ands, 87485 CNF vars, 280191 CNF clauses
[btorcore] 108 iterations, 975 lemmas, 0 ext. lemmas, vars 376, applies 223
[btor>slvfun] 3800 AIG vars, 139626 AIG ands, 87486 CNF vars, 280194 CNF clauses
[btorcore] 109 iterations, 986 lemmas, 0 ext. lemmas, vars 376, applies 223
[btor>slvfun] 3800 AIG vars, 139772 AIG ands, 87568 CNF vars, 280472 CNF clauses
[btorcore] 110 iterations, 988 lemmas, 0 ext. lemmas, vars 376, applies 223
[btor>slvfun] 3800 AIG vars, 139837 AIG ands, 87601 CNF vars, 280587 CNF clauses
[btorcore] 111 iterations, 990 lemmas, 0 ext. lemmas, vars 376, applies 223
[btor>slvfun] 3800 AIG vars, 139902 AIG ands, 87635 CNF vars, 280705 CNF clauses
[btorcore] 112 iterations, 995 lemmas, 0 ext. lemmas, vars 376, applies 223
[btor>slvfun] 3800 AIG vars, 139971 AIG ands, 87673 CNF vars, 280835 CNF clauses
[btorcore] 113 iterations, 996 lemmas, 0 ext. lemmas, vars 376, applies 223
[btor>slvfun] 3800 AIG vars, 139972 AIG ands, 87674 CNF vars, 280838 CNF clauses
[btorcore] 114 iterations, 998 lemmas, 0 ext. lemmas, vars 376, applies 223
[btor>slvfun] 3800 AIG vars, 140037 AIG ands, 87707 CNF vars, 280953 CNF clauses
[btorcore] 115 iterations, 1000 lemmas, 0 ext. lemmas, vars 376, applies 223
[btor>slvfun] 3800 AIG vars, 140039 AIG ands, 87709 CNF vars, 280959 CNF clauses
[btorcore] 116 iterations, 1003 lemmas, 0 ext. lemmas, vars 376, applies 223
[btor>slvfun] 3800 AIG vars, 140107 AIG ands, 87745 CNF vars, 281083 CNF clauses
[btorcore] 117 iterations, 1009 lemmas, 0 ext. lemmas, vars 376, applies 223
[btor>slvfun] 3800 AIG vars, 140114 AIG ands, 87752 CNF vars, 281104 CNF clauses
[btorcore] 118 iterations, 1010 lemmas, 0 ext. lemmas, vars 376, applies 223
[btor>slvfun] 3800 AIG vars, 140116 AIG ands, 87754 CNF vars, 281110 CNF clauses
[btorcore] 119 iterations, 1012 lemmas, 0 ext. lemmas, vars 376, applies 223
[btor>slvfun] 3800 AIG vars, 140119 AIG ands, 87757 CNF vars, 281119 CNF clauses
[btorcore] 120 iterations, 1018 lemmas, 0 ext. lemmas, vars 376, applies 223
[btor>slvfun] 3800 AIG vars, 140189 AIG ands, 87795 CNF vars, 281249 CNF clauses
[btorcore] 121 iterations, 1021 lemmas, 0 ext. lemmas, vars 376, applies 223
[btor>slvfun] 3800 AIG vars, 140192 AIG ands, 87798 CNF vars, 281258 CNF clauses
[btorcore] 122 iterations, 1025 lemmas, 0 ext. lemmas, vars 376, applies 223
[btor>slvfun] 3800 AIG vars, 140197 AIG ands, 87803 CNF vars, 281273 CNF clauses
[btorcore] 123 iterations, 1026 lemmas, 0 ext. lemmas, vars 376, applies 223
[btor>slvfun] 3800 AIG vars, 140198 AIG ands, 87804 CNF vars, 281276 CNF clauses
[btorcore] 124 iterations, 1028 lemmas, 0 ext. lemmas, vars 376, applies 223
[btor>slvfun] 3800 AIG vars, 140263 AIG ands, 87837 CNF vars, 281391 CNF clauses
[btorcore] 125 iterations, 1041 lemmas, 0 ext. lemmas, vars 376, applies 223
[btor>slvfun] 3800 AIG vars, 140408 AIG ands, 87918 CNF vars, 281666 CNF clauses
[btorcore] 126 iterations, 1042 lemmas, 0 ext. lemmas, vars 376, applies 223
[btor>slvfun] 3800 AIG vars, 140410 AIG ands, 87920 CNF vars, 281672 CNF clauses
[btorcore] 127 iterations, 1043 lemmas, 0 ext. lemmas, vars 376, applies 223
[btor>slvfun] 3800 AIG vars, 140412 AIG ands, 87922 CNF vars, 281678 CNF clauses
[btorcore] 128 iterations, 1045 lemmas, 0 ext. lemmas, vars 376, applies 223
[btor>slvfun] 3800 AIG vars, 140414 AIG ands, 87924 CNF vars, 281684 CNF clauses
[btorcore] 129 iterations, 1050 lemmas, 0 ext. lemmas, vars 376, applies 223
[btor>slvfun] 3800 AIG vars, 140485 AIG ands, 87963 CNF vars, 281817 CNF clauses
[btorcore] 130 iterations, 1051 lemmas, 0 ext. lemmas, vars 376, applies 223
[btor>slvfun] 3800 AIG vars, 140486 AIG ands, 87964 CNF vars, 281820 CNF clauses
[btorcore] 131 iterations, 1052 lemmas, 0 ext. lemmas, vars 376, applies 223
[btor>slvfun] 3800 AIG vars, 140487 AIG ands, 87965 CNF vars, 281823 CNF clauses
[btorcore] 132 iterations, 1057 lemmas, 0 ext. lemmas, vars 376, applies 223
[btor>slvfun] 3800 AIG vars, 140557 AIG ands, 88003 CNF vars, 281953 CNF clauses
[btorcore] 133 iterations, 1062 lemmas, 0 ext. lemmas, vars 376, applies 223
[btor>slvfun] 3800 AIG vars, 140627 AIG ands, 88042 CNF vars, 282086 CNF clauses
[btorcore] 134 iterations, 1071 lemmas, 0 ext. lemmas, vars 376, applies 223
[btor>slvfun] 3800 AIG vars, 140702 AIG ands, 88085 CNF vars, 282231 CNF clauses
[btorcore] 135 iterations, 1072 lemmas, 0 ext. lemmas, vars 376, applies 223
[btor>slvfun] 3800 AIG vars, 140703 AIG ands, 88086 CNF vars, 282234 CNF clauses
[btorcore] 136 iterations, 1073 lemmas, 0 ext. lemmas, vars 376, applies 223
[btor>slvfun] 3800 AIG vars, 140704 AIG ands, 88087 CNF vars, 282237 CNF clauses
[btorcore] 137 iterations, 1075 lemmas, 0 ext. lemmas, vars 376, applies 223
[btor>slvfun] 3800 AIG vars, 140706 AIG ands, 88089 CNF vars, 282243 CNF clauses
[btorcore] 138 iterations, 1077 lemmas, 0 ext. lemmas, vars 376, applies 223
[btor>slvfun] 3800 AIG vars, 140709 AIG ands, 88092 CNF vars, 282252 CNF clauses
[btorcore] 139 iterations, 1083 lemmas, 0 ext. lemmas, vars 376, applies 223
[btor>slvfun] 3800 AIG vars, 140782 AIG ands, 88133 CNF vars, 282391 CNF clauses
[btorcore] 140 iterations, 1087 lemmas, 0 ext. lemmas, vars 376, applies 223
[btor>slvfun] 3800 AIG vars, 140787 AIG ands, 88138 CNF vars, 282406 CNF clauses
[btorcore] 141 iterations, 1088 lemmas, 0 ext. lemmas, vars 376, applies 223
[btor>slvfun] 3800 AIG vars, 140788 AIG ands, 88139 CNF vars, 282409 CNF clauses
[btorcore] 142 iterations, 1092 lemmas, 0 ext. lemmas, vars 376, applies 223
[btor>slvfun] 3800 AIG vars, 140794 AIG ands, 88145 CNF vars, 282427 CNF clauses
[btorcore] 143 iterations, 1093 lemmas, 0 ext. lemmas, vars 376, applies 223
[btor>slvfun] 3800 AIG vars, 140795 AIG ands, 88146 CNF vars, 282430 CNF clauses
[btorcore] 144 iterations, 1096 lemmas, 0 ext. lemmas, vars 376, applies 223
[btor>slvfun] 3800 AIG vars, 140799 AIG ands, 88150 CNF vars, 282442 CNF clauses
[btorcore] 145 iterations, 1097 lemmas, 0 ext. lemmas, vars 376, applies 223
[btor>slvfun] 3800 AIG vars, 140801 AIG ands, 88152 CNF vars, 282448 CNF clauses
[btorcore] 146 iterations, 1102 lemmas, 0 ext. lemmas, vars 376, applies 223
[btor>slvfun] 3800 AIG vars, 140806 AIG ands, 88157 CNF vars, 282463 CNF clauses
[btorcore] 147 iterations, 1104 lemmas, 0 ext. lemmas, vars 376, applies 223
[btor>slvfun] 3800 AIG vars, 140873 AIG ands, 88192 CNF vars, 282584 CNF clauses
[btorcore] 148 iterations, 1106 lemmas, 0 ext. lemmas, vars 376, applies 223
[btor>slvfun] 3800 AIG vars, 140875 AIG ands, 88194 CNF vars, 282590 CNF clauses
[btorcore] 149 iterations, 1107 lemmas, 0 ext. lemmas, vars 376, applies 223
[btor>slvfun] 3800 AIG vars, 140876 AIG ands, 88195 CNF vars, 282593 CNF clauses
[btorcore] 150 iterations, 1108 lemmas, 0 ext. lemmas, vars 376, applies 223
[btor>slvfun] 3800 AIG vars, 140877 AIG ands, 88196 CNF vars, 282596 CNF clauses
[btorcore] 151 iterations, 1111 lemmas, 0 ext. lemmas, vars 376, applies 223
[btor>slvfun] 3800 AIG vars, 140943 AIG ands, 88230 CNF vars, 282714 CNF clauses
[btorcore] 152 iterations, 1112 lemmas, 0 ext. lemmas, vars 376, applies 223
[btor>slvfun] 3800 AIG vars, 140945 AIG ands, 88232 CNF vars, 282720 CNF clauses
[btorcore] 153 iterations, 1116 lemmas, 0 ext. lemmas, vars 376, applies 223
[btor>slvfun] 3800 AIG vars, 141016 AIG ands, 88271 CNF vars, 282853 CNF clauses
[btorcore] 154 iterations, 1120 lemmas, 0 ext. lemmas, vars 376, applies 223
[btor>slvfun] 3800 AIG vars, 141083 AIG ands, 88307 CNF vars, 282977 CNF clauses
[btorcore] 155 iterations, 1122 lemmas, 0 ext. lemmas, vars 376, applies 223
[btor>slvfun] 3800 AIG vars, 141150 AIG ands, 88342 CNF vars, 283098 CNF clauses
[btorcore] 156 iterations, 1124 lemmas, 0 ext. lemmas, vars 376, applies 223
[btor>slvfun] 3800 AIG vars, 141153 AIG ands, 88345 CNF vars, 283107 CNF clauses
[btorcore] 157 iterations, 1125 lemmas, 0 ext. lemmas, vars 376, applies 223
[btor>slvfun] 3800 AIG vars, 141154 AIG ands, 88346 CNF vars, 283110 CNF clauses
[btorcore] 158 iterations, 1126 lemmas, 0 ext. lemmas, vars 376, applies 223
[btor>slvfun] 3800 AIG vars, 141155 AIG ands, 88347 CNF vars, 283113 CNF clauses
[btorcore] 159 iterations, 1127 lemmas, 0 ext. lemmas, vars 376, applies 223
[btor>slvfun] 3800 AIG vars, 141156 AIG ands, 88348 CNF vars, 283116 CNF clauses
[btorcore] 160 iterations, 1129 lemmas, 0 ext. lemmas, vars 376, applies 223
[btor>slvfun] 3800 AIG vars, 141158 AIG ands, 88350 CNF vars, 283122 CNF clauses
[btorcore] 161 iterations, 1130 lemmas, 0 ext. lemmas, vars 376, applies 223
[btor>slvfun] 3800 AIG vars, 141159 AIG ands, 88351 CNF vars, 283125 CNF clauses
[btorcore] 162 iterations, 1131 lemmas, 0 ext. lemmas, vars 376, applies 223
[btor>slvfun] 3800 AIG vars, 141160 AIG ands, 88352 CNF vars, 283128 CNF clauses
[btorcore] 163 iterations, 1132 lemmas, 0 ext. lemmas, vars 376, applies 223
[btor>slvfun] 3800 AIG vars, 141162 AIG ands, 88354 CNF vars, 283134 CNF clauses
[btorcore] 164 iterations, 1134 lemmas, 0 ext. lemmas, vars 376, applies 223
[btor>slvfun] 3800 AIG vars, 141166 AIG ands, 88358 CNF vars, 283146 CNF clauses
[btorcore] 165 iterations, 1136 lemmas, 0 ext. lemmas, vars 376, applies 223
[btor>slvfun] 3800 AIG vars, 141168 AIG ands, 88360 CNF vars, 283152 CNF clauses
[btorcore] 166 iterations, 1139 lemmas, 0 ext. lemmas, vars 376, applies 223
[btor>slvfun] 3800 AIG vars, 141173 AIG ands, 88365 CNF vars, 283167 CNF clauses
[btorcore] 167 iterations, 1140 lemmas, 0 ext. lemmas, vars 376, applies 223
[btor>slvfun] 3800 AIG vars, 141174 AIG ands, 88366 CNF vars, 283170 CNF clauses
[btorcore] 168 iterations, 1144 lemmas, 0 ext. lemmas, vars 376, applies 223
[btor>slvfun] 3800 AIG vars, 141241 AIG ands, 88401 CNF vars, 283291 CNF clauses
[btorcore] 169 iterations, 1145 lemmas, 0 ext. lemmas, vars 376, applies 223
[btor>slvfun] 3800 AIG vars, 141242 AIG ands, 88402 CNF vars, 283294 CNF clauses
[btor>core] SAT call 2 returned 20 in 0.000 seconds
[btor>mc] bad state property 0 at bound k = 77 UNSATISFIABLE
[btor>mc] found 0 reachable and 0 unreachable bad state properties at bound k = 77
[btor>mc] deleting model checker: 6 inputs, 51 states, 1 bad, 11 constraints
[concubine>main] solving took 1964.17 seconds
