[runlim] version:		1.21
[runlim] host:			c3n14
[runlim] time limit:		86400 seconds
[runlim] real time limit:	86400 seconds
[runlim] space limit:		8000 MB
[runlim] argv[0]:		concubine
[runlim] argv[1]:		solve
[runlim] argv[2]:		-v
[runlim] argv[3]:		-s
[runlim] argv[4]:		btormc
[runlim] argv[5]:		-m
[runlim] argv[6]:		init.mmap
[runlim] argv[7]:		-o
[runlim] argv[8]:		btormc-btor2
[runlim] argv[9]:		77
[runlim] argv[10]:		count_stat.cas.0.asm
[runlim] argv[11]:		count_stat.cas.1.asm
[runlim] argv[12]:		count_stat.checker.asm
[runlim] start:			Tue Dec  1 16:38:16 2020
[runlim] child:			6529
[runlim] end:			Tue Dec  1 16:38:20 2020
[runlim] status:		ok
[runlim] result:		0
[runlim] children:		1
[runlim] real:			3.30 seconds
[runlim] time:			0.01 seconds
[runlim] space:			3 MB
[runlim] samples:		32
error: expected test to be unsat
