[runlim] version:		1.21
[runlim] host:			c3n14
[runlim] time limit:		86400 seconds
[runlim] real time limit:	86400 seconds
[runlim] space limit:		8000 MB
[runlim] argv[0]:		concubine
[runlim] argv[1]:		solve
[runlim] argv[2]:		-v
[runlim] argv[3]:		-s
[runlim] argv[4]:		z3
[runlim] argv[5]:		-e
[runlim] argv[6]:		smtlib
[runlim] argv[7]:		-m
[runlim] argv[8]:		init.mmap
[runlim] argv[9]:		-o
[runlim] argv[10]:		z3-functional
[runlim] argv[11]:		77
[runlim] argv[12]:		count_stat.cas.0.asm
[runlim] argv[13]:		count_stat.cas.1.asm
[runlim] argv[14]:		count_stat.checker.asm
[runlim] start:			Tue Dec  1 16:38:19 2020
[runlim] child:			7124
[runlim] sample:		9.96 time, 10.01 real, 122 MB
[runlim] sample:		19.96 time, 20.01 real, 122 MB
[runlim] sample:		29.96 time, 30.01 real, 122 MB
[runlim] sample:		39.96 time, 40.01 real, 303 MB
[runlim] sample:		49.96 time, 50.01 real, 304 MB
[runlim] sample:		59.96 time, 60.01 real, 305 MB
[runlim] sample:		69.96 time, 70.01 real, 306 MB
[runlim] sample:		79.96 time, 80.01 real, 307 MB
[runlim] sample:		89.96 time, 90.01 real, 308 MB
[runlim] sample:		99.96 time, 100.01 real, 308 MB
[runlim] sample:		109.96 time, 110.01 real, 309 MB
[runlim] sample:		119.96 time, 120.01 real, 310 MB
[runlim] sample:		129.96 time, 130.01 real, 310 MB
[runlim] sample:		139.96 time, 140.01 real, 311 MB
[runlim] sample:		149.96 time, 150.01 real, 311 MB
[runlim] sample:		159.96 time, 160.01 real, 311 MB
[runlim] sample:		169.96 time, 170.01 real, 312 MB
[runlim] sample:		179.96 time, 180.01 real, 312 MB
[runlim] sample:		189.96 time, 190.01 real, 313 MB
[runlim] sample:		199.96 time, 200.01 real, 314 MB
[runlim] sample:		209.96 time, 210.01 real, 314 MB
[runlim] sample:		219.96 time, 220.01 real, 314 MB
[runlim] sample:		229.95 time, 230.01 real, 315 MB
[runlim] sample:		239.95 time, 240.01 real, 315 MB
[runlim] sample:		249.95 time, 250.01 real, 315 MB
[runlim] sample:		259.95 time, 260.01 real, 315 MB
[runlim] sample:		269.95 time, 270.01 real, 315 MB
[runlim] sample:		279.95 time, 280.01 real, 316 MB
[runlim] sample:		289.95 time, 290.01 real, 316 MB
[runlim] sample:		299.95 time, 300.01 real, 317 MB
[runlim] sample:		309.95 time, 310.01 real, 317 MB
[runlim] sample:		319.95 time, 320.01 real, 317 MB
[runlim] sample:		329.95 time, 330.01 real, 318 MB
[runlim] sample:		339.95 time, 340.01 real, 318 MB
[runlim] sample:		349.95 time, 350.01 real, 318 MB
[runlim] sample:		359.95 time, 360.01 real, 318 MB
[runlim] sample:		369.95 time, 370.01 real, 319 MB
[runlim] sample:		379.95 time, 380.01 real, 319 MB
[runlim] sample:		389.95 time, 390.01 real, 319 MB
[runlim] sample:		399.95 time, 400.01 real, 319 MB
[runlim] sample:		409.95 time, 410.01 real, 320 MB
[runlim] sample:		419.96 time, 420.01 real, 320 MB
[runlim] sample:		429.96 time, 430.01 real, 321 MB
[runlim] sample:		439.96 time, 440.01 real, 321 MB
[runlim] sample:		449.96 time, 450.01 real, 321 MB
[runlim] sample:		459.95 time, 460.01 real, 321 MB
[runlim] sample:		469.95 time, 470.01 real, 321 MB
[runlim] sample:		479.95 time, 480.01 real, 321 MB
[runlim] sample:		489.95 time, 490.01 real, 321 MB
[runlim] sample:		499.95 time, 500.01 real, 321 MB
[runlim] sample:		509.95 time, 510.01 real, 321 MB
[runlim] sample:		519.96 time, 520.01 real, 321 MB
[runlim] sample:		529.96 time, 530.01 real, 321 MB
[runlim] sample:		539.96 time, 540.01 real, 322 MB
[runlim] sample:		549.96 time, 550.01 real, 322 MB
[runlim] sample:		559.96 time, 560.01 real, 322 MB
[runlim] sample:		569.96 time, 570.01 real, 322 MB
[runlim] sample:		579.96 time, 580.01 real, 322 MB
[runlim] sample:		589.96 time, 590.01 real, 322 MB
[runlim] sample:		599.96 time, 600.01 real, 323 MB
[runlim] sample:		609.96 time, 610.01 real, 323 MB
[runlim] sample:		619.96 time, 620.01 real, 323 MB
[runlim] sample:		629.96 time, 630.01 real, 324 MB
[runlim] sample:		639.96 time, 640.01 real, 324 MB
[runlim] sample:		649.96 time, 650.01 real, 324 MB
[runlim] sample:		659.96 time, 660.01 real, 324 MB
[runlim] sample:		669.96 time, 670.01 real, 325 MB
[runlim] sample:		679.96 time, 680.01 real, 325 MB
[runlim] sample:		689.96 time, 690.01 real, 325 MB
[runlim] sample:		699.96 time, 700.01 real, 325 MB
[runlim] sample:		709.96 time, 710.01 real, 325 MB
[runlim] sample:		719.96 time, 720.01 real, 325 MB
[runlim] sample:		729.96 time, 730.01 real, 325 MB
[runlim] sample:		739.96 time, 740.01 real, 325 MB
[runlim] sample:		749.95 time, 750.01 real, 325 MB
[runlim] sample:		759.95 time, 760.01 real, 325 MB
[runlim] sample:		769.95 time, 770.01 real, 325 MB
[runlim] sample:		779.95 time, 780.01 real, 325 MB
[runlim] sample:		789.95 time, 790.01 real, 325 MB
[runlim] sample:		799.96 time, 800.01 real, 326 MB
[runlim] sample:		809.96 time, 810.01 real, 326 MB
[runlim] sample:		819.96 time, 820.01 real, 326 MB
[runlim] sample:		829.96 time, 830.01 real, 326 MB
[runlim] sample:		839.95 time, 840.01 real, 327 MB
[runlim] sample:		849.95 time, 850.01 real, 327 MB
[runlim] sample:		859.95 time, 860.01 real, 327 MB
[runlim] sample:		869.95 time, 870.01 real, 327 MB
[runlim] sample:		879.95 time, 880.01 real, 327 MB
[runlim] sample:		889.95 time, 890.01 real, 327 MB
[runlim] sample:		899.95 time, 900.01 real, 327 MB
[runlim] sample:		909.95 time, 910.01 real, 327 MB
[runlim] sample:		919.95 time, 920.01 real, 327 MB
[runlim] sample:		929.95 time, 930.01 real, 327 MB
[runlim] sample:		939.95 time, 940.01 real, 327 MB
[runlim] sample:		949.95 time, 950.01 real, 327 MB
[runlim] sample:		959.95 time, 960.01 real, 327 MB
[runlim] sample:		969.95 time, 970.01 real, 327 MB
[runlim] sample:		979.95 time, 980.01 real, 327 MB
[runlim] sample:		989.95 time, 990.01 real, 327 MB
[runlim] sample:		999.95 time, 1000.01 real, 328 MB
[runlim] sample:		1009.96 time, 1010.01 real, 328 MB
[runlim] sample:		1019.96 time, 1020.01 real, 329 MB
[runlim] sample:		1029.96 time, 1030.01 real, 329 MB
[runlim] sample:		1039.96 time, 1040.01 real, 329 MB
[runlim] sample:		1049.96 time, 1050.01 real, 329 MB
[runlim] sample:		1059.96 time, 1060.01 real, 329 MB
[runlim] sample:		1069.96 time, 1070.01 real, 329 MB
[runlim] sample:		1079.96 time, 1080.01 real, 329 MB
[runlim] sample:		1089.96 time, 1090.01 real, 329 MB
[runlim] sample:		1099.96 time, 1100.01 real, 329 MB
[runlim] sample:		1109.96 time, 1110.01 real, 329 MB
[runlim] sample:		1119.96 time, 1120.01 real, 329 MB
[runlim] sample:		1129.96 time, 1130.01 real, 329 MB
[runlim] sample:		1139.96 time, 1140.01 real, 330 MB
[runlim] sample:		1149.96 time, 1150.01 real, 330 MB
[runlim] sample:		1159.96 time, 1160.01 real, 330 MB
[runlim] sample:		1169.96 time, 1170.01 real, 330 MB
[runlim] sample:		1179.96 time, 1180.01 real, 330 MB
[runlim] sample:		1189.96 time, 1190.01 real, 330 MB
[runlim] sample:		1199.96 time, 1200.01 real, 330 MB
[runlim] sample:		1209.96 time, 1210.01 real, 330 MB
[runlim] sample:		1219.96 time, 1220.01 real, 330 MB
[runlim] sample:		1229.96 time, 1230.01 real, 330 MB
