[runlim] version:		1.21
[runlim] host:			c3n13
[runlim] time limit:		86400 seconds
[runlim] real time limit:	86400 seconds
[runlim] space limit:		8000 MB
[runlim] argv[0]:		concubine
[runlim] argv[1]:		solve
[runlim] argv[2]:		-v
[runlim] argv[3]:		-s
[runlim] argv[4]:		z3
[runlim] argv[5]:		-e
[runlim] argv[6]:		smtlib-relational
[runlim] argv[7]:		-m
[runlim] argv[8]:		init.mmap
[runlim] argv[9]:		-o
[runlim] argv[10]:		z3-relational
[runlim] argv[11]:		77
[runlim] argv[12]:		count_stat.cas.0.asm
[runlim] argv[13]:		count_stat.cas.1.asm
[runlim] argv[14]:		count_stat.checker.asm
[runlim] start:			Tue Dec  8 13:58:20 2020
[runlim] child:			18381
[runlim] sample:		8.66 time, 10.01 real, 32 MB
[runlim] sample:		18.66 time, 20.01 real, 32 MB
[runlim] sample:		28.66 time, 30.01 real, 32 MB
[runlim] sample:		38.66 time, 40.01 real, 34 MB
[runlim] sample:		48.66 time, 50.01 real, 34 MB
[runlim] sample:		58.66 time, 60.01 real, 34 MB
[runlim] sample:		68.66 time, 70.01 real, 71 MB
[runlim] sample:		78.67 time, 80.01 real, 77 MB
[runlim] sample:		88.66 time, 90.01 real, 78 MB
[runlim] sample:		98.66 time, 100.01 real, 79 MB
[runlim] sample:		108.66 time, 110.01 real, 80 MB
[runlim] sample:		118.66 time, 120.01 real, 81 MB
[runlim] sample:		128.66 time, 130.01 real, 82 MB
[runlim] sample:		138.66 time, 140.01 real, 82 MB
[runlim] sample:		148.66 time, 150.01 real, 82 MB
[runlim] sample:		158.66 time, 160.01 real, 85 MB
[runlim] sample:		168.66 time, 170.01 real, 85 MB
[runlim] sample:		178.66 time, 180.01 real, 85 MB
[runlim] sample:		188.66 time, 190.01 real, 85 MB
[runlim] sample:		198.66 time, 200.01 real, 85 MB
[runlim] sample:		208.67 time, 210.01 real, 85 MB
[runlim] sample:		218.67 time, 220.01 real, 86 MB
[runlim] sample:		228.67 time, 230.01 real, 86 MB
[runlim] sample:		238.66 time, 240.01 real, 87 MB
[runlim] sample:		248.66 time, 250.01 real, 87 MB
[runlim] sample:		258.66 time, 260.01 real, 87 MB
[runlim] sample:		268.66 time, 270.01 real, 87 MB
[runlim] sample:		278.66 time, 280.01 real, 87 MB
[runlim] sample:		288.66 time, 290.01 real, 87 MB
[runlim] sample:		298.66 time, 300.01 real, 87 MB
[runlim] sample:		308.66 time, 310.01 real, 90 MB
[runlim] sample:		318.66 time, 320.01 real, 90 MB
[runlim] sample:		328.66 time, 330.01 real, 90 MB
[runlim] sample:		338.66 time, 340.01 real, 90 MB
[runlim] sample:		348.66 time, 350.01 real, 90 MB
[runlim] sample:		358.66 time, 360.01 real, 90 MB
[runlim] sample:		368.66 time, 370.01 real, 90 MB
[runlim] sample:		378.66 time, 380.01 real, 90 MB
[runlim] sample:		388.66 time, 390.01 real, 90 MB
[runlim] sample:		398.66 time, 400.01 real, 91 MB
[runlim] sample:		408.66 time, 410.01 real, 91 MB
[runlim] sample:		418.66 time, 420.01 real, 92 MB
[runlim] sample:		428.66 time, 430.01 real, 93 MB
[runlim] sample:		438.66 time, 440.01 real, 93 MB
[runlim] sample:		448.66 time, 450.01 real, 93 MB
[runlim] sample:		458.66 time, 460.01 real, 93 MB
[runlim] sample:		468.66 time, 470.01 real, 93 MB
[runlim] sample:		478.66 time, 480.01 real, 93 MB
[runlim] sample:		488.66 time, 490.01 real, 93 MB
[runlim] sample:		498.66 time, 500.01 real, 93 MB
[runlim] sample:		508.66 time, 510.01 real, 94 MB
[runlim] sample:		518.66 time, 520.01 real, 94 MB
[runlim] sample:		528.66 time, 530.01 real, 94 MB
[runlim] sample:		538.66 time, 540.01 real, 96 MB
[runlim] sample:		548.66 time, 550.01 real, 96 MB
[runlim] sample:		558.66 time, 560.01 real, 96 MB
[runlim] sample:		568.66 time, 570.01 real, 97 MB
[runlim] sample:		578.66 time, 580.01 real, 97 MB
[runlim] sample:		588.66 time, 590.01 real, 97 MB
[runlim] sample:		598.66 time, 600.01 real, 98 MB
[runlim] sample:		608.66 time, 610.01 real, 98 MB
[runlim] sample:		618.66 time, 620.01 real, 98 MB
[runlim] sample:		628.66 time, 630.01 real, 98 MB
[runlim] sample:		638.66 time, 640.01 real, 98 MB
[runlim] sample:		648.66 time, 650.01 real, 99 MB
[runlim] sample:		658.66 time, 660.01 real, 99 MB
[runlim] sample:		668.66 time, 670.01 real, 99 MB
[runlim] sample:		678.66 time, 680.01 real, 99 MB
[runlim] sample:		688.66 time, 690.01 real, 99 MB
[runlim] sample:		698.66 time, 700.01 real, 99 MB
[runlim] sample:		708.66 time, 710.01 real, 99 MB
[runlim] sample:		718.66 time, 720.01 real, 99 MB
[runlim] sample:		728.66 time, 730.01 real, 99 MB
[runlim] sample:		738.66 time, 740.01 real, 99 MB
[runlim] sample:		748.66 time, 750.01 real, 99 MB
[runlim] sample:		758.65 time, 760.01 real, 99 MB
[runlim] sample:		768.65 time, 770.01 real, 99 MB
[runlim] sample:		778.65 time, 780.01 real, 99 MB
[runlim] sample:		788.65 time, 790.01 real, 99 MB
[runlim] sample:		798.65 time, 800.01 real, 99 MB
[runlim] sample:		808.65 time, 810.01 real, 99 MB
[runlim] sample:		818.65 time, 820.01 real, 99 MB
[runlim] sample:		828.65 time, 830.01 real, 99 MB
[runlim] sample:		838.65 time, 840.01 real, 99 MB
[runlim] sample:		848.65 time, 850.01 real, 99 MB
[runlim] sample:		858.65 time, 860.01 real, 99 MB
[runlim] sample:		868.65 time, 870.01 real, 100 MB
[runlim] sample:		878.65 time, 880.01 real, 100 MB
[runlim] sample:		888.65 time, 890.01 real, 100 MB
[runlim] sample:		898.65 time, 900.01 real, 100 MB
[runlim] sample:		908.65 time, 910.01 real, 100 MB
[runlim] sample:		918.65 time, 920.01 real, 101 MB
[runlim] sample:		928.65 time, 930.01 real, 101 MB
[runlim] sample:		938.65 time, 940.01 real, 101 MB
[runlim] sample:		948.65 time, 950.01 real, 101 MB
[runlim] sample:		958.65 time, 960.01 real, 101 MB
[runlim] sample:		968.65 time, 970.01 real, 101 MB
[runlim] sample:		978.65 time, 980.01 real, 101 MB
[runlim] sample:		988.65 time, 990.01 real, 101 MB
[runlim] sample:		998.65 time, 1000.01 real, 101 MB
[runlim] sample:		1008.65 time, 1010.01 real, 101 MB
[runlim] sample:		1018.65 time, 1020.01 real, 101 MB
[runlim] sample:		1028.65 time, 1030.01 real, 102 MB
[runlim] sample:		1038.66 time, 1040.01 real, 102 MB
[runlim] sample:		1048.66 time, 1050.01 real, 102 MB
[runlim] sample:		1058.66 time, 1060.01 real, 103 MB
[runlim] sample:		1068.66 time, 1070.01 real, 103 MB
[runlim] sample:		1078.66 time, 1080.01 real, 103 MB
[runlim] sample:		1088.66 time, 1090.01 real, 103 MB
[runlim] sample:		1098.66 time, 1100.01 real, 103 MB
[runlim] sample:		1108.66 time, 1110.01 real, 103 MB
[runlim] sample:		1118.66 time, 1120.01 real, 103 MB
[runlim] sample:		1128.66 time, 1130.01 real, 104 MB
[runlim] sample:		1138.66 time, 1140.01 real, 104 MB
[runlim] sample:		1148.66 time, 1150.01 real, 104 MB
[runlim] sample:		1158.66 time, 1160.01 real, 104 MB
[runlim] sample:		1168.66 time, 1170.01 real, 104 MB
[runlim] sample:		1178.66 time, 1180.01 real, 104 MB
[runlim] sample:		1188.66 time, 1190.01 real, 104 MB
[runlim] sample:		1198.66 time, 1200.01 real, 104 MB
[runlim] sample:		1208.66 time, 1210.01 real, 104 MB
[runlim] sample:		1218.66 time, 1220.01 real, 104 MB
[runlim] sample:		1228.66 time, 1230.01 real, 104 MB
[runlim] sample:		1238.66 time, 1240.01 real, 104 MB
[runlim] sample:		1248.66 time, 1250.01 real, 104 MB
[runlim] sample:		1258.66 time, 1260.01 real, 104 MB
[runlim] sample:		1268.66 time, 1270.01 real, 104 MB
[runlim] sample:		1278.66 time, 1280.01 real, 104 MB
[runlim] sample:		1288.66 time, 1290.01 real, 104 MB
[runlim] sample:		1298.66 time, 1300.01 real, 104 MB
[runlim] sample:		1308.66 time, 1310.01 real, 104 MB
[runlim] sample:		1318.66 time, 1320.01 real, 104 MB
[runlim] sample:		1328.66 time, 1330.01 real, 104 MB
[runlim] sample:		1338.66 time, 1340.01 real, 104 MB
[runlim] sample:		1348.66 time, 1350.01 real, 105 MB
[runlim] sample:		1358.66 time, 1360.01 real, 105 MB
[runlim] sample:		1368.66 time, 1370.01 real, 105 MB
[runlim] sample:		1378.66 time, 1380.01 real, 105 MB
[runlim] sample:		1388.66 time, 1390.01 real, 105 MB
[runlim] sample:		1398.66 time, 1400.01 real, 105 MB
[runlim] sample:		1408.66 time, 1410.01 real, 105 MB
[runlim] sample:		1418.66 time, 1420.01 real, 105 MB
[runlim] sample:		1428.66 time, 1430.01 real, 105 MB
[runlim] sample:		1438.66 time, 1440.01 real, 105 MB
[runlim] sample:		1448.66 time, 1450.01 real, 105 MB
[runlim] sample:		1458.66 time, 1460.01 real, 106 MB
[runlim] sample:		1468.66 time, 1470.01 real, 106 MB
[runlim] sample:		1478.66 time, 1480.01 real, 106 MB
[runlim] sample:		1488.66 time, 1490.01 real, 106 MB
[runlim] sample:		1498.66 time, 1500.01 real, 106 MB
[runlim] sample:		1508.66 time, 1510.01 real, 106 MB
[runlim] sample:		1518.66 time, 1520.01 real, 107 MB
[runlim] sample:		1528.66 time, 1530.01 real, 107 MB
