[runlim] version:		1.21
[runlim] host:			c3n13
[runlim] time limit:		86400 seconds
[runlim] real time limit:	86400 seconds
[runlim] space limit:		8000 MB
[runlim] argv[0]:		concubine
[runlim] argv[1]:		solve
[runlim] argv[2]:		-v
[runlim] argv[3]:		-s
[runlim] argv[4]:		boolector
[runlim] argv[5]:		-e
[runlim] argv[6]:		smtlib-relational
[runlim] argv[7]:		-m
[runlim] argv[8]:		init.mmap
[runlim] argv[9]:		-o
[runlim] argv[10]:		boolector-relational
[runlim] argv[11]:		81
[runlim] argv[12]:		count_stat.buggy.0.asm
[runlim] argv[13]:		count_stat.buggy.1.asm
[runlim] argv[14]:		count_stat.checker.asm
[runlim] start:			Tue Dec  1 16:38:25 2020
[runlim] child:			6610
[runlim] sample:		0.06 time, 10.01 real, 7 MB
[runlim] sample:		0.06 time, 20.01 real, 7 MB
[runlim] sample:		0.06 time, 30.01 real, 7 MB
[runlim] sample:		0.06 time, 40.01 real, 7 MB
[runlim] sample:		0.06 time, 50.01 real, 7 MB
[runlim] sample:		0.06 time, 60.01 real, 7 MB
[runlim] sample:		0.06 time, 70.01 real, 7 MB
[runlim] sample:		0.06 time, 80.01 real, 7 MB
[runlim] sample:		0.06 time, 90.01 real, 7 MB
[runlim] sample:		0.06 time, 100.01 real, 7 MB
[runlim] sample:		0.06 time, 110.01 real, 7 MB
[runlim] sample:		0.06 time, 120.01 real, 7 MB
[runlim] sample:		0.06 time, 130.01 real, 7 MB
[runlim] sample:		0.06 time, 140.01 real, 7 MB
[runlim] sample:		0.06 time, 150.01 real, 7 MB
[runlim] sample:		0.06 time, 160.01 real, 7 MB
[runlim] sample:		0.06 time, 170.01 real, 7 MB
[runlim] sample:		0.06 time, 180.01 real, 7 MB
[runlim] sample:		0.06 time, 190.01 real, 7 MB
[runlim] sample:		0.06 time, 200.01 real, 7 MB
[runlim] sample:		0.06 time, 210.01 real, 7 MB
[runlim] sample:		0.06 time, 220.01 real, 7 MB
[runlim] sample:		0.06 time, 230.01 real, 7 MB
[runlim] sample:		0.06 time, 240.01 real, 7 MB
