count_stat.buggy.0.asm
count_stat.buggy.1.asm
count_stat.checker.asm
. boolector-relational.mmap
# tid	pc	cmd	arg	accu	mem	adr	val	full	heap
1	inc	LOAD	0	0	0	0	0	0	{}	# 0
1	1	ADDI	1	9	0	0	0	0	{}	# 1
1	2	STORE	0	10	0	0	0	0	{}	# 2
1	3	LOAD	11	10	0	0	10	1	{}	# 3
1	4	SUBI	1	4	0	0	10	1	{}	# 4
1	5	FLUSH	-	3	0	0	10	1	{}	# 5
1	5	STORE	11	3	0	0	10	0	{(0,10)}	# 6
1	6	JNZ	inc	3	0	11	3	1	{}	# 7
1	inc	LOAD	0	3	0	11	3	1	{}	# 8
1	1	FLUSH	-	10	0	11	3	1	{}	# 9
1	1	ADDI	1	10	0	11	3	0	{(11,3)}	# 10
1	2	STORE	0	11	0	11	3	0	{}	# 11
1	3	LOAD	11	11	0	0	11	1	{}	# 12
1	4	FLUSH	-	3	0	0	11	1	{}	# 13
1	4	SUBI	1	3	0	0	11	0	{(0,11)}	# 14
1	5	STORE	11	2	0	0	11	0	{}	# 15
1	6	JNZ	inc	2	0	11	2	1	{}	# 16
1	inc	LOAD	0	2	0	11	2	1	{}	# 17
1	1	ADDI	1	11	0	11	2	1	{}	# 18
1	2	FLUSH	-	12	0	11	2	1	{}	# 19
1	2	STORE	0	12	0	11	2	0	{(11,2)}	# 20
1	3	LOAD	11	12	0	0	12	1	{}	# 21
1	4	SUBI	1	2	0	0	12	1	{}	# 22
1	5	FLUSH	-	1	0	0	12	1	{}	# 23
1	5	STORE	11	1	0	0	12	0	{(0,12)}	# 24
1	6	JNZ	inc	1	0	11	1	1	{}	# 25
1	inc	LOAD	0	1	0	11	1	1	{}	# 26
1	1	ADDI	1	12	0	11	1	1	{}	# 27
1	2	FLUSH	-	13	0	11	1	1	{}	# 28
1	2	STORE	0	13	0	11	1	0	{(11,1)}	# 29
1	3	LOAD	11	13	0	0	13	1	{}	# 30
0	inc	LOAD	0	0	0	0	0	0	{}	# 31
1	4	SUBI	1	1	0	0	13	1	{}	# 32
1	5	FLUSH	-	0	0	0	13	1	{}	# 33
1	5	STORE	11	0	0	0	13	0	{(0,13)}	# 34
1	6	JNZ	inc	0	0	11	0	1	{}	# 35
0	1	ADDI	1	12	0	0	0	0	{}	# 36
0	2	STORE	0	13	0	0	0	0	{}	# 37
0	3	FLUSH	-	13	0	0	13	1	{}	# 38
2	0	CHECK	0	0	0	0	0	0	{(0,13)}	# 39
1	7	CHECK	0	0	0	11	0	1	{}	# 40
0	3	LOAD	10	13	0	0	13	0	{}	# 41
0	4	SUBI	1	4	0	0	13	0	{}	# 42
0	5	STORE	10	3	0	0	13	0	{}	# 43
0	6	JNZ	inc	3	0	10	3	1	{}	# 44
0	inc	LOAD	0	3	0	10	3	1	{}	# 45
1	8	FLUSH	-	0	0	11	0	1	{}	# 46
0	1	ADDI	1	13	0	10	3	1	{(11,0)}	# 47
0	2	FLUSH	-	14	0	10	3	1	{}	# 48
0	2	STORE	0	14	0	10	3	0	{(10,3)}	# 49
0	3	FLUSH	-	14	0	0	14	1	{}	# 50
0	3	LOAD	10	14	0	0	14	0	{(0,14)}	# 51
0	4	SUBI	1	3	0	0	14	0	{}	# 52
0	5	STORE	10	2	0	0	14	0	{}	# 53
0	6	JNZ	inc	2	0	10	2	1	{}	# 54
0	inc	LOAD	0	2	0	10	2	1	{}	# 55
0	1	ADDI	1	14	0	10	2	1	{}	# 56
0	2	FLUSH	-	15	0	10	2	1	{}	# 57
0	2	STORE	0	15	0	10	2	0	{(10,2)}	# 58
0	3	LOAD	10	15	0	0	15	1	{}	# 59
0	4	FLUSH	-	2	0	0	15	1	{}	# 60
0	4	SUBI	1	2	0	0	15	0	{(0,15)}	# 61
0	5	STORE	10	1	0	0	15	0	{}	# 62
0	6	JNZ	inc	1	0	10	1	1	{}	# 63
0	inc	FLUSH	-	1	0	10	1	1	{}	# 64
0	inc	LOAD	0	1	0	10	1	0	{(10,1)}	# 65
0	1	ADDI	1	15	0	10	1	0	{}	# 66
0	2	STORE	0	16	0	10	1	0	{}	# 67
0	3	FLUSH	-	16	0	0	16	1	{}	# 68
0	3	LOAD	10	16	0	0	16	0	{(0,16)}	# 69
0	4	SUBI	1	1	0	0	16	0	{}	# 70
0	5	STORE	10	0	0	0	16	0	{}	# 71
0	6	FLUSH	-	0	0	10	0	1	{}	# 72
0	6	JNZ	inc	0	0	10	0	0	{(10,0)}	# 73
0	7	CHECK	0	0	0	10	0	0	{}	# 74
2	1	ADDI	8	0	0	0	0	0	{}	# 75
1	8	HALT	-	0	0	11	0	0	{}	# 76
0	8	HALT	-	0	0	10	0	0	{}	# 77
2	2	CMP	0	8	0	0	0	0	{}	# 78
2	3	JNZ	error	65528	0	0	0	0	{}	# 79
2	error	EXIT	1	65528	0	0	0	0	{}	# 80
