[runlim] version:		1.21
[runlim] host:			c3n18
[runlim] time limit:		86400 seconds
[runlim] real time limit:	86400 seconds
[runlim] space limit:		8000 MB
[runlim] argv[0]:		concubine
[runlim] argv[1]:		solve
[runlim] argv[2]:		-v
[runlim] argv[3]:		-s
[runlim] argv[4]:		boolector
[runlim] argv[5]:		-e
[runlim] argv[6]:		smtlib
[runlim] argv[7]:		-m
[runlim] argv[8]:		init.mmap
[runlim] argv[9]:		-o
[runlim] argv[10]:		boolector-functional
[runlim] argv[11]:		81
[runlim] argv[12]:		count_stat.buggy.0.asm
[runlim] argv[13]:		count_stat.buggy.1.asm
[runlim] argv[14]:		count_stat.checker.asm
[runlim] start:			Tue Dec  8 20:17:53 2020
[runlim] child:			21563
[runlim] sample:		0.14 time, 10.01 real, 7 MB
[runlim] sample:		0.14 time, 20.01 real, 7 MB
[runlim] sample:		0.14 time, 30.01 real, 7 MB
[runlim] end:			Tue Dec  8 20:18:27 2020
[runlim] status:		ok
[runlim] result:		0
[runlim] children:		1
[runlim] real:			33.42 seconds
[runlim] time:			0.17 seconds
[runlim] space:			7 MB
[runlim] samples:		334
