count_stat.buggy.0.asm
count_stat.buggy.1.asm
count_stat.checker.asm
. boolector-functional.mmap
# tid	pc	cmd	arg	accu	mem	adr	val	full	heap
0	inc	LOAD	0	0	0	0	0	0	{}	# 0
1	inc	LOAD	0	0	0	0	0	0	{}	# 1
1	1	ADDI	1	0	0	0	0	0	{}	# 2
0	1	ADDI	1	0	0	0	0	0	{}	# 3
0	2	STORE	0	1	0	0	0	0	{}	# 4
1	2	STORE	0	1	0	0	0	0	{}	# 5
1	3	LOAD	11	1	0	0	1	1	{}	# 6
1	4	SUBI	1	4	0	0	1	1	{}	# 7
0	3	FLUSH	-	1	0	0	1	1	{}	# 8
0	3	LOAD	10	1	0	0	1	0	{(0,1)}	# 9
0	4	SUBI	1	4	0	0	1	0	{}	# 10
0	5	STORE	10	3	0	0	1	0	{}	# 11
0	6	JNZ	inc	3	0	10	3	1	{}	# 12
1	5	FLUSH	-	3	0	0	1	1	{}	# 13
1	5	STORE	11	3	0	0	1	0	{(0,1)}	# 14
0	inc	LOAD	0	3	0	10	3	1	{}	# 15
1	6	JNZ	inc	3	0	11	3	1	{}	# 16
1	inc	LOAD	0	3	0	11	3	1	{}	# 17
0	1	FLUSH	-	1	0	10	3	1	{}	# 18
2	0	CHECK	0	0	0	0	0	0	{(10,3)}	# 19
0	1	ADDI	1	1	0	10	3	0	{}	# 20
1	1	ADDI	1	1	0	11	3	1	{}	# 21
1	2	FLUSH	-	2	0	11	3	1	{}	# 22
0	2	STORE	0	2	0	10	3	0	{(11,3)}	# 23
0	3	FLUSH	-	2	0	0	2	1	{}	# 24
1	2	STORE	0	2	0	11	3	0	{(0,2)}	# 25
1	3	LOAD	11	2	0	0	2	1	{}	# 26
1	4	SUBI	1	3	0	0	2	1	{}	# 27
1	5	FLUSH	-	2	0	0	2	1	{}	# 28
1	5	STORE	11	2	0	0	2	0	{(0,2)}	# 29
0	3	LOAD	10	2	0	0	2	0	{}	# 30
1	6	JNZ	inc	2	0	11	2	1	{}	# 31
1	inc	FLUSH	-	2	0	11	2	1	{}	# 32
1	inc	LOAD	0	2	0	11	2	0	{(11,2)}	# 33
0	4	SUBI	1	3	0	0	2	0	{}	# 34
0	5	STORE	10	2	0	0	2	0	{}	# 35
0	6	FLUSH	-	2	0	10	2	1	{}	# 36
1	1	ADDI	1	2	0	11	2	0	{(10,2)}	# 37
0	6	JNZ	inc	2	0	10	2	0	{}	# 38
1	2	STORE	0	3	0	11	2	0	{}	# 39
1	3	FLUSH	-	3	0	0	3	1	{}	# 40
1	3	LOAD	11	3	0	0	3	0	{(0,3)}	# 41
1	4	SUBI	1	2	0	0	3	0	{}	# 42
1	5	STORE	11	1	0	0	3	0	{}	# 43
0	inc	LOAD	0	2	0	10	2	0	{}	# 44
1	6	FLUSH	-	1	0	11	1	1	{}	# 45
0	1	ADDI	1	3	0	10	2	0	{(11,1)}	# 46
0	2	STORE	0	4	0	10	2	0	{}	# 47
0	3	LOAD	10	4	0	0	4	1	{}	# 48
0	4	FLUSH	-	2	0	0	4	1	{}	# 49
0	4	SUBI	1	2	0	0	4	0	{(0,4)}	# 50
1	6	JNZ	inc	1	0	11	1	0	{}	# 51
0	5	STORE	10	1	0	0	4	0	{}	# 52
0	6	FLUSH	-	1	0	10	1	1	{}	# 53
0	6	JNZ	inc	1	0	10	1	0	{(10,1)}	# 54
1	inc	LOAD	0	1	0	11	1	0	{}	# 55
0	inc	LOAD	0	1	0	10	1	0	{}	# 56
0	1	ADDI	1	4	0	10	1	0	{}	# 57
1	1	ADDI	1	4	0	11	1	0	{}	# 58
0	2	STORE	0	5	0	10	1	0	{}	# 59
1	2	STORE	0	5	0	11	1	0	{}	# 60
1	3	FLUSH	-	5	0	0	5	1	{}	# 61
0	3	LOAD	10	5	0	0	5	1	{(0,5)}	# 62
0	4	FLUSH	-	1	0	0	5	1	{}	# 63
0	4	SUBI	1	1	0	0	5	0	{(0,5)}	# 64
0	5	STORE	10	0	0	0	5	0	{}	# 65
0	6	FLUSH	-	0	0	10	0	1	{}	# 66
0	6	JNZ	inc	0	0	10	0	0	{(10,0)}	# 67
1	3	LOAD	11	5	0	0	5	0	{}	# 68
1	4	SUBI	1	1	0	0	5	0	{}	# 69
0	7	CHECK	0	0	0	10	0	0	{}	# 70
1	5	STORE	11	0	0	0	5	0	{}	# 71
1	6	FLUSH	-	0	0	11	0	1	{}	# 72
1	6	JNZ	inc	0	0	11	0	0	{(11,0)}	# 73
1	7	CHECK	0	0	0	11	0	0	{}	# 74
0	8	HALT	-	0	0	10	0	0	{}	# 75
2	1	ADDI	8	0	0	0	0	0	{}	# 76
1	8	HALT	-	0	0	11	0	0	{}	# 77
2	2	CMP	0	8	0	0	0	0	{}	# 78
2	3	JNZ	error	3	0	0	0	0	{}	# 79
2	error	EXIT	1	3	0	0	0	0	{}	# 80
