count_stat.buggy.0.asm
count_stat.buggy.1.asm
count_stat.checker.asm
. btormc-btor2.mmap
# tid	pc	cmd	arg	accu	mem	adr	val	full	heap
1	inc	LOAD	0	0	0	0	0	0	{}	# 0
1	1	ADDI	1	32764	0	0	0	0	{}	# 1
1	2	STORE	0	32765	0	0	0	0	{}	# 2
1	3	FLUSH	-	32765	0	0	32765	1	{}	# 3
0	inc	LOAD	0	0	0	0	0	0	{(0,32765)}	# 4
1	3	LOAD	11	32765	0	0	32765	0	{}	# 5
1	4	SUBI	1	4	0	0	32765	0	{}	# 6
1	5	STORE	11	3	0	0	32765	0	{}	# 7
0	1	ADDI	1	32765	0	0	0	0	{}	# 8
1	6	JNZ	inc	3	0	11	3	1	{}	# 9
0	2	STORE	0	32766	0	0	0	0	{}	# 10
0	3	FLUSH	-	32766	0	0	32766	1	{}	# 11
1	inc	LOAD	0	3	0	11	3	1	{(0,32766)}	# 12
1	1	ADDI	1	32766	0	11	3	1	{}	# 13
0	3	LOAD	10	32766	0	0	32766	0	{}	# 14
1	2	FLUSH	-	32767	0	11	3	1	{}	# 15
1	2	STORE	0	32767	0	11	3	0	{(11,3)}	# 16
0	4	SUBI	1	4	0	0	32766	0	{}	# 17
0	5	STORE	10	3	0	0	32766	0	{}	# 18
0	6	JNZ	inc	3	0	10	3	1	{}	# 19
0	inc	LOAD	0	3	0	10	3	1	{}	# 20
0	1	FLUSH	-	32766	0	10	3	1	{}	# 21
0	1	ADDI	1	32766	0	10	3	0	{(10,3)}	# 22
0	2	STORE	0	32767	0	10	3	0	{}	# 23
1	3	LOAD	11	32767	0	0	32767	1	{}	# 24
0	3	LOAD	10	32767	0	0	32767	1	{}	# 25
0	4	FLUSH	-	3	0	0	32767	1	{}	# 26
0	4	SUBI	1	3	0	0	32767	0	{(0,32767)}	# 27
1	4	SUBI	1	3	0	0	32767	1	{}	# 28
0	5	STORE	10	2	0	0	32767	0	{}	# 29
1	5	FLUSH	-	2	0	0	32767	1	{}	# 30
1	5	STORE	11	2	0	0	32767	0	{(0,32767)}	# 31
1	6	JNZ	inc	2	0	11	2	1	{}	# 32
0	6	JNZ	inc	2	0	10	2	1	{}	# 33
0	inc	LOAD	0	2	0	10	2	1	{}	# 34
1	inc	FLUSH	-	2	0	11	2	1	{}	# 35
0	1	ADDI	1	32767	0	10	2	1	{(11,2)}	# 36
0	2	FLUSH	-	32768	0	10	2	1	{}	# 37
1	inc	LOAD	0	2	0	11	2	0	{(10,2)}	# 38
1	1	ADDI	1	32767	0	11	2	0	{}	# 39
2	0	CHECK	0	0	0	0	0	0	{}	# 40
0	2	STORE	0	32768	0	10	2	0	{}	# 41
1	2	STORE	0	32768	0	11	2	0	{}	# 42
1	3	FLUSH	-	32768	0	0	32768	1	{}	# 43
1	3	LOAD	11	32768	0	0	32768	0	{(0,32768)}	# 44
1	4	SUBI	1	2	0	0	32768	0	{}	# 45
1	5	STORE	11	1	0	0	32768	0	{}	# 46
1	6	FLUSH	-	1	0	11	1	1	{}	# 47
0	3	FLUSH	-	32768	0	0	32768	1	{(11,1)}	# 48
1	6	JNZ	inc	1	0	11	1	0	{(0,32768)}	# 49
0	3	LOAD	10	32768	0	0	32768	0	{}	# 50
0	4	SUBI	1	2	0	0	32768	0	{}	# 51
1	inc	LOAD	0	1	0	11	1	0	{}	# 52
1	1	ADDI	1	32768	0	11	1	0	{}	# 53
0	5	STORE	10	1	0	0	32768	0	{}	# 54
0	6	JNZ	inc	1	0	10	1	1	{}	# 55
1	2	STORE	0	32769	0	11	1	0	{}	# 56
0	inc	LOAD	0	1	0	10	1	1	{}	# 57
1	3	FLUSH	-	32769	0	0	32769	1	{}	# 58
0	1	FLUSH	-	32768	0	10	1	1	{(0,32769)}	# 59
0	1	ADDI	1	32768	0	10	1	0	{(10,1)}	# 60
1	3	LOAD	11	32769	0	0	32769	0	{}	# 61
1	4	SUBI	1	1	0	0	32769	0	{}	# 62
0	2	STORE	0	32769	0	10	1	0	{}	# 63
0	3	LOAD	10	32769	0	0	32769	1	{}	# 64
0	4	FLUSH	-	1	0	0	32769	1	{}	# 65
0	4	SUBI	1	1	0	0	32769	0	{(0,32769)}	# 66
0	5	STORE	10	0	0	0	32769	0	{}	# 67
0	6	FLUSH	-	0	0	10	0	1	{}	# 68
0	6	JNZ	inc	0	0	10	0	0	{(10,0)}	# 69
0	7	CHECK	0	0	0	10	0	0	{}	# 70
1	5	STORE	11	0	0	0	32769	0	{}	# 71
1	6	JNZ	inc	0	0	11	0	1	{}	# 72
1	7	FLUSH	-	0	0	11	0	1	{}	# 73
1	7	CHECK	0	0	0	11	0	0	{(11,0)}	# 74
0	8	HALT	-	0	0	10	0	0	{}	# 75
1	8	HALT	-	0	0	11	0	0	{}	# 76
2	1	ADDI	8	0	0	0	0	0	{}	# 77
2	2	CMP	0	8	0	0	0	0	{}	# 78
2	3	JNZ	error	32775	0	0	0	0	{}	# 79
2	error	EXIT	1	32775	0	0	0	0	{}	# 80
