count_stat.buggy.0.asm
count_stat.buggy.1.asm
count_stat.checker.asm
. z3-functional.mmap
# tid	pc	cmd	arg	accu	mem	adr	val	full	heap
1	inc	LOAD	0	0	0	0	0	0	{}	# 0
1	1	ADDI	1	0	0	0	0	0	{}	# 1
1	2	STORE	0	1	0	0	0	0	{}	# 2
1	3	LOAD	11	1	0	0	1	1	{}	# 3
1	4	SUBI	1	4	0	0	1	1	{}	# 4
0	inc	LOAD	0	0	0	0	0	0	{}	# 5
1	5	FLUSH	-	3	0	0	1	1	{}	# 6
1	5	STORE	11	3	0	0	1	0	{(0,1)}	# 7
1	6	FLUSH	-	3	0	11	3	1	{}	# 8
1	6	JNZ	inc	3	0	11	3	0	{(11,3)}	# 9
1	inc	LOAD	0	3	0	11	3	0	{}	# 10
1	1	ADDI	1	1	0	11	3	0	{}	# 11
1	2	STORE	0	2	0	11	3	0	{}	# 12
0	1	ADDI	1	0	0	0	0	0	{}	# 13
0	2	STORE	0	1	0	0	0	0	{}	# 14
2	0	CHECK	0	0	0	0	0	0	{}	# 15
0	3	LOAD	10	1	0	0	1	1	{}	# 16
0	4	FLUSH	-	4	0	0	1	1	{}	# 17
1	3	LOAD	11	2	0	0	2	1	{(0,1)}	# 18
0	4	SUBI	1	4	0	0	1	0	{}	# 19
0	5	STORE	10	3	0	0	1	0	{}	# 20
0	6	JNZ	inc	3	0	10	3	1	{}	# 21
0	inc	LOAD	0	3	0	10	3	1	{}	# 22
0	1	FLUSH	-	1	0	10	3	1	{}	# 23
1	4	FLUSH	-	3	0	0	2	1	{(10,3)}	# 24
1	4	SUBI	1	3	0	0	2	0	{(0,2)}	# 25
1	5	STORE	11	2	0	0	2	0	{}	# 26
1	6	JNZ	inc	2	0	11	2	1	{}	# 27
1	inc	LOAD	0	2	0	11	2	1	{}	# 28
0	1	ADDI	1	1	0	10	3	0	{}	# 29
0	2	STORE	0	2	0	10	3	0	{}	# 30
0	3	LOAD	10	2	0	0	2	1	{}	# 31
1	1	ADDI	1	2	0	11	2	1	{}	# 32
0	4	SUBI	1	3	0	0	2	1	{}	# 33
0	5	FLUSH	-	2	0	0	2	1	{}	# 34
0	5	STORE	10	2	0	0	2	0	{(0,2)}	# 35
0	6	JNZ	inc	2	0	10	2	1	{}	# 36
0	inc	LOAD	0	2	0	10	2	1	{}	# 37
0	1	ADDI	1	2	0	10	2	1	{}	# 38
0	2	FLUSH	-	3	0	10	2	1	{}	# 39
0	2	STORE	0	3	0	10	2	0	{(10,2)}	# 40
0	3	LOAD	10	3	0	0	3	1	{}	# 41
0	4	FLUSH	-	2	0	0	3	1	{}	# 42
0	4	SUBI	1	2	0	0	3	0	{(0,3)}	# 43
0	5	STORE	10	1	0	0	3	0	{}	# 44
1	2	FLUSH	-	3	0	11	2	1	{}	# 45
1	2	STORE	0	3	0	11	2	0	{(11,2)}	# 46
1	3	LOAD	11	3	0	0	3	1	{}	# 47
1	4	FLUSH	-	2	0	0	3	1	{}	# 48
1	4	SUBI	1	2	0	0	3	0	{(0,3)}	# 49
1	5	STORE	11	1	0	0	3	0	{}	# 50
1	6	FLUSH	-	1	0	11	1	1	{}	# 51
0	6	JNZ	inc	1	0	10	1	1	{(11,1)}	# 52
0	inc	LOAD	0	1	0	10	1	1	{}	# 53
1	6	JNZ	inc	1	0	11	1	0	{}	# 54
1	inc	LOAD	0	1	0	11	1	0	{}	# 55
0	1	ADDI	1	3	0	10	1	1	{}	# 56
0	2	FLUSH	-	4	0	10	1	1	{}	# 57
0	2	STORE	0	4	0	10	1	0	{(10,1)}	# 58
0	3	LOAD	10	4	0	0	4	1	{}	# 59
0	4	FLUSH	-	1	0	0	4	1	{}	# 60
1	1	ADDI	1	3	0	11	1	0	{(0,4)}	# 61
1	2	STORE	0	4	0	11	1	0	{}	# 62
0	4	SUBI	1	1	0	0	4	0	{}	# 63
0	5	STORE	10	0	0	0	4	0	{}	# 64
1	3	FLUSH	-	4	0	0	4	1	{}	# 65
1	3	LOAD	11	4	0	0	4	0	{(0,4)}	# 66
0	6	FLUSH	-	0	0	10	0	1	{}	# 67
0	6	JNZ	inc	0	0	10	0	0	{(10,0)}	# 68
1	4	SUBI	1	1	0	0	4	0	{}	# 69
1	5	STORE	11	0	0	0	4	0	{}	# 70
0	7	CHECK	0	0	0	10	0	0	{}	# 71
1	6	FLUSH	-	0	0	11	0	1	{}	# 72
1	6	JNZ	inc	0	0	11	0	0	{(11,0)}	# 73
1	7	CHECK	0	0	0	11	0	0	{}	# 74
2	1	ADDI	8	0	0	0	0	0	{}	# 75
2	2	CMP	0	8	0	0	0	0	{}	# 76
2	3	JNZ	error	4	0	0	0	0	{}	# 77
1	8	HALT	-	0	0	11	0	0	{}	# 78
0	8	HALT	-	0	0	10	0	0	{}	# 79
2	error	EXIT	1	4	0	0	0	0	{}	# 80
