[runlim] version:		1.21
[runlim] host:			c3n13
[runlim] time limit:		86400 seconds
[runlim] real time limit:	86400 seconds
[runlim] space limit:		8000 MB
[runlim] argv[0]:		concubine
[runlim] argv[1]:		solve
[runlim] argv[2]:		-v
[runlim] argv[3]:		-s
[runlim] argv[4]:		z3
[runlim] argv[5]:		-e
[runlim] argv[6]:		smtlib
[runlim] argv[7]:		-m
[runlim] argv[8]:		init.mmap
[runlim] argv[9]:		-o
[runlim] argv[10]:		z3-functional
[runlim] argv[11]:		81
[runlim] argv[12]:		count_stat.buggy.0.asm
[runlim] argv[13]:		count_stat.buggy.1.asm
[runlim] argv[14]:		count_stat.checker.asm
[runlim] start:			Tue Dec  1 16:38:26 2020
[runlim] child:			7006
[runlim] sample:		9.22 time, 10.01 real, 245 MB
[runlim] sample:		19.22 time, 20.01 real, 249 MB
[runlim] sample:		29.21 time, 30.01 real, 271 MB
[runlim] sample:		39.21 time, 40.01 real, 271 MB
[runlim] sample:		49.21 time, 50.01 real, 272 MB
[runlim] sample:		59.21 time, 60.01 real, 273 MB
[runlim] sample:		69.21 time, 70.01 real, 275 MB
[runlim] sample:		79.22 time, 80.01 real, 276 MB
[runlim] sample:		89.22 time, 90.01 real, 276 MB
[runlim] sample:		99.22 time, 100.01 real, 277 MB
[runlim] sample:		109.22 time, 110.01 real, 277 MB
[runlim] sample:		119.22 time, 120.01 real, 277 MB
[runlim] sample:		129.22 time, 130.01 real, 278 MB
[runlim] sample:		139.22 time, 140.01 real, 278 MB
[runlim] sample:		149.21 time, 150.01 real, 278 MB
[runlim] sample:		159.21 time, 160.01 real, 278 MB
[runlim] sample:		169.21 time, 170.01 real, 278 MB
[runlim] sample:		179.21 time, 180.01 real, 280 MB
[runlim] sample:		189.22 time, 190.01 real, 280 MB
[runlim] sample:		199.22 time, 200.01 real, 280 MB
[runlim] sample:		209.21 time, 210.01 real, 281 MB
[runlim] sample:		219.21 time, 220.01 real, 281 MB
[runlim] sample:		229.21 time, 230.01 real, 281 MB
[runlim] sample:		239.21 time, 240.01 real, 282 MB
[runlim] sample:		249.21 time, 250.01 real, 282 MB
[runlim] sample:		259.21 time, 260.01 real, 282 MB
[runlim] sample:		269.21 time, 270.01 real, 283 MB
[runlim] sample:		279.22 time, 280.01 real, 293 MB
[runlim] sample:		289.22 time, 290.01 real, 293 MB
[runlim] sample:		299.22 time, 300.01 real, 293 MB
[runlim] sample:		309.22 time, 310.01 real, 293 MB
[runlim] sample:		319.22 time, 320.01 real, 293 MB
[runlim] sample:		329.22 time, 330.01 real, 293 MB
[runlim] sample:		339.22 time, 340.01 real, 293 MB
[runlim] sample:		349.21 time, 350.01 real, 293 MB
[runlim] sample:		359.21 time, 360.01 real, 293 MB
[runlim] sample:		369.21 time, 370.01 real, 293 MB
[runlim] sample:		379.21 time, 380.01 real, 293 MB
[runlim] sample:		389.21 time, 390.01 real, 293 MB
[runlim] sample:		399.21 time, 400.01 real, 293 MB
[runlim] sample:		409.21 time, 410.01 real, 293 MB
[runlim] sample:		419.21 time, 420.01 real, 293 MB
[runlim] sample:		429.21 time, 430.01 real, 293 MB
[runlim] sample:		439.21 time, 440.01 real, 293 MB
[runlim] sample:		449.21 time, 450.01 real, 293 MB
[runlim] sample:		459.21 time, 460.01 real, 293 MB
[runlim] sample:		469.21 time, 470.01 real, 293 MB
[runlim] sample:		479.21 time, 480.01 real, 293 MB
[runlim] sample:		489.21 time, 490.01 real, 293 MB
[runlim] sample:		499.21 time, 500.01 real, 293 MB
[runlim] sample:		509.21 time, 510.01 real, 293 MB
[runlim] sample:		519.21 time, 520.01 real, 294 MB
[runlim] sample:		529.21 time, 530.01 real, 294 MB
[runlim] sample:		539.21 time, 540.01 real, 294 MB
[runlim] sample:		549.21 time, 550.01 real, 294 MB
[runlim] sample:		559.21 time, 560.01 real, 294 MB
[runlim] sample:		569.21 time, 570.01 real, 294 MB
[runlim] sample:		579.21 time, 580.01 real, 294 MB
[runlim] sample:		589.21 time, 590.01 real, 294 MB
[runlim] sample:		599.21 time, 600.01 real, 295 MB
[runlim] sample:		609.21 time, 610.01 real, 295 MB
[runlim] sample:		619.21 time, 620.01 real, 295 MB
[runlim] sample:		629.21 time, 630.01 real, 295 MB
[runlim] sample:		639.21 time, 640.01 real, 296 MB
[runlim] sample:		649.21 time, 650.01 real, 296 MB
[runlim] sample:		659.21 time, 660.01 real, 296 MB
[runlim] sample:		669.21 time, 670.01 real, 296 MB
[runlim] sample:		679.21 time, 680.01 real, 297 MB
[runlim] sample:		689.21 time, 690.01 real, 297 MB
[runlim] sample:		699.21 time, 700.01 real, 297 MB
[runlim] sample:		709.21 time, 710.01 real, 297 MB
[runlim] sample:		719.21 time, 720.01 real, 298 MB
[runlim] sample:		729.21 time, 730.01 real, 298 MB
[runlim] sample:		739.21 time, 740.01 real, 299 MB
[runlim] sample:		749.21 time, 750.01 real, 299 MB
[runlim] sample:		759.21 time, 760.01 real, 299 MB
[runlim] sample:		769.21 time, 770.01 real, 299 MB
[runlim] sample:		779.21 time, 780.01 real, 299 MB
[runlim] sample:		789.21 time, 790.01 real, 300 MB
[runlim] sample:		799.21 time, 800.01 real, 300 MB
[runlim] sample:		809.21 time, 810.01 real, 300 MB
[runlim] sample:		819.21 time, 820.01 real, 300 MB
[runlim] sample:		829.21 time, 830.01 real, 300 MB
[runlim] sample:		839.21 time, 840.01 real, 301 MB
[runlim] sample:		849.21 time, 850.01 real, 301 MB
[runlim] sample:		859.21 time, 860.01 real, 301 MB
[runlim] sample:		869.21 time, 870.01 real, 301 MB
[runlim] sample:		879.21 time, 880.01 real, 301 MB
[runlim] sample:		889.21 time, 890.01 real, 301 MB
[runlim] sample:		899.21 time, 900.01 real, 302 MB
[runlim] sample:		909.21 time, 910.01 real, 302 MB
[runlim] sample:		919.21 time, 920.01 real, 302 MB
[runlim] sample:		929.21 time, 930.01 real, 302 MB
[runlim] sample:		939.21 time, 940.01 real, 302 MB
[runlim] sample:		949.21 time, 950.01 real, 302 MB
[runlim] sample:		959.21 time, 960.01 real, 302 MB
[runlim] sample:		969.21 time, 970.01 real, 303 MB
[runlim] sample:		979.21 time, 980.01 real, 303 MB
[runlim] sample:		989.21 time, 990.01 real, 303 MB
[runlim] sample:		999.21 time, 1000.01 real, 303 MB
[runlim] sample:		1009.21 time, 1010.01 real, 307 MB
[runlim] sample:		1019.21 time, 1020.01 real, 307 MB
[runlim] sample:		1029.21 time, 1030.01 real, 307 MB
[runlim] sample:		1039.21 time, 1040.01 real, 307 MB
[runlim] sample:		1049.21 time, 1050.01 real, 308 MB
[runlim] sample:		1059.20 time, 1060.01 real, 308 MB
[runlim] sample:		1069.20 time, 1070.01 real, 308 MB
[runlim] sample:		1079.20 time, 1080.01 real, 308 MB
[runlim] sample:		1089.21 time, 1090.01 real, 308 MB
[runlim] sample:		1099.21 time, 1100.01 real, 308 MB
[runlim] sample:		1109.21 time, 1110.01 real, 308 MB
[runlim] sample:		1119.21 time, 1120.01 real, 308 MB
[runlim] sample:		1129.21 time, 1130.01 real, 308 MB
[runlim] sample:		1139.21 time, 1140.01 real, 308 MB
[runlim] sample:		1149.21 time, 1150.01 real, 308 MB
[runlim] sample:		1159.21 time, 1160.01 real, 308 MB
[runlim] sample:		1169.21 time, 1170.01 real, 308 MB
[runlim] sample:		1179.21 time, 1180.01 real, 308 MB
[runlim] sample:		1189.21 time, 1190.01 real, 308 MB
[runlim] sample:		1199.21 time, 1200.01 real, 309 MB
[runlim] sample:		1209.21 time, 1210.01 real, 309 MB
[runlim] sample:		1219.21 time, 1220.01 real, 309 MB
