count_stat.buggy.0.asm
count_stat.buggy.1.asm
count_stat.checker.asm
. z3-relational.mmap
# tid	pc	cmd	arg	accu	mem	adr	val	full	heap
0	inc	LOAD	0	0	0	0	0	0	{}	# 0
0	1	ADDI	1	32769	0	0	0	0	{}	# 1
0	2	STORE	0	32770	0	0	0	0	{}	# 2
0	3	LOAD	10	32770	0	0	32770	1	{}	# 3
0	4	FLUSH	-	4	0	0	32770	1	{}	# 4
0	4	SUBI	1	4	0	0	32770	0	{(0,32770)}	# 5
0	5	STORE	10	3	0	0	32770	0	{}	# 6
0	6	FLUSH	-	3	0	10	3	1	{}	# 7
0	6	JNZ	inc	3	0	10	3	0	{(10,3)}	# 8
2	0	CHECK	0	0	0	0	0	0	{}	# 9
0	inc	LOAD	0	3	0	10	3	0	{}	# 10
1	inc	LOAD	0	0	0	0	0	0	{}	# 11
1	1	ADDI	1	32770	0	0	0	0	{}	# 12
1	2	STORE	0	32771	0	0	0	0	{}	# 13
1	3	FLUSH	-	32771	0	0	32771	1	{}	# 14
0	1	ADDI	1	32770	0	10	3	0	{(0,32771)}	# 15
0	2	STORE	0	32771	0	10	3	0	{}	# 16
0	3	FLUSH	-	32771	0	0	32771	1	{}	# 17
1	3	LOAD	11	32771	0	0	32771	0	{(0,32771)}	# 18
0	3	LOAD	10	32771	0	0	32771	0	{}	# 19
1	4	SUBI	1	4	0	0	32771	0	{}	# 20
1	5	STORE	11	3	0	0	32771	0	{}	# 21
1	6	JNZ	inc	3	0	11	3	1	{}	# 22
1	inc	LOAD	0	3	0	11	3	1	{}	# 23
1	1	FLUSH	-	32771	0	11	3	1	{}	# 24
1	1	ADDI	1	32771	0	11	3	0	{(11,3)}	# 25
0	4	SUBI	1	3	0	0	32771	0	{}	# 26
1	2	STORE	0	32772	0	11	3	0	{}	# 27
0	5	STORE	10	2	0	0	32771	0	{}	# 28
0	6	FLUSH	-	2	0	10	2	1	{}	# 29
0	6	JNZ	inc	2	0	10	2	0	{(10,2)}	# 30
0	inc	LOAD	0	2	0	10	2	0	{}	# 31
0	1	ADDI	1	32771	0	10	2	0	{}	# 32
0	2	STORE	0	32772	0	10	2	0	{}	# 33
1	3	LOAD	11	32772	0	0	32772	1	{}	# 34
1	4	FLUSH	-	3	0	0	32772	1	{}	# 35
0	3	FLUSH	-	32772	0	0	32772	1	{(0,32772)}	# 36
1	4	SUBI	1	3	0	0	32772	0	{(0,32772)}	# 37
1	5	STORE	11	2	0	0	32772	0	{}	# 38
0	3	LOAD	10	32772	0	0	32772	0	{}	# 39
1	6	FLUSH	-	2	0	11	2	1	{}	# 40
1	6	JNZ	inc	2	0	11	2	0	{(11,2)}	# 41
1	inc	LOAD	0	2	0	11	2	0	{}	# 42
0	4	SUBI	1	2	0	0	32772	0	{}	# 43
1	1	ADDI	1	32772	0	11	2	0	{}	# 44
1	2	STORE	0	32773	0	11	2	0	{}	# 45
0	5	STORE	10	1	0	0	32772	0	{}	# 46
1	3	LOAD	11	32773	0	0	32773	1	{}	# 47
1	4	FLUSH	-	2	0	0	32773	1	{}	# 48
0	6	FLUSH	-	1	0	10	1	1	{(0,32773)}	# 49
1	4	SUBI	1	2	0	0	32773	0	{(10,1)}	# 50
1	5	STORE	11	1	0	0	32773	0	{}	# 51
1	6	JNZ	inc	1	0	11	1	1	{}	# 52
1	inc	FLUSH	-	1	0	11	1	1	{}	# 53
1	inc	LOAD	0	1	0	11	1	0	{(11,1)}	# 54
0	6	JNZ	inc	1	0	10	1	0	{}	# 55
1	1	ADDI	1	32773	0	11	1	0	{}	# 56
0	inc	LOAD	0	1	0	10	1	0	{}	# 57
0	1	ADDI	1	32773	0	10	1	0	{}	# 58
1	2	STORE	0	32774	0	11	1	0	{}	# 59
1	3	LOAD	11	32774	0	0	32774	1	{}	# 60
0	2	STORE	0	32774	0	10	1	0	{}	# 61
0	3	FLUSH	-	32774	0	0	32774	1	{}	# 62
0	3	LOAD	10	32774	0	0	32774	0	{(0,32774)}	# 63
0	4	SUBI	1	1	0	0	32774	0	{}	# 64
0	5	STORE	10	0	0	0	32774	0	{}	# 65
1	4	SUBI	1	1	0	0	32774	1	{}	# 66
1	5	FLUSH	-	0	0	0	32774	1	{}	# 67
1	5	STORE	11	0	0	0	32774	0	{(0,32774)}	# 68
1	6	JNZ	inc	0	0	11	0	1	{}	# 69
1	7	FLUSH	-	0	0	11	0	1	{}	# 70
0	6	JNZ	inc	0	0	10	0	1	{(11,0)}	# 71
1	7	CHECK	0	0	0	11	0	0	{}	# 72
0	7	CHECK	0	0	0	10	0	1	{}	# 73
0	8	FLUSH	-	0	0	10	0	1	{}	# 74
2	1	ADDI	8	0	0	0	0	0	{(10,0)}	# 75
1	8	HALT	-	0	0	11	0	0	{}	# 76
0	8	HALT	-	0	0	10	0	0	{}	# 77
2	2	CMP	0	8	0	0	0	0	{}	# 78
2	3	JNZ	error	32770	0	0	0	0	{}	# 79
2	error	EXIT	1	32770	0	0	0	0	{}	# 80
