[runlim] version:		1.21
[runlim] host:			c3n18
[runlim] time limit:		86400 seconds
[runlim] real time limit:	86400 seconds
[runlim] space limit:		8000 MB
[runlim] argv[0]:		concubine
[runlim] argv[1]:		solve
[runlim] argv[2]:		-v
[runlim] argv[3]:		-s
[runlim] argv[4]:		z3
[runlim] argv[5]:		-e
[runlim] argv[6]:		smtlib-relational
[runlim] argv[7]:		-m
[runlim] argv[8]:		init.mmap
[runlim] argv[9]:		-o
[runlim] argv[10]:		z3-relational
[runlim] argv[11]:		81
[runlim] argv[12]:		count_stat.buggy.0.asm
[runlim] argv[13]:		count_stat.buggy.1.asm
[runlim] argv[14]:		count_stat.checker.asm
[runlim] start:			Tue Dec  8 20:17:56 2020
[runlim] child:			21621
[runlim] sample:		8.25 time, 10.01 real, 31 MB
[runlim] sample:		18.25 time, 20.01 real, 31 MB
[runlim] sample:		28.25 time, 30.01 real, 31 MB
[runlim] sample:		38.25 time, 40.01 real, 33 MB
[runlim] sample:		48.25 time, 50.01 real, 33 MB
[runlim] sample:		58.26 time, 60.01 real, 33 MB
[runlim] sample:		68.25 time, 70.01 real, 70 MB
[runlim] sample:		78.25 time, 80.01 real, 74 MB
[runlim] sample:		88.25 time, 90.01 real, 79 MB
[runlim] end:			Tue Dec  8 20:19:33 2020
[runlim] status:		ok
[runlim] result:		0
[runlim] children:		1
[runlim] real:			96.33 seconds
[runlim] time:			94.55 seconds
[runlim] space:			81 MB
[runlim] samples:		963
