count_stat.cas.0.asm
count_stat.cas.1.asm
count_stat.cas.2.asm
count_stat.checker.asm
. boolector-functional.mmap
# tid	pc	cmd	arg	accu	mem	adr	val	full	heap
2	inc	MEM	0	0	0	0	0	0	{}	# 0
0	inc	MEM	0	0	0	0	0	0	{}	# 1
2	1	ADDI	1	0	0	0	0	0	{}	# 2
0	1	ADDI	1	0	0	0	0	0	{}	# 3
0	2	CAS	0	1	0	0	0	0	{}	# 4
2	2	CAS	0	1	0	0	0	0	{(0,1)}	# 5
3	0	CHECK	0	0	0	0	0	0	{}	# 6
2	3	JZ	inc	0	0	0	0	0	{}	# 7
0	3	JZ	inc	1	0	0	0	0	{}	# 8
2	inc	MEM	0	0	0	0	0	0	{}	# 9
0	4	LOAD	10	1	0	0	0	0	{}	# 10
1	inc	MEM	0	0	0	0	0	0	{}	# 11
1	1	ADDI	1	1	1	0	0	0	{}	# 12
1	2	CAS	0	2	1	0	0	0	{}	# 13
2	1	ADDI	1	1	1	0	0	0	{(0,2)}	# 14
2	2	CAS	0	2	1	0	0	0	{}	# 15
0	5	SUBI	1	2	0	0	0	0	{}	# 16
2	3	JZ	inc	0	1	0	0	0	{}	# 17
1	3	JZ	inc	1	1	0	0	0	{}	# 18
2	inc	MEM	0	0	1	0	0	0	{}	# 19
2	1	ADDI	1	2	2	0	0	0	{}	# 20
2	2	CAS	0	3	2	0	0	0	{}	# 21
2	3	JZ	inc	1	2	0	0	0	{(0,3)}	# 22
2	4	LOAD	12	1	2	0	0	0	{}	# 23
2	5	SUBI	1	1	2	0	0	0	{}	# 24
2	6	STORE	12	0	2	0	0	0	{}	# 25
1	4	LOAD	11	1	1	0	0	0	{}	# 26
1	5	SUBI	1	1	1	0	0	0	{}	# 27
1	6	STORE	11	0	1	0	0	0	{}	# 28
1	7	JNZ	inc	0	1	11	0	1	{}	# 29
0	6	STORE	10	1	0	0	0	0	{}	# 30
0	7	FLUSH	-	1	0	10	1	1	{}	# 31
2	7	JNZ	inc	0	2	12	0	1	{(10,1)}	# 32
2	8	CHECK	0	0	2	12	0	1	{}	# 33
1	8	CHECK	0	0	1	11	0	1	{}	# 34
0	7	JNZ	inc	1	0	10	1	0	{}	# 35
0	inc	MEM	0	1	0	10	1	0	{}	# 36
0	1	ADDI	1	3	3	10	1	0	{}	# 37
0	2	CAS	0	4	3	10	1	0	{}	# 38
0	3	JZ	inc	1	3	10	1	0	{(0,4)}	# 39
1	9	FLUSH	-	0	1	11	0	1	{}	# 40
0	4	LOAD	10	1	3	10	1	0	{(11,0)}	# 41
0	5	SUBI	1	1	3	10	1	0	{}	# 42
0	6	STORE	10	0	3	10	1	0	{}	# 43
0	7	JNZ	inc	0	3	10	0	1	{}	# 44
2	9	FLUSH	-	0	2	12	0	1	{}	# 45
0	8	CHECK	0	0	3	10	0	1	{(12,0)}	# 46
3	1	ADDI	12	0	0	0	0	0	{}	# 47
0	9	FLUSH	-	0	3	10	0	1	{}	# 48
2	9	HALT	-	0	2	12	0	0	{(10,0)}	# 49
1	9	HALT	-	0	1	11	0	0	{}	# 50
0	9	HALT	-	0	3	10	0	0	{}	# 51
3	2	CMP	0	12	0	0	0	0	{}	# 52
3	3	JNZ	error	8	0	0	0	0	{}	# 53
3	error	EXIT	1	8	0	0	0	0	{}	# 54
