[runlim] version:		1.21
[runlim] host:			c3n10
[runlim] time limit:		86400 seconds
[runlim] real time limit:	86400 seconds
[runlim] space limit:		8000 MB
[runlim] argv[0]:		concubine
[runlim] argv[1]:		solve
[runlim] argv[2]:		-v
[runlim] argv[3]:		-s
[runlim] argv[4]:		boolector
[runlim] argv[5]:		-e
[runlim] argv[6]:		smtlib
[runlim] argv[7]:		-m
[runlim] argv[8]:		init.mmap
[runlim] argv[9]:		-o
[runlim] argv[10]:		boolector-functional
[runlim] argv[11]:		359
[runlim] argv[12]:		count_stat.cas.0.asm
[runlim] argv[13]:		count_stat.cas.1.asm
[runlim] argv[14]:		count_stat.cas.2.asm
[runlim] argv[15]:		count_stat.checker.asm
[runlim] start:			Tue Dec  8 20:17:55 2020
[runlim] child:			22835
[runlim] sample:		0.95 time, 10.01 real, 18 MB
[runlim] sample:		0.95 time, 20.01 real, 18 MB
[runlim] sample:		0.95 time, 30.01 real, 18 MB
[runlim] sample:		0.95 time, 40.01 real, 18 MB
[runlim] sample:		0.95 time, 50.01 real, 18 MB
[runlim] sample:		0.95 time, 60.01 real, 18 MB
[runlim] sample:		0.95 time, 70.01 real, 18 MB
[runlim] sample:		0.95 time, 80.01 real, 18 MB
[runlim] sample:		0.95 time, 90.01 real, 18 MB
[runlim] sample:		0.96 time, 100.01 real, 18 MB
[runlim] sample:		0.96 time, 110.01 real, 18 MB
[runlim] sample:		0.96 time, 120.01 real, 18 MB
[runlim] sample:		0.96 time, 130.01 real, 18 MB
[runlim] sample:		0.96 time, 140.01 real, 18 MB
[runlim] sample:		0.96 time, 150.01 real, 18 MB
[runlim] sample:		0.96 time, 160.01 real, 18 MB
[runlim] sample:		0.96 time, 170.01 real, 18 MB
[runlim] sample:		0.96 time, 180.01 real, 18 MB
[runlim] sample:		0.96 time, 190.01 real, 18 MB
[runlim] sample:		0.96 time, 200.01 real, 18 MB
[runlim] sample:		0.96 time, 210.01 real, 18 MB
[runlim] sample:		0.96 time, 220.01 real, 18 MB
[runlim] sample:		0.96 time, 230.01 real, 18 MB
[runlim] sample:		0.96 time, 240.01 real, 18 MB
[runlim] sample:		0.96 time, 250.01 real, 18 MB
[runlim] sample:		0.96 time, 260.01 real, 18 MB
[runlim] sample:		0.96 time, 270.01 real, 18 MB
[runlim] sample:		0.96 time, 280.01 real, 18 MB
[runlim] sample:		0.96 time, 290.01 real, 18 MB
[runlim] sample:		0.96 time, 300.01 real, 18 MB
[runlim] sample:		0.96 time, 310.01 real, 18 MB
[runlim] sample:		0.96 time, 320.01 real, 18 MB
[runlim] sample:		0.96 time, 330.01 real, 18 MB
[runlim] sample:		0.96 time, 340.01 real, 18 MB
[runlim] sample:		0.96 time, 350.01 real, 18 MB
[runlim] sample:		0.96 time, 360.01 real, 18 MB
[runlim] sample:		0.96 time, 370.01 real, 18 MB
[runlim] sample:		0.96 time, 380.01 real, 18 MB
[runlim] sample:		0.96 time, 390.01 real, 18 MB
[runlim] sample:		0.96 time, 400.01 real, 18 MB
[runlim] sample:		0.97 time, 410.01 real, 18 MB
[runlim] sample:		0.97 time, 420.01 real, 18 MB
[runlim] sample:		0.97 time, 430.01 real, 18 MB
[runlim] sample:		0.97 time, 440.01 real, 18 MB
[runlim] sample:		0.97 time, 450.01 real, 18 MB
[runlim] sample:		0.97 time, 460.01 real, 18 MB
[runlim] sample:		0.97 time, 470.01 real, 18 MB
[runlim] sample:		0.97 time, 480.01 real, 18 MB
[runlim] sample:		0.97 time, 490.01 real, 18 MB
[runlim] sample:		0.97 time, 500.01 real, 18 MB
[runlim] sample:		0.97 time, 510.01 real, 18 MB
[runlim] sample:		0.97 time, 520.01 real, 18 MB
[runlim] sample:		0.97 time, 530.01 real, 18 MB
[runlim] sample:		0.97 time, 540.01 real, 18 MB
[runlim] sample:		0.97 time, 550.01 real, 18 MB
[runlim] sample:		0.97 time, 560.01 real, 18 MB
[runlim] sample:		0.97 time, 570.01 real, 18 MB
[runlim] sample:		0.97 time, 580.01 real, 18 MB
[runlim] sample:		0.97 time, 590.01 real, 18 MB
[runlim] sample:		0.97 time, 600.01 real, 18 MB
[runlim] sample:		0.97 time, 610.01 real, 18 MB
[runlim] sample:		0.97 time, 620.01 real, 18 MB
[runlim] sample:		0.97 time, 630.01 real, 18 MB
[runlim] sample:		0.97 time, 640.01 real, 18 MB
[runlim] sample:		0.97 time, 650.01 real, 18 MB
[runlim] sample:		0.97 time, 660.01 real, 18 MB
[runlim] sample:		0.97 time, 670.01 real, 18 MB
[runlim] sample:		0.97 time, 680.01 real, 18 MB
[runlim] sample:		0.97 time, 690.01 real, 18 MB
[runlim] sample:		0.97 time, 700.01 real, 18 MB
[runlim] sample:		0.97 time, 710.01 real, 18 MB
[runlim] sample:		0.97 time, 720.01 real, 18 MB
[runlim] sample:		0.97 time, 730.01 real, 18 MB
[runlim] sample:		0.97 time, 740.01 real, 18 MB
[runlim] sample:		0.97 time, 750.01 real, 18 MB
[runlim] sample:		0.97 time, 760.01 real, 18 MB
[runlim] sample:		0.97 time, 770.01 real, 18 MB
[runlim] sample:		0.97 time, 780.01 real, 18 MB
[runlim] sample:		0.97 time, 790.01 real, 18 MB
[runlim] sample:		1.07 time, 800.01 real, 0 MB
[runlim] end:			Tue Dec  8 20:31:15 2020
[runlim] status:		ok
[runlim] result:		0
[runlim] children:		1
[runlim] real:			800.02 seconds
[runlim] time:			1.07 seconds
[runlim] space:			20 MB
[runlim] samples:		8000
[count_stat/run.sh] error: expected test to be unsat
