[runlim] version:		1.21
[runlim] host:			c3n17
[runlim] time limit:		86400 seconds
[runlim] real time limit:	86400 seconds
[runlim] space limit:		8000 MB
[runlim] argv[0]:		concubine
[runlim] argv[1]:		solve
[runlim] argv[2]:		-v
[runlim] argv[3]:		-s
[runlim] argv[4]:		btormc
[runlim] argv[5]:		-m
[runlim] argv[6]:		init.mmap
[runlim] argv[7]:		-o
[runlim] argv[8]:		btormc-btor2
[runlim] argv[9]:		359
[runlim] argv[10]:		count_stat.cas.0.asm
[runlim] argv[11]:		count_stat.cas.1.asm
[runlim] argv[12]:		count_stat.cas.2.asm
[runlim] argv[13]:		count_stat.checker.asm
[runlim] start:			Tue Dec  1 16:38:23 2020
[runlim] child:			6824
[runlim] sample:		0.01 time, 10.01 real, 3 MB
[runlim] sample:		0.01 time, 20.01 real, 3 MB
[runlim] sample:		0.01 time, 30.01 real, 3 MB
[runlim] sample:		0.01 time, 40.01 real, 3 MB
[runlim] sample:		0.01 time, 50.01 real, 3 MB
[runlim] sample:		0.01 time, 60.01 real, 3 MB
[runlim] sample:		0.01 time, 70.01 real, 3 MB
[runlim] sample:		0.01 time, 80.01 real, 3 MB
[runlim] sample:		0.01 time, 90.01 real, 3 MB
[runlim] sample:		0.01 time, 100.01 real, 3 MB
[runlim] sample:		0.01 time, 110.01 real, 3 MB
[runlim] sample:		0.01 time, 120.01 real, 3 MB
[runlim] sample:		0.01 time, 130.01 real, 3 MB
[runlim] sample:		0.01 time, 140.01 real, 3 MB
[runlim] sample:		0.01 time, 150.01 real, 3 MB
[runlim] sample:		0.01 time, 160.01 real, 3 MB
[runlim] sample:		0.01 time, 170.01 real, 3 MB
[runlim] sample:		0.01 time, 180.01 real, 3 MB
[runlim] sample:		0.01 time, 190.01 real, 3 MB
[runlim] sample:		0.01 time, 200.01 real, 3 MB
[runlim] sample:		0.01 time, 210.01 real, 3 MB
[runlim] sample:		0.01 time, 220.01 real, 3 MB
[runlim] sample:		0.01 time, 230.01 real, 3 MB
[runlim] sample:		0.01 time, 240.01 real, 3 MB
[runlim] sample:		0.01 time, 250.01 real, 3 MB
[runlim] sample:		0.01 time, 260.01 real, 3 MB
[runlim] sample:		0.01 time, 270.01 real, 3 MB
[runlim] sample:		0.01 time, 280.01 real, 3 MB
[runlim] sample:		0.01 time, 290.01 real, 3 MB
[runlim] sample:		0.01 time, 300.01 real, 3 MB
[runlim] sample:		0.01 time, 310.01 real, 3 MB
[runlim] sample:		0.01 time, 320.01 real, 3 MB
[runlim] sample:		0.01 time, 330.01 real, 3 MB
[runlim] sample:		0.01 time, 340.01 real, 3 MB
[runlim] sample:		0.01 time, 350.01 real, 3 MB
[runlim] sample:		0.01 time, 360.01 real, 3 MB
[runlim] sample:		0.01 time, 370.01 real, 3 MB
[runlim] sample:		0.01 time, 380.01 real, 3 MB
[runlim] sample:		0.01 time, 390.01 real, 3 MB
[runlim] sample:		0.01 time, 400.01 real, 3 MB
[runlim] sample:		0.01 time, 410.01 real, 3 MB
[runlim] sample:		0.01 time, 420.01 real, 3 MB
[runlim] sample:		0.01 time, 430.01 real, 3 MB
[runlim] sample:		0.01 time, 440.01 real, 3 MB
[runlim] sample:		0.01 time, 450.01 real, 3 MB
[runlim] sample:		0.01 time, 460.01 real, 3 MB
[runlim] sample:		0.01 time, 470.01 real, 3 MB
[runlim] sample:		0.01 time, 480.01 real, 3 MB
[runlim] sample:		0.01 time, 490.01 real, 3 MB
[runlim] sample:		0.01 time, 500.01 real, 3 MB
[runlim] sample:		0.01 time, 510.01 real, 3 MB
[runlim] sample:		0.01 time, 520.01 real, 3 MB
[runlim] sample:		0.01 time, 530.01 real, 3 MB
[runlim] sample:		0.01 time, 540.01 real, 3 MB
[runlim] sample:		0.01 time, 550.01 real, 3 MB
[runlim] sample:		0.01 time, 560.01 real, 3 MB
[runlim] sample:		0.02 time, 570.01 real, 3 MB
[runlim] sample:		0.02 time, 580.01 real, 3 MB
[runlim] sample:		0.02 time, 590.01 real, 3 MB
[runlim] sample:		0.02 time, 600.01 real, 3 MB
[runlim] sample:		0.02 time, 610.01 real, 3 MB
[runlim] sample:		0.02 time, 620.01 real, 3 MB
[runlim] sample:		0.02 time, 630.01 real, 3 MB
[runlim] sample:		0.02 time, 640.01 real, 3 MB
[runlim] sample:		0.02 time, 650.01 real, 3 MB
[runlim] sample:		0.02 time, 660.01 real, 3 MB
[runlim] sample:		0.02 time, 670.01 real, 3 MB
[runlim] sample:		0.02 time, 680.01 real, 3 MB
[runlim] sample:		0.02 time, 690.01 real, 3 MB
[runlim] sample:		0.02 time, 700.01 real, 3 MB
[runlim] sample:		0.02 time, 710.01 real, 3 MB
[runlim] sample:		0.02 time, 720.01 real, 3 MB
[runlim] sample:		0.02 time, 730.01 real, 3 MB
[runlim] sample:		0.02 time, 740.01 real, 3 MB
[runlim] sample:		0.02 time, 750.01 real, 3 MB
[runlim] sample:		0.02 time, 760.01 real, 3 MB
[runlim] sample:		0.02 time, 770.01 real, 3 MB
[runlim] sample:		0.02 time, 780.01 real, 3 MB
[runlim] sample:		0.02 time, 790.01 real, 3 MB
[runlim] sample:		0.02 time, 800.01 real, 3 MB
[runlim] sample:		0.02 time, 810.01 real, 3 MB
[runlim] sample:		0.02 time, 820.01 real, 3 MB
[runlim] sample:		0.02 time, 830.01 real, 3 MB
[runlim] sample:		0.02 time, 840.01 real, 3 MB
[runlim] sample:		0.02 time, 850.01 real, 3 MB
[runlim] sample:		0.02 time, 860.01 real, 3 MB
[runlim] sample:		0.02 time, 870.01 real, 3 MB
[runlim] sample:		0.02 time, 880.01 real, 3 MB
[runlim] sample:		0.02 time, 890.01 real, 3 MB
[runlim] sample:		0.02 time, 900.01 real, 3 MB
[runlim] sample:		0.02 time, 910.01 real, 3 MB
[runlim] sample:		0.02 time, 920.01 real, 3 MB
[runlim] sample:		0.02 time, 930.01 real, 3 MB
[runlim] sample:		0.02 time, 940.01 real, 3 MB
[runlim] sample:		0.02 time, 950.01 real, 3 MB
[runlim] sample:		0.02 time, 960.01 real, 3 MB
[runlim] sample:		0.03 time, 970.01 real, 4 MB
[runlim] end:			Tue Dec  1 16:54:33 2020
[runlim] status:		ok
[runlim] result:		0
[runlim] children:		1
[runlim] real:			970.26 seconds
[runlim] time:			0.04 seconds
[runlim] space:			7 MB
[runlim] samples:		9702
error: expected test to be unsat
