[runlim] version:		1.21
[runlim] host:			c3n16
[runlim] time limit:		86400 seconds
[runlim] real time limit:	86400 seconds
[runlim] space limit:		8000 MB
[runlim] argv[0]:		concubine
[runlim] argv[1]:		solve
[runlim] argv[2]:		-v
[runlim] argv[3]:		-s
[runlim] argv[4]:		z3
[runlim] argv[5]:		-e
[runlim] argv[6]:		smtlib
[runlim] argv[7]:		-m
[runlim] argv[8]:		init.mmap
[runlim] argv[9]:		-o
[runlim] argv[10]:		z3-functional
[runlim] argv[11]:		359
[runlim] argv[12]:		count_stat.cas.0.asm
[runlim] argv[13]:		count_stat.cas.1.asm
[runlim] argv[14]:		count_stat.cas.2.asm
[runlim] argv[15]:		count_stat.checker.asm
[runlim] start:			Tue Dec  8 13:58:23 2020
[runlim] child:			17820
[runlim] sample:		9.60 time, 10.01 real, 337 MB
[runlim] sample:		19.60 time, 20.01 real, 665 MB
[runlim] sample:		29.60 time, 30.01 real, 1076 MB
[runlim] sample:		39.60 time, 40.01 real, 1131 MB
[runlim] sample:		49.60 time, 50.01 real, 1207 MB
[runlim] sample:		59.61 time, 60.01 real, 1741 MB
[runlim] sample:		69.60 time, 70.01 real, 1913 MB
[runlim] sample:		79.60 time, 80.01 real, 1913 MB
[runlim] sample:		89.60 time, 90.01 real, 1929 MB
[runlim] sample:		99.60 time, 100.01 real, 1945 MB
[runlim] sample:		109.60 time, 110.01 real, 1945 MB
[runlim] sample:		119.60 time, 120.01 real, 1977 MB
[runlim] sample:		129.60 time, 130.01 real, 1977 MB
[runlim] sample:		139.60 time, 140.01 real, 1977 MB
[runlim] sample:		149.60 time, 150.01 real, 1977 MB
[runlim] sample:		159.60 time, 160.01 real, 1977 MB
[runlim] sample:		169.60 time, 170.01 real, 1977 MB
[runlim] sample:		179.60 time, 180.01 real, 1977 MB
[runlim] sample:		189.60 time, 190.01 real, 1977 MB
[runlim] sample:		199.60 time, 200.01 real, 1977 MB
[runlim] sample:		209.60 time, 210.01 real, 1977 MB
[runlim] sample:		219.60 time, 220.01 real, 1977 MB
[runlim] sample:		229.60 time, 230.01 real, 1977 MB
[runlim] sample:		239.60 time, 240.01 real, 1977 MB
[runlim] sample:		249.60 time, 250.01 real, 2009 MB
[runlim] sample:		259.60 time, 260.01 real, 2009 MB
[runlim] sample:		269.60 time, 270.01 real, 2009 MB
[runlim] sample:		279.60 time, 280.01 real, 2009 MB
[runlim] sample:		289.60 time, 290.01 real, 2009 MB
[runlim] sample:		299.60 time, 300.01 real, 2009 MB
[runlim] sample:		309.60 time, 310.01 real, 2009 MB
[runlim] sample:		319.60 time, 320.01 real, 2009 MB
[runlim] sample:		329.60 time, 330.01 real, 2009 MB
[runlim] sample:		339.60 time, 340.01 real, 2074 MB
[runlim] sample:		349.60 time, 350.01 real, 2075 MB
[runlim] sample:		359.60 time, 360.01 real, 2026 MB
[runlim] sample:		369.60 time, 370.01 real, 2026 MB
[runlim] sample:		379.60 time, 380.01 real, 2027 MB
[runlim] sample:		389.60 time, 390.01 real, 2094 MB
[runlim] sample:		399.60 time, 400.01 real, 2229 MB
[runlim] sample:		409.60 time, 410.01 real, 2237 MB
[runlim] sample:		419.60 time, 420.01 real, 2253 MB
[runlim] sample:		429.60 time, 430.01 real, 2253 MB
[runlim] sample:		439.60 time, 440.01 real, 2269 MB
[runlim] sample:		449.60 time, 450.01 real, 2269 MB
[runlim] sample:		459.60 time, 460.01 real, 2301 MB
[runlim] sample:		469.60 time, 470.01 real, 2301 MB
[runlim] sample:		479.60 time, 480.01 real, 2301 MB
[runlim] sample:		489.60 time, 490.01 real, 2301 MB
[runlim] sample:		499.60 time, 500.01 real, 2301 MB
[runlim] sample:		509.60 time, 510.01 real, 2301 MB
[runlim] sample:		519.60 time, 520.01 real, 2301 MB
[runlim] sample:		529.60 time, 530.01 real, 2301 MB
[runlim] sample:		539.60 time, 540.01 real, 2301 MB
[runlim] sample:		549.60 time, 550.01 real, 2301 MB
[runlim] sample:		559.60 time, 560.01 real, 2301 MB
[runlim] sample:		569.60 time, 570.01 real, 2301 MB
[runlim] sample:		579.60 time, 580.01 real, 2333 MB
[runlim] sample:		589.60 time, 590.01 real, 2333 MB
[runlim] sample:		599.60 time, 600.01 real, 2333 MB
[runlim] sample:		609.60 time, 610.01 real, 2333 MB
[runlim] sample:		619.60 time, 620.01 real, 2333 MB
[runlim] sample:		629.60 time, 630.01 real, 2333 MB
[runlim] sample:		639.61 time, 640.01 real, 2333 MB
[runlim] sample:		649.61 time, 650.01 real, 2333 MB
[runlim] sample:		659.60 time, 660.01 real, 2333 MB
[runlim] sample:		669.60 time, 670.01 real, 2398 MB
[runlim] sample:		679.60 time, 680.01 real, 2399 MB
[runlim] sample:		689.61 time, 690.01 real, 2400 MB
[runlim] sample:		699.60 time, 700.01 real, 2401 MB
[runlim] sample:		709.60 time, 710.01 real, 2529 MB
[runlim] sample:		719.60 time, 720.01 real, 2468 MB
[runlim] sample:		729.60 time, 730.01 real, 2586 MB
[runlim] sample:		739.60 time, 740.01 real, 2586 MB
[runlim] sample:		749.60 time, 750.01 real, 2586 MB
[runlim] sample:		759.60 time, 760.01 real, 2586 MB
[runlim] sample:		769.60 time, 770.01 real, 2600 MB
[runlim] sample:		779.60 time, 780.01 real, 2600 MB
[runlim] sample:		789.60 time, 790.01 real, 2632 MB
[runlim] sample:		799.60 time, 800.01 real, 2632 MB
[runlim] sample:		809.60 time, 810.01 real, 2632 MB
[runlim] sample:		819.60 time, 820.01 real, 2632 MB
[runlim] sample:		829.61 time, 830.01 real, 2632 MB
[runlim] sample:		839.60 time, 840.01 real, 2632 MB
[runlim] sample:		849.60 time, 850.01 real, 2632 MB
[runlim] sample:		859.60 time, 860.01 real, 2632 MB
[runlim] sample:		869.60 time, 870.01 real, 2632 MB
[runlim] sample:		879.60 time, 880.01 real, 2632 MB
[runlim] sample:		889.60 time, 890.01 real, 2632 MB
[runlim] sample:		899.60 time, 900.01 real, 2676 MB
[runlim] sample:		909.60 time, 910.01 real, 2664 MB
[runlim] sample:		919.60 time, 920.01 real, 2664 MB
[runlim] sample:		929.60 time, 930.01 real, 2664 MB
[runlim] sample:		939.60 time, 940.01 real, 2664 MB
[runlim] sample:		949.60 time, 950.01 real, 2664 MB
[runlim] sample:		959.60 time, 960.01 real, 2664 MB
[runlim] sample:		969.61 time, 970.01 real, 2664 MB
[runlim] sample:		979.60 time, 980.01 real, 2664 MB
[runlim] sample:		989.61 time, 990.01 real, 2728 MB
[runlim] sample:		999.60 time, 1000.01 real, 2730 MB
[runlim] sample:		1009.60 time, 1010.01 real, 2680 MB
[runlim] sample:		1019.60 time, 1020.01 real, 2681 MB
[runlim] sample:		1029.60 time, 1030.01 real, 2681 MB
[runlim] sample:		1039.61 time, 1040.01 real, 2748 MB
[runlim] sample:		1049.61 time, 1050.01 real, 2756 MB
[runlim] sample:		1059.60 time, 1060.01 real, 2274 MB
[runlim] sample:		1069.60 time, 1070.01 real, 2399 MB
[runlim] sample:		1079.60 time, 1080.01 real, 2479 MB
[runlim] sample:		1089.60 time, 1090.01 real, 2479 MB
[runlim] sample:		1099.60 time, 1100.01 real, 2399 MB
[runlim] sample:		1109.60 time, 1110.01 real, 2479 MB
[runlim] sample:		1119.60 time, 1120.01 real, 2479 MB
[runlim] sample:		1129.60 time, 1130.01 real, 2439 MB
[runlim] sample:		1139.60 time, 1140.01 real, 2479 MB
[runlim] sample:		1149.60 time, 1150.01 real, 2479 MB
[runlim] sample:		1159.60 time, 1160.01 real, 2439 MB
[runlim] sample:		1169.60 time, 1170.01 real, 2479 MB
[runlim] sample:		1179.60 time, 1180.01 real, 2479 MB
[runlim] sample:		1189.60 time, 1190.01 real, 2399 MB
[runlim] sample:		1199.60 time, 1200.01 real, 2479 MB
[runlim] sample:		1209.60 time, 1210.01 real, 2479 MB
[runlim] sample:		1219.60 time, 1220.01 real, 2399 MB
[runlim] sample:		1229.60 time, 1230.01 real, 2479 MB
[runlim] sample:		1239.60 time, 1240.01 real, 2439 MB
[runlim] sample:		1249.60 time, 1250.01 real, 2479 MB
[runlim] sample:		1259.60 time, 1260.01 real, 2479 MB
[runlim] sample:		1269.60 time, 1270.01 real, 2439 MB
[runlim] sample:		1279.60 time, 1280.01 real, 2479 MB
[runlim] sample:		1289.60 time, 1290.01 real, 2439 MB
[runlim] sample:		1299.60 time, 1300.01 real, 2399 MB
[runlim] sample:		1309.60 time, 1310.01 real, 2479 MB
[runlim] sample:		1319.60 time, 1320.01 real, 2439 MB
[runlim] sample:		1329.60 time, 1330.01 real, 2479 MB
[runlim] sample:		1339.60 time, 1340.01 real, 2439 MB
[runlim] sample:		1349.60 time, 1350.01 real, 2399 MB
[runlim] sample:		1359.60 time, 1360.01 real, 2479 MB
[runlim] sample:		1369.60 time, 1370.01 real, 2408 MB
[runlim] sample:		1379.60 time, 1380.01 real, 2479 MB
[runlim] sample:		1389.60 time, 1390.01 real, 2439 MB
[runlim] sample:		1399.60 time, 1400.01 real, 2479 MB
[runlim] sample:		1409.60 time, 1410.01 real, 2479 MB
[runlim] sample:		1419.60 time, 1420.01 real, 2399 MB
[runlim] sample:		1429.60 time, 1430.01 real, 2479 MB
[runlim] sample:		1439.60 time, 1440.01 real, 2439 MB
[runlim] sample:		1449.60 time, 1450.01 real, 2479 MB
[runlim] sample:		1459.60 time, 1460.01 real, 2439 MB
[runlim] sample:		1469.60 time, 1470.01 real, 2479 MB
[runlim] sample:		1479.60 time, 1480.01 real, 2479 MB
[runlim] sample:		1489.60 time, 1490.01 real, 2399 MB
[runlim] sample:		1499.60 time, 1500.01 real, 2479 MB
[runlim] sample:		1509.60 time, 1510.01 real, 2439 MB
[runlim] sample:		1519.60 time, 1520.01 real, 2479 MB
[runlim] sample:		1529.60 time, 1530.01 real, 2446 MB
