[runlim] version:		1.21
[runlim] host:			c3n16
[runlim] time limit:		86400 seconds
[runlim] real time limit:	86400 seconds
[runlim] space limit:		8000 MB
[runlim] argv[0]:		concubine
[runlim] argv[1]:		solve
[runlim] argv[2]:		-v
[runlim] argv[3]:		-s
[runlim] argv[4]:		z3
[runlim] argv[5]:		-e
[runlim] argv[6]:		smtlib-relational
[runlim] argv[7]:		-m
[runlim] argv[8]:		init.mmap
[runlim] argv[9]:		-o
[runlim] argv[10]:		z3-relational
[runlim] argv[11]:		359
[runlim] argv[12]:		count_stat.cas.0.asm
[runlim] argv[13]:		count_stat.cas.1.asm
[runlim] argv[14]:		count_stat.cas.2.asm
[runlim] argv[15]:		count_stat.checker.asm
[runlim] start:			Tue Dec  8 13:58:23 2020
[runlim] child:			17827
[runlim] sample:		9.76 time, 10.01 real, 116 MB
[runlim] sample:		19.76 time, 20.01 real, 116 MB
[runlim] sample:		29.76 time, 30.01 real, 116 MB
[runlim] sample:		39.76 time, 40.01 real, 116 MB
[runlim] sample:		49.76 time, 50.01 real, 116 MB
[runlim] sample:		59.76 time, 60.01 real, 116 MB
[runlim] sample:		69.76 time, 70.01 real, 116 MB
[runlim] sample:		79.76 time, 80.01 real, 116 MB
[runlim] sample:		89.76 time, 90.01 real, 116 MB
[runlim] sample:		99.76 time, 100.01 real, 116 MB
[runlim] sample:		109.76 time, 110.01 real, 116 MB
[runlim] sample:		119.76 time, 120.01 real, 116 MB
[runlim] sample:		129.76 time, 130.01 real, 116 MB
[runlim] sample:		139.76 time, 140.01 real, 116 MB
[runlim] sample:		149.76 time, 150.01 real, 116 MB
[runlim] sample:		159.76 time, 160.01 real, 116 MB
[runlim] sample:		169.76 time, 170.01 real, 116 MB
[runlim] sample:		179.76 time, 180.01 real, 116 MB
[runlim] sample:		189.76 time, 190.01 real, 116 MB
[runlim] sample:		199.76 time, 200.01 real, 116 MB
[runlim] sample:		209.76 time, 210.01 real, 116 MB
[runlim] sample:		219.76 time, 220.01 real, 116 MB
[runlim] sample:		229.76 time, 230.01 real, 116 MB
[runlim] sample:		239.76 time, 240.01 real, 116 MB
[runlim] sample:		249.76 time, 250.01 real, 116 MB
[runlim] sample:		259.76 time, 260.01 real, 116 MB
[runlim] sample:		269.76 time, 270.01 real, 116 MB
[runlim] sample:		279.76 time, 280.01 real, 116 MB
[runlim] sample:		289.76 time, 290.01 real, 116 MB
[runlim] sample:		299.76 time, 300.01 real, 116 MB
[runlim] sample:		309.76 time, 310.01 real, 116 MB
[runlim] sample:		319.76 time, 320.01 real, 116 MB
[runlim] sample:		329.76 time, 330.01 real, 116 MB
[runlim] sample:		339.76 time, 340.01 real, 116 MB
[runlim] sample:		349.76 time, 350.01 real, 116 MB
[runlim] sample:		359.76 time, 360.01 real, 116 MB
[runlim] sample:		369.76 time, 370.01 real, 116 MB
[runlim] sample:		379.76 time, 380.01 real, 116 MB
[runlim] sample:		389.76 time, 390.01 real, 116 MB
[runlim] sample:		399.76 time, 400.01 real, 116 MB
[runlim] sample:		409.76 time, 410.01 real, 116 MB
[runlim] sample:		419.76 time, 420.01 real, 116 MB
[runlim] sample:		429.76 time, 430.01 real, 116 MB
[runlim] sample:		439.76 time, 440.01 real, 116 MB
[runlim] sample:		449.76 time, 450.01 real, 116 MB
[runlim] sample:		459.76 time, 460.01 real, 116 MB
[runlim] sample:		469.76 time, 470.01 real, 116 MB
[runlim] sample:		479.76 time, 480.01 real, 116 MB
[runlim] sample:		489.76 time, 490.01 real, 116 MB
[runlim] sample:		499.76 time, 500.01 real, 116 MB
[runlim] sample:		509.76 time, 510.01 real, 116 MB
[runlim] sample:		519.76 time, 520.01 real, 116 MB
[runlim] sample:		529.76 time, 530.01 real, 116 MB
[runlim] sample:		539.76 time, 540.01 real, 116 MB
[runlim] sample:		549.76 time, 550.01 real, 116 MB
[runlim] sample:		559.76 time, 560.01 real, 116 MB
[runlim] sample:		569.76 time, 570.01 real, 116 MB
[runlim] sample:		579.76 time, 580.01 real, 116 MB
[runlim] sample:		589.76 time, 590.01 real, 116 MB
[runlim] sample:		599.76 time, 600.01 real, 116 MB
[runlim] sample:		609.76 time, 610.01 real, 116 MB
[runlim] sample:		619.76 time, 620.01 real, 116 MB
[runlim] sample:		629.76 time, 630.01 real, 116 MB
[runlim] sample:		639.76 time, 640.01 real, 116 MB
[runlim] sample:		649.76 time, 650.01 real, 116 MB
[runlim] sample:		659.76 time, 660.01 real, 116 MB
[runlim] sample:		669.77 time, 670.01 real, 116 MB
[runlim] sample:		679.77 time, 680.01 real, 116 MB
[runlim] sample:		689.77 time, 690.01 real, 116 MB
[runlim] sample:		699.77 time, 700.01 real, 116 MB
[runlim] sample:		709.77 time, 710.01 real, 116 MB
[runlim] sample:		719.77 time, 720.01 real, 116 MB
[runlim] sample:		729.77 time, 730.01 real, 116 MB
[runlim] sample:		739.77 time, 740.01 real, 116 MB
[runlim] sample:		749.77 time, 750.01 real, 116 MB
[runlim] sample:		759.77 time, 760.01 real, 116 MB
[runlim] sample:		769.77 time, 770.01 real, 116 MB
[runlim] sample:		779.77 time, 780.01 real, 116 MB
[runlim] sample:		789.77 time, 790.01 real, 116 MB
[runlim] sample:		799.77 time, 800.01 real, 116 MB
[runlim] sample:		809.77 time, 810.01 real, 116 MB
[runlim] sample:		819.77 time, 820.01 real, 116 MB
[runlim] sample:		829.77 time, 830.01 real, 116 MB
[runlim] sample:		839.77 time, 840.01 real, 116 MB
[runlim] sample:		849.77 time, 850.01 real, 116 MB
[runlim] sample:		859.77 time, 860.01 real, 116 MB
[runlim] sample:		869.77 time, 870.01 real, 116 MB
[runlim] sample:		879.77 time, 880.01 real, 116 MB
[runlim] sample:		889.77 time, 890.01 real, 116 MB
[runlim] sample:		899.77 time, 900.01 real, 116 MB
[runlim] sample:		909.77 time, 910.01 real, 116 MB
[runlim] sample:		919.77 time, 920.01 real, 116 MB
[runlim] sample:		929.77 time, 930.01 real, 116 MB
[runlim] sample:		939.77 time, 940.01 real, 116 MB
[runlim] sample:		949.77 time, 950.01 real, 116 MB
[runlim] sample:		959.77 time, 960.01 real, 116 MB
[runlim] sample:		969.77 time, 970.01 real, 116 MB
[runlim] sample:		979.77 time, 980.01 real, 116 MB
[runlim] sample:		989.77 time, 990.01 real, 116 MB
[runlim] sample:		999.77 time, 1000.01 real, 116 MB
[runlim] sample:		1009.77 time, 1010.01 real, 116 MB
[runlim] sample:		1019.77 time, 1020.01 real, 116 MB
[runlim] sample:		1029.77 time, 1030.01 real, 116 MB
[runlim] sample:		1039.77 time, 1040.01 real, 116 MB
[runlim] sample:		1049.77 time, 1050.01 real, 116 MB
[runlim] sample:		1059.77 time, 1060.01 real, 116 MB
[runlim] sample:		1069.77 time, 1070.01 real, 116 MB
[runlim] sample:		1079.77 time, 1080.01 real, 116 MB
[runlim] sample:		1089.77 time, 1090.01 real, 116 MB
[runlim] sample:		1099.77 time, 1100.01 real, 116 MB
[runlim] sample:		1109.77 time, 1110.01 real, 116 MB
[runlim] sample:		1119.77 time, 1120.01 real, 116 MB
[runlim] sample:		1129.77 time, 1130.01 real, 116 MB
[runlim] sample:		1139.77 time, 1140.01 real, 116 MB
[runlim] sample:		1149.77 time, 1150.01 real, 116 MB
[runlim] sample:		1159.77 time, 1160.01 real, 116 MB
[runlim] sample:		1169.77 time, 1170.01 real, 116 MB
[runlim] sample:		1179.77 time, 1180.01 real, 116 MB
[runlim] sample:		1189.77 time, 1190.01 real, 116 MB
[runlim] sample:		1199.77 time, 1200.01 real, 116 MB
[runlim] sample:		1209.77 time, 1210.01 real, 116 MB
[runlim] sample:		1219.77 time, 1220.01 real, 116 MB
[runlim] sample:		1229.77 time, 1230.01 real, 116 MB
[runlim] sample:		1239.77 time, 1240.01 real, 116 MB
[runlim] sample:		1249.77 time, 1250.01 real, 116 MB
[runlim] sample:		1259.77 time, 1260.01 real, 116 MB
[runlim] sample:		1269.77 time, 1270.01 real, 116 MB
[runlim] sample:		1279.77 time, 1280.01 real, 116 MB
[runlim] sample:		1289.77 time, 1290.01 real, 116 MB
[runlim] sample:		1299.77 time, 1300.01 real, 116 MB
[runlim] sample:		1309.77 time, 1310.01 real, 116 MB
[runlim] sample:		1319.77 time, 1320.01 real, 116 MB
[runlim] sample:		1329.77 time, 1330.01 real, 116 MB
[runlim] sample:		1339.77 time, 1340.01 real, 116 MB
[runlim] sample:		1349.77 time, 1350.01 real, 116 MB
[runlim] sample:		1359.77 time, 1360.01 real, 116 MB
[runlim] sample:		1369.77 time, 1370.01 real, 116 MB
[runlim] sample:		1379.77 time, 1380.01 real, 116 MB
[runlim] sample:		1389.77 time, 1390.01 real, 116 MB
[runlim] sample:		1399.77 time, 1400.01 real, 116 MB
[runlim] sample:		1409.77 time, 1410.01 real, 116 MB
[runlim] sample:		1419.77 time, 1420.01 real, 116 MB
[runlim] sample:		1429.77 time, 1430.01 real, 116 MB
[runlim] sample:		1439.77 time, 1440.01 real, 116 MB
[runlim] sample:		1449.77 time, 1450.01 real, 116 MB
[runlim] sample:		1459.77 time, 1460.01 real, 116 MB
[runlim] sample:		1469.77 time, 1470.01 real, 116 MB
[runlim] sample:		1479.77 time, 1480.01 real, 116 MB
[runlim] sample:		1489.77 time, 1490.01 real, 116 MB
[runlim] sample:		1499.77 time, 1500.01 real, 116 MB
[runlim] sample:		1509.77 time, 1510.01 real, 116 MB
[runlim] sample:		1519.77 time, 1520.01 real, 116 MB
[runlim] sample:		1529.77 time, 1530.01 real, 116 MB
