[concubine>main] encoding took 0.004203 seconds
[concubine>main] generated 4536 commands
[btor>main] Boolector Version 3.2.1 master-4d240436e34e65096671099766344dd9126145b1
[btor>main]  -std=gnu99 -W -Wall -Wextra -Wredundant-decls -O3
[btor>main] released 2020-11-28T01:46:49
[btor>main] compiled 2020-11-28T01:46:49
[btor>main] GNU 9.3.0
[btor>main] setting signal handlers
[btor>main] no time limit given
[btor>parse] assuming SMT-LIB v2 input,  parsing '<stdin>'
[btor>smt2] parsed 1618 commands in 0.00 seconds
[btor>core] calling SAT
[btor>core] found UFs, disable slice elimination
[btor>varsubst] 650 variables substituted in 0.0 seconds
[btor>embed] replaced 4 embedded constraints in 0 seconds
[btor>extract] set: 0 (0), set_inc: 0 (0), set_itoi: 0 (0), set_itoip1: 0 (0), cpy: 0 (0)
[btor>extract] extracted 0 lambdas in 0.000 seconds
[btor>preprocess] 1 rewriting rounds in 0.0 seconds
[btor>preprocess] simplification returned 0
[btor>slvfun] enabled core engine
[btor>sat] CaDiCaL allows both incremental and non-incremental mode
[btor>sat] initialized CaDiCaL
[btor>slvfun] 448 AIG vars, 5735 AIG ands, 3815 CNF vars, 11285 CNF clauses
[btorcore] 1 iterations, 8 lemmas, 0 ext. lemmas, vars 64, applies 24
[btor>slvfun] 448 AIG vars, 6168 AIG ands, 4050 CNF vars, 12089 CNF clauses
[btorcore] 2 iterations, 15 lemmas, 0 ext. lemmas, vars 64, applies 24
[btor>slvfun] 448 AIG vars, 6620 AIG ands, 4278 CNF vars, 12885 CNF clauses
[btorcore] 3 iterations, 19 lemmas, 0 ext. lemmas, vars 64, applies 24
[btor>slvfun] 448 AIG vars, 6877 AIG ands, 4407 CNF vars, 13336 CNF clauses
[btorcore] 4 iterations, 22 lemmas, 0 ext. lemmas, vars 64, applies 24
[btor>slvfun] 448 AIG vars, 7070 AIG ands, 4504 CNF vars, 13675 CNF clauses
[btorcore] 5 iterations, 23 lemmas, 0 ext. lemmas, vars 64, applies 24
[btor>slvfun] 448 AIG vars, 7134 AIG ands, 4536 CNF vars, 13787 CNF clauses
[btorcore] 6 iterations, 24 lemmas, 0 ext. lemmas, vars 64, applies 24
[btor>slvfun] 448 AIG vars, 7200 AIG ands, 4570 CNF vars, 13905 CNF clauses
[btorcore] 7 iterations, 27 lemmas, 0 ext. lemmas, vars 64, applies 24
[btor>slvfun] 448 AIG vars, 7330 AIG ands, 4636 CNF vars, 14135 CNF clauses
[btorcore] 8 iterations, 29 lemmas, 0 ext. lemmas, vars 64, applies 24
[btor>slvfun] 448 AIG vars, 7395 AIG ands, 4669 CNF vars, 14250 CNF clauses
[btorcore] 9 iterations, 30 lemmas, 0 ext. lemmas, vars 64, applies 24
[btor>slvfun] 448 AIG vars, 7461 AIG ands, 4703 CNF vars, 14368 CNF clauses
[btorcore] 10 iterations, 34 lemmas, 0 ext. lemmas, vars 64, applies 24
[btor>slvfun] 448 AIG vars, 7593 AIG ands, 4771 CNF vars, 14604 CNF clauses
[btorcore] 11 iterations, 35 lemmas, 0 ext. lemmas, vars 64, applies 24
[btor>slvfun] 448 AIG vars, 7659 AIG ands, 4805 CNF vars, 14722 CNF clauses
[btorcore] 12 iterations, 38 lemmas, 0 ext. lemmas, vars 64, applies 24
[btor>slvfun] 448 AIG vars, 7746 AIG ands, 4856 CNF vars, 14893 CNF clauses
[btorcore] 13 iterations, 46 lemmas, 0 ext. lemmas, vars 64, applies 24
[btor>slvfun] 448 AIG vars, 7968 AIG ands, 4978 CNF vars, 15309 CNF clauses
[btorcore] 14 iterations, 48 lemmas, 0 ext. lemmas, vars 64, applies 24
[btor>slvfun] 448 AIG vars, 7970 AIG ands, 4980 CNF vars, 15315 CNF clauses
[btorcore] 15 iterations, 52 lemmas, 0 ext. lemmas, vars 64, applies 24
[btor>slvfun] 448 AIG vars, 8102 AIG ands, 5048 CNF vars, 15551 CNF clauses
[btor>core] SAT call 2 returned 10 in 0.000 seconds
sat
[btor>smt2] WARNING no 'exit' command at end of '<stdin>'
[btor>smt2] parsed 1619 commands in 0.00 seconds
[btor>parse] logic QF_AUFBV
[btor>parse] status unknown
[btor>sat] 16 SAT calls in 0.0 seconds
[btor>core] 650/120/1282/287 constraints 0/0/0/287 1.3 MB
[btor>core] 0 assumptions
[btor>core] 
[btor>core] 0.85 MB allocated for nodes
[btor>core] 
[btor>core]     0 variable substitutions
[btor>core]     0 uninterpreted function substitutions
[btor>core]     0 embedded constraint substitutions
[btor>core]     0 synthesized nodes rewritten
[btor>core]     0 linear constraint equations
[btor>core]     0 gaussian eliminations in linear equations
[btor>core]     0 eliminated sliced variables
[btor>core]     0 extracted skeleton constraints
[btor>core]   806 and normalizations
[btor>core]    10 add normalizations
[btor>core]     0 mul normalizations
[btor>core]     0 lambdas merged
[btor>core]     0 static apply propagations over lambdas
[btor>core]     0 static apply propagations over updates
[btor>core]     0 beta reductions
[btor>core]     0 clone calls
[btor>core] 
[btor>core] rewrite rule cache
[btor>core]   1388 cached (add) 
[btor>core]   348 cached (get)
[btor>core]   0 updated
[btor>core]   0 removed (gc)
[btor>core]   0.11 MB cache
[btor>core] 
[btor>core] bit blasting statistics:
[btor>core]      1448 AIG vectors (1448 max)
[btor>core]      8102 AIG ANDs (8102 max)
[btor>core]       448 AIG variables
[btor>core]      5048 CNF variables
[btor>core]     15551 CNF clauses
[btor>core]     40955 CNF literals
[btor>slvfun] 
[btor>slvfun] lemmas on demand statistics:
[btor>slvfun]   15 refinement iterations
[btor>slvfun]   52 LOD refinements
[btor>slvfun]     35 function congruence conflicts
[btor>slvfun]     17 beta reduction conflicts
[btor>slvfun]      0 extensionality lemmas
[btor>slvfun]   3.3 average lemma size
[btor>slvfun]       39 lemmas of size 3
[btor>slvfun]       12 lemmas of size 4
[btor>slvfun]        1 lemmas of size 6
[btor>slvfun] 
[btor>slvfun]       0 expression evaluations
[btor>slvfun]       0 partial beta reductions
[btor>slvfun]    1210 propagations
[btor>slvfun]      64 propagations down
[btor>core] 
[btor>core] 1.4 MB
[btor>main] sat
2 0000000000000000 accu_0_0
3 0000000000000000 accu_0_1
4 0000000000000000 mem_0_0
5 0000000000000000 mem_0_1
6 0000000000000000 sb-adr_0_0
7 0000000000000000 sb-adr_0_1
8 0000000000000000 sb-val_0_0
9 0000000000000000 sb-val_0_1
10 0 sb-full_0_0
11 0 sb-full_0_1
12 1 stmt_0_0_0
13 0 stmt_0_0_1
14 0 stmt_0_0_2
15 0 stmt_0_0_3
16 0 stmt_0_0_4
17 0 stmt_0_0_5
18 1 stmt_0_1_0
19 0 stmt_0_1_1
20 0 stmt_0_1_2
21 0 stmt_0_1_3
22 0 stmt_0_1_4
23 0 stmt_0_1_5
24 0 halt_0_0
25 0 halt_0_1
26[0000000000000001] 0000000000000001 heap_0
26[0000000000000000] 0000000000000001 heap_0
27 0 exit_0
28 0000000000000000 exit-code
29 1 thread_0_0
30 0 thread_0_1
31 1 exec_0_0_0
32 0 exec_0_0_1
33 0 exec_0_0_2
34 0 exec_0_0_3
35 0 exec_0_0_4
36 0 exec_0_0_5
37 0 exec_0_1_0
38 0 exec_0_1_1
39 0 exec_0_1_2
40 0 exec_0_1_3
41 0 exec_0_1_4
42 0 exec_0_1_5
43 0 flush_0_0
44 0 flush_0_1
106 0000000000000001 accu_1_0
107 0000000000000000 accu_1_1
108 0000000000000000 mem_1_0
109 0000000000000000 mem_1_1
110 0000000000000000 sb-adr_1_0
111 0000000000000000 sb-adr_1_1
112 0000000000000000 sb-val_1_0
113 0000000000000000 sb-val_1_1
114 0 sb-full_1_0
115 0 sb-full_1_1
116 0 stmt_1_0_0
117 1 stmt_1_0_1
118 0 stmt_1_0_2
119 0 stmt_1_0_3
120 0 stmt_1_0_4
121 0 stmt_1_0_5
122 1 stmt_1_1_0
123 0 stmt_1_1_1
124 0 stmt_1_1_2
125 0 stmt_1_1_3
126 0 stmt_1_1_4
127 0 stmt_1_1_5
128 0 halt_1_0
129 0 halt_1_1
130[0000000000000001] 0000000000000001 heap_1
130[0000000000000000] 0000000000000001 heap_1
131 0 exit_1
132 1 thread_1_0
133 0 thread_1_1
134 0 exec_1_0_0
135 1 exec_1_0_1
136 0 exec_1_0_2
137 0 exec_1_0_3
138 0 exec_1_0_4
139 0 exec_1_0_5
140 0 exec_1_1_0
141 0 exec_1_1_1
142 0 exec_1_1_2
143 0 exec_1_1_3
144 0 exec_1_1_4
145 0 exec_1_1_5
146 0 flush_1_0
147 0 flush_1_1
255 0000000000000001 accu_2_0
256 0000000000000000 accu_2_1
257 0000000000000000 mem_2_0
258 0000000000000000 mem_2_1
259 0000000000000000 sb-adr_2_0
260 0000000000000000 sb-adr_2_1
261 0000000000000001 sb-val_2_0
262 0000000000000000 sb-val_2_1
263 1 sb-full_2_0
264 0 sb-full_2_1
265 0 stmt_2_0_0
266 0 stmt_2_0_1
267 1 stmt_2_0_2
268 0 stmt_2_0_3
269 0 stmt_2_0_4
270 0 stmt_2_0_5
271 1 stmt_2_1_0
272 0 stmt_2_1_1
273 0 stmt_2_1_2
274 0 stmt_2_1_3
275 0 stmt_2_1_4
276 0 stmt_2_1_5
277 0 halt_2_0
278 0 halt_2_1
279[0000000000000001] 0000000000000001 heap_2
279[0000000000000000] 0000000000000001 heap_2
280 0 exit_2
281 0 thread_2_0
282 1 thread_2_1
283 0 exec_2_0_0
284 0 exec_2_0_1
285 0 exec_2_0_2
286 0 exec_2_0_3
287 0 exec_2_0_4
288 0 exec_2_0_5
289 1 exec_2_1_0
290 0 exec_2_1_1
291 0 exec_2_1_2
292 0 exec_2_1_3
293 0 exec_2_1_4
294 0 exec_2_1_5
295 0 flush_2_0
296 0 flush_2_1
423 0000000000000001 accu_3_0
424 0000000000000001 accu_3_1
425 0000000000000000 mem_3_0
426 0000000000000000 mem_3_1
427 0000000000000000 sb-adr_3_0
428 0000000000000000 sb-adr_3_1
429 0000000000000001 sb-val_3_0
430 0000000000000000 sb-val_3_1
431 1 sb-full_3_0
432 0 sb-full_3_1
433 0 stmt_3_0_0
434 0 stmt_3_0_1
435 1 stmt_3_0_2
436 0 stmt_3_0_3
437 0 stmt_3_0_4
438 0 stmt_3_0_5
439 0 stmt_3_1_0
440 1 stmt_3_1_1
441 0 stmt_3_1_2
442 0 stmt_3_1_3
443 0 stmt_3_1_4
444 0 stmt_3_1_5
445 0 halt_3_0
446 0 halt_3_1
447[0000000000000001] 0000000000000001 heap_3
447[0000000000000000] 0000000000000001 heap_3
448 0 exit_3
449 1 thread_3_0
450 0 thread_3_1
451 0 exec_3_0_0
452 0 exec_3_0_1
453 1 exec_3_0_2
454 0 exec_3_0_3
455 0 exec_3_0_4
456 0 exec_3_0_5
457 0 exec_3_1_0
458 0 exec_3_1_1
459 0 exec_3_1_2
460 0 exec_3_1_3
461 0 exec_3_1_4
462 0 exec_3_1_5
463 0 flush_3_0
464 0 flush_3_1
599 0000000000000010 accu_4_0
600 0000000000000001 accu_4_1
601 0000000000000000 mem_4_0
602 0000000000000000 mem_4_1
603 0000000000000000 sb-adr_4_0
604 0000000000000000 sb-adr_4_1
605 0000000000000001 sb-val_4_0
606 0000000000000000 sb-val_4_1
607 1 sb-full_4_0
608 0 sb-full_4_1
609 0 stmt_4_0_0
610 0 stmt_4_0_1
611 0 stmt_4_0_2
612 1 stmt_4_0_3
613 0 stmt_4_0_4
614 0 stmt_4_0_5
615 0 stmt_4_1_0
616 1 stmt_4_1_1
617 0 stmt_4_1_2
618 0 stmt_4_1_3
619 0 stmt_4_1_4
620 0 stmt_4_1_5
621 0 halt_4_0
622 0 halt_4_1
623[0000000000000001] 0000000000000001 heap_4
623[0000000000000000] 0000000000000001 heap_4
624 0 exit_4
625 0 thread_4_0
626 1 thread_4_1
627 0 exec_4_0_0
628 0 exec_4_0_1
629 0 exec_4_0_2
630 0 exec_4_0_3
631 0 exec_4_0_4
632 0 exec_4_0_5
633 0 exec_4_1_0
634 1 exec_4_1_1
635 0 exec_4_1_2
636 0 exec_4_1_3
637 0 exec_4_1_4
638 0 exec_4_1_5
639 0 flush_4_0
640 0 flush_4_1
783 0000000000000010 accu_5_0
784 0000000000000001 accu_5_1
785 0000000000000000 mem_5_0
786 0000000000000000 mem_5_1
787 0000000000000000 sb-adr_5_0
788 0000000000000001 sb-adr_5_1
789 0000000000000001 sb-val_5_0
790 0000000000000001 sb-val_5_1
791 1 sb-full_5_0
792 1 sb-full_5_1
793 0 stmt_5_0_0
794 0 stmt_5_0_1
795 0 stmt_5_0_2
796 1 stmt_5_0_3
797 0 stmt_5_0_4
798 0 stmt_5_0_5
799 0 stmt_5_1_0
800 0 stmt_5_1_1
801 1 stmt_5_1_2
802 0 stmt_5_1_3
803 0 stmt_5_1_4
804 0 stmt_5_1_5
805 0 halt_5_0
806 0 halt_5_1
807[0000000000000001] 0000000000000001 heap_5
807[0000000000000000] 0000000000000001 heap_5
808 0 exit_5
809 0 thread_5_0
810 1 thread_5_1
811 0 exec_5_0_0
812 0 exec_5_0_1
813 0 exec_5_0_2
814 0 exec_5_0_3
815 0 exec_5_0_4
816 0 exec_5_0_5
817 0 exec_5_1_0
818 0 exec_5_1_1
819 1 exec_5_1_2
820 0 exec_5_1_3
821 0 exec_5_1_4
822 0 exec_5_1_5
823 0 flush_5_0
824 0 flush_5_1
975 0000000000000010 accu_6_0
976 0000000000000010 accu_6_1
977 0000000000000000 mem_6_0
978 0000000000000000 mem_6_1
979 0000000000000000 sb-adr_6_0
980 0000000000000001 sb-adr_6_1
981 0000000000000001 sb-val_6_0
982 0000000000000001 sb-val_6_1
983 1 sb-full_6_0
984 1 sb-full_6_1
985 0 stmt_6_0_0
986 0 stmt_6_0_1
987 0 stmt_6_0_2
988 1 stmt_6_0_3
989 0 stmt_6_0_4
990 0 stmt_6_0_5
991 0 stmt_6_1_0
992 0 stmt_6_1_1
993 0 stmt_6_1_2
994 1 stmt_6_1_3
995 0 stmt_6_1_4
996 0 stmt_6_1_5
997 0 halt_6_0
998 0 halt_6_1
999[0000000000000001] 0000000000000001 heap_6
999[0000000000000000] 0000000000000001 heap_6
1000 0 exit_6
1001 0 thread_6_0
1002 0 thread_6_1
1003 0 exec_6_0_0
1004 0 exec_6_0_1
1005 0 exec_6_0_2
1006 0 exec_6_0_3
1007 0 exec_6_0_4
1008 0 exec_6_0_5
1009 0 exec_6_1_0
1010 0 exec_6_1_1
1011 0 exec_6_1_2
1012 0 exec_6_1_3
1013 0 exec_6_1_4
1014 0 exec_6_1_5
1015 1 flush_6_0
1016 0 flush_6_1
1171 0000000000000010 accu_7_0
1172 0000000000000010 accu_7_1
1173 0000000000000000 mem_7_0
1174 0000000000000000 mem_7_1
1175 0000000000000000 sb-adr_7_0
1176 0000000000000001 sb-adr_7_1
1177 0000000000000001 sb-val_7_0
1178 0000000000000001 sb-val_7_1
1179 0 sb-full_7_0
1180 1 sb-full_7_1
1181 0 stmt_7_0_0
1182 0 stmt_7_0_1
1183 0 stmt_7_0_2
1184 1 stmt_7_0_3
1185 0 stmt_7_0_4
1186 0 stmt_7_0_5
1187 0 stmt_7_1_0
1188 0 stmt_7_1_1
1189 0 stmt_7_1_2
1190 1 stmt_7_1_3
1191 0 stmt_7_1_4
1192 0 stmt_7_1_5
1193 0 halt_7_0
1194 0 halt_7_1
1195[0000000000000001] 0000000000000001 heap_7
1195[0000000000000000] 0000000000000001 heap_7
1196 0 exit_7
1197 0 thread_7_0
1198 0 thread_7_1
1199 0 exec_7_0_0
1200 0 exec_7_0_1
1201 0 exec_7_0_2
1202 0 exec_7_0_3
1203 0 exec_7_0_4
1204 0 exec_7_0_5
1205 0 exec_7_1_0
1206 0 exec_7_1_1
1207 0 exec_7_1_2
1208 0 exec_7_1_3
1209 0 exec_7_1_4
1210 0 exec_7_1_5
1211 0 flush_7_0
1212 1 flush_7_1
1367 0000000000000010 accu_8_0
1368 0000000000000010 accu_8_1
1369 0000000000000000 mem_8_0
1370 0000000000000000 mem_8_1
1371 0000000000000000 sb-adr_8_0
1372 0000000000000001 sb-adr_8_1
1373 0000000000000001 sb-val_8_0
1374 0000000000000001 sb-val_8_1
1375 0 sb-full_8_0
1376 0 sb-full_8_1
1377 0 stmt_8_0_0
1378 0 stmt_8_0_1
1379 0 stmt_8_0_2
1380 1 stmt_8_0_3
1381 0 stmt_8_0_4
1382 0 stmt_8_0_5
1383 0 stmt_8_1_0
1384 0 stmt_8_1_1
1385 0 stmt_8_1_2
1386 1 stmt_8_1_3
1387 0 stmt_8_1_4
1388 0 stmt_8_1_5
1389 0 halt_8_0
1390 0 halt_8_1
1391[0000000000000001] 0000000000000001 heap_8
1391[0000000000000000] 0000000000000001 heap_8
1392 0 exit_8
1393 1 thread_8_0
1394 0 thread_8_1
1395 0 exec_8_0_0
1396 0 exec_8_0_1
1397 0 exec_8_0_2
1398 1 exec_8_0_3
1399 0 exec_8_0_4
1400 0 exec_8_0_5
1401 0 exec_8_1_0
1402 0 exec_8_1_1
1403 0 exec_8_1_2
1404 0 exec_8_1_3
1405 0 exec_8_1_4
1406 0 exec_8_1_5
1407 0 flush_8_0
1408 0 flush_8_1
1563 0000000000000010 accu_9_0
1564 0000000000000010 accu_9_1
1565 0000000000000000 mem_9_0
1566 0000000000000000 mem_9_1
1567 0000000000000000 sb-adr_9_0
1568 0000000000000001 sb-adr_9_1
1569 0000000000000010 sb-val_9_0
1570 0000000000000001 sb-val_9_1
1571 1 sb-full_9_0
1572 0 sb-full_9_1
1573 0 stmt_9_0_0
1574 0 stmt_9_0_1
1575 0 stmt_9_0_2
1576 0 stmt_9_0_3
1577 1 stmt_9_0_4
1578 0 stmt_9_0_5
1579 0 stmt_9_1_0
1580 0 stmt_9_1_1
1581 0 stmt_9_1_2
1582 1 stmt_9_1_3
1583 0 stmt_9_1_4
1584 0 stmt_9_1_5
1585 0 halt_9_0
1586 0 halt_9_1
1587[0000000000000001] 0000000000000001 heap_9
1587[0000000000000000] 0000000000000001 heap_9
1588 0 exit_9
1589 0 thread_9_0
1590 1 thread_9_1
1591 0 exec_9_0_0
1592 0 exec_9_0_1
1593 0 exec_9_0_2
1594 0 exec_9_0_3
1595 0 exec_9_0_4
1596 0 exec_9_0_5
1597 0 exec_9_1_0
1598 0 exec_9_1_1
1599 0 exec_9_1_2
1600 1 exec_9_1_3
1601 0 exec_9_1_4
1602 0 exec_9_1_5
1603 0 flush_9_0
1604 0 flush_9_1
1759 0000000000000010 accu_10_0
1760 0000000000000010 accu_10_1
1761 0000000000000000 mem_10_0
1762 0000000000000000 mem_10_1
1763 0000000000000000 sb-adr_10_0
1764 0000000000000001 sb-adr_10_1
1765 0000000000000010 sb-val_10_0
1766 0000000000000010 sb-val_10_1
1767 1 sb-full_10_0
1768 1 sb-full_10_1
1769 0 stmt_10_0_0
1770 0 stmt_10_0_1
1771 0 stmt_10_0_2
1772 0 stmt_10_0_3
1773 1 stmt_10_0_4
1774 0 stmt_10_0_5
1775 0 stmt_10_1_0
1776 0 stmt_10_1_1
1777 0 stmt_10_1_2
1778 0 stmt_10_1_3
1779 1 stmt_10_1_4
1780 0 stmt_10_1_5
1781 0 halt_10_0
1782 0 halt_10_1
1783[0000000000000001] 0000000000000001 heap_10
1783[0000000000000000] 0000000000000001 heap_10
1784 0 exit_10
1785 1 thread_10_0
1786 0 thread_10_1
1787 0 exec_10_0_0
1788 0 exec_10_0_1
1789 0 exec_10_0_2
1790 0 exec_10_0_3
1791 1 exec_10_0_4
1792 0 exec_10_0_5
1793 0 exec_10_1_0
1794 0 exec_10_1_1
1795 0 exec_10_1_2
1796 0 exec_10_1_3
1797 0 exec_10_1_4
1798 0 exec_10_1_5
1799 0 flush_10_0
1800 0 flush_10_1
1955 0000000000000001 accu_11_0
1956 0000000000000010 accu_11_1
1957 0000000000000000 mem_11_0
1958 0000000000000000 mem_11_1
1959 0000000000000000 sb-adr_11_0
1960 0000000000000001 sb-adr_11_1
1961 0000000000000010 sb-val_11_0
1962 0000000000000010 sb-val_11_1
1963 1 sb-full_11_0
1964 1 sb-full_11_1
1965 0 stmt_11_0_0
1966 0 stmt_11_0_1
1967 0 stmt_11_0_2
1968 0 stmt_11_0_3
1969 0 stmt_11_0_4
1970 1 stmt_11_0_5
1971 0 stmt_11_1_0
1972 0 stmt_11_1_1
1973 0 stmt_11_1_2
1974 0 stmt_11_1_3
1975 1 stmt_11_1_4
1976 0 stmt_11_1_5
1977 0 halt_11_0
1978 0 halt_11_1
1979[0000000000000001] 0000000000000001 heap_11
1979[0000000000000000] 0000000000000001 heap_11
1980 0 exit_11
1981 0 thread_11_0
1982 1 thread_11_1
1983 0 exec_11_0_0
1984 0 exec_11_0_1
1985 0 exec_11_0_2
1986 0 exec_11_0_3
1987 0 exec_11_0_4
1988 0 exec_11_0_5
1989 0 exec_11_1_0
1990 0 exec_11_1_1
1991 0 exec_11_1_2
1992 0 exec_11_1_3
1993 1 exec_11_1_4
1994 0 exec_11_1_5
1995 0 flush_11_0
1996 0 flush_11_1
2151 0000000000000001 accu_12_0
2152 0000000000000001 accu_12_1
2153 0000000000000000 mem_12_0
2154 0000000000000000 mem_12_1
2155 0000000000000000 sb-adr_12_0
2156 0000000000000001 sb-adr_12_1
2157 0000000000000010 sb-val_12_0
2158 0000000000000010 sb-val_12_1
2159 1 sb-full_12_0
2160 1 sb-full_12_1
2161 0 stmt_12_0_0
2162 0 stmt_12_0_1
2163 0 stmt_12_0_2
2164 0 stmt_12_0_3
2165 0 stmt_12_0_4
2166 1 stmt_12_0_5
2167 0 stmt_12_1_0
2168 0 stmt_12_1_1
2169 0 stmt_12_1_2
2170 0 stmt_12_1_3
2171 0 stmt_12_1_4
2172 1 stmt_12_1_5
2173 0 halt_12_0
2174 0 halt_12_1
2175[0000000000000001] 0000000000000001 heap_12
2175[0000000000000000] 0000000000000001 heap_12
2176 0 exit_12
2177 0 thread_12_0
2178 0 thread_12_1
2179 0 exec_12_0_0
2180 0 exec_12_0_1
2181 0 exec_12_0_2
2182 0 exec_12_0_3
2183 0 exec_12_0_4
2184 0 exec_12_0_5
2185 0 exec_12_1_0
2186 0 exec_12_1_1
2187 0 exec_12_1_2
2188 0 exec_12_1_3
2189 0 exec_12_1_4
2190 0 exec_12_1_5
2191 1 flush_12_0
2192 0 flush_12_1
2347 0000000000000001 accu_13_0
2348 0000000000000001 accu_13_1
2349 0000000000000000 mem_13_0
2350 0000000000000000 mem_13_1
2351 0000000000000000 sb-adr_13_0
2352 0000000000000001 sb-adr_13_1
2353 0000000000000010 sb-val_13_0
2354 0000000000000010 sb-val_13_1
2355 0 sb-full_13_0
2356 1 sb-full_13_1
2357 0 stmt_13_0_0
2358 0 stmt_13_0_1
2359 0 stmt_13_0_2
2360 0 stmt_13_0_3
2361 0 stmt_13_0_4
2362 1 stmt_13_0_5
2363 0 stmt_13_1_0
2364 0 stmt_13_1_1
2365 0 stmt_13_1_2
2366 0 stmt_13_1_3
2367 0 stmt_13_1_4
2368 1 stmt_13_1_5
2369 0 halt_13_0
2370 0 halt_13_1
2371[0000000000000001] 0000000000000001 heap_13
2371[0000000000000000] 0000000000000010 heap_13
2372 0 exit_13
2373 1 thread_13_0
2374 0 thread_13_1
2375 0 exec_13_0_0
2376 0 exec_13_0_1
2377 0 exec_13_0_2
2378 0 exec_13_0_3
2379 0 exec_13_0_4
2380 1 exec_13_0_5
2381 0 exec_13_1_0
2382 0 exec_13_1_1
2383 0 exec_13_1_2
2384 0 exec_13_1_3
2385 0 exec_13_1_4
2386 0 exec_13_1_5
2387 0 flush_13_0
2388 0 flush_13_1
2543 0000000000000001 accu_14_0
2544 0000000000000001 accu_14_1
2545 0000000000000000 mem_14_0
2546 0000000000000000 mem_14_1
2547 0000000000000000 sb-adr_14_0
2548 0000000000000001 sb-adr_14_1
2549 0000000000000010 sb-val_14_0
2550 0000000000000010 sb-val_14_1
2551 0 sb-full_14_0
2552 1 sb-full_14_1
2553 0 stmt_14_0_0
2554 0 stmt_14_0_1
2555 0 stmt_14_0_2
2556 0 stmt_14_0_3
2557 0 stmt_14_0_4
2558 0 stmt_14_0_5
2559 0 stmt_14_1_0
2560 0 stmt_14_1_1
2561 0 stmt_14_1_2
2562 0 stmt_14_1_3
2563 0 stmt_14_1_4
2564 1 stmt_14_1_5
2565 1 halt_14_0
2566 0 halt_14_1
2567[0000000000000001] 0000000000000001 heap_14
2567[0000000000000000] 0000000000000010 heap_14
2568 0 exit_14
2569 0 thread_14_0
2570 0 thread_14_1
2571 0 exec_14_0_0
2572 0 exec_14_0_1
2573 0 exec_14_0_2
2574 0 exec_14_0_3
2575 0 exec_14_0_4
2576 0 exec_14_0_5
2577 0 exec_14_1_0
2578 0 exec_14_1_1
2579 0 exec_14_1_2
2580 0 exec_14_1_3
2581 0 exec_14_1_4
2582 0 exec_14_1_5
2583 0 flush_14_0
2584 1 flush_14_1
2739 0000000000000001 accu_15_0
2740 0000000000000001 accu_15_1
2741 0000000000000000 mem_15_0
2742 0000000000000000 mem_15_1
2743 0000000000000000 sb-adr_15_0
2744 0000000000000001 sb-adr_15_1
2745 0000000000000010 sb-val_15_0
2746 0000000000000010 sb-val_15_1
2747 0 sb-full_15_0
2748 0 sb-full_15_1
2749 0 stmt_15_0_0
2750 0 stmt_15_0_1
2751 0 stmt_15_0_2
2752 0 stmt_15_0_3
2753 0 stmt_15_0_4
2754 0 stmt_15_0_5
2755 0 stmt_15_1_0
2756 0 stmt_15_1_1
2757 0 stmt_15_1_2
2758 0 stmt_15_1_3
2759 0 stmt_15_1_4
2760 1 stmt_15_1_5
2761 1 halt_15_0
2762 0 halt_15_1
2763[0000000000000001] 0000000000000010 heap_15
2763[0000000000000000] 0000000000000010 heap_15
2764 0 exit_15
2765 0 thread_15_0
2766 1 thread_15_1
2767 0 exec_15_0_0
2768 0 exec_15_0_1
2769 0 exec_15_0_2
2770 0 exec_15_0_3
2771 0 exec_15_0_4
2772 0 exec_15_0_5
2773 0 exec_15_1_0
2774 0 exec_15_1_1
2775 0 exec_15_1_2
2776 0 exec_15_1_3
2777 0 exec_15_1_4
2778 1 exec_15_1_5
2779 0 flush_15_0
2780 0 flush_15_1
2935 0000000000000001 accu_16_0
2936 0000000000000001 accu_16_1
2937 0000000000000000 mem_16_0
2938 0000000000000000 mem_16_1
2939 0000000000000000 sb-adr_16_0
2940 0000000000000001 sb-adr_16_1
2941 0000000000000010 sb-val_16_0
2942 0000000000000010 sb-val_16_1
2943 0 sb-full_16_0
2944 0 sb-full_16_1
2945 0 stmt_16_0_0
2946 0 stmt_16_0_1
2947 0 stmt_16_0_2
2948 0 stmt_16_0_3
2949 0 stmt_16_0_4
2950 0 stmt_16_0_5
2951 0 stmt_16_1_0
2952 0 stmt_16_1_1
2953 0 stmt_16_1_2
2954 0 stmt_16_1_3
2955 0 stmt_16_1_4
2956 0 stmt_16_1_5
2957 1 halt_16_0
2958 1 halt_16_1
2959[0000000000000001] 0000000000000010 heap_16
2959[0000000000000000] 0000000000000010 heap_16
2960 1 exit_16
2961 0 thread_16_0
2962 0 thread_16_1
2963 0 exec_16_0_0
2964 0 exec_16_0_1
2965 0 exec_16_0_2
2966 0 exec_16_0_3
2967 0 exec_16_0_4
2968 0 exec_16_0_5
2969 0 exec_16_1_0
2970 0 exec_16_1_1
2971 0 exec_16_1_2
2972 0 exec_16_1_3
2973 0 exec_16_1_4
2974 0 exec_16_1_5
2975 0 flush_16_0
2976 0 flush_16_1
[concubine>main] solving took 0.102863 seconds
