[runlim] version:		1.21
[runlim] host:			c3n06
[runlim] time limit:		86400 seconds
[runlim] real time limit:	86400 seconds
[runlim] space limit:		8000 MB
[runlim] argv[0]:		concubine
[runlim] argv[1]:		solve
[runlim] argv[2]:		-v
[runlim] argv[3]:		-s
[runlim] argv[4]:		boolector
[runlim] argv[5]:		-e
[runlim] argv[6]:		smtlib-relational
[runlim] argv[7]:		-c
[runlim] argv[8]:		constraints.smt2
[runlim] argv[9]:		-o
[runlim] argv[10]:		boolector-relational
[runlim] argv[11]:		16
[runlim] argv[12]:		thread.0.asm
[runlim] argv[13]:		thread.1.asm
[runlim] start:			Thu Dec 10 16:20:22 2020
[runlim] child:			30552
[runlim] end:			Thu Dec 10 16:20:28 2020
[runlim] status:		ok
[runlim] result:		0
[runlim] children:		1
[runlim] real:			5.91 seconds
[runlim] time:			0.02 seconds
[runlim] space:			5 MB
[runlim] samples:		58
