[runlim] version:		1.21
[runlim] host:			c3n16
[runlim] time limit:		86400 seconds
[runlim] real time limit:	86400 seconds
[runlim] space limit:		8000 MB
[runlim] argv[0]:		concubine
[runlim] argv[1]:		solve
[runlim] argv[2]:		-v
[runlim] argv[3]:		-s
[runlim] argv[4]:		boolector
[runlim] argv[5]:		-e
[runlim] argv[6]:		smtlib
[runlim] argv[7]:		-c
[runlim] argv[8]:		constraints.smt2
[runlim] argv[9]:		-o
[runlim] argv[10]:		boolector-functional
[runlim] argv[11]:		16
[runlim] argv[12]:		thread.0.asm
[runlim] argv[13]:		thread.1.asm
[runlim] start:			Tue Dec  8 20:17:52 2020
[runlim] child:			20491
[runlim] end:			Tue Dec  8 20:17:52 2020
[runlim] status:		ok
[runlim] result:		0
[runlim] children:		1
[runlim] real:			0.25 seconds
[runlim] time:			0.02 seconds
[runlim] space:			5 MB
[runlim] samples:		2
