[runlim] version:		1.21
[runlim] host:			c3n07
[runlim] time limit:		86400 seconds
[runlim] real time limit:	86400 seconds
[runlim] space limit:		8000 MB
[runlim] argv[0]:		concubine
[runlim] argv[1]:		solve
[runlim] argv[2]:		-v
[runlim] argv[3]:		-s
[runlim] argv[4]:		cvc4
[runlim] argv[5]:		-e
[runlim] argv[6]:		smtlib-relational
[runlim] argv[7]:		-c
[runlim] argv[8]:		constraints.smt2
[runlim] argv[9]:		-o
[runlim] argv[10]:		cvc4-relational
[runlim] argv[11]:		16
[runlim] argv[12]:		thread.0.asm
[runlim] argv[13]:		thread.1.asm
[runlim] start:			Tue Dec  1 16:38:25 2020
[runlim] child:			6755
[runlim] end:			Tue Dec  1 16:38:30 2020
[runlim] status:		ok
[runlim] result:		0
[runlim] children:		1
[runlim] real:			4.82 seconds
[runlim] time:			0.02 seconds
[runlim] space:			6 MB
[runlim] samples:		48
