[litmus/run.sh] running 88: litmus/amd/3/run.sh cvc4 functional
[concubine>main] encoding took 0.014614 seconds
[concubine>main] generated 4536 commands
minisat: Incremental solving is forced on (to avoid variable elimination) unless using internal decision strategy.
============================[ Search Statistics ]==============================
| Conflicts |          ORIGINAL         |          LEARNT          | Progress |
|           |    Vars  Clauses Literals |    Limit  Clauses Lit/Cl |          |
===============================================================================
|       100 |    1640     3903     9220 |     5730      216     33 |  0.485 % |
===============================================================================
sat
MODEL BEGIN
accu_0_0 : BITVECTOR(16) = 0bin0000000000000000;
accu_0_1 : BITVECTOR(16) = 0bin0000000000000000;
mem_0_0 : BITVECTOR(16) = 0bin0000000000000000;
mem_0_1 : BITVECTOR(16) = 0bin0000000000000000;
sb-adr_0_0 : BITVECTOR(16) = 0bin0000000000000000;
sb-adr_0_1 : BITVECTOR(16) = 0bin0000000000000000;
sb-val_0_0 : BITVECTOR(16) = 0bin0000000000000000;
sb-val_0_1 : BITVECTOR(16) = 0bin0000000000000000;
sb-full_0_0 : BOOLEAN = FALSE;
sb-full_0_1 : BOOLEAN = FALSE;
stmt_0_0_0 : BOOLEAN = TRUE;
stmt_0_0_1 : BOOLEAN = FALSE;
stmt_0_0_2 : BOOLEAN = FALSE;
stmt_0_0_3 : BOOLEAN = FALSE;
stmt_0_0_4 : BOOLEAN = FALSE;
stmt_0_0_5 : BOOLEAN = FALSE;
stmt_0_1_0 : BOOLEAN = TRUE;
stmt_0_1_1 : BOOLEAN = FALSE;
stmt_0_1_2 : BOOLEAN = FALSE;
stmt_0_1_3 : BOOLEAN = FALSE;
stmt_0_1_4 : BOOLEAN = FALSE;
stmt_0_1_5 : BOOLEAN = FALSE;
halt_0_0 : BOOLEAN = FALSE;
halt_0_1 : BOOLEAN = FALSE;
heap_0 : ARRAY BITVECTOR(16) OF BITVECTOR(16) = ARRAY(BITVECTOR(16) OF BITVECTOR(16)) : 0bin0000000000000000 WITH [0bin0000000000000000] := 0bin0000000000000001, [0bin0000000000000001] := 0bin0000000000000001;
exit_0 : BOOLEAN = FALSE;
exit-code : BITVECTOR(16) = 0bin0000000000000000;
thread_0_0 : BOOLEAN = FALSE;
thread_0_1 : BOOLEAN = TRUE;
exec_0_0_0 : BOOLEAN = FALSE;
exec_0_0_1 : BOOLEAN = FALSE;
exec_0_0_2 : BOOLEAN = FALSE;
exec_0_0_3 : BOOLEAN = FALSE;
exec_0_0_4 : BOOLEAN = FALSE;
exec_0_0_5 : BOOLEAN = FALSE;
exec_0_1_0 : BOOLEAN = TRUE;
exec_0_1_1 : BOOLEAN = FALSE;
exec_0_1_2 : BOOLEAN = FALSE;
exec_0_1_3 : BOOLEAN = FALSE;
exec_0_1_4 : BOOLEAN = FALSE;
exec_0_1_5 : BOOLEAN = FALSE;
flush_0_0 : BOOLEAN = FALSE;
flush_0_1 : BOOLEAN = FALSE;
accu_1_0 : BITVECTOR(16) = 0bin0000000000000000;
accu_1_1 : BITVECTOR(16) = 0bin0000000000000001;
mem_1_0 : BITVECTOR(16) = 0bin0000000000000000;
mem_1_1 : BITVECTOR(16) = 0bin0000000000000000;
sb-adr_1_0 : BITVECTOR(16) = 0bin0000000000000000;
sb-adr_1_1 : BITVECTOR(16) = 0bin0000000000000000;
sb-val_1_0 : BITVECTOR(16) = 0bin0000000000000000;
sb-val_1_1 : BITVECTOR(16) = 0bin0000000000000000;
sb-full_1_0 : BOOLEAN = FALSE;
sb-full_1_1 : BOOLEAN = FALSE;
stmt_1_0_0 : BOOLEAN = TRUE;
stmt_1_0_1 : BOOLEAN = FALSE;
stmt_1_0_2 : BOOLEAN = FALSE;
stmt_1_0_3 : BOOLEAN = FALSE;
stmt_1_0_4 : BOOLEAN = FALSE;
stmt_1_0_5 : BOOLEAN = FALSE;
stmt_1_1_0 : BOOLEAN = FALSE;
stmt_1_1_1 : BOOLEAN = TRUE;
stmt_1_1_2 : BOOLEAN = FALSE;
stmt_1_1_3 : BOOLEAN = FALSE;
stmt_1_1_4 : BOOLEAN = FALSE;
stmt_1_1_5 : BOOLEAN = FALSE;
halt_1_0 : BOOLEAN = FALSE;
halt_1_1 : BOOLEAN = FALSE;
heap_1 : ARRAY BITVECTOR(16) OF BITVECTOR(16) = ARRAY(BITVECTOR(16) OF BITVECTOR(16)) : 0bin0000000000000000 WITH [0bin0000000000000000] := 0bin0000000000000001, [0bin0000000000000001] := 0bin0000000000000001;
exit_1 : BOOLEAN = FALSE;
thread_1_0 : BOOLEAN = FALSE;
thread_1_1 : BOOLEAN = TRUE;
exec_1_0_0 : BOOLEAN = FALSE;
exec_1_0_1 : BOOLEAN = FALSE;
exec_1_0_2 : BOOLEAN = FALSE;
exec_1_0_3 : BOOLEAN = FALSE;
exec_1_0_4 : BOOLEAN = FALSE;
exec_1_0_5 : BOOLEAN = FALSE;
exec_1_1_0 : BOOLEAN = FALSE;
exec_1_1_1 : BOOLEAN = TRUE;
exec_1_1_2 : BOOLEAN = FALSE;
exec_1_1_3 : BOOLEAN = FALSE;
exec_1_1_4 : BOOLEAN = FALSE;
exec_1_1_5 : BOOLEAN = FALSE;
flush_1_0 : BOOLEAN = FALSE;
flush_1_1 : BOOLEAN = FALSE;
accu_2_0 : BITVECTOR(16) = 0bin0000000000000000;
accu_2_1 : BITVECTOR(16) = 0bin0000000000000001;
mem_2_0 : BITVECTOR(16) = 0bin0000000000000000;
mem_2_1 : BITVECTOR(16) = 0bin0000000000000000;
sb-adr_2_0 : BITVECTOR(16) = 0bin0000000000000000;
sb-adr_2_1 : BITVECTOR(16) = 0bin0000000000000001;
sb-val_2_0 : BITVECTOR(16) = 0bin0000000000000000;
sb-val_2_1 : BITVECTOR(16) = 0bin0000000000000001;
sb-full_2_0 : BOOLEAN = FALSE;
sb-full_2_1 : BOOLEAN = TRUE;
stmt_2_0_0 : BOOLEAN = TRUE;
stmt_2_0_1 : BOOLEAN = FALSE;
stmt_2_0_2 : BOOLEAN = FALSE;
stmt_2_0_3 : BOOLEAN = FALSE;
stmt_2_0_4 : BOOLEAN = FALSE;
stmt_2_0_5 : BOOLEAN = FALSE;
stmt_2_1_0 : BOOLEAN = FALSE;
stmt_2_1_1 : BOOLEAN = FALSE;
stmt_2_1_2 : BOOLEAN = TRUE;
stmt_2_1_3 : BOOLEAN = FALSE;
stmt_2_1_4 : BOOLEAN = FALSE;
stmt_2_1_5 : BOOLEAN = FALSE;
halt_2_0 : BOOLEAN = FALSE;
halt_2_1 : BOOLEAN = FALSE;
heap_2 : ARRAY BITVECTOR(16) OF BITVECTOR(16) = ARRAY(BITVECTOR(16) OF BITVECTOR(16)) : 0bin0000000000000000 WITH [0bin0000000000000000] := 0bin0000000000000001, [0bin0000000000000001] := 0bin0000000000000001;
exit_2 : BOOLEAN = FALSE;
thread_2_0 : BOOLEAN = FALSE;
thread_2_1 : BOOLEAN = FALSE;
exec_2_0_0 : BOOLEAN = FALSE;
exec_2_0_1 : BOOLEAN = FALSE;
exec_2_0_2 : BOOLEAN = FALSE;
exec_2_0_3 : BOOLEAN = FALSE;
exec_2_0_4 : BOOLEAN = FALSE;
exec_2_0_5 : BOOLEAN = FALSE;
exec_2_1_0 : BOOLEAN = FALSE;
exec_2_1_1 : BOOLEAN = FALSE;
exec_2_1_2 : BOOLEAN = FALSE;
exec_2_1_3 : BOOLEAN = FALSE;
exec_2_1_4 : BOOLEAN = FALSE;
exec_2_1_5 : BOOLEAN = FALSE;
flush_2_0 : BOOLEAN = FALSE;
flush_2_1 : BOOLEAN = TRUE;
accu_3_0 : BITVECTOR(16) = 0bin0000000000000000;
accu_3_1 : BITVECTOR(16) = 0bin0000000000000001;
mem_3_0 : BITVECTOR(16) = 0bin0000000000000000;
mem_3_1 : BITVECTOR(16) = 0bin0000000000000000;
sb-adr_3_0 : BITVECTOR(16) = 0bin0000000000000000;
sb-adr_3_1 : BITVECTOR(16) = 0bin0000000000000001;
sb-val_3_0 : BITVECTOR(16) = 0bin0000000000000000;
sb-val_3_1 : BITVECTOR(16) = 0bin0000000000000001;
sb-full_3_0 : BOOLEAN = FALSE;
sb-full_3_1 : BOOLEAN = FALSE;
stmt_3_0_0 : BOOLEAN = TRUE;
stmt_3_0_1 : BOOLEAN = FALSE;
stmt_3_0_2 : BOOLEAN = FALSE;
stmt_3_0_3 : BOOLEAN = FALSE;
stmt_3_0_4 : BOOLEAN = FALSE;
stmt_3_0_5 : BOOLEAN = FALSE;
stmt_3_1_0 : BOOLEAN = FALSE;
stmt_3_1_1 : BOOLEAN = FALSE;
stmt_3_1_2 : BOOLEAN = TRUE;
stmt_3_1_3 : BOOLEAN = FALSE;
stmt_3_1_4 : BOOLEAN = FALSE;
stmt_3_1_5 : BOOLEAN = FALSE;
halt_3_0 : BOOLEAN = FALSE;
halt_3_1 : BOOLEAN = FALSE;
heap_3 : ARRAY BITVECTOR(16) OF BITVECTOR(16) = ARRAY(BITVECTOR(16) OF BITVECTOR(16)) : 0bin0000000000000000 WITH [0bin0000000000000000] := 0bin0000000000000001, [0bin0000000000000001] := 0bin0000000000000001;
exit_3 : BOOLEAN = FALSE;
thread_3_0 : BOOLEAN = FALSE;
thread_3_1 : BOOLEAN = TRUE;
exec_3_0_0 : BOOLEAN = FALSE;
exec_3_0_1 : BOOLEAN = FALSE;
exec_3_0_2 : BOOLEAN = FALSE;
exec_3_0_3 : BOOLEAN = FALSE;
exec_3_0_4 : BOOLEAN = FALSE;
exec_3_0_5 : BOOLEAN = FALSE;
exec_3_1_0 : BOOLEAN = FALSE;
exec_3_1_1 : BOOLEAN = FALSE;
exec_3_1_2 : BOOLEAN = TRUE;
exec_3_1_3 : BOOLEAN = FALSE;
exec_3_1_4 : BOOLEAN = FALSE;
exec_3_1_5 : BOOLEAN = FALSE;
flush_3_0 : BOOLEAN = FALSE;
flush_3_1 : BOOLEAN = FALSE;
accu_4_0 : BITVECTOR(16) = 0bin0000000000000000;
accu_4_1 : BITVECTOR(16) = 0bin0000000000000010;
mem_4_0 : BITVECTOR(16) = 0bin0000000000000000;
mem_4_1 : BITVECTOR(16) = 0bin0000000000000000;
sb-adr_4_0 : BITVECTOR(16) = 0bin0000000000000000;
sb-adr_4_1 : BITVECTOR(16) = 0bin0000000000000001;
sb-val_4_0 : BITVECTOR(16) = 0bin0000000000000000;
sb-val_4_1 : BITVECTOR(16) = 0bin0000000000000001;
sb-full_4_0 : BOOLEAN = FALSE;
sb-full_4_1 : BOOLEAN = FALSE;
stmt_4_0_0 : BOOLEAN = TRUE;
stmt_4_0_1 : BOOLEAN = FALSE;
stmt_4_0_2 : BOOLEAN = FALSE;
stmt_4_0_3 : BOOLEAN = FALSE;
stmt_4_0_4 : BOOLEAN = FALSE;
stmt_4_0_5 : BOOLEAN = FALSE;
stmt_4_1_0 : BOOLEAN = FALSE;
stmt_4_1_1 : BOOLEAN = FALSE;
stmt_4_1_2 : BOOLEAN = FALSE;
stmt_4_1_3 : BOOLEAN = TRUE;
stmt_4_1_4 : BOOLEAN = FALSE;
stmt_4_1_5 : BOOLEAN = FALSE;
halt_4_0 : BOOLEAN = FALSE;
halt_4_1 : BOOLEAN = FALSE;
heap_4 : ARRAY BITVECTOR(16) OF BITVECTOR(16) = ARRAY(BITVECTOR(16) OF BITVECTOR(16)) : 0bin0000000000000000 WITH [0bin0000000000000000] := 0bin0000000000000001, [0bin0000000000000001] := 0bin0000000000000001;
exit_4 : BOOLEAN = FALSE;
thread_4_0 : BOOLEAN = FALSE;
thread_4_1 : BOOLEAN = TRUE;
exec_4_0_0 : BOOLEAN = FALSE;
exec_4_0_1 : BOOLEAN = FALSE;
exec_4_0_2 : BOOLEAN = FALSE;
exec_4_0_3 : BOOLEAN = FALSE;
exec_4_0_4 : BOOLEAN = FALSE;
exec_4_0_5 : BOOLEAN = FALSE;
exec_4_1_0 : BOOLEAN = FALSE;
exec_4_1_1 : BOOLEAN = FALSE;
exec_4_1_2 : BOOLEAN = FALSE;
exec_4_1_3 : BOOLEAN = TRUE;
exec_4_1_4 : BOOLEAN = FALSE;
exec_4_1_5 : BOOLEAN = FALSE;
flush_4_0 : BOOLEAN = FALSE;
flush_4_1 : BOOLEAN = FALSE;
accu_5_0 : BITVECTOR(16) = 0bin0000000000000000;
accu_5_1 : BITVECTOR(16) = 0bin0000000000000010;
mem_5_0 : BITVECTOR(16) = 0bin0000000000000000;
mem_5_1 : BITVECTOR(16) = 0bin0000000000000000;
sb-adr_5_0 : BITVECTOR(16) = 0bin0000000000000000;
sb-adr_5_1 : BITVECTOR(16) = 0bin0000000000000001;
sb-val_5_0 : BITVECTOR(16) = 0bin0000000000000000;
sb-val_5_1 : BITVECTOR(16) = 0bin0000000000000010;
sb-full_5_0 : BOOLEAN = FALSE;
sb-full_5_1 : BOOLEAN = TRUE;
stmt_5_0_0 : BOOLEAN = TRUE;
stmt_5_0_1 : BOOLEAN = FALSE;
stmt_5_0_2 : BOOLEAN = FALSE;
stmt_5_0_3 : BOOLEAN = FALSE;
stmt_5_0_4 : BOOLEAN = FALSE;
stmt_5_0_5 : BOOLEAN = FALSE;
stmt_5_1_0 : BOOLEAN = FALSE;
stmt_5_1_1 : BOOLEAN = FALSE;
stmt_5_1_2 : BOOLEAN = FALSE;
stmt_5_1_3 : BOOLEAN = FALSE;
stmt_5_1_4 : BOOLEAN = TRUE;
stmt_5_1_5 : BOOLEAN = FALSE;
halt_5_0 : BOOLEAN = FALSE;
halt_5_1 : BOOLEAN = FALSE;
heap_5 : ARRAY BITVECTOR(16) OF BITVECTOR(16) = ARRAY(BITVECTOR(16) OF BITVECTOR(16)) : 0bin0000000000000000 WITH [0bin0000000000000000] := 0bin0000000000000001, [0bin0000000000000001] := 0bin0000000000000001;
exit_5 : BOOLEAN = FALSE;
thread_5_0 : BOOLEAN = FALSE;
thread_5_1 : BOOLEAN = TRUE;
exec_5_0_0 : BOOLEAN = FALSE;
exec_5_0_1 : BOOLEAN = FALSE;
exec_5_0_2 : BOOLEAN = FALSE;
exec_5_0_3 : BOOLEAN = FALSE;
exec_5_0_4 : BOOLEAN = FALSE;
exec_5_0_5 : BOOLEAN = FALSE;
exec_5_1_0 : BOOLEAN = FALSE;
exec_5_1_1 : BOOLEAN = FALSE;
exec_5_1_2 : BOOLEAN = FALSE;
exec_5_1_3 : BOOLEAN = FALSE;
exec_5_1_4 : BOOLEAN = TRUE;
exec_5_1_5 : BOOLEAN = FALSE;
flush_5_0 : BOOLEAN = FALSE;
flush_5_1 : BOOLEAN = FALSE;
accu_6_0 : BITVECTOR(16) = 0bin0000000000000000;
accu_6_1 : BITVECTOR(16) = 0bin0000000000000001;
mem_6_0 : BITVECTOR(16) = 0bin0000000000000000;
mem_6_1 : BITVECTOR(16) = 0bin0000000000000000;
sb-adr_6_0 : BITVECTOR(16) = 0bin0000000000000000;
sb-adr_6_1 : BITVECTOR(16) = 0bin0000000000000001;
sb-val_6_0 : BITVECTOR(16) = 0bin0000000000000000;
sb-val_6_1 : BITVECTOR(16) = 0bin0000000000000010;
sb-full_6_0 : BOOLEAN = FALSE;
sb-full_6_1 : BOOLEAN = TRUE;
stmt_6_0_0 : BOOLEAN = TRUE;
stmt_6_0_1 : BOOLEAN = FALSE;
stmt_6_0_2 : BOOLEAN = FALSE;
stmt_6_0_3 : BOOLEAN = FALSE;
stmt_6_0_4 : BOOLEAN = FALSE;
stmt_6_0_5 : BOOLEAN = FALSE;
stmt_6_1_0 : BOOLEAN = FALSE;
stmt_6_1_1 : BOOLEAN = FALSE;
stmt_6_1_2 : BOOLEAN = FALSE;
stmt_6_1_3 : BOOLEAN = FALSE;
stmt_6_1_4 : BOOLEAN = FALSE;
stmt_6_1_5 : BOOLEAN = TRUE;
halt_6_0 : BOOLEAN = FALSE;
halt_6_1 : BOOLEAN = FALSE;
heap_6 : ARRAY BITVECTOR(16) OF BITVECTOR(16) = ARRAY(BITVECTOR(16) OF BITVECTOR(16)) : 0bin0000000000000000 WITH [0bin0000000000000000] := 0bin0000000000000001, [0bin0000000000000001] := 0bin0000000000000001;
exit_6 : BOOLEAN = FALSE;
thread_6_0 : BOOLEAN = TRUE;
thread_6_1 : BOOLEAN = FALSE;
exec_6_0_0 : BOOLEAN = TRUE;
exec_6_0_1 : BOOLEAN = FALSE;
exec_6_0_2 : BOOLEAN = FALSE;
exec_6_0_3 : BOOLEAN = FALSE;
exec_6_0_4 : BOOLEAN = FALSE;
exec_6_0_5 : BOOLEAN = FALSE;
exec_6_1_0 : BOOLEAN = FALSE;
exec_6_1_1 : BOOLEAN = FALSE;
exec_6_1_2 : BOOLEAN = FALSE;
exec_6_1_3 : BOOLEAN = FALSE;
exec_6_1_4 : BOOLEAN = FALSE;
exec_6_1_5 : BOOLEAN = FALSE;
flush_6_0 : BOOLEAN = FALSE;
flush_6_1 : BOOLEAN = FALSE;
accu_7_0 : BITVECTOR(16) = 0bin0000000000000001;
accu_7_1 : BITVECTOR(16) = 0bin0000000000000001;
mem_7_0 : BITVECTOR(16) = 0bin0000000000000000;
mem_7_1 : BITVECTOR(16) = 0bin0000000000000000;
sb-adr_7_0 : BITVECTOR(16) = 0bin0000000000000000;
sb-adr_7_1 : BITVECTOR(16) = 0bin0000000000000001;
sb-val_7_0 : BITVECTOR(16) = 0bin0000000000000000;
sb-val_7_1 : BITVECTOR(16) = 0bin0000000000000010;
sb-full_7_0 : BOOLEAN = FALSE;
sb-full_7_1 : BOOLEAN = TRUE;
stmt_7_0_0 : BOOLEAN = FALSE;
stmt_7_0_1 : BOOLEAN = TRUE;
stmt_7_0_2 : BOOLEAN = FALSE;
stmt_7_0_3 : BOOLEAN = FALSE;
stmt_7_0_4 : BOOLEAN = FALSE;
stmt_7_0_5 : BOOLEAN = FALSE;
stmt_7_1_0 : BOOLEAN = FALSE;
stmt_7_1_1 : BOOLEAN = FALSE;
stmt_7_1_2 : BOOLEAN = FALSE;
stmt_7_1_3 : BOOLEAN = FALSE;
stmt_7_1_4 : BOOLEAN = FALSE;
stmt_7_1_5 : BOOLEAN = TRUE;
halt_7_0 : BOOLEAN = FALSE;
halt_7_1 : BOOLEAN = FALSE;
heap_7 : ARRAY BITVECTOR(16) OF BITVECTOR(16) = ARRAY(BITVECTOR(16) OF BITVECTOR(16)) : 0bin0000000000000000 WITH [0bin0000000000000000] := 0bin0000000000000001, [0bin0000000000000001] := 0bin0000000000000001;
exit_7 : BOOLEAN = FALSE;
thread_7_0 : BOOLEAN = TRUE;
thread_7_1 : BOOLEAN = FALSE;
exec_7_0_0 : BOOLEAN = FALSE;
exec_7_0_1 : BOOLEAN = TRUE;
exec_7_0_2 : BOOLEAN = FALSE;
exec_7_0_3 : BOOLEAN = FALSE;
exec_7_0_4 : BOOLEAN = FALSE;
exec_7_0_5 : BOOLEAN = FALSE;
exec_7_1_0 : BOOLEAN = FALSE;
exec_7_1_1 : BOOLEAN = FALSE;
exec_7_1_2 : BOOLEAN = FALSE;
exec_7_1_3 : BOOLEAN = FALSE;
exec_7_1_4 : BOOLEAN = FALSE;
exec_7_1_5 : BOOLEAN = FALSE;
flush_7_0 : BOOLEAN = FALSE;
flush_7_1 : BOOLEAN = FALSE;
accu_8_0 : BITVECTOR(16) = 0bin0000000000000001;
accu_8_1 : BITVECTOR(16) = 0bin0000000000000001;
mem_8_0 : BITVECTOR(16) = 0bin0000000000000000;
mem_8_1 : BITVECTOR(16) = 0bin0000000000000000;
sb-adr_8_0 : BITVECTOR(16) = 0bin0000000000000000;
sb-adr_8_1 : BITVECTOR(16) = 0bin0000000000000001;
sb-val_8_0 : BITVECTOR(16) = 0bin0000000000000001;
sb-val_8_1 : BITVECTOR(16) = 0bin0000000000000010;
sb-full_8_0 : BOOLEAN = TRUE;
sb-full_8_1 : BOOLEAN = TRUE;
stmt_8_0_0 : BOOLEAN = FALSE;
stmt_8_0_1 : BOOLEAN = FALSE;
stmt_8_0_2 : BOOLEAN = TRUE;
stmt_8_0_3 : BOOLEAN = FALSE;
stmt_8_0_4 : BOOLEAN = FALSE;
stmt_8_0_5 : BOOLEAN = FALSE;
stmt_8_1_0 : BOOLEAN = FALSE;
stmt_8_1_1 : BOOLEAN = FALSE;
stmt_8_1_2 : BOOLEAN = FALSE;
stmt_8_1_3 : BOOLEAN = FALSE;
stmt_8_1_4 : BOOLEAN = FALSE;
stmt_8_1_5 : BOOLEAN = TRUE;
halt_8_0 : BOOLEAN = FALSE;
halt_8_1 : BOOLEAN = FALSE;
heap_8 : ARRAY BITVECTOR(16) OF BITVECTOR(16) = ARRAY(BITVECTOR(16) OF BITVECTOR(16)) : 0bin0000000000000000 WITH [0bin0000000000000000] := 0bin0000000000000001, [0bin0000000000000001] := 0bin0000000000000001;
exit_8 : BOOLEAN = FALSE;
thread_8_0 : BOOLEAN = FALSE;
thread_8_1 : BOOLEAN = FALSE;
exec_8_0_0 : BOOLEAN = FALSE;
exec_8_0_1 : BOOLEAN = FALSE;
exec_8_0_2 : BOOLEAN = FALSE;
exec_8_0_3 : BOOLEAN = FALSE;
exec_8_0_4 : BOOLEAN = FALSE;
exec_8_0_5 : BOOLEAN = FALSE;
exec_8_1_0 : BOOLEAN = FALSE;
exec_8_1_1 : BOOLEAN = FALSE;
exec_8_1_2 : BOOLEAN = FALSE;
exec_8_1_3 : BOOLEAN = FALSE;
exec_8_1_4 : BOOLEAN = FALSE;
exec_8_1_5 : BOOLEAN = FALSE;
flush_8_0 : BOOLEAN = TRUE;
flush_8_1 : BOOLEAN = FALSE;
accu_9_0 : BITVECTOR(16) = 0bin0000000000000001;
accu_9_1 : BITVECTOR(16) = 0bin0000000000000001;
mem_9_0 : BITVECTOR(16) = 0bin0000000000000000;
mem_9_1 : BITVECTOR(16) = 0bin0000000000000000;
sb-adr_9_0 : BITVECTOR(16) = 0bin0000000000000000;
sb-adr_9_1 : BITVECTOR(16) = 0bin0000000000000001;
sb-val_9_0 : BITVECTOR(16) = 0bin0000000000000001;
sb-val_9_1 : BITVECTOR(16) = 0bin0000000000000010;
sb-full_9_0 : BOOLEAN = FALSE;
sb-full_9_1 : BOOLEAN = TRUE;
stmt_9_0_0 : BOOLEAN = FALSE;
stmt_9_0_1 : BOOLEAN = FALSE;
stmt_9_0_2 : BOOLEAN = TRUE;
stmt_9_0_3 : BOOLEAN = FALSE;
stmt_9_0_4 : BOOLEAN = FALSE;
stmt_9_0_5 : BOOLEAN = FALSE;
stmt_9_1_0 : BOOLEAN = FALSE;
stmt_9_1_1 : BOOLEAN = FALSE;
stmt_9_1_2 : BOOLEAN = FALSE;
stmt_9_1_3 : BOOLEAN = FALSE;
stmt_9_1_4 : BOOLEAN = FALSE;
stmt_9_1_5 : BOOLEAN = TRUE;
halt_9_0 : BOOLEAN = FALSE;
halt_9_1 : BOOLEAN = FALSE;
heap_9 : ARRAY BITVECTOR(16) OF BITVECTOR(16) = ARRAY(BITVECTOR(16) OF BITVECTOR(16)) : 0bin0000000000000000 WITH [0bin0000000000000000] := 0bin0000000000000001, [0bin0000000000000001] := 0bin0000000000000001;
exit_9 : BOOLEAN = FALSE;
thread_9_0 : BOOLEAN = TRUE;
thread_9_1 : BOOLEAN = FALSE;
exec_9_0_0 : BOOLEAN = FALSE;
exec_9_0_1 : BOOLEAN = FALSE;
exec_9_0_2 : BOOLEAN = TRUE;
exec_9_0_3 : BOOLEAN = FALSE;
exec_9_0_4 : BOOLEAN = FALSE;
exec_9_0_5 : BOOLEAN = FALSE;
exec_9_1_0 : BOOLEAN = FALSE;
exec_9_1_1 : BOOLEAN = FALSE;
exec_9_1_2 : BOOLEAN = FALSE;
exec_9_1_3 : BOOLEAN = FALSE;
exec_9_1_4 : BOOLEAN = FALSE;
exec_9_1_5 : BOOLEAN = FALSE;
flush_9_0 : BOOLEAN = FALSE;
flush_9_1 : BOOLEAN = FALSE;
accu_10_0 : BITVECTOR(16) = 0bin0000000000000010;
accu_10_1 : BITVECTOR(16) = 0bin0000000000000001;
mem_10_0 : BITVECTOR(16) = 0bin0000000000000000;
mem_10_1 : BITVECTOR(16) = 0bin0000000000000000;
sb-adr_10_0 : BITVECTOR(16) = 0bin0000000000000000;
sb-adr_10_1 : BITVECTOR(16) = 0bin0000000000000001;
sb-val_10_0 : BITVECTOR(16) = 0bin0000000000000001;
sb-val_10_1 : BITVECTOR(16) = 0bin0000000000000010;
sb-full_10_0 : BOOLEAN = FALSE;
sb-full_10_1 : BOOLEAN = TRUE;
stmt_10_0_0 : BOOLEAN = FALSE;
stmt_10_0_1 : BOOLEAN = FALSE;
stmt_10_0_2 : BOOLEAN = FALSE;
stmt_10_0_3 : BOOLEAN = TRUE;
stmt_10_0_4 : BOOLEAN = FALSE;
stmt_10_0_5 : BOOLEAN = FALSE;
stmt_10_1_0 : BOOLEAN = FALSE;
stmt_10_1_1 : BOOLEAN = FALSE;
stmt_10_1_2 : BOOLEAN = FALSE;
stmt_10_1_3 : BOOLEAN = FALSE;
stmt_10_1_4 : BOOLEAN = FALSE;
stmt_10_1_5 : BOOLEAN = TRUE;
halt_10_0 : BOOLEAN = FALSE;
halt_10_1 : BOOLEAN = FALSE;
heap_10 : ARRAY BITVECTOR(16) OF BITVECTOR(16) = ARRAY(BITVECTOR(16) OF BITVECTOR(16)) : 0bin0000000000000000 WITH [0bin0000000000000000] := 0bin0000000000000001, [0bin0000000000000001] := 0bin0000000000000001;
exit_10 : BOOLEAN = FALSE;
thread_10_0 : BOOLEAN = TRUE;
thread_10_1 : BOOLEAN = FALSE;
exec_10_0_0 : BOOLEAN = FALSE;
exec_10_0_1 : BOOLEAN = FALSE;
exec_10_0_2 : BOOLEAN = FALSE;
exec_10_0_3 : BOOLEAN = TRUE;
exec_10_0_4 : BOOLEAN = FALSE;
exec_10_0_5 : BOOLEAN = FALSE;
exec_10_1_0 : BOOLEAN = FALSE;
exec_10_1_1 : BOOLEAN = FALSE;
exec_10_1_2 : BOOLEAN = FALSE;
exec_10_1_3 : BOOLEAN = FALSE;
exec_10_1_4 : BOOLEAN = FALSE;
exec_10_1_5 : BOOLEAN = FALSE;
flush_10_0 : BOOLEAN = FALSE;
flush_10_1 : BOOLEAN = FALSE;
accu_11_0 : BITVECTOR(16) = 0bin0000000000000010;
accu_11_1 : BITVECTOR(16) = 0bin0000000000000001;
mem_11_0 : BITVECTOR(16) = 0bin0000000000000000;
mem_11_1 : BITVECTOR(16) = 0bin0000000000000000;
sb-adr_11_0 : BITVECTOR(16) = 0bin0000000000000000;
sb-adr_11_1 : BITVECTOR(16) = 0bin0000000000000001;
sb-val_11_0 : BITVECTOR(16) = 0bin0000000000000010;
sb-val_11_1 : BITVECTOR(16) = 0bin0000000000000010;
sb-full_11_0 : BOOLEAN = TRUE;
sb-full_11_1 : BOOLEAN = TRUE;
stmt_11_0_0 : BOOLEAN = FALSE;
stmt_11_0_1 : BOOLEAN = FALSE;
stmt_11_0_2 : BOOLEAN = FALSE;
stmt_11_0_3 : BOOLEAN = FALSE;
stmt_11_0_4 : BOOLEAN = TRUE;
stmt_11_0_5 : BOOLEAN = FALSE;
stmt_11_1_0 : BOOLEAN = FALSE;
stmt_11_1_1 : BOOLEAN = FALSE;
stmt_11_1_2 : BOOLEAN = FALSE;
stmt_11_1_3 : BOOLEAN = FALSE;
stmt_11_1_4 : BOOLEAN = FALSE;
stmt_11_1_5 : BOOLEAN = TRUE;
halt_11_0 : BOOLEAN = FALSE;
halt_11_1 : BOOLEAN = FALSE;
heap_11 : ARRAY BITVECTOR(16) OF BITVECTOR(16) = ARRAY(BITVECTOR(16) OF BITVECTOR(16)) : 0bin0000000000000000 WITH [0bin0000000000000000] := 0bin0000000000000001, [0bin0000000000000001] := 0bin0000000000000001;
exit_11 : BOOLEAN = FALSE;
thread_11_0 : BOOLEAN = FALSE;
thread_11_1 : BOOLEAN = FALSE;
exec_11_0_0 : BOOLEAN = FALSE;
exec_11_0_1 : BOOLEAN = FALSE;
exec_11_0_2 : BOOLEAN = FALSE;
exec_11_0_3 : BOOLEAN = FALSE;
exec_11_0_4 : BOOLEAN = FALSE;
exec_11_0_5 : BOOLEAN = FALSE;
exec_11_1_0 : BOOLEAN = FALSE;
exec_11_1_1 : BOOLEAN = FALSE;
exec_11_1_2 : BOOLEAN = FALSE;
exec_11_1_3 : BOOLEAN = FALSE;
exec_11_1_4 : BOOLEAN = FALSE;
exec_11_1_5 : BOOLEAN = FALSE;
flush_11_0 : BOOLEAN = TRUE;
flush_11_1 : BOOLEAN = FALSE;
accu_12_0 : BITVECTOR(16) = 0bin0000000000000010;
accu_12_1 : BITVECTOR(16) = 0bin0000000000000001;
mem_12_0 : BITVECTOR(16) = 0bin0000000000000000;
mem_12_1 : BITVECTOR(16) = 0bin0000000000000000;
sb-adr_12_0 : BITVECTOR(16) = 0bin0000000000000000;
sb-adr_12_1 : BITVECTOR(16) = 0bin0000000000000001;
sb-val_12_0 : BITVECTOR(16) = 0bin0000000000000010;
sb-val_12_1 : BITVECTOR(16) = 0bin0000000000000010;
sb-full_12_0 : BOOLEAN = FALSE;
sb-full_12_1 : BOOLEAN = TRUE;
stmt_12_0_0 : BOOLEAN = FALSE;
stmt_12_0_1 : BOOLEAN = FALSE;
stmt_12_0_2 : BOOLEAN = FALSE;
stmt_12_0_3 : BOOLEAN = FALSE;
stmt_12_0_4 : BOOLEAN = TRUE;
stmt_12_0_5 : BOOLEAN = FALSE;
stmt_12_1_0 : BOOLEAN = FALSE;
stmt_12_1_1 : BOOLEAN = FALSE;
stmt_12_1_2 : BOOLEAN = FALSE;
stmt_12_1_3 : BOOLEAN = FALSE;
stmt_12_1_4 : BOOLEAN = FALSE;
stmt_12_1_5 : BOOLEAN = TRUE;
halt_12_0 : BOOLEAN = FALSE;
halt_12_1 : BOOLEAN = FALSE;
heap_12 : ARRAY BITVECTOR(16) OF BITVECTOR(16) = ARRAY(BITVECTOR(16) OF BITVECTOR(16)) : 0bin0000000000000000 WITH [0bin0000000000000000] := 0bin0000000000000010, [0bin0000000000000001] := 0bin0000000000000001;
exit_12 : BOOLEAN = FALSE;
thread_12_0 : BOOLEAN = TRUE;
thread_12_1 : BOOLEAN = FALSE;
exec_12_0_0 : BOOLEAN = FALSE;
exec_12_0_1 : BOOLEAN = FALSE;
exec_12_0_2 : BOOLEAN = FALSE;
exec_12_0_3 : BOOLEAN = FALSE;
exec_12_0_4 : BOOLEAN = TRUE;
exec_12_0_5 : BOOLEAN = FALSE;
exec_12_1_0 : BOOLEAN = FALSE;
exec_12_1_1 : BOOLEAN = FALSE;
exec_12_1_2 : BOOLEAN = FALSE;
exec_12_1_3 : BOOLEAN = FALSE;
exec_12_1_4 : BOOLEAN = FALSE;
exec_12_1_5 : BOOLEAN = FALSE;
flush_12_0 : BOOLEAN = FALSE;
flush_12_1 : BOOLEAN = FALSE;
accu_13_0 : BITVECTOR(16) = 0bin0000000000000001;
accu_13_1 : BITVECTOR(16) = 0bin0000000000000001;
mem_13_0 : BITVECTOR(16) = 0bin0000000000000000;
mem_13_1 : BITVECTOR(16) = 0bin0000000000000000;
sb-adr_13_0 : BITVECTOR(16) = 0bin0000000000000000;
sb-adr_13_1 : BITVECTOR(16) = 0bin0000000000000001;
sb-val_13_0 : BITVECTOR(16) = 0bin0000000000000010;
sb-val_13_1 : BITVECTOR(16) = 0bin0000000000000010;
sb-full_13_0 : BOOLEAN = FALSE;
sb-full_13_1 : BOOLEAN = TRUE;
stmt_13_0_0 : BOOLEAN = FALSE;
stmt_13_0_1 : BOOLEAN = FALSE;
stmt_13_0_2 : BOOLEAN = FALSE;
stmt_13_0_3 : BOOLEAN = FALSE;
stmt_13_0_4 : BOOLEAN = FALSE;
stmt_13_0_5 : BOOLEAN = TRUE;
stmt_13_1_0 : BOOLEAN = FALSE;
stmt_13_1_1 : BOOLEAN = FALSE;
stmt_13_1_2 : BOOLEAN = FALSE;
stmt_13_1_3 : BOOLEAN = FALSE;
stmt_13_1_4 : BOOLEAN = FALSE;
stmt_13_1_5 : BOOLEAN = TRUE;
halt_13_0 : BOOLEAN = FALSE;
halt_13_1 : BOOLEAN = FALSE;
heap_13 : ARRAY BITVECTOR(16) OF BITVECTOR(16) = ARRAY(BITVECTOR(16) OF BITVECTOR(16)) : 0bin0000000000000000 WITH [0bin0000000000000000] := 0bin0000000000000010, [0bin0000000000000001] := 0bin0000000000000001;
exit_13 : BOOLEAN = FALSE;
thread_13_0 : BOOLEAN = FALSE;
thread_13_1 : BOOLEAN = FALSE;
exec_13_0_0 : BOOLEAN = FALSE;
exec_13_0_1 : BOOLEAN = FALSE;
exec_13_0_2 : BOOLEAN = FALSE;
exec_13_0_3 : BOOLEAN = FALSE;
exec_13_0_4 : BOOLEAN = FALSE;
exec_13_0_5 : BOOLEAN = FALSE;
exec_13_1_0 : BOOLEAN = FALSE;
exec_13_1_1 : BOOLEAN = FALSE;
exec_13_1_2 : BOOLEAN = FALSE;
exec_13_1_3 : BOOLEAN = FALSE;
exec_13_1_4 : BOOLEAN = FALSE;
exec_13_1_5 : BOOLEAN = FALSE;
flush_13_0 : BOOLEAN = FALSE;
flush_13_1 : BOOLEAN = TRUE;
accu_14_0 : BITVECTOR(16) = 0bin0000000000000001;
accu_14_1 : BITVECTOR(16) = 0bin0000000000000001;
mem_14_0 : BITVECTOR(16) = 0bin0000000000000000;
mem_14_1 : BITVECTOR(16) = 0bin0000000000000000;
sb-adr_14_0 : BITVECTOR(16) = 0bin0000000000000000;
sb-adr_14_1 : BITVECTOR(16) = 0bin0000000000000001;
sb-val_14_0 : BITVECTOR(16) = 0bin0000000000000010;
sb-val_14_1 : BITVECTOR(16) = 0bin0000000000000010;
sb-full_14_0 : BOOLEAN = FALSE;
sb-full_14_1 : BOOLEAN = FALSE;
stmt_14_0_0 : BOOLEAN = FALSE;
stmt_14_0_1 : BOOLEAN = FALSE;
stmt_14_0_2 : BOOLEAN = FALSE;
stmt_14_0_3 : BOOLEAN = FALSE;
stmt_14_0_4 : BOOLEAN = FALSE;
stmt_14_0_5 : BOOLEAN = TRUE;
stmt_14_1_0 : BOOLEAN = FALSE;
stmt_14_1_1 : BOOLEAN = FALSE;
stmt_14_1_2 : BOOLEAN = FALSE;
stmt_14_1_3 : BOOLEAN = FALSE;
stmt_14_1_4 : BOOLEAN = FALSE;
stmt_14_1_5 : BOOLEAN = TRUE;
halt_14_0 : BOOLEAN = FALSE;
halt_14_1 : BOOLEAN = FALSE;
heap_14 : ARRAY BITVECTOR(16) OF BITVECTOR(16) = ARRAY(BITVECTOR(16) OF BITVECTOR(16)) : 0bin0000000000000000 WITH [0bin0000000000000000] := 0bin0000000000000010, [0bin0000000000000001] := 0bin0000000000000010;
exit_14 : BOOLEAN = FALSE;
thread_14_0 : BOOLEAN = FALSE;
thread_14_1 : BOOLEAN = TRUE;
exec_14_0_0 : BOOLEAN = FALSE;
exec_14_0_1 : BOOLEAN = FALSE;
exec_14_0_2 : BOOLEAN = FALSE;
exec_14_0_3 : BOOLEAN = FALSE;
exec_14_0_4 : BOOLEAN = FALSE;
exec_14_0_5 : BOOLEAN = FALSE;
exec_14_1_0 : BOOLEAN = FALSE;
exec_14_1_1 : BOOLEAN = FALSE;
exec_14_1_2 : BOOLEAN = FALSE;
exec_14_1_3 : BOOLEAN = FALSE;
exec_14_1_4 : BOOLEAN = FALSE;
exec_14_1_5 : BOOLEAN = TRUE;
flush_14_0 : BOOLEAN = FALSE;
flush_14_1 : BOOLEAN = FALSE;
accu_15_0 : BITVECTOR(16) = 0bin0000000000000001;
accu_15_1 : BITVECTOR(16) = 0bin0000000000000001;
mem_15_0 : BITVECTOR(16) = 0bin0000000000000000;
mem_15_1 : BITVECTOR(16) = 0bin0000000000000000;
sb-adr_15_0 : BITVECTOR(16) = 0bin0000000000000000;
sb-adr_15_1 : BITVECTOR(16) = 0bin0000000000000001;
sb-val_15_0 : BITVECTOR(16) = 0bin0000000000000010;
sb-val_15_1 : BITVECTOR(16) = 0bin0000000000000010;
sb-full_15_0 : BOOLEAN = FALSE;
sb-full_15_1 : BOOLEAN = FALSE;
stmt_15_0_0 : BOOLEAN = FALSE;
stmt_15_0_1 : BOOLEAN = FALSE;
stmt_15_0_2 : BOOLEAN = FALSE;
stmt_15_0_3 : BOOLEAN = FALSE;
stmt_15_0_4 : BOOLEAN = FALSE;
stmt_15_0_5 : BOOLEAN = TRUE;
stmt_15_1_0 : BOOLEAN = FALSE;
stmt_15_1_1 : BOOLEAN = FALSE;
stmt_15_1_2 : BOOLEAN = FALSE;
stmt_15_1_3 : BOOLEAN = FALSE;
stmt_15_1_4 : BOOLEAN = FALSE;
stmt_15_1_5 : BOOLEAN = FALSE;
halt_15_0 : BOOLEAN = FALSE;
halt_15_1 : BOOLEAN = TRUE;
heap_15 : ARRAY BITVECTOR(16) OF BITVECTOR(16) = ARRAY(BITVECTOR(16) OF BITVECTOR(16)) : 0bin0000000000000000 WITH [0bin0000000000000000] := 0bin0000000000000010, [0bin0000000000000001] := 0bin0000000000000010;
exit_15 : BOOLEAN = FALSE;
thread_15_0 : BOOLEAN = TRUE;
thread_15_1 : BOOLEAN = FALSE;
exec_15_0_0 : BOOLEAN = FALSE;
exec_15_0_1 : BOOLEAN = FALSE;
exec_15_0_2 : BOOLEAN = FALSE;
exec_15_0_3 : BOOLEAN = FALSE;
exec_15_0_4 : BOOLEAN = FALSE;
exec_15_0_5 : BOOLEAN = TRUE;
exec_15_1_0 : BOOLEAN = FALSE;
exec_15_1_1 : BOOLEAN = FALSE;
exec_15_1_2 : BOOLEAN = FALSE;
exec_15_1_3 : BOOLEAN = FALSE;
exec_15_1_4 : BOOLEAN = FALSE;
exec_15_1_5 : BOOLEAN = FALSE;
flush_15_0 : BOOLEAN = FALSE;
flush_15_1 : BOOLEAN = FALSE;
accu_16_0 : BITVECTOR(16) = 0bin0000000000000001;
accu_16_1 : BITVECTOR(16) = 0bin0000000000000001;
mem_16_0 : BITVECTOR(16) = 0bin0000000000000000;
mem_16_1 : BITVECTOR(16) = 0bin0000000000000000;
sb-adr_16_0 : BITVECTOR(16) = 0bin0000000000000000;
sb-adr_16_1 : BITVECTOR(16) = 0bin0000000000000001;
sb-val_16_0 : BITVECTOR(16) = 0bin0000000000000010;
sb-val_16_1 : BITVECTOR(16) = 0bin0000000000000010;
sb-full_16_0 : BOOLEAN = FALSE;
sb-full_16_1 : BOOLEAN = FALSE;
stmt_16_0_0 : BOOLEAN = FALSE;
stmt_16_0_1 : BOOLEAN = FALSE;
stmt_16_0_2 : BOOLEAN = FALSE;
stmt_16_0_3 : BOOLEAN = FALSE;
stmt_16_0_4 : BOOLEAN = FALSE;
stmt_16_0_5 : BOOLEAN = FALSE;
stmt_16_1_0 : BOOLEAN = FALSE;
stmt_16_1_1 : BOOLEAN = FALSE;
stmt_16_1_2 : BOOLEAN = FALSE;
stmt_16_1_3 : BOOLEAN = FALSE;
stmt_16_1_4 : BOOLEAN = FALSE;
stmt_16_1_5 : BOOLEAN = FALSE;
halt_16_0 : BOOLEAN = TRUE;
halt_16_1 : BOOLEAN = TRUE;
heap_16 : ARRAY BITVECTOR(16) OF BITVECTOR(16) = ARRAY(BITVECTOR(16) OF BITVECTOR(16)) : 0bin0000000000000000 WITH [0bin0000000000000000] := 0bin0000000000000010, [0bin0000000000000001] := 0bin0000000000000010;
exit_16 : BOOLEAN = TRUE;
thread_16_0 : BOOLEAN = FALSE;
thread_16_1 : BOOLEAN = FALSE;
exec_16_0_0 : BOOLEAN = FALSE;
exec_16_0_1 : BOOLEAN = FALSE;
exec_16_0_2 : BOOLEAN = FALSE;
exec_16_0_3 : BOOLEAN = FALSE;
exec_16_0_4 : BOOLEAN = FALSE;
exec_16_0_5 : BOOLEAN = FALSE;
exec_16_1_0 : BOOLEAN = FALSE;
exec_16_1_1 : BOOLEAN = FALSE;
exec_16_1_2 : BOOLEAN = FALSE;
exec_16_1_3 : BOOLEAN = FALSE;
exec_16_1_4 : BOOLEAN = FALSE;
exec_16_1_5 : BOOLEAN = FALSE;
flush_16_0 : BOOLEAN = FALSE;
flush_16_1 : BOOLEAN = FALSE;
MODEL END;
[concubine>main] solving took 2.39416 seconds
