thread.0.asm
thread.1.asm
.
# tid	pc	cmd	arg	accu	mem	adr	val	full	heap
0	0	ADDI	1	0	0	0	0	0	{}	# 0
0	1	STORE	0	1	0	0	0	0	{}	# 1
1	0	ADDI	1	0	0	0	0	0	{}	# 2
1	1	STORE	1	1	0	0	0	0	{}	# 3
1	2	FLUSH	-	1	0	1	1	1	{}	# 4
0	2	FLUSH	-	1	0	0	1	1	{(1,1)}	# 5
0	2	ADDI	1	1	0	0	1	0	{(0,1)}	# 6
1	2	ADDI	1	1	0	1	1	0	{}	# 7
0	3	STORE	0	2	0	0	1	0	{}	# 8
0	4	LOAD	1	2	0	0	2	1	{}	# 9
1	3	STORE	1	2	0	1	1	0	{}	# 10
1	4	LOAD	0	2	0	1	2	1	{}	# 11
0	5	FLUSH	-	1	0	0	2	1	{}	# 12
0	5	HALT	-	1	0	0	2	0	{(0,2)}	# 13
1	5	FLUSH	-	1	0	1	2	1	{}	# 14
1	5	HALT	-	1	0	1	2	0	{(1,2)}	# 15
