[runlim] version:		1.21
[runlim] host:			c3n07
[runlim] time limit:		86400 seconds
[runlim] real time limit:	86400 seconds
[runlim] space limit:		8000 MB
[runlim] argv[0]:		concubine
[runlim] argv[1]:		solve
[runlim] argv[2]:		-v
[runlim] argv[3]:		-s
[runlim] argv[4]:		z3
[runlim] argv[5]:		-e
[runlim] argv[6]:		smtlib
[runlim] argv[7]:		-c
[runlim] argv[8]:		constraints.smt2
[runlim] argv[9]:		-o
[runlim] argv[10]:		z3-functional
[runlim] argv[11]:		16
[runlim] argv[12]:		thread.0.asm
[runlim] argv[13]:		thread.1.asm
[runlim] start:			Tue Dec  1 16:38:25 2020
[runlim] child:			6757
[runlim] end:			Tue Dec  1 16:38:25 2020
[runlim] status:		ok
[runlim] result:		0
[runlim] children:		1
[runlim] real:			0.21 seconds
[runlim] time:			0.17 seconds
[runlim] space:			24 MB
[runlim] samples:		2
