thread.0.asm
thread.1.asm
. z3-relational.mmap
# tid	pc	cmd	arg	accu	mem	adr	val	full	heap
0	0	ADDI	1	0	0	0	0	0	{}	# 0
0	1	STORE	0	1	0	0	0	0	{}	# 1
0	2	FLUSH	-	1	0	0	1	1	{}	# 2
0	2	ADDI	1	1	0	0	1	0	{(0,1)}	# 3
0	3	STORE	0	2	0	0	1	0	{}	# 4
1	0	ADDI	1	0	0	0	0	0	{}	# 5
1	1	STORE	1	1	0	0	0	0	{}	# 6
0	4	LOAD	1	2	0	0	2	1	{}	# 7
1	2	FLUSH	-	1	0	1	1	1	{}	# 8
1	2	ADDI	1	1	0	1	1	0	{(1,1)}	# 9
1	3	STORE	1	2	0	1	1	0	{}	# 10
1	4	LOAD	0	2	0	1	2	1	{}	# 11
1	5	FLUSH	-	1	0	1	2	1	{}	# 12
1	5	HALT	-	1	0	1	2	0	{(1,2)}	# 13
0	5	FLUSH	-	1	0	0	2	1	{}	# 14
0	5	HALT	-	1	0	0	2	0	{(0,2)}	# 15
