count_stat.buggy.0.asm
count_stat.buggy.1.asm
count_stat.buggy.2.asm
count_stat.buggy.3.asm
count_stat.checker.asm
. boolector-functional.mmap
# tid	pc	cmd	arg	accu	mem	adr	val	full	heap
2	inc	LOAD	0	0	0	0	0	0	{}	# 0
2	1	ADDI	1	0	0	0	0	0	{}	# 1
2	2	STORE	0	1	0	0	0	0	{}	# 2
2	3	LOAD	12	1	0	0	1	1	{}	# 3
2	4	SUBI	1	2	0	0	1	1	{}	# 4
3	inc	LOAD	0	0	0	0	0	0	{}	# 5
1	inc	LOAD	0	0	0	0	0	0	{}	# 6
1	1	ADDI	1	0	0	0	0	0	{}	# 7
2	5	FLUSH	-	1	0	0	1	1	{}	# 8
1	2	STORE	0	1	0	0	0	0	{(0,1)}	# 9
1	3	LOAD	11	1	0	0	1	1	{}	# 10
3	1	ADDI	1	0	0	0	0	0	{}	# 11
3	2	STORE	0	1	0	0	0	0	{}	# 12
3	3	FLUSH	-	1	0	0	1	1	{}	# 13
2	5	STORE	12	1	0	0	1	0	{(0,1)}	# 14
2	6	JNZ	inc	1	0	12	1	1	{}	# 15
2	inc	FLUSH	-	1	0	12	1	1	{}	# 16
0	inc	LOAD	0	0	0	0	0	0	{(12,1)}	# 17
0	1	ADDI	1	1	0	0	0	0	{}	# 18
1	4	SUBI	1	2	0	0	1	1	{}	# 19
0	2	STORE	0	2	0	0	0	0	{}	# 20
3	3	LOAD	13	1	0	0	1	0	{}	# 21
0	3	LOAD	10	2	0	0	2	1	{}	# 22
1	5	FLUSH	-	1	0	0	1	1	{}	# 23
0	4	FLUSH	-	2	0	0	2	1	{(0,1)}	# 24
2	inc	LOAD	0	1	0	12	1	0	{(0,2)}	# 25
0	4	SUBI	1	2	0	0	2	0	{}	# 26
0	5	STORE	10	1	0	0	2	0	{}	# 27
0	6	JNZ	inc	1	0	10	1	1	{}	# 28
0	inc	LOAD	0	1	0	10	1	1	{}	# 29
0	1	ADDI	1	2	0	10	1	1	{}	# 30
0	2	FLUSH	-	3	0	10	1	1	{}	# 31
3	4	SUBI	1	2	0	0	1	0	{(10,1)}	# 32
2	1	ADDI	1	2	0	12	1	0	{}	# 33
2	2	STORE	0	3	0	12	1	0	{}	# 34
2	3	FLUSH	-	3	0	0	3	1	{}	# 35
0	2	STORE	0	3	0	10	1	0	{(0,3)}	# 36
2	3	LOAD	12	3	0	0	3	0	{}	# 37
3	5	STORE	13	1	0	0	1	0	{}	# 38
2	4	SUBI	1	1	0	0	3	0	{}	# 39
3	6	JNZ	inc	1	0	13	1	1	{}	# 40
4	0	CHECK	0	0	0	0	0	0	{}	# 41
3	inc	FLUSH	-	1	0	13	1	1	{}	# 42
2	5	STORE	12	0	0	0	3	0	{(13,1)}	# 43
3	inc	LOAD	0	1	0	13	1	0	{}	# 44
2	6	FLUSH	-	0	0	12	0	1	{}	# 45
3	1	ADDI	1	3	0	13	1	0	{(12,0)}	# 46
3	2	STORE	0	4	0	13	1	0	{}	# 47
3	3	LOAD	13	4	0	0	4	1	{}	# 48
3	4	SUBI	1	1	0	0	4	1	{}	# 49
0	3	LOAD	10	3	0	0	3	1	{}	# 50
0	4	SUBI	1	1	0	0	3	1	{}	# 51
0	5	FLUSH	-	0	0	0	3	1	{}	# 52
1	5	STORE	11	1	0	0	1	0	{(0,3)}	# 53
0	5	STORE	10	0	0	0	3	0	{}	# 54
3	5	FLUSH	-	0	0	0	4	1	{}	# 55
3	5	STORE	13	0	0	0	4	0	{(0,4)}	# 56
1	6	JNZ	inc	1	0	11	1	1	{}	# 57
1	inc	LOAD	0	1	0	11	1	1	{}	# 58
1	1	ADDI	1	4	0	11	1	1	{}	# 59
3	6	JNZ	inc	0	0	13	0	1	{}	# 60
2	6	JNZ	inc	0	0	12	0	0	{}	# 61
1	2	FLUSH	-	5	0	11	1	1	{}	# 62
0	6	JNZ	inc	0	0	10	0	1	{(11,1)}	# 63
1	2	STORE	0	5	0	11	1	0	{}	# 64
1	3	LOAD	11	5	0	0	5	1	{}	# 65
1	4	SUBI	1	1	0	0	5	1	{}	# 66
1	5	FLUSH	-	0	0	0	5	1	{}	# 67
1	5	STORE	11	0	0	0	5	0	{(0,5)}	# 68
1	6	JNZ	inc	0	0	11	0	1	{}	# 69
0	7	CHECK	0	0	0	10	0	1	{}	# 70
1	7	FLUSH	-	0	0	11	0	1	{}	# 71
3	7	FLUSH	-	0	0	13	0	1	{(11,0)}	# 72
2	7	CHECK	0	0	0	12	0	0	{(13,0)}	# 73
1	7	CHECK	0	0	0	11	0	0	{}	# 74
3	7	CHECK	0	0	0	13	0	0	{}	# 75
3	8	HALT	-	0	0	13	0	0	{}	# 76
0	8	FLUSH	-	0	0	10	0	1	{}	# 77
4	1	ADDI	8	0	0	0	0	0	{(10,0)}	# 78
0	8	HALT	-	0	0	10	0	0	{}	# 79
4	2	CMP	0	8	0	0	0	0	{}	# 80
4	3	JNZ	error	3	0	0	0	0	{}	# 81
1	8	HALT	-	0	0	11	0	0	{}	# 82
2	8	HALT	-	0	0	12	0	0	{}	# 83
4	error	EXIT	1	3	0	0	0	0	{}	# 84
