count_stat.buggy.0.asm
count_stat.buggy.1.asm
count_stat.buggy.2.asm
count_stat.buggy.3.asm
count_stat.checker.asm
. btormc-btor2.mmap
# tid	pc	cmd	arg	accu	mem	adr	val	full	heap
1	inc	LOAD	0	0	0	0	0	0	{}	# 0
3	inc	LOAD	0	0	0	0	0	0	{}	# 1
1	1	ADDI	1	0	0	0	0	0	{}	# 2
1	2	STORE	0	1	0	0	0	0	{}	# 3
3	1	ADDI	1	0	0	0	0	0	{}	# 4
0	inc	LOAD	0	0	0	0	0	0	{}	# 5
3	2	STORE	0	1	0	0	0	0	{}	# 6
0	1	ADDI	1	0	0	0	0	0	{}	# 7
3	3	LOAD	13	1	0	0	1	1	{}	# 8
1	3	FLUSH	-	1	0	0	1	1	{}	# 9
1	3	LOAD	11	1	0	0	1	0	{(0,1)}	# 10
1	4	SUBI	1	2	0	0	1	0	{}	# 11
3	4	FLUSH	-	2	0	0	1	1	{}	# 12
0	2	STORE	0	1	0	0	0	0	{(0,1)}	# 13
0	3	FLUSH	-	1	0	0	1	1	{}	# 14
0	3	LOAD	10	1	0	0	1	0	{(0,1)}	# 15
0	4	SUBI	1	2	0	0	1	0	{}	# 16
0	5	STORE	10	1	0	0	1	0	{}	# 17
0	6	JNZ	inc	1	0	10	1	1	{}	# 18
0	inc	FLUSH	-	1	0	10	1	1	{}	# 19
0	inc	LOAD	0	1	0	10	1	0	{(10,1)}	# 20
1	5	STORE	11	1	0	0	1	0	{}	# 21
0	1	ADDI	1	1	0	10	1	0	{}	# 22
0	2	STORE	0	2	0	10	1	0	{}	# 23
4	0	CHECK	0	0	0	0	0	0	{}	# 24
1	6	JNZ	inc	1	0	11	1	1	{}	# 25
2	inc	LOAD	0	0	0	0	0	0	{}	# 26
2	1	ADDI	1	1	0	0	0	0	{}	# 27
2	2	STORE	0	2	0	0	0	0	{}	# 28
0	3	LOAD	10	2	0	0	2	1	{}	# 29
1	inc	FLUSH	-	1	0	11	1	1	{}	# 30
1	inc	LOAD	0	1	0	11	1	0	{(11,1)}	# 31
1	1	ADDI	1	1	0	11	1	0	{}	# 32
1	2	STORE	0	2	0	11	1	0	{}	# 33
1	3	LOAD	11	2	0	0	2	1	{}	# 34
1	4	FLUSH	-	1	0	0	2	1	{}	# 35
1	4	SUBI	1	1	0	0	2	0	{(0,2)}	# 36
3	4	SUBI	1	2	0	0	1	0	{}	# 37
1	5	STORE	11	0	0	0	2	0	{}	# 38
2	3	FLUSH	-	2	0	0	2	1	{}	# 39
3	5	STORE	13	1	0	0	1	0	{(0,2)}	# 40
1	6	JNZ	inc	0	0	11	0	1	{}	# 41
3	6	JNZ	inc	1	0	13	1	1	{}	# 42
3	inc	LOAD	0	1	0	13	1	1	{}	# 43
0	4	FLUSH	-	1	0	0	2	1	{}	# 44
2	3	LOAD	12	2	0	0	2	0	{(0,2)}	# 45
3	1	ADDI	1	2	0	13	1	1	{}	# 46
2	4	SUBI	1	2	0	0	2	0	{}	# 47
0	4	SUBI	1	1	0	0	2	0	{}	# 48
1	7	FLUSH	-	0	0	11	0	1	{}	# 49
0	5	STORE	10	0	0	0	2	0	{(11,0)}	# 50
2	5	STORE	12	1	0	0	2	0	{}	# 51
0	6	FLUSH	-	0	0	10	0	1	{}	# 52
2	6	JNZ	inc	1	0	12	1	1	{(10,0)}	# 53
0	6	JNZ	inc	0	0	10	0	0	{}	# 54
0	7	CHECK	0	0	0	10	0	0	{}	# 55
3	2	FLUSH	-	3	0	13	1	1	{}	# 56
1	7	CHECK	0	0	0	11	0	0	{(13,1)}	# 57
2	inc	FLUSH	-	1	0	12	1	1	{}	# 58
2	inc	LOAD	0	1	0	12	1	0	{(12,1)}	# 59
3	2	STORE	0	3	0	13	1	0	{}	# 60
3	3	FLUSH	-	3	0	0	3	1	{}	# 61
3	3	LOAD	13	3	0	0	3	0	{(0,3)}	# 62
3	4	SUBI	1	1	0	0	3	0	{}	# 63
3	5	STORE	13	0	0	0	3	0	{}	# 64
3	6	JNZ	inc	0	0	13	0	1	{}	# 65
3	7	CHECK	0	0	0	13	0	1	{}	# 66
3	8	FLUSH	-	0	0	13	0	1	{}	# 67
2	1	ADDI	1	2	0	12	1	0	{(13,0)}	# 68
2	2	STORE	0	3	0	12	1	0	{}	# 69
2	3	FLUSH	-	3	0	0	3	1	{}	# 70
2	3	LOAD	12	3	0	0	3	0	{(0,3)}	# 71
2	4	SUBI	1	1	0	0	3	0	{}	# 72
2	5	STORE	12	0	0	0	3	0	{}	# 73
2	6	FLUSH	-	0	0	12	0	1	{}	# 74
2	6	JNZ	inc	0	0	12	0	0	{(12,0)}	# 75
2	7	CHECK	0	0	0	12	0	0	{}	# 76
4	1	ADDI	8	0	0	0	0	0	{}	# 77
4	2	CMP	0	8	0	0	0	0	{}	# 78
3	8	HALT	-	0	0	13	0	0	{}	# 79
4	3	JNZ	error	5	0	0	0	0	{}	# 80
2	8	HALT	-	0	0	12	0	0	{}	# 81
4	error	EXIT	1	5	0	0	0	0	{}	# 82
