count_stat.buggy.0.asm
count_stat.buggy.1.asm
count_stat.buggy.2.asm
count_stat.buggy.3.asm
count_stat.checker.asm
. z3-functional.mmap
# tid	pc	cmd	arg	accu	mem	adr	val	full	heap
0	inc	LOAD	0	0	0	0	0	0	{}	# 0
0	1	ADDI	1	0	0	0	0	0	{}	# 1
0	2	STORE	0	1	0	0	0	0	{}	# 2
0	3	LOAD	10	1	0	0	1	1	{}	# 3
0	4	SUBI	1	2	0	0	1	1	{}	# 4
0	5	FLUSH	-	1	0	0	1	1	{}	# 5
0	5	STORE	10	1	0	0	1	0	{(0,1)}	# 6
2	inc	LOAD	0	0	0	0	0	0	{}	# 7
2	1	ADDI	1	1	0	0	0	0	{}	# 8
2	2	STORE	0	2	0	0	0	0	{}	# 9
1	inc	LOAD	0	0	0	0	0	0	{}	# 10
0	6	FLUSH	-	1	0	10	1	1	{}	# 11
0	6	JNZ	inc	1	0	10	1	0	{(10,1)}	# 12
3	inc	LOAD	0	0	0	0	0	0	{}	# 13
3	1	ADDI	1	1	0	0	0	0	{}	# 14
3	2	STORE	0	2	0	0	0	0	{}	# 15
3	3	LOAD	13	2	0	0	2	1	{}	# 16
0	inc	LOAD	0	1	0	10	1	0	{}	# 17
3	4	SUBI	1	2	0	0	2	1	{}	# 18
0	1	ADDI	1	1	0	10	1	0	{}	# 19
0	2	STORE	0	2	0	10	1	0	{}	# 20
0	3	FLUSH	-	2	0	0	2	1	{}	# 21
3	5	FLUSH	-	1	0	0	2	1	{(0,2)}	# 22
3	5	STORE	13	1	0	0	2	0	{(0,2)}	# 23
3	6	JNZ	inc	1	0	13	1	1	{}	# 24
3	inc	LOAD	0	1	0	13	1	1	{}	# 25
3	1	ADDI	1	2	0	13	1	1	{}	# 26
3	2	FLUSH	-	3	0	13	1	1	{}	# 27
3	2	STORE	0	3	0	13	1	0	{(13,1)}	# 28
0	3	LOAD	10	2	0	0	2	0	{}	# 29
2	3	LOAD	12	2	0	0	2	1	{}	# 30
2	4	FLUSH	-	2	0	0	2	1	{}	# 31
3	3	LOAD	13	3	0	0	3	1	{(0,2)}	# 32
3	4	SUBI	1	1	0	0	3	1	{}	# 33
3	5	FLUSH	-	0	0	0	3	1	{}	# 34
3	5	STORE	13	0	0	0	3	0	{(0,3)}	# 35
3	6	JNZ	inc	0	0	13	0	1	{}	# 36
2	4	SUBI	1	2	0	0	2	0	{}	# 37
2	5	STORE	12	1	0	0	2	0	{}	# 38
0	4	SUBI	1	1	0	0	2	0	{}	# 39
2	6	JNZ	inc	1	0	12	1	1	{}	# 40
2	inc	LOAD	0	1	0	12	1	1	{}	# 41
4	0	CHECK	0	0	0	0	0	0	{}	# 42
0	5	STORE	10	0	0	0	2	0	{}	# 43
3	7	FLUSH	-	0	0	13	0	1	{}	# 44
1	1	ADDI	1	1	0	0	0	0	{(13,0)}	# 45
3	7	CHECK	0	0	0	13	0	0	{}	# 46
1	2	STORE	0	2	0	0	0	0	{}	# 47
0	6	JNZ	inc	0	0	10	0	1	{}	# 48
0	7	FLUSH	-	0	0	10	0	1	{}	# 49
2	1	FLUSH	-	3	0	12	1	1	{(10,0)}	# 50
2	1	ADDI	1	3	0	12	1	0	{(12,1)}	# 51
1	3	FLUSH	-	2	0	0	2	1	{}	# 52
1	3	LOAD	11	2	0	0	2	0	{(0,2)}	# 53
0	7	CHECK	0	0	0	10	0	0	{}	# 54
1	4	SUBI	1	2	0	0	2	0	{}	# 55
2	2	STORE	0	4	0	12	1	0	{}	# 56
2	3	FLUSH	-	4	0	0	4	1	{}	# 57
1	5	STORE	11	1	0	0	2	0	{(0,4)}	# 58
1	6	JNZ	inc	1	0	11	1	1	{}	# 59
1	inc	LOAD	0	1	0	11	1	1	{}	# 60
1	1	FLUSH	-	4	0	11	1	1	{}	# 61
1	1	ADDI	1	4	0	11	1	0	{(11,1)}	# 62
2	3	LOAD	12	4	0	0	4	0	{}	# 63
1	2	STORE	0	5	0	11	1	0	{}	# 64
1	3	LOAD	11	5	0	0	5	1	{}	# 65
2	4	SUBI	1	1	0	0	4	0	{}	# 66
2	5	STORE	12	0	0	0	4	0	{}	# 67
2	6	FLUSH	-	0	0	12	0	1	{}	# 68
1	4	FLUSH	-	1	0	0	5	1	{(12,0)}	# 69
1	4	SUBI	1	1	0	0	5	0	{(0,5)}	# 70
1	5	STORE	11	0	0	0	5	0	{}	# 71
1	6	JNZ	inc	0	0	11	0	1	{}	# 72
1	7	CHECK	0	0	0	11	0	1	{}	# 73
2	6	JNZ	inc	0	0	12	0	0	{}	# 74
2	7	CHECK	0	0	0	12	0	0	{}	# 75
4	1	ADDI	8	0	0	0	0	0	{}	# 76
2	8	HALT	-	0	0	12	0	0	{}	# 77
3	8	HALT	-	0	0	13	0	0	{}	# 78
4	2	CMP	0	8	0	0	0	0	{}	# 79
4	3	JNZ	error	3	0	0	0	0	{}	# 80
4	error	EXIT	1	3	0	0	0	0	{}	# 81
