[runlim] version:		1.21
[runlim] host:			c3n10
[runlim] time limit:		86400 seconds
[runlim] real time limit:	86400 seconds
[runlim] space limit:		8000 MB
[runlim] argv[0]:		concubine
[runlim] argv[1]:		solve
[runlim] argv[2]:		-v
[runlim] argv[3]:		-s
[runlim] argv[4]:		z3
[runlim] argv[5]:		-e
[runlim] argv[6]:		smtlib
[runlim] argv[7]:		-m
[runlim] argv[8]:		init.mmap
[runlim] argv[9]:		-o
[runlim] argv[10]:		z3-functional
[runlim] argv[11]:		85
[runlim] argv[12]:		count_stat.buggy.0.asm
[runlim] argv[13]:		count_stat.buggy.1.asm
[runlim] argv[14]:		count_stat.buggy.2.asm
[runlim] argv[15]:		count_stat.buggy.3.asm
[runlim] argv[16]:		count_stat.checker.asm
[runlim] start:			Thu Dec 10 16:20:23 2020
[runlim] child:			28718
[runlim] sample:		9.91 time, 10.01 real, 139 MB
[runlim] sample:		19.92 time, 20.01 real, 186 MB
[runlim] sample:		29.91 time, 30.01 real, 429 MB
[runlim] sample:		39.91 time, 40.01 real, 429 MB
[runlim] sample:		49.91 time, 50.01 real, 430 MB
[runlim] sample:		59.91 time, 60.01 real, 432 MB
[runlim] sample:		69.91 time, 70.01 real, 434 MB
[runlim] sample:		79.91 time, 80.01 real, 435 MB
[runlim] sample:		89.91 time, 90.01 real, 435 MB
[runlim] sample:		99.92 time, 100.01 real, 480 MB
[runlim] sample:		109.92 time, 110.01 real, 480 MB
[runlim] sample:		119.92 time, 120.01 real, 480 MB
[runlim] sample:		129.92 time, 130.01 real, 484 MB
[runlim] sample:		139.92 time, 140.01 real, 484 MB
[runlim] sample:		149.92 time, 150.01 real, 484 MB
[runlim] sample:		159.91 time, 160.01 real, 486 MB
[runlim] sample:		169.91 time, 170.01 real, 486 MB
[runlim] sample:		179.91 time, 180.01 real, 486 MB
[runlim] sample:		189.91 time, 190.01 real, 486 MB
[runlim] sample:		199.91 time, 200.01 real, 486 MB
[runlim] sample:		209.91 time, 210.01 real, 486 MB
[runlim] sample:		219.91 time, 220.01 real, 498 MB
[runlim] sample:		229.91 time, 230.01 real, 498 MB
[runlim] sample:		239.91 time, 240.01 real, 498 MB
[runlim] sample:		249.91 time, 250.01 real, 498 MB
[runlim] sample:		259.91 time, 260.01 real, 498 MB
[runlim] sample:		269.91 time, 270.01 real, 498 MB
[runlim] sample:		279.91 time, 280.01 real, 498 MB
[runlim] sample:		289.91 time, 290.01 real, 498 MB
[runlim] sample:		299.91 time, 300.01 real, 500 MB
[runlim] sample:		309.91 time, 310.01 real, 500 MB
[runlim] sample:		319.91 time, 320.01 real, 500 MB
[runlim] sample:		329.91 time, 330.01 real, 500 MB
[runlim] sample:		339.91 time, 340.01 real, 500 MB
[runlim] sample:		349.91 time, 350.01 real, 500 MB
[runlim] sample:		359.91 time, 360.01 real, 500 MB
[runlim] sample:		369.91 time, 370.01 real, 500 MB
[runlim] sample:		379.91 time, 380.01 real, 500 MB
[runlim] sample:		389.91 time, 390.01 real, 500 MB
[runlim] sample:		399.91 time, 400.01 real, 500 MB
[runlim] sample:		409.91 time, 410.01 real, 501 MB
[runlim] sample:		419.91 time, 420.01 real, 501 MB
[runlim] sample:		429.91 time, 430.01 real, 501 MB
[runlim] sample:		439.91 time, 440.01 real, 501 MB
[runlim] sample:		449.91 time, 450.01 real, 504 MB
[runlim] sample:		459.91 time, 460.01 real, 504 MB
[runlim] sample:		469.91 time, 470.01 real, 504 MB
[runlim] sample:		479.91 time, 480.01 real, 504 MB
[runlim] sample:		489.91 time, 490.01 real, 504 MB
[runlim] sample:		499.91 time, 500.01 real, 505 MB
[runlim] sample:		509.91 time, 510.01 real, 505 MB
[runlim] sample:		519.91 time, 520.01 real, 505 MB
[runlim] sample:		529.91 time, 530.01 real, 507 MB
[runlim] sample:		539.91 time, 540.01 real, 507 MB
[runlim] sample:		549.91 time, 550.01 real, 509 MB
[runlim] sample:		559.91 time, 560.01 real, 509 MB
[runlim] sample:		569.91 time, 570.01 real, 509 MB
[runlim] sample:		579.91 time, 580.01 real, 509 MB
[runlim] sample:		589.91 time, 590.01 real, 509 MB
[runlim] sample:		599.91 time, 600.01 real, 509 MB
[runlim] sample:		609.91 time, 610.01 real, 509 MB
[runlim] sample:		619.91 time, 620.01 real, 509 MB
[runlim] sample:		629.91 time, 630.01 real, 509 MB
[runlim] sample:		639.91 time, 640.01 real, 509 MB
[runlim] sample:		649.91 time, 650.01 real, 509 MB
[runlim] sample:		659.91 time, 660.01 real, 509 MB
[runlim] sample:		669.91 time, 670.01 real, 509 MB
[runlim] sample:		679.91 time, 680.01 real, 509 MB
[runlim] sample:		689.91 time, 690.01 real, 509 MB
[runlim] sample:		699.91 time, 700.01 real, 509 MB
[runlim] sample:		709.91 time, 710.01 real, 509 MB
[runlim] sample:		719.91 time, 720.01 real, 509 MB
[runlim] sample:		729.91 time, 730.01 real, 509 MB
[runlim] sample:		739.91 time, 740.01 real, 509 MB
[runlim] sample:		749.91 time, 750.01 real, 509 MB
[runlim] sample:		759.91 time, 760.01 real, 509 MB
[runlim] sample:		769.91 time, 770.01 real, 509 MB
[runlim] sample:		779.91 time, 780.01 real, 510 MB
[runlim] sample:		789.91 time, 790.01 real, 510 MB
[runlim] sample:		799.91 time, 800.01 real, 510 MB
[runlim] sample:		809.92 time, 810.01 real, 513 MB
[runlim] sample:		819.92 time, 820.01 real, 513 MB
[runlim] sample:		829.92 time, 830.01 real, 513 MB
[runlim] sample:		839.92 time, 840.01 real, 513 MB
[runlim] sample:		849.92 time, 850.01 real, 513 MB
[runlim] sample:		859.92 time, 860.01 real, 514 MB
[runlim] sample:		869.92 time, 870.01 real, 514 MB
[runlim] sample:		879.92 time, 880.01 real, 514 MB
[runlim] sample:		889.92 time, 890.01 real, 514 MB
[runlim] sample:		899.92 time, 900.01 real, 514 MB
[runlim] sample:		909.92 time, 910.01 real, 514 MB
[runlim] sample:		919.92 time, 920.01 real, 514 MB
[runlim] sample:		929.92 time, 930.01 real, 514 MB
[runlim] sample:		939.92 time, 940.01 real, 516 MB
[runlim] sample:		949.92 time, 950.01 real, 516 MB
[runlim] sample:		959.92 time, 960.01 real, 516 MB
[runlim] sample:		969.92 time, 970.01 real, 516 MB
[runlim] sample:		979.92 time, 980.01 real, 516 MB
[runlim] sample:		989.92 time, 990.01 real, 516 MB
[runlim] sample:		999.92 time, 1000.01 real, 516 MB
[runlim] sample:		1009.92 time, 1010.01 real, 516 MB
[runlim] sample:		1019.92 time, 1020.01 real, 516 MB
[runlim] sample:		1029.92 time, 1030.01 real, 516 MB
[runlim] sample:		1039.92 time, 1040.01 real, 516 MB
[runlim] sample:		1049.92 time, 1050.01 real, 517 MB
[runlim] sample:		1059.92 time, 1060.01 real, 517 MB
[runlim] sample:		1069.92 time, 1070.01 real, 517 MB
[runlim] sample:		1079.92 time, 1080.01 real, 518 MB
[runlim] sample:		1089.92 time, 1090.01 real, 518 MB
[runlim] sample:		1099.91 time, 1100.01 real, 518 MB
[runlim] sample:		1109.91 time, 1110.01 real, 518 MB
[runlim] sample:		1119.91 time, 1120.01 real, 518 MB
[runlim] sample:		1129.91 time, 1130.01 real, 518 MB
[runlim] sample:		1139.91 time, 1140.01 real, 518 MB
[runlim] sample:		1149.91 time, 1150.01 real, 519 MB
[runlim] sample:		1159.91 time, 1160.01 real, 519 MB
[runlim] sample:		1169.91 time, 1170.01 real, 519 MB
[runlim] sample:		1179.91 time, 1180.01 real, 519 MB
[runlim] sample:		1189.91 time, 1190.01 real, 520 MB
[runlim] sample:		1199.91 time, 1200.01 real, 520 MB
[runlim] sample:		1209.91 time, 1210.01 real, 520 MB
[runlim] sample:		1219.91 time, 1220.01 real, 520 MB
[runlim] sample:		1229.91 time, 1230.01 real, 520 MB
[runlim] sample:		1239.91 time, 1240.01 real, 520 MB
[runlim] sample:		1249.91 time, 1250.01 real, 521 MB
[runlim] sample:		1259.91 time, 1260.01 real, 521 MB
[runlim] sample:		1269.91 time, 1270.01 real, 521 MB
[runlim] sample:		1279.91 time, 1280.01 real, 521 MB
[runlim] sample:		1289.91 time, 1290.01 real, 521 MB
[runlim] sample:		1299.91 time, 1300.01 real, 521 MB
[runlim] sample:		1309.91 time, 1310.01 real, 522 MB
[runlim] sample:		1319.91 time, 1320.01 real, 522 MB
[runlim] sample:		1329.91 time, 1330.01 real, 522 MB
[runlim] sample:		1339.91 time, 1340.01 real, 522 MB
[runlim] sample:		1349.91 time, 1350.01 real, 522 MB
[runlim] sample:		1359.91 time, 1360.01 real, 522 MB
[runlim] sample:		1369.91 time, 1370.01 real, 522 MB
[runlim] sample:		1379.91 time, 1380.01 real, 522 MB
[runlim] sample:		1389.91 time, 1390.01 real, 522 MB
[runlim] sample:		1399.91 time, 1400.01 real, 522 MB
[runlim] sample:		1409.91 time, 1410.01 real, 522 MB
[runlim] sample:		1419.91 time, 1420.01 real, 522 MB
[runlim] sample:		1429.91 time, 1430.01 real, 522 MB
[runlim] sample:		1439.91 time, 1440.01 real, 523 MB
[runlim] sample:		1449.91 time, 1450.01 real, 523 MB
[runlim] sample:		1459.91 time, 1460.01 real, 524 MB
[runlim] sample:		1469.91 time, 1470.01 real, 524 MB
[runlim] sample:		1479.91 time, 1480.01 real, 524 MB
[runlim] sample:		1489.91 time, 1490.01 real, 524 MB
[runlim] sample:		1499.91 time, 1500.01 real, 524 MB
[runlim] sample:		1509.91 time, 1510.01 real, 524 MB
[runlim] sample:		1519.91 time, 1520.01 real, 524 MB
[runlim] sample:		1529.91 time, 1530.01 real, 524 MB
[runlim] sample:		1539.91 time, 1540.01 real, 524 MB
[runlim] sample:		1549.91 time, 1550.01 real, 524 MB
[runlim] sample:		1559.91 time, 1560.01 real, 524 MB
[runlim] sample:		1569.91 time, 1570.01 real, 524 MB
[runlim] sample:		1579.91 time, 1580.01 real, 526 MB
[runlim] sample:		1589.91 time, 1590.01 real, 526 MB
[runlim] sample:		1599.91 time, 1600.01 real, 526 MB
[runlim] sample:		1609.91 time, 1610.01 real, 526 MB
[runlim] sample:		1619.91 time, 1620.01 real, 526 MB
[runlim] sample:		1629.91 time, 1630.01 real, 526 MB
[runlim] sample:		1639.91 time, 1640.01 real, 526 MB
[runlim] sample:		1649.91 time, 1650.01 real, 526 MB
[runlim] sample:		1659.91 time, 1660.01 real, 526 MB
[runlim] sample:		1669.91 time, 1670.01 real, 527 MB
[runlim] sample:		1679.91 time, 1680.01 real, 527 MB
[runlim] sample:		1689.91 time, 1690.01 real, 527 MB
[runlim] sample:		1699.91 time, 1700.01 real, 527 MB
[runlim] sample:		1709.91 time, 1710.01 real, 527 MB
[runlim] sample:		1719.91 time, 1720.01 real, 528 MB
[runlim] sample:		1729.91 time, 1730.01 real, 528 MB
[runlim] sample:		1739.91 time, 1740.01 real, 528 MB
[runlim] sample:		1749.91 time, 1750.01 real, 528 MB
[runlim] sample:		1759.91 time, 1760.01 real, 528 MB
[runlim] sample:		1769.91 time, 1770.01 real, 528 MB
[runlim] sample:		1779.91 time, 1780.01 real, 528 MB
[runlim] sample:		1789.91 time, 1790.01 real, 528 MB
[runlim] sample:		1799.91 time, 1800.01 real, 528 MB
[runlim] sample:		1809.91 time, 1810.01 real, 528 MB
[runlim] sample:		1819.91 time, 1820.01 real, 528 MB
[runlim] sample:		1829.91 time, 1830.01 real, 528 MB
[runlim] sample:		1839.91 time, 1840.01 real, 528 MB
[runlim] sample:		1849.91 time, 1850.01 real, 529 MB
[runlim] sample:		1859.91 time, 1860.01 real, 529 MB
[runlim] sample:		1869.91 time, 1870.01 real, 529 MB
[runlim] sample:		1879.91 time, 1880.01 real, 529 MB
[runlim] sample:		1889.91 time, 1890.01 real, 529 MB
[runlim] sample:		1899.91 time, 1900.01 real, 529 MB
[runlim] sample:		1909.91 time, 1910.01 real, 530 MB
[runlim] sample:		1919.91 time, 1920.01 real, 531 MB
[runlim] sample:		1929.91 time, 1930.01 real, 531 MB
[runlim] sample:		1939.91 time, 1940.01 real, 531 MB
[runlim] sample:		1949.91 time, 1950.01 real, 531 MB
[runlim] sample:		1959.91 time, 1960.01 real, 531 MB
[runlim] sample:		1969.91 time, 1970.01 real, 531 MB
[runlim] sample:		1979.91 time, 1980.01 real, 531 MB
[runlim] sample:		1989.91 time, 1990.01 real, 531 MB
[runlim] sample:		1999.91 time, 2000.01 real, 531 MB
[runlim] sample:		2009.91 time, 2010.01 real, 531 MB
[runlim] sample:		2019.91 time, 2020.01 real, 531 MB
[runlim] sample:		2029.91 time, 2030.01 real, 531 MB
[runlim] sample:		2039.91 time, 2040.01 real, 531 MB
[runlim] sample:		2049.91 time, 2050.01 real, 532 MB
[runlim] sample:		2059.91 time, 2060.01 real, 532 MB
[runlim] sample:		2069.91 time, 2070.01 real, 532 MB
[runlim] sample:		2079.91 time, 2080.01 real, 533 MB
[runlim] sample:		2089.91 time, 2090.01 real, 533 MB
[runlim] sample:		2099.91 time, 2100.01 real, 533 MB
[runlim] sample:		2109.91 time, 2110.01 real, 533 MB
[runlim] sample:		2119.91 time, 2120.01 real, 533 MB
[runlim] sample:		2129.91 time, 2130.01 real, 533 MB
[runlim] sample:		2139.91 time, 2140.01 real, 533 MB
[runlim] sample:		2149.91 time, 2150.01 real, 533 MB
[runlim] sample:		2159.91 time, 2160.01 real, 535 MB
[runlim] sample:		2169.91 time, 2170.01 real, 535 MB
[runlim] sample:		2179.91 time, 2180.01 real, 535 MB
[runlim] sample:		2189.91 time, 2190.01 real, 535 MB
[runlim] sample:		2199.91 time, 2200.01 real, 535 MB
[runlim] sample:		2209.91 time, 2210.01 real, 535 MB
[runlim] sample:		2219.91 time, 2220.01 real, 535 MB
[runlim] sample:		2229.91 time, 2230.01 real, 535 MB
[runlim] sample:		2239.91 time, 2240.01 real, 536 MB
[runlim] sample:		2249.91 time, 2250.01 real, 537 MB
[runlim] sample:		2259.91 time, 2260.01 real, 537 MB
[runlim] sample:		2269.91 time, 2270.01 real, 537 MB
[runlim] sample:		2279.92 time, 2280.01 real, 541 MB
[runlim] sample:		2289.92 time, 2290.01 real, 541 MB
[runlim] sample:		2299.92 time, 2300.01 real, 541 MB
[runlim] sample:		2309.92 time, 2310.01 real, 541 MB
[runlim] sample:		2319.92 time, 2320.01 real, 541 MB
[runlim] sample:		2329.92 time, 2330.01 real, 541 MB
[runlim] sample:		2339.92 time, 2340.01 real, 541 MB
[runlim] sample:		2349.92 time, 2350.01 real, 541 MB
[runlim] sample:		2359.92 time, 2360.01 real, 541 MB
[runlim] sample:		2369.92 time, 2370.01 real, 541 MB
[runlim] sample:		2379.92 time, 2380.01 real, 541 MB
[runlim] sample:		2389.92 time, 2390.01 real, 541 MB
[runlim] sample:		2399.92 time, 2400.01 real, 541 MB
[runlim] sample:		2409.92 time, 2410.01 real, 541 MB
[runlim] sample:		2419.92 time, 2420.01 real, 541 MB
[runlim] sample:		2429.92 time, 2430.01 real, 541 MB
[runlim] sample:		2439.92 time, 2440.01 real, 541 MB
[runlim] sample:		2449.92 time, 2450.01 real, 541 MB
[runlim] sample:		2459.92 time, 2460.01 real, 541 MB
[runlim] sample:		2469.92 time, 2470.01 real, 541 MB
[runlim] sample:		2479.92 time, 2480.01 real, 541 MB
[runlim] sample:		2489.92 time, 2490.01 real, 541 MB
[runlim] sample:		2499.92 time, 2500.01 real, 541 MB
[runlim] sample:		2509.92 time, 2510.01 real, 541 MB
[runlim] sample:		2519.92 time, 2520.01 real, 541 MB
[runlim] sample:		2529.92 time, 2530.01 real, 541 MB
[runlim] sample:		2539.92 time, 2540.01 real, 541 MB
[runlim] sample:		2549.92 time, 2550.01 real, 541 MB
[runlim] sample:		2559.92 time, 2560.01 real, 541 MB
[runlim] sample:		2569.92 time, 2570.01 real, 541 MB
[runlim] sample:		2579.92 time, 2580.01 real, 541 MB
[runlim] sample:		2589.92 time, 2590.01 real, 541 MB
[runlim] sample:		2599.92 time, 2600.01 real, 541 MB
[runlim] sample:		2609.92 time, 2610.01 real, 541 MB
[runlim] sample:		2619.92 time, 2620.01 real, 541 MB
[runlim] sample:		2629.92 time, 2630.01 real, 541 MB
[runlim] sample:		2639.92 time, 2640.01 real, 541 MB
[runlim] sample:		2649.92 time, 2650.01 real, 541 MB
[runlim] sample:		2659.92 time, 2660.01 real, 541 MB
[runlim] sample:		2669.92 time, 2670.01 real, 541 MB
[runlim] sample:		2679.92 time, 2680.01 real, 541 MB
[runlim] sample:		2689.92 time, 2690.01 real, 541 MB
[runlim] sample:		2699.92 time, 2700.01 real, 541 MB
[runlim] sample:		2709.92 time, 2710.01 real, 541 MB
[runlim] sample:		2719.92 time, 2720.01 real, 541 MB
[runlim] sample:		2729.92 time, 2730.01 real, 541 MB
[runlim] sample:		2739.92 time, 2740.01 real, 541 MB
[runlim] sample:		2749.92 time, 2750.01 real, 541 MB
[runlim] sample:		2759.92 time, 2760.01 real, 541 MB
[runlim] sample:		2769.92 time, 2770.01 real, 541 MB
[runlim] sample:		2779.92 time, 2780.01 real, 541 MB
[runlim] sample:		2789.92 time, 2790.01 real, 541 MB
[runlim] sample:		2799.92 time, 2800.01 real, 542 MB
[runlim] sample:		2809.92 time, 2810.01 real, 542 MB
[runlim] sample:		2819.92 time, 2820.01 real, 542 MB
[runlim] sample:		2829.92 time, 2830.01 real, 542 MB
[runlim] sample:		2839.92 time, 2840.01 real, 542 MB
[runlim] sample:		2849.92 time, 2850.01 real, 542 MB
[runlim] sample:		2859.92 time, 2860.01 real, 542 MB
[runlim] sample:		2869.92 time, 2870.01 real, 542 MB
[runlim] sample:		2879.92 time, 2880.01 real, 542 MB
[runlim] sample:		2889.92 time, 2890.01 real, 542 MB
[runlim] sample:		2899.92 time, 2900.01 real, 543 MB
[runlim] sample:		2909.92 time, 2910.01 real, 544 MB
[runlim] sample:		2919.92 time, 2920.01 real, 544 MB
[runlim] sample:		2929.92 time, 2930.01 real, 545 MB
[runlim] sample:		2939.92 time, 2940.01 real, 545 MB
[runlim] sample:		2949.92 time, 2950.01 real, 545 MB
[runlim] sample:		2959.92 time, 2960.01 real, 545 MB
[runlim] sample:		2969.92 time, 2970.01 real, 545 MB
[runlim] sample:		2979.92 time, 2980.01 real, 545 MB
[runlim] sample:		2989.92 time, 2990.01 real, 545 MB
[runlim] sample:		2999.92 time, 3000.01 real, 546 MB
[runlim] sample:		3009.92 time, 3010.01 real, 546 MB
[runlim] sample:		3019.92 time, 3020.01 real, 546 MB
[runlim] sample:		3029.92 time, 3030.01 real, 547 MB
[runlim] sample:		3039.92 time, 3040.01 real, 547 MB
[runlim] sample:		3049.92 time, 3050.01 real, 547 MB
[runlim] sample:		3059.92 time, 3060.01 real, 547 MB
[runlim] sample:		3069.92 time, 3070.01 real, 547 MB
[runlim] sample:		3079.92 time, 3080.01 real, 547 MB
[runlim] sample:		3089.92 time, 3090.01 real, 547 MB
[runlim] sample:		3099.92 time, 3100.01 real, 547 MB
[runlim] sample:		3109.92 time, 3110.01 real, 547 MB
[runlim] sample:		3119.92 time, 3120.01 real, 547 MB
[runlim] sample:		3129.92 time, 3130.01 real, 547 MB
[runlim] sample:		3139.92 time, 3140.01 real, 547 MB
[runlim] sample:		3149.92 time, 3150.01 real, 548 MB
[runlim] sample:		3159.92 time, 3160.01 real, 548 MB
[runlim] sample:		3169.92 time, 3170.01 real, 548 MB
[runlim] sample:		3179.92 time, 3180.01 real, 548 MB
[runlim] sample:		3189.92 time, 3190.01 real, 548 MB
[runlim] sample:		3199.92 time, 3200.01 real, 548 MB
[runlim] sample:		3209.92 time, 3210.01 real, 548 MB
[runlim] sample:		3219.92 time, 3220.01 real, 548 MB
[runlim] sample:		3229.92 time, 3230.01 real, 548 MB
[runlim] sample:		3239.92 time, 3240.01 real, 548 MB
[runlim] sample:		3249.92 time, 3250.01 real, 548 MB
[runlim] sample:		3259.92 time, 3260.01 real, 548 MB
[runlim] sample:		3269.92 time, 3270.01 real, 548 MB
[runlim] sample:		3279.92 time, 3280.01 real, 548 MB
[runlim] sample:		3289.92 time, 3290.01 real, 548 MB
[runlim] sample:		3299.92 time, 3300.01 real, 548 MB
[runlim] sample:		3309.92 time, 3310.01 real, 548 MB
[runlim] sample:		3319.92 time, 3320.01 real, 548 MB
[runlim] sample:		3329.92 time, 3330.01 real, 548 MB
[runlim] sample:		3339.92 time, 3340.01 real, 548 MB
[runlim] sample:		3349.92 time, 3350.01 real, 548 MB
[runlim] sample:		3359.92 time, 3360.01 real, 548 MB
[runlim] sample:		3369.92 time, 3370.01 real, 548 MB
[runlim] sample:		3379.92 time, 3380.01 real, 548 MB
[runlim] sample:		3389.92 time, 3390.01 real, 548 MB
[runlim] sample:		3399.92 time, 3400.01 real, 549 MB
[runlim] sample:		3409.92 time, 3410.01 real, 549 MB
[runlim] sample:		3419.92 time, 3420.01 real, 549 MB
[runlim] sample:		3429.92 time, 3430.01 real, 549 MB
[runlim] sample:		3439.92 time, 3440.01 real, 549 MB
[runlim] sample:		3449.92 time, 3450.01 real, 549 MB
[runlim] sample:		3459.92 time, 3460.01 real, 549 MB
[runlim] sample:		3469.91 time, 3470.01 real, 550 MB
[runlim] sample:		3479.91 time, 3480.01 real, 550 MB
[runlim] sample:		3489.91 time, 3490.01 real, 550 MB
[runlim] sample:		3499.91 time, 3500.01 real, 552 MB
[runlim] sample:		3509.91 time, 3510.01 real, 552 MB
[runlim] sample:		3519.91 time, 3520.01 real, 552 MB
[runlim] sample:		3529.91 time, 3530.01 real, 552 MB
[runlim] sample:		3539.91 time, 3540.01 real, 552 MB
[runlim] sample:		3549.91 time, 3550.01 real, 552 MB
[runlim] sample:		3559.91 time, 3560.01 real, 552 MB
[runlim] sample:		3569.91 time, 3570.01 real, 552 MB
[runlim] sample:		3579.91 time, 3580.01 real, 552 MB
[runlim] sample:		3589.91 time, 3590.01 real, 552 MB
[runlim] sample:		3599.91 time, 3600.01 real, 552 MB
[runlim] sample:		3609.91 time, 3610.01 real, 552 MB
[runlim] sample:		3619.91 time, 3620.01 real, 552 MB
[runlim] sample:		3629.91 time, 3630.01 real, 552 MB
[runlim] sample:		3639.91 time, 3640.01 real, 552 MB
[runlim] sample:		3649.91 time, 3650.01 real, 552 MB
[runlim] sample:		3659.91 time, 3660.01 real, 552 MB
[runlim] sample:		3669.91 time, 3670.01 real, 552 MB
[runlim] sample:		3679.91 time, 3680.01 real, 552 MB
[runlim] sample:		3689.91 time, 3690.01 real, 552 MB
[runlim] sample:		3699.91 time, 3700.01 real, 552 MB
[runlim] sample:		3709.91 time, 3710.01 real, 552 MB
[runlim] sample:		3719.91 time, 3720.01 real, 552 MB
[runlim] sample:		3729.91 time, 3730.01 real, 552 MB
[runlim] sample:		3739.91 time, 3740.01 real, 552 MB
[runlim] sample:		3749.91 time, 3750.01 real, 552 MB
[runlim] sample:		3759.91 time, 3760.01 real, 552 MB
[runlim] sample:		3769.91 time, 3770.01 real, 552 MB
[runlim] sample:		3779.91 time, 3780.01 real, 552 MB
[runlim] sample:		3789.91 time, 3790.01 real, 552 MB
[runlim] sample:		3799.91 time, 3800.01 real, 552 MB
[runlim] sample:		3809.91 time, 3810.01 real, 552 MB
[runlim] sample:		3819.91 time, 3820.01 real, 552 MB
[runlim] sample:		3829.91 time, 3830.01 real, 552 MB
[runlim] sample:		3839.91 time, 3840.01 real, 552 MB
[runlim] sample:		3849.91 time, 3850.01 real, 552 MB
[runlim] sample:		3859.91 time, 3860.01 real, 552 MB
[runlim] sample:		3869.91 time, 3870.01 real, 552 MB
[runlim] sample:		3879.91 time, 3880.01 real, 553 MB
[runlim] sample:		3889.91 time, 3890.01 real, 555 MB
[runlim] sample:		3899.91 time, 3900.01 real, 555 MB
[runlim] sample:		3909.91 time, 3910.01 real, 555 MB
[runlim] sample:		3919.91 time, 3920.01 real, 555 MB
[runlim] sample:		3929.91 time, 3930.01 real, 555 MB
[runlim] sample:		3939.91 time, 3940.01 real, 555 MB
[runlim] sample:		3949.91 time, 3950.01 real, 555 MB
[runlim] sample:		3959.91 time, 3960.01 real, 555 MB
[runlim] sample:		3969.91 time, 3970.01 real, 555 MB
[runlim] sample:		3979.91 time, 3980.01 real, 555 MB
[runlim] sample:		3989.91 time, 3990.01 real, 555 MB
[runlim] sample:		3999.91 time, 4000.01 real, 555 MB
[runlim] sample:		4009.91 time, 4010.01 real, 555 MB
[runlim] sample:		4019.91 time, 4020.01 real, 555 MB
[runlim] sample:		4029.91 time, 4030.01 real, 556 MB
[runlim] sample:		4039.91 time, 4040.01 real, 556 MB
[runlim] sample:		4049.91 time, 4050.01 real, 556 MB
[runlim] sample:		4059.91 time, 4060.01 real, 557 MB
[runlim] sample:		4069.91 time, 4070.01 real, 557 MB
[runlim] sample:		4079.91 time, 4080.01 real, 557 MB
[runlim] sample:		4089.91 time, 4090.01 real, 557 MB
[runlim] sample:		4099.91 time, 4100.01 real, 557 MB
[runlim] sample:		4109.91 time, 4110.01 real, 557 MB
[runlim] sample:		4119.91 time, 4120.01 real, 557 MB
[runlim] sample:		4129.91 time, 4130.01 real, 557 MB
[runlim] sample:		4139.91 time, 4140.01 real, 557 MB
[runlim] sample:		4149.91 time, 4150.01 real, 558 MB
[runlim] sample:		4159.91 time, 4160.01 real, 558 MB
[runlim] sample:		4169.91 time, 4170.01 real, 558 MB
[runlim] sample:		4179.91 time, 4180.01 real, 558 MB
[runlim] sample:		4189.91 time, 4190.01 real, 558 MB
[runlim] sample:		4199.91 time, 4200.01 real, 558 MB
[runlim] sample:		4209.91 time, 4210.01 real, 559 MB
[runlim] sample:		4219.91 time, 4220.01 real, 559 MB
[runlim] sample:		4229.91 time, 4230.01 real, 559 MB
[runlim] sample:		4239.91 time, 4240.01 real, 559 MB
[runlim] sample:		4249.91 time, 4250.01 real, 560 MB
[runlim] sample:		4259.91 time, 4260.01 real, 560 MB
[runlim] sample:		4269.91 time, 4270.01 real, 560 MB
[runlim] sample:		4279.91 time, 4280.01 real, 560 MB
[runlim] sample:		4289.91 time, 4290.01 real, 560 MB
[runlim] sample:		4299.91 time, 4300.01 real, 560 MB
[runlim] sample:		4309.91 time, 4310.01 real, 560 MB
[runlim] sample:		4319.91 time, 4320.01 real, 560 MB
[runlim] sample:		4329.91 time, 4330.01 real, 560 MB
[runlim] sample:		4339.91 time, 4340.01 real, 560 MB
[runlim] sample:		4349.91 time, 4350.01 real, 560 MB
[runlim] sample:		4359.91 time, 4360.01 real, 560 MB
[runlim] sample:		4369.91 time, 4370.01 real, 560 MB
[runlim] sample:		4379.91 time, 4380.01 real, 560 MB
[runlim] sample:		4389.91 time, 4390.01 real, 560 MB
[runlim] sample:		4399.91 time, 4400.01 real, 560 MB
[runlim] sample:		4409.91 time, 4410.01 real, 561 MB
[runlim] sample:		4419.91 time, 4420.01 real, 561 MB
[runlim] sample:		4429.91 time, 4430.01 real, 562 MB
[runlim] sample:		4439.91 time, 4440.01 real, 562 MB
[runlim] sample:		4449.91 time, 4450.01 real, 562 MB
[runlim] sample:		4459.91 time, 4460.01 real, 563 MB
[runlim] sample:		4469.91 time, 4470.01 real, 563 MB
[runlim] sample:		4479.91 time, 4480.01 real, 563 MB
[runlim] sample:		4489.91 time, 4490.01 real, 563 MB
[runlim] sample:		4499.91 time, 4500.01 real, 563 MB
[runlim] sample:		4509.91 time, 4510.01 real, 563 MB
[runlim] sample:		4519.91 time, 4520.01 real, 563 MB
[runlim] sample:		4529.91 time, 4530.01 real, 563 MB
[runlim] sample:		4539.91 time, 4540.01 real, 563 MB
[runlim] sample:		4549.91 time, 4550.01 real, 563 MB
[runlim] sample:		4559.91 time, 4560.01 real, 563 MB
[runlim] sample:		4569.91 time, 4570.01 real, 563 MB
[runlim] sample:		4579.91 time, 4580.01 real, 563 MB
[runlim] sample:		4589.91 time, 4590.01 real, 563 MB
[runlim] sample:		4599.91 time, 4600.01 real, 563 MB
[runlim] sample:		4609.91 time, 4610.01 real, 563 MB
[runlim] sample:		4619.91 time, 4620.01 real, 563 MB
[runlim] sample:		4629.91 time, 4630.01 real, 563 MB
[runlim] sample:		4639.91 time, 4640.01 real, 563 MB
[runlim] sample:		4649.91 time, 4650.01 real, 563 MB
[runlim] sample:		4659.91 time, 4660.01 real, 563 MB
[runlim] sample:		4669.92 time, 4670.01 real, 563 MB
[runlim] sample:		4679.92 time, 4680.01 real, 563 MB
[runlim] sample:		4689.92 time, 4690.01 real, 565 MB
[runlim] sample:		4699.92 time, 4700.01 real, 565 MB
[runlim] sample:		4709.92 time, 4710.01 real, 565 MB
[runlim] sample:		4719.92 time, 4720.01 real, 565 MB
[runlim] sample:		4729.92 time, 4730.01 real, 565 MB
[runlim] sample:		4739.92 time, 4740.01 real, 565 MB
[runlim] sample:		4749.92 time, 4750.01 real, 566 MB
[runlim] sample:		4759.91 time, 4760.01 real, 571 MB
[runlim] sample:		4769.91 time, 4770.01 real, 571 MB
[runlim] sample:		4779.91 time, 4780.01 real, 571 MB
[runlim] sample:		4789.91 time, 4790.01 real, 571 MB
[runlim] sample:		4799.91 time, 4800.01 real, 571 MB
[runlim] sample:		4809.91 time, 4810.01 real, 571 MB
[runlim] sample:		4819.91 time, 4820.01 real, 571 MB
[runlim] sample:		4829.91 time, 4830.01 real, 571 MB
[runlim] sample:		4839.91 time, 4840.01 real, 571 MB
[runlim] sample:		4849.91 time, 4850.01 real, 575 MB
[runlim] sample:		4859.91 time, 4860.01 real, 575 MB
[runlim] sample:		4869.91 time, 4870.01 real, 575 MB
[runlim] sample:		4879.91 time, 4880.01 real, 575 MB
[runlim] sample:		4889.91 time, 4890.01 real, 575 MB
[runlim] sample:		4899.91 time, 4900.01 real, 575 MB
[runlim] sample:		4909.91 time, 4910.01 real, 575 MB
[runlim] sample:		4919.91 time, 4920.01 real, 575 MB
[runlim] sample:		4929.91 time, 4930.01 real, 575 MB
[runlim] sample:		4939.91 time, 4940.01 real, 575 MB
[runlim] sample:		4949.91 time, 4950.01 real, 575 MB
[runlim] sample:		4959.91 time, 4960.01 real, 575 MB
[runlim] sample:		4969.91 time, 4970.01 real, 575 MB
[runlim] sample:		4979.91 time, 4980.01 real, 575 MB
[runlim] sample:		4989.91 time, 4990.01 real, 575 MB
[runlim] sample:		4999.91 time, 5000.01 real, 575 MB
[runlim] sample:		5009.91 time, 5010.01 real, 575 MB
[runlim] sample:		5019.91 time, 5020.01 real, 575 MB
[runlim] sample:		5029.91 time, 5030.01 real, 575 MB
[runlim] sample:		5039.91 time, 5040.01 real, 575 MB
[runlim] sample:		5049.91 time, 5050.01 real, 575 MB
[runlim] sample:		5059.91 time, 5060.01 real, 575 MB
[runlim] sample:		5069.91 time, 5070.01 real, 575 MB
[runlim] sample:		5079.91 time, 5080.01 real, 575 MB
[runlim] sample:		5089.91 time, 5090.01 real, 575 MB
[runlim] sample:		5099.91 time, 5100.01 real, 575 MB
[runlim] sample:		5109.91 time, 5110.01 real, 575 MB
[runlim] sample:		5119.91 time, 5120.01 real, 575 MB
[runlim] sample:		5129.91 time, 5130.01 real, 575 MB
[runlim] sample:		5139.91 time, 5140.01 real, 575 MB
[runlim] sample:		5149.91 time, 5150.01 real, 575 MB
[runlim] sample:		5159.91 time, 5160.01 real, 575 MB
[runlim] sample:		5169.91 time, 5170.01 real, 575 MB
[runlim] sample:		5179.91 time, 5180.01 real, 575 MB
[runlim] sample:		5189.91 time, 5190.01 real, 575 MB
[runlim] sample:		5199.91 time, 5200.01 real, 575 MB
[runlim] sample:		5209.91 time, 5210.01 real, 575 MB
[runlim] sample:		5219.91 time, 5220.01 real, 575 MB
[runlim] sample:		5229.91 time, 5230.01 real, 575 MB
[runlim] sample:		5239.91 time, 5240.01 real, 575 MB
[runlim] sample:		5249.91 time, 5250.01 real, 575 MB
[runlim] sample:		5259.91 time, 5260.01 real, 575 MB
[runlim] sample:		5269.91 time, 5270.01 real, 575 MB
[runlim] sample:		5279.91 time, 5280.01 real, 575 MB
[runlim] sample:		5289.91 time, 5290.01 real, 575 MB
[runlim] sample:		5299.91 time, 5300.01 real, 575 MB
[runlim] sample:		5309.91 time, 5310.01 real, 575 MB
[runlim] sample:		5319.91 time, 5320.01 real, 575 MB
[runlim] sample:		5329.91 time, 5330.01 real, 575 MB
[runlim] sample:		5339.91 time, 5340.01 real, 575 MB
[runlim] sample:		5349.91 time, 5350.01 real, 575 MB
[runlim] sample:		5359.91 time, 5360.01 real, 575 MB
[runlim] sample:		5369.91 time, 5370.01 real, 575 MB
[runlim] sample:		5379.91 time, 5380.01 real, 575 MB
[runlim] sample:		5389.91 time, 5390.01 real, 575 MB
[runlim] sample:		5399.91 time, 5400.01 real, 575 MB
[runlim] sample:		5409.91 time, 5410.01 real, 575 MB
[runlim] sample:		5419.91 time, 5420.01 real, 575 MB
[runlim] sample:		5429.92 time, 5430.01 real, 575 MB
[runlim] sample:		5439.92 time, 5440.01 real, 575 MB
[runlim] sample:		5449.92 time, 5450.01 real, 575 MB
[runlim] sample:		5459.92 time, 5460.01 real, 575 MB
[runlim] sample:		5469.92 time, 5470.01 real, 575 MB
[runlim] sample:		5479.92 time, 5480.01 real, 575 MB
[runlim] sample:		5489.92 time, 5490.01 real, 575 MB
[runlim] sample:		5499.92 time, 5500.01 real, 575 MB
[runlim] sample:		5509.92 time, 5510.01 real, 575 MB
[runlim] sample:		5519.92 time, 5520.01 real, 575 MB
[runlim] sample:		5529.92 time, 5530.01 real, 575 MB
[runlim] sample:		5539.92 time, 5540.01 real, 575 MB
[runlim] sample:		5549.91 time, 5550.01 real, 575 MB
[runlim] sample:		5559.91 time, 5560.01 real, 575 MB
[runlim] sample:		5569.91 time, 5570.01 real, 575 MB
[runlim] sample:		5579.91 time, 5580.01 real, 575 MB
[runlim] sample:		5589.91 time, 5590.01 real, 575 MB
[runlim] sample:		5599.91 time, 5600.01 real, 575 MB
[runlim] sample:		5609.91 time, 5610.01 real, 575 MB
[runlim] sample:		5619.91 time, 5620.01 real, 575 MB
[runlim] sample:		5629.91 time, 5630.01 real, 575 MB
[runlim] sample:		5639.91 time, 5640.01 real, 575 MB
[runlim] sample:		5649.91 time, 5650.01 real, 575 MB
[runlim] sample:		5659.91 time, 5660.01 real, 575 MB
[runlim] sample:		5669.91 time, 5670.01 real, 575 MB
[runlim] sample:		5679.91 time, 5680.01 real, 575 MB
[runlim] sample:		5689.91 time, 5690.01 real, 575 MB
[runlim] sample:		5699.91 time, 5700.01 real, 575 MB
[runlim] sample:		5709.91 time, 5710.01 real, 575 MB
[runlim] sample:		5719.91 time, 5720.01 real, 575 MB
[runlim] sample:		5729.91 time, 5730.01 real, 575 MB
[runlim] sample:		5739.91 time, 5740.01 real, 575 MB
[runlim] sample:		5749.91 time, 5750.01 real, 576 MB
[runlim] sample:		5759.91 time, 5760.01 real, 576 MB
[runlim] sample:		5769.91 time, 5770.01 real, 576 MB
[runlim] sample:		5779.91 time, 5780.01 real, 576 MB
[runlim] sample:		5789.91 time, 5790.01 real, 576 MB
[runlim] sample:		5799.91 time, 5800.01 real, 576 MB
[runlim] sample:		5809.91 time, 5810.01 real, 576 MB
[runlim] sample:		5819.91 time, 5820.01 real, 576 MB
[runlim] sample:		5829.91 time, 5830.01 real, 576 MB
[runlim] sample:		5839.91 time, 5840.01 real, 576 MB
[runlim] sample:		5849.91 time, 5850.01 real, 576 MB
[runlim] sample:		5859.91 time, 5860.01 real, 576 MB
[runlim] sample:		5869.91 time, 5870.01 real, 576 MB
[runlim] sample:		5879.91 time, 5880.01 real, 577 MB
[runlim] sample:		5889.91 time, 5890.01 real, 577 MB
[runlim] sample:		5899.91 time, 5900.01 real, 577 MB
[runlim] sample:		5909.91 time, 5910.01 real, 580 MB
[runlim] sample:		5919.91 time, 5920.01 real, 580 MB
[runlim] sample:		5929.91 time, 5930.01 real, 581 MB
[runlim] sample:		5939.91 time, 5940.01 real, 581 MB
[runlim] sample:		5949.91 time, 5950.01 real, 581 MB
[runlim] sample:		5959.91 time, 5960.01 real, 581 MB
[runlim] sample:		5969.91 time, 5970.01 real, 581 MB
[runlim] sample:		5979.91 time, 5980.01 real, 581 MB
[runlim] sample:		5989.91 time, 5990.01 real, 581 MB
[runlim] sample:		5999.91 time, 6000.01 real, 581 MB
[runlim] sample:		6009.91 time, 6010.01 real, 581 MB
[runlim] sample:		6019.91 time, 6020.01 real, 581 MB
[runlim] sample:		6029.91 time, 6030.01 real, 581 MB
[runlim] sample:		6039.91 time, 6040.01 real, 581 MB
[runlim] sample:		6049.91 time, 6050.01 real, 581 MB
[runlim] sample:		6059.91 time, 6060.01 real, 581 MB
[runlim] sample:		6069.91 time, 6070.01 real, 581 MB
[runlim] sample:		6079.91 time, 6080.01 real, 581 MB
[runlim] sample:		6089.91 time, 6090.01 real, 581 MB
[runlim] sample:		6099.91 time, 6100.01 real, 581 MB
[runlim] sample:		6109.91 time, 6110.01 real, 581 MB
[runlim] sample:		6119.91 time, 6120.01 real, 581 MB
[runlim] sample:		6129.91 time, 6130.01 real, 581 MB
[runlim] sample:		6139.91 time, 6140.01 real, 581 MB
[runlim] sample:		6149.91 time, 6150.01 real, 581 MB
[runlim] sample:		6159.91 time, 6160.01 real, 581 MB
[runlim] sample:		6169.91 time, 6170.01 real, 581 MB
[runlim] sample:		6179.91 time, 6180.01 real, 581 MB
[runlim] sample:		6189.91 time, 6190.01 real, 581 MB
[runlim] sample:		6199.91 time, 6200.01 real, 582 MB
[runlim] sample:		6209.92 time, 6210.01 real, 585 MB
[runlim] sample:		6219.92 time, 6220.01 real, 585 MB
[runlim] sample:		6229.92 time, 6230.01 real, 586 MB
[runlim] sample:		6239.92 time, 6240.01 real, 586 MB
[runlim] sample:		6249.92 time, 6250.01 real, 586 MB
[runlim] sample:		6259.92 time, 6260.01 real, 586 MB
[runlim] sample:		6269.92 time, 6270.01 real, 586 MB
[runlim] sample:		6279.92 time, 6280.01 real, 586 MB
[runlim] sample:		6289.92 time, 6290.01 real, 586 MB
[runlim] sample:		6299.92 time, 6300.01 real, 586 MB
[runlim] sample:		6309.92 time, 6310.01 real, 586 MB
[runlim] sample:		6319.92 time, 6320.01 real, 586 MB
[runlim] sample:		6329.92 time, 6330.01 real, 586 MB
[runlim] sample:		6339.92 time, 6340.01 real, 586 MB
[runlim] sample:		6349.92 time, 6350.01 real, 586 MB
[runlim] sample:		6359.92 time, 6360.01 real, 586 MB
[runlim] sample:		6369.92 time, 6370.01 real, 586 MB
[runlim] sample:		6379.92 time, 6380.01 real, 586 MB
[runlim] sample:		6389.92 time, 6390.01 real, 586 MB
[runlim] sample:		6399.92 time, 6400.01 real, 586 MB
[runlim] sample:		6409.92 time, 6410.01 real, 586 MB
[runlim] sample:		6419.92 time, 6420.01 real, 586 MB
[runlim] sample:		6429.92 time, 6430.01 real, 586 MB
[runlim] sample:		6439.92 time, 6440.01 real, 586 MB
[runlim] sample:		6449.92 time, 6450.01 real, 586 MB
[runlim] sample:		6459.92 time, 6460.01 real, 586 MB
[runlim] sample:		6469.92 time, 6470.01 real, 586 MB
[runlim] sample:		6479.92 time, 6480.01 real, 586 MB
[runlim] sample:		6489.92 time, 6490.01 real, 586 MB
[runlim] sample:		6499.92 time, 6500.01 real, 586 MB
[runlim] sample:		6509.92 time, 6510.01 real, 586 MB
[runlim] sample:		6519.92 time, 6520.01 real, 586 MB
[runlim] sample:		6529.92 time, 6530.01 real, 586 MB
[runlim] sample:		6539.92 time, 6540.01 real, 586 MB
[runlim] sample:		6549.92 time, 6550.01 real, 586 MB
[runlim] sample:		6559.92 time, 6560.01 real, 586 MB
[runlim] sample:		6569.92 time, 6570.01 real, 586 MB
[runlim] sample:		6579.92 time, 6580.01 real, 586 MB
[runlim] sample:		6589.92 time, 6590.01 real, 586 MB
[runlim] sample:		6599.92 time, 6600.01 real, 586 MB
[runlim] sample:		6609.92 time, 6610.01 real, 586 MB
[runlim] sample:		6619.92 time, 6620.01 real, 586 MB
[runlim] sample:		6629.92 time, 6630.01 real, 586 MB
[runlim] sample:		6639.92 time, 6640.01 real, 586 MB
[runlim] sample:		6649.92 time, 6650.01 real, 586 MB
[runlim] sample:		6659.92 time, 6660.01 real, 586 MB
[runlim] sample:		6669.92 time, 6670.01 real, 586 MB
[runlim] sample:		6679.92 time, 6680.01 real, 586 MB
[runlim] sample:		6689.92 time, 6690.01 real, 586 MB
[runlim] sample:		6699.92 time, 6700.01 real, 586 MB
[runlim] sample:		6709.92 time, 6710.01 real, 586 MB
[runlim] sample:		6719.92 time, 6720.01 real, 586 MB
[runlim] sample:		6729.92 time, 6730.01 real, 586 MB
[runlim] sample:		6739.92 time, 6740.01 real, 586 MB
[runlim] sample:		6749.92 time, 6750.01 real, 586 MB
[runlim] sample:		6759.92 time, 6760.01 real, 586 MB
[runlim] sample:		6769.92 time, 6770.01 real, 586 MB
[runlim] sample:		6779.92 time, 6780.01 real, 586 MB
[runlim] sample:		6789.92 time, 6790.01 real, 586 MB
[runlim] sample:		6799.92 time, 6800.01 real, 586 MB
[runlim] sample:		6809.92 time, 6810.01 real, 586 MB
[runlim] sample:		6819.92 time, 6820.01 real, 586 MB
[runlim] sample:		6829.92 time, 6830.01 real, 586 MB
[runlim] sample:		6839.92 time, 6840.01 real, 586 MB
[runlim] sample:		6849.91 time, 6850.01 real, 586 MB
[runlim] sample:		6859.91 time, 6860.01 real, 586 MB
[runlim] sample:		6869.91 time, 6870.01 real, 586 MB
[runlim] sample:		6879.91 time, 6880.01 real, 586 MB
[runlim] sample:		6889.91 time, 6890.01 real, 586 MB
[runlim] sample:		6899.91 time, 6900.01 real, 586 MB
[runlim] sample:		6909.91 time, 6910.01 real, 586 MB
[runlim] sample:		6919.91 time, 6920.01 real, 586 MB
[runlim] sample:		6929.91 time, 6930.01 real, 586 MB
[runlim] sample:		6939.91 time, 6940.01 real, 586 MB
[runlim] sample:		6949.91 time, 6950.01 real, 586 MB
[runlim] sample:		6959.91 time, 6960.01 real, 598 MB
[runlim] sample:		6969.91 time, 6970.01 real, 598 MB
[runlim] sample:		6979.91 time, 6980.01 real, 598 MB
[runlim] sample:		6989.91 time, 6990.01 real, 598 MB
[runlim] sample:		6999.91 time, 7000.01 real, 598 MB
[runlim] sample:		7009.91 time, 7010.01 real, 598 MB
[runlim] sample:		7019.91 time, 7020.01 real, 598 MB
[runlim] sample:		7029.91 time, 7030.01 real, 598 MB
[runlim] sample:		7039.91 time, 7040.01 real, 598 MB
[runlim] sample:		7049.91 time, 7050.01 real, 598 MB
[runlim] sample:		7059.91 time, 7060.01 real, 598 MB
[runlim] sample:		7069.91 time, 7070.01 real, 598 MB
[runlim] sample:		7079.91 time, 7080.01 real, 598 MB
[runlim] sample:		7089.91 time, 7090.01 real, 598 MB
[runlim] sample:		7099.91 time, 7100.01 real, 598 MB
[runlim] sample:		7109.91 time, 7110.01 real, 598 MB
[runlim] sample:		7119.91 time, 7120.01 real, 598 MB
[runlim] sample:		7129.91 time, 7130.01 real, 598 MB
[runlim] sample:		7139.91 time, 7140.01 real, 598 MB
[runlim] sample:		7149.91 time, 7150.01 real, 598 MB
[runlim] sample:		7159.91 time, 7160.01 real, 598 MB
[runlim] sample:		7169.91 time, 7170.01 real, 598 MB
[runlim] sample:		7179.91 time, 7180.01 real, 598 MB
[runlim] sample:		7189.91 time, 7190.01 real, 598 MB
[runlim] sample:		7199.91 time, 7200.01 real, 598 MB
[runlim] sample:		7209.91 time, 7210.01 real, 598 MB
[runlim] sample:		7219.91 time, 7220.01 real, 598 MB
[runlim] sample:		7229.91 time, 7230.01 real, 598 MB
[runlim] sample:		7239.91 time, 7240.01 real, 598 MB
[runlim] sample:		7249.91 time, 7250.01 real, 598 MB
[runlim] sample:		7259.91 time, 7260.01 real, 598 MB
[runlim] sample:		7269.91 time, 7270.01 real, 598 MB
[runlim] sample:		7279.91 time, 7280.01 real, 598 MB
[runlim] sample:		7289.91 time, 7290.01 real, 598 MB
[runlim] sample:		7299.91 time, 7300.01 real, 598 MB
[runlim] sample:		7309.91 time, 7310.01 real, 598 MB
[runlim] sample:		7319.91 time, 7320.01 real, 598 MB
[runlim] sample:		7329.91 time, 7330.01 real, 601 MB
[runlim] sample:		7339.91 time, 7340.01 real, 601 MB
[runlim] sample:		7349.91 time, 7350.01 real, 601 MB
[runlim] sample:		7359.91 time, 7360.01 real, 601 MB
[runlim] sample:		7369.91 time, 7370.01 real, 601 MB
[runlim] sample:		7379.91 time, 7380.01 real, 601 MB
[runlim] sample:		7389.91 time, 7390.01 real, 601 MB
[runlim] sample:		7399.91 time, 7400.01 real, 601 MB
[runlim] sample:		7409.91 time, 7410.01 real, 601 MB
[runlim] sample:		7419.91 time, 7420.01 real, 601 MB
[runlim] sample:		7429.91 time, 7430.01 real, 601 MB
[runlim] sample:		7439.91 time, 7440.01 real, 601 MB
[runlim] sample:		7449.91 time, 7450.01 real, 601 MB
[runlim] sample:		7459.91 time, 7460.01 real, 601 MB
[runlim] sample:		7469.91 time, 7470.01 real, 601 MB
[runlim] sample:		7479.91 time, 7480.01 real, 601 MB
[runlim] sample:		7489.91 time, 7490.01 real, 601 MB
[runlim] sample:		7499.91 time, 7500.01 real, 601 MB
[runlim] sample:		7509.91 time, 7510.01 real, 601 MB
[runlim] sample:		7519.91 time, 7520.01 real, 601 MB
[runlim] sample:		7529.91 time, 7530.01 real, 601 MB
[runlim] sample:		7539.91 time, 7540.01 real, 602 MB
[runlim] sample:		7549.91 time, 7550.01 real, 602 MB
[runlim] sample:		7559.91 time, 7560.01 real, 602 MB
[runlim] sample:		7569.91 time, 7570.01 real, 602 MB
[runlim] sample:		7579.91 time, 7580.01 real, 602 MB
[runlim] sample:		7589.91 time, 7590.01 real, 602 MB
[runlim] sample:		7599.91 time, 7600.01 real, 602 MB
[runlim] sample:		7609.91 time, 7610.01 real, 602 MB
[runlim] sample:		7619.91 time, 7620.01 real, 602 MB
[runlim] sample:		7629.91 time, 7630.01 real, 602 MB
[runlim] sample:		7639.91 time, 7640.01 real, 602 MB
[runlim] sample:		7649.91 time, 7650.01 real, 602 MB
[runlim] sample:		7659.91 time, 7660.01 real, 602 MB
[runlim] sample:		7669.91 time, 7670.01 real, 602 MB
[runlim] sample:		7679.91 time, 7680.01 real, 602 MB
[runlim] sample:		7689.91 time, 7690.01 real, 602 MB
[runlim] sample:		7699.91 time, 7700.01 real, 602 MB
[runlim] sample:		7709.91 time, 7710.01 real, 602 MB
[runlim] sample:		7719.91 time, 7720.01 real, 602 MB
[runlim] sample:		7729.91 time, 7730.01 real, 602 MB
[runlim] sample:		7739.91 time, 7740.01 real, 602 MB
[runlim] sample:		7749.91 time, 7750.01 real, 602 MB
[runlim] sample:		7759.91 time, 7760.01 real, 602 MB
[runlim] sample:		7769.91 time, 7770.01 real, 602 MB
[runlim] sample:		7779.91 time, 7780.01 real, 602 MB
[runlim] sample:		7789.91 time, 7790.01 real, 602 MB
[runlim] sample:		7799.91 time, 7800.01 real, 602 MB
[runlim] sample:		7809.91 time, 7810.01 real, 602 MB
[runlim] sample:		7819.91 time, 7820.01 real, 602 MB
[runlim] sample:		7829.91 time, 7830.01 real, 602 MB
[runlim] sample:		7839.91 time, 7840.01 real, 602 MB
[runlim] sample:		7849.91 time, 7850.01 real, 602 MB
[runlim] sample:		7859.91 time, 7860.01 real, 602 MB
[runlim] sample:		7869.91 time, 7870.01 real, 602 MB
[runlim] sample:		7879.92 time, 7880.01 real, 605 MB
[runlim] sample:		7889.92 time, 7890.01 real, 609 MB
[runlim] sample:		7899.92 time, 7900.01 real, 610 MB
[runlim] sample:		7909.92 time, 7910.01 real, 610 MB
[runlim] sample:		7919.92 time, 7920.01 real, 610 MB
[runlim] sample:		7929.92 time, 7930.01 real, 611 MB
[runlim] sample:		7939.92 time, 7940.01 real, 611 MB
[runlim] sample:		7949.92 time, 7950.01 real, 611 MB
[runlim] sample:		7959.92 time, 7960.01 real, 611 MB
[runlim] sample:		7969.92 time, 7970.01 real, 611 MB
[runlim] sample:		7979.92 time, 7980.01 real, 611 MB
[runlim] sample:		7989.92 time, 7990.01 real, 612 MB
[runlim] sample:		7999.92 time, 8000.01 real, 612 MB
[runlim] sample:		8009.92 time, 8010.01 real, 612 MB
[runlim] sample:		8019.92 time, 8020.01 real, 612 MB
[runlim] sample:		8029.92 time, 8030.01 real, 612 MB
[runlim] sample:		8039.92 time, 8040.01 real, 612 MB
[runlim] sample:		8049.92 time, 8050.01 real, 612 MB
[runlim] sample:		8059.92 time, 8060.01 real, 612 MB
[runlim] sample:		8069.92 time, 8070.01 real, 612 MB
[runlim] sample:		8079.91 time, 8080.01 real, 613 MB
[runlim] sample:		8089.91 time, 8090.01 real, 613 MB
[runlim] sample:		8099.91 time, 8100.01 real, 613 MB
[runlim] sample:		8109.91 time, 8110.01 real, 613 MB
[runlim] sample:		8119.91 time, 8120.01 real, 613 MB
[runlim] sample:		8129.91 time, 8130.01 real, 613 MB
[runlim] sample:		8139.91 time, 8140.01 real, 613 MB
[runlim] sample:		8149.91 time, 8150.01 real, 613 MB
[runlim] sample:		8159.91 time, 8160.01 real, 613 MB
[runlim] sample:		8169.91 time, 8170.01 real, 613 MB
[runlim] sample:		8179.91 time, 8180.01 real, 613 MB
[runlim] sample:		8189.91 time, 8190.01 real, 613 MB
[runlim] sample:		8199.91 time, 8200.01 real, 613 MB
[runlim] sample:		8209.91 time, 8210.01 real, 613 MB
[runlim] sample:		8219.91 time, 8220.01 real, 613 MB
[runlim] sample:		8229.91 time, 8230.01 real, 614 MB
[runlim] sample:		8239.91 time, 8240.01 real, 614 MB
[runlim] sample:		8249.91 time, 8250.01 real, 614 MB
[runlim] sample:		8259.91 time, 8260.01 real, 614 MB
[runlim] sample:		8269.91 time, 8270.01 real, 614 MB
[runlim] sample:		8279.91 time, 8280.01 real, 614 MB
[runlim] sample:		8289.91 time, 8290.01 real, 614 MB
[runlim] sample:		8299.91 time, 8300.01 real, 614 MB
[runlim] sample:		8309.91 time, 8310.01 real, 614 MB
[runlim] sample:		8319.91 time, 8320.01 real, 614 MB
[runlim] sample:		8329.91 time, 8330.01 real, 614 MB
[runlim] sample:		8339.91 time, 8340.01 real, 614 MB
[runlim] sample:		8349.91 time, 8350.01 real, 614 MB
[runlim] sample:		8359.91 time, 8360.01 real, 614 MB
[runlim] sample:		8369.91 time, 8370.01 real, 614 MB
[runlim] sample:		8379.91 time, 8380.01 real, 614 MB
[runlim] sample:		8389.91 time, 8390.01 real, 614 MB
[runlim] sample:		8399.91 time, 8400.01 real, 614 MB
[runlim] sample:		8409.91 time, 8410.01 real, 614 MB
[runlim] sample:		8419.91 time, 8420.01 real, 614 MB
[runlim] sample:		8429.91 time, 8430.01 real, 614 MB
[runlim] sample:		8439.91 time, 8440.01 real, 614 MB
[runlim] sample:		8449.91 time, 8450.01 real, 614 MB
[runlim] sample:		8459.91 time, 8460.01 real, 614 MB
[runlim] sample:		8469.91 time, 8470.01 real, 614 MB
[runlim] sample:		8479.91 time, 8480.01 real, 614 MB
[runlim] sample:		8489.91 time, 8490.01 real, 614 MB
[runlim] sample:		8499.91 time, 8500.01 real, 614 MB
[runlim] sample:		8509.91 time, 8510.01 real, 614 MB
[runlim] sample:		8519.91 time, 8520.01 real, 614 MB
[runlim] sample:		8529.92 time, 8530.01 real, 614 MB
[runlim] sample:		8539.92 time, 8540.01 real, 614 MB
[runlim] sample:		8549.92 time, 8550.01 real, 614 MB
[runlim] sample:		8559.92 time, 8560.01 real, 614 MB
[runlim] sample:		8569.92 time, 8570.01 real, 614 MB
[runlim] sample:		8579.92 time, 8580.01 real, 614 MB
[runlim] sample:		8589.92 time, 8590.01 real, 614 MB
[runlim] sample:		8599.92 time, 8600.01 real, 614 MB
[runlim] sample:		8609.92 time, 8610.01 real, 614 MB
[runlim] sample:		8619.92 time, 8620.01 real, 614 MB
[runlim] sample:		8629.92 time, 8630.01 real, 614 MB
[runlim] sample:		8639.92 time, 8640.01 real, 614 MB
[runlim] sample:		8649.92 time, 8650.01 real, 614 MB
[runlim] sample:		8659.92 time, 8660.01 real, 614 MB
[runlim] sample:		8669.92 time, 8670.01 real, 614 MB
[runlim] sample:		8679.92 time, 8680.01 real, 614 MB
[runlim] sample:		8689.92 time, 8690.01 real, 614 MB
[runlim] sample:		8699.92 time, 8700.01 real, 614 MB
[runlim] sample:		8709.92 time, 8710.01 real, 614 MB
[runlim] sample:		8719.92 time, 8720.01 real, 614 MB
[runlim] sample:		8729.92 time, 8730.01 real, 614 MB
[runlim] sample:		8739.92 time, 8740.01 real, 614 MB
[runlim] sample:		8749.92 time, 8750.01 real, 614 MB
[runlim] sample:		8759.92 time, 8760.01 real, 615 MB
[runlim] sample:		8769.91 time, 8770.01 real, 615 MB
[runlim] sample:		8779.91 time, 8780.01 real, 615 MB
[runlim] sample:		8789.91 time, 8790.01 real, 615 MB
[runlim] sample:		8799.91 time, 8800.01 real, 615 MB
[runlim] sample:		8809.91 time, 8810.01 real, 615 MB
[runlim] sample:		8819.91 time, 8820.01 real, 615 MB
[runlim] sample:		8829.91 time, 8830.01 real, 615 MB
[runlim] sample:		8839.91 time, 8840.01 real, 615 MB
[runlim] sample:		8849.91 time, 8850.01 real, 615 MB
[runlim] sample:		8859.91 time, 8860.01 real, 615 MB
[runlim] sample:		8869.91 time, 8870.01 real, 615 MB
[runlim] sample:		8879.91 time, 8880.01 real, 615 MB
[runlim] sample:		8889.91 time, 8890.01 real, 615 MB
[runlim] sample:		8899.91 time, 8900.01 real, 615 MB
[runlim] sample:		8909.91 time, 8910.01 real, 615 MB
[runlim] sample:		8919.91 time, 8920.01 real, 615 MB
[runlim] sample:		8929.91 time, 8930.01 real, 615 MB
[runlim] sample:		8939.91 time, 8940.01 real, 615 MB
[runlim] sample:		8949.91 time, 8950.01 real, 615 MB
[runlim] sample:		8959.91 time, 8960.01 real, 615 MB
[runlim] sample:		8969.91 time, 8970.01 real, 615 MB
[runlim] sample:		8979.91 time, 8980.01 real, 615 MB
[runlim] sample:		8989.91 time, 8990.01 real, 615 MB
[runlim] sample:		8999.91 time, 9000.01 real, 615 MB
[runlim] sample:		9009.91 time, 9010.01 real, 616 MB
[runlim] sample:		9019.91 time, 9020.01 real, 616 MB
[runlim] sample:		9029.91 time, 9030.01 real, 616 MB
[runlim] sample:		9039.91 time, 9040.01 real, 616 MB
[runlim] sample:		9049.91 time, 9050.01 real, 616 MB
[runlim] sample:		9059.91 time, 9060.01 real, 616 MB
[runlim] sample:		9069.91 time, 9070.01 real, 616 MB
[runlim] sample:		9079.91 time, 9080.01 real, 616 MB
[runlim] sample:		9089.91 time, 9090.01 real, 616 MB
[runlim] sample:		9099.91 time, 9100.01 real, 616 MB
[runlim] sample:		9109.91 time, 9110.01 real, 616 MB
[runlim] sample:		9119.91 time, 9120.01 real, 616 MB
[runlim] sample:		9129.91 time, 9130.01 real, 616 MB
[runlim] sample:		9139.91 time, 9140.01 real, 616 MB
[runlim] sample:		9149.91 time, 9150.01 real, 616 MB
[runlim] sample:		9159.91 time, 9160.01 real, 616 MB
[runlim] sample:		9169.91 time, 9170.01 real, 616 MB
[runlim] sample:		9179.91 time, 9180.01 real, 616 MB
[runlim] sample:		9189.91 time, 9190.01 real, 616 MB
[runlim] sample:		9199.91 time, 9200.01 real, 616 MB
[runlim] sample:		9209.91 time, 9210.01 real, 616 MB
[runlim] sample:		9219.91 time, 9220.01 real, 616 MB
[runlim] sample:		9229.91 time, 9230.01 real, 616 MB
[runlim] sample:		9239.91 time, 9240.01 real, 616 MB
[runlim] sample:		9249.91 time, 9250.01 real, 620 MB
[runlim] sample:		9259.91 time, 9260.01 real, 620 MB
[runlim] sample:		9269.91 time, 9270.01 real, 620 MB
[runlim] sample:		9279.91 time, 9280.01 real, 620 MB
[runlim] sample:		9289.91 time, 9290.01 real, 620 MB
[runlim] sample:		9299.91 time, 9300.01 real, 620 MB
[runlim] sample:		9309.91 time, 9310.01 real, 620 MB
[runlim] sample:		9319.91 time, 9320.01 real, 620 MB
[runlim] sample:		9329.91 time, 9330.01 real, 620 MB
[runlim] sample:		9339.91 time, 9340.01 real, 620 MB
[runlim] sample:		9349.91 time, 9350.01 real, 620 MB
[runlim] sample:		9359.91 time, 9360.01 real, 620 MB
[runlim] sample:		9369.91 time, 9370.01 real, 620 MB
[runlim] sample:		9379.91 time, 9380.01 real, 620 MB
[runlim] sample:		9389.91 time, 9390.01 real, 620 MB
[runlim] sample:		9399.91 time, 9400.01 real, 620 MB
[runlim] sample:		9409.91 time, 9410.01 real, 620 MB
[runlim] sample:		9419.91 time, 9420.01 real, 620 MB
[runlim] sample:		9429.91 time, 9430.01 real, 620 MB
[runlim] sample:		9439.91 time, 9440.01 real, 620 MB
[runlim] sample:		9449.91 time, 9450.01 real, 620 MB
[runlim] sample:		9459.91 time, 9460.01 real, 620 MB
[runlim] sample:		9469.91 time, 9470.01 real, 620 MB
[runlim] sample:		9479.91 time, 9480.01 real, 620 MB
[runlim] sample:		9489.91 time, 9490.01 real, 620 MB
[runlim] sample:		9499.91 time, 9500.01 real, 620 MB
[runlim] sample:		9509.91 time, 9510.01 real, 620 MB
[runlim] sample:		9519.91 time, 9520.01 real, 620 MB
[runlim] sample:		9529.91 time, 9530.01 real, 620 MB
[runlim] sample:		9539.91 time, 9540.01 real, 620 MB
[runlim] sample:		9549.91 time, 9550.01 real, 620 MB
[runlim] sample:		9559.91 time, 9560.01 real, 620 MB
[runlim] sample:		9569.91 time, 9570.01 real, 621 MB
[runlim] sample:		9579.91 time, 9580.01 real, 621 MB
[runlim] sample:		9589.91 time, 9590.01 real, 621 MB
[runlim] sample:		9599.91 time, 9600.01 real, 621 MB
[runlim] sample:		9609.91 time, 9610.01 real, 621 MB
[runlim] sample:		9619.91 time, 9620.01 real, 621 MB
[runlim] sample:		9629.91 time, 9630.01 real, 621 MB
[runlim] sample:		9639.91 time, 9640.01 real, 621 MB
[runlim] sample:		9649.91 time, 9650.01 real, 621 MB
[runlim] sample:		9659.91 time, 9660.01 real, 621 MB
[runlim] sample:		9669.91 time, 9670.01 real, 622 MB
[runlim] sample:		9679.91 time, 9680.01 real, 622 MB
[runlim] sample:		9689.91 time, 9690.01 real, 622 MB
[runlim] sample:		9699.91 time, 9700.01 real, 622 MB
[runlim] sample:		9709.92 time, 9710.01 real, 622 MB
[runlim] sample:		9719.92 time, 9720.01 real, 622 MB
[runlim] sample:		9729.92 time, 9730.01 real, 622 MB
[runlim] sample:		9739.92 time, 9740.01 real, 622 MB
[runlim] sample:		9749.92 time, 9750.01 real, 622 MB
[runlim] sample:		9759.92 time, 9760.01 real, 622 MB
[runlim] sample:		9769.92 time, 9770.01 real, 622 MB
[runlim] sample:		9779.92 time, 9780.01 real, 622 MB
[runlim] sample:		9789.92 time, 9790.01 real, 622 MB
[runlim] sample:		9799.92 time, 9800.01 real, 622 MB
[runlim] sample:		9809.92 time, 9810.01 real, 623 MB
[runlim] sample:		9819.92 time, 9820.01 real, 625 MB
[runlim] sample:		9829.92 time, 9830.01 real, 625 MB
[runlim] sample:		9839.92 time, 9840.01 real, 625 MB
[runlim] sample:		9849.92 time, 9850.01 real, 626 MB
[runlim] sample:		9859.92 time, 9860.01 real, 626 MB
[runlim] sample:		9869.92 time, 9870.01 real, 626 MB
[runlim] sample:		9879.92 time, 9880.01 real, 626 MB
[runlim] sample:		9889.92 time, 9890.01 real, 626 MB
[runlim] sample:		9899.92 time, 9900.01 real, 626 MB
[runlim] sample:		9909.92 time, 9910.01 real, 626 MB
[runlim] sample:		9919.92 time, 9920.01 real, 626 MB
[runlim] sample:		9929.92 time, 9930.01 real, 626 MB
[runlim] sample:		9939.92 time, 9940.01 real, 626 MB
[runlim] sample:		9949.92 time, 9950.01 real, 626 MB
[runlim] sample:		9959.92 time, 9960.01 real, 626 MB
[runlim] sample:		9969.92 time, 9970.01 real, 626 MB
[runlim] sample:		9979.92 time, 9980.01 real, 626 MB
[runlim] sample:		9989.92 time, 9990.01 real, 626 MB
[runlim] sample:		9999.92 time, 10000.01 real, 626 MB
[runlim] sample:		10009.92 time, 10010.01 real, 626 MB
[runlim] sample:		10019.92 time, 10020.01 real, 626 MB
[runlim] sample:		10029.92 time, 10030.01 real, 626 MB
[runlim] sample:		10039.92 time, 10040.01 real, 626 MB
[runlim] sample:		10049.92 time, 10050.01 real, 626 MB
[runlim] sample:		10059.92 time, 10060.01 real, 626 MB
[runlim] sample:		10069.92 time, 10070.01 real, 626 MB
[runlim] sample:		10079.92 time, 10080.01 real, 626 MB
[runlim] sample:		10089.92 time, 10090.01 real, 626 MB
[runlim] sample:		10099.92 time, 10100.01 real, 626 MB
[runlim] sample:		10109.92 time, 10110.01 real, 626 MB
[runlim] sample:		10119.92 time, 10120.01 real, 626 MB
[runlim] sample:		10129.92 time, 10130.01 real, 626 MB
[runlim] sample:		10139.92 time, 10140.01 real, 626 MB
[runlim] sample:		10149.92 time, 10150.01 real, 626 MB
[runlim] sample:		10159.92 time, 10160.01 real, 626 MB
[runlim] sample:		10169.92 time, 10170.01 real, 626 MB
[runlim] sample:		10179.92 time, 10180.01 real, 626 MB
[runlim] sample:		10189.92 time, 10190.01 real, 626 MB
[runlim] sample:		10199.92 time, 10200.01 real, 626 MB
[runlim] sample:		10209.92 time, 10210.01 real, 626 MB
[runlim] sample:		10219.92 time, 10220.01 real, 626 MB
[runlim] sample:		10229.92 time, 10230.01 real, 626 MB
[runlim] sample:		10239.92 time, 10240.01 real, 626 MB
[runlim] sample:		10249.92 time, 10250.01 real, 626 MB
[runlim] sample:		10259.92 time, 10260.01 real, 626 MB
[runlim] sample:		10269.92 time, 10270.01 real, 626 MB
[runlim] sample:		10279.92 time, 10280.01 real, 626 MB
[runlim] sample:		10289.92 time, 10290.01 real, 626 MB
[runlim] sample:		10299.92 time, 10300.01 real, 626 MB
[runlim] sample:		10309.92 time, 10310.01 real, 626 MB
[runlim] sample:		10319.92 time, 10320.01 real, 626 MB
[runlim] sample:		10329.92 time, 10330.01 real, 627 MB
[runlim] sample:		10339.92 time, 10340.01 real, 627 MB
[runlim] sample:		10349.92 time, 10350.01 real, 627 MB
[runlim] sample:		10359.92 time, 10360.01 real, 627 MB
[runlim] sample:		10369.92 time, 10370.01 real, 627 MB
[runlim] sample:		10379.92 time, 10380.01 real, 627 MB
[runlim] sample:		10389.92 time, 10390.01 real, 627 MB
[runlim] sample:		10399.92 time, 10400.01 real, 627 MB
[runlim] sample:		10409.92 time, 10410.01 real, 627 MB
[runlim] sample:		10419.92 time, 10420.01 real, 627 MB
[runlim] sample:		10429.92 time, 10430.01 real, 627 MB
[runlim] sample:		10439.92 time, 10440.01 real, 627 MB
[runlim] sample:		10449.92 time, 10450.01 real, 627 MB
[runlim] sample:		10459.92 time, 10460.01 real, 627 MB
[runlim] sample:		10469.92 time, 10470.01 real, 628 MB
[runlim] sample:		10479.92 time, 10480.01 real, 628 MB
[runlim] sample:		10489.92 time, 10490.01 real, 628 MB
[runlim] sample:		10499.92 time, 10500.01 real, 628 MB
[runlim] sample:		10509.92 time, 10510.01 real, 628 MB
[runlim] sample:		10519.92 time, 10520.01 real, 628 MB
[runlim] sample:		10529.92 time, 10530.01 real, 633 MB
[runlim] sample:		10539.92 time, 10540.01 real, 635 MB
[runlim] sample:		10549.92 time, 10550.01 real, 635 MB
[runlim] sample:		10559.92 time, 10560.01 real, 635 MB
[runlim] sample:		10569.92 time, 10570.01 real, 635 MB
[runlim] sample:		10579.92 time, 10580.01 real, 635 MB
[runlim] sample:		10589.92 time, 10590.01 real, 635 MB
[runlim] sample:		10599.92 time, 10600.01 real, 635 MB
[runlim] sample:		10609.92 time, 10610.01 real, 635 MB
[runlim] sample:		10619.92 time, 10620.01 real, 635 MB
[runlim] sample:		10629.92 time, 10630.01 real, 635 MB
[runlim] sample:		10639.92 time, 10640.01 real, 635 MB
[runlim] sample:		10649.92 time, 10650.01 real, 635 MB
[runlim] sample:		10659.92 time, 10660.01 real, 635 MB
[runlim] sample:		10669.92 time, 10670.01 real, 635 MB
[runlim] sample:		10679.92 time, 10680.01 real, 635 MB
[runlim] sample:		10689.92 time, 10690.01 real, 635 MB
[runlim] sample:		10699.92 time, 10700.01 real, 635 MB
[runlim] sample:		10709.92 time, 10710.01 real, 636 MB
[runlim] sample:		10719.92 time, 10720.01 real, 636 MB
[runlim] sample:		10729.92 time, 10730.01 real, 636 MB
[runlim] sample:		10739.92 time, 10740.01 real, 636 MB
[runlim] sample:		10749.92 time, 10750.01 real, 636 MB
[runlim] sample:		10759.92 time, 10760.01 real, 636 MB
[runlim] sample:		10769.92 time, 10770.01 real, 636 MB
[runlim] sample:		10779.92 time, 10780.01 real, 636 MB
[runlim] sample:		10789.92 time, 10790.01 real, 636 MB
[runlim] sample:		10799.92 time, 10800.01 real, 636 MB
[runlim] sample:		10809.92 time, 10810.01 real, 636 MB
[runlim] sample:		10819.92 time, 10820.01 real, 636 MB
[runlim] sample:		10829.92 time, 10830.01 real, 636 MB
[runlim] sample:		10839.92 time, 10840.01 real, 636 MB
[runlim] sample:		10849.92 time, 10850.01 real, 636 MB
[runlim] sample:		10859.92 time, 10860.01 real, 636 MB
[runlim] sample:		10869.92 time, 10870.01 real, 636 MB
[runlim] sample:		10879.92 time, 10880.01 real, 636 MB
[runlim] sample:		10889.91 time, 10890.01 real, 636 MB
[runlim] sample:		10899.91 time, 10900.01 real, 636 MB
[runlim] sample:		10909.91 time, 10910.01 real, 636 MB
[runlim] sample:		10919.91 time, 10920.01 real, 636 MB
[runlim] sample:		10929.91 time, 10930.01 real, 636 MB
[runlim] sample:		10939.91 time, 10940.01 real, 636 MB
[runlim] sample:		10949.91 time, 10950.01 real, 636 MB
[runlim] sample:		10959.91 time, 10960.01 real, 636 MB
[runlim] sample:		10969.91 time, 10970.01 real, 636 MB
[runlim] sample:		10979.91 time, 10980.01 real, 636 MB
[runlim] sample:		10989.91 time, 10990.01 real, 636 MB
[runlim] sample:		10999.91 time, 11000.01 real, 636 MB
[runlim] sample:		11009.91 time, 11010.01 real, 642 MB
[runlim] sample:		11019.91 time, 11020.01 real, 643 MB
[runlim] sample:		11029.91 time, 11030.01 real, 643 MB
[runlim] sample:		11039.91 time, 11040.01 real, 643 MB
[runlim] sample:		11049.91 time, 11050.01 real, 643 MB
[runlim] sample:		11059.91 time, 11060.01 real, 643 MB
[runlim] sample:		11069.91 time, 11070.01 real, 643 MB
[runlim] sample:		11079.91 time, 11080.01 real, 643 MB
[runlim] sample:		11089.91 time, 11090.01 real, 643 MB
[runlim] sample:		11099.91 time, 11100.01 real, 643 MB
[runlim] sample:		11109.91 time, 11110.01 real, 643 MB
[runlim] sample:		11119.91 time, 11120.01 real, 643 MB
[runlim] sample:		11129.91 time, 11130.01 real, 643 MB
[runlim] sample:		11139.91 time, 11140.01 real, 643 MB
[runlim] sample:		11149.91 time, 11150.01 real, 643 MB
[runlim] sample:		11159.91 time, 11160.01 real, 643 MB
[runlim] sample:		11169.91 time, 11170.01 real, 643 MB
[runlim] sample:		11179.91 time, 11180.01 real, 643 MB
[runlim] sample:		11189.91 time, 11190.01 real, 643 MB
[runlim] sample:		11199.91 time, 11200.01 real, 643 MB
[runlim] sample:		11209.91 time, 11210.01 real, 643 MB
[runlim] sample:		11219.91 time, 11220.01 real, 643 MB
[runlim] sample:		11229.91 time, 11230.01 real, 643 MB
[runlim] sample:		11239.91 time, 11240.01 real, 643 MB
[runlim] sample:		11249.91 time, 11250.01 real, 643 MB
[runlim] sample:		11259.91 time, 11260.01 real, 643 MB
[runlim] sample:		11269.91 time, 11270.01 real, 643 MB
[runlim] sample:		11279.91 time, 11280.01 real, 643 MB
[runlim] sample:		11289.91 time, 11290.01 real, 643 MB
[runlim] sample:		11299.91 time, 11300.01 real, 643 MB
[runlim] sample:		11309.91 time, 11310.01 real, 643 MB
[runlim] sample:		11319.91 time, 11320.01 real, 643 MB
[runlim] sample:		11329.91 time, 11330.01 real, 643 MB
[runlim] sample:		11339.91 time, 11340.01 real, 643 MB
[runlim] sample:		11349.91 time, 11350.01 real, 643 MB
[runlim] sample:		11359.91 time, 11360.01 real, 643 MB
[runlim] sample:		11369.91 time, 11370.01 real, 643 MB
[runlim] sample:		11379.91 time, 11380.01 real, 643 MB
[runlim] sample:		11389.91 time, 11390.01 real, 643 MB
[runlim] sample:		11399.91 time, 11400.01 real, 643 MB
[runlim] sample:		11409.91 time, 11410.01 real, 643 MB
[runlim] sample:		11419.91 time, 11420.01 real, 643 MB
[runlim] sample:		11429.91 time, 11430.01 real, 643 MB
[runlim] sample:		11439.91 time, 11440.01 real, 643 MB
[runlim] sample:		11449.91 time, 11450.01 real, 643 MB
[runlim] sample:		11459.91 time, 11460.01 real, 643 MB
[runlim] sample:		11469.91 time, 11470.01 real, 643 MB
[runlim] sample:		11479.91 time, 11480.01 real, 643 MB
[runlim] sample:		11489.91 time, 11490.01 real, 643 MB
[runlim] sample:		11499.91 time, 11500.01 real, 643 MB
[runlim] sample:		11509.91 time, 11510.01 real, 643 MB
[runlim] sample:		11519.91 time, 11520.01 real, 643 MB
[runlim] sample:		11529.91 time, 11530.01 real, 643 MB
[runlim] sample:		11539.91 time, 11540.01 real, 643 MB
[runlim] sample:		11549.91 time, 11550.01 real, 643 MB
[runlim] sample:		11559.91 time, 11560.01 real, 643 MB
[runlim] sample:		11569.91 time, 11570.01 real, 643 MB
[runlim] sample:		11579.91 time, 11580.01 real, 643 MB
[runlim] sample:		11589.91 time, 11590.01 real, 643 MB
[runlim] sample:		11599.91 time, 11600.01 real, 643 MB
[runlim] sample:		11609.91 time, 11610.01 real, 643 MB
[runlim] sample:		11619.91 time, 11620.01 real, 643 MB
[runlim] sample:		11629.91 time, 11630.01 real, 643 MB
[runlim] sample:		11639.91 time, 11640.01 real, 643 MB
[runlim] sample:		11649.91 time, 11650.01 real, 643 MB
[runlim] sample:		11659.91 time, 11660.01 real, 643 MB
[runlim] sample:		11669.91 time, 11670.01 real, 643 MB
[runlim] sample:		11679.91 time, 11680.01 real, 643 MB
[runlim] sample:		11689.91 time, 11690.01 real, 643 MB
[runlim] sample:		11699.91 time, 11700.01 real, 643 MB
[runlim] sample:		11709.91 time, 11710.01 real, 643 MB
[runlim] sample:		11719.91 time, 11720.01 real, 643 MB
[runlim] sample:		11729.91 time, 11730.01 real, 643 MB
[runlim] sample:		11739.91 time, 11740.01 real, 643 MB
[runlim] sample:		11749.91 time, 11750.01 real, 643 MB
[runlim] sample:		11759.91 time, 11760.01 real, 643 MB
[runlim] sample:		11769.91 time, 11770.01 real, 643 MB
[runlim] sample:		11779.91 time, 11780.01 real, 643 MB
[runlim] sample:		11789.91 time, 11790.01 real, 643 MB
[runlim] sample:		11799.91 time, 11800.01 real, 643 MB
[runlim] sample:		11809.91 time, 11810.01 real, 643 MB
[runlim] sample:		11819.91 time, 11820.01 real, 643 MB
[runlim] sample:		11829.91 time, 11830.01 real, 643 MB
[runlim] sample:		11839.91 time, 11840.01 real, 643 MB
[runlim] sample:		11849.91 time, 11850.01 real, 643 MB
[runlim] sample:		11859.91 time, 11860.01 real, 643 MB
[runlim] sample:		11869.91 time, 11870.01 real, 643 MB
[runlim] sample:		11879.91 time, 11880.01 real, 643 MB
[runlim] sample:		11889.91 time, 11890.01 real, 643 MB
[runlim] sample:		11899.91 time, 11900.01 real, 643 MB
[runlim] sample:		11909.91 time, 11910.01 real, 643 MB
[runlim] sample:		11919.91 time, 11920.01 real, 643 MB
[runlim] sample:		11929.91 time, 11930.01 real, 643 MB
[runlim] sample:		11939.91 time, 11940.01 real, 643 MB
[runlim] sample:		11949.91 time, 11950.01 real, 643 MB
[runlim] sample:		11959.91 time, 11960.01 real, 643 MB
[runlim] sample:		11969.91 time, 11970.01 real, 643 MB
[runlim] sample:		11979.91 time, 11980.01 real, 643 MB
[runlim] sample:		11989.91 time, 11990.01 real, 643 MB
[runlim] sample:		11999.91 time, 12000.01 real, 643 MB
[runlim] sample:		12009.91 time, 12010.01 real, 643 MB
[runlim] sample:		12019.91 time, 12020.01 real, 643 MB
[runlim] sample:		12029.91 time, 12030.01 real, 643 MB
[runlim] sample:		12039.91 time, 12040.01 real, 643 MB
[runlim] sample:		12049.91 time, 12050.01 real, 643 MB
[runlim] sample:		12059.91 time, 12060.01 real, 643 MB
[runlim] sample:		12069.91 time, 12070.01 real, 643 MB
[runlim] sample:		12079.91 time, 12080.01 real, 643 MB
[runlim] sample:		12089.91 time, 12090.01 real, 643 MB
[runlim] sample:		12099.91 time, 12100.01 real, 643 MB
[runlim] sample:		12109.91 time, 12110.01 real, 643 MB
[runlim] sample:		12119.91 time, 12120.01 real, 643 MB
[runlim] sample:		12129.91 time, 12130.01 real, 643 MB
[runlim] sample:		12139.91 time, 12140.01 real, 643 MB
[runlim] sample:		12149.91 time, 12150.01 real, 643 MB
[runlim] sample:		12159.91 time, 12160.01 real, 643 MB
[runlim] sample:		12169.91 time, 12170.01 real, 643 MB
[runlim] sample:		12179.91 time, 12180.01 real, 643 MB
[runlim] sample:		12189.91 time, 12190.01 real, 643 MB
[runlim] sample:		12199.91 time, 12200.01 real, 643 MB
[runlim] sample:		12209.91 time, 12210.01 real, 643 MB
[runlim] sample:		12219.91 time, 12220.01 real, 643 MB
[runlim] sample:		12229.91 time, 12230.01 real, 643 MB
[runlim] sample:		12239.91 time, 12240.01 real, 643 MB
[runlim] sample:		12249.91 time, 12250.01 real, 643 MB
[runlim] sample:		12259.91 time, 12260.01 real, 644 MB
[runlim] sample:		12269.91 time, 12270.01 real, 644 MB
[runlim] sample:		12279.91 time, 12280.01 real, 649 MB
[runlim] sample:		12289.91 time, 12290.01 real, 649 MB
[runlim] sample:		12299.91 time, 12300.01 real, 649 MB
[runlim] sample:		12309.91 time, 12310.01 real, 649 MB
[runlim] sample:		12319.91 time, 12320.01 real, 649 MB
[runlim] sample:		12329.92 time, 12330.01 real, 649 MB
[runlim] sample:		12339.92 time, 12340.01 real, 649 MB
[runlim] sample:		12349.92 time, 12350.01 real, 649 MB
[runlim] sample:		12359.92 time, 12360.01 real, 649 MB
[runlim] sample:		12369.92 time, 12370.01 real, 649 MB
[runlim] sample:		12379.92 time, 12380.01 real, 649 MB
[runlim] sample:		12389.91 time, 12390.01 real, 662 MB
[runlim] sample:		12399.91 time, 12400.01 real, 666 MB
[runlim] sample:		12409.92 time, 12410.01 real, 668 MB
[runlim] sample:		12419.92 time, 12420.01 real, 668 MB
[runlim] sample:		12429.91 time, 12430.01 real, 668 MB
[runlim] sample:		12439.91 time, 12440.01 real, 668 MB
[runlim] sample:		12449.91 time, 12450.01 real, 668 MB
[runlim] sample:		12459.91 time, 12460.01 real, 668 MB
[runlim] sample:		12469.91 time, 12470.01 real, 668 MB
[runlim] sample:		12479.91 time, 12480.01 real, 668 MB
[runlim] sample:		12489.91 time, 12490.01 real, 668 MB
[runlim] sample:		12499.91 time, 12500.01 real, 668 MB
[runlim] sample:		12509.91 time, 12510.01 real, 668 MB
[runlim] sample:		12519.91 time, 12520.01 real, 668 MB
[runlim] sample:		12529.91 time, 12530.01 real, 668 MB
[runlim] sample:		12539.91 time, 12540.01 real, 668 MB
[runlim] sample:		12549.91 time, 12550.01 real, 668 MB
[runlim] sample:		12559.91 time, 12560.01 real, 668 MB
[runlim] sample:		12569.91 time, 12570.01 real, 668 MB
[runlim] sample:		12579.91 time, 12580.01 real, 668 MB
[runlim] sample:		12589.92 time, 12590.01 real, 668 MB
[runlim] sample:		12599.92 time, 12600.01 real, 668 MB
[runlim] sample:		12609.91 time, 12610.01 real, 668 MB
[runlim] sample:		12619.91 time, 12620.01 real, 668 MB
[runlim] sample:		12629.91 time, 12630.01 real, 668 MB
[runlim] sample:		12639.91 time, 12640.01 real, 668 MB
[runlim] sample:		12649.91 time, 12650.01 real, 668 MB
[runlim] sample:		12659.91 time, 12660.01 real, 668 MB
[runlim] sample:		12669.91 time, 12670.01 real, 668 MB
[runlim] sample:		12679.91 time, 12680.01 real, 668 MB
[runlim] sample:		12689.91 time, 12690.01 real, 668 MB
[runlim] sample:		12699.91 time, 12700.01 real, 668 MB
[runlim] sample:		12709.92 time, 12710.01 real, 668 MB
[runlim] sample:		12719.92 time, 12720.01 real, 668 MB
[runlim] sample:		12729.91 time, 12730.01 real, 668 MB
[runlim] sample:		12739.91 time, 12740.01 real, 668 MB
[runlim] sample:		12749.91 time, 12750.01 real, 668 MB
[runlim] sample:		12759.91 time, 12760.01 real, 668 MB
[runlim] sample:		12769.91 time, 12770.01 real, 668 MB
[runlim] sample:		12779.91 time, 12780.01 real, 668 MB
[runlim] sample:		12789.91 time, 12790.01 real, 668 MB
[runlim] sample:		12799.91 time, 12800.01 real, 668 MB
[runlim] sample:		12809.91 time, 12810.01 real, 668 MB
[runlim] sample:		12819.91 time, 12820.01 real, 668 MB
[runlim] sample:		12829.92 time, 12830.01 real, 668 MB
[runlim] sample:		12839.92 time, 12840.01 real, 668 MB
[runlim] sample:		12849.91 time, 12850.01 real, 668 MB
[runlim] sample:		12859.91 time, 12860.01 real, 668 MB
[runlim] sample:		12869.91 time, 12870.01 real, 668 MB
[runlim] sample:		12879.91 time, 12880.01 real, 668 MB
[runlim] sample:		12889.91 time, 12890.01 real, 668 MB
[runlim] sample:		12899.91 time, 12900.01 real, 668 MB
[runlim] sample:		12909.91 time, 12910.01 real, 668 MB
[runlim] sample:		12919.91 time, 12920.01 real, 668 MB
[runlim] sample:		12929.92 time, 12930.01 real, 668 MB
[runlim] sample:		12939.92 time, 12940.01 real, 668 MB
[runlim] sample:		12949.91 time, 12950.01 real, 669 MB
[runlim] sample:		12959.91 time, 12960.01 real, 669 MB
[runlim] sample:		12969.91 time, 12970.01 real, 669 MB
[runlim] sample:		12979.91 time, 12980.01 real, 669 MB
[runlim] sample:		12989.91 time, 12990.01 real, 669 MB
[runlim] sample:		12999.91 time, 13000.01 real, 669 MB
[runlim] sample:		13009.91 time, 13010.01 real, 669 MB
[runlim] sample:		13019.91 time, 13020.01 real, 669 MB
[runlim] sample:		13029.91 time, 13030.01 real, 669 MB
[runlim] sample:		13039.91 time, 13040.01 real, 669 MB
[runlim] sample:		13049.91 time, 13050.01 real, 669 MB
[runlim] sample:		13059.91 time, 13060.01 real, 669 MB
[runlim] sample:		13069.92 time, 13070.01 real, 669 MB
[runlim] sample:		13079.92 time, 13080.01 real, 669 MB
[runlim] sample:		13089.91 time, 13090.01 real, 669 MB
[runlim] sample:		13099.91 time, 13100.01 real, 669 MB
[runlim] sample:		13109.91 time, 13110.01 real, 669 MB
[runlim] sample:		13119.91 time, 13120.01 real, 669 MB
[runlim] sample:		13129.91 time, 13130.01 real, 669 MB
[runlim] sample:		13139.91 time, 13140.01 real, 669 MB
[runlim] sample:		13149.91 time, 13150.01 real, 669 MB
[runlim] sample:		13159.91 time, 13160.01 real, 669 MB
[runlim] sample:		13169.91 time, 13170.01 real, 669 MB
[runlim] sample:		13179.91 time, 13180.01 real, 669 MB
[runlim] sample:		13189.91 time, 13190.01 real, 669 MB
[runlim] sample:		13199.91 time, 13200.01 real, 669 MB
[runlim] sample:		13209.92 time, 13210.01 real, 669 MB
[runlim] sample:		13219.92 time, 13220.01 real, 669 MB
[runlim] sample:		13229.92 time, 13230.01 real, 669 MB
[runlim] sample:		13239.92 time, 13240.01 real, 669 MB
[runlim] sample:		13249.91 time, 13250.01 real, 669 MB
[runlim] sample:		13259.91 time, 13260.01 real, 669 MB
[runlim] sample:		13269.91 time, 13270.01 real, 669 MB
[runlim] sample:		13279.91 time, 13280.01 real, 669 MB
[runlim] sample:		13289.91 time, 13290.01 real, 669 MB
[runlim] sample:		13299.91 time, 13300.01 real, 669 MB
[runlim] sample:		13309.91 time, 13310.01 real, 669 MB
[runlim] sample:		13319.91 time, 13320.01 real, 669 MB
[runlim] sample:		13329.91 time, 13330.01 real, 669 MB
[runlim] sample:		13339.91 time, 13340.01 real, 669 MB
[runlim] sample:		13349.91 time, 13350.01 real, 669 MB
[runlim] sample:		13359.91 time, 13360.01 real, 669 MB
[runlim] sample:		13369.91 time, 13370.01 real, 669 MB
[runlim] sample:		13379.91 time, 13380.01 real, 669 MB
[runlim] sample:		13389.91 time, 13390.01 real, 669 MB
[runlim] sample:		13399.92 time, 13400.01 real, 669 MB
[runlim] sample:		13409.92 time, 13410.01 real, 669 MB
[runlim] sample:		13419.91 time, 13420.01 real, 669 MB
[runlim] sample:		13429.91 time, 13430.01 real, 669 MB
[runlim] sample:		13439.91 time, 13440.01 real, 669 MB
[runlim] sample:		13449.91 time, 13450.01 real, 669 MB
[runlim] sample:		13459.91 time, 13460.01 real, 669 MB
[runlim] sample:		13469.91 time, 13470.01 real, 669 MB
[runlim] sample:		13479.91 time, 13480.01 real, 669 MB
[runlim] sample:		13489.91 time, 13490.01 real, 669 MB
[runlim] sample:		13499.92 time, 13500.01 real, 669 MB
[runlim] sample:		13509.92 time, 13510.01 real, 669 MB
[runlim] sample:		13519.91 time, 13520.01 real, 669 MB
[runlim] sample:		13529.91 time, 13530.01 real, 669 MB
[runlim] sample:		13539.91 time, 13540.01 real, 669 MB
[runlim] sample:		13549.91 time, 13550.01 real, 669 MB
[runlim] sample:		13559.91 time, 13560.01 real, 669 MB
[runlim] sample:		13569.91 time, 13570.01 real, 669 MB
[runlim] sample:		13579.91 time, 13580.01 real, 669 MB
[runlim] sample:		13589.91 time, 13590.01 real, 669 MB
[runlim] sample:		13599.92 time, 13600.01 real, 669 MB
[runlim] sample:		13609.92 time, 13610.01 real, 669 MB
[runlim] sample:		13619.92 time, 13620.01 real, 669 MB
[runlim] sample:		13629.92 time, 13630.01 real, 669 MB
[runlim] sample:		13639.91 time, 13640.01 real, 669 MB
[runlim] sample:		13649.91 time, 13650.01 real, 669 MB
[runlim] sample:		13659.91 time, 13660.01 real, 669 MB
[runlim] sample:		13669.91 time, 13670.01 real, 669 MB
[runlim] sample:		13679.91 time, 13680.01 real, 669 MB
[runlim] sample:		13689.91 time, 13690.01 real, 669 MB
[runlim] sample:		13699.91 time, 13700.01 real, 669 MB
[runlim] sample:		13709.91 time, 13710.01 real, 669 MB
[runlim] sample:		13719.91 time, 13720.01 real, 669 MB
[runlim] sample:		13729.91 time, 13730.01 real, 669 MB
[runlim] sample:		13739.92 time, 13740.01 real, 669 MB
[runlim] sample:		13749.92 time, 13750.01 real, 669 MB
[runlim] sample:		13759.91 time, 13760.01 real, 669 MB
[runlim] sample:		13769.91 time, 13770.01 real, 669 MB
[runlim] sample:		13779.91 time, 13780.01 real, 669 MB
[runlim] sample:		13789.91 time, 13790.01 real, 669 MB
[runlim] sample:		13799.91 time, 13800.01 real, 669 MB
[runlim] sample:		13809.91 time, 13810.01 real, 669 MB
[runlim] sample:		13819.91 time, 13820.01 real, 669 MB
[runlim] sample:		13829.91 time, 13830.01 real, 669 MB
[runlim] sample:		13839.91 time, 13840.01 real, 669 MB
[runlim] sample:		13849.91 time, 13850.01 real, 669 MB
[runlim] sample:		13859.91 time, 13860.01 real, 669 MB
[runlim] sample:		13869.91 time, 13870.01 real, 669 MB
[runlim] sample:		13879.91 time, 13880.01 real, 669 MB
[runlim] sample:		13889.91 time, 13890.01 real, 669 MB
[runlim] sample:		13899.91 time, 13900.01 real, 669 MB
[runlim] sample:		13909.91 time, 13910.01 real, 669 MB
[runlim] sample:		13919.91 time, 13920.01 real, 669 MB
[runlim] sample:		13929.91 time, 13930.01 real, 669 MB
[runlim] sample:		13939.91 time, 13940.01 real, 669 MB
[runlim] sample:		13949.91 time, 13950.01 real, 669 MB
[runlim] sample:		13959.91 time, 13960.01 real, 669 MB
[runlim] sample:		13969.91 time, 13970.01 real, 669 MB
[runlim] sample:		13979.92 time, 13980.01 real, 669 MB
[runlim] sample:		13989.92 time, 13990.01 real, 669 MB
[runlim] sample:		13999.91 time, 14000.01 real, 669 MB
[runlim] sample:		14009.91 time, 14010.01 real, 669 MB
[runlim] sample:		14019.91 time, 14020.01 real, 669 MB
[runlim] sample:		14029.91 time, 14030.01 real, 669 MB
[runlim] sample:		14039.91 time, 14040.01 real, 669 MB
[runlim] sample:		14049.91 time, 14050.01 real, 669 MB
[runlim] sample:		14059.91 time, 14060.01 real, 669 MB
[runlim] sample:		14069.91 time, 14070.01 real, 669 MB
[runlim] sample:		14079.91 time, 14080.01 real, 669 MB
[runlim] sample:		14089.91 time, 14090.01 real, 669 MB
[runlim] sample:		14099.92 time, 14100.01 real, 669 MB
[runlim] sample:		14109.92 time, 14110.01 real, 669 MB
[runlim] sample:		14119.91 time, 14120.01 real, 669 MB
[runlim] sample:		14129.91 time, 14130.01 real, 669 MB
[runlim] sample:		14139.91 time, 14140.01 real, 669 MB
[runlim] sample:		14149.91 time, 14150.01 real, 669 MB
[runlim] sample:		14159.91 time, 14160.01 real, 669 MB
[runlim] sample:		14169.91 time, 14170.01 real, 669 MB
[runlim] sample:		14179.91 time, 14180.01 real, 669 MB
[runlim] sample:		14189.91 time, 14190.01 real, 669 MB
[runlim] sample:		14199.91 time, 14200.01 real, 669 MB
[runlim] sample:		14209.91 time, 14210.01 real, 669 MB
[runlim] sample:		14219.91 time, 14220.01 real, 669 MB
[runlim] sample:		14229.91 time, 14230.01 real, 669 MB
[runlim] sample:		14239.91 time, 14240.01 real, 669 MB
[runlim] sample:		14249.91 time, 14250.01 real, 669 MB
[runlim] sample:		14259.92 time, 14260.01 real, 669 MB
[runlim] sample:		14269.92 time, 14270.01 real, 669 MB
[runlim] sample:		14279.91 time, 14280.01 real, 669 MB
[runlim] sample:		14289.91 time, 14290.01 real, 669 MB
[runlim] sample:		14299.91 time, 14300.01 real, 669 MB
[runlim] sample:		14309.91 time, 14310.01 real, 669 MB
[runlim] sample:		14319.91 time, 14320.01 real, 669 MB
[runlim] sample:		14329.91 time, 14330.01 real, 669 MB
[runlim] sample:		14339.91 time, 14340.01 real, 669 MB
[runlim] sample:		14349.91 time, 14350.01 real, 669 MB
[runlim] sample:		14359.91 time, 14360.01 real, 670 MB
[runlim] sample:		14369.91 time, 14370.01 real, 670 MB
[runlim] sample:		14379.92 time, 14380.01 real, 670 MB
[runlim] sample:		14389.92 time, 14390.01 real, 670 MB
[runlim] sample:		14399.92 time, 14400.01 real, 670 MB
[runlim] sample:		14409.92 time, 14410.01 real, 670 MB
[runlim] sample:		14419.91 time, 14420.01 real, 670 MB
[runlim] sample:		14429.91 time, 14430.01 real, 670 MB
[runlim] sample:		14439.91 time, 14440.01 real, 670 MB
[runlim] sample:		14449.91 time, 14450.01 real, 670 MB
[runlim] sample:		14459.91 time, 14460.01 real, 670 MB
[runlim] sample:		14469.91 time, 14470.01 real, 670 MB
[runlim] sample:		14479.91 time, 14480.01 real, 670 MB
[runlim] sample:		14489.91 time, 14490.01 real, 670 MB
[runlim] sample:		14499.91 time, 14500.01 real, 670 MB
[runlim] sample:		14509.91 time, 14510.01 real, 670 MB
[runlim] sample:		14519.91 time, 14520.01 real, 670 MB
[runlim] sample:		14529.91 time, 14530.01 real, 670 MB
[runlim] sample:		14539.91 time, 14540.01 real, 670 MB
[runlim] sample:		14549.91 time, 14550.01 real, 670 MB
[runlim] sample:		14559.91 time, 14560.01 real, 670 MB
[runlim] sample:		14569.91 time, 14570.01 real, 670 MB
[runlim] sample:		14579.92 time, 14580.01 real, 670 MB
[runlim] sample:		14589.92 time, 14590.01 real, 670 MB
[runlim] sample:		14599.92 time, 14600.01 real, 670 MB
[runlim] sample:		14609.92 time, 14610.01 real, 670 MB
[runlim] sample:		14619.92 time, 14620.01 real, 670 MB
[runlim] sample:		14629.92 time, 14630.01 real, 670 MB
[runlim] sample:		14639.91 time, 14640.01 real, 670 MB
[runlim] sample:		14649.91 time, 14650.01 real, 670 MB
[runlim] sample:		14659.91 time, 14660.01 real, 670 MB
[runlim] sample:		14669.91 time, 14670.01 real, 670 MB
[runlim] sample:		14679.91 time, 14680.01 real, 670 MB
[runlim] sample:		14689.91 time, 14690.01 real, 670 MB
[runlim] sample:		14699.91 time, 14700.01 real, 670 MB
[runlim] sample:		14709.91 time, 14710.01 real, 670 MB
[runlim] sample:		14719.91 time, 14720.01 real, 670 MB
[runlim] sample:		14729.91 time, 14730.01 real, 670 MB
[runlim] sample:		14739.92 time, 14740.01 real, 670 MB
[runlim] sample:		14749.92 time, 14750.01 real, 670 MB
[runlim] sample:		14759.92 time, 14760.01 real, 670 MB
[runlim] sample:		14769.92 time, 14770.01 real, 670 MB
[runlim] sample:		14779.92 time, 14780.01 real, 670 MB
[runlim] sample:		14789.92 time, 14790.01 real, 670 MB
[runlim] sample:		14799.91 time, 14800.01 real, 670 MB
[runlim] sample:		14809.91 time, 14810.01 real, 670 MB
[runlim] sample:		14819.91 time, 14820.01 real, 670 MB
[runlim] sample:		14829.91 time, 14830.01 real, 670 MB
[runlim] sample:		14839.91 time, 14840.01 real, 670 MB
[runlim] sample:		14849.91 time, 14850.01 real, 670 MB
[runlim] sample:		14859.91 time, 14860.01 real, 670 MB
[runlim] sample:		14869.91 time, 14870.01 real, 670 MB
[runlim] sample:		14879.91 time, 14880.01 real, 670 MB
[runlim] sample:		14889.91 time, 14890.01 real, 670 MB
[runlim] sample:		14899.91 time, 14900.01 real, 670 MB
[runlim] sample:		14909.91 time, 14910.01 real, 670 MB
[runlim] sample:		14919.91 time, 14920.01 real, 670 MB
[runlim] sample:		14929.91 time, 14930.01 real, 670 MB
[runlim] sample:		14939.91 time, 14940.01 real, 670 MB
[runlim] sample:		14949.91 time, 14950.01 real, 670 MB
[runlim] sample:		14959.91 time, 14960.01 real, 670 MB
[runlim] sample:		14969.91 time, 14970.01 real, 670 MB
[runlim] sample:		14979.91 time, 14980.01 real, 670 MB
[runlim] sample:		14989.91 time, 14990.01 real, 670 MB
[runlim] sample:		14999.91 time, 15000.01 real, 670 MB
[runlim] sample:		15009.91 time, 15010.01 real, 670 MB
[runlim] sample:		15019.92 time, 15020.01 real, 670 MB
[runlim] sample:		15029.92 time, 15030.01 real, 670 MB
[runlim] sample:		15039.91 time, 15040.01 real, 670 MB
[runlim] sample:		15049.91 time, 15050.01 real, 670 MB
[runlim] sample:		15059.91 time, 15060.01 real, 670 MB
[runlim] sample:		15069.91 time, 15070.01 real, 670 MB
[runlim] sample:		15079.91 time, 15080.01 real, 670 MB
[runlim] sample:		15089.91 time, 15090.01 real, 670 MB
[runlim] sample:		15099.91 time, 15100.01 real, 670 MB
[runlim] sample:		15109.91 time, 15110.01 real, 670 MB
[runlim] sample:		15119.92 time, 15120.01 real, 670 MB
[runlim] sample:		15129.92 time, 15130.01 real, 670 MB
[runlim] sample:		15139.92 time, 15140.01 real, 670 MB
[runlim] sample:		15149.92 time, 15150.01 real, 670 MB
[runlim] sample:		15159.92 time, 15160.01 real, 670 MB
[runlim] sample:		15169.92 time, 15170.01 real, 670 MB
[runlim] sample:		15179.92 time, 15180.01 real, 670 MB
[runlim] sample:		15189.92 time, 15190.01 real, 670 MB
[runlim] sample:		15199.91 time, 15200.01 real, 670 MB
[runlim] sample:		15209.91 time, 15210.01 real, 670 MB
[runlim] sample:		15219.91 time, 15220.01 real, 670 MB
[runlim] sample:		15229.91 time, 15230.01 real, 670 MB
[runlim] sample:		15239.91 time, 15240.01 real, 670 MB
[runlim] sample:		15249.91 time, 15250.01 real, 670 MB
[runlim] sample:		15259.91 time, 15260.01 real, 670 MB
[runlim] sample:		15269.91 time, 15270.01 real, 670 MB
[runlim] sample:		15279.91 time, 15280.01 real, 670 MB
[runlim] sample:		15289.91 time, 15290.01 real, 670 MB
[runlim] sample:		15299.92 time, 15300.01 real, 670 MB
[runlim] sample:		15309.92 time, 15310.01 real, 670 MB
[runlim] sample:		15319.91 time, 15320.01 real, 670 MB
[runlim] sample:		15329.91 time, 15330.01 real, 670 MB
[runlim] sample:		15339.91 time, 15340.01 real, 670 MB
[runlim] sample:		15349.91 time, 15350.01 real, 670 MB
[runlim] sample:		15359.91 time, 15360.01 real, 670 MB
[runlim] sample:		15369.91 time, 15370.01 real, 670 MB
[runlim] sample:		15379.91 time, 15380.01 real, 670 MB
[runlim] sample:		15389.91 time, 15390.01 real, 670 MB
[runlim] sample:		15399.91 time, 15400.01 real, 670 MB
[runlim] sample:		15409.91 time, 15410.01 real, 670 MB
[runlim] sample:		15419.91 time, 15420.01 real, 670 MB
[runlim] sample:		15429.91 time, 15430.01 real, 670 MB
[runlim] sample:		15439.91 time, 15440.01 real, 670 MB
[runlim] sample:		15449.91 time, 15450.01 real, 670 MB
[runlim] sample:		15459.92 time, 15460.01 real, 670 MB
[runlim] sample:		15469.92 time, 15470.01 real, 670 MB
[runlim] sample:		15479.91 time, 15480.01 real, 670 MB
[runlim] sample:		15489.91 time, 15490.01 real, 670 MB
[runlim] sample:		15499.91 time, 15500.01 real, 670 MB
[runlim] sample:		15509.91 time, 15510.01 real, 670 MB
[runlim] sample:		15519.91 time, 15520.01 real, 670 MB
[runlim] sample:		15529.91 time, 15530.01 real, 670 MB
[runlim] sample:		15539.91 time, 15540.01 real, 670 MB
[runlim] sample:		15549.91 time, 15550.01 real, 670 MB
[runlim] sample:		15559.91 time, 15560.01 real, 670 MB
[runlim] sample:		15569.91 time, 15570.01 real, 670 MB
[runlim] sample:		15579.91 time, 15580.01 real, 670 MB
[runlim] sample:		15589.91 time, 15590.01 real, 674 MB
[runlim] sample:		15599.91 time, 15600.01 real, 674 MB
[runlim] sample:		15609.92 time, 15610.01 real, 674 MB
[runlim] sample:		15619.92 time, 15620.01 real, 674 MB
[runlim] sample:		15629.91 time, 15630.01 real, 674 MB
[runlim] sample:		15639.91 time, 15640.01 real, 674 MB
[runlim] sample:		15649.91 time, 15650.01 real, 674 MB
[runlim] sample:		15659.91 time, 15660.01 real, 675 MB
[runlim] sample:		15669.91 time, 15670.01 real, 675 MB
[runlim] sample:		15679.91 time, 15680.01 real, 675 MB
[runlim] sample:		15689.91 time, 15690.01 real, 675 MB
[runlim] sample:		15699.91 time, 15700.01 real, 675 MB
[runlim] sample:		15709.91 time, 15710.01 real, 675 MB
[runlim] sample:		15719.91 time, 15720.01 real, 675 MB
[runlim] sample:		15729.92 time, 15730.01 real, 675 MB
[runlim] sample:		15739.92 time, 15740.01 real, 675 MB
[runlim] sample:		15749.91 time, 15750.01 real, 675 MB
[runlim] sample:		15759.91 time, 15760.01 real, 675 MB
[runlim] sample:		15769.91 time, 15770.01 real, 675 MB
[runlim] sample:		15779.91 time, 15780.01 real, 675 MB
[runlim] sample:		15789.91 time, 15790.01 real, 675 MB
[runlim] sample:		15799.91 time, 15800.01 real, 675 MB
[runlim] sample:		15809.91 time, 15810.01 real, 675 MB
[runlim] sample:		15819.91 time, 15820.01 real, 675 MB
[runlim] sample:		15829.92 time, 15830.01 real, 675 MB
[runlim] sample:		15839.92 time, 15840.01 real, 675 MB
[runlim] sample:		15849.91 time, 15850.01 real, 675 MB
[runlim] sample:		15859.91 time, 15860.01 real, 675 MB
[runlim] sample:		15869.91 time, 15870.01 real, 675 MB
[runlim] sample:		15879.91 time, 15880.01 real, 675 MB
[runlim] sample:		15889.91 time, 15890.01 real, 675 MB
[runlim] sample:		15899.91 time, 15900.01 real, 675 MB
[runlim] sample:		15909.92 time, 15910.01 real, 675 MB
[runlim] sample:		15919.92 time, 15920.01 real, 675 MB
[runlim] sample:		15929.91 time, 15930.01 real, 675 MB
[runlim] sample:		15939.91 time, 15940.01 real, 675 MB
[runlim] sample:		15949.91 time, 15950.01 real, 675 MB
[runlim] sample:		15959.91 time, 15960.01 real, 675 MB
[runlim] sample:		15969.91 time, 15970.01 real, 675 MB
[runlim] sample:		15979.91 time, 15980.01 real, 675 MB
[runlim] sample:		15989.91 time, 15990.01 real, 675 MB
[runlim] sample:		15999.91 time, 16000.01 real, 675 MB
[runlim] sample:		16009.91 time, 16010.01 real, 675 MB
[runlim] sample:		16019.91 time, 16020.01 real, 679 MB
[runlim] sample:		16029.91 time, 16030.01 real, 679 MB
[runlim] sample:		16039.91 time, 16040.01 real, 680 MB
[runlim] sample:		16049.91 time, 16050.01 real, 680 MB
[runlim] sample:		16059.91 time, 16060.01 real, 680 MB
[runlim] sample:		16069.92 time, 16070.01 real, 680 MB
[runlim] sample:		16079.92 time, 16080.01 real, 680 MB
[runlim] sample:		16089.91 time, 16090.01 real, 680 MB
[runlim] sample:		16099.91 time, 16100.01 real, 680 MB
[runlim] sample:		16109.91 time, 16110.01 real, 680 MB
[runlim] sample:		16119.91 time, 16120.01 real, 680 MB
[runlim] sample:		16129.91 time, 16130.01 real, 680 MB
[runlim] sample:		16139.91 time, 16140.01 real, 680 MB
[runlim] sample:		16149.91 time, 16150.01 real, 680 MB
[runlim] sample:		16159.91 time, 16160.01 real, 680 MB
[runlim] sample:		16169.92 time, 16170.01 real, 680 MB
[runlim] sample:		16179.92 time, 16180.01 real, 680 MB
[runlim] sample:		16189.91 time, 16190.01 real, 680 MB
[runlim] sample:		16199.91 time, 16200.01 real, 680 MB
[runlim] sample:		16209.91 time, 16210.01 real, 680 MB
[runlim] sample:		16219.91 time, 16220.01 real, 680 MB
[runlim] sample:		16229.91 time, 16230.01 real, 680 MB
[runlim] sample:		16239.91 time, 16240.01 real, 680 MB
[runlim] sample:		16249.91 time, 16250.01 real, 680 MB
[runlim] sample:		16259.91 time, 16260.01 real, 680 MB
[runlim] sample:		16269.91 time, 16270.01 real, 680 MB
[runlim] sample:		16279.91 time, 16280.01 real, 680 MB
[runlim] sample:		16289.92 time, 16290.01 real, 680 MB
[runlim] sample:		16299.92 time, 16300.01 real, 680 MB
[runlim] sample:		16309.91 time, 16310.01 real, 680 MB
[runlim] sample:		16319.91 time, 16320.01 real, 680 MB
[runlim] sample:		16329.91 time, 16330.01 real, 680 MB
[runlim] sample:		16339.91 time, 16340.01 real, 680 MB
[runlim] sample:		16349.91 time, 16350.01 real, 680 MB
[runlim] sample:		16359.91 time, 16360.01 real, 680 MB
[runlim] sample:		16369.91 time, 16370.01 real, 680 MB
[runlim] sample:		16379.91 time, 16380.01 real, 680 MB
[runlim] sample:		16389.92 time, 16390.01 real, 680 MB
[runlim] sample:		16399.92 time, 16400.01 real, 680 MB
[runlim] sample:		16409.91 time, 16410.01 real, 680 MB
[runlim] sample:		16419.91 time, 16420.01 real, 680 MB
[runlim] sample:		16429.91 time, 16430.01 real, 680 MB
[runlim] sample:		16439.91 time, 16440.01 real, 680 MB
[runlim] sample:		16449.91 time, 16450.01 real, 680 MB
[runlim] sample:		16459.91 time, 16460.01 real, 680 MB
[runlim] sample:		16469.91 time, 16470.01 real, 680 MB
[runlim] sample:		16479.91 time, 16480.01 real, 680 MB
[runlim] sample:		16489.92 time, 16490.01 real, 680 MB
[runlim] sample:		16499.92 time, 16500.01 real, 680 MB
[runlim] sample:		16509.92 time, 16510.01 real, 680 MB
[runlim] sample:		16519.92 time, 16520.01 real, 680 MB
[runlim] sample:		16529.91 time, 16530.01 real, 680 MB
[runlim] sample:		16539.91 time, 16540.01 real, 680 MB
[runlim] sample:		16549.91 time, 16550.01 real, 680 MB
[runlim] sample:		16559.91 time, 16560.01 real, 680 MB
[runlim] sample:		16569.91 time, 16570.01 real, 680 MB
[runlim] sample:		16579.91 time, 16580.01 real, 680 MB
[runlim] sample:		16589.91 time, 16590.01 real, 680 MB
[runlim] sample:		16599.91 time, 16600.01 real, 680 MB
[runlim] sample:		16609.92 time, 16610.01 real, 680 MB
[runlim] sample:		16619.92 time, 16620.01 real, 680 MB
[runlim] sample:		16629.91 time, 16630.01 real, 680 MB
[runlim] sample:		16639.91 time, 16640.01 real, 680 MB
[runlim] sample:		16649.91 time, 16650.01 real, 680 MB
[runlim] sample:		16659.91 time, 16660.01 real, 680 MB
[runlim] sample:		16669.91 time, 16670.01 real, 680 MB
[runlim] sample:		16679.91 time, 16680.01 real, 680 MB
[runlim] sample:		16689.91 time, 16690.01 real, 680 MB
[runlim] sample:		16699.91 time, 16700.01 real, 680 MB
[runlim] sample:		16709.92 time, 16710.01 real, 680 MB
[runlim] sample:		16719.92 time, 16720.01 real, 680 MB
[runlim] sample:		16729.91 time, 16730.01 real, 680 MB
[runlim] sample:		16739.91 time, 16740.01 real, 680 MB
[runlim] sample:		16749.91 time, 16750.01 real, 680 MB
[runlim] sample:		16759.91 time, 16760.01 real, 680 MB
[runlim] sample:		16769.91 time, 16770.01 real, 680 MB
[runlim] sample:		16779.91 time, 16780.01 real, 680 MB
[runlim] sample:		16789.91 time, 16790.01 real, 680 MB
[runlim] sample:		16799.91 time, 16800.01 real, 680 MB
[runlim] sample:		16809.91 time, 16810.01 real, 680 MB
[runlim] sample:		16819.91 time, 16820.01 real, 680 MB
[runlim] sample:		16829.92 time, 16830.01 real, 680 MB
[runlim] sample:		16839.92 time, 16840.01 real, 680 MB
[runlim] sample:		16849.92 time, 16850.01 real, 680 MB
[runlim] sample:		16859.92 time, 16860.01 real, 680 MB
[runlim] sample:		16869.91 time, 16870.01 real, 680 MB
[runlim] sample:		16879.91 time, 16880.01 real, 680 MB
[runlim] sample:		16889.91 time, 16890.01 real, 680 MB
[runlim] sample:		16899.91 time, 16900.01 real, 680 MB
[runlim] sample:		16909.91 time, 16910.01 real, 680 MB
[runlim] sample:		16919.91 time, 16920.01 real, 680 MB
