[runlim] version:		1.21
[runlim] host:			c3n11
[runlim] time limit:		86400 seconds
[runlim] real time limit:	86400 seconds
[runlim] space limit:		8000 MB
[runlim] argv[0]:		concubine
[runlim] argv[1]:		solve
[runlim] argv[2]:		-v
[runlim] argv[3]:		-s
[runlim] argv[4]:		z3
[runlim] argv[5]:		-e
[runlim] argv[6]:		smtlib-relational
[runlim] argv[7]:		-m
[runlim] argv[8]:		init.mmap
[runlim] argv[9]:		-o
[runlim] argv[10]:		z3-relational
[runlim] argv[11]:		85
[runlim] argv[12]:		count_stat.buggy.0.asm
[runlim] argv[13]:		count_stat.buggy.1.asm
[runlim] argv[14]:		count_stat.buggy.2.asm
[runlim] argv[15]:		count_stat.buggy.3.asm
[runlim] argv[16]:		count_stat.checker.asm
[runlim] start:			Tue Dec  1 16:38:26 2020
[runlim] child:			7000
[runlim] sample:		10.00 time, 10.01 real, 42 MB
[runlim] sample:		20.00 time, 20.01 real, 42 MB
[runlim] sample:		30.00 time, 30.01 real, 42 MB
[runlim] sample:		40.00 time, 40.01 real, 42 MB
[runlim] sample:		50.00 time, 50.01 real, 42 MB
[runlim] sample:		60.00 time, 60.01 real, 42 MB
[runlim] sample:		70.00 time, 70.01 real, 42 MB
[runlim] sample:		80.00 time, 80.01 real, 42 MB
[runlim] sample:		90.00 time, 90.01 real, 42 MB
[runlim] sample:		99.99 time, 100.01 real, 44 MB
[runlim] sample:		109.99 time, 110.01 real, 44 MB
[runlim] sample:		119.99 time, 120.01 real, 44 MB
[runlim] sample:		129.99 time, 130.01 real, 44 MB
[runlim] sample:		139.99 time, 140.01 real, 44 MB
[runlim] sample:		149.99 time, 150.01 real, 44 MB
[runlim] sample:		159.99 time, 160.01 real, 44 MB
[runlim] sample:		169.99 time, 170.01 real, 44 MB
[runlim] sample:		179.99 time, 180.01 real, 106 MB
[runlim] sample:		189.99 time, 190.01 real, 109 MB
[runlim] sample:		200.00 time, 200.01 real, 111 MB
[runlim] sample:		210.00 time, 210.01 real, 113 MB
[runlim] sample:		219.99 time, 220.01 real, 118 MB
[runlim] sample:		229.99 time, 230.01 real, 118 MB
[runlim] sample:		239.99 time, 240.01 real, 120 MB
