count.buggy.0.asm
count.buggy.1.asm
count.checker.asm
. boolector-functional.mmap
# tid	pc	cmd	arg	accu	mem	adr	val	full	heap
1	inc	LOAD	0	0	0	0	0	0	{}	# 0
1	1	ADDI	1	0	0	0	0	0	{}	# 1
0	inc	LOAD	0	0	0	0	0	0	{}	# 2
1	2	STORE	0	1	0	0	0	0	{}	# 3
1	3	LOAD	11	1	0	0	1	1	{}	# 4
0	1	ADDI	1	0	0	0	0	0	{}	# 5
1	4	FLUSH	-	3	0	0	1	1	{}	# 6
0	2	STORE	0	1	0	0	0	0	{(0,1)}	# 7
1	4	SUBI	1	3	0	0	1	0	{}	# 8
0	3	LOAD	10	1	0	0	1	1	{}	# 9
0	4	FLUSH	-	3	0	0	1	1	{}	# 10
0	4	SUBI	1	3	0	0	1	0	{(0,1)}	# 11
0	5	STORE	10	2	0	0	1	0	{}	# 12
0	6	FLUSH	-	2	0	10	2	1	{}	# 13
0	6	JNZ	inc	2	0	10	2	0	{(10,2)}	# 14
1	5	STORE	11	2	0	0	1	0	{}	# 15
0	inc	LOAD	0	2	0	10	2	0	{}	# 16
0	1	ADDI	1	1	0	10	2	0	{}	# 17
1	6	FLUSH	-	2	0	11	2	1	{}	# 18
0	2	STORE	0	2	0	10	2	0	{(11,2)}	# 19
0	3	LOAD	10	2	0	0	2	1	{}	# 20
2	0	CHECK	0	0	0	0	0	0	{}	# 21
1	6	JNZ	inc	2	0	11	2	0	{}	# 22
1	inc	LOAD	0	2	0	11	2	0	{}	# 23
1	1	ADDI	1	1	0	11	2	0	{}	# 24
1	2	STORE	0	2	0	11	2	0	{}	# 25
0	4	FLUSH	-	2	0	0	2	1	{}	# 26
1	3	FLUSH	-	2	0	0	2	1	{(0,2)}	# 27
0	4	SUBI	1	2	0	0	2	0	{(0,2)}	# 28
0	5	STORE	10	1	0	0	2	0	{}	# 29
0	6	FLUSH	-	1	0	10	1	1	{}	# 30
1	3	LOAD	11	2	0	0	2	0	{(10,1)}	# 31
1	4	SUBI	1	2	0	0	2	0	{}	# 32
1	5	STORE	11	1	0	0	2	0	{}	# 33
1	6	FLUSH	-	1	0	11	1	1	{}	# 34
0	6	JNZ	inc	1	0	10	1	0	{(11,1)}	# 35
1	6	JNZ	inc	1	0	11	1	0	{}	# 36
1	inc	LOAD	0	1	0	11	1	0	{}	# 37
1	1	ADDI	1	2	0	11	1	0	{}	# 38
0	inc	LOAD	0	1	0	10	1	0	{}	# 39
0	1	ADDI	1	2	0	10	1	0	{}	# 40
0	2	STORE	0	3	0	10	1	0	{}	# 41
0	3	FLUSH	-	3	0	0	3	1	{}	# 42
0	3	LOAD	10	3	0	0	3	0	{(0,3)}	# 43
0	4	SUBI	1	1	0	0	3	0	{}	# 44
0	5	STORE	10	0	0	0	3	0	{}	# 45
0	6	JNZ	inc	0	0	10	0	1	{}	# 46
0	7	CHECK	0	0	0	10	0	1	{}	# 47
0	8	FLUSH	-	0	0	10	0	1	{}	# 48
1	2	STORE	0	3	0	11	1	0	{(10,0)}	# 49
1	3	FLUSH	-	3	0	0	3	1	{}	# 50
1	3	LOAD	11	3	0	0	3	0	{(0,3)}	# 51
1	4	SUBI	1	1	0	0	3	0	{}	# 52
1	5	STORE	11	0	0	0	3	0	{}	# 53
1	6	FLUSH	-	0	0	11	0	1	{}	# 54
1	6	JNZ	inc	0	0	11	0	0	{(11,0)}	# 55
1	7	CHECK	0	0	0	11	0	0	{}	# 56
2	1	ADDI	6	0	0	0	0	0	{}	# 57
1	8	HALT	-	0	0	11	0	0	{}	# 58
2	2	CMP	0	6	0	0	0	0	{}	# 59
0	8	HALT	-	0	0	10	0	0	{}	# 60
2	3	JNZ	error	3	0	0	0	0	{}	# 61
2	error	EXIT	1	3	0	0	0	0	{}	# 62
