count.buggy.0.asm
count.buggy.1.asm
count.checker.asm
. boolector-relational.mmap
# tid	pc	cmd	arg	accu	mem	adr	val	full	heap
1	inc	LOAD	0	0	0	0	0	0	{}	# 0
1	1	ADDI	1	0	0	0	0	0	{}	# 1
1	2	STORE	0	1	0	0	0	0	{}	# 2
1	3	LOAD	11	1	0	0	1	1	{}	# 3
1	4	FLUSH	-	3	0	0	1	1	{}	# 4
1	4	SUBI	1	3	0	0	1	0	{(0,1)}	# 5
1	5	STORE	11	2	0	0	1	0	{}	# 6
1	6	JNZ	inc	2	0	11	2	1	{}	# 7
1	inc	LOAD	0	2	0	11	2	1	{}	# 8
1	1	ADDI	1	1	0	11	2	1	{}	# 9
1	2	FLUSH	-	2	0	11	2	1	{}	# 10
1	2	STORE	0	2	0	11	2	0	{(11,2)}	# 11
1	3	LOAD	11	2	0	0	2	1	{}	# 12
1	4	SUBI	1	2	0	0	2	1	{}	# 13
1	5	FLUSH	-	1	0	0	2	1	{}	# 14
1	5	STORE	11	1	0	0	2	0	{(0,2)}	# 15
1	6	JNZ	inc	1	0	11	1	1	{}	# 16
1	inc	LOAD	0	1	0	11	1	1	{}	# 17
1	1	ADDI	1	2	0	11	1	1	{}	# 18
1	2	FLUSH	-	3	0	11	1	1	{}	# 19
1	2	STORE	0	3	0	11	1	0	{(11,1)}	# 20
2	0	CHECK	0	0	0	0	0	0	{}	# 21
1	3	LOAD	11	3	0	0	3	1	{}	# 22
0	inc	LOAD	0	0	0	0	0	0	{}	# 23
1	4	SUBI	1	1	0	0	3	1	{}	# 24
1	5	FLUSH	-	0	0	0	3	1	{}	# 25
1	5	STORE	11	0	0	0	3	0	{(0,3)}	# 26
1	6	JNZ	inc	0	0	11	0	1	{}	# 27
1	7	FLUSH	-	0	0	11	0	1	{}	# 28
0	1	ADDI	1	2	0	0	0	0	{(11,0)}	# 29
1	7	CHECK	0	0	0	11	0	0	{}	# 30
0	2	STORE	0	3	0	0	0	0	{}	# 31
0	3	LOAD	10	3	0	0	3	1	{}	# 32
0	4	FLUSH	-	3	0	0	3	1	{}	# 33
0	4	SUBI	1	3	0	0	3	0	{(0,3)}	# 34
0	5	STORE	10	2	0	0	3	0	{}	# 35
0	6	JNZ	inc	2	0	10	2	1	{}	# 36
0	inc	LOAD	0	2	0	10	2	1	{}	# 37
0	1	ADDI	1	3	0	10	2	1	{}	# 38
0	2	FLUSH	-	4	0	10	2	1	{}	# 39
0	2	STORE	0	4	0	10	2	0	{(10,2)}	# 40
0	3	LOAD	10	4	0	0	4	1	{}	# 41
0	4	FLUSH	-	2	0	0	4	1	{}	# 42
0	4	SUBI	1	2	0	0	4	0	{(0,4)}	# 43
0	5	STORE	10	1	0	0	4	0	{}	# 44
0	6	FLUSH	-	1	0	10	1	1	{}	# 45
0	6	JNZ	inc	1	0	10	1	0	{(10,1)}	# 46
0	inc	LOAD	0	1	0	10	1	0	{}	# 47
0	1	ADDI	1	4	0	10	1	0	{}	# 48
0	2	STORE	0	5	0	10	1	0	{}	# 49
0	3	LOAD	10	5	0	0	5	1	{}	# 50
0	4	SUBI	1	1	0	0	5	1	{}	# 51
0	5	FLUSH	-	0	0	0	5	1	{}	# 52
0	5	STORE	10	0	0	0	5	0	{(0,5)}	# 53
0	6	JNZ	inc	0	0	10	0	1	{}	# 54
0	7	CHECK	0	0	0	10	0	1	{}	# 55
2	1	ADDI	6	0	0	0	0	0	{}	# 56
1	8	HALT	-	0	0	11	0	0	{}	# 57
2	2	CMP	0	6	0	0	0	0	{}	# 58
2	3	JNZ	error	1	0	0	0	0	{}	# 59
2	error	EXIT	1	1	0	0	0	0	{}	# 60
