count.buggy.0.asm
count.buggy.1.asm
count.buggy.2.asm
count.checker.asm
. z3-functional.mmap
# tid	pc	cmd	arg	accu	mem	adr	val	full	heap
1	inc	LOAD	0	0	0	0	0	0	{}	# 0
1	1	ADDI	1	0	0	0	0	0	{}	# 1
1	2	STORE	0	1	0	0	0	0	{}	# 2
0	inc	LOAD	0	0	0	0	0	0	{}	# 3
1	3	FLUSH	-	1	0	0	1	1	{}	# 4
0	1	ADDI	1	0	0	0	0	0	{(0,1)}	# 5
0	2	STORE	0	1	0	0	0	0	{}	# 6
0	3	LOAD	10	1	0	0	1	1	{}	# 7
1	3	LOAD	11	1	0	0	1	0	{}	# 8
1	4	SUBI	1	2	0	0	1	0	{}	# 9
0	4	SUBI	1	2	0	0	1	1	{}	# 10
1	5	STORE	11	1	0	0	1	0	{}	# 11
1	6	FLUSH	-	1	0	11	1	1	{}	# 12
2	inc	LOAD	0	0	0	0	0	0	{(11,1)}	# 13
0	5	FLUSH	-	1	0	0	1	1	{}	# 14
2	1	ADDI	1	1	0	0	0	0	{(0,1)}	# 15
2	2	STORE	0	2	0	0	0	0	{}	# 16
1	6	JNZ	inc	1	0	11	1	0	{}	# 17
1	inc	LOAD	0	1	0	11	1	0	{}	# 18
0	5	STORE	10	1	0	0	1	0	{}	# 19
3	0	CHECK	0	0	0	0	0	0	{}	# 20
0	6	JNZ	inc	1	0	10	1	1	{}	# 21
2	3	LOAD	12	2	0	0	2	1	{}	# 22
2	4	SUBI	1	2	0	0	2	1	{}	# 23
1	1	ADDI	1	1	0	11	1	0	{}	# 24
1	2	STORE	0	2	0	11	1	0	{}	# 25
0	inc	FLUSH	-	1	0	10	1	1	{}	# 26
1	3	LOAD	11	2	0	0	2	1	{(10,1)}	# 27
0	inc	LOAD	0	1	0	10	1	0	{}	# 28
0	1	ADDI	1	1	0	10	1	0	{}	# 29
0	2	STORE	0	2	0	10	1	0	{}	# 30
0	3	LOAD	10	2	0	0	2	1	{}	# 31
2	5	FLUSH	-	1	0	0	2	1	{}	# 32
0	4	SUBI	1	1	0	0	2	1	{(0,2)}	# 33
0	5	FLUSH	-	0	0	0	2	1	{}	# 34
0	5	STORE	10	0	0	0	2	0	{(0,2)}	# 35
0	6	JNZ	inc	0	0	10	0	1	{}	# 36
0	7	CHECK	0	0	0	10	0	1	{}	# 37
2	5	STORE	12	1	0	0	2	0	{}	# 38
0	8	FLUSH	-	0	0	10	0	1	{}	# 39
1	4	FLUSH	-	1	0	0	2	1	{(10,0)}	# 40
1	4	SUBI	1	1	0	0	2	0	{(0,2)}	# 41
2	6	FLUSH	-	1	0	12	1	1	{}	# 42
2	6	JNZ	inc	1	0	12	1	0	{(12,1)}	# 43
1	5	STORE	11	0	0	0	2	0	{}	# 44
2	inc	LOAD	0	1	0	12	1	0	{}	# 45
2	1	ADDI	1	2	0	12	1	0	{}	# 46
1	6	JNZ	inc	0	0	11	0	1	{}	# 47
2	2	STORE	0	3	0	12	1	0	{}	# 48
1	7	FLUSH	-	0	0	11	0	1	{}	# 49
2	3	LOAD	12	3	0	0	3	1	{(11,0)}	# 50
2	4	SUBI	1	1	0	0	3	1	{}	# 51
2	5	FLUSH	-	0	0	0	3	1	{}	# 52
2	5	STORE	12	0	0	0	3	0	{(0,3)}	# 53
1	7	CHECK	0	0	0	11	0	0	{}	# 54
2	6	JNZ	inc	0	0	12	0	1	{}	# 55
2	7	CHECK	0	0	0	12	0	1	{}	# 56
0	8	HALT	-	0	0	10	0	0	{}	# 57
1	8	HALT	-	0	0	11	0	0	{}	# 58
3	1	ADDI	6	0	0	0	0	0	{}	# 59
3	2	CMP	0	6	0	0	0	0	{}	# 60
3	3	JNZ	error	3	0	0	0	0	{}	# 61
2	8	FLUSH	-	0	0	12	0	1	{}	# 62
3	error	EXIT	1	3	0	0	0	0	{(12,0)}	# 63
