[count_stat/run.sh] running 135: count_stat/run.sh buggy 2 2 boolector functional
[concubine>main] encoding took 0.073059 seconds
[concubine>main] generated 24783 commands
[btor>main] Boolector Version 3.2.1 master-8297b6c3dc573e4e3c5d50fde7fa01724bc613a9-dirty
[btor>main]  -std=gnu99 -W -Wall -Wextra -Wredundant-decls -O3
[btor>main] released 2020-12-10T16:18:21
[btor>main] compiled 2020-12-10T16:18:21
[btor>main] GNU 7.5.0
[btor>main] setting signal handlers
[btor>main] no time limit given
[btor>parse] assuming SMT-LIB v2 input,  parsing '<stdin>'
[btor>smt2] parsed 8286 commands in 0.00 seconds
[btor>core] calling SAT
[btor>core] found UFs, disable slice elimination
[btor>varsubst] 3364 variables substituted in 0.0 seconds
[btor>embed] replaced 9 embedded constraints in 0 seconds
[btor>extract] set: 1 (2), set_inc: 0 (0), set_itoi: 0 (0), set_itoip1: 0 (0), cpy: 0 (0)
[btor>extract] extracted 1 lambdas in 0.000 seconds
[btor>merge] merged 0 lambdas in 0.00 seconds
[btor>preprocess] 1 rewriting rounds in 0.0 seconds
[btor>preprocess] simplification returned 0
[btor>slvfun] enabled core engine
[btor>sat] CaDiCaL allows both incremental and non-incremental mode
[btor>sat] initialized CaDiCaL
[btor>slvfun] 2112 AIG vars, 51302 AIG ands, 31786 CNF vars, 99836 CNF clauses
[btorcore] 1 iterations, 52 lemmas, 0 ext. lemmas, vars 224, applies 124
[btor>slvfun] 2144 AIG vars, 54579 AIG ands, 33491 CNF vars, 105657 CNF clauses
[btorcore] 2 iterations, 72 lemmas, 0 ext. lemmas, vars 224, applies 124
[btor>slvfun] 2160 AIG vars, 55869 AIG ands, 34157 CNF vars, 107927 CNF clauses
[btorcore] 3 iterations, 107 lemmas, 0 ext. lemmas, vars 224, applies 124
[btor>slvfun] 2160 AIG vars, 58066 AIG ands, 35264 CNF vars, 111793 CNF clauses
[btorcore] 4 iterations, 121 lemmas, 0 ext. lemmas, vars 224, applies 124
[btor>slvfun] 2160 AIG vars, 58783 AIG ands, 35627 CNF vars, 113059 CNF clauses
[btorcore] 5 iterations, 133 lemmas, 0 ext. lemmas, vars 224, applies 124
[btor>slvfun] 2160 AIG vars, 59306 AIG ands, 35894 CNF vars, 113988 CNF clauses
[btorcore] 6 iterations, 146 lemmas, 0 ext. lemmas, vars 224, applies 124
[btor>slvfun] 2160 AIG vars, 59850 AIG ands, 36180 CNF vars, 114975 CNF clauses
[btorcore] 7 iterations, 155 lemmas, 0 ext. lemmas, vars 224, applies 124
[btor>slvfun] 2160 AIG vars, 60049 AIG ands, 36283 CNF vars, 115332 CNF clauses
[btorcore] 8 iterations, 158 lemmas, 0 ext. lemmas, vars 224, applies 124
[btor>slvfun] 2160 AIG vars, 60115 AIG ands, 36317 CNF vars, 115450 CNF clauses
[btorcore] 9 iterations, 161 lemmas, 0 ext. lemmas, vars 224, applies 124
[btor>slvfun] 2160 AIG vars, 60182 AIG ands, 36352 CNF vars, 115571 CNF clauses
[btorcore] 10 iterations, 164 lemmas, 0 ext. lemmas, vars 224, applies 124
[btor>slvfun] 2160 AIG vars, 60248 AIG ands, 36386 CNF vars, 115689 CNF clauses
[btorcore] 11 iterations, 166 lemmas, 0 ext. lemmas, vars 224, applies 124
[btor>slvfun] 2160 AIG vars, 60313 AIG ands, 36419 CNF vars, 115804 CNF clauses
[btorcore] 12 iterations, 167 lemmas, 0 ext. lemmas, vars 224, applies 124
[btor>slvfun] 2160 AIG vars, 60314 AIG ands, 36420 CNF vars, 115807 CNF clauses
[btorcore] 13 iterations, 168 lemmas, 0 ext. lemmas, vars 224, applies 124
[btor>slvfun] 2160 AIG vars, 60315 AIG ands, 36421 CNF vars, 115810 CNF clauses
[btor>core] SAT call 2 returned 10 in 0.000 seconds
sat
[btor>smt2] WARNING no 'exit' command at end of '<stdin>'
[btor>smt2] parsed 8287 commands in 0.00 seconds
[btor>parse] logic QF_AUFBV
[btor>parse] status unknown
[btor>sat] 14 SAT calls in 0.0 seconds
[btor>core] 3364/398/7352/1191 constraints 0/0/0/1191 8.1 MB
[btor>core] 0 assumptions
[btor>core] 
[btor>core] 6.91 MB allocated for nodes
[btor>core] 
[btor>core]     0 variable substitutions
[btor>core]     0 uninterpreted function substitutions
[btor>core]     0 embedded constraint substitutions
[btor>core]     0 synthesized nodes rewritten
[btor>core]     0 linear constraint equations
[btor>core]     0 gaussian eliminations in linear equations
[btor>core]     0 eliminated sliced variables
[btor>core]     0 extracted skeleton constraints
[btor>core]  4767 and normalizations
[btor>core]     0 add normalizations
[btor>core]     0 mul normalizations
[btor>core]     0 lambdas merged
[btor>core]     0 static apply propagations over lambdas
[btor>core]     0 static apply propagations over updates
[btor>core]     0 beta reductions
[btor>core]     0 clone calls
[btor>core] 
[btor>core] rewrite rule cache
[btor>core]   7730 cached (add) 
[btor>core]   1849 cached (get)
[btor>core]   2 updated
[btor>core]   0 removed (gc)
[btor>core]   0.56 MB cache
[btor>core] 
[btor>core] bit blasting statistics:
[btor>core]      8502 AIG vectors (8502 max)
[btor>core]     60315 AIG ANDs (60315 max)
[btor>core]      2160 AIG variables
[btor>core]     36421 CNF variables
[btor>core]    115810 CNF clauses
[btor>core]    304962 CNF literals
[btor>slvfun] 
[btor>slvfun] lemmas on demand statistics:
[btor>slvfun]   13 refinement iterations
[btor>slvfun]  168 LOD refinements
[btor>slvfun]    137 function congruence conflicts
[btor>slvfun]     31 beta reduction conflicts
[btor>slvfun]      0 extensionality lemmas
[btor>slvfun]   3.3 average lemma size
[btor>slvfun]      131 lemmas of size 3
[btor>slvfun]       31 lemmas of size 4
[btor>slvfun]        4 lemmas of size 5
[btor>slvfun]        2 lemmas of size 6
[btor>slvfun] 
[btor>slvfun]      36 expression evaluations
[btor>slvfun]      36 partial beta reductions
[btor>slvfun]    5250 propagations
[btor>slvfun]     240 propagations down
[btor>core] 
[btor>core] 8.8 MB
[btor>main] sat
2 0000000000000000 accu_0_0
3 0000000000000000 accu_0_1
4 0000000000000000 accu_0_2
5 0000000000000000 mem_0_0
6 0000000000000000 mem_0_1
7 0000000000000000 mem_0_2
8 0000000000000000 sb-adr_0_0
9 0000000000000000 sb-adr_0_1
10 0000000000000000 sb-adr_0_2
11 0000000000000000 sb-val_0_0
12 0000000000000000 sb-val_0_1
13 0000000000000000 sb-val_0_2
14 0 sb-full_0_0
15 0 sb-full_0_1
16 0 sb-full_0_2
17 1 stmt_0_0_0
18 0 stmt_0_0_1
19 0 stmt_0_0_2
20 0 stmt_0_0_3
21 0 stmt_0_0_4
22 0 stmt_0_0_5
23 0 stmt_0_0_6
24 0 stmt_0_0_7
25 0 stmt_0_0_8
26 1 stmt_0_1_0
27 0 stmt_0_1_1
28 0 stmt_0_1_2
29 0 stmt_0_1_3
30 0 stmt_0_1_4
31 0 stmt_0_1_5
32 0 stmt_0_1_6
33 0 stmt_0_1_7
34 0 stmt_0_1_8
35 1 stmt_0_2_0
36 0 stmt_0_2_1
37 0 stmt_0_2_2
38 0 stmt_0_2_3
39 0 stmt_0_2_4
40 0 stmt_0_2_5
41 0 block_0_0_0
42 0 block_0_0_1
43 0 block_0_0_2
44 0 halt_0_0
45 0 halt_0_1
46 0 halt_0_2
47[0000000000001010] 0000000000000010 heap_0
47[0000000000000000] 0000000000000000 heap_0
47[0000000000001011] 0000000000000010 heap_0
48 0 exit_0
49 0000000000000001 exit-code
50 1 thread_0_0
51 0 thread_0_1
52 0 thread_0_2
53 1 exec_0_0_0
54 0 exec_0_0_1
55 0 exec_0_0_2
56 0 exec_0_0_3
57 0 exec_0_0_4
58 0 exec_0_0_5
59 0 exec_0_0_6
60 0 exec_0_0_7
61 0 exec_0_0_8
62 0 exec_0_1_0
63 0 exec_0_1_1
64 0 exec_0_1_2
65 0 exec_0_1_3
66 0 exec_0_1_4
67 0 exec_0_1_5
68 0 exec_0_1_6
69 0 exec_0_1_7
70 0 exec_0_1_8
71 0 exec_0_2_0
72 0 exec_0_2_1
73 0 exec_0_2_2
74 0 exec_0_2_3
75 0 exec_0_2_4
76 0 exec_0_2_5
77 0 flush_0_0
78 0 flush_0_1
79 0 flush_0_2
80 0 check_0_0
199 0000000000000000 accu_1_0
200 0000000000000000 accu_1_1
201 0000000000000000 accu_1_2
202 0000000000000000 mem_1_0
203 0000000000000000 mem_1_1
204 0000000000000000 mem_1_2
205 0000000000000000 sb-adr_1_0
206 0000000000000000 sb-adr_1_1
207 0000000000000000 sb-adr_1_2
208 0000000000000000 sb-val_1_0
209 0000000000000000 sb-val_1_1
210 0000000000000000 sb-val_1_2
211 0 sb-full_1_0
212 0 sb-full_1_1
213 0 sb-full_1_2
214 0 stmt_1_0_0
215 1 stmt_1_0_1
216 0 stmt_1_0_2
217 0 stmt_1_0_3
218 0 stmt_1_0_4
219 0 stmt_1_0_5
220 0 stmt_1_0_6
221 0 stmt_1_0_7
222 0 stmt_1_0_8
223 1 stmt_1_1_0
224 0 stmt_1_1_1
225 0 stmt_1_1_2
226 0 stmt_1_1_3
227 0 stmt_1_1_4
228 0 stmt_1_1_5
229 0 stmt_1_1_6
230 0 stmt_1_1_7
231 0 stmt_1_1_8
232 1 stmt_1_2_0
233 0 stmt_1_2_1
234 0 stmt_1_2_2
235 0 stmt_1_2_3
236 0 stmt_1_2_4
237 0 stmt_1_2_5
238 0 block_1_0_0
239 0 block_1_0_1
240 0 block_1_0_2
241 0 halt_1_0
242 0 halt_1_1
243 0 halt_1_2
244[0000000000001010] 0000000000000010 heap_1
244[0000000000000000] 0000000000000000 heap_1
244[0000000000001011] 0000000000000010 heap_1
245 0 exit_1
246 1 thread_1_0
247 0 thread_1_1
248 0 thread_1_2
249 0 exec_1_0_0
250 1 exec_1_0_1
251 0 exec_1_0_2
252 0 exec_1_0_3
253 0 exec_1_0_4
254 0 exec_1_0_5
255 0 exec_1_0_6
256 0 exec_1_0_7
257 0 exec_1_0_8
258 0 exec_1_1_0
259 0 exec_1_1_1
260 0 exec_1_1_2
261 0 exec_1_1_3
262 0 exec_1_1_4
263 0 exec_1_1_5
264 0 exec_1_1_6
265 0 exec_1_1_7
266 0 exec_1_1_8
267 0 exec_1_2_0
268 0 exec_1_2_1
269 0 exec_1_2_2
270 0 exec_1_2_3
271 0 exec_1_2_4
272 0 exec_1_2_5
273 0 flush_1_0
274 0 flush_1_1
275 0 flush_1_2
276 0 check_1_0
449 0000000000000001 accu_2_0
450 0000000000000000 accu_2_1
451 0000000000000000 accu_2_2
452 0000000000000000 mem_2_0
453 0000000000000000 mem_2_1
454 0000000000000000 mem_2_2
455 0000000000000000 sb-adr_2_0
456 0000000000000000 sb-adr_2_1
457 0000000000000000 sb-adr_2_2
458 0000000000000000 sb-val_2_0
459 0000000000000000 sb-val_2_1
460 0000000000000000 sb-val_2_2
461 0 sb-full_2_0
462 0 sb-full_2_1
463 0 sb-full_2_2
464 0 stmt_2_0_0
465 0 stmt_2_0_1
466 1 stmt_2_0_2
467 0 stmt_2_0_3
468 0 stmt_2_0_4
469 0 stmt_2_0_5
470 0 stmt_2_0_6
471 0 stmt_2_0_7
472 0 stmt_2_0_8
473 1 stmt_2_1_0
474 0 stmt_2_1_1
475 0 stmt_2_1_2
476 0 stmt_2_1_3
477 0 stmt_2_1_4
478 0 stmt_2_1_5
479 0 stmt_2_1_6
480 0 stmt_2_1_7
481 0 stmt_2_1_8
482 1 stmt_2_2_0
483 0 stmt_2_2_1
484 0 stmt_2_2_2
485 0 stmt_2_2_3
486 0 stmt_2_2_4
487 0 stmt_2_2_5
488 0 block_2_0_0
489 0 block_2_0_1
490 0 block_2_0_2
491 0 halt_2_0
492 0 halt_2_1
493 0 halt_2_2
494[0000000000001010] 0000000000000010 heap_2
494[0000000000000000] 0000000000000000 heap_2
494[0000000000001011] 0000000000000010 heap_2
495 0 exit_2
496 1 thread_2_0
497 0 thread_2_1
498 0 thread_2_2
499 0 exec_2_0_0
500 0 exec_2_0_1
501 1 exec_2_0_2
502 0 exec_2_0_3
503 0 exec_2_0_4
504 0 exec_2_0_5
505 0 exec_2_0_6
506 0 exec_2_0_7
507 0 exec_2_0_8
508 0 exec_2_1_0
509 0 exec_2_1_1
510 0 exec_2_1_2
511 0 exec_2_1_3
512 0 exec_2_1_4
513 0 exec_2_1_5
514 0 exec_2_1_6
515 0 exec_2_1_7
516 0 exec_2_1_8
517 0 exec_2_2_0
518 0 exec_2_2_1
519 0 exec_2_2_2
520 0 exec_2_2_3
521 0 exec_2_2_4
522 0 exec_2_2_5
523 0 flush_2_0
524 0 flush_2_1
525 0 flush_2_2
526 0 check_2_0
755 0000000000000001 accu_3_0
756 0000000000000000 accu_3_1
757 0000000000000000 accu_3_2
758 0000000000000000 mem_3_0
759 0000000000000000 mem_3_1
760 0000000000000000 mem_3_2
761 0000000000000000 sb-adr_3_0
762 0000000000000000 sb-adr_3_1
763 0000000000000000 sb-adr_3_2
764 0000000000000001 sb-val_3_0
765 0000000000000000 sb-val_3_1
766 0000000000000000 sb-val_3_2
767 1 sb-full_3_0
768 0 sb-full_3_1
769 0 sb-full_3_2
770 0 stmt_3_0_0
771 0 stmt_3_0_1
772 0 stmt_3_0_2
773 1 stmt_3_0_3
774 0 stmt_3_0_4
775 0 stmt_3_0_5
776 0 stmt_3_0_6
777 0 stmt_3_0_7
778 0 stmt_3_0_8
779 1 stmt_3_1_0
780 0 stmt_3_1_1
781 0 stmt_3_1_2
782 0 stmt_3_1_3
783 0 stmt_3_1_4
784 0 stmt_3_1_5
785 0 stmt_3_1_6
786 0 stmt_3_1_7
787 0 stmt_3_1_8
788 1 stmt_3_2_0
789 0 stmt_3_2_1
790 0 stmt_3_2_2
791 0 stmt_3_2_3
792 0 stmt_3_2_4
793 0 stmt_3_2_5
794 0 block_3_0_0
795 0 block_3_0_1
796 0 block_3_0_2
797 0 halt_3_0
798 0 halt_3_1
799 0 halt_3_2
800[0000000000001010] 0000000000000010 heap_3
800[0000000000000000] 0000000000000000 heap_3
800[0000000000001011] 0000000000000010 heap_3
801 0 exit_3
802 0 thread_3_0
803 1 thread_3_1
804 0 thread_3_2
805 0 exec_3_0_0
806 0 exec_3_0_1
807 0 exec_3_0_2
808 0 exec_3_0_3
809 0 exec_3_0_4
810 0 exec_3_0_5
811 0 exec_3_0_6
812 0 exec_3_0_7
813 0 exec_3_0_8
814 1 exec_3_1_0
815 0 exec_3_1_1
816 0 exec_3_1_2
817 0 exec_3_1_3
818 0 exec_3_1_4
819 0 exec_3_1_5
820 0 exec_3_1_6
821 0 exec_3_1_7
822 0 exec_3_1_8
823 0 exec_3_2_0
824 0 exec_3_2_1
825 0 exec_3_2_2
826 0 exec_3_2_3
827 0 exec_3_2_4
828 0 exec_3_2_5
829 0 flush_3_0
830 0 flush_3_1
831 0 flush_3_2
832 0 check_3_0
1073 0000000000000001 accu_4_0
1074 0000000000000000 accu_4_1
1075 0000000000000000 accu_4_2
1076 0000000000000000 mem_4_0
1077 0000000000000000 mem_4_1
1078 0000000000000000 mem_4_2
1079 0000000000000000 sb-adr_4_0
1080 0000000000000000 sb-adr_4_1
1081 0000000000000000 sb-adr_4_2
1082 0000000000000001 sb-val_4_0
1083 0000000000000000 sb-val_4_1
1084 0000000000000000 sb-val_4_2
1085 1 sb-full_4_0
1086 0 sb-full_4_1
1087 0 sb-full_4_2
1088 0 stmt_4_0_0
1089 0 stmt_4_0_1
1090 0 stmt_4_0_2
1091 1 stmt_4_0_3
1092 0 stmt_4_0_4
1093 0 stmt_4_0_5
1094 0 stmt_4_0_6
1095 0 stmt_4_0_7
1096 0 stmt_4_0_8
1097 0 stmt_4_1_0
1098 1 stmt_4_1_1
1099 0 stmt_4_1_2
1100 0 stmt_4_1_3
1101 0 stmt_4_1_4
1102 0 stmt_4_1_5
1103 0 stmt_4_1_6
1104 0 stmt_4_1_7
1105 0 stmt_4_1_8
1106 1 stmt_4_2_0
1107 0 stmt_4_2_1
1108 0 stmt_4_2_2
1109 0 stmt_4_2_3
1110 0 stmt_4_2_4
1111 0 stmt_4_2_5
1112 0 block_4_0_0
1113 0 block_4_0_1
1114 0 block_4_0_2
1115 0 halt_4_0
1116 0 halt_4_1
1117 0 halt_4_2
1118[0000000000001010] 0000000000000010 heap_4
1118[0000000000000000] 0000000000000000 heap_4
1118[0000000000001011] 0000000000000010 heap_4
1119 0 exit_4
1120 0 thread_4_0
1121 0 thread_4_1
1122 0 thread_4_2
1123 0 exec_4_0_0
1124 0 exec_4_0_1
1125 0 exec_4_0_2
1126 0 exec_4_0_3
1127 0 exec_4_0_4
1128 0 exec_4_0_5
1129 0 exec_4_0_6
1130 0 exec_4_0_7
1131 0 exec_4_0_8
1132 0 exec_4_1_0
1133 0 exec_4_1_1
1134 0 exec_4_1_2
1135 0 exec_4_1_3
1136 0 exec_4_1_4
1137 0 exec_4_1_5
1138 0 exec_4_1_6
1139 0 exec_4_1_7
1140 0 exec_4_1_8
1141 0 exec_4_2_0
1142 0 exec_4_2_1
1143 0 exec_4_2_2
1144 0 exec_4_2_3
1145 0 exec_4_2_4
1146 0 exec_4_2_5
1147 1 flush_4_0
1148 0 flush_4_1
1149 0 flush_4_2
1150 0 check_4_0
1406 0000000000000001 accu_5_0
1407 0000000000000000 accu_5_1
1408 0000000000000000 accu_5_2
1409 0000000000000000 mem_5_0
1410 0000000000000000 mem_5_1
1411 0000000000000000 mem_5_2
1412 0000000000000000 sb-adr_5_0
1413 0000000000000000 sb-adr_5_1
1414 0000000000000000 sb-adr_5_2
1415 0000000000000001 sb-val_5_0
1416 0000000000000000 sb-val_5_1
1417 0000000000000000 sb-val_5_2
1418 0 sb-full_5_0
1419 0 sb-full_5_1
1420 0 sb-full_5_2
1421 0 stmt_5_0_0
1422 0 stmt_5_0_1
1423 0 stmt_5_0_2
1424 1 stmt_5_0_3
1425 0 stmt_5_0_4
1426 0 stmt_5_0_5
1427 0 stmt_5_0_6
1428 0 stmt_5_0_7
1429 0 stmt_5_0_8
1430 0 stmt_5_1_0
1431 1 stmt_5_1_1
1432 0 stmt_5_1_2
1433 0 stmt_5_1_3
1434 0 stmt_5_1_4
1435 0 stmt_5_1_5
1436 0 stmt_5_1_6
1437 0 stmt_5_1_7
1438 0 stmt_5_1_8
1439 1 stmt_5_2_0
1440 0 stmt_5_2_1
1441 0 stmt_5_2_2
1442 0 stmt_5_2_3
1443 0 stmt_5_2_4
1444 0 stmt_5_2_5
1445 0 block_5_0_0
1446 0 block_5_0_1
1447 0 block_5_0_2
1448 0 halt_5_0
1449 0 halt_5_1
1450 0 halt_5_2
1451[0000000000001010] 0000000000000010 heap_5
1451[0000000000000000] 0000000000000001 heap_5
1451[0000000000001011] 0000000000000010 heap_5
1452 0 exit_5
1453 1 thread_5_0
1454 0 thread_5_1
1455 0 thread_5_2
1456 0 exec_5_0_0
1457 0 exec_5_0_1
1458 0 exec_5_0_2
1459 1 exec_5_0_3
1460 0 exec_5_0_4
1461 0 exec_5_0_5
1462 0 exec_5_0_6
1463 0 exec_5_0_7
1464 0 exec_5_0_8
1465 0 exec_5_1_0
1466 0 exec_5_1_1
1467 0 exec_5_1_2
1468 0 exec_5_1_3
1469 0 exec_5_1_4
1470 0 exec_5_1_5
1471 0 exec_5_1_6
1472 0 exec_5_1_7
1473 0 exec_5_1_8
1474 0 exec_5_2_0
1475 0 exec_5_2_1
1476 0 exec_5_2_2
1477 0 exec_5_2_3
1478 0 exec_5_2_4
1479 0 exec_5_2_5
1480 0 flush_5_0
1481 0 flush_5_1
1482 0 flush_5_2
1483 0 check_5_0
1751 0000000000000010 accu_6_0
1752 0000000000000000 accu_6_1
1753 0000000000000000 accu_6_2
1754 0000000000000000 mem_6_0
1755 0000000000000000 mem_6_1
1756 0000000000000000 mem_6_2
1757 0000000000000000 sb-adr_6_0
1758 0000000000000000 sb-adr_6_1
1759 0000000000000000 sb-adr_6_2
1760 0000000000000001 sb-val_6_0
1761 0000000000000000 sb-val_6_1
1762 0000000000000000 sb-val_6_2
1763 0 sb-full_6_0
1764 0 sb-full_6_1
1765 0 sb-full_6_2
1766 0 stmt_6_0_0
1767 0 stmt_6_0_1
1768 0 stmt_6_0_2
1769 0 stmt_6_0_3
1770 1 stmt_6_0_4
1771 0 stmt_6_0_5
1772 0 stmt_6_0_6
1773 0 stmt_6_0_7
1774 0 stmt_6_0_8
1775 0 stmt_6_1_0
1776 1 stmt_6_1_1
1777 0 stmt_6_1_2
1778 0 stmt_6_1_3
1779 0 stmt_6_1_4
1780 0 stmt_6_1_5
1781 0 stmt_6_1_6
1782 0 stmt_6_1_7
1783 0 stmt_6_1_8
1784 1 stmt_6_2_0
1785 0 stmt_6_2_1
1786 0 stmt_6_2_2
1787 0 stmt_6_2_3
1788 0 stmt_6_2_4
1789 0 stmt_6_2_5
1790 0 block_6_0_0
1791 0 block_6_0_1
1792 0 block_6_0_2
1793 0 halt_6_0
1794 0 halt_6_1
1795 0 halt_6_2
1796[0000000000001010] 0000000000000010 heap_6
1796[0000000000000000] 0000000000000001 heap_6
1796[0000000000001011] 0000000000000010 heap_6
1797 0 exit_6
1798 0 thread_6_0
1799 1 thread_6_1
1800 0 thread_6_2
1801 0 exec_6_0_0
1802 0 exec_6_0_1
1803 0 exec_6_0_2
1804 0 exec_6_0_3
1805 0 exec_6_0_4
1806 0 exec_6_0_5
1807 0 exec_6_0_6
1808 0 exec_6_0_7
1809 0 exec_6_0_8
1810 0 exec_6_1_0
1811 1 exec_6_1_1
1812 0 exec_6_1_2
1813 0 exec_6_1_3
1814 0 exec_6_1_4
1815 0 exec_6_1_5
1816 0 exec_6_1_6
1817 0 exec_6_1_7
1818 0 exec_6_1_8
1819 0 exec_6_2_0
1820 0 exec_6_2_1
1821 0 exec_6_2_2
1822 0 exec_6_2_3
1823 0 exec_6_2_4
1824 0 exec_6_2_5
1825 0 flush_6_0
1826 0 flush_6_1
1827 0 flush_6_2
1828 0 check_6_0
2104 0000000000000010 accu_7_0
2105 0000000000000001 accu_7_1
2106 0000000000000000 accu_7_2
2107 0000000000000000 mem_7_0
2108 0000000000000000 mem_7_1
2109 0000000000000000 mem_7_2
2110 0000000000000000 sb-adr_7_0
2111 0000000000000000 sb-adr_7_1
2112 0000000000000000 sb-adr_7_2
2113 0000000000000001 sb-val_7_0
2114 0000000000000000 sb-val_7_1
2115 0000000000000000 sb-val_7_2
2116 0 sb-full_7_0
2117 0 sb-full_7_1
2118 0 sb-full_7_2
2119 0 stmt_7_0_0
2120 0 stmt_7_0_1
2121 0 stmt_7_0_2
2122 0 stmt_7_0_3
2123 1 stmt_7_0_4
2124 0 stmt_7_0_5
2125 0 stmt_7_0_6
2126 0 stmt_7_0_7
2127 0 stmt_7_0_8
2128 0 stmt_7_1_0
2129 0 stmt_7_1_1
2130 1 stmt_7_1_2
2131 0 stmt_7_1_3
2132 0 stmt_7_1_4
2133 0 stmt_7_1_5
2134 0 stmt_7_1_6
2135 0 stmt_7_1_7
2136 0 stmt_7_1_8
2137 1 stmt_7_2_0
2138 0 stmt_7_2_1
2139 0 stmt_7_2_2
2140 0 stmt_7_2_3
2141 0 stmt_7_2_4
2142 0 stmt_7_2_5
2143 0 block_7_0_0
2144 0 block_7_0_1
2145 0 block_7_0_2
2146 0 halt_7_0
2147 0 halt_7_1
2148 0 halt_7_2
2149[0000000000001010] 0000000000000010 heap_7
2149[0000000000000000] 0000000000000001 heap_7
2149[0000000000001011] 0000000000000010 heap_7
2150 0 exit_7
2151 0 thread_7_0
2152 1 thread_7_1
2153 0 thread_7_2
2154 0 exec_7_0_0
2155 0 exec_7_0_1
2156 0 exec_7_0_2
2157 0 exec_7_0_3
2158 0 exec_7_0_4
2159 0 exec_7_0_5
2160 0 exec_7_0_6
2161 0 exec_7_0_7
2162 0 exec_7_0_8
2163 0 exec_7_1_0
2164 0 exec_7_1_1
2165 1 exec_7_1_2
2166 0 exec_7_1_3
2167 0 exec_7_1_4
2168 0 exec_7_1_5
2169 0 exec_7_1_6
2170 0 exec_7_1_7
2171 0 exec_7_1_8
2172 0 exec_7_2_0
2173 0 exec_7_2_1
2174 0 exec_7_2_2
2175 0 exec_7_2_3
2176 0 exec_7_2_4
2177 0 exec_7_2_5
2178 0 flush_7_0
2179 0 flush_7_1
2180 0 flush_7_2
2181 0 check_7_0
2471 0000000000000010 accu_8_0
2472 0000000000000001 accu_8_1
2473 0000000000000000 accu_8_2
2474 0000000000000000 mem_8_0
2475 0000000000000000 mem_8_1
2476 0000000000000000 mem_8_2
2477 0000000000000000 sb-adr_8_0
2478 0000000000000000 sb-adr_8_1
2479 0000000000000000 sb-adr_8_2
2480 0000000000000001 sb-val_8_0
2481 0000000000000001 sb-val_8_1
2482 0000000000000000 sb-val_8_2
2483 0 sb-full_8_0
2484 1 sb-full_8_1
2485 0 sb-full_8_2
2486 0 stmt_8_0_0
2487 0 stmt_8_0_1
2488 0 stmt_8_0_2
2489 0 stmt_8_0_3
2490 1 stmt_8_0_4
2491 0 stmt_8_0_5
2492 0 stmt_8_0_6
2493 0 stmt_8_0_7
2494 0 stmt_8_0_8
2495 0 stmt_8_1_0
2496 0 stmt_8_1_1
2497 0 stmt_8_1_2
2498 1 stmt_8_1_3
2499 0 stmt_8_1_4
2500 0 stmt_8_1_5
2501 0 stmt_8_1_6
2502 0 stmt_8_1_7
2503 0 stmt_8_1_8
2504 1 stmt_8_2_0
2505 0 stmt_8_2_1
2506 0 stmt_8_2_2
2507 0 stmt_8_2_3
2508 0 stmt_8_2_4
2509 0 stmt_8_2_5
2510 0 block_8_0_0
2511 0 block_8_0_1
2512 0 block_8_0_2
2513 0 halt_8_0
2514 0 halt_8_1
2515 0 halt_8_2
2516[0000000000000000] 0000000000000001 heap_8
2516[0000000000001010] 0000000000000010 heap_8
2516[0000000000001011] 0000000000000010 heap_8
2517 0 exit_8
2518 0 thread_8_0
2519 1 thread_8_1
2520 0 thread_8_2
2521 0 exec_8_0_0
2522 0 exec_8_0_1
2523 0 exec_8_0_2
2524 0 exec_8_0_3
2525 0 exec_8_0_4
2526 0 exec_8_0_5
2527 0 exec_8_0_6
2528 0 exec_8_0_7
2529 0 exec_8_0_8
2530 0 exec_8_1_0
2531 0 exec_8_1_1
2532 0 exec_8_1_2
2533 1 exec_8_1_3
2534 0 exec_8_1_4
2535 0 exec_8_1_5
2536 0 exec_8_1_6
2537 0 exec_8_1_7
2538 0 exec_8_1_8
2539 0 exec_8_2_0
2540 0 exec_8_2_1
2541 0 exec_8_2_2
2542 0 exec_8_2_3
2543 0 exec_8_2_4
2544 0 exec_8_2_5
2545 0 flush_8_0
2546 0 flush_8_1
2547 0 flush_8_2
2548 0 check_8_0
2846 0000000000000010 accu_9_0
2847 0000000000000010 accu_9_1
2848 0000000000000000 accu_9_2
2849 0000000000000000 mem_9_0
2850 0000000000000000 mem_9_1
2851 0000000000000000 mem_9_2
2852 0000000000000000 sb-adr_9_0
2853 0000000000000000 sb-adr_9_1
2854 0000000000000000 sb-adr_9_2
2855 0000000000000001 sb-val_9_0
2856 0000000000000001 sb-val_9_1
2857 0000000000000000 sb-val_9_2
2858 0 sb-full_9_0
2859 1 sb-full_9_1
2860 0 sb-full_9_2
2861 0 stmt_9_0_0
2862 0 stmt_9_0_1
2863 0 stmt_9_0_2
2864 0 stmt_9_0_3
2865 1 stmt_9_0_4
2866 0 stmt_9_0_5
2867 0 stmt_9_0_6
2868 0 stmt_9_0_7
2869 0 stmt_9_0_8
2870 0 stmt_9_1_0
2871 0 stmt_9_1_1
2872 0 stmt_9_1_2
2873 0 stmt_9_1_3
2874 1 stmt_9_1_4
2875 0 stmt_9_1_5
2876 0 stmt_9_1_6
2877 0 stmt_9_1_7
2878 0 stmt_9_1_8
2879 1 stmt_9_2_0
2880 0 stmt_9_2_1
2881 0 stmt_9_2_2
2882 0 stmt_9_2_3
2883 0 stmt_9_2_4
2884 0 stmt_9_2_5
2885 0 block_9_0_0
2886 0 block_9_0_1
2887 0 block_9_0_2
2888 0 halt_9_0
2889 0 halt_9_1
2890 0 halt_9_2
2891[0000000000000000] 0000000000000001 heap_9
2891[0000000000001010] 0000000000000010 heap_9
2891[0000000000001011] 0000000000000010 heap_9
2892 0 exit_9
2893 0 thread_9_0
2894 1 thread_9_1
2895 0 thread_9_2
2896 0 exec_9_0_0
2897 0 exec_9_0_1
2898 0 exec_9_0_2
2899 0 exec_9_0_3
2900 0 exec_9_0_4
2901 0 exec_9_0_5
2902 0 exec_9_0_6
2903 0 exec_9_0_7
2904 0 exec_9_0_8
2905 0 exec_9_1_0
2906 0 exec_9_1_1
2907 0 exec_9_1_2
2908 0 exec_9_1_3
2909 1 exec_9_1_4
2910 0 exec_9_1_5
2911 0 exec_9_1_6
2912 0 exec_9_1_7
2913 0 exec_9_1_8
2914 0 exec_9_2_0
2915 0 exec_9_2_1
2916 0 exec_9_2_2
2917 0 exec_9_2_3
2918 0 exec_9_2_4
2919 0 exec_9_2_5
2920 0 flush_9_0
2921 0 flush_9_1
2922 0 flush_9_2
2923 0 check_9_0
3225 0000000000000010 accu_10_0
3226 0000000000000001 accu_10_1
3227 0000000000000000 accu_10_2
3228 0000000000000000 mem_10_0
3229 0000000000000000 mem_10_1
3230 0000000000000000 mem_10_2
3231 0000000000000000 sb-adr_10_0
3232 0000000000000000 sb-adr_10_1
3233 0000000000000000 sb-adr_10_2
3234 0000000000000001 sb-val_10_0
3235 0000000000000001 sb-val_10_1
3236 0000000000000000 sb-val_10_2
3237 0 sb-full_10_0
3238 1 sb-full_10_1
3239 0 sb-full_10_2
3240 0 stmt_10_0_0
3241 0 stmt_10_0_1
3242 0 stmt_10_0_2
3243 0 stmt_10_0_3
3244 1 stmt_10_0_4
3245 0 stmt_10_0_5
3246 0 stmt_10_0_6
3247 0 stmt_10_0_7
3248 0 stmt_10_0_8
3249 0 stmt_10_1_0
3250 0 stmt_10_1_1
3251 0 stmt_10_1_2
3252 0 stmt_10_1_3
3253 0 stmt_10_1_4
3254 1 stmt_10_1_5
3255 0 stmt_10_1_6
3256 0 stmt_10_1_7
3257 0 stmt_10_1_8
3258 1 stmt_10_2_0
3259 0 stmt_10_2_1
3260 0 stmt_10_2_2
3261 0 stmt_10_2_3
3262 0 stmt_10_2_4
3263 0 stmt_10_2_5
3264 0 block_10_0_0
3265 0 block_10_0_1
3266 0 block_10_0_2
3267 0 halt_10_0
3268 0 halt_10_1
3269 0 halt_10_2
3270[0000000000000000] 0000000000000001 heap_10
3270[0000000000001010] 0000000000000010 heap_10
3270[0000000000001011] 0000000000000010 heap_10
3271 0 exit_10
3272 0 thread_10_0
3273 0 thread_10_1
3274 0 thread_10_2
3275 0 exec_10_0_0
3276 0 exec_10_0_1
3277 0 exec_10_0_2
3278 0 exec_10_0_3
3279 0 exec_10_0_4
3280 0 exec_10_0_5
3281 0 exec_10_0_6
3282 0 exec_10_0_7
3283 0 exec_10_0_8
3284 0 exec_10_1_0
3285 0 exec_10_1_1
3286 0 exec_10_1_2
3287 0 exec_10_1_3
3288 0 exec_10_1_4
3289 0 exec_10_1_5
3290 0 exec_10_1_6
3291 0 exec_10_1_7
3292 0 exec_10_1_8
3293 0 exec_10_2_0
3294 0 exec_10_2_1
3295 0 exec_10_2_2
3296 0 exec_10_2_3
3297 0 exec_10_2_4
3298 0 exec_10_2_5
3299 0 flush_10_0
3300 1 flush_10_1
3301 0 flush_10_2
3302 0 check_10_0
3604 0000000000000010 accu_11_0
3605 0000000000000001 accu_11_1
3606 0000000000000000 accu_11_2
3607 0000000000000000 mem_11_0
3608 0000000000000000 mem_11_1
3609 0000000000000000 mem_11_2
3610 0000000000000000 sb-adr_11_0
3611 0000000000000000 sb-adr_11_1
3612 0000000000000000 sb-adr_11_2
3613 0000000000000001 sb-val_11_0
3614 0000000000000001 sb-val_11_1
3615 0000000000000000 sb-val_11_2
3616 0 sb-full_11_0
3617 0 sb-full_11_1
3618 0 sb-full_11_2
3619 0 stmt_11_0_0
3620 0 stmt_11_0_1
3621 0 stmt_11_0_2
3622 0 stmt_11_0_3
3623 1 stmt_11_0_4
3624 0 stmt_11_0_5
3625 0 stmt_11_0_6
3626 0 stmt_11_0_7
3627 0 stmt_11_0_8
3628 0 stmt_11_1_0
3629 0 stmt_11_1_1
3630 0 stmt_11_1_2
3631 0 stmt_11_1_3
3632 0 stmt_11_1_4
3633 1 stmt_11_1_5
3634 0 stmt_11_1_6
3635 0 stmt_11_1_7
3636 0 stmt_11_1_8
3637 1 stmt_11_2_0
3638 0 stmt_11_2_1
3639 0 stmt_11_2_2
3640 0 stmt_11_2_3
3641 0 stmt_11_2_4
3642 0 stmt_11_2_5
3643 0 block_11_0_0
3644 0 block_11_0_1
3645 0 block_11_0_2
3646 0 halt_11_0
3647 0 halt_11_1
3648 0 halt_11_2
3649[0000000000000000] 0000000000000001 heap_11
3649[0000000000001010] 0000000000000010 heap_11
3649[0000000000001011] 0000000000000010 heap_11
3650 0 exit_11
3651 1 thread_11_0
3652 0 thread_11_1
3653 0 thread_11_2
3654 0 exec_11_0_0
3655 0 exec_11_0_1
3656 0 exec_11_0_2
3657 0 exec_11_0_3
3658 1 exec_11_0_4
3659 0 exec_11_0_5
3660 0 exec_11_0_6
3661 0 exec_11_0_7
3662 0 exec_11_0_8
3663 0 exec_11_1_0
3664 0 exec_11_1_1
3665 0 exec_11_1_2
3666 0 exec_11_1_3
3667 0 exec_11_1_4
3668 0 exec_11_1_5
3669 0 exec_11_1_6
3670 0 exec_11_1_7
3671 0 exec_11_1_8
3672 0 exec_11_2_0
3673 0 exec_11_2_1
3674 0 exec_11_2_2
3675 0 exec_11_2_3
3676 0 exec_11_2_4
3677 0 exec_11_2_5
3678 0 flush_11_0
3679 0 flush_11_1
3680 0 flush_11_2
3681 0 check_11_0
3983 0000000000000001 accu_12_0
3984 0000000000000001 accu_12_1
3985 0000000000000000 accu_12_2
3986 0000000000000000 mem_12_0
3987 0000000000000000 mem_12_1
3988 0000000000000000 mem_12_2
3989 0000000000000000 sb-adr_12_0
3990 0000000000000000 sb-adr_12_1
3991 0000000000000000 sb-adr_12_2
3992 0000000000000001 sb-val_12_0
3993 0000000000000001 sb-val_12_1
3994 0000000000000000 sb-val_12_2
3995 0 sb-full_12_0
3996 0 sb-full_12_1
3997 0 sb-full_12_2
3998 0 stmt_12_0_0
3999 0 stmt_12_0_1
4000 0 stmt_12_0_2
4001 0 stmt_12_0_3
4002 0 stmt_12_0_4
4003 1 stmt_12_0_5
4004 0 stmt_12_0_6
4005 0 stmt_12_0_7
4006 0 stmt_12_0_8
4007 0 stmt_12_1_0
4008 0 stmt_12_1_1
4009 0 stmt_12_1_2
4010 0 stmt_12_1_3
4011 0 stmt_12_1_4
4012 1 stmt_12_1_5
4013 0 stmt_12_1_6
4014 0 stmt_12_1_7
4015 0 stmt_12_1_8
4016 1 stmt_12_2_0
4017 0 stmt_12_2_1
4018 0 stmt_12_2_2
4019 0 stmt_12_2_3
4020 0 stmt_12_2_4
4021 0 stmt_12_2_5
4022 0 block_12_0_0
4023 0 block_12_0_1
4024 0 block_12_0_2
4025 0 halt_12_0
4026 0 halt_12_1
4027 0 halt_12_2
4028[0000000000000000] 0000000000000001 heap_12
4028[0000000000001010] 0000000000000010 heap_12
4028[0000000000001011] 0000000000000010 heap_12
4029 0 exit_12
4030 1 thread_12_0
4031 0 thread_12_1
4032 0 thread_12_2
4033 0 exec_12_0_0
4034 0 exec_12_0_1
4035 0 exec_12_0_2
4036 0 exec_12_0_3
4037 0 exec_12_0_4
4038 1 exec_12_0_5
4039 0 exec_12_0_6
4040 0 exec_12_0_7
4041 0 exec_12_0_8
4042 0 exec_12_1_0
4043 0 exec_12_1_1
4044 0 exec_12_1_2
4045 0 exec_12_1_3
4046 0 exec_12_1_4
4047 0 exec_12_1_5
4048 0 exec_12_1_6
4049 0 exec_12_1_7
4050 0 exec_12_1_8
4051 0 exec_12_2_0
4052 0 exec_12_2_1
4053 0 exec_12_2_2
4054 0 exec_12_2_3
4055 0 exec_12_2_4
4056 0 exec_12_2_5
4057 0 flush_12_0
4058 0 flush_12_1
4059 0 flush_12_2
4060 0 check_12_0
4362 0000000000000001 accu_13_0
4363 0000000000000001 accu_13_1
4364 0000000000000000 accu_13_2
4365 0000000000000000 mem_13_0
4366 0000000000000000 mem_13_1
4367 0000000000000000 mem_13_2
4368 0000000000001010 sb-adr_13_0
4369 0000000000000000 sb-adr_13_1
4370 0000000000000000 sb-adr_13_2
4371 0000000000000001 sb-val_13_0
4372 0000000000000001 sb-val_13_1
4373 0000000000000000 sb-val_13_2
4374 1 sb-full_13_0
4375 0 sb-full_13_1
4376 0 sb-full_13_2
4377 0 stmt_13_0_0
4378 0 stmt_13_0_1
4379 0 stmt_13_0_2
4380 0 stmt_13_0_3
4381 0 stmt_13_0_4
4382 0 stmt_13_0_5
4383 1 stmt_13_0_6
4384 0 stmt_13_0_7
4385 0 stmt_13_0_8
4386 0 stmt_13_1_0
4387 0 stmt_13_1_1
4388 0 stmt_13_1_2
4389 0 stmt_13_1_3
4390 0 stmt_13_1_4
4391 1 stmt_13_1_5
4392 0 stmt_13_1_6
4393 0 stmt_13_1_7
4394 0 stmt_13_1_8
4395 1 stmt_13_2_0
4396 0 stmt_13_2_1
4397 0 stmt_13_2_2
4398 0 stmt_13_2_3
4399 0 stmt_13_2_4
4400 0 stmt_13_2_5
4401 0 block_13_0_0
4402 0 block_13_0_1
4403 0 block_13_0_2
4404 0 halt_13_0
4405 0 halt_13_1
4406 0 halt_13_2
4407[0000000000000000] 0000000000000001 heap_13
4407[0000000000001010] 0000000000000010 heap_13
4407[0000000000001011] 0000000000000010 heap_13
4408 0 exit_13
4409 0 thread_13_0
4410 1 thread_13_1
4411 0 thread_13_2
4412 0 exec_13_0_0
4413 0 exec_13_0_1
4414 0 exec_13_0_2
4415 0 exec_13_0_3
4416 0 exec_13_0_4
4417 0 exec_13_0_5
4418 0 exec_13_0_6
4419 0 exec_13_0_7
4420 0 exec_13_0_8
4421 0 exec_13_1_0
4422 0 exec_13_1_1
4423 0 exec_13_1_2
4424 0 exec_13_1_3
4425 0 exec_13_1_4
4426 1 exec_13_1_5
4427 0 exec_13_1_6
4428 0 exec_13_1_7
4429 0 exec_13_1_8
4430 0 exec_13_2_0
4431 0 exec_13_2_1
4432 0 exec_13_2_2
4433 0 exec_13_2_3
4434 0 exec_13_2_4
4435 0 exec_13_2_5
4436 0 flush_13_0
4437 0 flush_13_1
4438 0 flush_13_2
4439 0 check_13_0
4741 0000000000000001 accu_14_0
4742 0000000000000001 accu_14_1
4743 0000000000000000 accu_14_2
4744 0000000000000000 mem_14_0
4745 0000000000000000 mem_14_1
4746 0000000000000000 mem_14_2
4747 0000000000001010 sb-adr_14_0
4748 0000000000001011 sb-adr_14_1
4749 0000000000000000 sb-adr_14_2
4750 0000000000000001 sb-val_14_0
4751 0000000000000001 sb-val_14_1
4752 0000000000000000 sb-val_14_2
4753 1 sb-full_14_0
4754 1 sb-full_14_1
4755 0 sb-full_14_2
4756 0 stmt_14_0_0
4757 0 stmt_14_0_1
4758 0 stmt_14_0_2
4759 0 stmt_14_0_3
4760 0 stmt_14_0_4
4761 0 stmt_14_0_5
4762 1 stmt_14_0_6
4763 0 stmt_14_0_7
4764 0 stmt_14_0_8
4765 0 stmt_14_1_0
4766 0 stmt_14_1_1
4767 0 stmt_14_1_2
4768 0 stmt_14_1_3
4769 0 stmt_14_1_4
4770 0 stmt_14_1_5
4771 1 stmt_14_1_6
4772 0 stmt_14_1_7
4773 0 stmt_14_1_8
4774 1 stmt_14_2_0
4775 0 stmt_14_2_1
4776 0 stmt_14_2_2
4777 0 stmt_14_2_3
4778 0 stmt_14_2_4
4779 0 stmt_14_2_5
4780 0 block_14_0_0
4781 0 block_14_0_1
4782 0 block_14_0_2
4783 0 halt_14_0
4784 0 halt_14_1
4785 0 halt_14_2
4786[0000000000000000] 0000000000000001 heap_14
4786[0000000000001010] 0000000000000010 heap_14
4786[0000000000001011] 0000000000000010 heap_14
4787 0 exit_14
4788 0 thread_14_0
4789 0 thread_14_1
4790 0 thread_14_2
4791 0 exec_14_0_0
4792 0 exec_14_0_1
4793 0 exec_14_0_2
4794 0 exec_14_0_3
4795 0 exec_14_0_4
4796 0 exec_14_0_5
4797 0 exec_14_0_6
4798 0 exec_14_0_7
4799 0 exec_14_0_8
4800 0 exec_14_1_0
4801 0 exec_14_1_1
4802 0 exec_14_1_2
4803 0 exec_14_1_3
4804 0 exec_14_1_4
4805 0 exec_14_1_5
4806 0 exec_14_1_6
4807 0 exec_14_1_7
4808 0 exec_14_1_8
4809 0 exec_14_2_0
4810 0 exec_14_2_1
4811 0 exec_14_2_2
4812 0 exec_14_2_3
4813 0 exec_14_2_4
4814 0 exec_14_2_5
4815 0 flush_14_0
4816 1 flush_14_1
4817 0 flush_14_2
4818 0 check_14_0
5120 0000000000000001 accu_15_0
5121 0000000000000001 accu_15_1
5122 0000000000000000 accu_15_2
5123 0000000000000000 mem_15_0
5124 0000000000000000 mem_15_1
5125 0000000000000000 mem_15_2
5126 0000000000001010 sb-adr_15_0
5127 0000000000001011 sb-adr_15_1
5128 0000000000000000 sb-adr_15_2
5129 0000000000000001 sb-val_15_0
5130 0000000000000001 sb-val_15_1
5131 0000000000000000 sb-val_15_2
5132 1 sb-full_15_0
5133 0 sb-full_15_1
5134 0 sb-full_15_2
5135 0 stmt_15_0_0
5136 0 stmt_15_0_1
5137 0 stmt_15_0_2
5138 0 stmt_15_0_3
5139 0 stmt_15_0_4
5140 0 stmt_15_0_5
5141 1 stmt_15_0_6
5142 0 stmt_15_0_7
5143 0 stmt_15_0_8
5144 0 stmt_15_1_0
5145 0 stmt_15_1_1
5146 0 stmt_15_1_2
5147 0 stmt_15_1_3
5148 0 stmt_15_1_4
5149 0 stmt_15_1_5
5150 1 stmt_15_1_6
5151 0 stmt_15_1_7
5152 0 stmt_15_1_8
5153 1 stmt_15_2_0
5154 0 stmt_15_2_1
5155 0 stmt_15_2_2
5156 0 stmt_15_2_3
5157 0 stmt_15_2_4
5158 0 stmt_15_2_5
5159 0 block_15_0_0
5160 0 block_15_0_1
5161 0 block_15_0_2
5162 0 halt_15_0
5163 0 halt_15_1
5164 0 halt_15_2
5165[0000000000000000] 0000000000000001 heap_15
5165[0000000000001010] 0000000000000010 heap_15
5165[0000000000001011] 0000000000000001 heap_15
5166 0 exit_15
5167 0 thread_15_0
5168 1 thread_15_1
5169 0 thread_15_2
5170 0 exec_15_0_0
5171 0 exec_15_0_1
5172 0 exec_15_0_2
5173 0 exec_15_0_3
5174 0 exec_15_0_4
5175 0 exec_15_0_5
5176 0 exec_15_0_6
5177 0 exec_15_0_7
5178 0 exec_15_0_8
5179 0 exec_15_1_0
5180 0 exec_15_1_1
5181 0 exec_15_1_2
5182 0 exec_15_1_3
5183 0 exec_15_1_4
5184 0 exec_15_1_5
5185 1 exec_15_1_6
5186 0 exec_15_1_7
5187 0 exec_15_1_8
5188 0 exec_15_2_0
5189 0 exec_15_2_1
5190 0 exec_15_2_2
5191 0 exec_15_2_3
5192 0 exec_15_2_4
5193 0 exec_15_2_5
5194 0 flush_15_0
5195 0 flush_15_1
5196 0 flush_15_2
5197 0 check_15_0
5499 0000000000000001 accu_16_0
5500 0000000000000001 accu_16_1
5501 0000000000000000 accu_16_2
5502 0000000000000000 mem_16_0
5503 0000000000000000 mem_16_1
5504 0000000000000000 mem_16_2
5505 0000000000001010 sb-adr_16_0
5506 0000000000001011 sb-adr_16_1
5507 0000000000000000 sb-adr_16_2
5508 0000000000000001 sb-val_16_0
5509 0000000000000001 sb-val_16_1
5510 0000000000000000 sb-val_16_2
5511 1 sb-full_16_0
5512 0 sb-full_16_1
5513 0 sb-full_16_2
5514 0 stmt_16_0_0
5515 0 stmt_16_0_1
5516 0 stmt_16_0_2
5517 0 stmt_16_0_3
5518 0 stmt_16_0_4
5519 0 stmt_16_0_5
5520 1 stmt_16_0_6
5521 0 stmt_16_0_7
5522 0 stmt_16_0_8
5523 1 stmt_16_1_0
5524 0 stmt_16_1_1
5525 0 stmt_16_1_2
5526 0 stmt_16_1_3
5527 0 stmt_16_1_4
5528 0 stmt_16_1_5
5529 0 stmt_16_1_6
5530 0 stmt_16_1_7
5531 0 stmt_16_1_8
5532 1 stmt_16_2_0
5533 0 stmt_16_2_1
5534 0 stmt_16_2_2
5535 0 stmt_16_2_3
5536 0 stmt_16_2_4
5537 0 stmt_16_2_5
5538 0 block_16_0_0
5539 0 block_16_0_1
5540 0 block_16_0_2
5541 0 halt_16_0
5542 0 halt_16_1
5543 0 halt_16_2
5544[0000000000000000] 0000000000000001 heap_16
5544[0000000000001010] 0000000000000010 heap_16
5544[0000000000001011] 0000000000000001 heap_16
5545 0 exit_16
5546 0 thread_16_0
5547 1 thread_16_1
5548 0 thread_16_2
5549 0 exec_16_0_0
5550 0 exec_16_0_1
5551 0 exec_16_0_2
5552 0 exec_16_0_3
5553 0 exec_16_0_4
5554 0 exec_16_0_5
5555 0 exec_16_0_6
5556 0 exec_16_0_7
5557 0 exec_16_0_8
5558 1 exec_16_1_0
5559 0 exec_16_1_1
5560 0 exec_16_1_2
5561 0 exec_16_1_3
5562 0 exec_16_1_4
5563 0 exec_16_1_5
5564 0 exec_16_1_6
5565 0 exec_16_1_7
5566 0 exec_16_1_8
5567 0 exec_16_2_0
5568 0 exec_16_2_1
5569 0 exec_16_2_2
5570 0 exec_16_2_3
5571 0 exec_16_2_4
5572 0 exec_16_2_5
5573 0 flush_16_0
5574 0 flush_16_1
5575 0 flush_16_2
5576 0 check_16_0
5878 0000000000000001 accu_17_0
5879 0000000000000001 accu_17_1
5880 0000000000000000 accu_17_2
5881 0000000000000000 mem_17_0
5882 0000000000000000 mem_17_1
5883 0000000000000000 mem_17_2
5884 0000000000001010 sb-adr_17_0
5885 0000000000001011 sb-adr_17_1
5886 0000000000000000 sb-adr_17_2
5887 0000000000000001 sb-val_17_0
5888 0000000000000001 sb-val_17_1
5889 0000000000000000 sb-val_17_2
5890 1 sb-full_17_0
5891 0 sb-full_17_1
5892 0 sb-full_17_2
5893 0 stmt_17_0_0
5894 0 stmt_17_0_1
5895 0 stmt_17_0_2
5896 0 stmt_17_0_3
5897 0 stmt_17_0_4
5898 0 stmt_17_0_5
5899 1 stmt_17_0_6
5900 0 stmt_17_0_7
5901 0 stmt_17_0_8
5902 0 stmt_17_1_0
5903 1 stmt_17_1_1
5904 0 stmt_17_1_2
5905 0 stmt_17_1_3
5906 0 stmt_17_1_4
5907 0 stmt_17_1_5
5908 0 stmt_17_1_6
5909 0 stmt_17_1_7
5910 0 stmt_17_1_8
5911 1 stmt_17_2_0
5912 0 stmt_17_2_1
5913 0 stmt_17_2_2
5914 0 stmt_17_2_3
5915 0 stmt_17_2_4
5916 0 stmt_17_2_5
5917 0 block_17_0_0
5918 0 block_17_0_1
5919 0 block_17_0_2
5920 0 halt_17_0
5921 0 halt_17_1
5922 0 halt_17_2
5923[0000000000000000] 0000000000000001 heap_17
5923[0000000000001010] 0000000000000010 heap_17
5923[0000000000001011] 0000000000000001 heap_17
5924 0 exit_17
5925 0 thread_17_0
5926 1 thread_17_1
5927 0 thread_17_2
5928 0 exec_17_0_0
5929 0 exec_17_0_1
5930 0 exec_17_0_2
5931 0 exec_17_0_3
5932 0 exec_17_0_4
5933 0 exec_17_0_5
5934 0 exec_17_0_6
5935 0 exec_17_0_7
5936 0 exec_17_0_8
5937 0 exec_17_1_0
5938 1 exec_17_1_1
5939 0 exec_17_1_2
5940 0 exec_17_1_3
5941 0 exec_17_1_4
5942 0 exec_17_1_5
5943 0 exec_17_1_6
5944 0 exec_17_1_7
5945 0 exec_17_1_8
5946 0 exec_17_2_0
5947 0 exec_17_2_1
5948 0 exec_17_2_2
5949 0 exec_17_2_3
5950 0 exec_17_2_4
5951 0 exec_17_2_5
5952 0 flush_17_0
5953 0 flush_17_1
5954 0 flush_17_2
5955 0 check_17_0
6257 0000000000000001 accu_18_0
6258 0000000000000010 accu_18_1
6259 0000000000000000 accu_18_2
6260 0000000000000000 mem_18_0
6261 0000000000000000 mem_18_1
6262 0000000000000000 mem_18_2
6263 0000000000001010 sb-adr_18_0
6264 0000000000001011 sb-adr_18_1
6265 0000000000000000 sb-adr_18_2
6266 0000000000000001 sb-val_18_0
6267 0000000000000001 sb-val_18_1
6268 0000000000000000 sb-val_18_2
6269 1 sb-full_18_0
6270 0 sb-full_18_1
6271 0 sb-full_18_2
6272 0 stmt_18_0_0
6273 0 stmt_18_0_1
6274 0 stmt_18_0_2
6275 0 stmt_18_0_3
6276 0 stmt_18_0_4
6277 0 stmt_18_0_5
6278 1 stmt_18_0_6
6279 0 stmt_18_0_7
6280 0 stmt_18_0_8
6281 0 stmt_18_1_0
6282 0 stmt_18_1_1
6283 1 stmt_18_1_2
6284 0 stmt_18_1_3
6285 0 stmt_18_1_4
6286 0 stmt_18_1_5
6287 0 stmt_18_1_6
6288 0 stmt_18_1_7
6289 0 stmt_18_1_8
6290 1 stmt_18_2_0
6291 0 stmt_18_2_1
6292 0 stmt_18_2_2
6293 0 stmt_18_2_3
6294 0 stmt_18_2_4
6295 0 stmt_18_2_5
6296 0 block_18_0_0
6297 0 block_18_0_1
6298 0 block_18_0_2
6299 0 halt_18_0
6300 0 halt_18_1
6301 0 halt_18_2
6302[0000000000000000] 0000000000000001 heap_18
6302[0000000000001010] 0000000000000010 heap_18
6302[0000000000001011] 0000000000000001 heap_18
6303 0 exit_18
6304 0 thread_18_0
6305 0 thread_18_1
6306 1 thread_18_2
6307 0 exec_18_0_0
6308 0 exec_18_0_1
6309 0 exec_18_0_2
6310 0 exec_18_0_3
6311 0 exec_18_0_4
6312 0 exec_18_0_5
6313 0 exec_18_0_6
6314 0 exec_18_0_7
6315 0 exec_18_0_8
6316 0 exec_18_1_0
6317 0 exec_18_1_1
6318 0 exec_18_1_2
6319 0 exec_18_1_3
6320 0 exec_18_1_4
6321 0 exec_18_1_5
6322 0 exec_18_1_6
6323 0 exec_18_1_7
6324 0 exec_18_1_8
6325 1 exec_18_2_0
6326 0 exec_18_2_1
6327 0 exec_18_2_2
6328 0 exec_18_2_3
6329 0 exec_18_2_4
6330 0 exec_18_2_5
6331 0 flush_18_0
6332 0 flush_18_1
6333 0 flush_18_2
6334 0 check_18_0
6636 0000000000000001 accu_19_0
6637 0000000000000010 accu_19_1
6638 0000000000000000 accu_19_2
6639 0000000000000000 mem_19_0
6640 0000000000000000 mem_19_1
6641 0000000000000000 mem_19_2
6642 0000000000001010 sb-adr_19_0
6643 0000000000001011 sb-adr_19_1
6644 0000000000000000 sb-adr_19_2
6645 0000000000000001 sb-val_19_0
6646 0000000000000001 sb-val_19_1
6647 0000000000000000 sb-val_19_2
6648 1 sb-full_19_0
6649 0 sb-full_19_1
6650 0 sb-full_19_2
6651 0 stmt_19_0_0
6652 0 stmt_19_0_1
6653 0 stmt_19_0_2
6654 0 stmt_19_0_3
6655 0 stmt_19_0_4
6656 0 stmt_19_0_5
6657 1 stmt_19_0_6
6658 0 stmt_19_0_7
6659 0 stmt_19_0_8
6660 0 stmt_19_1_0
6661 0 stmt_19_1_1
6662 1 stmt_19_1_2
6663 0 stmt_19_1_3
6664 0 stmt_19_1_4
6665 0 stmt_19_1_5
6666 0 stmt_19_1_6
6667 0 stmt_19_1_7
6668 0 stmt_19_1_8
6669 0 stmt_19_2_0
6670 1 stmt_19_2_1
6671 0 stmt_19_2_2
6672 0 stmt_19_2_3
6673 0 stmt_19_2_4
6674 0 stmt_19_2_5
6675 0 block_19_0_0
6676 0 block_19_0_1
6677 1 block_19_0_2
6678 0 halt_19_0
6679 0 halt_19_1
6680 0 halt_19_2
6681[0000000000000000] 0000000000000001 heap_19
6681[0000000000001010] 0000000000000010 heap_19
6681[0000000000001011] 0000000000000001 heap_19
6682 0 exit_19
6683 0 thread_19_0
6684 1 thread_19_1
6685 0 thread_19_2
6686 0 exec_19_0_0
6687 0 exec_19_0_1
6688 0 exec_19_0_2
6689 0 exec_19_0_3
6690 0 exec_19_0_4
6691 0 exec_19_0_5
6692 0 exec_19_0_6
6693 0 exec_19_0_7
6694 0 exec_19_0_8
6695 0 exec_19_1_0
6696 0 exec_19_1_1
6697 1 exec_19_1_2
6698 0 exec_19_1_3
6699 0 exec_19_1_4
6700 0 exec_19_1_5
6701 0 exec_19_1_6
6702 0 exec_19_1_7
6703 0 exec_19_1_8
6704 0 exec_19_2_0
6705 0 exec_19_2_1
6706 0 exec_19_2_2
6707 0 exec_19_2_3
6708 0 exec_19_2_4
6709 0 exec_19_2_5
6710 0 flush_19_0
6711 0 flush_19_1
6712 0 flush_19_2
6713 0 check_19_0
7015 0000000000000001 accu_20_0
7016 0000000000000010 accu_20_1
7017 0000000000000000 accu_20_2
7018 0000000000000000 mem_20_0
7019 0000000000000000 mem_20_1
7020 0000000000000000 mem_20_2
7021 0000000000001010 sb-adr_20_0
7022 0000000000000000 sb-adr_20_1
7023 0000000000000000 sb-adr_20_2
7024 0000000000000001 sb-val_20_0
7025 0000000000000010 sb-val_20_1
7026 0000000000000000 sb-val_20_2
7027 1 sb-full_20_0
7028 1 sb-full_20_1
7029 0 sb-full_20_2
7030 0 stmt_20_0_0
7031 0 stmt_20_0_1
7032 0 stmt_20_0_2
7033 0 stmt_20_0_3
7034 0 stmt_20_0_4
7035 0 stmt_20_0_5
7036 1 stmt_20_0_6
7037 0 stmt_20_0_7
7038 0 stmt_20_0_8
7039 0 stmt_20_1_0
7040 0 stmt_20_1_1
7041 0 stmt_20_1_2
7042 1 stmt_20_1_3
7043 0 stmt_20_1_4
7044 0 stmt_20_1_5
7045 0 stmt_20_1_6
7046 0 stmt_20_1_7
7047 0 stmt_20_1_8
7048 0 stmt_20_2_0
7049 1 stmt_20_2_1
7050 0 stmt_20_2_2
7051 0 stmt_20_2_3
7052 0 stmt_20_2_4
7053 0 stmt_20_2_5
7054 0 block_20_0_0
7055 0 block_20_0_1
7056 1 block_20_0_2
7057 0 halt_20_0
7058 0 halt_20_1
7059 0 halt_20_2
7060[0000000000000000] 0000000000000001 heap_20
7060[0000000000001010] 0000000000000010 heap_20
7060[0000000000001011] 0000000000000001 heap_20
7061 0 exit_20
7062 0 thread_20_0
7063 0 thread_20_1
7064 0 thread_20_2
7065 0 exec_20_0_0
7066 0 exec_20_0_1
7067 0 exec_20_0_2
7068 0 exec_20_0_3
7069 0 exec_20_0_4
7070 0 exec_20_0_5
7071 0 exec_20_0_6
7072 0 exec_20_0_7
7073 0 exec_20_0_8
7074 0 exec_20_1_0
7075 0 exec_20_1_1
7076 0 exec_20_1_2
7077 0 exec_20_1_3
7078 0 exec_20_1_4
7079 0 exec_20_1_5
7080 0 exec_20_1_6
7081 0 exec_20_1_7
7082 0 exec_20_1_8
7083 0 exec_20_2_0
7084 0 exec_20_2_1
7085 0 exec_20_2_2
7086 0 exec_20_2_3
7087 0 exec_20_2_4
7088 0 exec_20_2_5
7089 0 flush_20_0
7090 1 flush_20_1
7091 0 flush_20_2
7092 0 check_20_0
7394 0000000000000001 accu_21_0
7395 0000000000000010 accu_21_1
7396 0000000000000000 accu_21_2
7397 0000000000000000 mem_21_0
7398 0000000000000000 mem_21_1
7399 0000000000000000 mem_21_2
7400 0000000000001010 sb-adr_21_0
7401 0000000000000000 sb-adr_21_1
7402 0000000000000000 sb-adr_21_2
7403 0000000000000001 sb-val_21_0
7404 0000000000000010 sb-val_21_1
7405 0000000000000000 sb-val_21_2
7406 1 sb-full_21_0
7407 0 sb-full_21_1
7408 0 sb-full_21_2
7409 0 stmt_21_0_0
7410 0 stmt_21_0_1
7411 0 stmt_21_0_2
7412 0 stmt_21_0_3
7413 0 stmt_21_0_4
7414 0 stmt_21_0_5
7415 1 stmt_21_0_6
7416 0 stmt_21_0_7
7417 0 stmt_21_0_8
7418 0 stmt_21_1_0
7419 0 stmt_21_1_1
7420 0 stmt_21_1_2
7421 1 stmt_21_1_3
7422 0 stmt_21_1_4
7423 0 stmt_21_1_5
7424 0 stmt_21_1_6
7425 0 stmt_21_1_7
7426 0 stmt_21_1_8
7427 0 stmt_21_2_0
7428 1 stmt_21_2_1
7429 0 stmt_21_2_2
7430 0 stmt_21_2_3
7431 0 stmt_21_2_4
7432 0 stmt_21_2_5
7433 0 block_21_0_0
7434 0 block_21_0_1
7435 1 block_21_0_2
7436 0 halt_21_0
7437 0 halt_21_1
7438 0 halt_21_2
7439[0000000000000000] 0000000000000010 heap_21
7439[0000000000001010] 0000000000000010 heap_21
7439[0000000000001011] 0000000000000001 heap_21
7440 0 exit_21
7441 0 thread_21_0
7442 1 thread_21_1
7443 0 thread_21_2
7444 0 exec_21_0_0
7445 0 exec_21_0_1
7446 0 exec_21_0_2
7447 0 exec_21_0_3
7448 0 exec_21_0_4
7449 0 exec_21_0_5
7450 0 exec_21_0_6
7451 0 exec_21_0_7
7452 0 exec_21_0_8
7453 0 exec_21_1_0
7454 0 exec_21_1_1
7455 0 exec_21_1_2
7456 1 exec_21_1_3
7457 0 exec_21_1_4
7458 0 exec_21_1_5
7459 0 exec_21_1_6
7460 0 exec_21_1_7
7461 0 exec_21_1_8
7462 0 exec_21_2_0
7463 0 exec_21_2_1
7464 0 exec_21_2_2
7465 0 exec_21_2_3
7466 0 exec_21_2_4
7467 0 exec_21_2_5
7468 0 flush_21_0
7469 0 flush_21_1
7470 0 flush_21_2
7471 0 check_21_0
7773 0000000000000001 accu_22_0
7774 0000000000000001 accu_22_1
7775 0000000000000000 accu_22_2
7776 0000000000000000 mem_22_0
7777 0000000000000000 mem_22_1
7778 0000000000000000 mem_22_2
7779 0000000000001010 sb-adr_22_0
7780 0000000000000000 sb-adr_22_1
7781 0000000000000000 sb-adr_22_2
7782 0000000000000001 sb-val_22_0
7783 0000000000000010 sb-val_22_1
7784 0000000000000000 sb-val_22_2
7785 1 sb-full_22_0
7786 0 sb-full_22_1
7787 0 sb-full_22_2
7788 0 stmt_22_0_0
7789 0 stmt_22_0_1
7790 0 stmt_22_0_2
7791 0 stmt_22_0_3
7792 0 stmt_22_0_4
7793 0 stmt_22_0_5
7794 1 stmt_22_0_6
7795 0 stmt_22_0_7
7796 0 stmt_22_0_8
7797 0 stmt_22_1_0
7798 0 stmt_22_1_1
7799 0 stmt_22_1_2
7800 0 stmt_22_1_3
7801 1 stmt_22_1_4
7802 0 stmt_22_1_5
7803 0 stmt_22_1_6
7804 0 stmt_22_1_7
7805 0 stmt_22_1_8
7806 0 stmt_22_2_0
7807 1 stmt_22_2_1
7808 0 stmt_22_2_2
7809 0 stmt_22_2_3
7810 0 stmt_22_2_4
7811 0 stmt_22_2_5
7812 0 block_22_0_0
7813 0 block_22_0_1
7814 1 block_22_0_2
7815 0 halt_22_0
7816 0 halt_22_1
7817 0 halt_22_2
7818[0000000000000000] 0000000000000010 heap_22
7818[0000000000001010] 0000000000000010 heap_22
7818[0000000000001011] 0000000000000001 heap_22
7819 0 exit_22
7820 0 thread_22_0
7821 1 thread_22_1
7822 0 thread_22_2
7823 0 exec_22_0_0
7824 0 exec_22_0_1
7825 0 exec_22_0_2
7826 0 exec_22_0_3
7827 0 exec_22_0_4
7828 0 exec_22_0_5
7829 0 exec_22_0_6
7830 0 exec_22_0_7
7831 0 exec_22_0_8
7832 0 exec_22_1_0
7833 0 exec_22_1_1
7834 0 exec_22_1_2
7835 0 exec_22_1_3
7836 1 exec_22_1_4
7837 0 exec_22_1_5
7838 0 exec_22_1_6
7839 0 exec_22_1_7
7840 0 exec_22_1_8
7841 0 exec_22_2_0
7842 0 exec_22_2_1
7843 0 exec_22_2_2
7844 0 exec_22_2_3
7845 0 exec_22_2_4
7846 0 exec_22_2_5
7847 0 flush_22_0
7848 0 flush_22_1
7849 0 flush_22_2
7850 0 check_22_0
8152 0000000000000001 accu_23_0
8153 0000000000000000 accu_23_1
8154 0000000000000000 accu_23_2
8155 0000000000000000 mem_23_0
8156 0000000000000000 mem_23_1
8157 0000000000000000 mem_23_2
8158 0000000000001010 sb-adr_23_0
8159 0000000000000000 sb-adr_23_1
8160 0000000000000000 sb-adr_23_2
8161 0000000000000001 sb-val_23_0
8162 0000000000000010 sb-val_23_1
8163 0000000000000000 sb-val_23_2
8164 1 sb-full_23_0
8165 0 sb-full_23_1
8166 0 sb-full_23_2
8167 0 stmt_23_0_0
8168 0 stmt_23_0_1
8169 0 stmt_23_0_2
8170 0 stmt_23_0_3
8171 0 stmt_23_0_4
8172 0 stmt_23_0_5
8173 1 stmt_23_0_6
8174 0 stmt_23_0_7
8175 0 stmt_23_0_8
8176 0 stmt_23_1_0
8177 0 stmt_23_1_1
8178 0 stmt_23_1_2
8179 0 stmt_23_1_3
8180 0 stmt_23_1_4
8181 1 stmt_23_1_5
8182 0 stmt_23_1_6
8183 0 stmt_23_1_7
8184 0 stmt_23_1_8
8185 0 stmt_23_2_0
8186 1 stmt_23_2_1
8187 0 stmt_23_2_2
8188 0 stmt_23_2_3
8189 0 stmt_23_2_4
8190 0 stmt_23_2_5
8191 0 block_23_0_0
8192 0 block_23_0_1
8193 1 block_23_0_2
8194 0 halt_23_0
8195 0 halt_23_1
8196 0 halt_23_2
8197[0000000000000000] 0000000000000010 heap_23
8197[0000000000001010] 0000000000000010 heap_23
8197[0000000000001011] 0000000000000001 heap_23
8198 0 exit_23
8199 1 thread_23_0
8200 0 thread_23_1
8201 0 thread_23_2
8202 0 exec_23_0_0
8203 0 exec_23_0_1
8204 0 exec_23_0_2
8205 0 exec_23_0_3
8206 0 exec_23_0_4
8207 0 exec_23_0_5
8208 1 exec_23_0_6
8209 0 exec_23_0_7
8210 0 exec_23_0_8
8211 0 exec_23_1_0
8212 0 exec_23_1_1
8213 0 exec_23_1_2
8214 0 exec_23_1_3
8215 0 exec_23_1_4
8216 0 exec_23_1_5
8217 0 exec_23_1_6
8218 0 exec_23_1_7
8219 0 exec_23_1_8
8220 0 exec_23_2_0
8221 0 exec_23_2_1
8222 0 exec_23_2_2
8223 0 exec_23_2_3
8224 0 exec_23_2_4
8225 0 exec_23_2_5
8226 0 flush_23_0
8227 0 flush_23_1
8228 0 flush_23_2
8229 0 check_23_0
8531 0000000000000001 accu_24_0
8532 0000000000000000 accu_24_1
8533 0000000000000000 accu_24_2
8534 0000000000000000 mem_24_0
8535 0000000000000000 mem_24_1
8536 0000000000000000 mem_24_2
8537 0000000000001010 sb-adr_24_0
8538 0000000000000000 sb-adr_24_1
8539 0000000000000000 sb-adr_24_2
8540 0000000000000001 sb-val_24_0
8541 0000000000000010 sb-val_24_1
8542 0000000000000000 sb-val_24_2
8543 1 sb-full_24_0
8544 0 sb-full_24_1
8545 0 sb-full_24_2
8546 1 stmt_24_0_0
8547 0 stmt_24_0_1
8548 0 stmt_24_0_2
8549 0 stmt_24_0_3
8550 0 stmt_24_0_4
8551 0 stmt_24_0_5
8552 0 stmt_24_0_6
8553 0 stmt_24_0_7
8554 0 stmt_24_0_8
8555 0 stmt_24_1_0
8556 0 stmt_24_1_1
8557 0 stmt_24_1_2
8558 0 stmt_24_1_3
8559 0 stmt_24_1_4
8560 1 stmt_24_1_5
8561 0 stmt_24_1_6
8562 0 stmt_24_1_7
8563 0 stmt_24_1_8
8564 0 stmt_24_2_0
8565 1 stmt_24_2_1
8566 0 stmt_24_2_2
8567 0 stmt_24_2_3
8568 0 stmt_24_2_4
8569 0 stmt_24_2_5
8570 0 block_24_0_0
8571 0 block_24_0_1
8572 1 block_24_0_2
8573 0 halt_24_0
8574 0 halt_24_1
8575 0 halt_24_2
8576[0000000000000000] 0000000000000010 heap_24
8576[0000000000001010] 0000000000000010 heap_24
8576[0000000000001011] 0000000000000001 heap_24
8577 0 exit_24
8578 0 thread_24_0
8579 1 thread_24_1
8580 0 thread_24_2
8581 0 exec_24_0_0
8582 0 exec_24_0_1
8583 0 exec_24_0_2
8584 0 exec_24_0_3
8585 0 exec_24_0_4
8586 0 exec_24_0_5
8587 0 exec_24_0_6
8588 0 exec_24_0_7
8589 0 exec_24_0_8
8590 0 exec_24_1_0
8591 0 exec_24_1_1
8592 0 exec_24_1_2
8593 0 exec_24_1_3
8594 0 exec_24_1_4
8595 1 exec_24_1_5
8596 0 exec_24_1_6
8597 0 exec_24_1_7
8598 0 exec_24_1_8
8599 0 exec_24_2_0
8600 0 exec_24_2_1
8601 0 exec_24_2_2
8602 0 exec_24_2_3
8603 0 exec_24_2_4
8604 0 exec_24_2_5
8605 0 flush_24_0
8606 0 flush_24_1
8607 0 flush_24_2
8608 0 check_24_0
8910 0000000000000001 accu_25_0
8911 0000000000000000 accu_25_1
8912 0000000000000000 accu_25_2
8913 0000000000000000 mem_25_0
8914 0000000000000000 mem_25_1
8915 0000000000000000 mem_25_2
8916 0000000000001010 sb-adr_25_0
8917 0000000000001011 sb-adr_25_1
8918 0000000000000000 sb-adr_25_2
8919 0000000000000001 sb-val_25_0
8920 0000000000000000 sb-val_25_1
8921 0000000000000000 sb-val_25_2
8922 1 sb-full_25_0
8923 1 sb-full_25_1
8924 0 sb-full_25_2
8925 1 stmt_25_0_0
8926 0 stmt_25_0_1
8927 0 stmt_25_0_2
8928 0 stmt_25_0_3
8929 0 stmt_25_0_4
8930 0 stmt_25_0_5
8931 0 stmt_25_0_6
8932 0 stmt_25_0_7
8933 0 stmt_25_0_8
8934 0 stmt_25_1_0
8935 0 stmt_25_1_1
8936 0 stmt_25_1_2
8937 0 stmt_25_1_3
8938 0 stmt_25_1_4
8939 0 stmt_25_1_5
8940 1 stmt_25_1_6
8941 0 stmt_25_1_7
8942 0 stmt_25_1_8
8943 0 stmt_25_2_0
8944 1 stmt_25_2_1
8945 0 stmt_25_2_2
8946 0 stmt_25_2_3
8947 0 stmt_25_2_4
8948 0 stmt_25_2_5
8949 0 block_25_0_0
8950 0 block_25_0_1
8951 1 block_25_0_2
8952 0 halt_25_0
8953 0 halt_25_1
8954 0 halt_25_2
8955[0000000000000000] 0000000000000010 heap_25
8955[0000000000001010] 0000000000000010 heap_25
8955[0000000000001011] 0000000000000001 heap_25
8956 0 exit_25
8957 0 thread_25_0
8958 1 thread_25_1
8959 0 thread_25_2
8960 0 exec_25_0_0
8961 0 exec_25_0_1
8962 0 exec_25_0_2
8963 0 exec_25_0_3
8964 0 exec_25_0_4
8965 0 exec_25_0_5
8966 0 exec_25_0_6
8967 0 exec_25_0_7
8968 0 exec_25_0_8
8969 0 exec_25_1_0
8970 0 exec_25_1_1
8971 0 exec_25_1_2
8972 0 exec_25_1_3
8973 0 exec_25_1_4
8974 0 exec_25_1_5
8975 1 exec_25_1_6
8976 0 exec_25_1_7
8977 0 exec_25_1_8
8978 0 exec_25_2_0
8979 0 exec_25_2_1
8980 0 exec_25_2_2
8981 0 exec_25_2_3
8982 0 exec_25_2_4
8983 0 exec_25_2_5
8984 0 flush_25_0
8985 0 flush_25_1
8986 0 flush_25_2
8987 0 check_25_0
9289 0000000000000001 accu_26_0
9290 0000000000000000 accu_26_1
9291 0000000000000000 accu_26_2
9292 0000000000000000 mem_26_0
9293 0000000000000000 mem_26_1
9294 0000000000000000 mem_26_2
9295 0000000000001010 sb-adr_26_0
9296 0000000000001011 sb-adr_26_1
9297 0000000000000000 sb-adr_26_2
9298 0000000000000001 sb-val_26_0
9299 0000000000000000 sb-val_26_1
9300 0000000000000000 sb-val_26_2
9301 1 sb-full_26_0
9302 1 sb-full_26_1
9303 0 sb-full_26_2
9304 1 stmt_26_0_0
9305 0 stmt_26_0_1
9306 0 stmt_26_0_2
9307 0 stmt_26_0_3
9308 0 stmt_26_0_4
9309 0 stmt_26_0_5
9310 0 stmt_26_0_6
9311 0 stmt_26_0_7
9312 0 stmt_26_0_8
9313 0 stmt_26_1_0
9314 0 stmt_26_1_1
9315 0 stmt_26_1_2
9316 0 stmt_26_1_3
9317 0 stmt_26_1_4
9318 0 stmt_26_1_5
9319 0 stmt_26_1_6
9320 1 stmt_26_1_7
9321 0 stmt_26_1_8
9322 0 stmt_26_2_0
9323 1 stmt_26_2_1
9324 0 stmt_26_2_2
9325 0 stmt_26_2_3
9326 0 stmt_26_2_4
9327 0 stmt_26_2_5
9328 0 block_26_0_0
9329 0 block_26_0_1
9330 1 block_26_0_2
9331 0 halt_26_0
9332 0 halt_26_1
9333 0 halt_26_2
9334[0000000000000000] 0000000000000010 heap_26
9334[0000000000001010] 0000000000000010 heap_26
9334[0000000000001011] 0000000000000001 heap_26
9335 0 exit_26
9336 0 thread_26_0
9337 1 thread_26_1
9338 0 thread_26_2
9339 0 exec_26_0_0
9340 0 exec_26_0_1
9341 0 exec_26_0_2
9342 0 exec_26_0_3
9343 0 exec_26_0_4
9344 0 exec_26_0_5
9345 0 exec_26_0_6
9346 0 exec_26_0_7
9347 0 exec_26_0_8
9348 0 exec_26_1_0
9349 0 exec_26_1_1
9350 0 exec_26_1_2
9351 0 exec_26_1_3
9352 0 exec_26_1_4
9353 0 exec_26_1_5
9354 0 exec_26_1_6
9355 1 exec_26_1_7
9356 0 exec_26_1_8
9357 0 exec_26_2_0
9358 0 exec_26_2_1
9359 0 exec_26_2_2
9360 0 exec_26_2_3
9361 0 exec_26_2_4
9362 0 exec_26_2_5
9363 0 flush_26_0
9364 0 flush_26_1
9365 0 flush_26_2
9366 0 check_26_0
9668 0000000000000001 accu_27_0
9669 0000000000000000 accu_27_1
9670 0000000000000000 accu_27_2
9671 0000000000000000 mem_27_0
9672 0000000000000000 mem_27_1
9673 0000000000000000 mem_27_2
9674 0000000000001010 sb-adr_27_0
9675 0000000000001011 sb-adr_27_1
9676 0000000000000000 sb-adr_27_2
9677 0000000000000001 sb-val_27_0
9678 0000000000000000 sb-val_27_1
9679 0000000000000000 sb-val_27_2
9680 1 sb-full_27_0
9681 1 sb-full_27_1
9682 0 sb-full_27_2
9683 1 stmt_27_0_0
9684 0 stmt_27_0_1
9685 0 stmt_27_0_2
9686 0 stmt_27_0_3
9687 0 stmt_27_0_4
9688 0 stmt_27_0_5
9689 0 stmt_27_0_6
9690 0 stmt_27_0_7
9691 0 stmt_27_0_8
9692 0 stmt_27_1_0
9693 0 stmt_27_1_1
9694 0 stmt_27_1_2
9695 0 stmt_27_1_3
9696 0 stmt_27_1_4
9697 0 stmt_27_1_5
9698 0 stmt_27_1_6
9699 0 stmt_27_1_7
9700 1 stmt_27_1_8
9701 0 stmt_27_2_0
9702 1 stmt_27_2_1
9703 0 stmt_27_2_2
9704 0 stmt_27_2_3
9705 0 stmt_27_2_4
9706 0 stmt_27_2_5
9707 0 block_27_0_0
9708 1 block_27_0_1
9709 1 block_27_0_2
9710 0 halt_27_0
9711 0 halt_27_1
9712 0 halt_27_2
9713[0000000000000000] 0000000000000010 heap_27
9713[0000000000001010] 0000000000000010 heap_27
9713[0000000000001011] 0000000000000001 heap_27
9714 0 exit_27
9715 0 thread_27_0
9716 0 thread_27_1
9717 0 thread_27_2
9718 0 exec_27_0_0
9719 0 exec_27_0_1
9720 0 exec_27_0_2
9721 0 exec_27_0_3
9722 0 exec_27_0_4
9723 0 exec_27_0_5
9724 0 exec_27_0_6
9725 0 exec_27_0_7
9726 0 exec_27_0_8
9727 0 exec_27_1_0
9728 0 exec_27_1_1
9729 0 exec_27_1_2
9730 0 exec_27_1_3
9731 0 exec_27_1_4
9732 0 exec_27_1_5
9733 0 exec_27_1_6
9734 0 exec_27_1_7
9735 0 exec_27_1_8
9736 0 exec_27_2_0
9737 0 exec_27_2_1
9738 0 exec_27_2_2
9739 0 exec_27_2_3
9740 0 exec_27_2_4
9741 0 exec_27_2_5
9742 0 flush_27_0
9743 1 flush_27_1
9744 0 flush_27_2
9745 0 check_27_0
10047 0000000000000001 accu_28_0
10048 0000000000000000 accu_28_1
10049 0000000000000000 accu_28_2
10050 0000000000000000 mem_28_0
10051 0000000000000000 mem_28_1
10052 0000000000000000 mem_28_2
10053 0000000000001010 sb-adr_28_0
10054 0000000000001011 sb-adr_28_1
10055 0000000000000000 sb-adr_28_2
10056 0000000000000001 sb-val_28_0
10057 0000000000000000 sb-val_28_1
10058 0000000000000000 sb-val_28_2
10059 1 sb-full_28_0
10060 0 sb-full_28_1
10061 0 sb-full_28_2
10062 1 stmt_28_0_0
10063 0 stmt_28_0_1
10064 0 stmt_28_0_2
10065 0 stmt_28_0_3
10066 0 stmt_28_0_4
10067 0 stmt_28_0_5
10068 0 stmt_28_0_6
10069 0 stmt_28_0_7
10070 0 stmt_28_0_8
10071 0 stmt_28_1_0
10072 0 stmt_28_1_1
10073 0 stmt_28_1_2
10074 0 stmt_28_1_3
10075 0 stmt_28_1_4
10076 0 stmt_28_1_5
10077 0 stmt_28_1_6
10078 0 stmt_28_1_7
10079 1 stmt_28_1_8
10080 0 stmt_28_2_0
10081 1 stmt_28_2_1
10082 0 stmt_28_2_2
10083 0 stmt_28_2_3
10084 0 stmt_28_2_4
10085 0 stmt_28_2_5
10086 0 block_28_0_0
10087 1 block_28_0_1
10088 1 block_28_0_2
10089 0 halt_28_0
10090 0 halt_28_1
10091 0 halt_28_2
10092[0000000000000000] 0000000000000010 heap_28
10092[0000000000001010] 0000000000000010 heap_28
10092[0000000000001011] 0000000000000000 heap_28
10093 0 exit_28
10094 1 thread_28_0
10095 0 thread_28_1
10096 0 thread_28_2
10097 1 exec_28_0_0
10098 0 exec_28_0_1
10099 0 exec_28_0_2
10100 0 exec_28_0_3
10101 0 exec_28_0_4
10102 0 exec_28_0_5
10103 0 exec_28_0_6
10104 0 exec_28_0_7
10105 0 exec_28_0_8
10106 0 exec_28_1_0
10107 0 exec_28_1_1
10108 0 exec_28_1_2
10109 0 exec_28_1_3
10110 0 exec_28_1_4
10111 0 exec_28_1_5
10112 0 exec_28_1_6
10113 0 exec_28_1_7
10114 0 exec_28_1_8
10115 0 exec_28_2_0
10116 0 exec_28_2_1
10117 0 exec_28_2_2
10118 0 exec_28_2_3
10119 0 exec_28_2_4
10120 0 exec_28_2_5
10121 0 flush_28_0
10122 0 flush_28_1
10123 0 flush_28_2
10124 0 check_28_0
10426 0000000000000010 accu_29_0
10427 0000000000000000 accu_29_1
10428 0000000000000000 accu_29_2
10429 0000000000000000 mem_29_0
10430 0000000000000000 mem_29_1
10431 0000000000000000 mem_29_2
10432 0000000000001010 sb-adr_29_0
10433 0000000000001011 sb-adr_29_1
10434 0000000000000000 sb-adr_29_2
10435 0000000000000001 sb-val_29_0
10436 0000000000000000 sb-val_29_1
10437 0000000000000000 sb-val_29_2
10438 1 sb-full_29_0
10439 0 sb-full_29_1
10440 0 sb-full_29_2
10441 0 stmt_29_0_0
10442 1 stmt_29_0_1
10443 0 stmt_29_0_2
10444 0 stmt_29_0_3
10445 0 stmt_29_0_4
10446 0 stmt_29_0_5
10447 0 stmt_29_0_6
10448 0 stmt_29_0_7
10449 0 stmt_29_0_8
10450 0 stmt_29_1_0
10451 0 stmt_29_1_1
10452 0 stmt_29_1_2
10453 0 stmt_29_1_3
10454 0 stmt_29_1_4
10455 0 stmt_29_1_5
10456 0 stmt_29_1_6
10457 0 stmt_29_1_7
10458 1 stmt_29_1_8
10459 0 stmt_29_2_0
10460 1 stmt_29_2_1
10461 0 stmt_29_2_2
10462 0 stmt_29_2_3
10463 0 stmt_29_2_4
10464 0 stmt_29_2_5
10465 0 block_29_0_0
10466 1 block_29_0_1
10467 1 block_29_0_2
10468 0 halt_29_0
10469 0 halt_29_1
10470 0 halt_29_2
10471[0000000000000000] 0000000000000010 heap_29
10471[0000000000001010] 0000000000000010 heap_29
10471[0000000000001011] 0000000000000000 heap_29
10472 0 exit_29
10473 1 thread_29_0
10474 0 thread_29_1
10475 0 thread_29_2
10476 0 exec_29_0_0
10477 1 exec_29_0_1
10478 0 exec_29_0_2
10479 0 exec_29_0_3
10480 0 exec_29_0_4
10481 0 exec_29_0_5
10482 0 exec_29_0_6
10483 0 exec_29_0_7
10484 0 exec_29_0_8
10485 0 exec_29_1_0
10486 0 exec_29_1_1
10487 0 exec_29_1_2
10488 0 exec_29_1_3
10489 0 exec_29_1_4
10490 0 exec_29_1_5
10491 0 exec_29_1_6
10492 0 exec_29_1_7
10493 0 exec_29_1_8
10494 0 exec_29_2_0
10495 0 exec_29_2_1
10496 0 exec_29_2_2
10497 0 exec_29_2_3
10498 0 exec_29_2_4
10499 0 exec_29_2_5
10500 0 flush_29_0
10501 0 flush_29_1
10502 0 flush_29_2
10503 0 check_29_0
10805 0000000000000011 accu_30_0
10806 0000000000000000 accu_30_1
10807 0000000000000000 accu_30_2
10808 0000000000000000 mem_30_0
10809 0000000000000000 mem_30_1
10810 0000000000000000 mem_30_2
10811 0000000000001010 sb-adr_30_0
10812 0000000000001011 sb-adr_30_1
10813 0000000000000000 sb-adr_30_2
10814 0000000000000001 sb-val_30_0
10815 0000000000000000 sb-val_30_1
10816 0000000000000000 sb-val_30_2
10817 1 sb-full_30_0
10818 0 sb-full_30_1
10819 0 sb-full_30_2
10820 0 stmt_30_0_0
10821 0 stmt_30_0_1
10822 1 stmt_30_0_2
10823 0 stmt_30_0_3
10824 0 stmt_30_0_4
10825 0 stmt_30_0_5
10826 0 stmt_30_0_6
10827 0 stmt_30_0_7
10828 0 stmt_30_0_8
10829 0 stmt_30_1_0
10830 0 stmt_30_1_1
10831 0 stmt_30_1_2
10832 0 stmt_30_1_3
10833 0 stmt_30_1_4
10834 0 stmt_30_1_5
10835 0 stmt_30_1_6
10836 0 stmt_30_1_7
10837 1 stmt_30_1_8
10838 0 stmt_30_2_0
10839 1 stmt_30_2_1
10840 0 stmt_30_2_2
10841 0 stmt_30_2_3
10842 0 stmt_30_2_4
10843 0 stmt_30_2_5
10844 0 block_30_0_0
10845 1 block_30_0_1
10846 1 block_30_0_2
10847 0 halt_30_0
10848 0 halt_30_1
10849 0 halt_30_2
10850[0000000000000000] 0000000000000010 heap_30
10850[0000000000001010] 0000000000000010 heap_30
10850[0000000000001011] 0000000000000000 heap_30
10851 0 exit_30
10852 0 thread_30_0
10853 0 thread_30_1
10854 0 thread_30_2
10855 0 exec_30_0_0
10856 0 exec_30_0_1
10857 0 exec_30_0_2
10858 0 exec_30_0_3
10859 0 exec_30_0_4
10860 0 exec_30_0_5
10861 0 exec_30_0_6
10862 0 exec_30_0_7
10863 0 exec_30_0_8
10864 0 exec_30_1_0
10865 0 exec_30_1_1
10866 0 exec_30_1_2
10867 0 exec_30_1_3
10868 0 exec_30_1_4
10869 0 exec_30_1_5
10870 0 exec_30_1_6
10871 0 exec_30_1_7
10872 0 exec_30_1_8
10873 0 exec_30_2_0
10874 0 exec_30_2_1
10875 0 exec_30_2_2
10876 0 exec_30_2_3
10877 0 exec_30_2_4
10878 0 exec_30_2_5
10879 1 flush_30_0
10880 0 flush_30_1
10881 0 flush_30_2
10882 0 check_30_0
11184 0000000000000011 accu_31_0
11185 0000000000000000 accu_31_1
11186 0000000000000000 accu_31_2
11187 0000000000000000 mem_31_0
11188 0000000000000000 mem_31_1
11189 0000000000000000 mem_31_2
11190 0000000000001010 sb-adr_31_0
11191 0000000000001011 sb-adr_31_1
11192 0000000000000000 sb-adr_31_2
11193 0000000000000001 sb-val_31_0
11194 0000000000000000 sb-val_31_1
11195 0000000000000000 sb-val_31_2
11196 0 sb-full_31_0
11197 0 sb-full_31_1
11198 0 sb-full_31_2
11199 0 stmt_31_0_0
11200 0 stmt_31_0_1
11201 1 stmt_31_0_2
11202 0 stmt_31_0_3
11203 0 stmt_31_0_4
11204 0 stmt_31_0_5
11205 0 stmt_31_0_6
11206 0 stmt_31_0_7
11207 0 stmt_31_0_8
11208 0 stmt_31_1_0
11209 0 stmt_31_1_1
11210 0 stmt_31_1_2
11211 0 stmt_31_1_3
11212 0 stmt_31_1_4
11213 0 stmt_31_1_5
11214 0 stmt_31_1_6
11215 0 stmt_31_1_7
11216 1 stmt_31_1_8
11217 0 stmt_31_2_0
11218 1 stmt_31_2_1
11219 0 stmt_31_2_2
11220 0 stmt_31_2_3
11221 0 stmt_31_2_4
11222 0 stmt_31_2_5
11223 0 block_31_0_0
11224 1 block_31_0_1
11225 1 block_31_0_2
11226 0 halt_31_0
11227 0 halt_31_1
11228 0 halt_31_2
11229[0000000000000000] 0000000000000010 heap_31
11229[0000000000001010] 0000000000000001 heap_31
11229[0000000000001011] 0000000000000000 heap_31
11230 0 exit_31
11231 1 thread_31_0
11232 0 thread_31_1
11233 0 thread_31_2
11234 0 exec_31_0_0
11235 0 exec_31_0_1
11236 1 exec_31_0_2
11237 0 exec_31_0_3
11238 0 exec_31_0_4
11239 0 exec_31_0_5
11240 0 exec_31_0_6
11241 0 exec_31_0_7
11242 0 exec_31_0_8
11243 0 exec_31_1_0
11244 0 exec_31_1_1
11245 0 exec_31_1_2
11246 0 exec_31_1_3
11247 0 exec_31_1_4
11248 0 exec_31_1_5
11249 0 exec_31_1_6
11250 0 exec_31_1_7
11251 0 exec_31_1_8
11252 0 exec_31_2_0
11253 0 exec_31_2_1
11254 0 exec_31_2_2
11255 0 exec_31_2_3
11256 0 exec_31_2_4
11257 0 exec_31_2_5
11258 0 flush_31_0
11259 0 flush_31_1
11260 0 flush_31_2
11261 0 check_31_0
11563 0000000000000011 accu_32_0
11564 0000000000000000 accu_32_1
11565 0000000000000000 accu_32_2
11566 0000000000000000 mem_32_0
11567 0000000000000000 mem_32_1
11568 0000000000000000 mem_32_2
11569 0000000000000000 sb-adr_32_0
11570 0000000000001011 sb-adr_32_1
11571 0000000000000000 sb-adr_32_2
11572 0000000000000011 sb-val_32_0
11573 0000000000000000 sb-val_32_1
11574 0000000000000000 sb-val_32_2
11575 1 sb-full_32_0
11576 0 sb-full_32_1
11577 0 sb-full_32_2
11578 0 stmt_32_0_0
11579 0 stmt_32_0_1
11580 0 stmt_32_0_2
11581 1 stmt_32_0_3
11582 0 stmt_32_0_4
11583 0 stmt_32_0_5
11584 0 stmt_32_0_6
11585 0 stmt_32_0_7
11586 0 stmt_32_0_8
11587 0 stmt_32_1_0
11588 0 stmt_32_1_1
11589 0 stmt_32_1_2
11590 0 stmt_32_1_3
11591 0 stmt_32_1_4
11592 0 stmt_32_1_5
11593 0 stmt_32_1_6
11594 0 stmt_32_1_7
11595 1 stmt_32_1_8
11596 0 stmt_32_2_0
11597 1 stmt_32_2_1
11598 0 stmt_32_2_2
11599 0 stmt_32_2_3
11600 0 stmt_32_2_4
11601 0 stmt_32_2_5
11602 0 block_32_0_0
11603 1 block_32_0_1
11604 1 block_32_0_2
11605 0 halt_32_0
11606 0 halt_32_1
11607 0 halt_32_2
11608[0000000000000000] 0000000000000010 heap_32
11608[0000000000001010] 0000000000000001 heap_32
11608[0000000000001011] 0000000000000000 heap_32
11609 0 exit_32
11610 1 thread_32_0
11611 0 thread_32_1
11612 0 thread_32_2
11613 0 exec_32_0_0
11614 0 exec_32_0_1
11615 0 exec_32_0_2
11616 1 exec_32_0_3
11617 0 exec_32_0_4
11618 0 exec_32_0_5
11619 0 exec_32_0_6
11620 0 exec_32_0_7
11621 0 exec_32_0_8
11622 0 exec_32_1_0
11623 0 exec_32_1_1
11624 0 exec_32_1_2
11625 0 exec_32_1_3
11626 0 exec_32_1_4
11627 0 exec_32_1_5
11628 0 exec_32_1_6
11629 0 exec_32_1_7
11630 0 exec_32_1_8
11631 0 exec_32_2_0
11632 0 exec_32_2_1
11633 0 exec_32_2_2
11634 0 exec_32_2_3
11635 0 exec_32_2_4
11636 0 exec_32_2_5
11637 0 flush_32_0
11638 0 flush_32_1
11639 0 flush_32_2
11640 0 check_32_0
11942 0000000000000001 accu_33_0
11943 0000000000000000 accu_33_1
11944 0000000000000000 accu_33_2
11945 0000000000000000 mem_33_0
11946 0000000000000000 mem_33_1
11947 0000000000000000 mem_33_2
11948 0000000000000000 sb-adr_33_0
11949 0000000000001011 sb-adr_33_1
11950 0000000000000000 sb-adr_33_2
11951 0000000000000011 sb-val_33_0
11952 0000000000000000 sb-val_33_1
11953 0000000000000000 sb-val_33_2
11954 1 sb-full_33_0
11955 0 sb-full_33_1
11956 0 sb-full_33_2
11957 0 stmt_33_0_0
11958 0 stmt_33_0_1
11959 0 stmt_33_0_2
11960 0 stmt_33_0_3
11961 1 stmt_33_0_4
11962 0 stmt_33_0_5
11963 0 stmt_33_0_6
11964 0 stmt_33_0_7
11965 0 stmt_33_0_8
11966 0 stmt_33_1_0
11967 0 stmt_33_1_1
11968 0 stmt_33_1_2
11969 0 stmt_33_1_3
11970 0 stmt_33_1_4
11971 0 stmt_33_1_5
11972 0 stmt_33_1_6
11973 0 stmt_33_1_7
11974 1 stmt_33_1_8
11975 0 stmt_33_2_0
11976 1 stmt_33_2_1
11977 0 stmt_33_2_2
11978 0 stmt_33_2_3
11979 0 stmt_33_2_4
11980 0 stmt_33_2_5
11981 0 block_33_0_0
11982 1 block_33_0_1
11983 1 block_33_0_2
11984 0 halt_33_0
11985 0 halt_33_1
11986 0 halt_33_2
11987[0000000000000000] 0000000000000010 heap_33
11987[0000000000001010] 0000000000000001 heap_33
11987[0000000000001011] 0000000000000000 heap_33
11988 0 exit_33
11989 1 thread_33_0
11990 0 thread_33_1
11991 0 thread_33_2
11992 0 exec_33_0_0
11993 0 exec_33_0_1
11994 0 exec_33_0_2
11995 0 exec_33_0_3
11996 1 exec_33_0_4
11997 0 exec_33_0_5
11998 0 exec_33_0_6
11999 0 exec_33_0_7
12000 0 exec_33_0_8
12001 0 exec_33_1_0
12002 0 exec_33_1_1
12003 0 exec_33_1_2
12004 0 exec_33_1_3
12005 0 exec_33_1_4
12006 0 exec_33_1_5
12007 0 exec_33_1_6
12008 0 exec_33_1_7
12009 0 exec_33_1_8
12010 0 exec_33_2_0
12011 0 exec_33_2_1
12012 0 exec_33_2_2
12013 0 exec_33_2_3
12014 0 exec_33_2_4
12015 0 exec_33_2_5
12016 0 flush_33_0
12017 0 flush_33_1
12018 0 flush_33_2
12019 0 check_33_0
12321 0000000000000000 accu_34_0
12322 0000000000000000 accu_34_1
12323 0000000000000000 accu_34_2
12324 0000000000000000 mem_34_0
12325 0000000000000000 mem_34_1
12326 0000000000000000 mem_34_2
12327 0000000000000000 sb-adr_34_0
12328 0000000000001011 sb-adr_34_1
12329 0000000000000000 sb-adr_34_2
12330 0000000000000011 sb-val_34_0
12331 0000000000000000 sb-val_34_1
12332 0000000000000000 sb-val_34_2
12333 1 sb-full_34_0
12334 0 sb-full_34_1
12335 0 sb-full_34_2
12336 0 stmt_34_0_0
12337 0 stmt_34_0_1
12338 0 stmt_34_0_2
12339 0 stmt_34_0_3
12340 0 stmt_34_0_4
12341 1 stmt_34_0_5
12342 0 stmt_34_0_6
12343 0 stmt_34_0_7
12344 0 stmt_34_0_8
12345 0 stmt_34_1_0
12346 0 stmt_34_1_1
12347 0 stmt_34_1_2
12348 0 stmt_34_1_3
12349 0 stmt_34_1_4
12350 0 stmt_34_1_5
12351 0 stmt_34_1_6
12352 0 stmt_34_1_7
12353 1 stmt_34_1_8
12354 0 stmt_34_2_0
12355 1 stmt_34_2_1
12356 0 stmt_34_2_2
12357 0 stmt_34_2_3
12358 0 stmt_34_2_4
12359 0 stmt_34_2_5
12360 0 block_34_0_0
12361 1 block_34_0_1
12362 1 block_34_0_2
12363 0 halt_34_0
12364 0 halt_34_1
12365 0 halt_34_2
12366[0000000000000000] 0000000000000010 heap_34
12366[0000000000001010] 0000000000000001 heap_34
12366[0000000000001011] 0000000000000000 heap_34
12367 0 exit_34
12368 0 thread_34_0
12369 0 thread_34_1
12370 0 thread_34_2
12371 0 exec_34_0_0
12372 0 exec_34_0_1
12373 0 exec_34_0_2
12374 0 exec_34_0_3
12375 0 exec_34_0_4
12376 0 exec_34_0_5
12377 0 exec_34_0_6
12378 0 exec_34_0_7
12379 0 exec_34_0_8
12380 0 exec_34_1_0
12381 0 exec_34_1_1
12382 0 exec_34_1_2
12383 0 exec_34_1_3
12384 0 exec_34_1_4
12385 0 exec_34_1_5
12386 0 exec_34_1_6
12387 0 exec_34_1_7
12388 0 exec_34_1_8
12389 0 exec_34_2_0
12390 0 exec_34_2_1
12391 0 exec_34_2_2
12392 0 exec_34_2_3
12393 0 exec_34_2_4
12394 0 exec_34_2_5
12395 1 flush_34_0
12396 0 flush_34_1
12397 0 flush_34_2
12398 0 check_34_0
12700 0000000000000000 accu_35_0
12701 0000000000000000 accu_35_1
12702 0000000000000000 accu_35_2
12703 0000000000000000 mem_35_0
12704 0000000000000000 mem_35_1
12705 0000000000000000 mem_35_2
12706 0000000000000000 sb-adr_35_0
12707 0000000000001011 sb-adr_35_1
12708 0000000000000000 sb-adr_35_2
12709 0000000000000011 sb-val_35_0
12710 0000000000000000 sb-val_35_1
12711 0000000000000000 sb-val_35_2
12712 0 sb-full_35_0
12713 0 sb-full_35_1
12714 0 sb-full_35_2
12715 0 stmt_35_0_0
12716 0 stmt_35_0_1
12717 0 stmt_35_0_2
12718 0 stmt_35_0_3
12719 0 stmt_35_0_4
12720 1 stmt_35_0_5
12721 0 stmt_35_0_6
12722 0 stmt_35_0_7
12723 0 stmt_35_0_8
12724 0 stmt_35_1_0
12725 0 stmt_35_1_1
12726 0 stmt_35_1_2
12727 0 stmt_35_1_3
12728 0 stmt_35_1_4
12729 0 stmt_35_1_5
12730 0 stmt_35_1_6
12731 0 stmt_35_1_7
12732 1 stmt_35_1_8
12733 0 stmt_35_2_0
12734 1 stmt_35_2_1
12735 0 stmt_35_2_2
12736 0 stmt_35_2_3
12737 0 stmt_35_2_4
12738 0 stmt_35_2_5
12739 0 block_35_0_0
12740 1 block_35_0_1
12741 1 block_35_0_2
12742 0 halt_35_0
12743 0 halt_35_1
12744 0 halt_35_2
12745[0000000000000000] 0000000000000011 heap_35
12745[0000000000001010] 0000000000000001 heap_35
12745[0000000000001011] 0000000000000000 heap_35
12746 0 exit_35
12747 1 thread_35_0
12748 0 thread_35_1
12749 0 thread_35_2
12750 0 exec_35_0_0
12751 0 exec_35_0_1
12752 0 exec_35_0_2
12753 0 exec_35_0_3
12754 0 exec_35_0_4
12755 1 exec_35_0_5
12756 0 exec_35_0_6
12757 0 exec_35_0_7
12758 0 exec_35_0_8
12759 0 exec_35_1_0
12760 0 exec_35_1_1
12761 0 exec_35_1_2
12762 0 exec_35_1_3
12763 0 exec_35_1_4
12764 0 exec_35_1_5
12765 0 exec_35_1_6
12766 0 exec_35_1_7
12767 0 exec_35_1_8
12768 0 exec_35_2_0
12769 0 exec_35_2_1
12770 0 exec_35_2_2
12771 0 exec_35_2_3
12772 0 exec_35_2_4
12773 0 exec_35_2_5
12774 0 flush_35_0
12775 0 flush_35_1
12776 0 flush_35_2
12777 0 check_35_0
13079 0000000000000000 accu_36_0
13080 0000000000000000 accu_36_1
13081 0000000000000000 accu_36_2
13082 0000000000000000 mem_36_0
13083 0000000000000000 mem_36_1
13084 0000000000000000 mem_36_2
13085 0000000000001010 sb-adr_36_0
13086 0000000000001011 sb-adr_36_1
13087 0000000000000000 sb-adr_36_2
13088 0000000000000000 sb-val_36_0
13089 0000000000000000 sb-val_36_1
13090 0000000000000000 sb-val_36_2
13091 1 sb-full_36_0
13092 0 sb-full_36_1
13093 0 sb-full_36_2
13094 0 stmt_36_0_0
13095 0 stmt_36_0_1
13096 0 stmt_36_0_2
13097 0 stmt_36_0_3
13098 0 stmt_36_0_4
13099 0 stmt_36_0_5
13100 1 stmt_36_0_6
13101 0 stmt_36_0_7
13102 0 stmt_36_0_8
13103 0 stmt_36_1_0
13104 0 stmt_36_1_1
13105 0 stmt_36_1_2
13106 0 stmt_36_1_3
13107 0 stmt_36_1_4
13108 0 stmt_36_1_5
13109 0 stmt_36_1_6
13110 0 stmt_36_1_7
13111 1 stmt_36_1_8
13112 0 stmt_36_2_0
13113 1 stmt_36_2_1
13114 0 stmt_36_2_2
13115 0 stmt_36_2_3
13116 0 stmt_36_2_4
13117 0 stmt_36_2_5
13118 0 block_36_0_0
13119 1 block_36_0_1
13120 1 block_36_0_2
13121 0 halt_36_0
13122 0 halt_36_1
13123 0 halt_36_2
13124[0000000000000000] 0000000000000011 heap_36
13124[0000000000001010] 0000000000000001 heap_36
13124[0000000000001011] 0000000000000000 heap_36
13125 0 exit_36
13126 1 thread_36_0
13127 0 thread_36_1
13128 0 thread_36_2
13129 0 exec_36_0_0
13130 0 exec_36_0_1
13131 0 exec_36_0_2
13132 0 exec_36_0_3
13133 0 exec_36_0_4
13134 0 exec_36_0_5
13135 1 exec_36_0_6
13136 0 exec_36_0_7
13137 0 exec_36_0_8
13138 0 exec_36_1_0
13139 0 exec_36_1_1
13140 0 exec_36_1_2
13141 0 exec_36_1_3
13142 0 exec_36_1_4
13143 0 exec_36_1_5
13144 0 exec_36_1_6
13145 0 exec_36_1_7
13146 0 exec_36_1_8
13147 0 exec_36_2_0
13148 0 exec_36_2_1
13149 0 exec_36_2_2
13150 0 exec_36_2_3
13151 0 exec_36_2_4
13152 0 exec_36_2_5
13153 0 flush_36_0
13154 0 flush_36_1
13155 0 flush_36_2
13156 0 check_36_0
13458 0000000000000000 accu_37_0
13459 0000000000000000 accu_37_1
13460 0000000000000000 accu_37_2
13461 0000000000000000 mem_37_0
13462 0000000000000000 mem_37_1
13463 0000000000000000 mem_37_2
13464 0000000000001010 sb-adr_37_0
13465 0000000000001011 sb-adr_37_1
13466 0000000000000000 sb-adr_37_2
13467 0000000000000000 sb-val_37_0
13468 0000000000000000 sb-val_37_1
13469 0000000000000000 sb-val_37_2
13470 1 sb-full_37_0
13471 0 sb-full_37_1
13472 0 sb-full_37_2
13473 0 stmt_37_0_0
13474 0 stmt_37_0_1
13475 0 stmt_37_0_2
13476 0 stmt_37_0_3
13477 0 stmt_37_0_4
13478 0 stmt_37_0_5
13479 0 stmt_37_0_6
13480 1 stmt_37_0_7
13481 0 stmt_37_0_8
13482 0 stmt_37_1_0
13483 0 stmt_37_1_1
13484 0 stmt_37_1_2
13485 0 stmt_37_1_3
13486 0 stmt_37_1_4
13487 0 stmt_37_1_5
13488 0 stmt_37_1_6
13489 0 stmt_37_1_7
13490 1 stmt_37_1_8
13491 0 stmt_37_2_0
13492 1 stmt_37_2_1
13493 0 stmt_37_2_2
13494 0 stmt_37_2_3
13495 0 stmt_37_2_4
13496 0 stmt_37_2_5
13497 0 block_37_0_0
13498 1 block_37_0_1
13499 1 block_37_0_2
13500 0 halt_37_0
13501 0 halt_37_1
13502 0 halt_37_2
13503[0000000000000000] 0000000000000011 heap_37
13503[0000000000001010] 0000000000000001 heap_37
13503[0000000000001011] 0000000000000000 heap_37
13504 0 exit_37
13505 1 thread_37_0
13506 0 thread_37_1
13507 0 thread_37_2
13508 0 exec_37_0_0
13509 0 exec_37_0_1
13510 0 exec_37_0_2
13511 0 exec_37_0_3
13512 0 exec_37_0_4
13513 0 exec_37_0_5
13514 0 exec_37_0_6
13515 1 exec_37_0_7
13516 0 exec_37_0_8
13517 0 exec_37_1_0
13518 0 exec_37_1_1
13519 0 exec_37_1_2
13520 0 exec_37_1_3
13521 0 exec_37_1_4
13522 0 exec_37_1_5
13523 0 exec_37_1_6
13524 0 exec_37_1_7
13525 0 exec_37_1_8
13526 0 exec_37_2_0
13527 0 exec_37_2_1
13528 0 exec_37_2_2
13529 0 exec_37_2_3
13530 0 exec_37_2_4
13531 0 exec_37_2_5
13532 0 flush_37_0
13533 0 flush_37_1
13534 0 flush_37_2
13535 0 check_37_0
13837 0000000000000000 accu_38_0
13838 0000000000000000 accu_38_1
13839 0000000000000000 accu_38_2
13840 0000000000000000 mem_38_0
13841 0000000000000000 mem_38_1
13842 0000000000000000 mem_38_2
13843 0000000000001010 sb-adr_38_0
13844 0000000000001011 sb-adr_38_1
13845 0000000000000000 sb-adr_38_2
13846 0000000000000000 sb-val_38_0
13847 0000000000000000 sb-val_38_1
13848 0000000000000000 sb-val_38_2
13849 1 sb-full_38_0
13850 0 sb-full_38_1
13851 0 sb-full_38_2
13852 0 stmt_38_0_0
13853 0 stmt_38_0_1
13854 0 stmt_38_0_2
13855 0 stmt_38_0_3
13856 0 stmt_38_0_4
13857 0 stmt_38_0_5
13858 0 stmt_38_0_6
13859 0 stmt_38_0_7
13860 1 stmt_38_0_8
13861 0 stmt_38_1_0
13862 0 stmt_38_1_1
13863 0 stmt_38_1_2
13864 0 stmt_38_1_3
13865 0 stmt_38_1_4
13866 0 stmt_38_1_5
13867 0 stmt_38_1_6
13868 0 stmt_38_1_7
13869 1 stmt_38_1_8
13870 0 stmt_38_2_0
13871 1 stmt_38_2_1
13872 0 stmt_38_2_2
13873 0 stmt_38_2_3
13874 0 stmt_38_2_4
13875 0 stmt_38_2_5
13876 1 block_38_0_0
13877 1 block_38_0_1
13878 1 block_38_0_2
13879 0 halt_38_0
13880 0 halt_38_1
13881 0 halt_38_2
13882[0000000000000000] 0000000000000011 heap_38
13882[0000000000001010] 0000000000000001 heap_38
13882[0000000000001011] 0000000000000000 heap_38
13883 0 exit_38
13884 0 thread_38_0
13885 0 thread_38_1
13886 0 thread_38_2
13887 0 exec_38_0_0
13888 0 exec_38_0_1
13889 0 exec_38_0_2
13890 0 exec_38_0_3
13891 0 exec_38_0_4
13892 0 exec_38_0_5
13893 0 exec_38_0_6
13894 0 exec_38_0_7
13895 0 exec_38_0_8
13896 0 exec_38_1_0
13897 0 exec_38_1_1
13898 0 exec_38_1_2
13899 0 exec_38_1_3
13900 0 exec_38_1_4
13901 0 exec_38_1_5
13902 0 exec_38_1_6
13903 0 exec_38_1_7
13904 0 exec_38_1_8
13905 0 exec_38_2_0
13906 0 exec_38_2_1
13907 0 exec_38_2_2
13908 0 exec_38_2_3
13909 0 exec_38_2_4
13910 0 exec_38_2_5
13911 1 flush_38_0
13912 0 flush_38_1
13913 0 flush_38_2
13914 1 check_38_0
14216 0000000000000000 accu_39_0
14217 0000000000000000 accu_39_1
14218 0000000000000000 accu_39_2
14219 0000000000000000 mem_39_0
14220 0000000000000000 mem_39_1
14221 0000000000000000 mem_39_2
14222 0000000000001010 sb-adr_39_0
14223 0000000000001011 sb-adr_39_1
14224 0000000000000000 sb-adr_39_2
14225 0000000000000000 sb-val_39_0
14226 0000000000000000 sb-val_39_1
14227 0000000000000000 sb-val_39_2
14228 0 sb-full_39_0
14229 0 sb-full_39_1
14230 0 sb-full_39_2
14231 0 stmt_39_0_0
14232 0 stmt_39_0_1
14233 0 stmt_39_0_2
14234 0 stmt_39_0_3
14235 0 stmt_39_0_4
14236 0 stmt_39_0_5
14237 0 stmt_39_0_6
14238 0 stmt_39_0_7
14239 1 stmt_39_0_8
14240 0 stmt_39_1_0
14241 0 stmt_39_1_1
14242 0 stmt_39_1_2
14243 0 stmt_39_1_3
14244 0 stmt_39_1_4
14245 0 stmt_39_1_5
14246 0 stmt_39_1_6
14247 0 stmt_39_1_7
14248 1 stmt_39_1_8
14249 0 stmt_39_2_0
14250 1 stmt_39_2_1
14251 0 stmt_39_2_2
14252 0 stmt_39_2_3
14253 0 stmt_39_2_4
14254 0 stmt_39_2_5
14255 0 block_39_0_0
14256 0 block_39_0_1
14257 0 block_39_0_2
14258 0 halt_39_0
14259 0 halt_39_1
14260 0 halt_39_2
14261[0000000000000000] 0000000000000011 heap_39
14261[0000000000001010] 0000000000000000 heap_39
14261[0000000000001011] 0000000000000000 heap_39
14262 0 exit_39
14263 0 thread_39_0
14264 0 thread_39_1
14265 1 thread_39_2
14266 0 exec_39_0_0
14267 0 exec_39_0_1
14268 0 exec_39_0_2
14269 0 exec_39_0_3
14270 0 exec_39_0_4
14271 0 exec_39_0_5
14272 0 exec_39_0_6
14273 0 exec_39_0_7
14274 0 exec_39_0_8
14275 0 exec_39_1_0
14276 0 exec_39_1_1
14277 0 exec_39_1_2
14278 0 exec_39_1_3
14279 0 exec_39_1_4
14280 0 exec_39_1_5
14281 0 exec_39_1_6
14282 0 exec_39_1_7
14283 0 exec_39_1_8
14284 0 exec_39_2_0
14285 1 exec_39_2_1
14286 0 exec_39_2_2
14287 0 exec_39_2_3
14288 0 exec_39_2_4
14289 0 exec_39_2_5
14290 0 flush_39_0
14291 0 flush_39_1
14292 0 flush_39_2
14293 0 check_39_0
14595 0000000000000000 accu_40_0
14596 0000000000000000 accu_40_1
14597 0000000000000100 accu_40_2
14598 0000000000000000 mem_40_0
14599 0000000000000000 mem_40_1
14600 0000000000000000 mem_40_2
14601 0000000000001010 sb-adr_40_0
14602 0000000000001011 sb-adr_40_1
14603 0000000000000000 sb-adr_40_2
14604 0000000000000000 sb-val_40_0
14605 0000000000000000 sb-val_40_1
14606 0000000000000000 sb-val_40_2
14607 0 sb-full_40_0
14608 0 sb-full_40_1
14609 0 sb-full_40_2
14610 0 stmt_40_0_0
14611 0 stmt_40_0_1
14612 0 stmt_40_0_2
14613 0 stmt_40_0_3
14614 0 stmt_40_0_4
14615 0 stmt_40_0_5
14616 0 stmt_40_0_6
14617 0 stmt_40_0_7
14618 1 stmt_40_0_8
14619 0 stmt_40_1_0
14620 0 stmt_40_1_1
14621 0 stmt_40_1_2
14622 0 stmt_40_1_3
14623 0 stmt_40_1_4
14624 0 stmt_40_1_5
14625 0 stmt_40_1_6
14626 0 stmt_40_1_7
14627 1 stmt_40_1_8
14628 0 stmt_40_2_0
14629 0 stmt_40_2_1
14630 1 stmt_40_2_2
14631 0 stmt_40_2_3
14632 0 stmt_40_2_4
14633 0 stmt_40_2_5
14634 0 block_40_0_0
14635 0 block_40_0_1
14636 0 block_40_0_2
14637 0 halt_40_0
14638 0 halt_40_1
14639 0 halt_40_2
14640[0000000000000000] 0000000000000011 heap_40
14640[0000000000001010] 0000000000000000 heap_40
14640[0000000000001011] 0000000000000000 heap_40
14641 0 exit_40
14642 0 thread_40_0
14643 0 thread_40_1
14644 1 thread_40_2
14645 0 exec_40_0_0
14646 0 exec_40_0_1
14647 0 exec_40_0_2
14648 0 exec_40_0_3
14649 0 exec_40_0_4
14650 0 exec_40_0_5
14651 0 exec_40_0_6
14652 0 exec_40_0_7
14653 0 exec_40_0_8
14654 0 exec_40_1_0
14655 0 exec_40_1_1
14656 0 exec_40_1_2
14657 0 exec_40_1_3
14658 0 exec_40_1_4
14659 0 exec_40_1_5
14660 0 exec_40_1_6
14661 0 exec_40_1_7
14662 0 exec_40_1_8
14663 0 exec_40_2_0
14664 0 exec_40_2_1
14665 1 exec_40_2_2
14666 0 exec_40_2_3
14667 0 exec_40_2_4
14668 0 exec_40_2_5
14669 0 flush_40_0
14670 0 flush_40_1
14671 0 flush_40_2
14672 0 check_40_0
14974 0000000000000000 accu_41_0
14975 0000000000000000 accu_41_1
14976 0000000000000001 accu_41_2
14977 0000000000000000 mem_41_0
14978 0000000000000000 mem_41_1
14979 0000000000000000 mem_41_2
14980 0000000000001010 sb-adr_41_0
14981 0000000000001011 sb-adr_41_1
14982 0000000000000000 sb-adr_41_2
14983 0000000000000000 sb-val_41_0
14984 0000000000000000 sb-val_41_1
14985 0000000000000000 sb-val_41_2
14986 0 sb-full_41_0
14987 0 sb-full_41_1
14988 0 sb-full_41_2
14989 0 stmt_41_0_0
14990 0 stmt_41_0_1
14991 0 stmt_41_0_2
14992 0 stmt_41_0_3
14993 0 stmt_41_0_4
14994 0 stmt_41_0_5
14995 0 stmt_41_0_6
14996 0 stmt_41_0_7
14997 1 stmt_41_0_8
14998 0 stmt_41_1_0
14999 0 stmt_41_1_1
15000 0 stmt_41_1_2
15001 0 stmt_41_1_3
15002 0 stmt_41_1_4
15003 0 stmt_41_1_5
15004 0 stmt_41_1_6
15005 0 stmt_41_1_7
15006 1 stmt_41_1_8
15007 0 stmt_41_2_0
15008 0 stmt_41_2_1
15009 0 stmt_41_2_2
15010 1 stmt_41_2_3
15011 0 stmt_41_2_4
15012 0 stmt_41_2_5
15013 0 block_41_0_0
15014 0 block_41_0_1
15015 0 block_41_0_2
15016 0 halt_41_0
15017 0 halt_41_1
15018 0 halt_41_2
15019[0000000000000000] 0000000000000011 heap_41
15019[0000000000001010] 0000000000000000 heap_41
15019[0000000000001011] 0000000000000000 heap_41
15020 0 exit_41
15021 0 thread_41_0
15022 0 thread_41_1
15023 1 thread_41_2
15024 0 exec_41_0_0
15025 0 exec_41_0_1
15026 0 exec_41_0_2
15027 0 exec_41_0_3
15028 0 exec_41_0_4
15029 0 exec_41_0_5
15030 0 exec_41_0_6
15031 0 exec_41_0_7
15032 0 exec_41_0_8
15033 0 exec_41_1_0
15034 0 exec_41_1_1
15035 0 exec_41_1_2
15036 0 exec_41_1_3
15037 0 exec_41_1_4
15038 0 exec_41_1_5
15039 0 exec_41_1_6
15040 0 exec_41_1_7
15041 0 exec_41_1_8
15042 0 exec_41_2_0
15043 0 exec_41_2_1
15044 0 exec_41_2_2
15045 1 exec_41_2_3
15046 0 exec_41_2_4
15047 0 exec_41_2_5
15048 0 flush_41_0
15049 0 flush_41_1
15050 0 flush_41_2
15051 0 check_41_0
15353 0000000000000000 accu_42_0
15354 0000000000000000 accu_42_1
15355 0000000000000001 accu_42_2
15356 0000000000000000 mem_42_0
15357 0000000000000000 mem_42_1
15358 0000000000000000 mem_42_2
15359 0000000000001010 sb-adr_42_0
15360 0000000000001011 sb-adr_42_1
15361 0000000000000000 sb-adr_42_2
15362 0000000000000000 sb-val_42_0
15363 0000000000000000 sb-val_42_1
15364 0000000000000000 sb-val_42_2
15365 0 sb-full_42_0
15366 0 sb-full_42_1
15367 0 sb-full_42_2
15368 0 stmt_42_0_0
15369 0 stmt_42_0_1
15370 0 stmt_42_0_2
15371 0 stmt_42_0_3
15372 0 stmt_42_0_4
15373 0 stmt_42_0_5
15374 0 stmt_42_0_6
15375 0 stmt_42_0_7
15376 1 stmt_42_0_8
15377 0 stmt_42_1_0
15378 0 stmt_42_1_1
15379 0 stmt_42_1_2
15380 0 stmt_42_1_3
15381 0 stmt_42_1_4
15382 0 stmt_42_1_5
15383 0 stmt_42_1_6
15384 0 stmt_42_1_7
15385 1 stmt_42_1_8
15386 0 stmt_42_2_0
15387 0 stmt_42_2_1
15388 0 stmt_42_2_2
15389 0 stmt_42_2_3
15390 0 stmt_42_2_4
15391 1 stmt_42_2_5
15392 0 block_42_0_0
15393 0 block_42_0_1
15394 0 block_42_0_2
15395 0 halt_42_0
15396 0 halt_42_1
15397 0 halt_42_2
15398[0000000000000000] 0000000000000011 heap_42
15398[0000000000001010] 0000000000000000 heap_42
15398[0000000000001011] 0000000000000000 heap_42
15399 0 exit_42
15400 1 thread_42_0
15401 0 thread_42_1
15402 0 thread_42_2
15403 0 exec_42_0_0
15404 0 exec_42_0_1
15405 0 exec_42_0_2
15406 0 exec_42_0_3
15407 0 exec_42_0_4
15408 0 exec_42_0_5
15409 0 exec_42_0_6
15410 0 exec_42_0_7
15411 1 exec_42_0_8
15412 0 exec_42_1_0
15413 0 exec_42_1_1
15414 0 exec_42_1_2
15415 0 exec_42_1_3
15416 0 exec_42_1_4
15417 0 exec_42_1_5
15418 0 exec_42_1_6
15419 0 exec_42_1_7
15420 0 exec_42_1_8
15421 0 exec_42_2_0
15422 0 exec_42_2_1
15423 0 exec_42_2_2
15424 0 exec_42_2_3
15425 0 exec_42_2_4
15426 0 exec_42_2_5
15427 0 flush_42_0
15428 0 flush_42_1
15429 0 flush_42_2
15430 0 check_42_0
15732 0000000000000000 accu_43_0
15733 0000000000000000 accu_43_1
15734 0000000000000001 accu_43_2
15735 0000000000000000 mem_43_0
15736 0000000000000000 mem_43_1
15737 0000000000000000 mem_43_2
15738 0000000000001010 sb-adr_43_0
15739 0000000000001011 sb-adr_43_1
15740 0000000000000000 sb-adr_43_2
15741 0000000000000000 sb-val_43_0
15742 0000000000000000 sb-val_43_1
15743 0000000000000000 sb-val_43_2
15744 0 sb-full_43_0
15745 0 sb-full_43_1
15746 0 sb-full_43_2
15747 0 stmt_43_0_0
15748 0 stmt_43_0_1
15749 0 stmt_43_0_2
15750 0 stmt_43_0_3
15751 0 stmt_43_0_4
15752 0 stmt_43_0_5
15753 0 stmt_43_0_6
15754 0 stmt_43_0_7
15755 0 stmt_43_0_8
15756 0 stmt_43_1_0
15757 0 stmt_43_1_1
15758 0 stmt_43_1_2
15759 0 stmt_43_1_3
15760 0 stmt_43_1_4
15761 0 stmt_43_1_5
15762 0 stmt_43_1_6
15763 0 stmt_43_1_7
15764 1 stmt_43_1_8
15765 0 stmt_43_2_0
15766 0 stmt_43_2_1
15767 0 stmt_43_2_2
15768 0 stmt_43_2_3
15769 0 stmt_43_2_4
15770 1 stmt_43_2_5
15771 0 block_43_0_0
15772 0 block_43_0_1
15773 0 block_43_0_2
15774 1 halt_43_0
15775 0 halt_43_1
15776 0 halt_43_2
15777[0000000000000000] 0000000000000011 heap_43
15777[0000000000001011] 0000000000000000 heap_43
15777[0000000000001010] 0000000000000000 heap_43
15778 0 exit_43
15779 0 thread_43_0
15780 0 thread_43_1
15781 1 thread_43_2
15782 0 exec_43_0_0
15783 0 exec_43_0_1
15784 0 exec_43_0_2
15785 0 exec_43_0_3
15786 0 exec_43_0_4
15787 0 exec_43_0_5
15788 0 exec_43_0_6
15789 0 exec_43_0_7
15790 0 exec_43_0_8
15791 0 exec_43_1_0
15792 0 exec_43_1_1
15793 0 exec_43_1_2
15794 0 exec_43_1_3
15795 0 exec_43_1_4
15796 0 exec_43_1_5
15797 0 exec_43_1_6
15798 0 exec_43_1_7
15799 0 exec_43_1_8
15800 0 exec_43_2_0
15801 0 exec_43_2_1
15802 0 exec_43_2_2
15803 0 exec_43_2_3
15804 0 exec_43_2_4
15805 1 exec_43_2_5
15806 0 flush_43_0
15807 0 flush_43_1
15808 0 flush_43_2
15809 0 check_43_0
16111 0000000000000000 accu_44_0
16112 0000000000000000 accu_44_1
16113 0000000000000001 accu_44_2
16114 0000000000000000 mem_44_0
16115 0000000000000000 mem_44_1
16116 0000000000000000 mem_44_2
16117 0000000000001010 sb-adr_44_0
16118 0000000000001011 sb-adr_44_1
16119 0000000000000000 sb-adr_44_2
16120 0000000000000000 sb-val_44_0
16121 0000000000000000 sb-val_44_1
16122 0000000000000000 sb-val_44_2
16123 0 sb-full_44_0
16124 0 sb-full_44_1
16125 0 sb-full_44_2
16126 0 stmt_44_0_0
16127 0 stmt_44_0_1
16128 0 stmt_44_0_2
16129 0 stmt_44_0_3
16130 0 stmt_44_0_4
16131 0 stmt_44_0_5
16132 0 stmt_44_0_6
16133 0 stmt_44_0_7
16134 0 stmt_44_0_8
16135 0 stmt_44_1_0
16136 0 stmt_44_1_1
16137 0 stmt_44_1_2
16138 0 stmt_44_1_3
16139 0 stmt_44_1_4
16140 0 stmt_44_1_5
16141 0 stmt_44_1_6
16142 0 stmt_44_1_7
16143 1 stmt_44_1_8
16144 0 stmt_44_2_0
16145 0 stmt_44_2_1
16146 0 stmt_44_2_2
16147 0 stmt_44_2_3
16148 0 stmt_44_2_4
16149 0 stmt_44_2_5
16150 0 block_44_0_0
16151 0 block_44_0_1
16152 0 block_44_0_2
16153 1 halt_44_0
16154 0 halt_44_1
16155 0 halt_44_2
16156[0000000000001011] 0000000000000000 heap_44
16156[0000000000000000] 0000000000000011 heap_44
16156[0000000000001010] 0000000000000000 heap_44
16157 1 exit_44
16158 0 thread_44_0
16159 0 thread_44_1
16160 0 thread_44_2
16161 0 exec_44_0_0
16162 0 exec_44_0_1
16163 0 exec_44_0_2
16164 0 exec_44_0_3
16165 0 exec_44_0_4
16166 0 exec_44_0_5
16167 0 exec_44_0_6
16168 0 exec_44_0_7
16169 0 exec_44_0_8
16170 0 exec_44_1_0
16171 0 exec_44_1_1
16172 0 exec_44_1_2
16173 0 exec_44_1_3
16174 0 exec_44_1_4
16175 0 exec_44_1_5
16176 0 exec_44_1_6
16177 0 exec_44_1_7
16178 0 exec_44_1_8
16179 0 exec_44_2_0
16180 0 exec_44_2_1
16181 0 exec_44_2_2
16182 0 exec_44_2_3
16183 0 exec_44_2_4
16184 0 exec_44_2_5
16185 0 flush_44_0
16186 0 flush_44_1
16187 0 flush_44_2
16188 0 check_44_0
16490 0000000000000000 accu_45_0
16491 0000000000000000 accu_45_1
16492 0000000000000001 accu_45_2
16493 0000000000000000 mem_45_0
16494 0000000000000000 mem_45_1
16495 0000000000000000 mem_45_2
16496 0000000000001010 sb-adr_45_0
16497 0000000000001011 sb-adr_45_1
16498 0000000000000000 sb-adr_45_2
16499 0000000000000000 sb-val_45_0
16500 0000000000000000 sb-val_45_1
16501 0000000000000000 sb-val_45_2
16502 0 sb-full_45_0
16503 0 sb-full_45_1
16504 0 sb-full_45_2
16505 0 stmt_45_0_0
16506 0 stmt_45_0_1
16507 0 stmt_45_0_2
16508 0 stmt_45_0_3
16509 0 stmt_45_0_4
16510 0 stmt_45_0_5
16511 0 stmt_45_0_6
16512 0 stmt_45_0_7
16513 0 stmt_45_0_8
16514 0 stmt_45_1_0
16515 0 stmt_45_1_1
16516 0 stmt_45_1_2
16517 0 stmt_45_1_3
16518 0 stmt_45_1_4
16519 0 stmt_45_1_5
16520 0 stmt_45_1_6
16521 0 stmt_45_1_7
16522 1 stmt_45_1_8
16523 0 stmt_45_2_0
16524 0 stmt_45_2_1
16525 0 stmt_45_2_2
16526 0 stmt_45_2_3
16527 0 stmt_45_2_4
16528 0 stmt_45_2_5
16529 0 block_45_0_0
16530 0 block_45_0_1
16531 0 block_45_0_2
16532 1 halt_45_0
16533 0 halt_45_1
16534 0 halt_45_2
16535[0000000000001011] 0000000000000000 heap_45
16535[0000000000000000] 0000000000000011 heap_45
16535[0000000000001010] 0000000000000000 heap_45
16536 1 exit_45
16537 0 thread_45_0
16538 0 thread_45_1
16539 0 thread_45_2
16540 0 exec_45_0_0
16541 0 exec_45_0_1
16542 0 exec_45_0_2
16543 0 exec_45_0_3
16544 0 exec_45_0_4
16545 0 exec_45_0_5
16546 0 exec_45_0_6
16547 0 exec_45_0_7
16548 0 exec_45_0_8
16549 0 exec_45_1_0
16550 0 exec_45_1_1
16551 0 exec_45_1_2
16552 0 exec_45_1_3
16553 0 exec_45_1_4
16554 0 exec_45_1_5
16555 0 exec_45_1_6
16556 0 exec_45_1_7
16557 0 exec_45_1_8
16558 0 exec_45_2_0
16559 0 exec_45_2_1
16560 0 exec_45_2_2
16561 0 exec_45_2_3
16562 0 exec_45_2_4
16563 0 exec_45_2_5
16564 0 flush_45_0
16565 0 flush_45_1
16566 0 flush_45_2
16567 0 check_45_0
[concubine>main] solving took 0.822766 seconds
