count_stat.buggy.0.asm
count_stat.buggy.1.asm
count_stat.checker.asm
. boolector-relational.mmap
# tid	pc	cmd	arg	accu	mem	adr	val	full	heap
0	inc	LOAD	0	0	0	0	0	0	{}	# 0
0	1	ADDI	1	0	0	0	0	0	{}	# 1
1	inc	LOAD	0	0	0	0	0	0	{}	# 2
0	2	STORE	0	1	0	0	0	0	{}	# 3
0	3	FLUSH	-	1	0	0	1	1	{}	# 4
1	1	ADDI	1	0	0	0	0	0	{(0,1)}	# 5
1	2	STORE	0	1	0	0	0	0	{}	# 6
1	3	LOAD	11	1	0	0	1	1	{}	# 7
1	4	SUBI	1	2	0	0	1	1	{}	# 8
1	5	FLUSH	-	1	0	0	1	1	{}	# 9
1	5	STORE	11	1	0	0	1	0	{(0,1)}	# 10
2	0	CHECK	0	0	0	0	0	0	{}	# 11
0	3	LOAD	10	1	0	0	1	0	{}	# 12
0	4	SUBI	1	2	0	0	1	0	{}	# 13
1	6	JNZ	inc	1	0	11	1	1	{}	# 14
1	inc	LOAD	0	1	0	11	1	1	{}	# 15
1	1	FLUSH	-	1	0	11	1	1	{}	# 16
0	5	STORE	10	1	0	0	1	0	{(11,1)}	# 17
0	6	JNZ	inc	1	0	10	1	1	{}	# 18
0	inc	LOAD	0	1	0	10	1	1	{}	# 19
0	1	FLUSH	-	1	0	10	1	1	{}	# 20
1	1	ADDI	1	1	0	11	1	0	{(10,1)}	# 21
1	2	STORE	0	2	0	11	1	0	{}	# 22
1	3	FLUSH	-	2	0	0	2	1	{}	# 23
1	3	LOAD	11	2	0	0	2	0	{(0,2)}	# 24
1	4	SUBI	1	1	0	0	2	0	{}	# 25
1	5	STORE	11	0	0	0	2	0	{}	# 26
1	6	FLUSH	-	0	0	11	0	1	{}	# 27
1	6	JNZ	inc	0	0	11	0	0	{(11,0)}	# 28
0	1	ADDI	1	1	0	10	1	0	{}	# 29
1	7	CHECK	0	0	0	11	0	0	{}	# 30
0	2	STORE	0	2	0	10	1	0	{}	# 31
0	3	LOAD	10	2	0	0	2	1	{}	# 32
0	4	SUBI	1	1	0	0	2	1	{}	# 33
0	5	FLUSH	-	0	0	0	2	1	{}	# 34
0	5	STORE	10	0	0	0	2	0	{(0,2)}	# 35
0	6	JNZ	inc	0	0	10	0	1	{}	# 36
0	7	CHECK	0	0	0	10	0	1	{}	# 37
0	8	FLUSH	-	0	0	10	0	1	{}	# 38
0	8	HALT	-	0	0	10	0	0	{(10,0)}	# 39
2	1	ADDI	4	0	0	0	0	0	{}	# 40
1	8	HALT	-	0	0	11	0	0	{}	# 41
2	2	CMP	0	4	0	0	0	0	{}	# 42
2	3	JNZ	error	2	0	0	0	0	{}	# 43
2	error	EXIT	1	2	0	0	0	0	{}	# 44
