count_stat.buggy.0.asm
count_stat.buggy.1.asm
count_stat.checker.asm
. z3-functional.mmap
# tid	pc	cmd	arg	accu	mem	adr	val	full	heap
0	inc	LOAD	0	0	0	0	0	0	{}	# 0
0	1	ADDI	1	0	0	0	0	0	{}	# 1
0	2	STORE	0	1	0	0	0	0	{}	# 2
0	3	FLUSH	-	1	0	0	1	1	{}	# 3
0	3	LOAD	10	1	0	0	1	0	{(0,1)}	# 4
0	4	SUBI	1	1	0	0	1	0	{}	# 5
0	5	STORE	10	0	0	0	1	0	{}	# 6
0	6	JNZ	inc	0	0	10	0	1	{}	# 7
0	7	FLUSH	-	0	0	10	0	1	{}	# 8
1	inc	LOAD	0	0	0	0	0	0	{(10,0)}	# 9
1	1	ADDI	1	1	0	0	0	0	{}	# 10
2	0	CHECK	0	0	0	0	0	0	{}	# 11
1	2	STORE	0	2	0	0	0	0	{}	# 12
1	3	LOAD	11	2	0	0	2	1	{}	# 13
1	4	FLUSH	-	1	0	0	2	1	{}	# 14
1	4	SUBI	1	1	0	0	2	0	{(0,2)}	# 15
0	7	CHECK	0	0	0	10	0	0	{}	# 16
1	5	STORE	11	0	0	0	2	0	{}	# 17
1	6	JNZ	inc	0	0	11	0	1	{}	# 18
1	7	FLUSH	-	0	0	11	0	1	{}	# 19
1	7	CHECK	0	0	0	11	0	0	{(11,0)}	# 20
2	1	ADDI	4	0	0	0	0	0	{}	# 21
2	2	CMP	0	4	0	0	0	0	{}	# 22
2	3	JNZ	error	2	0	0	0	0	{}	# 23
2	error	EXIT	1	2	0	0	0	0	{}	# 24
