[runlim] version:		1.21
[runlim] host:			c3n09
[runlim] time limit:		86400 seconds
[runlim] real time limit:	86400 seconds
[runlim] space limit:		8000 MB
[runlim] argv[0]:		concubine
[runlim] argv[1]:		solve
[runlim] argv[2]:		-v
[runlim] argv[3]:		-s
[runlim] argv[4]:		z3
[runlim] argv[5]:		-e
[runlim] argv[6]:		smtlib
[runlim] argv[7]:		-m
[runlim] argv[8]:		init.mmap
[runlim] argv[9]:		-o
[runlim] argv[10]:		z3-functional
[runlim] argv[11]:		45
[runlim] argv[12]:		count_stat.buggy.0.asm
[runlim] argv[13]:		count_stat.buggy.1.asm
[runlim] argv[14]:		count_stat.checker.asm
[runlim] start:			Thu Dec 10 16:20:28 2020
[runlim] child:			31252
[runlim] sample:		9.69 time, 10.01 real, 103 MB
[runlim] sample:		19.69 time, 20.01 real, 104 MB
[runlim] sample:		29.69 time, 30.01 real, 105 MB
[runlim] sample:		39.69 time, 40.01 real, 107 MB
[runlim] sample:		49.69 time, 50.01 real, 108 MB
[runlim] sample:		59.69 time, 60.01 real, 109 MB
[runlim] sample:		69.69 time, 70.01 real, 117 MB
[runlim] sample:		79.69 time, 80.01 real, 118 MB
[runlim] end:			Thu Dec 10 16:21:51 2020
[runlim] status:		ok
[runlim] result:		0
[runlim] children:		1
[runlim] real:			83.47 seconds
[runlim] time:			83.09 seconds
[runlim] space:			119 MB
[runlim] samples:		834
