[runlim] version:		1.21
[runlim] host:			c3n30
[runlim] time limit:		86400 seconds
[runlim] real time limit:	86400 seconds
[runlim] space limit:		8000 MB
[runlim] argv[0]:		concubine
[runlim] argv[1]:		solve
[runlim] argv[2]:		-v
[runlim] argv[3]:		-s
[runlim] argv[4]:		z3
[runlim] argv[5]:		-e
[runlim] argv[6]:		smtlib-relational
[runlim] argv[7]:		-m
[runlim] argv[8]:		init.mmap
[runlim] argv[9]:		-o
[runlim] argv[10]:		z3-relational
[runlim] argv[11]:		45
[runlim] argv[12]:		count_stat.buggy.0.asm
[runlim] argv[13]:		count_stat.buggy.1.asm
[runlim] argv[14]:		count_stat.checker.asm
[runlim] start:			Tue Dec  8 20:17:55 2020
[runlim] child:			20692
[runlim] sample:		7.71 time, 10.01 real, 25 MB
[runlim] sample:		17.70 time, 20.01 real, 26 MB
[runlim] end:			Tue Dec  8 20:18:18 2020
[runlim] status:		ok
[runlim] result:		0
[runlim] children:		1
[runlim] real:			22.64 seconds
[runlim] time:			20.31 seconds
[runlim] space:			51 MB
[runlim] samples:		226
