[runlim] version:		1.21
[runlim] host:			c3n12
[runlim] time limit:		86400 seconds
[runlim] real time limit:	86400 seconds
[runlim] space limit:		8000 MB
[runlim] argv[0]:		concubine
[runlim] argv[1]:		solve
[runlim] argv[2]:		-v
[runlim] argv[3]:		-s
[runlim] argv[4]:		boolector
[runlim] argv[5]:		-e
[runlim] argv[6]:		smtlib
[runlim] argv[7]:		-m
[runlim] argv[8]:		init.mmap
[runlim] argv[9]:		-o
[runlim] argv[10]:		boolector-functional
[runlim] argv[11]:		119
[runlim] argv[12]:		count_stat.buggy.0.asm
[runlim] argv[13]:		count_stat.buggy.1.asm
[runlim] argv[14]:		count_stat.buggy.2.asm
[runlim] argv[15]:		count_stat.checker.asm
[runlim] start:			Thu Dec 10 16:20:25 2020
[runlim] child:			31727
[runlim] sample:		0.28 time, 10.01 real, 9 MB
[runlim] sample:		0.28 time, 20.01 real, 9 MB
[runlim] sample:		0.28 time, 30.01 real, 9 MB
[runlim] sample:		0.29 time, 40.01 real, 9 MB
[runlim] sample:		0.29 time, 50.01 real, 9 MB
[runlim] sample:		0.29 time, 60.01 real, 9 MB
[runlim] sample:		0.29 time, 70.01 real, 9 MB
[runlim] sample:		0.29 time, 80.01 real, 9 MB
[runlim] sample:		0.29 time, 90.01 real, 9 MB
[runlim] sample:		0.29 time, 100.01 real, 9 MB
[runlim] sample:		0.29 time, 110.01 real, 9 MB
[runlim] sample:		0.29 time, 120.01 real, 9 MB
[runlim] sample:		0.29 time, 130.01 real, 9 MB
[runlim] sample:		0.29 time, 140.01 real, 9 MB
[runlim] sample:		0.29 time, 150.01 real, 9 MB
[runlim] sample:		0.29 time, 160.01 real, 9 MB
[runlim] end:			Thu Dec 10 16:23:14 2020
[runlim] status:		ok
[runlim] result:		0
[runlim] children:		1
[runlim] real:			169.03 seconds
[runlim] time:			0.31 seconds
[runlim] space:			10 MB
[runlim] samples:		1690
