count_stat.buggy.0.asm
count_stat.buggy.1.asm
count_stat.buggy.2.asm
count_stat.checker.asm
. boolector-functional.mmap
# tid	pc	cmd	arg	accu	mem	adr	val	full	heap
2	inc	LOAD	0	0	0	0	0	0	{}	# 0
2	1	ADDI	1	0	0	0	0	0	{}	# 1
2	2	STORE	0	1	0	0	0	0	{}	# 2
2	3	LOAD	12	1	0	0	1	1	{}	# 3
2	4	SUBI	1	4	0	0	1	1	{}	# 4
2	5	FLUSH	-	3	0	0	1	1	{}	# 5
1	inc	LOAD	0	0	0	0	0	0	{(0,1)}	# 6
1	1	ADDI	1	1	0	0	0	0	{}	# 7
0	inc	LOAD	0	0	0	0	0	0	{}	# 8
2	5	STORE	12	3	0	0	1	0	{}	# 9
1	2	STORE	0	2	0	0	0	0	{}	# 10
1	3	LOAD	11	2	0	0	2	1	{}	# 11
1	4	SUBI	1	4	0	0	2	1	{}	# 12
1	5	FLUSH	-	3	0	0	2	1	{}	# 13
1	5	STORE	11	3	0	0	2	0	{(0,2)}	# 14
0	1	ADDI	1	1	0	0	0	0	{}	# 15
0	2	STORE	0	2	0	0	0	0	{}	# 16
0	3	FLUSH	-	2	0	0	2	1	{}	# 17
0	3	LOAD	10	2	0	0	2	0	{(0,2)}	# 18
2	6	FLUSH	-	3	0	12	3	1	{}	# 19
2	6	JNZ	inc	3	0	12	3	0	{(12,3)}	# 20
2	inc	LOAD	0	3	0	12	3	0	{}	# 21
1	6	JNZ	inc	3	0	11	3	1	{}	# 22
2	1	ADDI	1	2	0	12	3	0	{}	# 23
2	2	STORE	0	3	0	12	3	0	{}	# 24
2	3	LOAD	12	3	0	0	3	1	{}	# 25
2	4	SUBI	1	3	0	0	3	1	{}	# 26
0	4	SUBI	1	4	0	0	2	0	{}	# 27
0	5	STORE	10	3	0	0	2	0	{}	# 28
0	6	JNZ	inc	3	0	10	3	1	{}	# 29
1	inc	LOAD	0	3	0	11	3	1	{}	# 30
2	5	FLUSH	-	2	0	0	3	1	{}	# 31
2	5	STORE	12	2	0	0	3	0	{(0,3)}	# 32
1	1	FLUSH	-	2	0	11	3	1	{}	# 33
1	1	ADDI	1	2	0	11	3	0	{(11,3)}	# 34
2	6	JNZ	inc	2	0	12	2	1	{}	# 35
3	0	CHECK	0	0	0	0	0	0	{}	# 36
1	2	STORE	0	3	0	11	3	0	{}	# 37
1	3	LOAD	11	3	0	0	3	1	{}	# 38
1	4	SUBI	1	3	0	0	3	1	{}	# 39
1	5	FLUSH	-	2	0	0	3	1	{}	# 40
1	5	STORE	11	2	0	0	3	0	{(0,3)}	# 41
1	6	JNZ	inc	2	0	11	2	1	{}	# 42
2	inc	FLUSH	-	2	0	12	2	1	{}	# 43
2	inc	LOAD	0	2	0	12	2	0	{(12,2)}	# 44
1	inc	LOAD	0	2	0	11	2	1	{}	# 45
2	1	ADDI	1	3	0	12	2	0	{}	# 46
1	1	ADDI	1	3	0	11	2	1	{}	# 47
0	inc	LOAD	0	3	0	10	3	1	{}	# 48
2	2	STORE	0	4	0	12	2	0	{}	# 49
2	3	LOAD	12	4	0	0	4	1	{}	# 50
2	4	SUBI	1	2	0	0	4	1	{}	# 51
2	5	FLUSH	-	1	0	0	4	1	{}	# 52
2	5	STORE	12	1	0	0	4	0	{(0,4)}	# 53
2	6	JNZ	inc	1	0	12	1	1	{}	# 54
2	inc	LOAD	0	1	0	12	1	1	{}	# 55
2	1	FLUSH	-	4	0	12	1	1	{}	# 56
1	2	FLUSH	-	4	0	11	2	1	{(12,1)}	# 57
2	1	ADDI	1	4	0	12	1	0	{(11,2)}	# 58
0	1	ADDI	1	3	0	10	3	1	{}	# 59
0	2	FLUSH	-	4	0	10	3	1	{}	# 60
0	2	STORE	0	4	0	10	3	0	{(10,3)}	# 61
2	2	STORE	0	5	0	12	1	0	{}	# 62
1	2	STORE	0	4	0	11	2	0	{}	# 63
0	3	LOAD	10	4	0	0	4	1	{}	# 64
1	3	LOAD	11	4	0	0	4	1	{}	# 65
2	3	FLUSH	-	5	0	0	5	1	{}	# 66
1	4	SUBI	1	2	0	0	4	1	{(0,5)}	# 67
2	3	LOAD	12	5	0	0	5	0	{}	# 68
1	5	FLUSH	-	1	0	0	4	1	{}	# 69
0	4	FLUSH	-	3	0	0	4	1	{(0,4)}	# 70
2	4	SUBI	1	1	0	0	5	0	{(0,4)}	# 71
0	4	SUBI	1	3	0	0	4	0	{}	# 72
0	5	STORE	10	2	0	0	4	0	{}	# 73
0	6	FLUSH	-	2	0	10	2	1	{}	# 74
2	5	STORE	12	0	0	0	5	0	{(10,2)}	# 75
2	6	JNZ	inc	0	0	12	0	1	{}	# 76
2	7	CHECK	0	0	0	12	0	1	{}	# 77
1	5	STORE	11	1	0	0	4	0	{}	# 78
1	6	JNZ	inc	1	0	11	1	1	{}	# 79
1	inc	FLUSH	-	1	0	11	1	1	{}	# 80
2	8	FLUSH	-	0	0	12	0	1	{(11,1)}	# 81
1	inc	LOAD	0	1	0	11	1	0	{(12,0)}	# 82
1	1	ADDI	1	4	0	11	1	0	{}	# 83
1	2	STORE	0	5	0	11	1	0	{}	# 84
1	3	FLUSH	-	5	0	0	5	1	{}	# 85
0	6	JNZ	inc	2	0	10	2	0	{(0,5)}	# 86
0	inc	LOAD	0	2	0	10	2	0	{}	# 87
0	1	ADDI	1	5	0	10	2	0	{}	# 88
0	2	STORE	0	6	0	10	2	0	{}	# 89
0	3	LOAD	10	6	0	0	6	1	{}	# 90
0	4	SUBI	1	2	0	0	6	1	{}	# 91
0	5	FLUSH	-	1	0	0	6	1	{}	# 92
0	5	STORE	10	1	0	0	6	0	{(0,6)}	# 93
0	6	JNZ	inc	1	0	10	1	1	{}	# 94
1	3	LOAD	11	5	0	0	5	0	{}	# 95
0	inc	FLUSH	-	1	0	10	1	1	{}	# 96
1	4	SUBI	1	1	0	0	5	0	{(10,1)}	# 97
1	5	STORE	11	0	0	0	5	0	{}	# 98
0	inc	LOAD	0	1	0	10	1	0	{}	# 99
1	6	FLUSH	-	0	0	11	0	1	{}	# 100
0	1	ADDI	1	6	0	10	1	0	{(11,0)}	# 101
1	6	JNZ	inc	0	0	11	0	0	{}	# 102
0	2	STORE	0	7	0	10	1	0	{}	# 103
0	3	LOAD	10	7	0	0	7	1	{}	# 104
0	4	SUBI	1	1	0	0	7	1	{}	# 105
0	5	FLUSH	-	0	0	0	7	1	{}	# 106
0	5	STORE	10	0	0	0	7	0	{(0,7)}	# 107
0	6	FLUSH	-	0	0	10	0	1	{}	# 108
0	6	JNZ	inc	0	0	10	0	0	{(10,0)}	# 109
1	7	CHECK	0	0	0	11	0	0	{}	# 110
0	7	CHECK	0	0	0	10	0	0	{}	# 111
1	8	HALT	-	0	0	11	0	0	{}	# 112
0	8	HALT	-	0	0	10	0	0	{}	# 113
3	1	ADDI	12	0	0	0	0	0	{}	# 114
3	2	CMP	0	12	0	0	0	0	{}	# 115
2	8	HALT	-	0	0	12	0	0	{}	# 116
3	3	JNZ	error	5	0	0	0	0	{}	# 117
3	error	EXIT	1	5	0	0	0	0	{}	# 118
