count_stat.buggy.0.asm
count_stat.buggy.1.asm
count_stat.buggy.2.asm
count_stat.checker.asm
. btormc-btor2.mmap
# tid	pc	cmd	arg	accu	mem	adr	val	full	heap
1	inc	LOAD	0	0	0	0	0	0	{}	# 0
1	1	ADDI	1	0	0	0	0	0	{}	# 1
1	2	STORE	0	1	0	0	0	0	{}	# 2
1	3	FLUSH	-	1	0	0	1	1	{}	# 3
1	3	LOAD	11	1	0	0	1	0	{(0,1)}	# 4
0	inc	LOAD	0	0	0	0	0	0	{}	# 5
1	4	SUBI	1	4	0	0	1	0	{}	# 6
1	5	STORE	11	3	0	0	1	0	{}	# 7
3	0	CHECK	0	0	0	0	0	0	{}	# 8
2	inc	LOAD	0	0	0	0	0	0	{}	# 9
2	1	ADDI	1	1	0	0	0	0	{}	# 10
1	6	JNZ	inc	3	0	11	3	1	{}	# 11
1	inc	LOAD	0	3	0	11	3	1	{}	# 12
1	1	ADDI	1	1	0	11	3	1	{}	# 13
2	2	STORE	0	2	0	0	0	0	{}	# 14
1	2	FLUSH	-	2	0	11	3	1	{}	# 15
1	2	STORE	0	2	0	11	3	0	{(11,3)}	# 16
1	3	LOAD	11	2	0	0	2	1	{}	# 17
0	1	ADDI	1	1	0	0	0	0	{}	# 18
0	2	STORE	0	2	0	0	0	0	{}	# 19
0	3	LOAD	10	2	0	0	2	1	{}	# 20
1	4	FLUSH	-	3	0	0	2	1	{}	# 21
0	4	FLUSH	-	4	0	0	2	1	{(0,2)}	# 22
1	4	SUBI	1	3	0	0	2	0	{(0,2)}	# 23
1	5	STORE	11	2	0	0	2	0	{}	# 24
1	6	JNZ	inc	2	0	11	2	1	{}	# 25
0	4	SUBI	1	4	0	0	2	0	{}	# 26
0	5	STORE	10	3	0	0	2	0	{}	# 27
0	6	FLUSH	-	3	0	10	3	1	{}	# 28
2	3	LOAD	12	2	0	0	2	1	{(10,3)}	# 29
0	6	JNZ	inc	3	0	10	3	0	{}	# 30
0	inc	LOAD	0	3	0	10	3	0	{}	# 31
0	1	ADDI	1	2	0	10	3	0	{}	# 32
0	2	STORE	0	3	0	10	3	0	{}	# 33
0	3	LOAD	10	3	0	0	3	1	{}	# 34
0	4	FLUSH	-	3	0	0	3	1	{}	# 35
1	inc	LOAD	0	2	0	11	2	1	{(0,3)}	# 36
1	1	ADDI	1	3	0	11	2	1	{}	# 37
1	2	FLUSH	-	4	0	11	2	1	{}	# 38
1	2	STORE	0	4	0	11	2	0	{(11,2)}	# 39
1	3	LOAD	11	4	0	0	4	1	{}	# 40
1	4	FLUSH	-	2	0	0	4	1	{}	# 41
0	4	SUBI	1	3	0	0	3	0	{(0,4)}	# 42
1	4	SUBI	1	2	0	0	4	0	{}	# 43
0	5	STORE	10	2	0	0	3	0	{}	# 44
2	4	SUBI	1	4	0	0	2	1	{}	# 45
0	6	FLUSH	-	2	0	10	2	1	{}	# 46
1	5	STORE	11	1	0	0	4	0	{(10,2)}	# 47
1	6	FLUSH	-	1	0	11	1	1	{}	# 48
2	5	FLUSH	-	3	0	0	2	1	{(11,1)}	# 49
1	6	JNZ	inc	1	0	11	1	0	{(0,2)}	# 50
2	5	STORE	12	3	0	0	2	0	{}	# 51
2	6	FLUSH	-	3	0	12	3	1	{}	# 52
2	6	JNZ	inc	3	0	12	3	0	{(12,3)}	# 53
1	inc	LOAD	0	1	0	11	1	0	{}	# 54
2	inc	LOAD	0	3	0	12	3	0	{}	# 55
2	1	ADDI	1	2	0	12	3	0	{}	# 56
1	1	ADDI	1	2	0	11	1	0	{}	# 57
2	2	STORE	0	3	0	12	3	0	{}	# 58
2	3	LOAD	12	3	0	0	3	1	{}	# 59
1	2	STORE	0	3	0	11	1	0	{}	# 60
2	4	FLUSH	-	3	0	0	3	1	{}	# 61
0	6	JNZ	inc	2	0	10	2	0	{(0,3)}	# 62
1	3	FLUSH	-	3	0	0	3	1	{}	# 63
2	4	SUBI	1	3	0	0	3	0	{(0,3)}	# 64
2	5	STORE	12	2	0	0	3	0	{}	# 65
2	6	JNZ	inc	2	0	12	2	1	{}	# 66
2	inc	LOAD	0	2	0	12	2	1	{}	# 67
2	1	ADDI	1	3	0	12	2	1	{}	# 68
2	2	FLUSH	-	4	0	12	2	1	{}	# 69
0	inc	LOAD	0	2	0	10	2	0	{(12,2)}	# 70
1	3	LOAD	11	3	0	0	3	0	{}	# 71
1	4	SUBI	1	1	0	0	3	0	{}	# 72
1	5	STORE	11	0	0	0	3	0	{}	# 73
1	6	FLUSH	-	0	0	11	0	1	{}	# 74
2	2	STORE	0	4	0	12	2	0	{(11,0)}	# 75
2	3	LOAD	12	4	0	0	4	1	{}	# 76
0	1	ADDI	1	3	0	10	2	0	{}	# 77
2	4	FLUSH	-	2	0	0	4	1	{}	# 78
2	4	SUBI	1	2	0	0	4	0	{(0,4)}	# 79
0	2	STORE	0	4	0	10	2	0	{}	# 80
0	3	LOAD	10	4	0	0	4	1	{}	# 81
2	5	STORE	12	1	0	0	4	0	{}	# 82
2	6	FLUSH	-	1	0	12	1	1	{}	# 83
2	6	JNZ	inc	1	0	12	1	0	{(12,1)}	# 84
2	inc	LOAD	0	1	0	12	1	0	{}	# 85
2	1	ADDI	1	4	0	12	1	0	{}	# 86
2	2	STORE	0	5	0	12	1	0	{}	# 87
1	6	JNZ	inc	0	0	11	0	0	{}	# 88
0	4	FLUSH	-	2	0	0	4	1	{}	# 89
0	4	SUBI	1	2	0	0	4	0	{(0,4)}	# 90
0	5	STORE	10	1	0	0	4	0	{}	# 91
0	6	FLUSH	-	1	0	10	1	1	{}	# 92
2	3	FLUSH	-	5	0	0	5	1	{(10,1)}	# 93
1	7	CHECK	0	0	0	11	0	0	{(0,5)}	# 94
0	6	JNZ	inc	1	0	10	1	0	{}	# 95
2	3	LOAD	12	5	0	0	5	0	{}	# 96
0	inc	LOAD	0	1	0	10	1	0	{}	# 97
0	1	ADDI	1	5	0	10	1	0	{}	# 98
0	2	STORE	0	6	0	10	1	0	{}	# 99
2	4	SUBI	1	1	0	0	5	0	{}	# 100
0	3	LOAD	10	6	0	0	6	1	{}	# 101
0	4	FLUSH	-	1	0	0	6	1	{}	# 102
2	5	STORE	12	0	0	0	5	0	{(0,6)}	# 103
2	6	FLUSH	-	0	0	12	0	1	{}	# 104
0	4	SUBI	1	1	0	0	6	0	{(12,0)}	# 105
2	6	JNZ	inc	0	0	12	0	0	{}	# 106
2	7	CHECK	0	0	0	12	0	0	{}	# 107
0	5	STORE	10	0	0	0	6	0	{}	# 108
0	6	FLUSH	-	0	0	10	0	1	{}	# 109
0	6	JNZ	inc	0	0	10	0	0	{(10,0)}	# 110
0	7	CHECK	0	0	0	10	0	0	{}	# 111
2	8	HALT	-	0	0	12	0	0	{}	# 112
1	8	HALT	-	0	0	11	0	0	{}	# 113
3	1	ADDI	12	0	0	0	0	0	{}	# 114
3	2	CMP	0	12	0	0	0	0	{}	# 115
3	3	JNZ	error	6	0	0	0	0	{}	# 116
3	error	EXIT	1	6	0	0	0	0	{}	# 117
