[runlim] version:		1.21
[runlim] host:			c3n12
[runlim] time limit:		86400 seconds
[runlim] real time limit:	86400 seconds
[runlim] space limit:		8000 MB
[runlim] argv[0]:		concubine
[runlim] argv[1]:		solve
[runlim] argv[2]:		-v
[runlim] argv[3]:		-s
[runlim] argv[4]:		z3
[runlim] argv[5]:		-e
[runlim] argv[6]:		smtlib
[runlim] argv[7]:		-m
[runlim] argv[8]:		init.mmap
[runlim] argv[9]:		-o
[runlim] argv[10]:		z3-functional
[runlim] argv[11]:		119
[runlim] argv[12]:		count_stat.buggy.0.asm
[runlim] argv[13]:		count_stat.buggy.1.asm
[runlim] argv[14]:		count_stat.buggy.2.asm
[runlim] argv[15]:		count_stat.checker.asm
[runlim] start:			Thu Dec 10 16:20:28 2020
[runlim] child:			32428
[runlim] sample:		9.98 time, 10.01 real, 288 MB
[runlim] sample:		19.98 time, 20.01 real, 695 MB
[runlim] sample:		29.99 time, 30.01 real, 701 MB
[runlim] sample:		39.99 time, 40.01 real, 706 MB
[runlim] sample:		49.99 time, 50.01 real, 707 MB
[runlim] sample:		59.99 time, 60.01 real, 766 MB
[runlim] sample:		69.99 time, 70.01 real, 767 MB
[runlim] sample:		79.98 time, 80.01 real, 768 MB
[runlim] sample:		89.98 time, 90.01 real, 768 MB
[runlim] sample:		99.99 time, 100.01 real, 768 MB
[runlim] sample:		109.99 time, 110.01 real, 769 MB
[runlim] sample:		119.99 time, 120.01 real, 769 MB
[runlim] sample:		129.99 time, 130.01 real, 769 MB
[runlim] sample:		139.99 time, 140.01 real, 770 MB
[runlim] sample:		149.99 time, 150.01 real, 770 MB
[runlim] sample:		159.99 time, 160.01 real, 772 MB
[runlim] sample:		169.99 time, 170.01 real, 772 MB
[runlim] sample:		179.99 time, 180.01 real, 772 MB
[runlim] sample:		189.99 time, 190.01 real, 772 MB
[runlim] sample:		199.99 time, 200.01 real, 773 MB
[runlim] sample:		209.99 time, 210.01 real, 773 MB
[runlim] sample:		219.99 time, 220.01 real, 774 MB
[runlim] sample:		229.99 time, 230.01 real, 775 MB
[runlim] sample:		239.99 time, 240.01 real, 775 MB
[runlim] sample:		249.99 time, 250.01 real, 776 MB
[runlim] sample:		259.99 time, 260.01 real, 776 MB
[runlim] sample:		269.99 time, 270.01 real, 776 MB
[runlim] sample:		279.99 time, 280.01 real, 777 MB
[runlim] sample:		289.99 time, 290.01 real, 777 MB
[runlim] sample:		299.99 time, 300.01 real, 778 MB
[runlim] sample:		309.99 time, 310.01 real, 778 MB
[runlim] sample:		319.99 time, 320.01 real, 779 MB
[runlim] sample:		329.99 time, 330.01 real, 779 MB
[runlim] sample:		339.99 time, 340.01 real, 779 MB
[runlim] sample:		349.99 time, 350.01 real, 779 MB
[runlim] sample:		359.99 time, 360.01 real, 780 MB
[runlim] sample:		369.99 time, 370.01 real, 780 MB
[runlim] sample:		379.99 time, 380.01 real, 780 MB
[runlim] sample:		389.99 time, 390.01 real, 780 MB
[runlim] sample:		399.99 time, 400.01 real, 780 MB
[runlim] sample:		409.99 time, 410.01 real, 780 MB
[runlim] sample:		419.99 time, 420.01 real, 781 MB
[runlim] sample:		429.99 time, 430.01 real, 781 MB
[runlim] sample:		439.99 time, 440.01 real, 781 MB
[runlim] sample:		449.99 time, 450.01 real, 781 MB
[runlim] sample:		459.99 time, 460.01 real, 781 MB
[runlim] sample:		469.99 time, 470.01 real, 782 MB
[runlim] sample:		480.00 time, 480.01 real, 782 MB
[runlim] sample:		489.99 time, 490.01 real, 782 MB
[runlim] sample:		499.99 time, 500.01 real, 782 MB
[runlim] sample:		509.99 time, 510.01 real, 783 MB
[runlim] sample:		519.99 time, 520.01 real, 783 MB
[runlim] sample:		529.99 time, 530.01 real, 783 MB
[runlim] sample:		540.00 time, 540.01 real, 784 MB
[runlim] sample:		549.99 time, 550.01 real, 784 MB
[runlim] sample:		559.99 time, 560.01 real, 785 MB
[runlim] sample:		569.99 time, 570.01 real, 785 MB
[runlim] sample:		579.99 time, 580.01 real, 785 MB
[runlim] sample:		589.99 time, 590.01 real, 785 MB
[runlim] sample:		599.99 time, 600.01 real, 786 MB
[runlim] sample:		610.00 time, 610.01 real, 786 MB
[runlim] sample:		620.00 time, 620.01 real, 786 MB
[runlim] sample:		629.99 time, 630.01 real, 786 MB
[runlim] sample:		639.99 time, 640.01 real, 786 MB
[runlim] sample:		649.99 time, 650.01 real, 786 MB
[runlim] sample:		659.99 time, 660.01 real, 788 MB
[runlim] sample:		669.99 time, 670.01 real, 788 MB
[runlim] sample:		679.99 time, 680.01 real, 789 MB
[runlim] sample:		689.99 time, 690.01 real, 807 MB
[runlim] sample:		699.99 time, 700.01 real, 807 MB
[runlim] sample:		709.99 time, 710.01 real, 807 MB
[runlim] sample:		719.99 time, 720.01 real, 807 MB
[runlim] sample:		729.99 time, 730.01 real, 807 MB
[runlim] sample:		739.99 time, 740.01 real, 807 MB
[runlim] sample:		750.00 time, 750.01 real, 807 MB
[runlim] sample:		759.99 time, 760.01 real, 807 MB
[runlim] sample:		769.99 time, 770.01 real, 809 MB
[runlim] sample:		779.99 time, 780.01 real, 809 MB
[runlim] sample:		790.00 time, 790.01 real, 809 MB
[runlim] sample:		800.00 time, 800.01 real, 809 MB
[runlim] sample:		809.99 time, 810.01 real, 809 MB
[runlim] sample:		820.00 time, 820.01 real, 809 MB
[runlim] sample:		830.00 time, 830.01 real, 809 MB
[runlim] sample:		839.99 time, 840.01 real, 809 MB
[runlim] sample:		849.99 time, 850.01 real, 809 MB
[runlim] sample:		859.99 time, 860.01 real, 809 MB
[runlim] sample:		869.99 time, 870.01 real, 809 MB
[runlim] sample:		880.00 time, 880.01 real, 809 MB
[runlim] sample:		890.00 time, 890.01 real, 809 MB
[runlim] sample:		899.99 time, 900.01 real, 809 MB
[runlim] sample:		910.00 time, 910.01 real, 809 MB
[runlim] sample:		920.00 time, 920.01 real, 809 MB
[runlim] sample:		930.00 time, 930.01 real, 809 MB
[runlim] sample:		939.99 time, 940.01 real, 809 MB
[runlim] sample:		949.99 time, 950.01 real, 809 MB
[runlim] sample:		960.00 time, 960.01 real, 809 MB
[runlim] sample:		969.99 time, 970.01 real, 809 MB
[runlim] sample:		979.99 time, 980.01 real, 809 MB
[runlim] sample:		990.00 time, 990.01 real, 809 MB
[runlim] sample:		1000.00 time, 1000.01 real, 809 MB
[runlim] sample:		1010.00 time, 1010.01 real, 809 MB
[runlim] sample:		1019.99 time, 1020.01 real, 809 MB
[runlim] sample:		1029.99 time, 1030.01 real, 809 MB
[runlim] sample:		1040.00 time, 1040.01 real, 809 MB
[runlim] sample:		1050.00 time, 1050.01 real, 809 MB
[runlim] sample:		1060.00 time, 1060.01 real, 809 MB
[runlim] sample:		1070.00 time, 1070.01 real, 809 MB
[runlim] sample:		1080.00 time, 1080.01 real, 809 MB
[runlim] sample:		1090.00 time, 1090.01 real, 809 MB
[runlim] sample:		1099.99 time, 1100.01 real, 809 MB
[runlim] sample:		1110.00 time, 1110.01 real, 809 MB
[runlim] sample:		1120.00 time, 1120.01 real, 809 MB
[runlim] sample:		1130.00 time, 1130.01 real, 809 MB
[runlim] sample:		1140.00 time, 1140.01 real, 809 MB
[runlim] sample:		1150.00 time, 1150.01 real, 809 MB
[runlim] sample:		1159.99 time, 1160.01 real, 813 MB
[runlim] sample:		1170.00 time, 1170.01 real, 813 MB
[runlim] sample:		1180.00 time, 1180.01 real, 813 MB
[runlim] sample:		1190.00 time, 1190.01 real, 813 MB
[runlim] sample:		1200.00 time, 1200.01 real, 813 MB
[runlim] sample:		1210.00 time, 1210.01 real, 813 MB
[runlim] sample:		1220.00 time, 1220.01 real, 813 MB
[runlim] sample:		1230.00 time, 1230.01 real, 813 MB
[runlim] sample:		1240.00 time, 1240.01 real, 813 MB
[runlim] sample:		1250.00 time, 1250.01 real, 813 MB
[runlim] sample:		1260.00 time, 1260.01 real, 813 MB
[runlim] sample:		1270.00 time, 1270.01 real, 813 MB
[runlim] sample:		1280.00 time, 1280.01 real, 813 MB
[runlim] sample:		1290.00 time, 1290.01 real, 813 MB
[runlim] sample:		1300.00 time, 1300.01 real, 813 MB
[runlim] sample:		1310.00 time, 1310.01 real, 813 MB
[runlim] sample:		1320.00 time, 1320.01 real, 813 MB
[runlim] sample:		1330.00 time, 1330.01 real, 813 MB
[runlim] sample:		1340.00 time, 1340.01 real, 813 MB
[runlim] sample:		1350.01 time, 1350.01 real, 813 MB
[runlim] sample:		1360.01 time, 1360.01 real, 813 MB
[runlim] sample:		1370.00 time, 1370.01 real, 813 MB
[runlim] sample:		1380.00 time, 1380.01 real, 813 MB
[runlim] sample:		1390.00 time, 1390.01 real, 813 MB
[runlim] sample:		1400.00 time, 1400.01 real, 813 MB
[runlim] sample:		1410.00 time, 1410.01 real, 827 MB
[runlim] sample:		1420.00 time, 1420.01 real, 827 MB
[runlim] sample:		1430.01 time, 1430.01 real, 827 MB
[runlim] sample:		1440.00 time, 1440.01 real, 827 MB
[runlim] sample:		1450.00 time, 1450.01 real, 828 MB
[runlim] sample:		1460.00 time, 1460.01 real, 828 MB
[runlim] sample:		1470.00 time, 1470.01 real, 828 MB
[runlim] sample:		1480.00 time, 1480.01 real, 828 MB
[runlim] sample:		1490.00 time, 1490.01 real, 828 MB
[runlim] sample:		1500.01 time, 1500.01 real, 828 MB
[runlim] sample:		1510.01 time, 1510.01 real, 828 MB
[runlim] sample:		1520.00 time, 1520.01 real, 828 MB
[runlim] sample:		1530.00 time, 1530.01 real, 828 MB
[runlim] sample:		1540.00 time, 1540.01 real, 828 MB
[runlim] sample:		1550.01 time, 1550.01 real, 828 MB
[runlim] sample:		1560.00 time, 1560.01 real, 828 MB
[runlim] sample:		1570.00 time, 1570.01 real, 828 MB
[runlim] sample:		1580.01 time, 1580.01 real, 828 MB
[runlim] sample:		1590.01 time, 1590.01 real, 828 MB
[runlim] sample:		1600.00 time, 1600.01 real, 828 MB
[runlim] sample:		1610.00 time, 1610.01 real, 828 MB
[runlim] sample:		1620.00 time, 1620.01 real, 828 MB
[runlim] sample:		1630.01 time, 1630.01 real, 829 MB
[runlim] sample:		1640.00 time, 1640.01 real, 829 MB
[runlim] sample:		1650.00 time, 1650.01 real, 829 MB
[runlim] sample:		1660.01 time, 1660.01 real, 829 MB
[runlim] sample:		1670.01 time, 1670.01 real, 829 MB
[runlim] sample:		1680.01 time, 1680.01 real, 829 MB
[runlim] sample:		1690.00 time, 1690.01 real, 829 MB
[runlim] sample:		1700.01 time, 1700.01 real, 829 MB
[runlim] sample:		1710.01 time, 1710.01 real, 829 MB
[runlim] sample:		1720.00 time, 1720.01 real, 829 MB
[runlim] sample:		1730.01 time, 1730.01 real, 829 MB
[runlim] sample:		1740.01 time, 1740.01 real, 829 MB
[runlim] sample:		1750.01 time, 1750.01 real, 829 MB
[runlim] sample:		1760.00 time, 1760.01 real, 829 MB
[runlim] sample:		1770.00 time, 1770.01 real, 829 MB
[runlim] sample:		1780.01 time, 1780.01 real, 829 MB
[runlim] sample:		1790.00 time, 1790.01 real, 829 MB
[runlim] sample:		1800.00 time, 1800.01 real, 829 MB
[runlim] sample:		1810.01 time, 1810.01 real, 829 MB
[runlim] sample:		1820.01 time, 1820.01 real, 829 MB
[runlim] sample:		1830.01 time, 1830.01 real, 829 MB
[runlim] sample:		1840.00 time, 1840.01 real, 829 MB
[runlim] sample:		1850.01 time, 1850.01 real, 829 MB
[runlim] sample:		1860.01 time, 1860.01 real, 829 MB
[runlim] sample:		1870.01 time, 1870.01 real, 829 MB
[runlim] sample:		1880.01 time, 1880.01 real, 829 MB
[runlim] sample:		1890.01 time, 1890.01 real, 829 MB
[runlim] sample:		1900.01 time, 1900.01 real, 829 MB
[runlim] sample:		1910.00 time, 1910.01 real, 829 MB
[runlim] sample:		1920.00 time, 1920.01 real, 829 MB
[runlim] sample:		1930.01 time, 1930.01 real, 831 MB
[runlim] sample:		1940.01 time, 1940.01 real, 831 MB
[runlim] sample:		1950.01 time, 1950.01 real, 835 MB
[runlim] sample:		1960.01 time, 1960.01 real, 835 MB
[runlim] sample:		1970.01 time, 1970.01 real, 835 MB
[runlim] sample:		1980.01 time, 1980.01 real, 835 MB
[runlim] sample:		1990.01 time, 1990.01 real, 835 MB
[runlim] sample:		2000.01 time, 2000.01 real, 836 MB
[runlim] sample:		2010.01 time, 2010.01 real, 836 MB
[runlim] sample:		2020.01 time, 2020.01 real, 836 MB
[runlim] sample:		2030.01 time, 2030.01 real, 836 MB
[runlim] sample:		2040.01 time, 2040.01 real, 836 MB
[runlim] sample:		2050.01 time, 2050.01 real, 836 MB
[runlim] sample:		2060.01 time, 2060.01 real, 836 MB
[runlim] sample:		2070.01 time, 2070.01 real, 836 MB
[runlim] sample:		2080.01 time, 2080.01 real, 836 MB
[runlim] sample:		2090.01 time, 2090.01 real, 836 MB
[runlim] sample:		2100.01 time, 2100.01 real, 836 MB
[runlim] sample:		2110.01 time, 2110.01 real, 836 MB
[runlim] sample:		2120.01 time, 2120.01 real, 837 MB
[runlim] sample:		2130.01 time, 2130.01 real, 837 MB
[runlim] sample:		2140.01 time, 2140.01 real, 837 MB
[runlim] sample:		2150.01 time, 2150.01 real, 837 MB
[runlim] sample:		2160.01 time, 2160.01 real, 839 MB
[runlim] sample:		2170.02 time, 2170.01 real, 839 MB
[runlim] sample:		2180.02 time, 2180.01 real, 839 MB
[runlim] sample:		2190.01 time, 2190.01 real, 839 MB
[runlim] sample:		2200.01 time, 2200.01 real, 839 MB
[runlim] sample:		2210.01 time, 2210.01 real, 839 MB
[runlim] sample:		2220.01 time, 2220.01 real, 839 MB
[runlim] sample:		2230.01 time, 2230.01 real, 839 MB
[runlim] sample:		2240.01 time, 2240.01 real, 839 MB
[runlim] sample:		2250.02 time, 2250.01 real, 839 MB
[runlim] sample:		2260.01 time, 2260.01 real, 839 MB
[runlim] sample:		2270.01 time, 2270.01 real, 839 MB
[runlim] sample:		2280.01 time, 2280.01 real, 839 MB
[runlim] sample:		2290.02 time, 2290.01 real, 839 MB
[runlim] sample:		2300.02 time, 2300.01 real, 839 MB
[runlim] sample:		2310.01 time, 2310.01 real, 839 MB
[runlim] sample:		2320.02 time, 2320.01 real, 839 MB
[runlim] sample:		2330.02 time, 2330.01 real, 839 MB
[runlim] sample:		2340.01 time, 2340.01 real, 839 MB
[runlim] sample:		2350.01 time, 2350.01 real, 839 MB
[runlim] sample:		2360.01 time, 2360.01 real, 839 MB
[runlim] sample:		2370.01 time, 2370.01 real, 840 MB
[runlim] sample:		2380.02 time, 2380.01 real, 840 MB
[runlim] sample:		2390.02 time, 2390.01 real, 840 MB
[runlim] sample:		2400.01 time, 2400.01 real, 840 MB
[runlim] sample:		2410.01 time, 2410.01 real, 840 MB
[runlim] sample:		2420.01 time, 2420.01 real, 840 MB
[runlim] sample:		2430.02 time, 2430.01 real, 840 MB
[runlim] sample:		2440.01 time, 2440.01 real, 840 MB
[runlim] sample:		2450.01 time, 2450.01 real, 840 MB
[runlim] sample:		2460.02 time, 2460.01 real, 842 MB
[runlim] sample:		2470.02 time, 2470.01 real, 842 MB
[runlim] sample:		2480.02 time, 2480.01 real, 842 MB
[runlim] sample:		2490.01 time, 2490.01 real, 842 MB
[runlim] sample:		2500.02 time, 2500.01 real, 842 MB
[runlim] sample:		2510.02 time, 2510.01 real, 842 MB
[runlim] sample:		2520.01 time, 2520.01 real, 842 MB
[runlim] sample:		2530.02 time, 2530.01 real, 842 MB
[runlim] sample:		2540.02 time, 2540.01 real, 842 MB
[runlim] sample:		2550.02 time, 2550.01 real, 842 MB
[runlim] sample:		2560.01 time, 2560.01 real, 842 MB
[runlim] sample:		2570.01 time, 2570.01 real, 842 MB
[runlim] sample:		2580.02 time, 2580.01 real, 842 MB
[runlim] sample:		2590.01 time, 2590.01 real, 842 MB
[runlim] sample:		2600.01 time, 2600.01 real, 842 MB
[runlim] sample:		2610.02 time, 2610.01 real, 842 MB
[runlim] sample:		2620.02 time, 2620.01 real, 842 MB
[runlim] sample:		2630.02 time, 2630.01 real, 842 MB
[runlim] sample:		2640.01 time, 2640.01 real, 842 MB
[runlim] sample:		2650.02 time, 2650.01 real, 842 MB
[runlim] sample:		2660.02 time, 2660.01 real, 843 MB
[runlim] sample:		2670.02 time, 2670.01 real, 843 MB
[runlim] sample:		2680.02 time, 2680.01 real, 843 MB
[runlim] sample:		2690.02 time, 2690.01 real, 843 MB
[runlim] sample:		2700.02 time, 2700.01 real, 843 MB
[runlim] sample:		2710.01 time, 2710.01 real, 843 MB
[runlim] sample:		2720.01 time, 2720.01 real, 843 MB
[runlim] sample:		2730.02 time, 2730.01 real, 845 MB
[runlim] sample:		2740.02 time, 2740.01 real, 845 MB
[runlim] sample:		2750.02 time, 2750.01 real, 845 MB
[runlim] sample:		2760.02 time, 2760.01 real, 845 MB
[runlim] sample:		2770.02 time, 2770.01 real, 845 MB
[runlim] sample:		2780.02 time, 2780.01 real, 845 MB
[runlim] sample:		2790.02 time, 2790.01 real, 845 MB
[runlim] sample:		2800.02 time, 2800.01 real, 845 MB
[runlim] sample:		2810.02 time, 2810.01 real, 845 MB
[runlim] sample:		2820.02 time, 2820.01 real, 845 MB
[runlim] sample:		2830.02 time, 2830.01 real, 845 MB
[runlim] sample:		2840.02 time, 2840.01 real, 845 MB
[runlim] sample:		2850.02 time, 2850.01 real, 845 MB
[runlim] sample:		2860.02 time, 2860.01 real, 845 MB
[runlim] sample:		2870.02 time, 2870.01 real, 845 MB
[runlim] sample:		2880.02 time, 2880.01 real, 845 MB
[runlim] sample:		2890.02 time, 2890.01 real, 845 MB
[runlim] sample:		2900.02 time, 2900.01 real, 845 MB
[runlim] sample:		2910.02 time, 2910.01 real, 845 MB
[runlim] sample:		2920.02 time, 2920.01 real, 845 MB
[runlim] sample:		2930.02 time, 2930.01 real, 845 MB
[runlim] sample:		2940.02 time, 2940.01 real, 845 MB
[runlim] sample:		2950.02 time, 2950.01 real, 845 MB
[runlim] sample:		2960.02 time, 2960.01 real, 846 MB
[runlim] sample:		2970.02 time, 2970.01 real, 846 MB
[runlim] sample:		2980.03 time, 2980.01 real, 848 MB
[runlim] sample:		2990.02 time, 2990.01 real, 849 MB
[runlim] sample:		3000.02 time, 3000.01 real, 849 MB
[runlim] sample:		3010.02 time, 3010.01 real, 849 MB
[runlim] sample:		3020.02 time, 3020.01 real, 849 MB
[runlim] sample:		3030.03 time, 3030.01 real, 850 MB
[runlim] sample:		3040.03 time, 3040.01 real, 850 MB
[runlim] sample:		3050.02 time, 3050.01 real, 850 MB
[runlim] sample:		3060.02 time, 3060.01 real, 850 MB
[runlim] sample:		3070.02 time, 3070.01 real, 850 MB
[runlim] sample:		3080.02 time, 3080.01 real, 850 MB
[runlim] sample:		3090.02 time, 3090.01 real, 850 MB
[runlim] sample:		3100.02 time, 3100.01 real, 850 MB
[runlim] sample:		3110.03 time, 3110.01 real, 850 MB
[runlim] sample:		3120.02 time, 3120.01 real, 851 MB
[runlim] sample:		3130.02 time, 3130.01 real, 851 MB
[runlim] sample:		3140.02 time, 3140.01 real, 851 MB
[runlim] sample:		3150.03 time, 3150.01 real, 851 MB
[runlim] sample:		3160.03 time, 3160.01 real, 851 MB
[runlim] sample:		3170.02 time, 3170.01 real, 851 MB
[runlim] sample:		3180.03 time, 3180.01 real, 851 MB
[runlim] sample:		3190.03 time, 3190.01 real, 851 MB
[runlim] sample:		3200.02 time, 3200.01 real, 851 MB
[runlim] sample:		3210.02 time, 3210.01 real, 851 MB
[runlim] sample:		3220.02 time, 3220.01 real, 851 MB
[runlim] sample:		3230.03 time, 3230.01 real, 851 MB
[runlim] sample:		3240.02 time, 3240.01 real, 851 MB
[runlim] sample:		3250.02 time, 3250.01 real, 851 MB
[runlim] sample:		3260.03 time, 3260.01 real, 851 MB
[runlim] sample:		3270.02 time, 3270.01 real, 851 MB
[runlim] sample:		3280.03 time, 3280.01 real, 851 MB
[runlim] sample:		3290.02 time, 3290.01 real, 851 MB
[runlim] sample:		3300.02 time, 3300.01 real, 851 MB
[runlim] sample:		3310.03 time, 3310.01 real, 851 MB
[runlim] sample:		3320.02 time, 3320.01 real, 851 MB
[runlim] sample:		3330.02 time, 3330.01 real, 851 MB
[runlim] sample:		3340.03 time, 3340.01 real, 851 MB
[runlim] sample:		3350.03 time, 3350.01 real, 851 MB
[runlim] sample:		3360.03 time, 3360.01 real, 851 MB
[runlim] sample:		3370.02 time, 3370.01 real, 851 MB
[runlim] sample:		3380.03 time, 3380.01 real, 851 MB
[runlim] sample:		3390.03 time, 3390.01 real, 851 MB
[runlim] sample:		3400.02 time, 3400.01 real, 851 MB
[runlim] sample:		3410.03 time, 3410.01 real, 851 MB
[runlim] sample:		3420.03 time, 3420.01 real, 851 MB
[runlim] sample:		3430.03 time, 3430.01 real, 851 MB
[runlim] sample:		3440.03 time, 3440.01 real, 852 MB
[runlim] sample:		3450.03 time, 3450.01 real, 852 MB
[runlim] sample:		3460.03 time, 3460.01 real, 853 MB
[runlim] sample:		3470.03 time, 3470.01 real, 854 MB
[runlim] sample:		3480.03 time, 3480.01 real, 854 MB
[runlim] sample:		3490.03 time, 3490.01 real, 854 MB
[runlim] sample:		3500.02 time, 3500.01 real, 854 MB
[runlim] sample:		3510.02 time, 3510.01 real, 856 MB
[runlim] sample:		3520.03 time, 3520.01 real, 857 MB
[runlim] sample:		3530.03 time, 3530.01 real, 857 MB
[runlim] sample:		3540.03 time, 3540.01 real, 857 MB
[runlim] sample:		3550.03 time, 3550.01 real, 857 MB
[runlim] sample:		3560.03 time, 3560.01 real, 857 MB
[runlim] sample:		3570.03 time, 3570.01 real, 857 MB
[runlim] sample:		3580.02 time, 3580.01 real, 857 MB
[runlim] sample:		3590.03 time, 3590.01 real, 857 MB
[runlim] sample:		3600.03 time, 3600.01 real, 857 MB
[runlim] sample:		3610.03 time, 3610.01 real, 857 MB
[runlim] sample:		3620.03 time, 3620.01 real, 857 MB
[runlim] sample:		3630.03 time, 3630.01 real, 857 MB
[runlim] sample:		3640.03 time, 3640.01 real, 857 MB
[runlim] sample:		3650.03 time, 3650.01 real, 857 MB
[runlim] sample:		3660.03 time, 3660.01 real, 857 MB
[runlim] sample:		3670.03 time, 3670.01 real, 857 MB
[runlim] sample:		3680.03 time, 3680.01 real, 857 MB
[runlim] sample:		3690.03 time, 3690.01 real, 857 MB
[runlim] sample:		3700.03 time, 3700.01 real, 857 MB
[runlim] sample:		3710.03 time, 3710.01 real, 857 MB
[runlim] sample:		3720.03 time, 3720.01 real, 857 MB
[runlim] sample:		3730.03 time, 3730.01 real, 857 MB
[runlim] sample:		3740.03 time, 3740.01 real, 857 MB
[runlim] sample:		3750.03 time, 3750.01 real, 857 MB
[runlim] sample:		3760.03 time, 3760.01 real, 857 MB
[runlim] sample:		3770.03 time, 3770.01 real, 857 MB
[runlim] sample:		3780.03 time, 3780.01 real, 857 MB
[runlim] sample:		3790.04 time, 3790.01 real, 857 MB
[runlim] sample:		3800.03 time, 3800.01 real, 858 MB
[runlim] sample:		3810.03 time, 3810.01 real, 858 MB
[runlim] sample:		3820.03 time, 3820.01 real, 858 MB
[runlim] sample:		3830.03 time, 3830.01 real, 858 MB
[runlim] sample:		3840.03 time, 3840.01 real, 858 MB
[runlim] sample:		3850.04 time, 3850.01 real, 858 MB
[runlim] sample:		3860.03 time, 3860.01 real, 858 MB
[runlim] sample:		3870.03 time, 3870.01 real, 858 MB
[runlim] sample:		3880.03 time, 3880.01 real, 858 MB
[runlim] sample:		3890.03 time, 3890.01 real, 858 MB
[runlim] sample:		3900.03 time, 3900.01 real, 858 MB
[runlim] sample:		3910.03 time, 3910.01 real, 859 MB
[runlim] sample:		3920.03 time, 3920.01 real, 859 MB
[runlim] sample:		3930.04 time, 3930.01 real, 859 MB
[runlim] sample:		3940.03 time, 3940.01 real, 859 MB
[runlim] sample:		3950.03 time, 3950.01 real, 859 MB
[runlim] sample:		3960.03 time, 3960.01 real, 859 MB
[runlim] sample:		3970.03 time, 3970.01 real, 859 MB
[runlim] sample:		3980.03 time, 3980.01 real, 859 MB
[runlim] sample:		3990.04 time, 3990.01 real, 859 MB
[runlim] sample:		4000.03 time, 4000.01 real, 859 MB
[runlim] sample:		4010.03 time, 4010.01 real, 859 MB
[runlim] sample:		4020.04 time, 4020.01 real, 859 MB
[runlim] sample:		4030.03 time, 4030.01 real, 859 MB
[runlim] sample:		4040.03 time, 4040.01 real, 859 MB
[runlim] sample:		4050.03 time, 4050.01 real, 859 MB
[runlim] sample:		4060.04 time, 4060.01 real, 859 MB
[runlim] sample:		4070.04 time, 4070.01 real, 859 MB
[runlim] sample:		4080.03 time, 4080.01 real, 859 MB
[runlim] sample:		4090.03 time, 4090.01 real, 859 MB
[runlim] sample:		4100.03 time, 4100.01 real, 859 MB
[runlim] sample:		4110.04 time, 4110.01 real, 859 MB
[runlim] sample:		4120.03 time, 4120.01 real, 859 MB
[runlim] sample:		4130.03 time, 4130.01 real, 859 MB
[runlim] sample:		4140.04 time, 4140.01 real, 859 MB
[runlim] sample:		4150.04 time, 4150.01 real, 859 MB
[runlim] sample:		4160.04 time, 4160.01 real, 859 MB
[runlim] sample:		4170.03 time, 4170.01 real, 859 MB
[runlim] sample:		4180.04 time, 4180.01 real, 859 MB
[runlim] sample:		4190.04 time, 4190.01 real, 859 MB
[runlim] sample:		4200.03 time, 4200.01 real, 859 MB
[runlim] sample:		4210.04 time, 4210.01 real, 859 MB
[runlim] sample:		4220.04 time, 4220.01 real, 859 MB
[runlim] sample:		4230.04 time, 4230.01 real, 859 MB
[runlim] sample:		4240.03 time, 4240.01 real, 860 MB
[runlim] sample:		4250.03 time, 4250.01 real, 860 MB
[runlim] sample:		4260.04 time, 4260.01 real, 860 MB
[runlim] sample:		4270.03 time, 4270.01 real, 860 MB
[runlim] sample:		4280.03 time, 4280.01 real, 860 MB
[runlim] sample:		4290.04 time, 4290.01 real, 863 MB
[runlim] sample:		4300.04 time, 4300.01 real, 863 MB
[runlim] sample:		4310.04 time, 4310.01 real, 863 MB
[runlim] sample:		4320.03 time, 4320.01 real, 863 MB
[runlim] sample:		4330.04 time, 4330.01 real, 863 MB
[runlim] sample:		4340.04 time, 4340.01 real, 863 MB
[runlim] sample:		4350.04 time, 4350.01 real, 863 MB
[runlim] sample:		4360.04 time, 4360.01 real, 863 MB
[runlim] sample:		4370.04 time, 4370.01 real, 863 MB
[runlim] sample:		4380.04 time, 4380.01 real, 863 MB
[runlim] sample:		4390.03 time, 4390.01 real, 863 MB
[runlim] sample:		4400.03 time, 4400.01 real, 863 MB
[runlim] sample:		4410.04 time, 4410.01 real, 863 MB
[runlim] sample:		4420.04 time, 4420.01 real, 863 MB
[runlim] sample:		4430.04 time, 4430.01 real, 863 MB
[runlim] sample:		4440.04 time, 4440.01 real, 863 MB
[runlim] sample:		4450.04 time, 4450.01 real, 863 MB
[runlim] sample:		4460.04 time, 4460.01 real, 863 MB
[runlim] sample:		4470.04 time, 4470.01 real, 865 MB
[runlim] sample:		4480.04 time, 4480.01 real, 869 MB
[runlim] sample:		4490.04 time, 4490.01 real, 871 MB
[runlim] sample:		4500.04 time, 4500.01 real, 871 MB
[runlim] sample:		4510.04 time, 4510.01 real, 871 MB
[runlim] sample:		4520.04 time, 4520.01 real, 871 MB
[runlim] sample:		4530.04 time, 4530.01 real, 871 MB
[runlim] sample:		4540.04 time, 4540.01 real, 871 MB
[runlim] sample:		4550.04 time, 4550.01 real, 871 MB
[runlim] sample:		4560.04 time, 4560.01 real, 871 MB
[runlim] sample:		4570.04 time, 4570.01 real, 871 MB
[runlim] sample:		4580.04 time, 4580.01 real, 872 MB
[runlim] sample:		4590.04 time, 4590.01 real, 872 MB
[runlim] sample:		4600.04 time, 4600.01 real, 872 MB
[runlim] sample:		4610.04 time, 4610.01 real, 872 MB
[runlim] sample:		4620.04 time, 4620.01 real, 872 MB
[runlim] sample:		4630.04 time, 4630.01 real, 872 MB
[runlim] sample:		4640.04 time, 4640.01 real, 872 MB
[runlim] sample:		4650.04 time, 4650.01 real, 872 MB
[runlim] sample:		4660.04 time, 4660.01 real, 872 MB
[runlim] sample:		4670.05 time, 4670.01 real, 872 MB
[runlim] sample:		4680.04 time, 4680.01 real, 872 MB
[runlim] sample:		4690.04 time, 4690.01 real, 872 MB
[runlim] sample:		4700.04 time, 4700.01 real, 872 MB
[runlim] sample:		4710.04 time, 4710.01 real, 872 MB
[runlim] sample:		4720.04 time, 4720.01 real, 872 MB
[runlim] sample:		4730.04 time, 4730.01 real, 872 MB
[runlim] sample:		4740.04 time, 4740.01 real, 872 MB
[runlim] sample:		4750.04 time, 4750.01 real, 872 MB
[runlim] sample:		4760.05 time, 4760.01 real, 872 MB
[runlim] sample:		4770.04 time, 4770.01 real, 872 MB
[runlim] sample:		4780.04 time, 4780.01 real, 872 MB
[runlim] sample:		4790.04 time, 4790.01 real, 872 MB
[runlim] sample:		4800.05 time, 4800.01 real, 872 MB
[runlim] sample:		4810.05 time, 4810.01 real, 872 MB
[runlim] sample:		4820.04 time, 4820.01 real, 872 MB
[runlim] sample:		4830.05 time, 4830.01 real, 872 MB
[runlim] sample:		4840.05 time, 4840.01 real, 872 MB
[runlim] sample:		4850.04 time, 4850.01 real, 872 MB
[runlim] sample:		4860.04 time, 4860.01 real, 872 MB
[runlim] sample:		4870.04 time, 4870.01 real, 872 MB
[runlim] sample:		4880.05 time, 4880.01 real, 872 MB
[runlim] sample:		4890.04 time, 4890.01 real, 872 MB
[runlim] sample:		4900.04 time, 4900.01 real, 872 MB
[runlim] sample:		4910.05 time, 4910.01 real, 872 MB
[runlim] sample:		4920.04 time, 4920.01 real, 872 MB
[runlim] sample:		4930.04 time, 4930.01 real, 872 MB
[runlim] sample:		4940.04 time, 4940.01 real, 872 MB
[runlim] sample:		4950.05 time, 4950.01 real, 872 MB
[runlim] sample:		4960.05 time, 4960.01 real, 872 MB
[runlim] sample:		4970.04 time, 4970.01 real, 872 MB
[runlim] sample:		4980.05 time, 4980.01 real, 872 MB
[runlim] sample:		4990.05 time, 4990.01 real, 872 MB
[runlim] sample:		5000.05 time, 5000.01 real, 872 MB
[runlim] sample:		5010.04 time, 5010.01 real, 872 MB
[runlim] sample:		5020.04 time, 5020.01 real, 872 MB
[runlim] sample:		5030.05 time, 5030.01 real, 872 MB
[runlim] sample:		5040.05 time, 5040.01 real, 872 MB
[runlim] sample:		5050.04 time, 5050.01 real, 872 MB
[runlim] sample:		5060.04 time, 5060.01 real, 872 MB
[runlim] sample:		5070.04 time, 5070.01 real, 872 MB
[runlim] sample:		5080.05 time, 5080.01 real, 872 MB
[runlim] sample:		5090.05 time, 5090.01 real, 872 MB
[runlim] sample:		5100.05 time, 5100.01 real, 872 MB
[runlim] sample:		5110.04 time, 5110.01 real, 872 MB
[runlim] sample:		5120.05 time, 5120.01 real, 872 MB
[runlim] sample:		5130.05 time, 5130.01 real, 872 MB
[runlim] sample:		5140.05 time, 5140.01 real, 872 MB
[runlim] sample:		5150.05 time, 5150.01 real, 872 MB
[runlim] sample:		5160.05 time, 5160.01 real, 872 MB
[runlim] sample:		5170.05 time, 5170.01 real, 872 MB
[runlim] sample:		5180.04 time, 5180.01 real, 872 MB
[runlim] sample:		5190.04 time, 5190.01 real, 872 MB
[runlim] sample:		5200.05 time, 5200.01 real, 872 MB
[runlim] sample:		5210.05 time, 5210.01 real, 872 MB
[runlim] sample:		5220.05 time, 5220.01 real, 872 MB
[runlim] sample:		5230.05 time, 5230.01 real, 872 MB
[runlim] sample:		5240.05 time, 5240.01 real, 872 MB
[runlim] sample:		5250.05 time, 5250.01 real, 872 MB
[runlim] sample:		5260.04 time, 5260.01 real, 872 MB
[runlim] sample:		5270.05 time, 5270.01 real, 872 MB
[runlim] sample:		5280.05 time, 5280.01 real, 872 MB
[runlim] sample:		5290.05 time, 5290.01 real, 872 MB
[runlim] sample:		5300.05 time, 5300.01 real, 872 MB
[runlim] sample:		5310.05 time, 5310.01 real, 872 MB
[runlim] sample:		5320.05 time, 5320.01 real, 872 MB
[runlim] sample:		5330.05 time, 5330.01 real, 872 MB
[runlim] sample:		5340.05 time, 5340.01 real, 872 MB
[runlim] sample:		5350.05 time, 5350.01 real, 872 MB
[runlim] sample:		5360.05 time, 5360.01 real, 872 MB
[runlim] sample:		5370.05 time, 5370.01 real, 872 MB
[runlim] sample:		5380.05 time, 5380.01 real, 872 MB
[runlim] sample:		5390.05 time, 5390.01 real, 872 MB
[runlim] sample:		5400.05 time, 5400.01 real, 872 MB
[runlim] sample:		5410.05 time, 5410.01 real, 872 MB
[runlim] sample:		5420.05 time, 5420.01 real, 872 MB
[runlim] sample:		5430.05 time, 5430.01 real, 872 MB
[runlim] sample:		5440.05 time, 5440.01 real, 872 MB
[runlim] sample:		5450.05 time, 5450.01 real, 872 MB
[runlim] sample:		5460.05 time, 5460.01 real, 872 MB
[runlim] sample:		5470.06 time, 5470.01 real, 872 MB
[runlim] sample:		5480.05 time, 5480.01 real, 872 MB
[runlim] sample:		5490.05 time, 5490.01 real, 872 MB
[runlim] sample:		5500.05 time, 5500.01 real, 872 MB
[runlim] sample:		5510.05 time, 5510.01 real, 872 MB
[runlim] sample:		5520.05 time, 5520.01 real, 872 MB
[runlim] sample:		5530.05 time, 5530.01 real, 872 MB
[runlim] sample:		5540.06 time, 5540.01 real, 872 MB
[runlim] sample:		5550.06 time, 5550.01 real, 872 MB
[runlim] sample:		5560.05 time, 5560.01 real, 872 MB
[runlim] sample:		5570.05 time, 5570.01 real, 872 MB
[runlim] sample:		5580.05 time, 5580.01 real, 872 MB
[runlim] sample:		5590.06 time, 5590.01 real, 872 MB
[runlim] sample:		5600.05 time, 5600.01 real, 872 MB
[runlim] sample:		5610.05 time, 5610.01 real, 872 MB
[runlim] sample:		5620.05 time, 5620.01 real, 872 MB
[runlim] sample:		5630.05 time, 5630.01 real, 872 MB
[runlim] sample:		5640.06 time, 5640.01 real, 872 MB
[runlim] sample:		5650.05 time, 5650.01 real, 872 MB
[runlim] sample:		5660.05 time, 5660.01 real, 872 MB
[runlim] sample:		5670.05 time, 5670.01 real, 872 MB
[runlim] sample:		5680.05 time, 5680.01 real, 874 MB
[runlim] sample:		5690.05 time, 5690.01 real, 875 MB
[runlim] sample:		5700.06 time, 5700.01 real, 875 MB
[runlim] sample:		5710.05 time, 5710.01 real, 875 MB
[runlim] sample:		5720.05 time, 5720.01 real, 875 MB
[runlim] sample:		5730.05 time, 5730.01 real, 875 MB
[runlim] sample:		5740.06 time, 5740.01 real, 875 MB
[runlim] sample:		5750.06 time, 5750.01 real, 875 MB
[runlim] sample:		5760.05 time, 5760.01 real, 875 MB
[runlim] sample:		5770.06 time, 5770.01 real, 875 MB
[runlim] sample:		5780.06 time, 5780.01 real, 875 MB
[runlim] sample:		5790.06 time, 5790.01 real, 875 MB
[runlim] sample:		5800.05 time, 5800.01 real, 875 MB
[runlim] sample:		5810.05 time, 5810.01 real, 875 MB
[runlim] sample:		5820.06 time, 5820.01 real, 875 MB
[runlim] sample:		5830.05 time, 5830.01 real, 875 MB
[runlim] sample:		5840.05 time, 5840.01 real, 875 MB
[runlim] sample:		5850.06 time, 5850.01 real, 875 MB
[runlim] sample:		5860.06 time, 5860.01 real, 875 MB
[runlim] sample:		5870.06 time, 5870.01 real, 875 MB
[runlim] sample:		5880.05 time, 5880.01 real, 875 MB
[runlim] sample:		5890.06 time, 5890.01 real, 875 MB
[runlim] sample:		5900.06 time, 5900.01 real, 875 MB
[runlim] sample:		5910.05 time, 5910.01 real, 875 MB
[runlim] sample:		5920.06 time, 5920.01 real, 876 MB
[runlim] sample:		5930.06 time, 5930.01 real, 876 MB
[runlim] sample:		5940.06 time, 5940.01 real, 876 MB
[runlim] sample:		5950.05 time, 5950.01 real, 876 MB
[runlim] sample:		5960.05 time, 5960.01 real, 878 MB
[runlim] sample:		5970.06 time, 5970.01 real, 878 MB
[runlim] sample:		5980.06 time, 5980.01 real, 878 MB
[runlim] sample:		5990.06 time, 5990.01 real, 878 MB
[runlim] sample:		6000.06 time, 6000.01 real, 878 MB
[runlim] sample:		6010.06 time, 6010.01 real, 878 MB
[runlim] sample:		6020.06 time, 6020.01 real, 878 MB
[runlim] sample:		6030.06 time, 6030.01 real, 878 MB
[runlim] sample:		6040.05 time, 6040.01 real, 878 MB
[runlim] sample:		6050.05 time, 6050.01 real, 878 MB
[runlim] sample:		6060.06 time, 6060.01 real, 878 MB
[runlim] sample:		6070.06 time, 6070.01 real, 878 MB
[runlim] sample:		6080.06 time, 6080.01 real, 878 MB
[runlim] sample:		6090.06 time, 6090.01 real, 879 MB
[runlim] sample:		6100.06 time, 6100.01 real, 888 MB
[runlim] sample:		6110.06 time, 6110.01 real, 888 MB
[runlim] sample:		6120.06 time, 6120.01 real, 888 MB
[runlim] sample:		6130.06 time, 6130.01 real, 888 MB
[runlim] sample:		6140.06 time, 6140.01 real, 888 MB
[runlim] sample:		6150.06 time, 6150.01 real, 888 MB
[runlim] sample:		6160.06 time, 6160.01 real, 888 MB
[runlim] sample:		6170.06 time, 6170.01 real, 888 MB
[runlim] sample:		6180.06 time, 6180.01 real, 888 MB
[runlim] sample:		6190.06 time, 6190.01 real, 888 MB
[runlim] sample:		6200.06 time, 6200.01 real, 888 MB
[runlim] sample:		6210.06 time, 6210.01 real, 888 MB
[runlim] sample:		6220.06 time, 6220.01 real, 889 MB
[runlim] sample:		6230.06 time, 6230.01 real, 889 MB
[runlim] sample:		6240.06 time, 6240.01 real, 889 MB
[runlim] sample:		6250.06 time, 6250.01 real, 889 MB
[runlim] sample:		6260.06 time, 6260.01 real, 889 MB
[runlim] sample:		6270.06 time, 6270.01 real, 889 MB
[runlim] sample:		6280.06 time, 6280.01 real, 889 MB
[runlim] sample:		6290.06 time, 6290.01 real, 889 MB
[runlim] sample:		6300.06 time, 6300.01 real, 889 MB
[runlim] sample:		6310.07 time, 6310.01 real, 889 MB
[runlim] sample:		6320.06 time, 6320.01 real, 889 MB
[runlim] sample:		6330.06 time, 6330.01 real, 889 MB
[runlim] sample:		6340.06 time, 6340.01 real, 889 MB
[runlim] sample:		6350.06 time, 6350.01 real, 889 MB
[runlim] sample:		6360.06 time, 6360.01 real, 889 MB
[runlim] sample:		6370.06 time, 6370.01 real, 889 MB
[runlim] sample:		6380.06 time, 6380.01 real, 889 MB
[runlim] sample:		6390.07 time, 6390.01 real, 889 MB
[runlim] sample:		6400.07 time, 6400.01 real, 889 MB
[runlim] sample:		6410.06 time, 6410.01 real, 889 MB
[runlim] sample:		6420.06 time, 6420.01 real, 889 MB
[runlim] sample:		6430.06 time, 6430.01 real, 889 MB
[runlim] sample:		6440.06 time, 6440.01 real, 889 MB
[runlim] sample:		6450.06 time, 6450.01 real, 889 MB
[runlim] sample:		6460.06 time, 6460.01 real, 889 MB
[runlim] sample:		6470.07 time, 6470.01 real, 889 MB
[runlim] sample:		6480.06 time, 6480.01 real, 889 MB
[runlim] sample:		6490.06 time, 6490.01 real, 889 MB
[runlim] sample:		6500.06 time, 6500.01 real, 889 MB
[runlim] sample:		6510.07 time, 6510.01 real, 889 MB
[runlim] sample:		6520.07 time, 6520.01 real, 889 MB
[runlim] sample:		6530.06 time, 6530.01 real, 889 MB
[runlim] sample:		6540.07 time, 6540.01 real, 889 MB
[runlim] sample:		6550.07 time, 6550.01 real, 889 MB
[runlim] sample:		6560.06 time, 6560.01 real, 889 MB
[runlim] sample:		6570.06 time, 6570.01 real, 889 MB
[runlim] sample:		6580.06 time, 6580.01 real, 889 MB
[runlim] sample:		6590.07 time, 6590.01 real, 889 MB
[runlim] sample:		6600.06 time, 6600.01 real, 889 MB
[runlim] sample:		6610.06 time, 6610.01 real, 889 MB
[runlim] sample:		6620.07 time, 6620.01 real, 889 MB
[runlim] sample:		6630.07 time, 6630.01 real, 889 MB
[runlim] sample:		6640.07 time, 6640.01 real, 889 MB
[runlim] sample:		6650.06 time, 6650.01 real, 889 MB
[runlim] sample:		6660.07 time, 6660.01 real, 889 MB
[runlim] sample:		6670.07 time, 6670.01 real, 889 MB
[runlim] sample:		6680.06 time, 6680.01 real, 889 MB
[runlim] sample:		6690.06 time, 6690.01 real, 889 MB
[runlim] sample:		6700.06 time, 6700.01 real, 889 MB
[runlim] sample:		6710.07 time, 6710.01 real, 889 MB
[runlim] sample:		6720.07 time, 6720.01 real, 889 MB
[runlim] sample:		6730.07 time, 6730.01 real, 889 MB
[runlim] sample:		6740.06 time, 6740.01 real, 891 MB
[runlim] sample:		6750.07 time, 6750.01 real, 891 MB
[runlim] sample:		6760.07 time, 6760.01 real, 891 MB
[runlim] sample:		6770.06 time, 6770.01 real, 891 MB
[runlim] sample:		6780.07 time, 6780.01 real, 891 MB
[runlim] sample:		6790.07 time, 6790.01 real, 891 MB
[runlim] sample:		6800.07 time, 6800.01 real, 891 MB
[runlim] sample:		6810.07 time, 6810.01 real, 891 MB
[runlim] sample:		6820.06 time, 6820.01 real, 891 MB
[runlim] sample:		6830.07 time, 6830.01 real, 891 MB
[runlim] sample:		6840.07 time, 6840.01 real, 891 MB
[runlim] sample:		6850.07 time, 6850.01 real, 891 MB
[runlim] sample:		6860.07 time, 6860.01 real, 891 MB
[runlim] sample:		6870.07 time, 6870.01 real, 891 MB
[runlim] sample:		6880.07 time, 6880.01 real, 891 MB
[runlim] sample:		6890.06 time, 6890.01 real, 891 MB
[runlim] sample:		6900.06 time, 6900.01 real, 891 MB
[runlim] sample:		6910.07 time, 6910.01 real, 891 MB
[runlim] sample:		6920.07 time, 6920.01 real, 891 MB
[runlim] sample:		6930.07 time, 6930.01 real, 891 MB
[runlim] sample:		6940.07 time, 6940.01 real, 891 MB
[runlim] sample:		6950.07 time, 6950.01 real, 891 MB
[runlim] sample:		6960.07 time, 6960.01 real, 891 MB
[runlim] sample:		6970.07 time, 6970.01 real, 891 MB
[runlim] sample:		6980.07 time, 6980.01 real, 891 MB
[runlim] sample:		6990.07 time, 6990.01 real, 891 MB
[runlim] sample:		7000.07 time, 7000.01 real, 891 MB
[runlim] sample:		7010.07 time, 7010.01 real, 891 MB
[runlim] sample:		7020.07 time, 7020.01 real, 891 MB
[runlim] sample:		7030.07 time, 7030.01 real, 891 MB
[runlim] sample:		7040.07 time, 7040.01 real, 891 MB
[runlim] sample:		7050.07 time, 7050.01 real, 891 MB
[runlim] sample:		7060.07 time, 7060.01 real, 891 MB
[runlim] sample:		7070.07 time, 7070.01 real, 891 MB
[runlim] sample:		7080.07 time, 7080.01 real, 891 MB
[runlim] sample:		7090.07 time, 7090.01 real, 891 MB
[runlim] sample:		7100.07 time, 7100.01 real, 891 MB
[runlim] sample:		7110.07 time, 7110.01 real, 891 MB
[runlim] sample:		7120.07 time, 7120.01 real, 891 MB
[runlim] sample:		7130.07 time, 7130.01 real, 891 MB
[runlim] sample:		7140.07 time, 7140.01 real, 891 MB
[runlim] sample:		7150.07 time, 7150.01 real, 891 MB
[runlim] sample:		7160.07 time, 7160.01 real, 891 MB
[runlim] sample:		7170.07 time, 7170.01 real, 891 MB
[runlim] sample:		7180.08 time, 7180.01 real, 891 MB
[runlim] sample:		7190.07 time, 7190.01 real, 891 MB
[runlim] sample:		7200.07 time, 7200.01 real, 891 MB
[runlim] sample:		7210.07 time, 7210.01 real, 891 MB
[runlim] sample:		7220.07 time, 7220.01 real, 891 MB
[runlim] sample:		7230.07 time, 7230.01 real, 891 MB
[runlim] sample:		7240.07 time, 7240.01 real, 891 MB
[runlim] sample:		7250.07 time, 7250.01 real, 891 MB
[runlim] sample:		7260.07 time, 7260.01 real, 891 MB
[runlim] sample:		7270.08 time, 7270.01 real, 891 MB
[runlim] sample:		7280.07 time, 7280.01 real, 891 MB
[runlim] sample:		7290.07 time, 7290.01 real, 891 MB
[runlim] sample:		7300.07 time, 7300.01 real, 891 MB
[runlim] sample:		7310.08 time, 7310.01 real, 891 MB
[runlim] sample:		7320.08 time, 7320.01 real, 891 MB
[runlim] sample:		7330.07 time, 7330.01 real, 891 MB
[runlim] sample:		7340.07 time, 7340.01 real, 892 MB
[runlim] sample:		7350.07 time, 7350.01 real, 892 MB
[runlim] sample:		7360.07 time, 7360.01 real, 892 MB
[runlim] sample:		7370.08 time, 7370.01 real, 892 MB
[runlim] sample:		7380.08 time, 7380.01 real, 892 MB
[runlim] sample:		7390.07 time, 7390.01 real, 892 MB
[runlim] sample:		7400.07 time, 7400.01 real, 892 MB
[runlim] sample:		7410.08 time, 7410.01 real, 892 MB
[runlim] sample:		7420.07 time, 7420.01 real, 892 MB
[runlim] sample:		7430.07 time, 7430.01 real, 892 MB
[runlim] sample:		7440.07 time, 7440.01 real, 892 MB
[runlim] sample:		7450.08 time, 7450.01 real, 892 MB
[runlim] sample:		7460.08 time, 7460.01 real, 892 MB
[runlim] sample:		7470.07 time, 7470.01 real, 892 MB
[runlim] sample:		7480.08 time, 7480.01 real, 892 MB
[runlim] sample:		7490.08 time, 7490.01 real, 892 MB
[runlim] sample:		7500.08 time, 7500.01 real, 893 MB
[runlim] sample:		7510.07 time, 7510.01 real, 893 MB
[runlim] sample:		7520.07 time, 7520.01 real, 893 MB
[runlim] sample:		7530.08 time, 7530.01 real, 893 MB
[runlim] sample:		7540.07 time, 7540.01 real, 893 MB
[runlim] sample:		7550.08 time, 7550.01 real, 893 MB
[runlim] sample:		7560.08 time, 7560.01 real, 893 MB
[runlim] sample:		7570.07 time, 7570.01 real, 893 MB
[runlim] sample:		7580.07 time, 7580.01 real, 893 MB
[runlim] sample:		7590.07 time, 7590.01 real, 893 MB
[runlim] sample:		7600.08 time, 7600.01 real, 893 MB
[runlim] sample:		7610.08 time, 7610.01 real, 893 MB
[runlim] sample:		7620.07 time, 7620.01 real, 893 MB
[runlim] sample:		7630.08 time, 7630.01 real, 893 MB
[runlim] sample:		7640.08 time, 7640.01 real, 893 MB
[runlim] sample:		7650.08 time, 7650.01 real, 893 MB
[runlim] sample:		7660.07 time, 7660.01 real, 893 MB
[runlim] sample:		7670.07 time, 7670.01 real, 893 MB
[runlim] sample:		7680.08 time, 7680.01 real, 893 MB
[runlim] sample:		7690.08 time, 7690.01 real, 893 MB
[runlim] sample:		7700.08 time, 7700.01 real, 893 MB
[runlim] sample:		7710.08 time, 7710.01 real, 893 MB
[runlim] sample:		7720.08 time, 7720.01 real, 893 MB
[runlim] sample:		7730.08 time, 7730.01 real, 893 MB
[runlim] sample:		7740.07 time, 7740.01 real, 895 MB
[runlim] sample:		7750.08 time, 7750.01 real, 895 MB
[runlim] sample:		7760.08 time, 7760.01 real, 895 MB
[runlim] sample:		7770.08 time, 7770.01 real, 895 MB
[runlim] sample:		7780.08 time, 7780.01 real, 895 MB
[runlim] sample:		7790.08 time, 7790.01 real, 895 MB
[runlim] sample:		7800.08 time, 7800.01 real, 895 MB
[runlim] sample:		7810.08 time, 7810.01 real, 895 MB
[runlim] sample:		7820.08 time, 7820.01 real, 895 MB
[runlim] sample:		7830.08 time, 7830.01 real, 895 MB
[runlim] sample:		7840.08 time, 7840.01 real, 895 MB
[runlim] sample:		7850.08 time, 7850.01 real, 895 MB
[runlim] sample:		7860.08 time, 7860.01 real, 895 MB
[runlim] sample:		7870.08 time, 7870.01 real, 895 MB
[runlim] sample:		7880.08 time, 7880.01 real, 895 MB
[runlim] sample:		7890.08 time, 7890.01 real, 895 MB
[runlim] sample:		7900.08 time, 7900.01 real, 895 MB
[runlim] sample:		7910.08 time, 7910.01 real, 895 MB
[runlim] sample:		7920.08 time, 7920.01 real, 895 MB
[runlim] sample:		7930.08 time, 7930.01 real, 895 MB
[runlim] sample:		7940.08 time, 7940.01 real, 895 MB
[runlim] sample:		7950.08 time, 7950.01 real, 895 MB
[runlim] sample:		7960.08 time, 7960.01 real, 895 MB
[runlim] sample:		7970.08 time, 7970.01 real, 895 MB
[runlim] sample:		7980.08 time, 7980.01 real, 895 MB
[runlim] sample:		7990.08 time, 7990.01 real, 895 MB
[runlim] sample:		8000.08 time, 8000.01 real, 895 MB
[runlim] sample:		8010.08 time, 8010.01 real, 895 MB
[runlim] sample:		8020.08 time, 8020.01 real, 895 MB
[runlim] sample:		8030.09 time, 8030.01 real, 895 MB
[runlim] sample:		8040.08 time, 8040.01 real, 895 MB
[runlim] sample:		8050.08 time, 8050.01 real, 895 MB
[runlim] sample:		8060.08 time, 8060.01 real, 895 MB
[runlim] sample:		8070.08 time, 8070.01 real, 896 MB
[runlim] sample:		8080.08 time, 8080.01 real, 896 MB
[runlim] sample:		8090.08 time, 8090.01 real, 896 MB
[runlim] sample:		8100.09 time, 8100.01 real, 896 MB
[runlim] sample:		8110.09 time, 8110.01 real, 896 MB
[runlim] sample:		8120.08 time, 8120.01 real, 896 MB
[runlim] sample:		8130.08 time, 8130.01 real, 896 MB
[runlim] sample:		8140.08 time, 8140.01 real, 898 MB
[runlim] sample:		8150.08 time, 8150.01 real, 899 MB
[runlim] sample:		8160.09 time, 8160.01 real, 899 MB
[runlim] sample:		8170.09 time, 8170.01 real, 899 MB
[runlim] sample:		8180.08 time, 8180.01 real, 899 MB
[runlim] sample:		8190.08 time, 8190.01 real, 899 MB
[runlim] sample:		8200.08 time, 8200.01 real, 899 MB
[runlim] sample:		8210.09 time, 8210.01 real, 899 MB
[runlim] sample:		8220.08 time, 8220.01 real, 899 MB
[runlim] sample:		8230.08 time, 8230.01 real, 899 MB
[runlim] sample:		8240.09 time, 8240.01 real, 899 MB
[runlim] sample:		8250.08 time, 8250.01 real, 899 MB
[runlim] sample:		8260.08 time, 8260.01 real, 899 MB
[runlim] sample:		8270.08 time, 8270.01 real, 899 MB
[runlim] sample:		8280.09 time, 8280.01 real, 900 MB
[runlim] sample:		8290.09 time, 8290.01 real, 900 MB
[runlim] sample:		8300.09 time, 8300.01 real, 900 MB
[runlim] sample:		8310.08 time, 8310.01 real, 900 MB
[runlim] sample:		8320.08 time, 8320.01 real, 900 MB
[runlim] sample:		8330.09 time, 8330.01 real, 900 MB
[runlim] sample:		8340.09 time, 8340.01 real, 901 MB
[runlim] sample:		8350.09 time, 8350.01 real, 901 MB
[runlim] sample:		8360.08 time, 8360.01 real, 901 MB
[runlim] sample:		8370.09 time, 8370.01 real, 901 MB
[runlim] sample:		8380.09 time, 8380.01 real, 905 MB
[runlim] sample:		8390.08 time, 8390.01 real, 905 MB
[runlim] sample:		8400.09 time, 8400.01 real, 905 MB
[runlim] sample:		8410.09 time, 8410.01 real, 905 MB
[runlim] sample:		8420.09 time, 8420.01 real, 905 MB
[runlim] sample:		8430.08 time, 8430.01 real, 905 MB
[runlim] sample:		8440.08 time, 8440.01 real, 905 MB
[runlim] sample:		8450.09 time, 8450.01 real, 905 MB
[runlim] sample:		8460.08 time, 8460.01 real, 905 MB
[runlim] sample:		8470.08 time, 8470.01 real, 905 MB
[runlim] sample:		8480.08 time, 8480.01 real, 905 MB
[runlim] sample:		8490.09 time, 8490.01 real, 905 MB
[runlim] sample:		8500.09 time, 8500.01 real, 905 MB
[runlim] sample:		8510.09 time, 8510.01 real, 905 MB
[runlim] sample:		8520.08 time, 8520.01 real, 905 MB
[runlim] sample:		8530.08 time, 8530.01 real, 905 MB
[runlim] sample:		8540.09 time, 8540.01 real, 905 MB
[runlim] sample:		8550.09 time, 8550.01 real, 905 MB
[runlim] sample:		8560.09 time, 8560.01 real, 905 MB
[runlim] sample:		8570.09 time, 8570.01 real, 905 MB
[runlim] sample:		8580.09 time, 8580.01 real, 905 MB
[runlim] sample:		8590.09 time, 8590.01 real, 905 MB
[runlim] sample:		8600.08 time, 8600.01 real, 905 MB
[runlim] sample:		8610.08 time, 8610.01 real, 905 MB
[runlim] sample:		8620.09 time, 8620.01 real, 905 MB
[runlim] sample:		8630.09 time, 8630.01 real, 905 MB
[runlim] sample:		8640.09 time, 8640.01 real, 906 MB
[runlim] sample:		8650.09 time, 8650.01 real, 906 MB
[runlim] sample:		8660.09 time, 8660.01 real, 906 MB
[runlim] sample:		8670.09 time, 8670.01 real, 906 MB
[runlim] sample:		8680.08 time, 8680.01 real, 906 MB
[runlim] sample:		8690.09 time, 8690.01 real, 906 MB
[runlim] sample:		8700.09 time, 8700.01 real, 906 MB
[runlim] sample:		8710.09 time, 8710.01 real, 911 MB
[runlim] sample:		8720.09 time, 8720.01 real, 911 MB
[runlim] sample:		8730.09 time, 8730.01 real, 911 MB
[runlim] sample:		8740.09 time, 8740.01 real, 911 MB
[runlim] sample:		8750.09 time, 8750.01 real, 911 MB
[runlim] sample:		8760.09 time, 8760.01 real, 911 MB
[runlim] sample:		8770.09 time, 8770.01 real, 911 MB
[runlim] sample:		8780.09 time, 8780.01 real, 911 MB
[runlim] sample:		8790.09 time, 8790.01 real, 911 MB
[runlim] sample:		8800.09 time, 8800.01 real, 911 MB
[runlim] sample:		8810.09 time, 8810.01 real, 911 MB
[runlim] sample:		8820.09 time, 8820.01 real, 911 MB
[runlim] sample:		8830.09 time, 8830.01 real, 911 MB
[runlim] sample:		8840.09 time, 8840.01 real, 911 MB
[runlim] sample:		8850.09 time, 8850.01 real, 911 MB
[runlim] sample:		8860.09 time, 8860.01 real, 911 MB
[runlim] sample:		8870.10 time, 8870.01 real, 911 MB
[runlim] sample:		8880.10 time, 8880.01 real, 911 MB
[runlim] sample:		8890.09 time, 8890.01 real, 911 MB
[runlim] sample:		8900.09 time, 8900.01 real, 911 MB
[runlim] sample:		8910.09 time, 8910.01 real, 911 MB
[runlim] sample:		8920.09 time, 8920.01 real, 911 MB
[runlim] sample:		8930.09 time, 8930.01 real, 911 MB
[runlim] sample:		8940.09 time, 8940.01 real, 911 MB
[runlim] sample:		8950.10 time, 8950.01 real, 911 MB
[runlim] sample:		8960.09 time, 8960.01 real, 911 MB
[runlim] sample:		8970.09 time, 8970.01 real, 911 MB
[runlim] sample:		8980.09 time, 8980.01 real, 911 MB
[runlim] sample:		8990.09 time, 8990.01 real, 911 MB
[runlim] sample:		9000.09 time, 9000.01 real, 911 MB
[runlim] sample:		9010.09 time, 9010.01 real, 911 MB
[runlim] sample:		9020.09 time, 9020.01 real, 911 MB
[runlim] sample:		9030.09 time, 9030.01 real, 911 MB
[runlim] sample:		9040.10 time, 9040.01 real, 911 MB
[runlim] sample:		9050.09 time, 9050.01 real, 911 MB
[runlim] sample:		9060.09 time, 9060.01 real, 911 MB
[runlim] sample:		9070.09 time, 9070.01 real, 911 MB
[runlim] sample:		9080.10 time, 9080.01 real, 911 MB
[runlim] sample:		9090.10 time, 9090.01 real, 911 MB
[runlim] sample:		9100.09 time, 9100.01 real, 911 MB
[runlim] sample:		9110.10 time, 9110.01 real, 911 MB
[runlim] sample:		9120.10 time, 9120.01 real, 911 MB
[runlim] sample:		9130.09 time, 9130.01 real, 911 MB
[runlim] sample:		9140.10 time, 9140.01 real, 911 MB
[runlim] sample:		9150.10 time, 9150.01 real, 911 MB
[runlim] sample:		9160.10 time, 9160.01 real, 911 MB
[runlim] sample:		9170.09 time, 9170.01 real, 911 MB
[runlim] sample:		9180.09 time, 9180.01 real, 911 MB
[runlim] sample:		9190.10 time, 9190.01 real, 911 MB
[runlim] sample:		9200.10 time, 9200.01 real, 911 MB
[runlim] sample:		9210.10 time, 9210.01 real, 911 MB
[runlim] sample:		9220.09 time, 9220.01 real, 911 MB
[runlim] sample:		9230.09 time, 9230.01 real, 911 MB
[runlim] sample:		9240.10 time, 9240.01 real, 911 MB
[runlim] sample:		9250.09 time, 9250.01 real, 911 MB
[runlim] sample:		9260.09 time, 9260.01 real, 911 MB
[runlim] sample:		9270.10 time, 9270.01 real, 911 MB
[runlim] sample:		9280.10 time, 9280.01 real, 911 MB
[runlim] sample:		9290.10 time, 9290.01 real, 911 MB
[runlim] sample:		9300.09 time, 9300.01 real, 911 MB
[runlim] sample:		9310.10 time, 9310.01 real, 911 MB
[runlim] sample:		9320.10 time, 9320.01 real, 911 MB
[runlim] sample:		9330.10 time, 9330.01 real, 911 MB
[runlim] sample:		9340.09 time, 9340.01 real, 911 MB
[runlim] sample:		9350.10 time, 9350.01 real, 913 MB
[runlim] sample:		9360.09 time, 9360.01 real, 913 MB
[runlim] sample:		9370.10 time, 9370.01 real, 913 MB
[runlim] sample:		9380.10 time, 9380.01 real, 913 MB
[runlim] sample:		9390.10 time, 9390.01 real, 913 MB
[runlim] sample:		9400.10 time, 9400.01 real, 913 MB
[runlim] sample:		9410.10 time, 9410.01 real, 914 MB
[runlim] sample:		9420.10 time, 9420.01 real, 915 MB
[runlim] sample:		9430.10 time, 9430.01 real, 915 MB
[runlim] sample:		9440.10 time, 9440.01 real, 915 MB
[runlim] sample:		9450.10 time, 9450.01 real, 915 MB
[runlim] sample:		9460.10 time, 9460.01 real, 915 MB
[runlim] sample:		9470.10 time, 9470.01 real, 915 MB
[runlim] sample:		9480.09 time, 9480.01 real, 915 MB
[runlim] sample:		9490.10 time, 9490.01 real, 915 MB
[runlim] sample:		9500.10 time, 9500.01 real, 915 MB
[runlim] sample:		9510.10 time, 9510.01 real, 915 MB
[runlim] sample:		9520.10 time, 9520.01 real, 915 MB
[runlim] sample:		9530.10 time, 9530.01 real, 915 MB
[runlim] sample:		9540.10 time, 9540.01 real, 915 MB
[runlim] sample:		9550.10 time, 9550.01 real, 915 MB
[runlim] sample:		9560.10 time, 9560.01 real, 915 MB
[runlim] sample:		9570.10 time, 9570.01 real, 915 MB
[runlim] sample:		9580.10 time, 9580.01 real, 915 MB
[runlim] sample:		9590.10 time, 9590.01 real, 915 MB
[runlim] sample:		9600.10 time, 9600.01 real, 915 MB
[runlim] sample:		9610.10 time, 9610.01 real, 915 MB
[runlim] sample:		9620.10 time, 9620.01 real, 915 MB
[runlim] sample:		9630.10 time, 9630.01 real, 915 MB
[runlim] sample:		9640.10 time, 9640.01 real, 915 MB
[runlim] sample:		9650.10 time, 9650.01 real, 915 MB
[runlim] sample:		9660.10 time, 9660.01 real, 915 MB
[runlim] sample:		9670.10 time, 9670.01 real, 915 MB
[runlim] sample:		9680.10 time, 9680.01 real, 915 MB
[runlim] sample:		9690.11 time, 9690.01 real, 915 MB
[runlim] sample:		9700.10 time, 9700.01 real, 915 MB
[runlim] sample:		9710.10 time, 9710.01 real, 915 MB
[runlim] sample:		9720.10 time, 9720.01 real, 915 MB
[runlim] sample:		9730.10 time, 9730.01 real, 915 MB
[runlim] sample:		9740.10 time, 9740.01 real, 915 MB
[runlim] sample:		9750.10 time, 9750.01 real, 915 MB
[runlim] sample:		9760.11 time, 9760.01 real, 915 MB
[runlim] sample:		9770.11 time, 9770.01 real, 915 MB
[runlim] sample:		9780.10 time, 9780.01 real, 915 MB
[runlim] sample:		9790.10 time, 9790.01 real, 915 MB
[runlim] sample:		9800.10 time, 9800.01 real, 915 MB
[runlim] sample:		9810.10 time, 9810.01 real, 915 MB
[runlim] sample:		9820.10 time, 9820.01 real, 915 MB
[runlim] sample:		9830.10 time, 9830.01 real, 915 MB
[runlim] sample:		9840.11 time, 9840.01 real, 915 MB
[runlim] sample:		9850.11 time, 9850.01 real, 915 MB
[runlim] sample:		9860.10 time, 9860.01 real, 915 MB
[runlim] sample:		9870.10 time, 9870.01 real, 915 MB
[runlim] sample:		9880.10 time, 9880.01 real, 915 MB
[runlim] sample:		9890.10 time, 9890.01 real, 915 MB
[runlim] sample:		9900.11 time, 9900.01 real, 915 MB
[runlim] sample:		9910.11 time, 9910.01 real, 915 MB
[runlim] sample:		9920.10 time, 9920.01 real, 915 MB
[runlim] sample:		9930.11 time, 9930.01 real, 915 MB
[runlim] sample:		9940.11 time, 9940.01 real, 915 MB
[runlim] sample:		9950.10 time, 9950.01 real, 915 MB
[runlim] sample:		9960.11 time, 9960.01 real, 916 MB
[runlim] sample:		9970.11 time, 9970.01 real, 916 MB
[runlim] sample:		9980.11 time, 9980.01 real, 921 MB
[runlim] sample:		9990.10 time, 9990.01 real, 921 MB
[runlim] sample:		10000.10 time, 10000.01 real, 921 MB
[runlim] sample:		10010.10 time, 10010.01 real, 921 MB
[runlim] sample:		10020.11 time, 10020.01 real, 921 MB
[runlim] sample:		10030.11 time, 10030.01 real, 921 MB
[runlim] sample:		10040.10 time, 10040.01 real, 921 MB
[runlim] sample:		10050.11 time, 10050.01 real, 921 MB
[runlim] sample:		10060.11 time, 10060.01 real, 921 MB
[runlim] sample:		10070.11 time, 10070.01 real, 921 MB
[runlim] sample:		10080.10 time, 10080.01 real, 921 MB
[runlim] sample:		10090.10 time, 10090.01 real, 921 MB
[runlim] sample:		10100.11 time, 10100.01 real, 921 MB
[runlim] sample:		10110.10 time, 10110.01 real, 921 MB
[runlim] sample:		10120.10 time, 10120.01 real, 921 MB
[runlim] sample:		10130.11 time, 10130.01 real, 921 MB
[runlim] sample:		10140.11 time, 10140.01 real, 921 MB
[runlim] sample:		10150.11 time, 10150.01 real, 921 MB
[runlim] sample:		10160.10 time, 10160.01 real, 921 MB
[runlim] sample:		10170.11 time, 10170.01 real, 921 MB
[runlim] sample:		10180.11 time, 10180.01 real, 921 MB
[runlim] sample:		10190.11 time, 10190.01 real, 921 MB
[runlim] sample:		10200.11 time, 10200.01 real, 921 MB
[runlim] sample:		10210.11 time, 10210.01 real, 921 MB
[runlim] sample:		10220.11 time, 10220.01 real, 921 MB
[runlim] sample:		10230.10 time, 10230.01 real, 921 MB
[runlim] sample:		10240.10 time, 10240.01 real, 921 MB
[runlim] sample:		10250.10 time, 10250.01 real, 921 MB
[runlim] sample:		10260.11 time, 10260.01 real, 921 MB
[runlim] sample:		10270.11 time, 10270.01 real, 922 MB
[runlim] sample:		10280.11 time, 10280.01 real, 925 MB
[runlim] sample:		10290.11 time, 10290.01 real, 925 MB
[runlim] sample:		10300.11 time, 10300.01 real, 926 MB
[runlim] sample:		10310.11 time, 10310.01 real, 926 MB
[runlim] sample:		10320.10 time, 10320.01 real, 931 MB
[runlim] sample:		10330.10 time, 10330.01 real, 931 MB
[runlim] sample:		10340.11 time, 10340.01 real, 931 MB
[runlim] sample:		10350.11 time, 10350.01 real, 931 MB
[runlim] sample:		10360.11 time, 10360.01 real, 931 MB
[runlim] sample:		10370.11 time, 10370.01 real, 931 MB
[runlim] sample:		10380.11 time, 10380.01 real, 931 MB
[runlim] sample:		10390.11 time, 10390.01 real, 931 MB
[runlim] sample:		10400.11 time, 10400.01 real, 931 MB
[runlim] sample:		10410.11 time, 10410.01 real, 931 MB
[runlim] sample:		10420.11 time, 10420.01 real, 931 MB
[runlim] sample:		10430.11 time, 10430.01 real, 931 MB
[runlim] sample:		10440.11 time, 10440.01 real, 931 MB
[runlim] sample:		10450.11 time, 10450.01 real, 931 MB
[runlim] sample:		10460.11 time, 10460.01 real, 931 MB
[runlim] sample:		10470.11 time, 10470.01 real, 931 MB
[runlim] sample:		10480.11 time, 10480.01 real, 931 MB
[runlim] sample:		10490.11 time, 10490.01 real, 931 MB
[runlim] sample:		10500.11 time, 10500.01 real, 931 MB
[runlim] sample:		10510.11 time, 10510.01 real, 931 MB
[runlim] sample:		10520.11 time, 10520.01 real, 931 MB
[runlim] sample:		10530.11 time, 10530.01 real, 931 MB
[runlim] sample:		10540.11 time, 10540.01 real, 931 MB
[runlim] sample:		10550.11 time, 10550.01 real, 931 MB
[runlim] sample:		10560.11 time, 10560.01 real, 931 MB
[runlim] sample:		10570.11 time, 10570.01 real, 931 MB
[runlim] sample:		10580.11 time, 10580.01 real, 931 MB
[runlim] sample:		10590.11 time, 10590.01 real, 931 MB
[runlim] sample:		10600.11 time, 10600.01 real, 931 MB
[runlim] sample:		10610.12 time, 10610.01 real, 931 MB
[runlim] sample:		10620.12 time, 10620.01 real, 931 MB
[runlim] sample:		10630.11 time, 10630.01 real, 931 MB
[runlim] sample:		10640.11 time, 10640.01 real, 931 MB
[runlim] sample:		10650.11 time, 10650.01 real, 931 MB
[runlim] sample:		10660.11 time, 10660.01 real, 931 MB
[runlim] sample:		10670.11 time, 10670.01 real, 931 MB
[runlim] sample:		10680.11 time, 10680.01 real, 931 MB
[runlim] sample:		10690.12 time, 10690.01 real, 931 MB
[runlim] sample:		10700.11 time, 10700.01 real, 931 MB
[runlim] sample:		10710.11 time, 10710.01 real, 931 MB
[runlim] sample:		10720.11 time, 10720.01 real, 931 MB
[runlim] sample:		10730.12 time, 10730.01 real, 931 MB
[runlim] sample:		10740.12 time, 10740.01 real, 931 MB
[runlim] sample:		10750.11 time, 10750.01 real, 931 MB
[runlim] sample:		10760.12 time, 10760.01 real, 931 MB
[runlim] sample:		10770.12 time, 10770.01 real, 931 MB
[runlim] sample:		10780.12 time, 10780.01 real, 931 MB
[runlim] sample:		10790.11 time, 10790.01 real, 931 MB
[runlim] sample:		10800.11 time, 10800.01 real, 931 MB
[runlim] sample:		10810.11 time, 10810.01 real, 931 MB
[runlim] sample:		10820.12 time, 10820.01 real, 931 MB
[runlim] sample:		10830.12 time, 10830.01 real, 931 MB
[runlim] sample:		10840.11 time, 10840.01 real, 931 MB
[runlim] sample:		10850.12 time, 10850.01 real, 931 MB
[runlim] sample:		10860.12 time, 10860.01 real, 931 MB
[runlim] sample:		10870.11 time, 10870.01 real, 931 MB
[runlim] sample:		10880.11 time, 10880.01 real, 931 MB
[runlim] sample:		10890.11 time, 10890.01 real, 931 MB
[runlim] sample:		10900.12 time, 10900.01 real, 931 MB
[runlim] sample:		10910.11 time, 10910.01 real, 931 MB
[runlim] sample:		10920.11 time, 10920.01 real, 931 MB
[runlim] sample:		10930.12 time, 10930.01 real, 931 MB
[runlim] sample:		10940.12 time, 10940.01 real, 931 MB
[runlim] sample:		10950.12 time, 10950.01 real, 931 MB
[runlim] sample:		10960.12 time, 10960.01 real, 931 MB
[runlim] sample:		10970.12 time, 10970.01 real, 931 MB
[runlim] sample:		10980.11 time, 10980.01 real, 931 MB
[runlim] sample:		10990.12 time, 10990.01 real, 931 MB
[runlim] sample:		11000.12 time, 11000.01 real, 931 MB
[runlim] sample:		11010.11 time, 11010.01 real, 931 MB
[runlim] sample:		11020.12 time, 11020.01 real, 931 MB
[runlim] sample:		11030.12 time, 11030.01 real, 931 MB
[runlim] sample:		11040.12 time, 11040.01 real, 931 MB
[runlim] sample:		11050.11 time, 11050.01 real, 931 MB
[runlim] sample:		11060.11 time, 11060.01 real, 931 MB
[runlim] sample:		11070.12 time, 11070.01 real, 931 MB
[runlim] sample:		11080.12 time, 11080.01 real, 931 MB
[runlim] sample:		11090.12 time, 11090.01 real, 931 MB
[runlim] sample:		11100.12 time, 11100.01 real, 931 MB
[runlim] sample:		11110.12 time, 11110.01 real, 931 MB
[runlim] sample:		11120.12 time, 11120.01 real, 931 MB
[runlim] sample:		11130.12 time, 11130.01 real, 931 MB
[runlim] sample:		11140.11 time, 11140.01 real, 931 MB
[runlim] sample:		11150.11 time, 11150.01 real, 931 MB
[runlim] sample:		11160.12 time, 11160.01 real, 931 MB
[runlim] sample:		11170.12 time, 11170.01 real, 931 MB
[runlim] sample:		11180.12 time, 11180.01 real, 931 MB
[runlim] sample:		11190.12 time, 11190.01 real, 931 MB
[runlim] sample:		11200.12 time, 11200.01 real, 931 MB
[runlim] sample:		11210.12 time, 11210.01 real, 931 MB
[runlim] sample:		11220.12 time, 11220.01 real, 931 MB
[runlim] sample:		11230.12 time, 11230.01 real, 931 MB
[runlim] sample:		11240.12 time, 11240.01 real, 931 MB
[runlim] sample:		11250.12 time, 11250.01 real, 931 MB
[runlim] sample:		11260.12 time, 11260.01 real, 931 MB
[runlim] sample:		11270.12 time, 11270.01 real, 931 MB
[runlim] sample:		11280.12 time, 11280.01 real, 931 MB
[runlim] sample:		11290.12 time, 11290.01 real, 931 MB
[runlim] sample:		11300.12 time, 11300.01 real, 931 MB
[runlim] sample:		11310.12 time, 11310.01 real, 931 MB
[runlim] sample:		11320.12 time, 11320.01 real, 932 MB
[runlim] sample:		11330.12 time, 11330.01 real, 932 MB
[runlim] sample:		11340.12 time, 11340.01 real, 932 MB
[runlim] sample:		11350.12 time, 11350.01 real, 932 MB
[runlim] sample:		11360.12 time, 11360.01 real, 932 MB
[runlim] sample:		11370.12 time, 11370.01 real, 932 MB
[runlim] sample:		11380.12 time, 11380.01 real, 932 MB
[runlim] sample:		11390.12 time, 11390.01 real, 933 MB
[runlim] sample:		11400.13 time, 11400.01 real, 933 MB
[runlim] sample:		11410.12 time, 11410.01 real, 933 MB
[runlim] sample:		11420.12 time, 11420.01 real, 933 MB
[runlim] sample:		11430.12 time, 11430.01 real, 933 MB
[runlim] sample:		11440.12 time, 11440.01 real, 934 MB
[runlim] sample:		11450.12 time, 11450.01 real, 934 MB
[runlim] sample:		11460.13 time, 11460.01 real, 939 MB
[runlim] sample:		11470.12 time, 11470.01 real, 939 MB
[runlim] sample:		11480.12 time, 11480.01 real, 939 MB
[runlim] sample:		11490.12 time, 11490.01 real, 939 MB
[runlim] sample:		11500.12 time, 11500.01 real, 939 MB
[runlim] sample:		11510.12 time, 11510.01 real, 939 MB
[runlim] sample:		11520.12 time, 11520.01 real, 939 MB
[runlim] sample:		11530.13 time, 11530.01 real, 939 MB
[runlim] sample:		11540.13 time, 11540.01 real, 939 MB
[runlim] sample:		11550.12 time, 11550.01 real, 939 MB
[runlim] sample:		11560.12 time, 11560.01 real, 939 MB
[runlim] sample:		11570.12 time, 11570.01 real, 939 MB
[runlim] sample:		11580.13 time, 11580.01 real, 939 MB
[runlim] sample:		11590.13 time, 11590.01 real, 939 MB
[runlim] sample:		11600.12 time, 11600.01 real, 939 MB
[runlim] sample:		11610.13 time, 11610.01 real, 939 MB
[runlim] sample:		11620.13 time, 11620.01 real, 939 MB
[runlim] sample:		11630.12 time, 11630.01 real, 939 MB
[runlim] sample:		11640.12 time, 11640.01 real, 939 MB
[runlim] sample:		11650.12 time, 11650.01 real, 939 MB
[runlim] sample:		11660.13 time, 11660.01 real, 939 MB
[runlim] sample:		11670.13 time, 11670.01 real, 939 MB
