count_stat.buggy.0.asm
count_stat.buggy.1.asm
count_stat.buggy.2.asm
count_stat.checker.asm
. z3-functional.mmap
# tid	pc	cmd	arg	accu	mem	adr	val	full	heap
2	inc	LOAD	0	0	0	0	0	0	{}	# 0
2	1	ADDI	1	0	0	0	0	0	{}	# 1
2	2	STORE	0	1	0	0	0	0	{}	# 2
2	3	FLUSH	-	1	0	0	1	1	{}	# 3
2	3	LOAD	12	1	0	0	1	0	{(0,1)}	# 4
2	4	SUBI	1	4	0	0	1	0	{}	# 5
2	5	STORE	12	3	0	0	1	0	{}	# 6
2	6	JNZ	inc	3	0	12	3	1	{}	# 7
2	inc	LOAD	0	3	0	12	3	1	{}	# 8
2	1	FLUSH	-	1	0	12	3	1	{}	# 9
2	1	ADDI	1	1	0	12	3	0	{(12,3)}	# 10
2	2	STORE	0	2	0	12	3	0	{}	# 11
2	3	FLUSH	-	2	0	0	2	1	{}	# 12
2	3	LOAD	12	2	0	0	2	0	{(0,2)}	# 13
2	4	SUBI	1	3	0	0	2	0	{}	# 14
2	5	STORE	12	2	0	0	2	0	{}	# 15
2	6	JNZ	inc	2	0	12	2	1	{}	# 16
2	inc	LOAD	0	2	0	12	2	1	{}	# 17
2	1	FLUSH	-	2	0	12	2	1	{}	# 18
2	1	ADDI	1	2	0	12	2	0	{(12,2)}	# 19
0	inc	LOAD	0	0	0	0	0	0	{}	# 20
2	2	STORE	0	3	0	12	2	0	{}	# 21
2	3	LOAD	12	3	0	0	3	1	{}	# 22
2	4	FLUSH	-	2	0	0	3	1	{}	# 23
0	1	ADDI	1	2	0	0	0	0	{(0,3)}	# 24
2	4	SUBI	1	2	0	0	3	0	{}	# 25
0	2	STORE	0	3	0	0	0	0	{}	# 26
1	inc	LOAD	0	0	0	0	0	0	{}	# 27
1	1	ADDI	1	3	0	0	0	0	{}	# 28
0	3	FLUSH	-	3	0	0	3	1	{}	# 29
3	0	CHECK	0	0	0	0	0	0	{(0,3)}	# 30
1	2	STORE	0	4	0	0	0	0	{}	# 31
1	3	FLUSH	-	4	0	0	4	1	{}	# 32
1	3	LOAD	11	4	0	0	4	0	{(0,4)}	# 33
1	4	SUBI	1	1	0	0	4	0	{}	# 34
1	5	STORE	11	0	0	0	4	0	{}	# 35
2	5	STORE	12	1	0	0	3	0	{}	# 36
1	6	FLUSH	-	0	0	11	0	1	{}	# 37
2	6	JNZ	inc	1	0	12	1	1	{(11,0)}	# 38
2	inc	LOAD	0	1	0	12	1	1	{}	# 39
0	3	LOAD	10	3	0	0	3	0	{}	# 40
0	4	SUBI	1	2	0	0	3	0	{}	# 41
1	6	JNZ	inc	0	0	11	0	0	{}	# 42
1	7	CHECK	0	0	0	11	0	0	{}	# 43
0	5	STORE	10	1	0	0	3	0	{}	# 44
0	6	JNZ	inc	1	0	10	1	1	{}	# 45
0	inc	LOAD	0	1	0	10	1	1	{}	# 46
2	1	FLUSH	-	4	0	12	1	1	{}	# 47
0	1	FLUSH	-	4	0	10	1	1	{(12,1)}	# 48
0	1	ADDI	1	4	0	10	1	0	{(10,1)}	# 49
0	2	STORE	0	5	0	10	1	0	{}	# 50
0	3	FLUSH	-	5	0	0	5	1	{}	# 51
2	1	ADDI	1	4	0	12	1	0	{(0,5)}	# 52
2	2	STORE	0	5	0	12	1	0	{}	# 53
0	3	LOAD	10	5	0	0	5	0	{}	# 54
2	3	FLUSH	-	5	0	0	5	1	{}	# 55
2	3	LOAD	12	5	0	0	5	0	{(0,5)}	# 56
0	4	SUBI	1	1	0	0	5	0	{}	# 57
2	4	SUBI	1	1	0	0	5	0	{}	# 58
2	5	STORE	12	0	0	0	5	0	{}	# 59
0	5	STORE	10	0	0	0	5	0	{}	# 60
2	6	JNZ	inc	0	0	12	0	1	{}	# 61
2	7	FLUSH	-	0	0	12	0	1	{}	# 62
0	6	JNZ	inc	0	0	10	0	1	{(12,0)}	# 63
2	7	CHECK	0	0	0	12	0	0	{}	# 64
0	7	FLUSH	-	0	0	10	0	1	{}	# 65
0	7	CHECK	0	0	0	10	0	0	{(10,0)}	# 66
3	1	ADDI	12	0	0	0	0	0	{}	# 67
3	2	CMP	0	12	0	0	0	0	{}	# 68
3	3	JNZ	error	7	0	0	0	0	{}	# 69
1	8	HALT	-	0	0	11	0	0	{}	# 70
0	8	HALT	-	0	0	10	0	0	{}	# 71
2	8	HALT	-	0	0	12	0	0	{}	# 72
3	error	EXIT	1	7	0	0	0	0	{}	# 73
