[runlim] version:		1.21
[runlim] host:			c3n17
[runlim] time limit:		86400 seconds
[runlim] real time limit:	86400 seconds
[runlim] space limit:		8000 MB
[runlim] argv[0]:		concubine
[runlim] argv[1]:		solve
[runlim] argv[2]:		-v
[runlim] argv[3]:		-s
[runlim] argv[4]:		z3
[runlim] argv[5]:		-e
[runlim] argv[6]:		smtlib-relational
[runlim] argv[7]:		-m
[runlim] argv[8]:		init.mmap
[runlim] argv[9]:		-o
[runlim] argv[10]:		z3-relational
[runlim] argv[11]:		119
[runlim] argv[12]:		count_stat.buggy.0.asm
[runlim] argv[13]:		count_stat.buggy.1.asm
[runlim] argv[14]:		count_stat.buggy.2.asm
[runlim] argv[15]:		count_stat.checker.asm
[runlim] start:			Tue Dec  8 20:17:56 2020
[runlim] child:			23191
[runlim] sample:		9.86 time, 10.01 real, 46 MB
[runlim] sample:		19.86 time, 20.01 real, 46 MB
[runlim] sample:		29.86 time, 30.01 real, 46 MB
[runlim] sample:		39.86 time, 40.01 real, 46 MB
[runlim] sample:		49.86 time, 50.01 real, 46 MB
[runlim] sample:		59.86 time, 60.01 real, 46 MB
[runlim] sample:		69.86 time, 70.01 real, 46 MB
[runlim] sample:		79.86 time, 80.01 real, 46 MB
[runlim] sample:		89.86 time, 90.01 real, 46 MB
[runlim] sample:		99.86 time, 100.01 real, 46 MB
[runlim] sample:		109.86 time, 110.01 real, 46 MB
[runlim] sample:		119.86 time, 120.01 real, 46 MB
[runlim] sample:		129.86 time, 130.01 real, 46 MB
[runlim] sample:		139.86 time, 140.01 real, 46 MB
[runlim] sample:		149.86 time, 150.01 real, 46 MB
[runlim] sample:		159.86 time, 160.01 real, 46 MB
[runlim] sample:		169.86 time, 170.01 real, 48 MB
[runlim] sample:		179.86 time, 180.01 real, 48 MB
[runlim] sample:		189.86 time, 190.01 real, 48 MB
[runlim] sample:		199.86 time, 200.01 real, 48 MB
[runlim] sample:		209.86 time, 210.01 real, 48 MB
[runlim] sample:		219.86 time, 220.01 real, 48 MB
[runlim] sample:		229.86 time, 230.01 real, 48 MB
[runlim] sample:		239.86 time, 240.01 real, 48 MB
[runlim] sample:		249.86 time, 250.01 real, 48 MB
[runlim] sample:		259.86 time, 260.01 real, 48 MB
[runlim] sample:		269.86 time, 270.01 real, 48 MB
[runlim] sample:		279.86 time, 280.01 real, 48 MB
[runlim] sample:		289.86 time, 290.01 real, 48 MB
[runlim] sample:		299.86 time, 300.01 real, 48 MB
[runlim] sample:		309.86 time, 310.01 real, 119 MB
[runlim] sample:		319.85 time, 320.01 real, 121 MB
[runlim] sample:		329.85 time, 330.01 real, 125 MB
[runlim] sample:		339.85 time, 340.01 real, 126 MB
[runlim] sample:		349.85 time, 350.01 real, 127 MB
[runlim] sample:		359.85 time, 360.01 real, 128 MB
[runlim] sample:		369.85 time, 370.01 real, 136 MB
[runlim] sample:		379.85 time, 380.01 real, 137 MB
[runlim] sample:		389.85 time, 390.01 real, 138 MB
[runlim] sample:		399.85 time, 400.01 real, 139 MB
[runlim] sample:		409.85 time, 410.01 real, 140 MB
[runlim] sample:		419.85 time, 420.01 real, 141 MB
[runlim] sample:		429.85 time, 430.01 real, 142 MB
[runlim] sample:		439.85 time, 440.01 real, 142 MB
[runlim] sample:		449.85 time, 450.01 real, 143 MB
[runlim] sample:		459.86 time, 460.01 real, 148 MB
[runlim] sample:		469.86 time, 470.01 real, 148 MB
[runlim] sample:		479.86 time, 480.01 real, 148 MB
[runlim] sample:		489.85 time, 490.01 real, 148 MB
[runlim] sample:		499.85 time, 500.01 real, 148 MB
[runlim] sample:		509.85 time, 510.01 real, 148 MB
[runlim] sample:		519.85 time, 520.01 real, 150 MB
[runlim] sample:		529.85 time, 530.01 real, 151 MB
[runlim] sample:		539.85 time, 540.01 real, 151 MB
[runlim] sample:		549.85 time, 550.01 real, 152 MB
[runlim] sample:		559.85 time, 560.01 real, 153 MB
[runlim] sample:		569.85 time, 570.01 real, 153 MB
[runlim] sample:		579.85 time, 580.01 real, 153 MB
[runlim] sample:		589.85 time, 590.01 real, 154 MB
[runlim] sample:		599.85 time, 600.01 real, 155 MB
[runlim] sample:		609.85 time, 610.01 real, 157 MB
[runlim] sample:		619.85 time, 620.01 real, 158 MB
[runlim] sample:		629.85 time, 630.01 real, 158 MB
[runlim] sample:		639.85 time, 640.01 real, 158 MB
[runlim] sample:		649.85 time, 650.01 real, 158 MB
[runlim] sample:		659.85 time, 660.01 real, 159 MB
[runlim] sample:		669.85 time, 670.01 real, 159 MB
[runlim] sample:		679.85 time, 680.01 real, 160 MB
[runlim] sample:		689.85 time, 690.01 real, 160 MB
[runlim] sample:		699.85 time, 700.01 real, 160 MB
[runlim] sample:		709.85 time, 710.01 real, 160 MB
[runlim] sample:		719.85 time, 720.01 real, 161 MB
[runlim] sample:		729.85 time, 730.01 real, 161 MB
[runlim] sample:		739.85 time, 740.01 real, 161 MB
[runlim] sample:		749.85 time, 750.01 real, 161 MB
[runlim] sample:		759.85 time, 760.01 real, 161 MB
[runlim] sample:		769.85 time, 770.01 real, 163 MB
[runlim] sample:		779.85 time, 780.01 real, 164 MB
[runlim] sample:		789.85 time, 790.01 real, 164 MB
[runlim] sample:		799.85 time, 800.01 real, 164 MB
[runlim] sample:		809.85 time, 810.01 real, 164 MB
[runlim] sample:		819.85 time, 820.01 real, 166 MB
[runlim] sample:		829.85 time, 830.01 real, 166 MB
[runlim] sample:		839.85 time, 840.01 real, 167 MB
[runlim] sample:		849.85 time, 850.01 real, 167 MB
[runlim] sample:		859.85 time, 860.01 real, 167 MB
[runlim] sample:		869.85 time, 870.01 real, 167 MB
[runlim] sample:		879.85 time, 880.01 real, 168 MB
[runlim] sample:		889.85 time, 890.01 real, 168 MB
[runlim] sample:		899.85 time, 900.01 real, 168 MB
[runlim] sample:		909.85 time, 910.01 real, 168 MB
[runlim] sample:		919.84 time, 920.01 real, 168 MB
[runlim] sample:		929.85 time, 930.01 real, 169 MB
[runlim] sample:		939.85 time, 940.01 real, 170 MB
[runlim] sample:		949.85 time, 950.01 real, 171 MB
[runlim] sample:		959.85 time, 960.01 real, 171 MB
[runlim] sample:		969.84 time, 970.01 real, 171 MB
[runlim] sample:		979.84 time, 980.01 real, 171 MB
[runlim] sample:		989.84 time, 990.01 real, 171 MB
[runlim] sample:		999.84 time, 1000.01 real, 172 MB
[runlim] sample:		1009.84 time, 1010.01 real, 172 MB
[runlim] sample:		1019.84 time, 1020.01 real, 172 MB
[runlim] sample:		1029.84 time, 1030.01 real, 172 MB
[runlim] sample:		1039.84 time, 1040.01 real, 173 MB
[runlim] sample:		1049.84 time, 1050.01 real, 173 MB
[runlim] sample:		1059.84 time, 1060.01 real, 173 MB
[runlim] sample:		1069.84 time, 1070.01 real, 174 MB
[runlim] sample:		1079.84 time, 1080.01 real, 174 MB
[runlim] sample:		1089.84 time, 1090.01 real, 174 MB
[runlim] sample:		1099.84 time, 1100.01 real, 175 MB
[runlim] sample:		1109.84 time, 1110.01 real, 177 MB
[runlim] sample:		1119.84 time, 1120.01 real, 177 MB
[runlim] sample:		1129.85 time, 1130.01 real, 177 MB
[runlim] sample:		1139.85 time, 1140.01 real, 177 MB
[runlim] sample:		1149.85 time, 1150.01 real, 177 MB
[runlim] sample:		1159.85 time, 1160.01 real, 178 MB
[runlim] sample:		1169.85 time, 1170.01 real, 178 MB
[runlim] sample:		1179.85 time, 1180.01 real, 181 MB
[runlim] sample:		1189.85 time, 1190.01 real, 181 MB
[runlim] sample:		1199.85 time, 1200.01 real, 181 MB
[runlim] sample:		1209.85 time, 1210.01 real, 181 MB
[runlim] sample:		1219.85 time, 1220.01 real, 181 MB
[runlim] sample:		1229.85 time, 1230.01 real, 181 MB
[runlim] sample:		1239.85 time, 1240.01 real, 181 MB
[runlim] sample:		1249.85 time, 1250.01 real, 182 MB
[runlim] sample:		1259.85 time, 1260.01 real, 182 MB
[runlim] sample:		1269.85 time, 1270.01 real, 183 MB
[runlim] sample:		1279.85 time, 1280.01 real, 183 MB
[runlim] sample:		1289.85 time, 1290.01 real, 183 MB
[runlim] sample:		1299.85 time, 1300.01 real, 183 MB
[runlim] sample:		1309.85 time, 1310.01 real, 184 MB
[runlim] sample:		1319.85 time, 1320.01 real, 184 MB
[runlim] sample:		1329.84 time, 1330.01 real, 184 MB
[runlim] sample:		1339.84 time, 1340.01 real, 185 MB
[runlim] sample:		1349.85 time, 1350.01 real, 185 MB
[runlim] sample:		1359.85 time, 1360.01 real, 186 MB
[runlim] sample:		1369.84 time, 1370.01 real, 186 MB
[runlim] sample:		1379.84 time, 1380.01 real, 191 MB
[runlim] sample:		1389.84 time, 1390.01 real, 191 MB
[runlim] sample:		1399.84 time, 1400.01 real, 191 MB
[runlim] sample:		1409.84 time, 1410.01 real, 191 MB
[runlim] sample:		1419.84 time, 1420.01 real, 191 MB
[runlim] sample:		1429.84 time, 1430.01 real, 191 MB
[runlim] sample:		1439.84 time, 1440.01 real, 191 MB
[runlim] sample:		1449.85 time, 1450.01 real, 192 MB
[runlim] sample:		1459.84 time, 1460.01 real, 193 MB
[runlim] sample:		1469.84 time, 1470.01 real, 193 MB
[runlim] sample:		1479.84 time, 1480.01 real, 193 MB
[runlim] sample:		1489.84 time, 1490.01 real, 193 MB
[runlim] sample:		1499.84 time, 1500.01 real, 193 MB
[runlim] sample:		1509.84 time, 1510.01 real, 193 MB
[runlim] sample:		1519.84 time, 1520.01 real, 194 MB
[runlim] sample:		1529.84 time, 1530.01 real, 194 MB
[runlim] sample:		1539.84 time, 1540.01 real, 194 MB
[runlim] sample:		1549.84 time, 1550.01 real, 194 MB
[runlim] sample:		1559.84 time, 1560.01 real, 194 MB
[runlim] sample:		1569.84 time, 1570.01 real, 195 MB
[runlim] sample:		1579.84 time, 1580.01 real, 195 MB
[runlim] sample:		1589.84 time, 1590.01 real, 195 MB
[runlim] sample:		1599.84 time, 1600.01 real, 195 MB
[runlim] sample:		1609.84 time, 1610.01 real, 195 MB
[runlim] sample:		1619.84 time, 1620.01 real, 196 MB
[runlim] sample:		1629.84 time, 1630.01 real, 196 MB
[runlim] sample:		1639.84 time, 1640.01 real, 197 MB
[runlim] sample:		1649.84 time, 1650.01 real, 197 MB
[runlim] sample:		1659.84 time, 1660.01 real, 197 MB
[runlim] sample:		1669.84 time, 1670.01 real, 197 MB
[runlim] sample:		1679.84 time, 1680.01 real, 197 MB
[runlim] sample:		1689.84 time, 1690.01 real, 198 MB
[runlim] sample:		1699.84 time, 1700.01 real, 198 MB
[runlim] sample:		1709.84 time, 1710.01 real, 198 MB
[runlim] sample:		1719.84 time, 1720.01 real, 198 MB
[runlim] sample:		1729.84 time, 1730.01 real, 198 MB
[runlim] sample:		1739.84 time, 1740.01 real, 198 MB
[runlim] sample:		1749.84 time, 1750.01 real, 198 MB
[runlim] sample:		1759.84 time, 1760.01 real, 198 MB
[runlim] sample:		1769.84 time, 1770.01 real, 200 MB
[runlim] sample:		1779.84 time, 1780.01 real, 201 MB
[runlim] sample:		1789.84 time, 1790.01 real, 201 MB
[runlim] sample:		1799.84 time, 1800.01 real, 201 MB
[runlim] sample:		1809.84 time, 1810.01 real, 201 MB
[runlim] sample:		1819.84 time, 1820.01 real, 201 MB
[runlim] sample:		1829.84 time, 1830.01 real, 201 MB
[runlim] sample:		1839.84 time, 1840.01 real, 201 MB
[runlim] sample:		1849.84 time, 1850.01 real, 201 MB
[runlim] sample:		1859.84 time, 1860.01 real, 201 MB
[runlim] sample:		1869.84 time, 1870.01 real, 201 MB
[runlim] sample:		1879.84 time, 1880.01 real, 201 MB
[runlim] sample:		1889.84 time, 1890.01 real, 201 MB
[runlim] sample:		1899.84 time, 1900.01 real, 201 MB
[runlim] sample:		1909.84 time, 1910.01 real, 201 MB
[runlim] sample:		1919.84 time, 1920.01 real, 202 MB
[runlim] sample:		1929.84 time, 1930.01 real, 203 MB
[runlim] sample:		1939.84 time, 1940.01 real, 203 MB
[runlim] sample:		1949.84 time, 1950.01 real, 203 MB
[runlim] sample:		1959.84 time, 1960.01 real, 203 MB
[runlim] sample:		1969.84 time, 1970.01 real, 203 MB
[runlim] sample:		1979.84 time, 1980.01 real, 203 MB
[runlim] sample:		1989.84 time, 1990.01 real, 203 MB
[runlim] sample:		1999.84 time, 2000.01 real, 203 MB
[runlim] sample:		2009.84 time, 2010.01 real, 203 MB
[runlim] sample:		2019.84 time, 2020.01 real, 204 MB
[runlim] sample:		2029.84 time, 2030.01 real, 205 MB
[runlim] sample:		2039.84 time, 2040.01 real, 205 MB
[runlim] sample:		2049.84 time, 2050.01 real, 205 MB
[runlim] sample:		2059.84 time, 2060.01 real, 205 MB
[runlim] sample:		2069.84 time, 2070.01 real, 205 MB
[runlim] sample:		2079.84 time, 2080.01 real, 207 MB
[runlim] sample:		2089.84 time, 2090.01 real, 207 MB
[runlim] sample:		2099.84 time, 2100.01 real, 207 MB
[runlim] sample:		2109.83 time, 2110.01 real, 214 MB
[runlim] sample:		2119.83 time, 2120.01 real, 214 MB
[runlim] sample:		2129.83 time, 2130.01 real, 214 MB
[runlim] sample:		2139.83 time, 2140.01 real, 214 MB
[runlim] sample:		2149.83 time, 2150.01 real, 214 MB
[runlim] sample:		2159.83 time, 2160.01 real, 215 MB
[runlim] sample:		2169.83 time, 2170.01 real, 215 MB
[runlim] sample:		2179.83 time, 2180.01 real, 215 MB
[runlim] sample:		2189.83 time, 2190.01 real, 215 MB
[runlim] sample:		2199.83 time, 2200.01 real, 215 MB
[runlim] sample:		2209.83 time, 2210.01 real, 215 MB
[runlim] sample:		2219.83 time, 2220.01 real, 215 MB
[runlim] sample:		2229.83 time, 2230.01 real, 215 MB
[runlim] sample:		2239.83 time, 2240.01 real, 215 MB
[runlim] sample:		2249.83 time, 2250.01 real, 217 MB
[runlim] sample:		2259.83 time, 2260.01 real, 217 MB
[runlim] sample:		2269.83 time, 2270.01 real, 217 MB
[runlim] sample:		2279.83 time, 2280.01 real, 217 MB
[runlim] sample:		2289.83 time, 2290.01 real, 218 MB
[runlim] sample:		2299.83 time, 2300.01 real, 218 MB
[runlim] sample:		2309.83 time, 2310.01 real, 218 MB
[runlim] sample:		2319.83 time, 2320.01 real, 218 MB
[runlim] sample:		2329.83 time, 2330.01 real, 218 MB
[runlim] sample:		2339.83 time, 2340.01 real, 218 MB
[runlim] sample:		2349.83 time, 2350.01 real, 218 MB
[runlim] sample:		2359.83 time, 2360.01 real, 218 MB
[runlim] sample:		2369.83 time, 2370.01 real, 219 MB
[runlim] sample:		2379.83 time, 2380.01 real, 220 MB
[runlim] sample:		2389.83 time, 2390.01 real, 220 MB
[runlim] sample:		2399.83 time, 2400.01 real, 220 MB
[runlim] sample:		2409.83 time, 2410.01 real, 220 MB
[runlim] sample:		2419.84 time, 2420.01 real, 221 MB
[runlim] sample:		2429.84 time, 2430.01 real, 221 MB
[runlim] sample:		2439.84 time, 2440.01 real, 221 MB
[runlim] sample:		2449.84 time, 2450.01 real, 221 MB
[runlim] sample:		2459.84 time, 2460.01 real, 226 MB
[runlim] sample:		2469.84 time, 2470.01 real, 226 MB
[runlim] sample:		2479.84 time, 2480.01 real, 226 MB
[runlim] sample:		2489.84 time, 2490.01 real, 226 MB
[runlim] sample:		2499.84 time, 2500.01 real, 226 MB
[runlim] sample:		2509.84 time, 2510.01 real, 226 MB
[runlim] sample:		2519.84 time, 2520.01 real, 228 MB
[runlim] sample:		2529.84 time, 2530.01 real, 228 MB
[runlim] sample:		2539.84 time, 2540.01 real, 228 MB
[runlim] sample:		2549.84 time, 2550.01 real, 228 MB
[runlim] sample:		2559.84 time, 2560.01 real, 228 MB
[runlim] sample:		2569.84 time, 2570.01 real, 228 MB
[runlim] sample:		2579.84 time, 2580.01 real, 228 MB
[runlim] sample:		2589.83 time, 2590.01 real, 230 MB
[runlim] sample:		2599.83 time, 2600.01 real, 230 MB
[runlim] sample:		2609.83 time, 2610.01 real, 230 MB
[runlim] sample:		2619.83 time, 2620.01 real, 230 MB
[runlim] sample:		2629.83 time, 2630.01 real, 230 MB
[runlim] sample:		2639.83 time, 2640.01 real, 230 MB
[runlim] sample:		2649.83 time, 2650.01 real, 230 MB
[runlim] sample:		2659.83 time, 2660.01 real, 230 MB
[runlim] sample:		2669.83 time, 2670.01 real, 230 MB
[runlim] sample:		2679.83 time, 2680.01 real, 230 MB
[runlim] sample:		2689.83 time, 2690.01 real, 230 MB
[runlim] sample:		2699.83 time, 2700.01 real, 230 MB
[runlim] sample:		2709.83 time, 2710.01 real, 230 MB
[runlim] sample:		2719.83 time, 2720.01 real, 230 MB
[runlim] sample:		2729.83 time, 2730.01 real, 231 MB
[runlim] sample:		2739.83 time, 2740.01 real, 231 MB
[runlim] sample:		2749.83 time, 2750.01 real, 231 MB
[runlim] sample:		2759.83 time, 2760.01 real, 231 MB
[runlim] sample:		2769.83 time, 2770.01 real, 231 MB
[runlim] sample:		2779.83 time, 2780.01 real, 231 MB
[runlim] sample:		2789.83 time, 2790.01 real, 231 MB
[runlim] sample:		2799.83 time, 2800.01 real, 231 MB
[runlim] sample:		2809.84 time, 2810.01 real, 232 MB
[runlim] sample:		2819.84 time, 2820.01 real, 233 MB
[runlim] sample:		2829.84 time, 2830.01 real, 233 MB
[runlim] sample:		2839.84 time, 2840.01 real, 233 MB
[runlim] sample:		2849.84 time, 2850.01 real, 233 MB
[runlim] sample:		2859.84 time, 2860.01 real, 233 MB
[runlim] sample:		2869.84 time, 2870.01 real, 233 MB
[runlim] sample:		2879.84 time, 2880.01 real, 233 MB
[runlim] sample:		2889.84 time, 2890.01 real, 233 MB
[runlim] sample:		2899.84 time, 2900.01 real, 234 MB
[runlim] sample:		2909.84 time, 2910.01 real, 234 MB
[runlim] sample:		2919.84 time, 2920.01 real, 234 MB
[runlim] sample:		2929.84 time, 2930.01 real, 234 MB
[runlim] sample:		2939.84 time, 2940.01 real, 234 MB
[runlim] sample:		2949.84 time, 2950.01 real, 234 MB
[runlim] sample:		2959.83 time, 2960.01 real, 234 MB
[runlim] sample:		2969.83 time, 2970.01 real, 234 MB
[runlim] sample:		2979.83 time, 2980.01 real, 234 MB
[runlim] sample:		2989.83 time, 2990.01 real, 234 MB
[runlim] sample:		2999.83 time, 3000.01 real, 234 MB
[runlim] sample:		3009.83 time, 3010.01 real, 234 MB
[runlim] sample:		3019.83 time, 3020.01 real, 234 MB
[runlim] sample:		3029.83 time, 3030.01 real, 235 MB
[runlim] end:			Tue Dec  8 21:08:28 2020
[runlim] status:		ok
[runlim] result:		0
[runlim] children:		1
[runlim] real:			3031.89 seconds
[runlim] time:			3031.63 seconds
[runlim] space:			239 MB
[runlim] samples:		30318
