count_stat.buggy.0.asm
count_stat.buggy.1.asm
count_stat.buggy.2.asm
count_stat.checker.asm
. z3-relational.mmap
# tid	pc	cmd	arg	accu	mem	adr	val	full	heap
2	inc	LOAD	0	0	0	0	0	0	{}	# 0
2	1	ADDI	1	0	0	0	0	0	{}	# 1
2	2	STORE	0	1	0	0	0	0	{}	# 2
2	3	FLUSH	-	1	0	0	1	1	{}	# 3
2	3	LOAD	12	1	0	0	1	0	{(0,1)}	# 4
2	4	SUBI	1	4	0	0	1	0	{}	# 5
2	5	STORE	12	3	0	0	1	0	{}	# 6
0	inc	LOAD	0	0	0	0	0	0	{}	# 7
3	0	CHECK	0	0	0	0	0	0	{}	# 8
0	1	ADDI	1	1	0	0	0	0	{}	# 9
0	2	STORE	0	2	0	0	0	0	{}	# 10
0	3	FLUSH	-	2	0	0	2	1	{}	# 11
0	3	LOAD	10	2	0	0	2	0	{(0,2)}	# 12
0	4	SUBI	1	4	0	0	2	0	{}	# 13
0	5	STORE	10	3	0	0	2	0	{}	# 14
0	6	JNZ	inc	3	0	10	3	1	{}	# 15
0	inc	FLUSH	-	3	0	10	3	1	{}	# 16
0	inc	LOAD	0	3	0	10	3	0	{(10,3)}	# 17
0	1	ADDI	1	2	0	10	3	0	{}	# 18
0	2	STORE	0	3	0	10	3	0	{}	# 19
0	3	LOAD	10	3	0	0	3	1	{}	# 20
1	inc	LOAD	0	0	0	0	0	0	{}	# 21
1	1	ADDI	1	2	0	0	0	0	{}	# 22
0	4	FLUSH	-	3	0	0	3	1	{}	# 23
0	4	SUBI	1	3	0	0	3	0	{(0,3)}	# 24
2	6	FLUSH	-	3	0	12	3	1	{}	# 25
1	2	STORE	0	3	0	0	0	0	{(12,3)}	# 26
1	3	LOAD	11	3	0	0	3	1	{}	# 27
0	5	STORE	10	2	0	0	3	0	{}	# 28
0	6	JNZ	inc	2	0	10	2	1	{}	# 29
0	inc	LOAD	0	2	0	10	2	1	{}	# 30
0	1	FLUSH	-	3	0	10	2	1	{}	# 31
0	1	ADDI	1	3	0	10	2	0	{(10,2)}	# 32
0	2	STORE	0	4	0	10	2	0	{}	# 33
1	4	SUBI	1	4	0	0	3	1	{}	# 34
1	5	FLUSH	-	3	0	0	3	1	{}	# 35
1	5	STORE	11	3	0	0	3	0	{(0,3)}	# 36
1	6	JNZ	inc	3	0	11	3	1	{}	# 37
1	inc	LOAD	0	3	0	11	3	1	{}	# 38
1	1	ADDI	1	3	0	11	3	1	{}	# 39
1	2	FLUSH	-	4	0	11	3	1	{}	# 40
1	2	STORE	0	4	0	11	3	0	{(11,3)}	# 41
1	3	FLUSH	-	4	0	0	4	1	{}	# 42
0	3	LOAD	10	4	0	0	4	1	{(0,4)}	# 43
0	4	FLUSH	-	2	0	0	4	1	{}	# 44
1	3	LOAD	11	4	0	0	4	0	{(0,4)}	# 45
1	4	SUBI	1	3	0	0	4	0	{}	# 46
0	4	SUBI	1	2	0	0	4	0	{}	# 47
0	5	STORE	10	1	0	0	4	0	{}	# 48
0	6	JNZ	inc	1	0	10	1	1	{}	# 49
2	6	JNZ	inc	3	0	12	3	0	{}	# 50
0	inc	LOAD	0	1	0	10	1	1	{}	# 51
0	1	ADDI	1	4	0	10	1	1	{}	# 52
2	inc	LOAD	0	3	0	12	3	0	{}	# 53
2	1	ADDI	1	4	0	12	3	0	{}	# 54
2	2	STORE	0	5	0	12	3	0	{}	# 55
2	3	LOAD	12	5	0	0	5	1	{}	# 56
2	4	SUBI	1	3	0	0	5	1	{}	# 57
0	2	FLUSH	-	5	0	10	1	1	{}	# 58
0	2	STORE	0	5	0	10	1	0	{(10,1)}	# 59
1	5	STORE	11	2	0	0	4	0	{}	# 60
1	6	FLUSH	-	2	0	11	2	1	{}	# 61
0	3	FLUSH	-	5	0	0	5	1	{(11,2)}	# 62
1	6	JNZ	inc	2	0	11	2	0	{(0,5)}	# 63
1	inc	LOAD	0	2	0	11	2	0	{}	# 64
2	5	FLUSH	-	2	0	0	5	1	{}	# 65
1	1	ADDI	1	5	0	11	2	0	{(0,5)}	# 66
2	5	STORE	12	2	0	0	5	0	{}	# 67
2	6	JNZ	inc	2	0	12	2	1	{}	# 68
0	3	LOAD	10	5	0	0	5	0	{}	# 69
1	2	STORE	0	6	0	11	2	0	{}	# 70
0	4	SUBI	1	1	0	0	5	0	{}	# 71
0	5	STORE	10	0	0	0	5	0	{}	# 72
1	3	FLUSH	-	6	0	0	6	1	{}	# 73
2	inc	LOAD	0	2	0	12	2	1	{(0,6)}	# 74
0	6	FLUSH	-	0	0	10	0	1	{}	# 75
2	1	FLUSH	-	6	0	12	2	1	{(10,0)}	# 76
1	3	LOAD	11	6	0	0	6	0	{(12,2)}	# 77
1	4	SUBI	1	2	0	0	6	0	{}	# 78
0	6	JNZ	inc	0	0	10	0	0	{}	# 79
2	1	ADDI	1	6	0	12	2	0	{}	# 80
2	2	STORE	0	7	0	12	2	0	{}	# 81
2	3	FLUSH	-	7	0	0	7	1	{}	# 82
0	7	CHECK	0	0	0	10	0	0	{(0,7)}	# 83
1	5	STORE	11	1	0	0	6	0	{}	# 84
1	6	FLUSH	-	1	0	11	1	1	{}	# 85
1	6	JNZ	inc	1	0	11	1	0	{(11,1)}	# 86
2	3	LOAD	12	7	0	0	7	0	{}	# 87
2	4	SUBI	1	2	0	0	7	0	{}	# 88
2	5	STORE	12	1	0	0	7	0	{}	# 89
1	inc	LOAD	0	1	0	11	1	0	{}	# 90
2	6	FLUSH	-	1	0	12	1	1	{}	# 91
2	6	JNZ	inc	1	0	12	1	0	{(12,1)}	# 92
1	1	ADDI	1	7	0	11	1	0	{}	# 93
1	2	STORE	0	8	0	11	1	0	{}	# 94
1	3	FLUSH	-	8	0	0	8	1	{}	# 95
2	inc	LOAD	0	1	0	12	1	0	{(0,8)}	# 96
1	3	LOAD	11	8	0	0	8	0	{}	# 97
1	4	SUBI	1	1	0	0	8	0	{}	# 98
1	5	STORE	11	0	0	0	8	0	{}	# 99
2	1	ADDI	1	8	0	12	1	0	{}	# 100
1	6	FLUSH	-	0	0	11	0	1	{}	# 101
1	6	JNZ	inc	0	0	11	0	0	{(11,0)}	# 102
2	2	STORE	0	9	0	12	1	0	{}	# 103
1	7	CHECK	0	0	0	11	0	0	{}	# 104
2	3	FLUSH	-	9	0	0	9	1	{}	# 105
2	3	LOAD	12	9	0	0	9	0	{(0,9)}	# 106
2	4	SUBI	1	1	0	0	9	0	{}	# 107
2	5	STORE	12	0	0	0	9	0	{}	# 108
2	6	JNZ	inc	0	0	12	0	1	{}	# 109
2	7	FLUSH	-	0	0	12	0	1	{}	# 110
2	7	CHECK	0	0	0	12	0	0	{(12,0)}	# 111
3	1	ADDI	12	0	0	0	0	0	{}	# 112
0	8	HALT	-	0	0	10	0	0	{}	# 113
3	2	CMP	0	12	0	0	0	0	{}	# 114
3	3	JNZ	error	3	0	0	0	0	{}	# 115
1	8	HALT	-	0	0	11	0	0	{}	# 116
3	error	EXIT	1	3	0	0	0	0	{}	# 117
