[litmus/run.sh] running 65: litmus/intel/10/run.sh boolector functional
[concubine>main] encoding took 0.002438 seconds
[concubine>main] generated 1938 commands
[btor>main] Boolector Version 3.2.1 master-8297b6c3dc573e4e3c5d50fde7fa01724bc613a9-dirty
[btor>main]  -std=gnu99 -W -Wall -Wextra -Wredundant-decls -O3
[btor>main] released 2020-12-10T16:18:21
[btor>main] compiled 2020-12-10T16:18:21
[btor>main] GNU 7.5.0
[btor>main] setting signal handlers
[btor>main] no time limit given
[btor>parse] assuming SMT-LIB v2 input,  parsing '<stdin>'
[btor>smt2] parsed 680 commands in 0.00 seconds
[btor>core] calling SAT
[btor>core] found UFs, disable slice elimination
[btor>varsubst] 264 variables substituted in 0.0 seconds
[btor>embed] replaced 1 embedded constraints in 0 seconds
[btor>extract] set: 1 (2), set_inc: 0 (0), set_itoi: 0 (0), set_itoip1: 0 (0), cpy: 0 (0)
[btor>extract] extracted 1 lambdas in 0.000 seconds
[btor>merge] merged 0 lambdas in 0.00 seconds
[btor>preprocess] 1 rewriting rounds in 0.0 seconds
[btor>preprocess] simplification returned 0
[btor>slvfun] enabled core engine
[btor>sat] CaDiCaL allows both incremental and non-incremental mode
[btor>sat] initialized CaDiCaL
[btor>slvfun] 216 AIG vars, 1135 AIG ands, 1091 CNF vars, 2795 CNF clauses
[btorcore] 1 iterations, 3 lemmas, 0 ext. lemmas, vars 24, applies 13
[btor>slvfun] 216 AIG vars, 1280 AIG ands, 1172 CNF vars, 3070 CNF clauses
[btorcore] 2 iterations, 9 lemmas, 0 ext. lemmas, vars 24, applies 13
[btor>slvfun] 216 AIG vars, 1563 AIG ands, 1323 CNF vars, 3589 CNF clauses
[btorcore] 3 iterations, 12 lemmas, 0 ext. lemmas, vars 24, applies 13
[btor>slvfun] 216 AIG vars, 1755 AIG ands, 1419 CNF vars, 3925 CNF clauses
[btor>core] SAT call 2 returned 20 in 0.000 seconds
unsat
[btor>smt2] WARNING no 'exit' command at end of '<stdin>'
[btor>smt2] parsed 681 commands in 0.00 seconds
[btor>parse] logic QF_AUFBV
[btor>parse] status unknown
[btor>sat] 4 SAT calls in 0.0 seconds
[btor>core] 264/82/550/82 constraints 0/0/0/82 0.4 MB
[btor>core] 0 assumptions
[btor>core] 
[btor>core] 0.30 MB allocated for nodes
[btor>core] 
[btor>core]     0 variable substitutions
[btor>core]     0 uninterpreted function substitutions
[btor>core]     0 embedded constraint substitutions
[btor>core]     0 synthesized nodes rewritten
[btor>core]     0 linear constraint equations
[btor>core]     0 gaussian eliminations in linear equations
[btor>core]     0 eliminated sliced variables
[btor>core]     0 extracted skeleton constraints
[btor>core]   244 and normalizations
[btor>core]     0 add normalizations
[btor>core]     0 mul normalizations
[btor>core]     0 lambdas merged
[btor>core]     0 static apply propagations over lambdas
[btor>core]     0 static apply propagations over updates
[btor>core]     0 beta reductions
[btor>core]     0 clone calls
[btor>core] 
[btor>core] rewrite rule cache
[btor>core]   553 cached (add) 
[btor>core]   153 cached (get)
[btor>core]   0 updated
[btor>core]   0 removed (gc)
[btor>core]   0.04 MB cache
[btor>core] 
[btor>core] bit blasting statistics:
[btor>core]       388 AIG vectors (388 max)
[btor>core]      1755 AIG ANDs (1755 max)
[btor>core]       216 AIG variables
[btor>core]      1419 CNF variables
[btor>core]      3925 CNF clauses
[btor>core]     10001 CNF literals
[btor>slvfun] 
[btor>slvfun] lemmas on demand statistics:
[btor>slvfun]    3 refinement iterations
[btor>slvfun]   12 LOD refinements
[btor>slvfun]      9 function congruence conflicts
[btor>slvfun]      3 beta reduction conflicts
[btor>slvfun]      0 extensionality lemmas
[btor>slvfun]   2.9 average lemma size
[btor>slvfun]        2 lemmas of size 2
[btor>slvfun]        9 lemmas of size 3
[btor>slvfun]        1 lemmas of size 4
[btor>slvfun] 
[btor>slvfun]       5 expression evaluations
[btor>slvfun]       5 partial beta reductions
[btor>slvfun]      96 propagations
[btor>slvfun]       6 propagations down
[btor>core] 
[btor>core] 0.4 MB
[btor>main] unsat
[concubine>main] solving took 0.013814 seconds
