[litmus/run.sh] running 66: litmus/intel/10/run.sh boolector relational
[concubine>main] encoding took 0.006715 seconds
[concubine>main] generated 2252 commands
[btor>main] Boolector Version 3.2.1 master-6500a7be548fd22d8de08ec2621caec6aa97697b
[btor>main]  -std=gnu99 -W -Wall -Wextra -Wredundant-decls -O3
[btor>main] released 2020-12-08T13:56:40
[btor>main] compiled 2020-12-08T13:56:40
[btor>main] GNU 7.5.0
[btor>main] setting signal handlers
[btor>main] no time limit given
[btor>parse] assuming SMT-LIB v2 input,  parsing '<stdin>'
[btor>smt2] parsed 608 commands in 0.00 seconds
[btor>core] calling SAT
[btor>core] found UFs, disable slice elimination
[btor>varsubst] 87 variables substituted in 0.0 seconds
[btor>embed] replaced 32 embedded constraints in 0 seconds
[btor>extract] set: 1 (2), set_inc: 0 (0), set_itoi: 0 (0), set_itoip1: 0 (0), cpy: 0 (0)
[btor>extract] extracted 1 lambdas in 0.000 seconds
[btor>merge] merged 0 lambdas in 0.00 seconds
[btor>preprocess] 1 rewriting rounds in 0.0 seconds
[btor>preprocess] simplification returned 0
[btor>slvfun] enabled core engine
[btor>sat] CaDiCaL allows both incremental and non-incremental mode
[btor>sat] initialized CaDiCaL
[btor>slvfun] 2783 AIG vars, 10487 AIG ands, 8722 CNF vars, 20091 CNF clauses
[btorcore] 1 iterations, 33 lemmas, 33 ext. lemmas, vars 222, applies 99
[btor>slvfun] 3199 AIG vars, 12551 AIG ands, 10178 CNF vars, 23723 CNF clauses
[btorcore] 2 iterations, 70 lemmas, 33 ext. lemmas, vars 222, applies 99
[btor>slvfun] 3199 AIG vars, 16049 AIG ands, 12076 CNF vars, 30217 CNF clauses
[btorcore] 3 iterations, 78 lemmas, 33 ext. lemmas, vars 222, applies 99
[btor>slvfun] 3199 AIG vars, 16527 AIG ands, 12330 CNF vars, 31091 CNF clauses
[btorcore] 4 iterations, 79 lemmas, 33 ext. lemmas, vars 222, applies 99
[btor>slvfun] 3199 AIG vars, 16591 AIG ands, 12362 CNF vars, 31203 CNF clauses
[btorcore] 5 iterations, 83 lemmas, 33 ext. lemmas, vars 222, applies 99
[btor>slvfun] 3199 AIG vars, 16849 AIG ands, 12492 CNF vars, 31657 CNF clauses
[btorcore] 6 iterations, 90 lemmas, 33 ext. lemmas, vars 222, applies 99
[btor>slvfun] 3199 AIG vars, 17365 AIG ands, 12752 CNF vars, 32565 CNF clauses
[btorcore] 7 iterations, 91 lemmas, 33 ext. lemmas, vars 222, applies 99
[btor>slvfun] 3199 AIG vars, 17492 AIG ands, 12815 CNF vars, 32786 CNF clauses
[btorcore] 8 iterations, 92 lemmas, 33 ext. lemmas, vars 222, applies 99
[btor>slvfun] 3199 AIG vars, 17619 AIG ands, 12878 CNF vars, 33007 CNF clauses
[btorcore] 9 iterations, 93 lemmas, 33 ext. lemmas, vars 222, applies 99
[btor>slvfun] 3199 AIG vars, 17810 AIG ands, 12973 CNF vars, 33340 CNF clauses
[btorcore] 10 iterations, 104 lemmas, 33 ext. lemmas, vars 222, applies 99
[btor>slvfun] 3199 AIG vars, 18590 AIG ands, 13401 CNF vars, 34800 CNF clauses
[btorcore] 11 iterations, 117 lemmas, 46 ext. lemmas, vars 222, applies 110
[btor>slvfun] 3375 AIG vars, 19422 AIG ands, 13993 CNF vars, 36256 CNF clauses
[btorcore] 12 iterations, 148 lemmas, 46 ext. lemmas, vars 222, applies 110
[btor>slvfun] 3375 AIG vars, 21616 AIG ands, 15099 CNF vars, 40118 CNF clauses
[btorcore] 13 iterations, 157 lemmas, 46 ext. lemmas, vars 222, applies 110
[btor>slvfun] 3375 AIG vars, 22194 AIG ands, 15389 CNF vars, 41132 CNF clauses
[btorcore] 14 iterations, 167 lemmas, 46 ext. lemmas, vars 222, applies 110
[btor>slvfun] 3375 AIG vars, 22840 AIG ands, 15715 CNF vars, 42270 CNF clauses
[btorcore] 15 iterations, 171 lemmas, 46 ext. lemmas, vars 222, applies 110
[btor>slvfun] 3375 AIG vars, 23160 AIG ands, 15875 CNF vars, 42830 CNF clauses
[btorcore] 16 iterations, 173 lemmas, 46 ext. lemmas, vars 222, applies 110
[btor>slvfun] 3375 AIG vars, 23288 AIG ands, 15939 CNF vars, 43054 CNF clauses
[btorcore] 17 iterations, 210 lemmas, 83 ext. lemmas, vars 222, applies 145
[btor>slvfun] 3935 AIG vars, 25545 AIG ands, 17636 CNF vars, 47025 CNF clauses
[btorcore] 18 iterations, 221 lemmas, 83 ext. lemmas, vars 222, applies 145
[btor>slvfun] 3935 AIG vars, 26445 AIG ands, 18088 CNF vars, 48605 CNF clauses
[btorcore] 19 iterations, 244 lemmas, 83 ext. lemmas, vars 222, applies 145
[btor>slvfun] 3935 AIG vars, 28496 AIG ands, 19115 CNF vars, 52198 CNF clauses
[btor>core] SAT call 2 returned 20 in 0.000 seconds
unsat
[btor>smt2] WARNING no 'exit' command at end of '<stdin>'
[btor>smt2] parsed 609 commands in 0.00 seconds
[btor>parse] logic QF_AUFBV
[btor>parse] status unknown
[btor>sat] 20 SAT calls in 0.0 seconds
[btor>core] 87/53/671/500 constraints 0/0/0/500 2.1 MB
[btor>core] 0 assumptions
[btor>core] 
[btor>core] 0.38 MB allocated for nodes
[btor>core] 
[btor>core]     0 variable substitutions
[btor>core]     0 uninterpreted function substitutions
[btor>core]     0 embedded constraint substitutions
[btor>core]     0 synthesized nodes rewritten
[btor>core]     0 linear constraint equations
[btor>core]     0 gaussian eliminations in linear equations
[btor>core]     0 eliminated sliced variables
[btor>core]     0 extracted skeleton constraints
[btor>core]   112 and normalizations
[btor>core]     0 add normalizations
[btor>core]     0 mul normalizations
[btor>core]     0 lambdas merged
[btor>core]     2 static apply propagations over lambdas
[btor>core]     2 static apply propagations over updates
[btor>core]     3 beta reductions
[btor>core]     0 clone calls
[btor>core] 
[btor>core] rewrite rule cache
[btor>core]   268 cached (add) 
[btor>core]   86 cached (get)
[btor>core]   0 updated
[btor>core]   0 removed (gc)
[btor>core]   0.02 MB cache
[btor>core] 
[btor>core] bit blasting statistics:
[btor>core]      2342 AIG vectors (2342 max)
[btor>core]     28496 AIG ANDs (28496 max)
[btor>core]      3935 AIG variables
[btor>core]     19115 CNF variables
[btor>core]     52198 CNF clauses
[btor>core]    139550 CNF literals
[btor>slvfun] 
[btor>slvfun] lemmas on demand statistics:
[btor>slvfun]   19 refinement iterations
[btor>slvfun]  244 LOD refinements
[btor>slvfun]    127 function congruence conflicts
[btor>slvfun]     34 beta reduction conflicts
[btor>slvfun]     83 extensionality lemmas
[btor>slvfun]   1.2 average lemma size
[btor>slvfun]       76 lemmas of size 1
[btor>slvfun]       47 lemmas of size 2
[btor>slvfun]       34 lemmas of size 3
[btor>slvfun]        4 lemmas of size 4
[btor>slvfun] 
[btor>slvfun]      22 expression evaluations
[btor>slvfun]      22 partial beta reductions
[btor>slvfun]    2544 propagations
[btor>slvfun]     327 propagations down
[btor>core] 
[btor>core] 2.1 MB
[btor>main] unsat
[concubine>main] solving took 0.200159 seconds
