[litmus/run.sh] running 64: litmus/intel/10/run.sh btormc btor2
[concubine>main] encoding took 0.000277 seconds
[concubine>main] generated 173 commands
[btormc] parsing input file...
[btormc] finished parsing
[btor>mc] calling BMC on 1 properties from bound 8 up-to maximum bound k = 8
[btor>mc] trace generation enabled
[btor>mc] new forward manager
[btor>mc] initialized forward frame at bound k = 0
[btor>mc] initialized forward frame at bound k = 1
[btor>mc] initialized forward frame at bound k = 2
[btor>mc] initialized forward frame at bound k = 3
[btor>mc] initialized forward frame at bound k = 4
[btor>mc] initialized forward frame at bound k = 5
[btor>mc] initialized forward frame at bound k = 6
[btor>mc] initialized forward frame at bound k = 7
[btor>mc] initialized forward frame at bound k = 8
[btor>mc] checking forward frame at bound k = 8
[btor>mc] checking forward frame bad state property 0 at bound k = 8
[btor>core] calling SAT
[btor>core] found UFs, disable slice elimination
[btor>varsubst] 12 variables substituted in 0.0 seconds
[btor>embed] replaced 37 embedded constraints in 0 seconds
[btor>extract] set: 0 (0), set_inc: 0 (0), set_itoi: 0 (0), set_itoip1: 0 (0), cpy: 0 (0)
[btor>extract] extracted 0 lambdas in 0.000 seconds
[btor>preprocess] 1 rewriting rounds in 0.0 seconds
[btor>preprocess] simplification returned 0
[btor>slvfun] enabled core engine
[btor>sat] CaDiCaL allows both incremental and non-incremental mode
[btor>sat] initialized CaDiCaL
[btor>slvfun] 216 AIG vars, 1168 AIG ands, 1088 CNF vars, 2804 CNF clauses
[btorcore] 1 iterations, 5 lemmas, 0 ext. lemmas, vars 24, applies 14
[btor>slvfun] 216 AIG vars, 1342 AIG ands, 1192 CNF vars, 3151 CNF clauses
[btorcore] 2 iterations, 6 lemmas, 0 ext. lemmas, vars 24, applies 14
[btor>slvfun] 216 AIG vars, 1406 AIG ands, 1224 CNF vars, 3263 CNF clauses
[btorcore] 3 iterations, 7 lemmas, 0 ext. lemmas, vars 24, applies 14
[btor>slvfun] 216 AIG vars, 1472 AIG ands, 1258 CNF vars, 3381 CNF clauses
[btorcore] 4 iterations, 8 lemmas, 0 ext. lemmas, vars 24, applies 14
[btor>slvfun] 216 AIG vars, 1537 AIG ands, 1291 CNF vars, 3496 CNF clauses
[btorcore] 5 iterations, 9 lemmas, 0 ext. lemmas, vars 24, applies 14
[btor>slvfun] 216 AIG vars, 1602 AIG ands, 1324 CNF vars, 3611 CNF clauses
[btor>core] SAT call 2 returned 20 in 0.000 seconds
[btor>mc] bad state property 0 at bound k = 8 UNSATISFIABLE
[btor>mc] found 0 reachable and 0 unreachable bad state properties at bound k = 8
[btor>mc] deleting model checker: 4 inputs, 23 states, 1 bad, 6 constraints
[concubine>main] solving took 0.008733 seconds
