[concubine>main] encoding took 0.00389 seconds
[concubine>main] generated 4889 commands
(:added-eqs           4008
 :array-ax1           17
 :array-ax2           39
 :array-ext-ax        4
 :binary-propagations 16443
 :bv-bit2core         7760
 :bv-diseqs           14
 :bv-dynamic-diseqs   19
 :conflicts           190
 :decisions           341
 :del-clause          680
 :eliminated-vars     608
 :max-memory          5.50
 :memory              3.66
 :minimized-lits      541
 :mk-bool-var         4038
 :mk-clause           3261
 :num-allocs          66686
 :num-checks          1
 :propagations        27070
 :restarts            1
 :rlimit-count        159844
 :time                0.17)
unsat
[concubine>main] solving took 0.096499 seconds
