count_stat.buggy.0.asm
count_stat.buggy.1.asm
count_stat.buggy.2.asm
count_stat.buggy.3.asm
count_stat.checker.asm
. boolector-functional.mmap
# tid	pc	cmd	arg	accu	mem	adr	val	full	heap
3	inc	LOAD	0	0	0	0	0	0	{}	# 0
3	1	ADDI	1	0	0	0	0	0	{}	# 1
2	inc	LOAD	0	0	0	0	0	0	{}	# 2
1	inc	LOAD	0	0	0	0	0	0	{}	# 3
2	1	ADDI	1	0	0	0	0	0	{}	# 4
0	inc	LOAD	0	0	0	0	0	0	{}	# 5
3	2	STORE	0	1	0	0	0	0	{}	# 6
3	3	FLUSH	-	1	0	0	1	1	{}	# 7
2	2	STORE	0	1	0	0	0	0	{(0,1)}	# 8
2	3	LOAD	12	1	0	0	1	1	{}	# 9
3	3	LOAD	13	1	0	0	1	0	{}	# 10
3	4	SUBI	1	3	0	0	1	0	{}	# 11
3	5	STORE	13	2	0	0	1	0	{}	# 12
3	6	FLUSH	-	2	0	13	2	1	{}	# 13
0	1	ADDI	1	0	0	0	0	0	{(13,2)}	# 14
0	2	STORE	0	1	0	0	0	0	{}	# 15
1	1	ADDI	1	0	0	0	0	0	{}	# 16
1	2	STORE	0	1	0	0	0	0	{}	# 17
0	3	LOAD	10	1	0	0	1	1	{}	# 18
1	3	FLUSH	-	1	0	0	1	1	{}	# 19
1	3	LOAD	11	1	0	0	1	0	{(0,1)}	# 20
1	4	SUBI	1	3	0	0	1	0	{}	# 21
1	5	STORE	11	2	0	0	1	0	{}	# 22
1	6	FLUSH	-	2	0	11	2	1	{}	# 23
1	6	JNZ	inc	2	0	11	2	0	{(11,2)}	# 24
1	inc	LOAD	0	2	0	11	2	0	{}	# 25
2	4	SUBI	1	3	0	0	1	1	{}	# 26
1	1	ADDI	1	1	0	11	2	0	{}	# 27
2	5	FLUSH	-	2	0	0	1	1	{}	# 28
2	5	STORE	12	2	0	0	1	0	{(0,1)}	# 29
1	2	STORE	0	2	0	11	2	0	{}	# 30
2	6	FLUSH	-	2	0	12	2	1	{}	# 31
0	4	FLUSH	-	3	0	0	1	1	{(12,2)}	# 32
1	3	FLUSH	-	2	0	0	2	1	{(0,1)}	# 33
0	4	SUBI	1	3	0	0	1	0	{(0,2)}	# 34
0	5	STORE	10	2	0	0	1	0	{}	# 35
1	3	LOAD	11	2	0	0	2	0	{}	# 36
3	6	JNZ	inc	2	0	13	2	0	{}	# 37
0	6	FLUSH	-	2	0	10	2	1	{}	# 38
0	6	JNZ	inc	2	0	10	2	0	{(10,2)}	# 39
0	inc	LOAD	0	2	0	10	2	0	{}	# 40
1	4	SUBI	1	2	0	0	2	0	{}	# 41
1	5	STORE	11	1	0	0	2	0	{}	# 42
3	inc	LOAD	0	2	0	13	2	0	{}	# 43
1	6	JNZ	inc	1	0	11	1	1	{}	# 44
0	1	ADDI	1	2	0	10	2	0	{}	# 45
0	2	STORE	0	3	0	10	2	0	{}	# 46
0	3	LOAD	10	3	0	0	3	1	{}	# 47
0	4	FLUSH	-	2	0	0	3	1	{}	# 48
0	4	SUBI	1	2	0	0	3	0	{(0,3)}	# 49
0	5	STORE	10	1	0	0	3	0	{}	# 50
1	inc	LOAD	0	1	0	11	1	1	{}	# 51
0	6	FLUSH	-	1	0	10	1	1	{}	# 52
3	1	ADDI	1	2	0	13	2	0	{(10,1)}	# 53
3	2	STORE	0	3	0	13	2	0	{}	# 54
3	3	LOAD	13	3	0	0	3	1	{}	# 55
1	1	ADDI	1	3	0	11	1	1	{}	# 56
0	6	JNZ	inc	1	0	10	1	0	{}	# 57
4	0	CHECK	0	0	0	0	0	0	{}	# 58
0	inc	LOAD	0	1	0	10	1	0	{}	# 59
0	1	ADDI	1	3	0	10	1	0	{}	# 60
3	4	SUBI	1	2	0	0	3	1	{}	# 61
3	5	FLUSH	-	1	0	0	3	1	{}	# 62
2	6	JNZ	inc	2	0	12	2	0	{(0,3)}	# 63
3	5	STORE	13	1	0	0	3	0	{}	# 64
0	2	STORE	0	4	0	10	1	0	{}	# 65
0	3	LOAD	10	4	0	0	4	1	{}	# 66
0	4	FLUSH	-	1	0	0	4	1	{}	# 67
1	2	FLUSH	-	4	0	11	1	1	{(0,4)}	# 68
3	6	JNZ	inc	1	0	13	1	1	{(11,1)}	# 69
3	inc	LOAD	0	1	0	13	1	1	{}	# 70
2	inc	LOAD	0	2	0	12	2	0	{}	# 71
0	4	SUBI	1	1	0	0	4	0	{}	# 72
3	1	FLUSH	-	4	0	13	1	1	{}	# 73
2	1	ADDI	1	4	0	12	2	0	{(13,1)}	# 74
2	2	STORE	0	5	0	12	2	0	{}	# 75
2	3	FLUSH	-	5	0	0	5	1	{}	# 76
0	5	STORE	10	0	0	0	4	0	{(0,5)}	# 77
0	6	FLUSH	-	0	0	10	0	1	{}	# 78
2	3	LOAD	12	5	0	0	5	0	{(10,0)}	# 79
1	2	STORE	0	4	0	11	1	0	{}	# 80
2	4	SUBI	1	2	0	0	5	0	{}	# 81
1	3	LOAD	11	4	0	0	4	1	{}	# 82
1	4	SUBI	1	1	0	0	4	1	{}	# 83
1	5	FLUSH	-	0	0	0	4	1	{}	# 84
1	5	STORE	11	0	0	0	4	0	{(0,4)}	# 85
1	6	JNZ	inc	0	0	11	0	1	{}	# 86
2	5	STORE	12	1	0	0	5	0	{}	# 87
1	7	CHECK	0	0	0	11	0	1	{}	# 88
3	1	ADDI	1	4	0	13	1	0	{}	# 89
3	2	STORE	0	5	0	13	1	0	{}	# 90
0	6	JNZ	inc	0	0	10	0	0	{}	# 91
3	3	FLUSH	-	5	0	0	5	1	{}	# 92
2	6	JNZ	inc	1	0	12	1	1	{(0,5)}	# 93
2	inc	FLUSH	-	1	0	12	1	1	{}	# 94
3	3	LOAD	13	5	0	0	5	0	{(12,1)}	# 95
3	4	SUBI	1	1	0	0	5	0	{}	# 96
2	inc	LOAD	0	1	0	12	1	0	{}	# 97
1	8	FLUSH	-	0	0	11	0	1	{}	# 98
3	5	STORE	13	0	0	0	5	0	{(11,0)}	# 99
3	6	FLUSH	-	0	0	13	0	1	{}	# 100
3	6	JNZ	inc	0	0	13	0	0	{(13,0)}	# 101
2	1	ADDI	1	5	0	12	1	0	{}	# 102
2	2	STORE	0	6	0	12	1	0	{}	# 103
2	3	LOAD	12	6	0	0	6	1	{}	# 104
2	4	FLUSH	-	1	0	0	6	1	{}	# 105
2	4	SUBI	1	1	0	0	6	0	{(0,6)}	# 106
2	5	STORE	12	0	0	0	6	0	{}	# 107
2	6	JNZ	inc	0	0	12	0	1	{}	# 108
2	7	CHECK	0	0	0	12	0	1	{}	# 109
2	8	FLUSH	-	0	0	12	0	1	{}	# 110
0	7	CHECK	0	0	0	10	0	0	{(12,0)}	# 111
3	7	CHECK	0	0	0	13	0	0	{}	# 112
4	1	ADDI	12	0	0	0	0	0	{}	# 113
3	8	HALT	-	0	0	13	0	0	{}	# 114
4	2	CMP	0	12	0	0	0	0	{}	# 115
4	3	JNZ	error	6	0	0	0	0	{}	# 116
4	error	EXIT	1	6	0	0	0	0	{}	# 117
