[runlim] version:		1.21
[runlim] host:			c3n12
[runlim] time limit:		86400 seconds
[runlim] real time limit:	86400 seconds
[runlim] space limit:		8000 MB
[runlim] argv[0]:		concubine
[runlim] argv[1]:		solve
[runlim] argv[2]:		-v
[runlim] argv[3]:		-s
[runlim] argv[4]:		z3
[runlim] argv[5]:		-e
[runlim] argv[6]:		smtlib
[runlim] argv[7]:		-m
[runlim] argv[8]:		init.mmap
[runlim] argv[9]:		-o
[runlim] argv[10]:		z3-functional
[runlim] argv[11]:		121
[runlim] argv[12]:		count_stat.buggy.0.asm
[runlim] argv[13]:		count_stat.buggy.1.asm
[runlim] argv[14]:		count_stat.buggy.2.asm
[runlim] argv[15]:		count_stat.buggy.3.asm
[runlim] argv[16]:		count_stat.checker.asm
[runlim] start:			Tue Dec  1 16:38:24 2020
[runlim] child:			7191
[runlim] sample:		9.70 time, 10.01 real, 231 MB
[runlim] sample:		19.70 time, 20.01 real, 248 MB
[runlim] sample:		29.70 time, 30.01 real, 264 MB
[runlim] sample:		39.70 time, 40.01 real, 264 MB
[runlim] sample:		49.70 time, 50.01 real, 264 MB
[runlim] sample:		59.70 time, 60.01 real, 288 MB
[runlim] sample:		69.69 time, 70.01 real, 304 MB
[runlim] sample:		79.69 time, 80.01 real, 304 MB
[runlim] sample:		89.69 time, 90.01 real, 304 MB
[runlim] sample:		99.70 time, 100.01 real, 332 MB
[runlim] sample:		109.70 time, 110.01 real, 348 MB
[runlim] sample:		119.70 time, 120.01 real, 348 MB
[runlim] sample:		129.70 time, 130.01 real, 348 MB
[runlim] sample:		139.70 time, 140.01 real, 322 MB
[runlim] sample:		149.70 time, 150.01 real, 831 MB
[runlim] sample:		159.70 time, 160.01 real, 850 MB
[runlim] sample:		169.70 time, 170.01 real, 850 MB
[runlim] sample:		179.70 time, 180.01 real, 850 MB
[runlim] sample:		189.70 time, 190.01 real, 850 MB
[runlim] sample:		199.70 time, 200.01 real, 850 MB
[runlim] sample:		209.70 time, 210.01 real, 851 MB
[runlim] sample:		219.70 time, 220.01 real, 853 MB
[runlim] sample:		229.70 time, 230.01 real, 853 MB
[runlim] sample:		239.70 time, 240.01 real, 854 MB
