[runlim] version:		1.21
[runlim] host:			c3n11
[runlim] time limit:		86400 seconds
[runlim] real time limit:	86400 seconds
[runlim] space limit:		8000 MB
[runlim] argv[0]:		concubine
[runlim] argv[1]:		solve
[runlim] argv[2]:		-v
[runlim] argv[3]:		-s
[runlim] argv[4]:		z3
[runlim] argv[5]:		-e
[runlim] argv[6]:		smtlib-relational
[runlim] argv[7]:		-m
[runlim] argv[8]:		init.mmap
[runlim] argv[9]:		-o
[runlim] argv[10]:		z3-relational
[runlim] argv[11]:		121
[runlim] argv[12]:		count_stat.buggy.0.asm
[runlim] argv[13]:		count_stat.buggy.1.asm
[runlim] argv[14]:		count_stat.buggy.2.asm
[runlim] argv[15]:		count_stat.buggy.3.asm
[runlim] argv[16]:		count_stat.checker.asm
[runlim] start:			Tue Dec  8 13:58:21 2020
[runlim] child:			18536
[runlim] sample:		9.96 time, 10.01 real, 54 MB
[runlim] sample:		19.96 time, 20.01 real, 54 MB
[runlim] sample:		29.96 time, 30.01 real, 54 MB
[runlim] sample:		39.96 time, 40.01 real, 54 MB
[runlim] sample:		49.96 time, 50.01 real, 54 MB
[runlim] sample:		59.96 time, 60.01 real, 54 MB
[runlim] sample:		69.96 time, 70.01 real, 54 MB
[runlim] sample:		79.97 time, 80.01 real, 54 MB
[runlim] sample:		89.96 time, 90.01 real, 54 MB
[runlim] sample:		99.96 time, 100.01 real, 54 MB
[runlim] sample:		109.96 time, 110.01 real, 54 MB
[runlim] sample:		119.96 time, 120.01 real, 54 MB
[runlim] sample:		129.96 time, 130.01 real, 54 MB
[runlim] sample:		139.96 time, 140.01 real, 54 MB
[runlim] sample:		149.96 time, 150.01 real, 54 MB
[runlim] sample:		159.96 time, 160.01 real, 54 MB
[runlim] sample:		169.96 time, 170.01 real, 54 MB
[runlim] sample:		179.96 time, 180.01 real, 54 MB
[runlim] sample:		189.96 time, 190.01 real, 54 MB
[runlim] sample:		199.96 time, 200.01 real, 54 MB
[runlim] sample:		209.96 time, 210.01 real, 54 MB
[runlim] sample:		219.95 time, 220.01 real, 54 MB
[runlim] sample:		229.95 time, 230.01 real, 54 MB
[runlim] sample:		239.95 time, 240.01 real, 54 MB
[runlim] sample:		249.95 time, 250.01 real, 54 MB
[runlim] sample:		259.96 time, 260.01 real, 54 MB
[runlim] sample:		269.96 time, 270.01 real, 54 MB
[runlim] sample:		279.96 time, 280.01 real, 54 MB
[runlim] sample:		289.96 time, 290.01 real, 54 MB
[runlim] sample:		299.96 time, 300.01 real, 54 MB
[runlim] sample:		309.96 time, 310.01 real, 54 MB
[runlim] sample:		319.96 time, 320.01 real, 54 MB
[runlim] sample:		329.96 time, 330.01 real, 54 MB
[runlim] sample:		339.96 time, 340.01 real, 54 MB
[runlim] sample:		349.96 time, 350.01 real, 54 MB
[runlim] sample:		359.96 time, 360.01 real, 54 MB
[runlim] sample:		369.96 time, 370.01 real, 54 MB
[runlim] sample:		379.96 time, 380.01 real, 54 MB
[runlim] sample:		389.96 time, 390.01 real, 54 MB
[runlim] sample:		399.96 time, 400.01 real, 54 MB
[runlim] sample:		409.96 time, 410.01 real, 54 MB
[runlim] sample:		419.96 time, 420.01 real, 54 MB
[runlim] sample:		429.96 time, 430.01 real, 54 MB
[runlim] sample:		439.96 time, 440.01 real, 54 MB
[runlim] sample:		449.96 time, 450.01 real, 54 MB
[runlim] sample:		459.96 time, 460.01 real, 54 MB
[runlim] sample:		469.95 time, 470.01 real, 137 MB
[runlim] sample:		479.95 time, 480.01 real, 144 MB
[runlim] sample:		489.95 time, 490.01 real, 146 MB
[runlim] sample:		499.95 time, 500.01 real, 150 MB
[runlim] sample:		509.95 time, 510.01 real, 151 MB
[runlim] sample:		519.95 time, 520.01 real, 152 MB
[runlim] sample:		529.95 time, 530.01 real, 154 MB
[runlim] sample:		539.95 time, 540.01 real, 155 MB
[runlim] sample:		549.95 time, 550.01 real, 157 MB
[runlim] sample:		559.95 time, 560.01 real, 159 MB
[runlim] sample:		569.95 time, 570.01 real, 159 MB
[runlim] sample:		579.95 time, 580.01 real, 160 MB
[runlim] sample:		589.95 time, 590.01 real, 160 MB
[runlim] sample:		599.95 time, 600.01 real, 161 MB
[runlim] sample:		609.95 time, 610.01 real, 162 MB
[runlim] sample:		619.95 time, 620.01 real, 164 MB
[runlim] sample:		629.95 time, 630.01 real, 164 MB
[runlim] sample:		639.94 time, 640.01 real, 176 MB
[runlim] sample:		649.94 time, 650.01 real, 177 MB
[runlim] sample:		659.94 time, 660.01 real, 178 MB
[runlim] sample:		669.94 time, 670.01 real, 178 MB
[runlim] sample:		679.94 time, 680.01 real, 178 MB
[runlim] sample:		689.94 time, 690.01 real, 179 MB
[runlim] sample:		699.95 time, 700.01 real, 180 MB
[runlim] sample:		709.95 time, 710.01 real, 181 MB
[runlim] sample:		719.95 time, 720.01 real, 182 MB
[runlim] sample:		729.95 time, 730.01 real, 182 MB
[runlim] sample:		739.94 time, 740.01 real, 182 MB
[runlim] sample:		749.94 time, 750.01 real, 182 MB
[runlim] sample:		759.94 time, 760.01 real, 184 MB
[runlim] sample:		769.94 time, 770.01 real, 185 MB
[runlim] sample:		779.94 time, 780.01 real, 185 MB
[runlim] sample:		789.94 time, 790.01 real, 185 MB
[runlim] sample:		799.94 time, 800.01 real, 185 MB
[runlim] sample:		809.94 time, 810.01 real, 187 MB
[runlim] sample:		819.94 time, 820.01 real, 187 MB
[runlim] sample:		829.94 time, 830.01 real, 187 MB
[runlim] sample:		839.94 time, 840.01 real, 187 MB
[runlim] sample:		849.94 time, 850.01 real, 187 MB
[runlim] sample:		859.94 time, 860.01 real, 188 MB
[runlim] sample:		869.94 time, 870.01 real, 188 MB
[runlim] sample:		879.94 time, 880.01 real, 190 MB
[runlim] sample:		889.94 time, 890.01 real, 190 MB
[runlim] sample:		899.94 time, 900.01 real, 190 MB
[runlim] sample:		909.94 time, 910.01 real, 191 MB
[runlim] sample:		919.94 time, 920.01 real, 191 MB
[runlim] sample:		929.94 time, 930.01 real, 193 MB
[runlim] sample:		939.94 time, 940.01 real, 193 MB
[runlim] sample:		949.94 time, 950.01 real, 194 MB
[runlim] sample:		959.94 time, 960.01 real, 194 MB
[runlim] sample:		969.94 time, 970.01 real, 194 MB
[runlim] sample:		979.94 time, 980.01 real, 194 MB
[runlim] sample:		989.94 time, 990.01 real, 196 MB
[runlim] sample:		999.94 time, 1000.01 real, 196 MB
[runlim] sample:		1009.94 time, 1010.01 real, 196 MB
[runlim] sample:		1019.94 time, 1020.01 real, 196 MB
[runlim] sample:		1029.94 time, 1030.01 real, 196 MB
[runlim] sample:		1039.94 time, 1040.01 real, 197 MB
[runlim] sample:		1049.94 time, 1050.01 real, 197 MB
[runlim] sample:		1059.94 time, 1060.01 real, 199 MB
[runlim] sample:		1069.94 time, 1070.01 real, 199 MB
[runlim] sample:		1079.94 time, 1080.01 real, 200 MB
[runlim] sample:		1089.94 time, 1090.01 real, 200 MB
[runlim] sample:		1099.93 time, 1100.01 real, 200 MB
[runlim] sample:		1109.93 time, 1110.01 real, 203 MB
[runlim] sample:		1119.93 time, 1120.01 real, 204 MB
[runlim] sample:		1129.93 time, 1130.01 real, 205 MB
[runlim] sample:		1139.93 time, 1140.01 real, 205 MB
[runlim] sample:		1149.94 time, 1150.01 real, 205 MB
[runlim] sample:		1159.94 time, 1160.01 real, 205 MB
[runlim] sample:		1169.94 time, 1170.01 real, 205 MB
[runlim] sample:		1179.94 time, 1180.01 real, 205 MB
[runlim] sample:		1189.94 time, 1190.01 real, 205 MB
[runlim] sample:		1199.94 time, 1200.01 real, 205 MB
[runlim] sample:		1209.94 time, 1210.01 real, 205 MB
[runlim] sample:		1219.94 time, 1220.01 real, 205 MB
[runlim] sample:		1229.94 time, 1230.01 real, 205 MB
[runlim] sample:		1239.93 time, 1240.01 real, 205 MB
[runlim] sample:		1249.93 time, 1250.01 real, 205 MB
[runlim] sample:		1259.93 time, 1260.01 real, 206 MB
[runlim] sample:		1269.93 time, 1270.01 real, 208 MB
[runlim] sample:		1279.93 time, 1280.01 real, 208 MB
[runlim] sample:		1289.93 time, 1290.01 real, 208 MB
[runlim] sample:		1299.93 time, 1300.01 real, 208 MB
[runlim] sample:		1309.93 time, 1310.01 real, 208 MB
[runlim] sample:		1319.93 time, 1320.01 real, 208 MB
[runlim] sample:		1329.93 time, 1330.01 real, 208 MB
[runlim] sample:		1339.93 time, 1340.01 real, 208 MB
[runlim] sample:		1349.93 time, 1350.01 real, 210 MB
[runlim] sample:		1359.93 time, 1360.01 real, 210 MB
[runlim] sample:		1369.93 time, 1370.01 real, 210 MB
[runlim] sample:		1379.93 time, 1380.01 real, 210 MB
[runlim] sample:		1389.93 time, 1390.01 real, 210 MB
[runlim] sample:		1399.93 time, 1400.01 real, 211 MB
[runlim] sample:		1409.93 time, 1410.01 real, 211 MB
[runlim] sample:		1419.93 time, 1420.01 real, 212 MB
[runlim] sample:		1429.93 time, 1430.01 real, 212 MB
[runlim] sample:		1439.93 time, 1440.01 real, 212 MB
[runlim] sample:		1449.93 time, 1450.01 real, 212 MB
[runlim] sample:		1459.93 time, 1460.01 real, 212 MB
[runlim] sample:		1469.93 time, 1470.01 real, 212 MB
[runlim] sample:		1479.93 time, 1480.01 real, 212 MB
[runlim] sample:		1489.93 time, 1490.01 real, 214 MB
[runlim] sample:		1499.93 time, 1500.01 real, 214 MB
[runlim] sample:		1509.93 time, 1510.01 real, 214 MB
[runlim] sample:		1519.93 time, 1520.01 real, 214 MB
[runlim] sample:		1529.93 time, 1530.01 real, 214 MB
