count_stat.buggy.0.asm
count_stat.buggy.1.asm
count_stat.buggy.2.asm
count_stat.buggy.3.asm
count_stat.checker.asm
. z3-relational.mmap
# tid	pc	cmd	arg	accu	mem	adr	val	full	heap
3	inc	LOAD	0	0	0	0	0	0	{}	# 0
3	1	ADDI	1	0	0	0	0	0	{}	# 1
1	inc	LOAD	0	0	0	0	0	0	{}	# 2
3	2	STORE	0	1	0	0	0	0	{}	# 3
1	1	ADDI	1	0	0	0	0	0	{}	# 4
1	2	STORE	0	1	0	0	0	0	{}	# 5
1	3	LOAD	11	1	0	0	1	1	{}	# 6
3	3	LOAD	13	1	0	0	1	1	{}	# 7
1	4	FLUSH	-	3	0	0	1	1	{}	# 8
2	inc	LOAD	0	0	0	0	0	0	{(0,1)}	# 9
1	4	SUBI	1	3	0	0	1	0	{}	# 10
1	5	STORE	11	2	0	0	1	0	{}	# 11
1	6	JNZ	inc	2	0	11	2	1	{}	# 12
3	4	FLUSH	-	3	0	0	1	1	{}	# 13
4	0	CHECK	0	0	0	0	0	0	{(0,1)}	# 14
2	1	ADDI	1	1	0	0	0	0	{}	# 15
3	4	SUBI	1	3	0	0	1	0	{}	# 16
3	5	STORE	13	2	0	0	1	0	{}	# 17
2	2	STORE	0	2	0	0	0	0	{}	# 18
2	3	FLUSH	-	2	0	0	2	1	{}	# 19
3	6	FLUSH	-	2	0	13	2	1	{(0,2)}	# 20
0	inc	LOAD	0	0	0	0	0	0	{(13,2)}	# 21
1	inc	LOAD	0	2	0	11	2	1	{}	# 22
2	3	LOAD	12	2	0	0	2	0	{}	# 23
2	4	SUBI	1	3	0	0	2	0	{}	# 24
0	1	ADDI	1	2	0	0	0	0	{}	# 25
0	2	STORE	0	3	0	0	0	0	{}	# 26
2	5	STORE	12	2	0	0	2	0	{}	# 27
0	3	FLUSH	-	3	0	0	3	1	{}	# 28
2	6	JNZ	inc	2	0	12	2	1	{(0,3)}	# 29
3	6	JNZ	inc	2	0	13	2	0	{}	# 30
2	inc	LOAD	0	2	0	12	2	1	{}	# 31
2	1	ADDI	1	3	0	12	2	1	{}	# 32
3	inc	LOAD	0	2	0	13	2	0	{}	# 33
3	1	ADDI	1	3	0	13	2	0	{}	# 34
3	2	STORE	0	4	0	13	2	0	{}	# 35
1	1	ADDI	1	2	0	11	2	1	{}	# 36
2	2	FLUSH	-	4	0	12	2	1	{}	# 37
2	2	STORE	0	4	0	12	2	0	{(12,2)}	# 38
1	2	FLUSH	-	3	0	11	2	1	{}	# 39
3	3	LOAD	13	4	0	0	4	1	{(11,2)}	# 40
1	2	STORE	0	3	0	11	2	0	{}	# 41
3	4	FLUSH	-	2	0	0	4	1	{}	# 42
2	3	LOAD	12	4	0	0	4	1	{(0,4)}	# 43
2	4	FLUSH	-	2	0	0	4	1	{}	# 44
3	4	SUBI	1	2	0	0	4	0	{(0,4)}	# 45
1	3	FLUSH	-	3	0	0	3	1	{}	# 46
1	3	LOAD	11	3	0	0	3	0	{(0,3)}	# 47
3	5	STORE	13	1	0	0	4	0	{}	# 48
1	4	SUBI	1	2	0	0	3	0	{}	# 49
1	5	STORE	11	1	0	0	3	0	{}	# 50
3	6	JNZ	inc	1	0	13	1	1	{}	# 51
3	inc	FLUSH	-	1	0	13	1	1	{}	# 52
1	6	JNZ	inc	1	0	11	1	1	{(13,1)}	# 53
3	inc	LOAD	0	1	0	13	1	0	{}	# 54
0	3	LOAD	10	3	0	0	3	0	{}	# 55
3	1	ADDI	1	3	0	13	1	0	{}	# 56
0	4	SUBI	1	3	0	0	3	0	{}	# 57
0	5	STORE	10	2	0	0	3	0	{}	# 58
0	6	JNZ	inc	2	0	10	2	1	{}	# 59
0	inc	LOAD	0	2	0	10	2	1	{}	# 60
3	2	STORE	0	4	0	13	1	0	{}	# 61
0	1	FLUSH	-	3	0	10	2	1	{}	# 62
0	1	ADDI	1	3	0	10	2	0	{(10,2)}	# 63
0	2	STORE	0	4	0	10	2	0	{}	# 64
0	3	FLUSH	-	4	0	0	4	1	{}	# 65
0	3	LOAD	10	4	0	0	4	0	{(0,4)}	# 66
3	3	LOAD	13	4	0	0	4	1	{}	# 67
0	4	SUBI	1	2	0	0	4	0	{}	# 68
1	inc	FLUSH	-	1	0	11	1	1	{}	# 69
2	4	SUBI	1	2	0	0	4	0	{(11,1)}	# 70
3	4	SUBI	1	1	0	0	4	1	{}	# 71
2	5	STORE	12	1	0	0	4	0	{}	# 72
1	inc	LOAD	0	1	0	11	1	0	{}	# 73
3	5	FLUSH	-	0	0	0	4	1	{}	# 74
2	6	JNZ	inc	1	0	12	1	1	{(0,4)}	# 75
3	5	STORE	13	0	0	0	4	0	{}	# 76
3	6	JNZ	inc	0	0	13	0	1	{}	# 77
1	1	ADDI	1	4	0	11	1	0	{}	# 78
3	7	FLUSH	-	0	0	13	0	1	{}	# 79
2	inc	FLUSH	-	1	0	12	1	1	{(13,0)}	# 80
1	2	STORE	0	5	0	11	1	0	{(12,1)}	# 81
1	3	LOAD	11	5	0	0	5	1	{}	# 82
3	7	CHECK	0	0	0	13	0	0	{}	# 83
1	4	FLUSH	-	1	0	0	5	1	{}	# 84
2	inc	LOAD	0	1	0	12	1	0	{(0,5)}	# 85
2	1	ADDI	1	5	0	12	1	0	{}	# 86
2	2	STORE	0	6	0	12	1	0	{}	# 87
1	4	SUBI	1	1	0	0	5	0	{}	# 88
1	5	STORE	11	0	0	0	5	0	{}	# 89
1	6	JNZ	inc	0	0	11	0	1	{}	# 90
1	7	CHECK	0	0	0	11	0	1	{}	# 91
1	8	FLUSH	-	0	0	11	0	1	{}	# 92
2	3	FLUSH	-	6	0	0	6	1	{(11,0)}	# 93
2	3	LOAD	12	6	0	0	6	0	{(0,6)}	# 94
0	5	STORE	10	1	0	0	4	0	{}	# 95
0	6	JNZ	inc	1	0	10	1	1	{}	# 96
0	inc	LOAD	0	1	0	10	1	1	{}	# 97
2	4	SUBI	1	1	0	0	6	0	{}	# 98
2	5	STORE	12	0	0	0	6	0	{}	# 99
2	6	FLUSH	-	0	0	12	0	1	{}	# 100
0	1	FLUSH	-	6	0	10	1	1	{(12,0)}	# 101
2	6	JNZ	inc	0	0	12	0	0	{(10,1)}	# 102
0	1	ADDI	1	6	0	10	1	0	{}	# 103
2	7	CHECK	0	0	0	12	0	0	{}	# 104
0	2	STORE	0	7	0	10	1	0	{}	# 105
0	3	FLUSH	-	7	0	0	7	1	{}	# 106
0	3	LOAD	10	7	0	0	7	0	{(0,7)}	# 107
0	4	SUBI	1	1	0	0	7	0	{}	# 108
0	5	STORE	10	0	0	0	7	0	{}	# 109
0	6	JNZ	inc	0	0	10	0	1	{}	# 110
0	7	FLUSH	-	0	0	10	0	1	{}	# 111
0	7	CHECK	0	0	0	10	0	0	{(10,0)}	# 112
1	8	HALT	-	0	0	11	0	0	{}	# 113
3	8	HALT	-	0	0	13	0	0	{}	# 114
4	1	ADDI	12	0	0	0	0	0	{}	# 115
2	8	HALT	-	0	0	12	0	0	{}	# 116
4	2	CMP	0	12	0	0	0	0	{}	# 117
4	3	JNZ	error	5	0	0	0	0	{}	# 118
0	8	HALT	-	0	0	10	0	0	{}	# 119
4	error	EXIT	1	5	0	0	0	0	{}	# 120
