[litmus/run.sh] running 24: litmus/intel/4/run.sh boolector relational
[concubine>main] encoding took 0.002277 seconds
[concubine>main] generated 724 commands
[btor>main] Boolector Version 3.2.1 master-8297b6c3dc573e4e3c5d50fde7fa01724bc613a9-dirty
[btor>main]  -std=gnu99 -W -Wall -Wextra -Wredundant-decls -O3
[btor>main] released 2020-12-10T16:18:21
[btor>main] compiled 2020-12-10T16:18:21
[btor>main] GNU 7.5.0
[btor>main] setting signal handlers
[btor>main] no time limit given
[btor>parse] assuming SMT-LIB v2 input,  parsing '<stdin>'
[btor>smt2] parsed 219 commands in 0.00 seconds
[btor>core] calling SAT
[btor>core] found UFs, disable slice elimination
[btor>varsubst] 64 variables substituted in 0.0 seconds
[btor>embed] replaced 7 embedded constraints in 0 seconds
[btor>extract] set: 0 (0), set_inc: 0 (0), set_itoi: 0 (0), set_itoip1: 0 (0), cpy: 0 (0)
[btor>extract] extracted 0 lambdas in 0.000 seconds
[btor>preprocess] 1 rewriting rounds in 0.0 seconds
[btor>preprocess] simplification returned 0
[btor>slvfun] enabled core engine
[btor>sat] CaDiCaL allows both incremental and non-incremental mode
[btor>sat] initialized CaDiCaL
[btor>slvfun] 547 AIG vars, 1587 AIG ands, 1496 CNF vars, 3166 CNF clauses
[btorcore] 1 iterations, 2 lemmas, 0 ext. lemmas, vars 47, applies 14
[btor>slvfun] 547 AIG vars, 1649 AIG ands, 1558 CNF vars, 3352 CNF clauses
[btorcore] 2 iterations, 7 lemmas, 0 ext. lemmas, vars 47, applies 14
[btor>slvfun] 547 AIG vars, 2173 AIG ands, 1826 CNF vars, 4284 CNF clauses
[btorcore] 3 iterations, 10 lemmas, 0 ext. lemmas, vars 47, applies 14
[btor>slvfun] 547 AIG vars, 2395 AIG ands, 1952 CNF vars, 4710 CNF clauses
[btorcore] 4 iterations, 14 lemmas, 4 ext. lemmas, vars 47, applies 15
[btor>slvfun] 563 AIG vars, 2540 AIG ands, 2049 CNF vars, 4985 CNF clauses
[btor>core] SAT call 2 returned 20 in 0.000 seconds
unsat
[btor>smt2] WARNING no 'exit' command at end of '<stdin>'
[btor>smt2] parsed 220 commands in 0.00 seconds
[btor>parse] logic QF_AUFBV
[btor>parse] status unknown
[btor>sat] 5 SAT calls in 0.0 seconds
[btor>core] 64/50/194/61 constraints 0/0/0/61 0.3 MB
[btor>core] 0 assumptions
[btor>core] 
[btor>core] 0.11 MB allocated for nodes
[btor>core] 
[btor>core]     0 variable substitutions
[btor>core]     0 uninterpreted function substitutions
[btor>core]     0 embedded constraint substitutions
[btor>core]     0 synthesized nodes rewritten
[btor>core]     0 linear constraint equations
[btor>core]     0 gaussian eliminations in linear equations
[btor>core]     0 eliminated sliced variables
[btor>core]     0 extracted skeleton constraints
[btor>core]    40 and normalizations
[btor>core]     0 add normalizations
[btor>core]     0 mul normalizations
[btor>core]     0 lambdas merged
[btor>core]     0 static apply propagations over lambdas
[btor>core]     1 static apply propagations over updates
[btor>core]     0 beta reductions
[btor>core]     0 clone calls
[btor>core] 
[btor>core] rewrite rule cache
[btor>core]   137 cached (add) 
[btor>core]   45 cached (get)
[btor>core]   1 updated
[btor>core]   0 removed (gc)
[btor>core]   0.01 MB cache
[btor>core] 
[btor>core] bit blasting statistics:
[btor>core]       333 AIG vectors (333 max)
[btor>core]      2540 AIG ANDs (2540 max)
[btor>core]       563 AIG variables
[btor>core]      2049 CNF variables
[btor>core]      4985 CNF clauses
[btor>core]     13037 CNF literals
[btor>slvfun] 
[btor>slvfun] lemmas on demand statistics:
[btor>slvfun]    4 refinement iterations
[btor>slvfun]   14 LOD refinements
[btor>slvfun]      6 function congruence conflicts
[btor>slvfun]      4 beta reduction conflicts
[btor>slvfun]      4 extensionality lemmas
[btor>slvfun]   1.0 average lemma size
[btor>slvfun]        6 lemmas of size 1
[btor>slvfun]        4 lemmas of size 2
[btor>slvfun] 
[btor>slvfun]       0 expression evaluations
[btor>slvfun]       0 partial beta reductions
[btor>slvfun]      58 propagations
[btor>slvfun]       2 propagations down
[btor>core] 
[btor>core] 0.3 MB
[btor>main] unsat
[concubine>main] solving took 0.012551 seconds
