[runlim] version:		1.21
[runlim] host:			c3n02
[runlim] time limit:		86400 seconds
[runlim] real time limit:	86400 seconds
[runlim] space limit:		8000 MB
[runlim] argv[0]:		concubine
[runlim] argv[1]:		solve
[runlim] argv[2]:		-v
[runlim] argv[3]:		-s
[runlim] argv[4]:		btormc
[runlim] argv[5]:		-c
[runlim] argv[6]:		constraints.btor2
[runlim] argv[7]:		-m
[runlim] argv[8]:		init.mmap
[runlim] argv[9]:		-o
[runlim] argv[10]:		btormc-btor2
[runlim] argv[11]:		5
[runlim] argv[12]:		thread.0.asm
[runlim] start:			Tue Dec  8 13:58:13 2020
[runlim] child:			17952
[runlim] end:			Tue Dec  8 13:58:16 2020
[runlim] status:		ok
[runlim] result:		0
[runlim] children:		1
[runlim] real:			2.33 seconds
[runlim] time:			0.02 seconds
[runlim] space:			5 MB
[runlim] samples:		23
