[runlim] version:		1.21
[runlim] host:			c3n02
[runlim] time limit:		86400 seconds
[runlim] real time limit:	86400 seconds
[runlim] space limit:		8000 MB
[runlim] argv[0]:		concubine
[runlim] argv[1]:		solve
[runlim] argv[2]:		-v
[runlim] argv[3]:		-s
[runlim] argv[4]:		z3
[runlim] argv[5]:		-e
[runlim] argv[6]:		smtlib-relational
[runlim] argv[7]:		-c
[runlim] argv[8]:		constraints.smt2
[runlim] argv[9]:		-m
[runlim] argv[10]:		init.mmap
[runlim] argv[11]:		-o
[runlim] argv[12]:		z3-relational
[runlim] argv[13]:		5
[runlim] argv[14]:		thread.0.asm
[runlim] start:			Thu Dec 10 16:20:22 2020
[runlim] child:			32743
[runlim] end:			Thu Dec 10 16:20:27 2020
[runlim] status:		ok
[runlim] result:		0
[runlim] children:		1
[runlim] real:			5.72 seconds
[runlim] time:			0.03 seconds
[runlim] space:			19 MB
[runlim] samples:		57
