[litmus/run.sh] running 100: litmus/amd/5/run.sh boolector functional
[concubine>main] encoding took 0.007514 seconds
[concubine>main] generated 3108 commands
[btor>main] Boolector Version 3.2.1 master-8297b6c3dc573e4e3c5d50fde7fa01724bc613a9-dirty
[btor>main]  -std=gnu99 -W -Wall -Wextra -Wredundant-decls -O3
[btor>main] released 2020-12-10T16:18:21
[btor>main] compiled 2020-12-10T16:18:21
[btor>main] GNU 7.5.0
[btor>main] setting signal handlers
[btor>main] no time limit given
[btor>parse] assuming SMT-LIB v2 input,  parsing '<stdin>'
[btor>smt2] parsed 1136 commands in 0.00 seconds
[btor>core] calling SAT
[btor>core] found UFs, disable slice elimination
[btor>varsubst] 446 variables substituted in 0.0 seconds
[btor>embed] replaced 3 embedded constraints in 0 seconds
[btor>extract] set: 1 (2), set_inc: 0 (0), set_itoi: 0 (0), set_itoip1: 0 (0), cpy: 0 (0)
[btor>extract] extracted 1 lambdas in 0.000 seconds
[btor>merge] merged 0 lambdas in 0.00 seconds
[btor>preprocess] 1 rewriting rounds in 0.0 seconds
[btor>preprocess] simplification returned 0
[btor>slvfun] enabled core engine
[btor>sat] CaDiCaL allows both incremental and non-incremental mode
[btor>sat] initialized CaDiCaL
[btor>slvfun] 336 AIG vars, 3954 AIG ands, 2640 CNF vars, 7737 CNF clauses
[btorcore] 1 iterations, 8 lemmas, 0 ext. lemmas, vars 48, applies 19
[btor>slvfun] 336 AIG vars, 4332 AIG ands, 2856 CNF vars, 8466 CNF clauses
[btorcore] 2 iterations, 12 lemmas, 0 ext. lemmas, vars 48, applies 19
[btor>slvfun] 336 AIG vars, 4589 AIG ands, 2985 CNF vars, 8917 CNF clauses
[btorcore] 3 iterations, 16 lemmas, 0 ext. lemmas, vars 48, applies 19
[btor>slvfun] 336 AIG vars, 4846 AIG ands, 3114 CNF vars, 9368 CNF clauses
[btorcore] 4 iterations, 17 lemmas, 0 ext. lemmas, vars 48, applies 19
[btor>slvfun] 336 AIG vars, 4910 AIG ands, 3146 CNF vars, 9480 CNF clauses
[btorcore] 5 iterations, 19 lemmas, 0 ext. lemmas, vars 48, applies 19
[btor>slvfun] 336 AIG vars, 4981 AIG ands, 3183 CNF vars, 9608 CNF clauses
[btorcore] 6 iterations, 20 lemmas, 0 ext. lemmas, vars 48, applies 19
[btor>slvfun] 336 AIG vars, 5046 AIG ands, 3216 CNF vars, 9723 CNF clauses
[btorcore] 7 iterations, 21 lemmas, 0 ext. lemmas, vars 48, applies 19
[btor>slvfun] 336 AIG vars, 5110 AIG ands, 3248 CNF vars, 9835 CNF clauses
[btorcore] 8 iterations, 24 lemmas, 0 ext. lemmas, vars 48, applies 19
[btor>slvfun] 336 AIG vars, 5177 AIG ands, 3283 CNF vars, 9956 CNF clauses
[btorcore] 9 iterations, 27 lemmas, 0 ext. lemmas, vars 48, applies 19
[btor>slvfun] 336 AIG vars, 5326 AIG ands, 3366 CNF vars, 10238 CNF clauses
[btorcore] 10 iterations, 28 lemmas, 0 ext. lemmas, vars 48, applies 19
[btor>slvfun] 336 AIG vars, 5327 AIG ands, 3367 CNF vars, 10241 CNF clauses
[btorcore] 11 iterations, 29 lemmas, 0 ext. lemmas, vars 48, applies 19
[btor>slvfun] 336 AIG vars, 5328 AIG ands, 3368 CNF vars, 10244 CNF clauses
[btorcore] 12 iterations, 30 lemmas, 0 ext. lemmas, vars 48, applies 19
[btor>slvfun] 336 AIG vars, 5331 AIG ands, 3371 CNF vars, 10253 CNF clauses
[btorcore] 13 iterations, 31 lemmas, 0 ext. lemmas, vars 48, applies 19
[btor>slvfun] 336 AIG vars, 5336 AIG ands, 3374 CNF vars, 10263 CNF clauses
[btorcore] 14 iterations, 32 lemmas, 0 ext. lemmas, vars 48, applies 19
[btor>slvfun] 336 AIG vars, 5355 AIG ands, 3391 CNF vars, 10315 CNF clauses
[btorcore] 15 iterations, 34 lemmas, 0 ext. lemmas, vars 48, applies 19
[btor>slvfun] 336 AIG vars, 5422 AIG ands, 3426 CNF vars, 10436 CNF clauses
[btorcore] 16 iterations, 37 lemmas, 0 ext. lemmas, vars 48, applies 19
[btor>slvfun] 336 AIG vars, 5490 AIG ands, 3462 CNF vars, 10560 CNF clauses
[btorcore] 17 iterations, 39 lemmas, 0 ext. lemmas, vars 48, applies 19
[btor>slvfun] 336 AIG vars, 5575 AIG ands, 3513 CNF vars, 10730 CNF clauses
[btor>core] SAT call 2 returned 20 in 0.000 seconds
unsat
[btor>smt2] WARNING no 'exit' command at end of '<stdin>'
[btor>smt2] parsed 1137 commands in 0.00 seconds
[btor>parse] logic QF_AUFBV
[btor>parse] status unknown
[btor>sat] 18 SAT calls in 0.0 seconds
[btor>core] 446/93/928/214 constraints 0/0/0/214 0.8 MB
[btor>core] 0 assumptions
[btor>core] 
[btor>core] 0.57 MB allocated for nodes
[btor>core] 
[btor>core]     0 variable substitutions
[btor>core]     0 uninterpreted function substitutions
[btor>core]     0 embedded constraint substitutions
[btor>core]     0 synthesized nodes rewritten
[btor>core]     0 linear constraint equations
[btor>core]     0 gaussian eliminations in linear equations
[btor>core]     0 eliminated sliced variables
[btor>core]     0 extracted skeleton constraints
[btor>core]   516 and normalizations
[btor>core]     4 add normalizations
[btor>core]     0 mul normalizations
[btor>core]     0 lambdas merged
[btor>core]     0 static apply propagations over lambdas
[btor>core]     0 static apply propagations over updates
[btor>core]     0 beta reductions
[btor>core]     0 clone calls
[btor>core] 
[btor>core] rewrite rule cache
[btor>core]   895 cached (add) 
[btor>core]   289 cached (get)
[btor>core]   0 updated
[btor>core]   0 removed (gc)
[btor>core]   0.07 MB cache
[btor>core] 
[btor>core] bit blasting statistics:
[btor>core]       940 AIG vectors (940 max)
[btor>core]      5575 AIG ANDs (5575 max)
[btor>core]       336 AIG variables
[btor>core]      3513 CNF variables
[btor>core]     10730 CNF clauses
[btor>core]     28234 CNF literals
[btor>slvfun] 
[btor>slvfun] lemmas on demand statistics:
[btor>slvfun]   17 refinement iterations
[btor>slvfun]   39 LOD refinements
[btor>slvfun]     23 function congruence conflicts
[btor>slvfun]     16 beta reduction conflicts
[btor>slvfun]      0 extensionality lemmas
[btor>slvfun]   3.3 average lemma size
[btor>slvfun]       26 lemmas of size 3
[btor>slvfun]       13 lemmas of size 4
[btor>slvfun] 
[btor>slvfun]      33 expression evaluations
[btor>slvfun]      33 partial beta reductions
[btor>slvfun]     918 propagations
[btor>slvfun]      34 propagations down
[btor>core] 
[btor>core] 0.8 MB
[btor>main] unsat
[concubine>main] solving took 0.059636 seconds
