[runlim] version:		1.21
[runlim] host:			c3n07
[runlim] time limit:		86400 seconds
[runlim] real time limit:	86400 seconds
[runlim] space limit:		8000 MB
[runlim] argv[0]:		concubine
[runlim] argv[1]:		solve
[runlim] argv[2]:		-v
[runlim] argv[3]:		-s
[runlim] argv[4]:		cvc4
[runlim] argv[5]:		-e
[runlim] argv[6]:		smtlib-relational
[runlim] argv[7]:		-c
[runlim] argv[8]:		constraints.smt2
[runlim] argv[9]:		-m
[runlim] argv[10]:		init.mmap
[runlim] argv[11]:		-o
[runlim] argv[12]:		cvc4-relational
[runlim] argv[13]:		12
[runlim] argv[14]:		thread.0.asm
[runlim] argv[15]:		thread.1.asm
[runlim] start:			Thu Dec 10 16:20:23 2020
[runlim] child:			32083
[runlim] sample:		0.04 time, 10.01 real, 5 MB
[runlim] sample:		0.04 time, 20.01 real, 5 MB
[runlim] sample:		0.04 time, 30.01 real, 5 MB
[runlim] sample:		0.04 time, 40.01 real, 5 MB
[runlim] sample:		0.04 time, 50.01 real, 5 MB
[runlim] sample:		0.04 time, 60.01 real, 5 MB
[runlim] sample:		0.04 time, 70.01 real, 5 MB
[runlim] sample:		0.04 time, 80.01 real, 5 MB
[runlim] sample:		0.04 time, 90.01 real, 5 MB
[runlim] sample:		0.04 time, 100.01 real, 5 MB
[runlim] sample:		0.04 time, 110.01 real, 5 MB
[runlim] sample:		0.04 time, 120.01 real, 5 MB
[runlim] sample:		0.04 time, 130.01 real, 5 MB
[runlim] end:			Thu Dec 10 16:22:35 2020
[runlim] status:		ok
[runlim] result:		0
[runlim] children:		1
[runlim] real:			132.36 seconds
[runlim] time:			0.04 seconds
[runlim] space:			5 MB
[runlim] samples:		1323
