[litmus/run.sh] running 122: litmus/amd/8/run.sh boolector relational
[concubine>main] encoding took 0.012536 seconds
[concubine>main] generated 4070 commands
[btor>main] Boolector Version 3.2.1 master-8297b6c3dc573e4e3c5d50fde7fa01724bc613a9-dirty
[btor>main]  -std=gnu99 -W -Wall -Wextra -Wredundant-decls -O3
[btor>main] released 2020-12-10T16:18:21
[btor>main] compiled 2020-12-10T16:18:21
[btor>main] GNU 7.5.0
[btor>main] setting signal handlers
[btor>main] no time limit given
[btor>parse] assuming SMT-LIB v2 input,  parsing '<stdin>'
[btor>smt2] parsed 1028 commands in 0.00 seconds
[btor>core] calling SAT
[btor>core] found UFs, disable slice elimination
[btor>varsubst] 159 variables substituted in 0.0 seconds
[btor>embed] replaced 48 embedded constraints in 0 seconds
[btor>extract] set: 1 (2), set_inc: 0 (0), set_itoi: 0 (0), set_itoip1: 0 (0), cpy: 0 (0)
[btor>extract] extracted 1 lambdas in 0.000 seconds
[btor>merge] merged 0 lambdas in 0.00 seconds
[btor>preprocess] 1 rewriting rounds in 0.0 seconds
[btor>preprocess] simplification returned 0
[btor>slvfun] enabled core engine
[btor>sat] CaDiCaL allows both incremental and non-incremental mode
[btor>sat] initialized CaDiCaL
[btor>slvfun] 3736 AIG vars, 20107 AIG ands, 15043 CNF vars, 38321 CNF clauses
[btorcore] 1 iterations, 4 lemmas, 0 ext. lemmas, vars 357, applies 91
[btor>slvfun] 3736 AIG vars, 20615 AIG ands, 15295 CNF vars, 39205 CNF clauses
[btorcore] 2 iterations, 22 lemmas, 0 ext. lemmas, vars 357, applies 91
[btor>slvfun] 3736 AIG vars, 23541 AIG ands, 16749 CNF vars, 44303 CNF clauses
[btorcore] 3 iterations, 61 lemmas, 0 ext. lemmas, vars 357, applies 91
[btor>slvfun] 3736 AIG vars, 26835 AIG ands, 18539 CNF vars, 50425 CNF clauses
[btorcore] 4 iterations, 70 lemmas, 0 ext. lemmas, vars 357, applies 91
[btor>slvfun] 3736 AIG vars, 27488 AIG ands, 18904 CNF vars, 51664 CNF clauses
[btorcore] 5 iterations, 109 lemmas, 39 ext. lemmas, vars 357, applies 118
[btor>slvfun] 4168 AIG vars, 29984 AIG ands, 20584 CNF vars, 56032 CNF clauses
[btorcore] 6 iterations, 132 lemmas, 39 ext. lemmas, vars 357, applies 118
[btor>slvfun] 4168 AIG vars, 31586 AIG ands, 21386 CNF vars, 58838 CNF clauses
[btorcore] 7 iterations, 136 lemmas, 39 ext. lemmas, vars 357, applies 118
[btor>slvfun] 4168 AIG vars, 31843 AIG ands, 21515 CNF vars, 59289 CNF clauses
[btorcore] 8 iterations, 143 lemmas, 39 ext. lemmas, vars 357, applies 118
[btor>slvfun] 4168 AIG vars, 32546 AIG ands, 21866 CNF vars, 60518 CNF clauses
[btorcore] 9 iterations, 159 lemmas, 39 ext. lemmas, vars 357, applies 118
[btor>slvfun] 4168 AIG vars, 33697 AIG ands, 22473 CNF vars, 62611 CNF clauses
[btorcore] 10 iterations, 166 lemmas, 39 ext. lemmas, vars 357, applies 118
[btor>slvfun] 4168 AIG vars, 34209 AIG ands, 22729 CNF vars, 63507 CNF clauses
[btorcore] 11 iterations, 169 lemmas, 39 ext. lemmas, vars 357, applies 118
[btor>slvfun] 4168 AIG vars, 34403 AIG ands, 22827 CNF vars, 63849 CNF clauses
[btorcore] 12 iterations, 173 lemmas, 39 ext. lemmas, vars 357, applies 118
[btor>slvfun] 4168 AIG vars, 34724 AIG ands, 22988 CNF vars, 64412 CNF clauses
[btorcore] 13 iterations, 177 lemmas, 39 ext. lemmas, vars 357, applies 118
[btor>slvfun] 4168 AIG vars, 35045 AIG ands, 23149 CNF vars, 64975 CNF clauses
[btorcore] 14 iterations, 229 lemmas, 91 ext. lemmas, vars 357, applies 162
[btor>slvfun] 4872 AIG vars, 38136 AIG ands, 25408 CNF vars, 70408 CNF clauses
[btorcore] 15 iterations, 254 lemmas, 91 ext. lemmas, vars 357, applies 162
[btor>slvfun] 4872 AIG vars, 40390 AIG ands, 26542 CNF vars, 74370 CNF clauses
[btorcore] 16 iterations, 291 lemmas, 91 ext. lemmas, vars 357, applies 162
[btor>slvfun] 4872 AIG vars, 43296 AIG ands, 28040 CNF vars, 79568 CNF clauses
[btorcore] 17 iterations, 304 lemmas, 91 ext. lemmas, vars 357, applies 162
[btor>slvfun] 4872 AIG vars, 44192 AIG ands, 28488 CNF vars, 81136 CNF clauses
[btorcore] 18 iterations, 318 lemmas, 91 ext. lemmas, vars 357, applies 162
[btor>slvfun] 4872 AIG vars, 45407 AIG ands, 29095 CNF vars, 83261 CNF clauses
[btorcore] 19 iterations, 323 lemmas, 91 ext. lemmas, vars 357, applies 162
[btor>slvfun] 4872 AIG vars, 45854 AIG ands, 29318 CNF vars, 84042 CNF clauses
[btorcore] 20 iterations, 339 lemmas, 91 ext. lemmas, vars 357, applies 162
[btor>slvfun] 4872 AIG vars, 47009 AIG ands, 29897 CNF vars, 86067 CNF clauses
[btorcore] 21 iterations, 346 lemmas, 91 ext. lemmas, vars 357, applies 162
[btor>slvfun] 4872 AIG vars, 47457 AIG ands, 30121 CNF vars, 86851 CNF clauses
[btorcore] 22 iterations, 350 lemmas, 91 ext. lemmas, vars 357, applies 162
[btor>slvfun] 4872 AIG vars, 47967 AIG ands, 30375 CNF vars, 87741 CNF clauses
[btorcore] 23 iterations, 402 lemmas, 143 ext. lemmas, vars 357, applies 209
[btor>slvfun] 5624 AIG vars, 50995 AIG ands, 32651 CNF vars, 93065 CNF clauses
[btorcore] 24 iterations, 427 lemmas, 143 ext. lemmas, vars 357, applies 209
[btor>slvfun] 5624 AIG vars, 52982 AIG ands, 33646 CNF vars, 96546 CNF clauses
[btorcore] 25 iterations, 457 lemmas, 143 ext. lemmas, vars 357, applies 209
[btor>slvfun] 5624 AIG vars, 55365 AIG ands, 34845 CNF vars, 100735 CNF clauses
[btorcore] 26 iterations, 477 lemmas, 143 ext. lemmas, vars 357, applies 209
[btor>slvfun] 5624 AIG vars, 56901 AIG ands, 35613 CNF vars, 103423 CNF clauses
[btorcore] 27 iterations, 487 lemmas, 143 ext. lemmas, vars 357, applies 209
[btor>slvfun] 5624 AIG vars, 57984 AIG ands, 36152 CNF vars, 105312 CNF clauses
[btorcore] 28 iterations, 495 lemmas, 143 ext. lemmas, vars 357, applies 209
[btor>slvfun] 5624 AIG vars, 58562 AIG ands, 36442 CNF vars, 106326 CNF clauses
[btorcore] 29 iterations, 504 lemmas, 143 ext. lemmas, vars 357, applies 209
[btor>slvfun] 5624 AIG vars, 59392 AIG ands, 36856 CNF vars, 107776 CNF clauses
[btorcore] 30 iterations, 507 lemmas, 143 ext. lemmas, vars 357, applies 209
[btor>slvfun] 5624 AIG vars, 59647 AIG ands, 36983 CNF vars, 108221 CNF clauses
[btorcore] 31 iterations, 511 lemmas, 143 ext. lemmas, vars 357, applies 209
[btor>slvfun] 5624 AIG vars, 60030 AIG ands, 37174 CNF vars, 108890 CNF clauses
[btorcore] 32 iterations, 513 lemmas, 143 ext. lemmas, vars 357, applies 209
[btor>slvfun] 5624 AIG vars, 60158 AIG ands, 37238 CNF vars, 109114 CNF clauses
[btorcore] 33 iterations, 566 lemmas, 196 ext. lemmas, vars 357, applies 259
[btor>slvfun] 6424 AIG vars, 63361 AIG ands, 39641 CNF vars, 114723 CNF clauses
[btorcore] 34 iterations, 578 lemmas, 196 ext. lemmas, vars 357, applies 259
[btor>slvfun] 6424 AIG vars, 64510 AIG ands, 40214 CNF vars, 116730 CNF clauses
[btorcore] 35 iterations, 590 lemmas, 196 ext. lemmas, vars 357, applies 259
[btor>slvfun] 6424 AIG vars, 65468 AIG ands, 40692 CNF vars, 118404 CNF clauses
[btorcore] 36 iterations, 597 lemmas, 196 ext. lemmas, vars 357, applies 259
[btor>slvfun] 6424 AIG vars, 66042 AIG ands, 40978 CNF vars, 119406 CNF clauses
[btorcore] 37 iterations, 603 lemmas, 196 ext. lemmas, vars 357, applies 259
[btor>slvfun] 6424 AIG vars, 66554 AIG ands, 41234 CNF vars, 120302 CNF clauses
[btorcore] 38 iterations, 607 lemmas, 196 ext. lemmas, vars 357, applies 259
[btor>slvfun] 6424 AIG vars, 66810 AIG ands, 41362 CNF vars, 120750 CNF clauses
[btorcore] 39 iterations, 612 lemmas, 196 ext. lemmas, vars 357, applies 259
[btor>slvfun] 6424 AIG vars, 67321 AIG ands, 41617 CNF vars, 121643 CNF clauses
[btorcore] 40 iterations, 621 lemmas, 196 ext. lemmas, vars 357, applies 259
[btor>slvfun] 6424 AIG vars, 68088 AIG ands, 42000 CNF vars, 122984 CNF clauses
[btorcore] 41 iterations, 633 lemmas, 196 ext. lemmas, vars 357, applies 259
[btor>slvfun] 6424 AIG vars, 69234 AIG ands, 42570 CNF vars, 124982 CNF clauses
[btorcore] 42 iterations, 642 lemmas, 196 ext. lemmas, vars 357, applies 259
[btor>slvfun] 6424 AIG vars, 70000 AIG ands, 42952 CNF vars, 126320 CNF clauses
[btorcore] 43 iterations, 671 lemmas, 225 ext. lemmas, vars 357, applies 288
[btor>slvfun] 6888 AIG vars, 71793 AIG ands, 44313 CNF vars, 129459 CNF clauses
[btorcore] 44 iterations, 677 lemmas, 225 ext. lemmas, vars 357, applies 288
[btor>slvfun] 6888 AIG vars, 72367 AIG ands, 44599 CNF vars, 130461 CNF clauses
[btorcore] 45 iterations, 684 lemmas, 225 ext. lemmas, vars 357, applies 288
[btor>slvfun] 6888 AIG vars, 73131 AIG ands, 44979 CNF vars, 131793 CNF clauses
[btorcore] 46 iterations, 686 lemmas, 225 ext. lemmas, vars 357, applies 288
[btor>slvfun] 6888 AIG vars, 73385 AIG ands, 45105 CNF vars, 132235 CNF clauses
[btorcore] 47 iterations, 695 lemmas, 225 ext. lemmas, vars 357, applies 288
[btor>slvfun] 6888 AIG vars, 73961 AIG ands, 45393 CNF vars, 133243 CNF clauses
[btorcore] 48 iterations, 700 lemmas, 225 ext. lemmas, vars 357, applies 288
[btor>slvfun] 6888 AIG vars, 74344 AIG ands, 45584 CNF vars, 133912 CNF clauses
[btorcore] 49 iterations, 710 lemmas, 225 ext. lemmas, vars 357, applies 288
[btor>slvfun] 6888 AIG vars, 75175 AIG ands, 45999 CNF vars, 135365 CNF clauses
[btorcore] 50 iterations, 714 lemmas, 225 ext. lemmas, vars 357, applies 288
[btor>slvfun] 6888 AIG vars, 75559 AIG ands, 46191 CNF vars, 136037 CNF clauses
[btorcore] 51 iterations, 733 lemmas, 244 ext. lemmas, vars 357, applies 308
[btor>slvfun] 7208 AIG vars, 76712 AIG ands, 47088 CNF vars, 138056 CNF clauses
[btorcore] 52 iterations, 739 lemmas, 244 ext. lemmas, vars 357, applies 308
[btor>slvfun] 7208 AIG vars, 77475 AIG ands, 47467 CNF vars, 139385 CNF clauses
[btorcore] 53 iterations, 750 lemmas, 244 ext. lemmas, vars 357, applies 308
[btor>slvfun] 7208 AIG vars, 78496 AIG ands, 47976 CNF vars, 141168 CNF clauses
[btorcore] 54 iterations, 770 lemmas, 264 ext. lemmas, vars 357, applies 327
[btor>slvfun] 7512 AIG vars, 79776 AIG ands, 48920 CNF vars, 143408 CNF clauses
[btorcore] 55 iterations, 778 lemmas, 264 ext. lemmas, vars 357, applies 327
[btor>slvfun] 7512 AIG vars, 80480 AIG ands, 49272 CNF vars, 144640 CNF clauses
[btorcore] 56 iterations, 783 lemmas, 264 ext. lemmas, vars 357, applies 327
[btor>slvfun] 7512 AIG vars, 80926 AIG ands, 49494 CNF vars, 145418 CNF clauses
[btorcore] 57 iterations, 797 lemmas, 278 ext. lemmas, vars 357, applies 343
[btor>slvfun] 7768 AIG vars, 81822 AIG ands, 50198 CNF vars, 146986 CNF clauses
[btorcore] 58 iterations, 800 lemmas, 278 ext. lemmas, vars 357, applies 343
[btor>slvfun] 7768 AIG vars, 82140 AIG ands, 50356 CNF vars, 147540 CNF clauses
[btorcore] 59 iterations, 818 lemmas, 278 ext. lemmas, vars 357, applies 343
[btor>slvfun] 7768 AIG vars, 83859 AIG ands, 51211 CNF vars, 150537 CNF clauses
[btorcore] 60 iterations, 834 lemmas, 278 ext. lemmas, vars 357, applies 343
[btor>slvfun] 7768 AIG vars, 85141 AIG ands, 51853 CNF vars, 152783 CNF clauses
[btorcore] 61 iterations, 844 lemmas, 278 ext. lemmas, vars 357, applies 343
[btor>slvfun] 7768 AIG vars, 85970 AIG ands, 52266 CNF vars, 154230 CNF clauses
[btorcore] 62 iterations, 846 lemmas, 278 ext. lemmas, vars 357, applies 343
[btor>slvfun] 7768 AIG vars, 86098 AIG ands, 52330 CNF vars, 154454 CNF clauses
[btorcore] 63 iterations, 854 lemmas, 286 ext. lemmas, vars 357, applies 351
[btor>slvfun] 7896 AIG vars, 86610 AIG ands, 52714 CNF vars, 155350 CNF clauses
[btorcore] 64 iterations, 862 lemmas, 286 ext. lemmas, vars 357, applies 351
[btor>slvfun] 7896 AIG vars, 87318 AIG ands, 53070 CNF vars, 156594 CNF clauses
[btorcore] 65 iterations, 869 lemmas, 286 ext. lemmas, vars 357, applies 351
[btor>slvfun] 7896 AIG vars, 87892 AIG ands, 53356 CNF vars, 157596 CNF clauses
[btorcore] 66 iterations, 870 lemmas, 286 ext. lemmas, vars 357, applies 351
[btor>slvfun] 7896 AIG vars, 88019 AIG ands, 53419 CNF vars, 157817 CNF clauses
[btorcore] 67 iterations, 875 lemmas, 286 ext. lemmas, vars 357, applies 351
[btor>slvfun] 7896 AIG vars, 88528 AIG ands, 53672 CNF vars, 158704 CNF clauses
[btorcore] 68 iterations, 886 lemmas, 297 ext. lemmas, vars 357, applies 362
[btor>slvfun] 8072 AIG vars, 89232 AIG ands, 54200 CNF vars, 159936 CNF clauses
[btorcore] 69 iterations, 890 lemmas, 297 ext. lemmas, vars 357, applies 362
[btor>slvfun] 8072 AIG vars, 89551 AIG ands, 54359 CNF vars, 160493 CNF clauses
[btorcore] 70 iterations, 898 lemmas, 297 ext. lemmas, vars 357, applies 362
[btor>slvfun] 8072 AIG vars, 90252 AIG ands, 54708 CNF vars, 161716 CNF clauses
[btorcore] 71 iterations, 901 lemmas, 297 ext. lemmas, vars 357, applies 362
[btor>slvfun] 8072 AIG vars, 90445 AIG ands, 54805 CNF vars, 162055 CNF clauses
[btorcore] 72 iterations, 919 lemmas, 315 ext. lemmas, vars 357, applies 381
[btor>slvfun] 8376 AIG vars, 91597 AIG ands, 55685 CNF vars, 164071 CNF clauses
[btorcore] 73 iterations, 923 lemmas, 315 ext. lemmas, vars 357, applies 381
[btor>slvfun] 8376 AIG vars, 91979 AIG ands, 55875 CNF vars, 164737 CNF clauses
[btorcore] 74 iterations, 924 lemmas, 315 ext. lemmas, vars 357, applies 381
[btor>slvfun] 8376 AIG vars, 92106 AIG ands, 55938 CNF vars, 164958 CNF clauses
[btorcore] 75 iterations, 929 lemmas, 315 ext. lemmas, vars 357, applies 381
[btor>slvfun] 8376 AIG vars, 92552 AIG ands, 56160 CNF vars, 165736 CNF clauses
[btorcore] 76 iterations, 935 lemmas, 321 ext. lemmas, vars 357, applies 387
[btor>slvfun] 8472 AIG vars, 92936 AIG ands, 56448 CNF vars, 166408 CNF clauses
[btorcore] 77 iterations, 936 lemmas, 321 ext. lemmas, vars 357, applies 387
[btor>slvfun] 8472 AIG vars, 93063 AIG ands, 56511 CNF vars, 166629 CNF clauses
[btorcore] 78 iterations, 947 lemmas, 321 ext. lemmas, vars 357, applies 387
[btor>slvfun] 8472 AIG vars, 93894 AIG ands, 56926 CNF vars, 168082 CNF clauses
[btorcore] 79 iterations, 958 lemmas, 321 ext. lemmas, vars 357, applies 387
[btor>slvfun] 8472 AIG vars, 94981 AIG ands, 57469 CNF vars, 169983 CNF clauses
[btorcore] 80 iterations, 969 lemmas, 321 ext. lemmas, vars 357, applies 387
[btor>slvfun] 8472 AIG vars, 95939 AIG ands, 57947 CNF vars, 171657 CNF clauses
[btorcore] 81 iterations, 989 lemmas, 321 ext. lemmas, vars 357, applies 387
[btor>slvfun] 8472 AIG vars, 97543 AIG ands, 58751 CNF vars, 174469 CNF clauses
[btorcore] 82 iterations, 1005 lemmas, 321 ext. lemmas, vars 357, applies 387
[btor>slvfun] 8472 AIG vars, 98762 AIG ands, 59362 CNF vars, 176606 CNF clauses
[btorcore] 83 iterations, 1021 lemmas, 321 ext. lemmas, vars 357, applies 387
[btor>slvfun] 8472 AIG vars, 99978 AIG ands, 59970 CNF vars, 178734 CNF clauses
[btorcore] 84 iterations, 1032 lemmas, 321 ext. lemmas, vars 357, applies 387
[btor>slvfun] 8472 AIG vars, 100813 AIG ands, 60389 CNF vars, 180199 CNF clauses
[btorcore] 85 iterations, 1044 lemmas, 321 ext. lemmas, vars 357, applies 387
[btor>slvfun] 8472 AIG vars, 101902 AIG ands, 60934 CNF vars, 182106 CNF clauses
[btorcore] 86 iterations, 1055 lemmas, 321 ext. lemmas, vars 357, applies 387
[btor>slvfun] 8472 AIG vars, 102921 AIG ands, 61441 CNF vars, 183883 CNF clauses
[btorcore] 87 iterations, 1065 lemmas, 321 ext. lemmas, vars 357, applies 387
[btor>slvfun] 8472 AIG vars, 103750 AIG ands, 61854 CNF vars, 185330 CNF clauses
[btorcore] 88 iterations, 1092 lemmas, 321 ext. lemmas, vars 357, applies 387
[btor>slvfun] 8472 AIG vars, 105607 AIG ands, 62783 CNF vars, 188581 CNF clauses
[btorcore] 89 iterations, 1098 lemmas, 321 ext. lemmas, vars 357, applies 387
[btor>slvfun] 8472 AIG vars, 106054 AIG ands, 63006 CNF vars, 189362 CNF clauses
[btorcore] 90 iterations, 1103 lemmas, 321 ext. lemmas, vars 357, applies 387
[btor>slvfun] 8472 AIG vars, 106438 AIG ands, 63198 CNF vars, 190034 CNF clauses
[btorcore] 91 iterations, 1106 lemmas, 321 ext. lemmas, vars 357, applies 387
[btor>slvfun] 8472 AIG vars, 106819 AIG ands, 63387 CNF vars, 190697 CNF clauses
[btorcore] 92 iterations, 1108 lemmas, 321 ext. lemmas, vars 357, applies 387
[btor>slvfun] 8472 AIG vars, 106947 AIG ands, 63451 CNF vars, 190921 CNF clauses
[btorcore] 93 iterations, 1111 lemmas, 321 ext. lemmas, vars 357, applies 387
[btor>slvfun] 8472 AIG vars, 107139 AIG ands, 63547 CNF vars, 191257 CNF clauses
[btorcore] 94 iterations, 1124 lemmas, 334 ext. lemmas, vars 357, applies 398
[btor>slvfun] 8648 AIG vars, 107908 AIG ands, 64108 CNF vars, 192604 CNF clauses
[btorcore] 95 iterations, 1125 lemmas, 334 ext. lemmas, vars 357, applies 398
[btor>slvfun] 8648 AIG vars, 107972 AIG ands, 64140 CNF vars, 192716 CNF clauses
[btorcore] 96 iterations, 1134 lemmas, 343 ext. lemmas, vars 357, applies 410
[btor>slvfun] 8840 AIG vars, 108548 AIG ands, 64620 CNF vars, 193724 CNF clauses
[btorcore] 97 iterations, 1144 lemmas, 353 ext. lemmas, vars 357, applies 421
[btor>slvfun] 9016 AIG vars, 109188 AIG ands, 65116 CNF vars, 194844 CNF clauses
[btorcore] 98 iterations, 1155 lemmas, 364 ext. lemmas, vars 357, applies 432
[btor>slvfun] 9192 AIG vars, 109892 AIG ands, 65644 CNF vars, 196076 CNF clauses
[btorcore] 99 iterations, 1165 lemmas, 374 ext. lemmas, vars 357, applies 443
[btor>slvfun] 9368 AIG vars, 110532 AIG ands, 66140 CNF vars, 197196 CNF clauses
[btorcore] 100 iterations, 1177 lemmas, 386 ext. lemmas, vars 357, applies 455
[btor>slvfun] 9560 AIG vars, 111300 AIG ands, 66716 CNF vars, 198540 CNF clauses
[btorcore] 101 iterations, 1185 lemmas, 394 ext. lemmas, vars 357, applies 463
[btor>slvfun] 9688 AIG vars, 111812 AIG ands, 67100 CNF vars, 199436 CNF clauses
[btorcore] 102 iterations, 1186 lemmas, 395 ext. lemmas, vars 357, applies 464
[btor>slvfun] 9704 AIG vars, 111876 AIG ands, 67148 CNF vars, 199548 CNF clauses
[btor>core] SAT call 2 returned 10 in 0.000 seconds
sat
[btor>smt2] WARNING no 'exit' command at end of '<stdin>'
[btor>smt2] parsed 1029 commands in 0.00 seconds
[btor>parse] logic QF_AUFBV
[btor>parse] status unknown
[btor>sat] 103 SAT calls in 0.0 seconds
[btor>core] 159/74/1904/1596 constraints 0/0/0/1596 7.4 MB
[btor>core] 0 assumptions
[btor>core] 
[btor>core] 1.02 MB allocated for nodes
[btor>core] 
[btor>core]     0 variable substitutions
[btor>core]     0 uninterpreted function substitutions
[btor>core]     0 embedded constraint substitutions
[btor>core]     0 synthesized nodes rewritten
[btor>core]     0 linear constraint equations
[btor>core]     0 gaussian eliminations in linear equations
[btor>core]     0 eliminated sliced variables
[btor>core]     0 extracted skeleton constraints
[btor>core]   240 and normalizations
[btor>core]     0 add normalizations
[btor>core]     0 mul normalizations
[btor>core]     0 lambdas merged
[btor>core]     2 static apply propagations over lambdas
[btor>core]     1 static apply propagations over updates
[btor>core]    12 beta reductions
[btor>core]     0 clone calls
[btor>core] 
[btor>core] rewrite rule cache
[btor>core]   670 cached (add) 
[btor>core]   149 cached (get)
[btor>core]   0 updated
[btor>core]   0 removed (gc)
[btor>core]   0.05 MB cache
[btor>core] 
[btor>core] bit blasting statistics:
[btor>core]      6353 AIG vectors (6353 max)
[btor>core]    111876 AIG ANDs (111876 max)
[btor>core]      9704 AIG variables
[btor>core]     67148 CNF variables
[btor>core]    199548 CNF clauses
[btor>core]    538188 CNF literals
[btor>slvfun] 
[btor>slvfun] lemmas on demand statistics:
[btor>slvfun]  102 refinement iterations
[btor>slvfun] 1186 LOD refinements
[btor>slvfun]    736 function congruence conflicts
[btor>slvfun]     55 beta reduction conflicts
[btor>slvfun]    395 extensionality lemmas
[btor>slvfun]   0.9 average lemma size
[btor>slvfun]      502 lemmas of size 1
[btor>slvfun]      262 lemmas of size 2
[btor>slvfun]       27 lemmas of size 3
[btor>slvfun] 
[btor>slvfun]     253 expression evaluations
[btor>slvfun]     253 partial beta reductions
[btor>slvfun]   34416 propagations
[btor>slvfun]    5020 propagations down
[btor>core] 
[btor>core] 7.5 MB
[btor>main] sat
2 0000000000000000 accu_0_0
3 0000000000000000 accu_0_1
4 0000000000000000 mem_0_0
5 0000000000000000 mem_0_1
6 0000000000000000 sb-adr_0_0
7 0000000000000000 sb-adr_0_1
8 0000000000000000 sb-val_0_0
9 0000000000000000 sb-val_0_1
10 0 sb-full_0_0
11 0 sb-full_0_1
12 1 stmt_0_0_0
13 0 stmt_0_0_1
14 0 stmt_0_0_2
15 0 stmt_0_0_3
16 0 stmt_0_0_4
17 1 stmt_0_1_0
18 0 stmt_0_1_1
19 0 stmt_0_1_2
20 0 stmt_0_1_3
21 0 stmt_0_1_4
22 0 halt_0_0
23 0 halt_0_1
24[0000000000000000] 0000000000000000 heap_0
24[0000000000000011] 1111111111111111 heap_0
24[0000000000000001] 0000000000000000 heap_0
24[0011000000000000] 1111111111111111 heap_0
24[0010000000000000] 1111111111111111 heap_0
24[0000000000000010] 1111111111111111 heap_0
24[0000000000000100] 1111111111111111 heap_0
25 0 exit_0
26 0000000000000000 exit-code
27 1 thread_0_0
28 0 thread_0_1
29 1 exec_0_0_0
30 0 exec_0_0_1
31 0 exec_0_0_2
32 0 exec_0_0_3
33 0 exec_0_0_4
34 0 exec_0_1_0
35 0 exec_0_1_1
36 0 exec_0_1_2
37 0 exec_0_1_3
38 0 exec_0_1_4
39 0 flush_0_0
40 0 flush_0_1
103 0000000000000001 accu_1_0
104 0000000000000000 accu_1_1
105 0000000000000000 mem_1_0
106 0000000000000000 mem_1_1
107 0000000000000000 sb-adr_1_0
108 0000000000000000 sb-adr_1_1
109 0000000000000000 sb-val_1_0
110 0000000000000000 sb-val_1_1
111 0 sb-full_1_0
112 0 sb-full_1_1
113 0 stmt_1_0_0
114 1 stmt_1_0_1
115 0 stmt_1_0_2
116 0 stmt_1_0_3
117 0 stmt_1_0_4
118 1 stmt_1_1_0
119 0 stmt_1_1_1
120 0 stmt_1_1_2
121 0 stmt_1_1_3
122 0 stmt_1_1_4
123 0 halt_1_0
124 0 halt_1_1
125[0000000000000000] 0000000000000000 heap_1
125[0000000000000001] 0000000000000000 heap_1
125[0000000000000011] 1111111111111111 heap_1
125[0011000000000000] 1111111111111111 heap_1
125[0010000000000000] 1111111111111111 heap_1
125[0000000000000010] 1111111111111111 heap_1
125[0000000000000100] 1111111111111111 heap_1
126 0 exit_1
127 0 thread_1_0
128 1 thread_1_1
129 0 exec_1_0_0
130 0 exec_1_0_1
131 0 exec_1_0_2
132 0 exec_1_0_3
133 0 exec_1_0_4
134 1 exec_1_1_0
135 0 exec_1_1_1
136 0 exec_1_1_2
137 0 exec_1_1_3
138 0 exec_1_1_4
139 0 flush_1_0
140 0 flush_1_1
362 0000000000000001 accu_2_0
363 0000000000000001 accu_2_1
364 0000000000000000 mem_2_0
365 0000000000000000 mem_2_1
366 0000000000000000 sb-adr_2_0
367 0000000000000000 sb-adr_2_1
368 0000000000000000 sb-val_2_0
369 0000000000000000 sb-val_2_1
370 0 sb-full_2_0
371 0 sb-full_2_1
372 0 stmt_2_0_0
373 1 stmt_2_0_1
374 0 stmt_2_0_2
375 0 stmt_2_0_3
376 0 stmt_2_0_4
377 0 stmt_2_1_0
378 1 stmt_2_1_1
379 0 stmt_2_1_2
380 0 stmt_2_1_3
381 0 stmt_2_1_4
382 0 halt_2_0
383 0 halt_2_1
384[0000000000000000] 0000000000000000 heap_2
384[0000000000000001] 0000000000000000 heap_2
384[0000000000000011] 1111111111111111 heap_2
384[0011000000000000] 1111111111111111 heap_2
384[0010000000000000] 1111111111111111 heap_2
384[0000000000000010] 1111111111111111 heap_2
384[0000000000000100] 1111111111111111 heap_2
385 0 exit_2
386 1 thread_2_0
387 0 thread_2_1
388 0 exec_2_0_0
389 1 exec_2_0_1
390 0 exec_2_0_2
391 0 exec_2_0_3
392 0 exec_2_0_4
393 0 exec_2_1_0
394 0 exec_2_1_1
395 0 exec_2_1_2
396 0 exec_2_1_3
397 0 exec_2_1_4
398 0 flush_2_0
399 0 flush_2_1
652 0000000000000001 accu_3_0
653 0000000000000001 accu_3_1
654 0000000000000000 mem_3_0
655 0000000000000000 mem_3_1
656 0000000000000000 sb-adr_3_0
657 0000000000000000 sb-adr_3_1
658 0000000000000001 sb-val_3_0
659 0000000000000000 sb-val_3_1
660 1 sb-full_3_0
661 0 sb-full_3_1
662 0 stmt_3_0_0
663 0 stmt_3_0_1
664 1 stmt_3_0_2
665 0 stmt_3_0_3
666 0 stmt_3_0_4
667 0 stmt_3_1_0
668 1 stmt_3_1_1
669 0 stmt_3_1_2
670 0 stmt_3_1_3
671 0 stmt_3_1_4
672 0 halt_3_0
673 0 halt_3_1
674[0000000000000000] 0000000000000000 heap_3
674[0000000000000001] 0000000000000000 heap_3
674[0000000000000011] 1111111111111111 heap_3
674[0011000000000000] 1111111111111111 heap_3
674[0010000000000000] 1111111111111111 heap_3
674[0000000000000010] 1111111111111111 heap_3
674[0000000000000100] 1111111111111111 heap_3
675 0 exit_3
676 1 thread_3_0
677 0 thread_3_1
678 0 exec_3_0_0
679 0 exec_3_0_1
680 1 exec_3_0_2
681 0 exec_3_0_3
682 0 exec_3_0_4
683 0 exec_3_1_0
684 0 exec_3_1_1
685 0 exec_3_1_2
686 0 exec_3_1_3
687 0 exec_3_1_4
688 0 flush_3_0
689 0 flush_3_1
942 0000000000000001 accu_4_0
943 0000000000000001 accu_4_1
944 0000000000000001 mem_4_0
945 0000000000000000 mem_4_1
946 0000000000000000 sb-adr_4_0
947 0000000000000000 sb-adr_4_1
948 0000000000000001 sb-val_4_0
949 0000000000000000 sb-val_4_1
950 1 sb-full_4_0
951 0 sb-full_4_1
952 0 stmt_4_0_0
953 0 stmt_4_0_1
954 0 stmt_4_0_2
955 1 stmt_4_0_3
956 0 stmt_4_0_4
957 0 stmt_4_1_0
958 1 stmt_4_1_1
959 0 stmt_4_1_2
960 0 stmt_4_1_3
961 0 stmt_4_1_4
962 0 halt_4_0
963 0 halt_4_1
964[0000000000000000] 0000000000000000 heap_4
964[0000000000000001] 0000000000000000 heap_4
964[0000000000000011] 1111111111111111 heap_4
964[0011000000000000] 1111111111111111 heap_4
964[0010000000000000] 1111111111111111 heap_4
964[0000000000000010] 1111111111111111 heap_4
964[0000000000000100] 1111111111111111 heap_4
965 0 exit_4
966 0 thread_4_0
967 1 thread_4_1
968 0 exec_4_0_0
969 0 exec_4_0_1
970 0 exec_4_0_2
971 0 exec_4_0_3
972 0 exec_4_0_4
973 0 exec_4_1_0
974 1 exec_4_1_1
975 0 exec_4_1_2
976 0 exec_4_1_3
977 0 exec_4_1_4
978 0 flush_4_0
979 0 flush_4_1
1232 0000000000000001 accu_5_0
1233 0000000000000001 accu_5_1
1234 0000000000000001 mem_5_0
1235 0000000000000000 mem_5_1
1236 0000000000000000 sb-adr_5_0
1237 0000000000000001 sb-adr_5_1
1238 0000000000000001 sb-val_5_0
1239 0000000000000001 sb-val_5_1
1240 1 sb-full_5_0
1241 1 sb-full_5_1
1242 0 stmt_5_0_0
1243 0 stmt_5_0_1
1244 0 stmt_5_0_2
1245 1 stmt_5_0_3
1246 0 stmt_5_0_4
1247 0 stmt_5_1_0
1248 0 stmt_5_1_1
1249 1 stmt_5_1_2
1250 0 stmt_5_1_3
1251 0 stmt_5_1_4
1252 0 halt_5_0
1253 0 halt_5_1
1254[0000000000000000] 0000000000000000 heap_5
1254[0000000000000001] 0000000000000000 heap_5
1254[0000000000000011] 1111111111111111 heap_5
1254[0011000000000000] 1111111111111111 heap_5
1254[0010000000000000] 1111111111111111 heap_5
1254[0000000000000010] 1111111111111111 heap_5
1254[0000000000000100] 1111111111111111 heap_5
1255 0 exit_5
1256 1 thread_5_0
1257 0 thread_5_1
1258 0 exec_5_0_0
1259 0 exec_5_0_1
1260 0 exec_5_0_2
1261 1 exec_5_0_3
1262 0 exec_5_0_4
1263 0 exec_5_1_0
1264 0 exec_5_1_1
1265 0 exec_5_1_2
1266 0 exec_5_1_3
1267 0 exec_5_1_4
1268 0 flush_5_0
1269 0 flush_5_1
1522 0000000000000000 accu_6_0
1523 0000000000000001 accu_6_1
1524 0000000000000001 mem_6_0
1525 0000000000000000 mem_6_1
1526 0000000000000000 sb-adr_6_0
1527 0000000000000001 sb-adr_6_1
1528 0000000000000001 sb-val_6_0
1529 0000000000000001 sb-val_6_1
1530 1 sb-full_6_0
1531 1 sb-full_6_1
1532 0 stmt_6_0_0
1533 0 stmt_6_0_1
1534 0 stmt_6_0_2
1535 0 stmt_6_0_3
1536 1 stmt_6_0_4
1537 0 stmt_6_1_0
1538 0 stmt_6_1_1
1539 1 stmt_6_1_2
1540 0 stmt_6_1_3
1541 0 stmt_6_1_4
1542 0 halt_6_0
1543 0 halt_6_1
1544[0000000000000000] 0000000000000000 heap_6
1544[0000000000000001] 0000000000000000 heap_6
1544[0011000000000000] 1111111111111111 heap_6
1544[0010000000000000] 1111111111111111 heap_6
1544[0000000000000010] 1111111111111111 heap_6
1544[0000000000000011] 1111111111111111 heap_6
1544[0000000000000100] 1111111111111111 heap_6
1545 0 exit_6
1546 0 thread_6_0
1547 0 thread_6_1
1548 0 exec_6_0_0
1549 0 exec_6_0_1
1550 0 exec_6_0_2
1551 0 exec_6_0_3
1552 0 exec_6_0_4
1553 0 exec_6_1_0
1554 0 exec_6_1_1
1555 0 exec_6_1_2
1556 0 exec_6_1_3
1557 0 exec_6_1_4
1558 0 flush_6_0
1559 1 flush_6_1
1812 0000000000000000 accu_7_0
1813 0000000000000001 accu_7_1
1814 0000000000000001 mem_7_0
1815 0000000000000000 mem_7_1
1816 0000000000000000 sb-adr_7_0
1817 0000000000000001 sb-adr_7_1
1818 0000000000000001 sb-val_7_0
1819 0000000000000001 sb-val_7_1
1820 1 sb-full_7_0
1821 0 sb-full_7_1
1822 0 stmt_7_0_0
1823 0 stmt_7_0_1
1824 0 stmt_7_0_2
1825 0 stmt_7_0_3
1826 1 stmt_7_0_4
1827 0 stmt_7_1_0
1828 0 stmt_7_1_1
1829 1 stmt_7_1_2
1830 0 stmt_7_1_3
1831 0 stmt_7_1_4
1832 0 halt_7_0
1833 0 halt_7_1
1834[0000000000000000] 0000000000000000 heap_7
1834[0000000000000001] 0000000000000001 heap_7
1834[0010000000000000] 1111111111111111 heap_7
1834[0000000000000010] 1111111111111111 heap_7
1834[0011000000000000] 1111111111111111 heap_7
1834[0000000000000100] 1111111111111111 heap_7
1834[0000000000000011] 1111111111111111 heap_7
1835 0 exit_7
1836 0 thread_7_0
1837 1 thread_7_1
1838 0 exec_7_0_0
1839 0 exec_7_0_1
1840 0 exec_7_0_2
1841 0 exec_7_0_3
1842 0 exec_7_0_4
1843 0 exec_7_1_0
1844 0 exec_7_1_1
1845 1 exec_7_1_2
1846 0 exec_7_1_3
1847 0 exec_7_1_4
1848 0 flush_7_0
1849 0 flush_7_1
2102 0000000000000000 accu_8_0
2103 0000000000000001 accu_8_1
2104 0000000000000001 mem_8_0
2105 0000000000000001 mem_8_1
2106 0000000000000000 sb-adr_8_0
2107 0000000000000001 sb-adr_8_1
2108 0000000000000001 sb-val_8_0
2109 0000000000000001 sb-val_8_1
2110 1 sb-full_8_0
2111 0 sb-full_8_1
2112 0 stmt_8_0_0
2113 0 stmt_8_0_1
2114 0 stmt_8_0_2
2115 0 stmt_8_0_3
2116 1 stmt_8_0_4
2117 0 stmt_8_1_0
2118 0 stmt_8_1_1
2119 0 stmt_8_1_2
2120 1 stmt_8_1_3
2121 0 stmt_8_1_4
2122 0 halt_8_0
2123 0 halt_8_1
2124[0000000000000000] 0000000000000000 heap_8
2124[0000000000000001] 0000000000000001 heap_8
2124[0010000000000000] 1111111111111111 heap_8
2124[0000000000000010] 1111111111111111 heap_8
2124[0011000000000000] 1111111111111111 heap_8
2124[0000000000000100] 1111111111111111 heap_8
2124[0000000000000011] 1111111111111111 heap_8
2125 0 exit_8
2126 0 thread_8_0
2127 1 thread_8_1
2128 0 exec_8_0_0
2129 0 exec_8_0_1
2130 0 exec_8_0_2
2131 0 exec_8_0_3
2132 0 exec_8_0_4
2133 0 exec_8_1_0
2134 0 exec_8_1_1
2135 0 exec_8_1_2
2136 1 exec_8_1_3
2137 0 exec_8_1_4
2138 0 flush_8_0
2139 0 flush_8_1
2392 0000000000000000 accu_9_0
2393 0000000000000000 accu_9_1
2394 0000000000000001 mem_9_0
2395 0000000000000001 mem_9_1
2396 0000000000000000 sb-adr_9_0
2397 0000000000000001 sb-adr_9_1
2398 0000000000000001 sb-val_9_0
2399 0000000000000001 sb-val_9_1
2400 1 sb-full_9_0
2401 0 sb-full_9_1
2402 0 stmt_9_0_0
2403 0 stmt_9_0_1
2404 0 stmt_9_0_2
2405 0 stmt_9_0_3
2406 1 stmt_9_0_4
2407 0 stmt_9_1_0
2408 0 stmt_9_1_1
2409 0 stmt_9_1_2
2410 0 stmt_9_1_3
2411 1 stmt_9_1_4
2412 0 halt_9_0
2413 0 halt_9_1
2414[0000000000000000] 0000000000000000 heap_9
2414[0000000000000001] 0000000000000001 heap_9
2414[0010000000000000] 1111111111111111 heap_9
2414[0011000000000000] 1111111111111111 heap_9
2414[0000000000000010] 1111111111111111 heap_9
2414[0000000000000100] 1111111111111111 heap_9
2414[0000000000000011] 1111111111111111 heap_9
2415 0 exit_9
2416 0 thread_9_0
2417 0 thread_9_1
2418 0 exec_9_0_0
2419 0 exec_9_0_1
2420 0 exec_9_0_2
2421 0 exec_9_0_3
2422 0 exec_9_0_4
2423 0 exec_9_1_0
2424 0 exec_9_1_1
2425 0 exec_9_1_2
2426 0 exec_9_1_3
2427 0 exec_9_1_4
2428 1 flush_9_0
2429 0 flush_9_1
2682 0000000000000000 accu_10_0
2683 0000000000000000 accu_10_1
2684 0000000000000001 mem_10_0
2685 0000000000000001 mem_10_1
2686 0000000000000000 sb-adr_10_0
2687 0000000000000001 sb-adr_10_1
2688 0000000000000001 sb-val_10_0
2689 0000000000000001 sb-val_10_1
2690 0 sb-full_10_0
2691 0 sb-full_10_1
2692 0 stmt_10_0_0
2693 0 stmt_10_0_1
2694 0 stmt_10_0_2
2695 0 stmt_10_0_3
2696 1 stmt_10_0_4
2697 0 stmt_10_1_0
2698 0 stmt_10_1_1
2699 0 stmt_10_1_2
2700 0 stmt_10_1_3
2701 1 stmt_10_1_4
2702 0 halt_10_0
2703 0 halt_10_1
2704[0000000000000000] 0000000000000001 heap_10
2704[0000000000000001] 0000000000000001 heap_10
2704[0011000000000000] 1111111111111111 heap_10
2704[0000000000000010] 1111111111111111 heap_10
2704[0000000000000100] 1111111111111111 heap_10
2704[0010000000000000] 1111111111111111 heap_10
2704[0000000000000011] 1111111111111111 heap_10
2705 0 exit_10
2706 0 thread_10_0
2707 1 thread_10_1
2708 0 exec_10_0_0
2709 0 exec_10_0_1
2710 0 exec_10_0_2
2711 0 exec_10_0_3
2712 0 exec_10_0_4
2713 0 exec_10_1_0
2714 0 exec_10_1_1
2715 0 exec_10_1_2
2716 0 exec_10_1_3
2717 1 exec_10_1_4
2718 0 flush_10_0
2719 0 flush_10_1
2972 0000000000000000 accu_11_0
2973 0000000000000000 accu_11_1
2974 0000000000000001 mem_11_0
2975 0000000000000001 mem_11_1
2976 0000000000000000 sb-adr_11_0
2977 0000000000000001 sb-adr_11_1
2978 0000000000000001 sb-val_11_0
2979 0000000000000001 sb-val_11_1
2980 0 sb-full_11_0
2981 0 sb-full_11_1
2982 0 stmt_11_0_0
2983 0 stmt_11_0_1
2984 0 stmt_11_0_2
2985 0 stmt_11_0_3
2986 1 stmt_11_0_4
2987 0 stmt_11_1_0
2988 0 stmt_11_1_1
2989 0 stmt_11_1_2
2990 0 stmt_11_1_3
2991 0 stmt_11_1_4
2992 0 halt_11_0
2993 1 halt_11_1
2994[0000000000000001] 0000000000000001 heap_11
2994[0000000000000000] 0000000000000001 heap_11
2994[0000000000000100] 1111111111111111 heap_11
2994[0000000000000010] 1111111111111111 heap_11
2994[0011000000000000] 1111111111111111 heap_11
2994[0010000000000000] 1111111111111111 heap_11
2994[0000000000000011] 1111111111111111 heap_11
2995 0 exit_11
2996 1 thread_11_0
2997 0 thread_11_1
2998 0 exec_11_0_0
2999 0 exec_11_0_1
3000 0 exec_11_0_2
3001 0 exec_11_0_3
3002 1 exec_11_0_4
3003 0 exec_11_1_0
3004 0 exec_11_1_1
3005 0 exec_11_1_2
3006 0 exec_11_1_3
3007 0 exec_11_1_4
3008 0 flush_11_0
3009 0 flush_11_1
3262 0000000000000000 accu_12_0
3263 0000000000000000 accu_12_1
3264 0000000000000001 mem_12_0
3265 0000000000000001 mem_12_1
3266 0000000000000000 sb-adr_12_0
3267 0000000000000001 sb-adr_12_1
3268 0000000000000001 sb-val_12_0
3269 0000000000000001 sb-val_12_1
3270 0 sb-full_12_0
3271 0 sb-full_12_1
3272 0 stmt_12_0_0
3273 0 stmt_12_0_1
3274 0 stmt_12_0_2
3275 0 stmt_12_0_3
3276 0 stmt_12_0_4
3277 0 stmt_12_1_0
3278 0 stmt_12_1_1
3279 0 stmt_12_1_2
3280 0 stmt_12_1_3
3281 0 stmt_12_1_4
3282 1 halt_12_0
3283 1 halt_12_1
3284[0000000000000100] 1111111111111111 heap_12
3284[0000000000000001] 0000000000000001 heap_12
3284[0000000000000010] 1111111111111111 heap_12
3284[0000000000000000] 0000000000000001 heap_12
3284[0011000000000000] 1111111111111111 heap_12
3284[0010000000000000] 1111111111111111 heap_12
3284[0000000000000011] 1111111111111111 heap_12
3285 1 exit_12
3286 0 thread_12_0
3287 0 thread_12_1
3288 0 exec_12_0_0
3289 0 exec_12_0_1
3290 0 exec_12_0_2
3291 0 exec_12_0_3
3292 0 exec_12_0_4
3293 0 exec_12_1_0
3294 0 exec_12_1_1
3295 0 exec_12_1_2
3296 0 exec_12_1_3
3297 0 exec_12_1_4
3298 0 flush_12_0
3299 0 flush_12_1
[concubine>main] solving took 3.03279 seconds
