[litmus/run.sh] running 121: litmus/amd/8/run.sh boolector functional
[concubine>main] encoding took 0.010303 seconds
[concubine>main] generated 3348 commands
[btor>main] Boolector Version 3.2.1 master-6500a7be548fd22d8de08ec2621caec6aa97697b
[btor>main]  -std=gnu99 -W -Wall -Wextra -Wredundant-decls -O3
[btor>main] released 2020-12-08T13:56:40
[btor>main] compiled 2020-12-08T13:56:40
[btor>main] GNU 7.5.0
[btor>main] setting signal handlers
[btor>main] no time limit given
[btor>parse] assuming SMT-LIB v2 input,  parsing '<stdin>'
[btor>smt2] parsed 1136 commands in 0.00 seconds
[btor>core] calling SAT
[btor>core] found UFs, disable slice elimination
[btor>varsubst] 446 variables substituted in 0.0 seconds
[btor>embed] replaced 3 embedded constraints in 0 seconds
[btor>extract] set: 1 (2), set_inc: 0 (0), set_itoi: 0 (0), set_itoip1: 0 (0), cpy: 0 (0)
[btor>extract] extracted 1 lambdas in 0.000 seconds
[btor>merge] merged 0 lambdas in 0.00 seconds
[btor>preprocess] 1 rewriting rounds in 0.0 seconds
[btor>preprocess] simplification returned 0
[btor>slvfun] enabled core engine
[btor>sat] CaDiCaL allows both incremental and non-incremental mode
[btor>sat] initialized CaDiCaL
[btor>slvfun] 336 AIG vars, 6162 AIG ands, 4064 CNF vars, 12545 CNF clauses
[btorcore] 1 iterations, 2 lemmas, 0 ext. lemmas, vars 48, applies 19
[btor>slvfun] 336 AIG vars, 6292 AIG ands, 4130 CNF vars, 12775 CNF clauses
[btorcore] 2 iterations, 4 lemmas, 0 ext. lemmas, vars 48, applies 19
[btor>slvfun] 336 AIG vars, 6422 AIG ands, 4196 CNF vars, 13005 CNF clauses
[btorcore] 3 iterations, 5 lemmas, 0 ext. lemmas, vars 48, applies 19
[btor>slvfun] 336 AIG vars, 6487 AIG ands, 4229 CNF vars, 13120 CNF clauses
[btorcore] 4 iterations, 6 lemmas, 0 ext. lemmas, vars 48, applies 19
[btor>slvfun] 336 AIG vars, 6552 AIG ands, 4262 CNF vars, 13235 CNF clauses
[btorcore] 5 iterations, 7 lemmas, 0 ext. lemmas, vars 48, applies 19
[btor>slvfun] 336 AIG vars, 6617 AIG ands, 4295 CNF vars, 13350 CNF clauses
[btorcore] 6 iterations, 8 lemmas, 0 ext. lemmas, vars 48, applies 19
[btor>slvfun] 336 AIG vars, 6681 AIG ands, 4327 CNF vars, 13462 CNF clauses
[btorcore] 7 iterations, 9 lemmas, 0 ext. lemmas, vars 48, applies 19
[btor>slvfun] 336 AIG vars, 6745 AIG ands, 4359 CNF vars, 13574 CNF clauses
[btorcore] 8 iterations, 11 lemmas, 0 ext. lemmas, vars 48, applies 19
[btor>slvfun] 336 AIG vars, 6875 AIG ands, 4425 CNF vars, 13804 CNF clauses
[btorcore] 9 iterations, 13 lemmas, 0 ext. lemmas, vars 48, applies 19
[btor>slvfun] 336 AIG vars, 7003 AIG ands, 4489 CNF vars, 14028 CNF clauses
[btorcore] 10 iterations, 14 lemmas, 0 ext. lemmas, vars 48, applies 19
[btor>slvfun] 336 AIG vars, 7067 AIG ands, 4521 CNF vars, 14140 CNF clauses
[btorcore] 11 iterations, 15 lemmas, 0 ext. lemmas, vars 48, applies 19
[btor>slvfun] 336 AIG vars, 7131 AIG ands, 4553 CNF vars, 14252 CNF clauses
[btorcore] 12 iterations, 16 lemmas, 0 ext. lemmas, vars 48, applies 19
[btor>slvfun] 336 AIG vars, 7195 AIG ands, 4585 CNF vars, 14364 CNF clauses
[btorcore] 13 iterations, 17 lemmas, 0 ext. lemmas, vars 48, applies 19
[btor>slvfun] 336 AIG vars, 7259 AIG ands, 4617 CNF vars, 14476 CNF clauses
[btorcore] 14 iterations, 18 lemmas, 0 ext. lemmas, vars 48, applies 19
[btor>slvfun] 336 AIG vars, 7323 AIG ands, 4649 CNF vars, 14588 CNF clauses
[btorcore] 15 iterations, 24 lemmas, 0 ext. lemmas, vars 48, applies 19
[btor>slvfun] 336 AIG vars, 7413 AIG ands, 4705 CNF vars, 14773 CNF clauses
[btorcore] 16 iterations, 28 lemmas, 0 ext. lemmas, vars 48, applies 19
[btor>slvfun] 336 AIG vars, 7511 AIG ands, 4771 CNF vars, 14987 CNF clauses
[btorcore] 17 iterations, 30 lemmas, 0 ext. lemmas, vars 48, applies 19
[btor>slvfun] 336 AIG vars, 7576 AIG ands, 4804 CNF vars, 15102 CNF clauses
[btorcore] 18 iterations, 31 lemmas, 0 ext. lemmas, vars 48, applies 19
[btor>slvfun] 336 AIG vars, 7597 AIG ands, 4823 CNF vars, 15160 CNF clauses
[btorcore] 19 iterations, 34 lemmas, 0 ext. lemmas, vars 48, applies 19
[btor>slvfun] 336 AIG vars, 7665 AIG ands, 4859 CNF vars, 15284 CNF clauses
[btorcore] 20 iterations, 35 lemmas, 0 ext. lemmas, vars 48, applies 19
[btor>slvfun] 336 AIG vars, 7684 AIG ands, 4876 CNF vars, 15336 CNF clauses
[btorcore] 21 iterations, 37 lemmas, 0 ext. lemmas, vars 48, applies 19
[btor>slvfun] 336 AIG vars, 7751 AIG ands, 4911 CNF vars, 15457 CNF clauses
[btorcore] 22 iterations, 38 lemmas, 0 ext. lemmas, vars 48, applies 19
[btor>slvfun] 336 AIG vars, 7770 AIG ands, 4928 CNF vars, 15509 CNF clauses
[btorcore] 23 iterations, 40 lemmas, 0 ext. lemmas, vars 48, applies 19
[btor>slvfun] 336 AIG vars, 7837 AIG ands, 4963 CNF vars, 15630 CNF clauses
[btorcore] 24 iterations, 42 lemmas, 0 ext. lemmas, vars 48, applies 19
[btor>slvfun] 336 AIG vars, 7902 AIG ands, 4996 CNF vars, 15745 CNF clauses
[btor>core] SAT call 2 returned 10 in 0.000 seconds
sat
[btor>smt2] WARNING no 'exit' command at end of '<stdin>'
[btor>smt2] parsed 1137 commands in 0.00 seconds
[btor>parse] logic QF_AUFBV
[btor>parse] status unknown
[btor>sat] 25 SAT calls in 0.0 seconds
[btor>core] 446/95/937/217 constraints 0/0/0/217 1.0 MB
[btor>core] 0 assumptions
[btor>core] 
[btor>core] 0.61 MB allocated for nodes
[btor>core] 
[btor>core]     0 variable substitutions
[btor>core]     0 uninterpreted function substitutions
[btor>core]     0 embedded constraint substitutions
[btor>core]     0 synthesized nodes rewritten
[btor>core]     0 linear constraint equations
[btor>core]     0 gaussian eliminations in linear equations
[btor>core]     0 eliminated sliced variables
[btor>core]     0 extracted skeleton constraints
[btor>core]   516 and normalizations
[btor>core]     0 add normalizations
[btor>core]     0 mul normalizations
[btor>core]     0 lambdas merged
[btor>core]     0 static apply propagations over lambdas
[btor>core]     0 static apply propagations over updates
[btor>core]     0 beta reductions
[btor>core]     0 clone calls
[btor>core] 
[btor>core] rewrite rule cache
[btor>core]   950 cached (add) 
[btor>core]   324 cached (get)
[btor>core]   0 updated
[btor>core]   0 removed (gc)
[btor>core]   0.07 MB cache
[btor>core] 
[btor>core] bit blasting statistics:
[btor>core]       989 AIG vectors (989 max)
[btor>core]      7902 AIG ANDs (7902 max)
[btor>core]       336 AIG variables
[btor>core]      4996 CNF variables
[btor>core]     15745 CNF clauses
[btor>core]     41445 CNF literals
[btor>slvfun] 
[btor>slvfun] lemmas on demand statistics:
[btor>slvfun]   24 refinement iterations
[btor>slvfun]   42 LOD refinements
[btor>slvfun]     26 function congruence conflicts
[btor>slvfun]     16 beta reduction conflicts
[btor>slvfun]      0 extensionality lemmas
[btor>slvfun]   3.3 average lemma size
[btor>slvfun]       28 lemmas of size 3
[btor>slvfun]       14 lemmas of size 4
[btor>slvfun] 
[btor>slvfun]      42 expression evaluations
[btor>slvfun]      42 partial beta reductions
[btor>slvfun]    1350 propagations
[btor>slvfun]      50 propagations down
[btor>core] 
[btor>core] 1.1 MB
[btor>main] sat
2 0000000000000000 accu_0_0
3 0000000000000000 accu_0_1
4 0000000000000000 mem_0_0
5 0000000000000000 mem_0_1
6 0000000000000000 sb-adr_0_0
7 0000000000000000 sb-adr_0_1
8 0000000000000000 sb-val_0_0
9 0000000000000000 sb-val_0_1
10 0 sb-full_0_0
11 0 sb-full_0_1
12 1 stmt_0_0_0
13 0 stmt_0_0_1
14 0 stmt_0_0_2
15 0 stmt_0_0_3
16 0 stmt_0_0_4
17 1 stmt_0_1_0
18 0 stmt_0_1_1
19 0 stmt_0_1_2
20 0 stmt_0_1_3
21 0 stmt_0_1_4
22 0 halt_0_0
23 0 halt_0_1
24[0000000000000000] 0000000000000000 heap_0
24[0000000000000001] 0000000000000000 heap_0
25 0 exit_0
26 0000000000000000 exit-code
27 1 thread_0_0
28 0 thread_0_1
29 1 exec_0_0_0
30 0 exec_0_0_1
31 0 exec_0_0_2
32 0 exec_0_0_3
33 0 exec_0_0_4
34 0 exec_0_1_0
35 0 exec_0_1_1
36 0 exec_0_1_2
37 0 exec_0_1_3
38 0 exec_0_1_4
39 0 flush_0_0
40 0 flush_0_1
103 0000000000000001 accu_1_0
104 0000000000000000 accu_1_1
105 0000000000000000 mem_1_0
106 0000000000000000 mem_1_1
107 0000000000000000 sb-adr_1_0
108 0000000000000000 sb-adr_1_1
109 0000000000000000 sb-val_1_0
110 0000000000000000 sb-val_1_1
111 0 sb-full_1_0
112 0 sb-full_1_1
113 0 stmt_1_0_0
114 1 stmt_1_0_1
115 0 stmt_1_0_2
116 0 stmt_1_0_3
117 0 stmt_1_0_4
118 1 stmt_1_1_0
119 0 stmt_1_1_1
120 0 stmt_1_1_2
121 0 stmt_1_1_3
122 0 stmt_1_1_4
123 0 halt_1_0
124 0 halt_1_1
125[0000000000000000] 0000000000000000 heap_1
125[0000000000000001] 0000000000000000 heap_1
126 0 exit_1
127 0 thread_1_0
128 1 thread_1_1
129 0 exec_1_0_0
130 0 exec_1_0_1
131 0 exec_1_0_2
132 0 exec_1_0_3
133 0 exec_1_0_4
134 1 exec_1_1_0
135 0 exec_1_1_1
136 0 exec_1_1_2
137 0 exec_1_1_3
138 0 exec_1_1_4
139 0 flush_1_0
140 0 flush_1_1
233 0000000000000001 accu_2_0
234 0000000000000001 accu_2_1
235 0000000000000000 mem_2_0
236 0000000000000000 mem_2_1
237 0000000000000000 sb-adr_2_0
238 0000000000000000 sb-adr_2_1
239 0000000000000000 sb-val_2_0
240 0000000000000000 sb-val_2_1
241 0 sb-full_2_0
242 0 sb-full_2_1
243 0 stmt_2_0_0
244 1 stmt_2_0_1
245 0 stmt_2_0_2
246 0 stmt_2_0_3
247 0 stmt_2_0_4
248 0 stmt_2_1_0
249 1 stmt_2_1_1
250 0 stmt_2_1_2
251 0 stmt_2_1_3
252 0 stmt_2_1_4
253 0 halt_2_0
254 0 halt_2_1
255[0000000000000000] 0000000000000000 heap_2
255[0000000000000001] 0000000000000000 heap_2
256 0 exit_2
257 0 thread_2_0
258 1 thread_2_1
259 0 exec_2_0_0
260 0 exec_2_0_1
261 0 exec_2_0_2
262 0 exec_2_0_3
263 0 exec_2_0_4
264 0 exec_2_1_0
265 1 exec_2_1_1
266 0 exec_2_1_2
267 0 exec_2_1_3
268 0 exec_2_1_4
269 0 flush_2_0
270 0 flush_2_1
391 0000000000000001 accu_3_0
392 0000000000000001 accu_3_1
393 0000000000000000 mem_3_0
394 0000000000000000 mem_3_1
395 0000000000000000 sb-adr_3_0
396 0000000000000001 sb-adr_3_1
397 0000000000000000 sb-val_3_0
398 0000000000000001 sb-val_3_1
399 0 sb-full_3_0
400 1 sb-full_3_1
401 0 stmt_3_0_0
402 1 stmt_3_0_1
403 0 stmt_3_0_2
404 0 stmt_3_0_3
405 0 stmt_3_0_4
406 0 stmt_3_1_0
407 0 stmt_3_1_1
408 1 stmt_3_1_2
409 0 stmt_3_1_3
410 0 stmt_3_1_4
411 0 halt_3_0
412 0 halt_3_1
413[0000000000000000] 0000000000000000 heap_3
413[0000000000000001] 0000000000000000 heap_3
414 0 exit_3
415 1 thread_3_0
416 0 thread_3_1
417 0 exec_3_0_0
418 1 exec_3_0_1
419 0 exec_3_0_2
420 0 exec_3_0_3
421 0 exec_3_0_4
422 0 exec_3_1_0
423 0 exec_3_1_1
424 0 exec_3_1_2
425 0 exec_3_1_3
426 0 exec_3_1_4
427 0 flush_3_0
428 0 flush_3_1
557 0000000000000001 accu_4_0
558 0000000000000001 accu_4_1
559 0000000000000000 mem_4_0
560 0000000000000000 mem_4_1
561 0000000000000000 sb-adr_4_0
562 0000000000000001 sb-adr_4_1
563 0000000000000001 sb-val_4_0
564 0000000000000001 sb-val_4_1
565 1 sb-full_4_0
566 1 sb-full_4_1
567 0 stmt_4_0_0
568 0 stmt_4_0_1
569 1 stmt_4_0_2
570 0 stmt_4_0_3
571 0 stmt_4_0_4
572 0 stmt_4_1_0
573 0 stmt_4_1_1
574 1 stmt_4_1_2
575 0 stmt_4_1_3
576 0 stmt_4_1_4
577 0 halt_4_0
578 0 halt_4_1
579[0000000000000000] 0000000000000000 heap_4
579[0000000000000001] 0000000000000000 heap_4
580 0 exit_4
581 1 thread_4_0
582 0 thread_4_1
583 0 exec_4_0_0
584 0 exec_4_0_1
585 1 exec_4_0_2
586 0 exec_4_0_3
587 0 exec_4_0_4
588 0 exec_4_1_0
589 0 exec_4_1_1
590 0 exec_4_1_2
591 0 exec_4_1_3
592 0 exec_4_1_4
593 0 flush_4_0
594 0 flush_4_1
731 0000000000000001 accu_5_0
732 0000000000000001 accu_5_1
733 0000000000000001 mem_5_0
734 0000000000000000 mem_5_1
735 0000000000000000 sb-adr_5_0
736 0000000000000001 sb-adr_5_1
737 0000000000000001 sb-val_5_0
738 0000000000000001 sb-val_5_1
739 1 sb-full_5_0
740 1 sb-full_5_1
741 0 stmt_5_0_0
742 0 stmt_5_0_1
743 0 stmt_5_0_2
744 1 stmt_5_0_3
745 0 stmt_5_0_4
746 0 stmt_5_1_0
747 0 stmt_5_1_1
748 1 stmt_5_1_2
749 0 stmt_5_1_3
750 0 stmt_5_1_4
751 0 halt_5_0
752 0 halt_5_1
753[0000000000000000] 0000000000000000 heap_5
753[0000000000000001] 0000000000000000 heap_5
754 0 exit_5
755 1 thread_5_0
756 0 thread_5_1
757 0 exec_5_0_0
758 0 exec_5_0_1
759 0 exec_5_0_2
760 1 exec_5_0_3
761 0 exec_5_0_4
762 0 exec_5_1_0
763 0 exec_5_1_1
764 0 exec_5_1_2
765 0 exec_5_1_3
766 0 exec_5_1_4
767 0 flush_5_0
768 0 flush_5_1
909 0000000000000000 accu_6_0
910 0000000000000001 accu_6_1
911 0000000000000001 mem_6_0
912 0000000000000000 mem_6_1
913 0000000000000000 sb-adr_6_0
914 0000000000000001 sb-adr_6_1
915 0000000000000001 sb-val_6_0
916 0000000000000001 sb-val_6_1
917 1 sb-full_6_0
918 1 sb-full_6_1
919 0 stmt_6_0_0
920 0 stmt_6_0_1
921 0 stmt_6_0_2
922 0 stmt_6_0_3
923 1 stmt_6_0_4
924 0 stmt_6_1_0
925 0 stmt_6_1_1
926 1 stmt_6_1_2
927 0 stmt_6_1_3
928 0 stmt_6_1_4
929 0 halt_6_0
930 0 halt_6_1
931[0000000000000000] 0000000000000000 heap_6
931[0000000000000001] 0000000000000000 heap_6
932 0 exit_6
933 0 thread_6_0
934 0 thread_6_1
935 0 exec_6_0_0
936 0 exec_6_0_1
937 0 exec_6_0_2
938 0 exec_6_0_3
939 0 exec_6_0_4
940 0 exec_6_1_0
941 0 exec_6_1_1
942 0 exec_6_1_2
943 0 exec_6_1_3
944 0 exec_6_1_4
945 0 flush_6_0
946 1 flush_6_1
1087 0000000000000000 accu_7_0
1088 0000000000000001 accu_7_1
1089 0000000000000001 mem_7_0
1090 0000000000000000 mem_7_1
1091 0000000000000000 sb-adr_7_0
1092 0000000000000001 sb-adr_7_1
1093 0000000000000001 sb-val_7_0
1094 0000000000000001 sb-val_7_1
1095 1 sb-full_7_0
1096 0 sb-full_7_1
1097 0 stmt_7_0_0
1098 0 stmt_7_0_1
1099 0 stmt_7_0_2
1100 0 stmt_7_0_3
1101 1 stmt_7_0_4
1102 0 stmt_7_1_0
1103 0 stmt_7_1_1
1104 1 stmt_7_1_2
1105 0 stmt_7_1_3
1106 0 stmt_7_1_4
1107 0 halt_7_0
1108 0 halt_7_1
1109[0000000000000000] 0000000000000000 heap_7
1109[0000000000000001] 0000000000000001 heap_7
1110 0 exit_7
1111 0 thread_7_0
1112 1 thread_7_1
1113 0 exec_7_0_0
1114 0 exec_7_0_1
1115 0 exec_7_0_2
1116 0 exec_7_0_3
1117 0 exec_7_0_4
1118 0 exec_7_1_0
1119 0 exec_7_1_1
1120 1 exec_7_1_2
1121 0 exec_7_1_3
1122 0 exec_7_1_4
1123 0 flush_7_0
1124 0 flush_7_1
1265 0000000000000000 accu_8_0
1266 0000000000000001 accu_8_1
1267 0000000000000001 mem_8_0
1268 0000000000000001 mem_8_1
1269 0000000000000000 sb-adr_8_0
1270 0000000000000001 sb-adr_8_1
1271 0000000000000001 sb-val_8_0
1272 0000000000000001 sb-val_8_1
1273 1 sb-full_8_0
1274 0 sb-full_8_1
1275 0 stmt_8_0_0
1276 0 stmt_8_0_1
1277 0 stmt_8_0_2
1278 0 stmt_8_0_3
1279 1 stmt_8_0_4
1280 0 stmt_8_1_0
1281 0 stmt_8_1_1
1282 0 stmt_8_1_2
1283 1 stmt_8_1_3
1284 0 stmt_8_1_4
1285 0 halt_8_0
1286 0 halt_8_1
1287[0000000000000000] 0000000000000000 heap_8
1287[0000000000000001] 0000000000000001 heap_8
1288 0 exit_8
1289 0 thread_8_0
1290 1 thread_8_1
1291 0 exec_8_0_0
1292 0 exec_8_0_1
1293 0 exec_8_0_2
1294 0 exec_8_0_3
1295 0 exec_8_0_4
1296 0 exec_8_1_0
1297 0 exec_8_1_1
1298 0 exec_8_1_2
1299 1 exec_8_1_3
1300 0 exec_8_1_4
1301 0 flush_8_0
1302 0 flush_8_1
1443 0000000000000000 accu_9_0
1444 0000000000000000 accu_9_1
1445 0000000000000001 mem_9_0
1446 0000000000000001 mem_9_1
1447 0000000000000000 sb-adr_9_0
1448 0000000000000001 sb-adr_9_1
1449 0000000000000001 sb-val_9_0
1450 0000000000000001 sb-val_9_1
1451 1 sb-full_9_0
1452 0 sb-full_9_1
1453 0 stmt_9_0_0
1454 0 stmt_9_0_1
1455 0 stmt_9_0_2
1456 0 stmt_9_0_3
1457 1 stmt_9_0_4
1458 0 stmt_9_1_0
1459 0 stmt_9_1_1
1460 0 stmt_9_1_2
1461 0 stmt_9_1_3
1462 1 stmt_9_1_4
1463 0 halt_9_0
1464 0 halt_9_1
1465[0000000000000000] 0000000000000000 heap_9
1465[0000000000000001] 0000000000000001 heap_9
1466 0 exit_9
1467 0 thread_9_0
1468 1 thread_9_1
1469 0 exec_9_0_0
1470 0 exec_9_0_1
1471 0 exec_9_0_2
1472 0 exec_9_0_3
1473 0 exec_9_0_4
1474 0 exec_9_1_0
1475 0 exec_9_1_1
1476 0 exec_9_1_2
1477 0 exec_9_1_3
1478 1 exec_9_1_4
1479 0 flush_9_0
1480 0 flush_9_1
1621 0000000000000000 accu_10_0
1622 0000000000000000 accu_10_1
1623 0000000000000001 mem_10_0
1624 0000000000000001 mem_10_1
1625 0000000000000000 sb-adr_10_0
1626 0000000000000001 sb-adr_10_1
1627 0000000000000001 sb-val_10_0
1628 0000000000000001 sb-val_10_1
1629 1 sb-full_10_0
1630 0 sb-full_10_1
1631 0 stmt_10_0_0
1632 0 stmt_10_0_1
1633 0 stmt_10_0_2
1634 0 stmt_10_0_3
1635 1 stmt_10_0_4
1636 0 stmt_10_1_0
1637 0 stmt_10_1_1
1638 0 stmt_10_1_2
1639 0 stmt_10_1_3
1640 0 stmt_10_1_4
1641 0 halt_10_0
1642 1 halt_10_1
1643[0000000000000000] 0000000000000000 heap_10
1643[0000000000000001] 0000000000000001 heap_10
1644 0 exit_10
1645 0 thread_10_0
1646 0 thread_10_1
1647 0 exec_10_0_0
1648 0 exec_10_0_1
1649 0 exec_10_0_2
1650 0 exec_10_0_3
1651 0 exec_10_0_4
1652 0 exec_10_1_0
1653 0 exec_10_1_1
1654 0 exec_10_1_2
1655 0 exec_10_1_3
1656 0 exec_10_1_4
1657 1 flush_10_0
1658 0 flush_10_1
1799 0000000000000000 accu_11_0
1800 0000000000000000 accu_11_1
1801 0000000000000001 mem_11_0
1802 0000000000000001 mem_11_1
1803 0000000000000000 sb-adr_11_0
1804 0000000000000001 sb-adr_11_1
1805 0000000000000001 sb-val_11_0
1806 0000000000000001 sb-val_11_1
1807 0 sb-full_11_0
1808 0 sb-full_11_1
1809 0 stmt_11_0_0
1810 0 stmt_11_0_1
1811 0 stmt_11_0_2
1812 0 stmt_11_0_3
1813 1 stmt_11_0_4
1814 0 stmt_11_1_0
1815 0 stmt_11_1_1
1816 0 stmt_11_1_2
1817 0 stmt_11_1_3
1818 0 stmt_11_1_4
1819 0 halt_11_0
1820 1 halt_11_1
1821[0000000000000000] 0000000000000001 heap_11
1821[0000000000000001] 0000000000000001 heap_11
1822 0 exit_11
1823 1 thread_11_0
1824 0 thread_11_1
1825 0 exec_11_0_0
1826 0 exec_11_0_1
1827 0 exec_11_0_2
1828 0 exec_11_0_3
1829 1 exec_11_0_4
1830 0 exec_11_1_0
1831 0 exec_11_1_1
1832 0 exec_11_1_2
1833 0 exec_11_1_3
1834 0 exec_11_1_4
1835 0 flush_11_0
1836 0 flush_11_1
1977 0000000000000000 accu_12_0
1978 0000000000000000 accu_12_1
1979 0000000000000001 mem_12_0
1980 0000000000000001 mem_12_1
1981 0000000000000000 sb-adr_12_0
1982 0000000000000001 sb-adr_12_1
1983 0000000000000001 sb-val_12_0
1984 0000000000000001 sb-val_12_1
1985 0 sb-full_12_0
1986 0 sb-full_12_1
1987 0 stmt_12_0_0
1988 0 stmt_12_0_1
1989 0 stmt_12_0_2
1990 0 stmt_12_0_3
1991 0 stmt_12_0_4
1992 0 stmt_12_1_0
1993 0 stmt_12_1_1
1994 0 stmt_12_1_2
1995 0 stmt_12_1_3
1996 0 stmt_12_1_4
1997 1 halt_12_0
1998 1 halt_12_1
1999[0000000000000000] 0000000000000001 heap_12
1999[0000000000000001] 0000000000000001 heap_12
2000 1 exit_12
2001 0 thread_12_0
2002 0 thread_12_1
2003 0 exec_12_0_0
2004 0 exec_12_0_1
2005 0 exec_12_0_2
2006 0 exec_12_0_3
2007 0 exec_12_0_4
2008 0 exec_12_1_0
2009 0 exec_12_1_1
2010 0 exec_12_1_2
2011 0 exec_12_1_3
2012 0 exec_12_1_4
2013 0 flush_12_0
2014 0 flush_12_1
[concubine>main] solving took 0.106541 seconds
