[runlim] version:		1.21
[runlim] host:			c3n13
[runlim] time limit:		86400 seconds
[runlim] real time limit:	86400 seconds
[runlim] space limit:		8000 MB
[runlim] argv[0]:		concubine
[runlim] argv[1]:		solve
[runlim] argv[2]:		-v
[runlim] argv[3]:		-s
[runlim] argv[4]:		cvc4
[runlim] argv[5]:		-e
[runlim] argv[6]:		smtlib
[runlim] argv[7]:		-m
[runlim] argv[8]:		init.mmap
[runlim] argv[9]:		-o
[runlim] argv[10]:		cvc4-functional
[runlim] argv[11]:		185
[runlim] argv[12]:		count_stat.cas.0.asm
[runlim] argv[13]:		count_stat.cas.1.asm
[runlim] argv[14]:		count_stat.cas.2.asm
[runlim] argv[15]:		count_stat.checker.asm
[runlim] start:			Thu Dec 10 16:20:28 2020
[runlim] child:			30801
[runlim] sample:		0.46 time, 10.01 real, 12 MB
[runlim] sample:		0.46 time, 20.01 real, 12 MB
[runlim] sample:		0.46 time, 30.01 real, 12 MB
[runlim] sample:		0.46 time, 40.01 real, 12 MB
[runlim] sample:		0.46 time, 50.01 real, 12 MB
[runlim] sample:		0.46 time, 60.01 real, 12 MB
[runlim] sample:		0.46 time, 70.01 real, 12 MB
[runlim] sample:		0.46 time, 80.01 real, 12 MB
[runlim] sample:		0.46 time, 90.01 real, 12 MB
[runlim] sample:		0.46 time, 100.01 real, 12 MB
[runlim] sample:		0.46 time, 110.01 real, 12 MB
[runlim] sample:		0.46 time, 120.01 real, 12 MB
[runlim] sample:		0.46 time, 130.01 real, 12 MB
[runlim] sample:		0.46 time, 140.01 real, 12 MB
[runlim] sample:		0.46 time, 150.01 real, 12 MB
[runlim] sample:		0.46 time, 160.01 real, 12 MB
[runlim] sample:		0.46 time, 170.01 real, 12 MB
[runlim] sample:		0.46 time, 180.01 real, 12 MB
[runlim] sample:		0.46 time, 190.01 real, 12 MB
[runlim] sample:		0.46 time, 200.01 real, 12 MB
[runlim] sample:		0.46 time, 210.01 real, 12 MB
[runlim] sample:		0.46 time, 220.01 real, 12 MB
[runlim] sample:		0.46 time, 230.01 real, 12 MB
[runlim] sample:		0.46 time, 240.01 real, 12 MB
[runlim] sample:		0.46 time, 250.01 real, 12 MB
[runlim] sample:		0.46 time, 260.01 real, 12 MB
[runlim] sample:		0.46 time, 270.01 real, 12 MB
[runlim] sample:		0.46 time, 280.01 real, 12 MB
[runlim] sample:		0.46 time, 290.01 real, 12 MB
[runlim] sample:		0.46 time, 300.01 real, 12 MB
[runlim] sample:		0.46 time, 310.01 real, 12 MB
[runlim] sample:		0.46 time, 320.01 real, 12 MB
[runlim] sample:		0.46 time, 330.01 real, 12 MB
[runlim] sample:		0.46 time, 340.01 real, 12 MB
[runlim] sample:		0.46 time, 350.01 real, 12 MB
[runlim] sample:		0.46 time, 360.01 real, 12 MB
[runlim] sample:		0.46 time, 370.01 real, 12 MB
[runlim] sample:		0.46 time, 380.01 real, 12 MB
[runlim] sample:		0.46 time, 390.01 real, 12 MB
[runlim] sample:		0.46 time, 400.01 real, 12 MB
[runlim] sample:		0.46 time, 410.01 real, 12 MB
[runlim] sample:		0.46 time, 420.01 real, 12 MB
[runlim] sample:		0.46 time, 430.01 real, 12 MB
[runlim] sample:		0.46 time, 440.01 real, 12 MB
[runlim] sample:		0.46 time, 450.01 real, 12 MB
[runlim] sample:		0.46 time, 460.01 real, 12 MB
[runlim] sample:		0.46 time, 470.01 real, 12 MB
[runlim] sample:		0.46 time, 480.01 real, 12 MB
[runlim] sample:		0.46 time, 490.01 real, 12 MB
[runlim] sample:		0.46 time, 500.01 real, 12 MB
[runlim] sample:		0.46 time, 510.01 real, 12 MB
[runlim] sample:		0.46 time, 520.01 real, 12 MB
[runlim] sample:		0.46 time, 530.01 real, 12 MB
[runlim] sample:		0.46 time, 540.01 real, 12 MB
[runlim] sample:		0.46 time, 550.01 real, 12 MB
[runlim] sample:		0.46 time, 560.01 real, 12 MB
[runlim] sample:		0.46 time, 570.01 real, 12 MB
[runlim] sample:		0.46 time, 580.01 real, 12 MB
[runlim] sample:		0.46 time, 590.01 real, 12 MB
[runlim] sample:		0.46 time, 600.01 real, 12 MB
[runlim] sample:		0.46 time, 610.01 real, 12 MB
[runlim] sample:		0.46 time, 620.01 real, 12 MB
[runlim] sample:		0.46 time, 630.01 real, 12 MB
[runlim] sample:		0.46 time, 640.01 real, 12 MB
[runlim] sample:		0.46 time, 650.01 real, 12 MB
[runlim] sample:		0.46 time, 660.01 real, 12 MB
[runlim] sample:		0.46 time, 670.01 real, 12 MB
[runlim] sample:		0.46 time, 680.01 real, 12 MB
[runlim] sample:		0.46 time, 690.01 real, 12 MB
[runlim] sample:		0.46 time, 700.01 real, 12 MB
[runlim] sample:		0.46 time, 710.01 real, 12 MB
[runlim] sample:		0.46 time, 720.01 real, 12 MB
[runlim] sample:		0.46 time, 730.01 real, 12 MB
[runlim] sample:		0.46 time, 740.01 real, 12 MB
[runlim] sample:		0.46 time, 750.01 real, 12 MB
[runlim] sample:		0.46 time, 760.01 real, 12 MB
[runlim] sample:		0.46 time, 770.01 real, 12 MB
[runlim] sample:		0.46 time, 780.01 real, 12 MB
[runlim] sample:		0.46 time, 790.01 real, 12 MB
[runlim] sample:		0.46 time, 800.01 real, 12 MB
[runlim] sample:		0.46 time, 810.01 real, 12 MB
[runlim] sample:		0.46 time, 820.01 real, 12 MB
[runlim] sample:		0.46 time, 830.01 real, 12 MB
[runlim] sample:		0.46 time, 840.01 real, 12 MB
[runlim] sample:		0.46 time, 850.01 real, 12 MB
[runlim] sample:		0.46 time, 860.01 real, 12 MB
[runlim] sample:		0.46 time, 870.01 real, 12 MB
[runlim] sample:		0.46 time, 880.01 real, 12 MB
[runlim] sample:		0.46 time, 890.01 real, 12 MB
[runlim] sample:		0.46 time, 900.01 real, 12 MB
[runlim] sample:		0.46 time, 910.01 real, 12 MB
[runlim] sample:		0.46 time, 920.01 real, 12 MB
[runlim] sample:		0.46 time, 930.01 real, 12 MB
[runlim] sample:		0.46 time, 940.01 real, 12 MB
[runlim] sample:		0.46 time, 950.01 real, 12 MB
[runlim] sample:		0.46 time, 960.01 real, 12 MB
[runlim] sample:		0.46 time, 970.01 real, 12 MB
[runlim] sample:		0.46 time, 980.01 real, 12 MB
[runlim] sample:		0.46 time, 990.01 real, 12 MB
[runlim] sample:		0.46 time, 1000.01 real, 12 MB
[runlim] sample:		0.46 time, 1010.01 real, 12 MB
[runlim] sample:		0.46 time, 1020.01 real, 12 MB
[runlim] sample:		0.46 time, 1030.01 real, 12 MB
[runlim] sample:		0.46 time, 1040.01 real, 12 MB
[runlim] sample:		0.46 time, 1050.01 real, 12 MB
[runlim] sample:		0.46 time, 1060.01 real, 12 MB
[runlim] sample:		0.46 time, 1070.01 real, 12 MB
[runlim] sample:		0.46 time, 1080.01 real, 12 MB
[runlim] sample:		0.46 time, 1090.01 real, 12 MB
[runlim] sample:		0.46 time, 1100.01 real, 12 MB
[runlim] sample:		0.46 time, 1110.01 real, 12 MB
[runlim] sample:		0.46 time, 1120.01 real, 12 MB
[runlim] sample:		0.46 time, 1130.01 real, 12 MB
[runlim] sample:		0.46 time, 1140.01 real, 12 MB
[runlim] sample:		0.46 time, 1150.01 real, 12 MB
[runlim] sample:		0.46 time, 1160.01 real, 12 MB
[runlim] sample:		0.46 time, 1170.01 real, 12 MB
[runlim] sample:		0.46 time, 1180.01 real, 12 MB
[runlim] sample:		0.46 time, 1190.01 real, 12 MB
[runlim] sample:		0.46 time, 1200.01 real, 12 MB
[runlim] sample:		0.46 time, 1210.01 real, 12 MB
[runlim] sample:		0.46 time, 1220.01 real, 12 MB
[runlim] sample:		0.46 time, 1230.01 real, 12 MB
[runlim] sample:		0.46 time, 1240.01 real, 12 MB
[runlim] sample:		0.46 time, 1250.01 real, 12 MB
[runlim] sample:		0.46 time, 1260.01 real, 12 MB
[runlim] sample:		0.46 time, 1270.01 real, 12 MB
[runlim] sample:		0.46 time, 1280.01 real, 12 MB
[runlim] sample:		0.46 time, 1290.01 real, 12 MB
[runlim] sample:		0.46 time, 1300.01 real, 12 MB
[runlim] sample:		0.46 time, 1310.01 real, 12 MB
[runlim] sample:		0.46 time, 1320.01 real, 12 MB
[runlim] sample:		0.46 time, 1330.01 real, 12 MB
[runlim] sample:		0.46 time, 1340.01 real, 12 MB
[runlim] sample:		0.46 time, 1350.01 real, 12 MB
[runlim] sample:		0.46 time, 1360.01 real, 12 MB
[runlim] sample:		0.46 time, 1370.01 real, 12 MB
[runlim] sample:		0.46 time, 1380.01 real, 12 MB
[runlim] sample:		0.46 time, 1390.01 real, 12 MB
[runlim] sample:		0.46 time, 1400.01 real, 12 MB
[runlim] sample:		0.46 time, 1410.01 real, 12 MB
[runlim] sample:		0.46 time, 1420.01 real, 12 MB
[runlim] sample:		0.46 time, 1430.01 real, 12 MB
[runlim] sample:		0.46 time, 1440.01 real, 12 MB
[runlim] sample:		0.46 time, 1450.01 real, 12 MB
[runlim] sample:		0.46 time, 1460.01 real, 12 MB
[runlim] sample:		0.46 time, 1470.01 real, 12 MB
[runlim] sample:		0.46 time, 1480.01 real, 12 MB
[runlim] sample:		0.46 time, 1490.01 real, 12 MB
[runlim] sample:		0.46 time, 1500.01 real, 12 MB
[runlim] sample:		0.46 time, 1510.01 real, 12 MB
[runlim] sample:		0.46 time, 1520.01 real, 12 MB
[runlim] sample:		0.46 time, 1530.01 real, 12 MB
[runlim] sample:		0.46 time, 1540.01 real, 12 MB
[runlim] sample:		0.46 time, 1550.01 real, 12 MB
[runlim] sample:		0.46 time, 1560.01 real, 12 MB
[runlim] sample:		0.46 time, 1570.01 real, 12 MB
[runlim] sample:		0.46 time, 1580.01 real, 12 MB
[runlim] sample:		0.46 time, 1590.01 real, 12 MB
[runlim] sample:		0.46 time, 1600.01 real, 12 MB
[runlim] sample:		0.46 time, 1610.01 real, 12 MB
[runlim] sample:		0.46 time, 1620.01 real, 12 MB
[runlim] sample:		0.46 time, 1630.01 real, 12 MB
[runlim] sample:		0.46 time, 1640.01 real, 12 MB
[runlim] sample:		0.46 time, 1650.01 real, 12 MB
[runlim] sample:		0.46 time, 1660.01 real, 12 MB
[runlim] sample:		0.46 time, 1670.01 real, 12 MB
[runlim] sample:		0.46 time, 1680.01 real, 12 MB
[runlim] sample:		0.46 time, 1690.01 real, 12 MB
[runlim] sample:		0.46 time, 1700.01 real, 12 MB
[runlim] sample:		0.46 time, 1710.01 real, 12 MB
[runlim] sample:		0.46 time, 1720.01 real, 12 MB
[runlim] sample:		0.46 time, 1730.01 real, 12 MB
[runlim] sample:		0.46 time, 1740.01 real, 12 MB
[runlim] sample:		0.46 time, 1750.01 real, 12 MB
[runlim] sample:		0.46 time, 1760.01 real, 12 MB
[runlim] sample:		0.46 time, 1770.01 real, 12 MB
[runlim] sample:		0.46 time, 1780.01 real, 12 MB
[runlim] sample:		0.46 time, 1790.01 real, 12 MB
[runlim] sample:		0.46 time, 1800.01 real, 12 MB
[runlim] sample:		0.46 time, 1810.01 real, 12 MB
[runlim] sample:		0.46 time, 1820.01 real, 12 MB
[runlim] sample:		0.46 time, 1830.01 real, 12 MB
[runlim] sample:		0.46 time, 1840.01 real, 12 MB
[runlim] sample:		0.46 time, 1850.01 real, 12 MB
[runlim] sample:		0.46 time, 1860.01 real, 12 MB
[runlim] sample:		0.46 time, 1870.01 real, 12 MB
[runlim] sample:		0.46 time, 1880.01 real, 12 MB
[runlim] sample:		0.46 time, 1890.01 real, 12 MB
[runlim] sample:		0.46 time, 1900.01 real, 12 MB
[runlim] sample:		0.46 time, 1910.01 real, 12 MB
[runlim] sample:		0.46 time, 1920.01 real, 12 MB
[runlim] sample:		0.46 time, 1930.01 real, 12 MB
[runlim] sample:		0.46 time, 1940.01 real, 12 MB
[runlim] sample:		0.46 time, 1950.01 real, 12 MB
[runlim] sample:		0.46 time, 1960.01 real, 12 MB
[runlim] sample:		0.46 time, 1970.01 real, 12 MB
[runlim] sample:		0.46 time, 1980.01 real, 12 MB
[runlim] sample:		0.46 time, 1990.01 real, 12 MB
[runlim] sample:		0.46 time, 2000.01 real, 12 MB
[runlim] sample:		0.46 time, 2010.01 real, 12 MB
[runlim] sample:		0.46 time, 2020.01 real, 12 MB
[runlim] sample:		0.46 time, 2030.01 real, 12 MB
[runlim] sample:		0.46 time, 2040.01 real, 12 MB
[runlim] sample:		0.46 time, 2050.01 real, 12 MB
[runlim] sample:		0.46 time, 2060.01 real, 12 MB
[runlim] sample:		0.46 time, 2070.01 real, 12 MB
[runlim] sample:		0.46 time, 2080.01 real, 12 MB
[runlim] sample:		0.46 time, 2090.01 real, 12 MB
[runlim] sample:		0.46 time, 2100.01 real, 12 MB
[runlim] sample:		0.46 time, 2110.01 real, 12 MB
[runlim] sample:		0.46 time, 2120.01 real, 12 MB
[runlim] sample:		0.46 time, 2130.01 real, 12 MB
[runlim] sample:		0.46 time, 2140.01 real, 12 MB
[runlim] sample:		0.46 time, 2150.01 real, 12 MB
[runlim] sample:		0.46 time, 2160.01 real, 12 MB
[runlim] sample:		0.46 time, 2170.01 real, 12 MB
[runlim] sample:		0.46 time, 2180.01 real, 12 MB
[runlim] sample:		0.46 time, 2190.01 real, 12 MB
[runlim] sample:		0.46 time, 2200.01 real, 12 MB
[runlim] sample:		0.46 time, 2210.01 real, 12 MB
[runlim] sample:		0.46 time, 2220.01 real, 12 MB
[runlim] sample:		0.46 time, 2230.01 real, 12 MB
[runlim] sample:		0.46 time, 2240.01 real, 12 MB
[runlim] sample:		0.46 time, 2250.01 real, 12 MB
[runlim] sample:		0.46 time, 2260.01 real, 12 MB
[runlim] sample:		0.46 time, 2270.01 real, 12 MB
[runlim] sample:		0.46 time, 2280.01 real, 12 MB
[runlim] sample:		0.46 time, 2290.01 real, 12 MB
[runlim] sample:		0.46 time, 2300.01 real, 12 MB
[runlim] sample:		0.46 time, 2310.01 real, 12 MB
[runlim] sample:		0.46 time, 2320.01 real, 12 MB
[runlim] sample:		0.46 time, 2330.01 real, 12 MB
[runlim] sample:		0.46 time, 2340.01 real, 12 MB
[runlim] sample:		0.46 time, 2350.01 real, 12 MB
[runlim] sample:		0.46 time, 2360.01 real, 12 MB
[runlim] sample:		0.46 time, 2370.01 real, 12 MB
[runlim] sample:		0.46 time, 2380.01 real, 12 MB
[runlim] sample:		0.46 time, 2390.01 real, 12 MB
[runlim] sample:		0.46 time, 2400.01 real, 12 MB
[runlim] sample:		0.46 time, 2410.01 real, 12 MB
[runlim] sample:		0.46 time, 2420.01 real, 12 MB
[runlim] sample:		0.46 time, 2430.01 real, 12 MB
[runlim] sample:		0.46 time, 2440.01 real, 12 MB
[runlim] sample:		0.46 time, 2450.01 real, 12 MB
[runlim] sample:		0.46 time, 2460.01 real, 12 MB
[runlim] sample:		0.46 time, 2470.01 real, 12 MB
[runlim] sample:		0.46 time, 2480.01 real, 12 MB
[runlim] sample:		0.46 time, 2490.01 real, 12 MB
[runlim] sample:		0.46 time, 2500.01 real, 12 MB
[runlim] sample:		0.46 time, 2510.01 real, 12 MB
[runlim] sample:		0.46 time, 2520.01 real, 12 MB
[runlim] sample:		0.46 time, 2530.01 real, 12 MB
[runlim] sample:		0.46 time, 2540.01 real, 12 MB
[runlim] sample:		0.46 time, 2550.01 real, 12 MB
[runlim] sample:		0.46 time, 2560.01 real, 12 MB
[runlim] sample:		0.46 time, 2570.01 real, 12 MB
[runlim] sample:		0.46 time, 2580.01 real, 12 MB
[runlim] sample:		0.46 time, 2590.01 real, 12 MB
[runlim] sample:		0.46 time, 2600.01 real, 12 MB
[runlim] sample:		0.46 time, 2610.01 real, 12 MB
[runlim] sample:		0.46 time, 2620.01 real, 12 MB
[runlim] sample:		0.46 time, 2630.01 real, 12 MB
[runlim] sample:		0.46 time, 2640.01 real, 12 MB
[runlim] sample:		0.46 time, 2650.01 real, 12 MB
[runlim] sample:		0.46 time, 2660.01 real, 12 MB
[runlim] sample:		0.46 time, 2670.01 real, 12 MB
[runlim] sample:		0.46 time, 2680.01 real, 12 MB
[runlim] sample:		0.46 time, 2690.01 real, 12 MB
[runlim] sample:		0.46 time, 2700.01 real, 12 MB
[runlim] sample:		0.46 time, 2710.01 real, 12 MB
[runlim] sample:		0.46 time, 2720.01 real, 12 MB
[runlim] sample:		0.46 time, 2730.01 real, 12 MB
[runlim] sample:		0.46 time, 2740.01 real, 12 MB
[runlim] sample:		0.46 time, 2750.01 real, 12 MB
[runlim] sample:		0.46 time, 2760.01 real, 12 MB
[runlim] sample:		0.46 time, 2770.01 real, 12 MB
[runlim] sample:		0.46 time, 2780.01 real, 12 MB
[runlim] sample:		0.46 time, 2790.01 real, 12 MB
[runlim] sample:		0.46 time, 2800.01 real, 12 MB
[runlim] sample:		0.46 time, 2810.01 real, 12 MB
[runlim] sample:		0.46 time, 2820.01 real, 12 MB
[runlim] sample:		0.46 time, 2830.01 real, 12 MB
[runlim] sample:		0.46 time, 2840.01 real, 12 MB
[runlim] sample:		0.46 time, 2850.01 real, 12 MB
[runlim] sample:		0.46 time, 2860.01 real, 12 MB
[runlim] sample:		0.46 time, 2870.01 real, 12 MB
[runlim] sample:		0.46 time, 2880.01 real, 12 MB
[runlim] sample:		0.46 time, 2890.01 real, 12 MB
[runlim] sample:		0.46 time, 2900.01 real, 12 MB
[runlim] sample:		0.46 time, 2910.01 real, 12 MB
[runlim] sample:		0.46 time, 2920.01 real, 12 MB
[runlim] sample:		0.46 time, 2930.01 real, 12 MB
[runlim] sample:		0.46 time, 2940.01 real, 12 MB
[runlim] sample:		0.46 time, 2950.01 real, 12 MB
[runlim] sample:		0.46 time, 2960.01 real, 12 MB
[runlim] sample:		0.46 time, 2970.01 real, 12 MB
[runlim] sample:		0.46 time, 2980.01 real, 12 MB
[runlim] sample:		0.46 time, 2990.01 real, 12 MB
[runlim] sample:		0.46 time, 3000.01 real, 12 MB
[runlim] sample:		0.46 time, 3010.01 real, 12 MB
[runlim] sample:		0.46 time, 3020.01 real, 12 MB
[runlim] sample:		0.46 time, 3030.01 real, 12 MB
[runlim] sample:		0.46 time, 3040.01 real, 12 MB
[runlim] sample:		0.46 time, 3050.01 real, 12 MB
[runlim] sample:		0.46 time, 3060.01 real, 12 MB
[runlim] sample:		0.46 time, 3070.01 real, 12 MB
[runlim] sample:		0.46 time, 3080.01 real, 12 MB
[runlim] sample:		0.46 time, 3090.01 real, 12 MB
[runlim] sample:		0.46 time, 3100.01 real, 12 MB
[runlim] sample:		0.46 time, 3110.01 real, 12 MB
[runlim] sample:		0.46 time, 3120.01 real, 12 MB
[runlim] sample:		0.46 time, 3130.01 real, 12 MB
[runlim] sample:		0.46 time, 3140.01 real, 12 MB
[runlim] sample:		0.46 time, 3150.01 real, 12 MB
[runlim] sample:		0.46 time, 3160.01 real, 12 MB
[runlim] sample:		0.46 time, 3170.01 real, 12 MB
[runlim] sample:		0.46 time, 3180.01 real, 12 MB
[runlim] sample:		0.46 time, 3190.01 real, 12 MB
[runlim] sample:		0.46 time, 3200.01 real, 12 MB
[runlim] sample:		0.46 time, 3210.01 real, 12 MB
[runlim] sample:		0.46 time, 3220.01 real, 12 MB
[runlim] sample:		0.46 time, 3230.01 real, 12 MB
[runlim] sample:		0.46 time, 3240.01 real, 12 MB
[runlim] sample:		0.46 time, 3250.01 real, 12 MB
[runlim] sample:		0.46 time, 3260.01 real, 12 MB
[runlim] sample:		0.46 time, 3270.01 real, 12 MB
[runlim] sample:		0.46 time, 3280.01 real, 12 MB
[runlim] sample:		0.46 time, 3290.01 real, 12 MB
[runlim] sample:		0.46 time, 3300.01 real, 12 MB
[runlim] sample:		0.46 time, 3310.01 real, 12 MB
[runlim] sample:		0.46 time, 3320.01 real, 12 MB
[runlim] sample:		0.46 time, 3330.01 real, 12 MB
[runlim] sample:		0.46 time, 3340.01 real, 12 MB
[runlim] sample:		0.46 time, 3350.01 real, 12 MB
[runlim] sample:		0.46 time, 3360.01 real, 12 MB
[runlim] sample:		0.46 time, 3370.01 real, 12 MB
[runlim] sample:		0.46 time, 3380.01 real, 12 MB
[runlim] sample:		0.46 time, 3390.01 real, 12 MB
[runlim] sample:		0.46 time, 3400.01 real, 12 MB
[runlim] sample:		0.46 time, 3410.01 real, 12 MB
[runlim] sample:		0.46 time, 3420.01 real, 12 MB
[runlim] sample:		0.46 time, 3430.01 real, 12 MB
[runlim] sample:		0.46 time, 3440.01 real, 12 MB
[runlim] sample:		0.46 time, 3450.01 real, 12 MB
[runlim] sample:		0.46 time, 3460.01 real, 12 MB
[runlim] sample:		0.46 time, 3470.01 real, 12 MB
[runlim] sample:		0.46 time, 3480.01 real, 12 MB
[runlim] sample:		0.46 time, 3490.01 real, 12 MB
[runlim] sample:		0.46 time, 3500.01 real, 12 MB
[runlim] sample:		0.46 time, 3510.01 real, 12 MB
[runlim] sample:		0.46 time, 3520.01 real, 12 MB
[runlim] sample:		0.46 time, 3530.01 real, 12 MB
[runlim] sample:		0.46 time, 3540.01 real, 12 MB
[runlim] sample:		0.46 time, 3550.01 real, 12 MB
[runlim] sample:		0.46 time, 3560.01 real, 12 MB
[runlim] sample:		0.46 time, 3570.01 real, 12 MB
[runlim] sample:		0.46 time, 3580.01 real, 12 MB
[runlim] sample:		0.46 time, 3590.01 real, 12 MB
[runlim] sample:		0.46 time, 3600.01 real, 12 MB
[runlim] sample:		0.46 time, 3610.01 real, 12 MB
[runlim] sample:		0.46 time, 3620.01 real, 12 MB
[runlim] sample:		0.46 time, 3630.01 real, 12 MB
[runlim] sample:		0.46 time, 3640.01 real, 12 MB
[runlim] sample:		0.46 time, 3650.01 real, 12 MB
[runlim] sample:		0.46 time, 3660.01 real, 12 MB
[runlim] sample:		0.46 time, 3670.01 real, 12 MB
[runlim] sample:		0.46 time, 3680.01 real, 12 MB
[runlim] sample:		0.46 time, 3690.01 real, 12 MB
[runlim] sample:		0.46 time, 3700.01 real, 12 MB
[runlim] sample:		0.46 time, 3710.01 real, 12 MB
[runlim] sample:		0.46 time, 3720.01 real, 12 MB
[runlim] sample:		0.46 time, 3730.01 real, 12 MB
[runlim] sample:		0.46 time, 3740.01 real, 12 MB
[runlim] sample:		0.46 time, 3750.01 real, 12 MB
[runlim] sample:		0.46 time, 3760.01 real, 12 MB
[runlim] sample:		0.46 time, 3770.01 real, 12 MB
[runlim] sample:		0.46 time, 3780.01 real, 12 MB
[runlim] sample:		0.46 time, 3790.01 real, 12 MB
[runlim] sample:		0.46 time, 3800.01 real, 12 MB
[runlim] sample:		0.46 time, 3810.01 real, 12 MB
[runlim] sample:		0.46 time, 3820.01 real, 12 MB
[runlim] sample:		0.46 time, 3830.01 real, 12 MB
[runlim] sample:		0.46 time, 3840.01 real, 12 MB
[runlim] sample:		0.46 time, 3850.01 real, 12 MB
[runlim] sample:		0.46 time, 3860.01 real, 12 MB
[runlim] sample:		0.46 time, 3870.01 real, 12 MB
[runlim] sample:		0.46 time, 3880.01 real, 12 MB
[runlim] sample:		0.46 time, 3890.01 real, 12 MB
[runlim] sample:		0.46 time, 3900.01 real, 12 MB
[runlim] sample:		0.46 time, 3910.01 real, 12 MB
[runlim] sample:		0.46 time, 3920.01 real, 12 MB
[runlim] sample:		0.46 time, 3930.01 real, 12 MB
[runlim] sample:		0.46 time, 3940.01 real, 12 MB
[runlim] sample:		0.46 time, 3950.01 real, 12 MB
[runlim] sample:		0.46 time, 3960.01 real, 12 MB
[runlim] sample:		0.46 time, 3970.01 real, 12 MB
[runlim] sample:		0.46 time, 3980.01 real, 12 MB
[runlim] sample:		0.46 time, 3990.01 real, 12 MB
[runlim] sample:		0.46 time, 4000.01 real, 12 MB
[runlim] sample:		0.46 time, 4010.01 real, 12 MB
[runlim] sample:		0.46 time, 4020.01 real, 12 MB
[runlim] sample:		0.46 time, 4030.01 real, 12 MB
[runlim] sample:		0.46 time, 4040.01 real, 12 MB
[runlim] sample:		0.46 time, 4050.01 real, 12 MB
[runlim] sample:		0.46 time, 4060.01 real, 12 MB
[runlim] sample:		0.46 time, 4070.01 real, 12 MB
[runlim] sample:		0.46 time, 4080.01 real, 12 MB
[runlim] sample:		0.46 time, 4090.01 real, 12 MB
[runlim] sample:		0.46 time, 4100.01 real, 12 MB
[runlim] sample:		0.46 time, 4110.01 real, 12 MB
[runlim] sample:		0.46 time, 4120.01 real, 12 MB
[runlim] sample:		0.46 time, 4130.01 real, 12 MB
[runlim] sample:		0.46 time, 4140.01 real, 12 MB
[runlim] sample:		0.46 time, 4150.01 real, 12 MB
[runlim] sample:		0.46 time, 4160.01 real, 12 MB
[runlim] sample:		0.46 time, 4170.01 real, 12 MB
[runlim] sample:		0.46 time, 4180.01 real, 12 MB
[runlim] sample:		0.46 time, 4190.01 real, 12 MB
[runlim] sample:		0.46 time, 4200.01 real, 12 MB
[runlim] sample:		0.46 time, 4210.01 real, 12 MB
[runlim] sample:		0.46 time, 4220.01 real, 12 MB
[runlim] sample:		0.46 time, 4230.01 real, 12 MB
[runlim] sample:		0.46 time, 4240.01 real, 12 MB
[runlim] sample:		0.46 time, 4250.01 real, 12 MB
[runlim] sample:		0.46 time, 4260.01 real, 12 MB
[runlim] sample:		0.46 time, 4270.01 real, 12 MB
[runlim] sample:		0.46 time, 4280.01 real, 12 MB
[runlim] sample:		0.46 time, 4290.01 real, 12 MB
[runlim] sample:		0.46 time, 4300.01 real, 12 MB
[runlim] sample:		0.46 time, 4310.01 real, 12 MB
[runlim] sample:		0.46 time, 4320.01 real, 12 MB
[runlim] sample:		0.46 time, 4330.01 real, 12 MB
[runlim] sample:		0.46 time, 4340.01 real, 12 MB
[runlim] sample:		0.46 time, 4350.01 real, 12 MB
[runlim] sample:		0.46 time, 4360.01 real, 12 MB
[runlim] sample:		0.46 time, 4370.01 real, 12 MB
[runlim] sample:		0.46 time, 4380.01 real, 12 MB
[runlim] sample:		0.46 time, 4390.01 real, 12 MB
[runlim] sample:		0.46 time, 4400.01 real, 12 MB
[runlim] sample:		0.46 time, 4410.01 real, 12 MB
[runlim] sample:		0.46 time, 4420.01 real, 12 MB
[runlim] sample:		0.46 time, 4430.01 real, 12 MB
[runlim] sample:		0.46 time, 4440.01 real, 12 MB
[runlim] sample:		0.46 time, 4450.01 real, 12 MB
[runlim] sample:		0.46 time, 4460.01 real, 12 MB
[runlim] sample:		0.46 time, 4470.01 real, 12 MB
[runlim] sample:		0.46 time, 4480.01 real, 12 MB
[runlim] sample:		0.46 time, 4490.01 real, 12 MB
[runlim] sample:		0.46 time, 4500.01 real, 12 MB
[runlim] sample:		0.46 time, 4510.01 real, 12 MB
[runlim] sample:		0.46 time, 4520.01 real, 12 MB
[runlim] sample:		0.46 time, 4530.01 real, 12 MB
[runlim] sample:		0.46 time, 4540.01 real, 12 MB
[runlim] sample:		0.46 time, 4550.01 real, 12 MB
[runlim] sample:		0.46 time, 4560.01 real, 12 MB
[runlim] sample:		0.46 time, 4570.01 real, 12 MB
[runlim] sample:		0.46 time, 4580.01 real, 12 MB
[runlim] sample:		0.46 time, 4590.01 real, 12 MB
[runlim] sample:		0.46 time, 4600.01 real, 12 MB
[runlim] sample:		0.46 time, 4610.01 real, 12 MB
[runlim] sample:		0.46 time, 4620.01 real, 12 MB
[runlim] sample:		0.46 time, 4630.01 real, 12 MB
[runlim] sample:		0.46 time, 4640.01 real, 12 MB
[runlim] sample:		0.46 time, 4650.01 real, 12 MB
[runlim] sample:		0.46 time, 4660.01 real, 12 MB
[runlim] sample:		0.46 time, 4670.01 real, 12 MB
[runlim] sample:		0.46 time, 4680.01 real, 12 MB
[runlim] sample:		0.46 time, 4690.01 real, 12 MB
[runlim] sample:		0.46 time, 4700.01 real, 12 MB
[runlim] sample:		0.46 time, 4710.01 real, 12 MB
[runlim] sample:		0.46 time, 4720.01 real, 12 MB
[runlim] sample:		0.46 time, 4730.01 real, 12 MB
[runlim] sample:		0.46 time, 4740.01 real, 12 MB
[runlim] sample:		0.46 time, 4750.01 real, 12 MB
[runlim] sample:		0.46 time, 4760.01 real, 12 MB
[runlim] sample:		0.46 time, 4770.01 real, 12 MB
[runlim] sample:		0.46 time, 4780.01 real, 12 MB
[runlim] sample:		0.46 time, 4790.01 real, 12 MB
[runlim] sample:		0.46 time, 4800.01 real, 12 MB
[runlim] sample:		0.46 time, 4810.01 real, 12 MB
[runlim] sample:		0.46 time, 4820.01 real, 12 MB
[runlim] sample:		0.46 time, 4830.01 real, 12 MB
[runlim] sample:		0.46 time, 4840.01 real, 12 MB
[runlim] sample:		0.46 time, 4850.01 real, 12 MB
[runlim] sample:		0.46 time, 4860.01 real, 12 MB
[runlim] sample:		0.46 time, 4870.01 real, 12 MB
[runlim] sample:		0.46 time, 4880.01 real, 12 MB
[runlim] sample:		0.46 time, 4890.01 real, 12 MB
[runlim] sample:		0.46 time, 4900.01 real, 12 MB
[runlim] sample:		0.46 time, 4910.01 real, 12 MB
[runlim] sample:		0.46 time, 4920.01 real, 12 MB
[runlim] sample:		0.46 time, 4930.01 real, 12 MB
[runlim] sample:		0.46 time, 4940.01 real, 12 MB
[runlim] sample:		0.46 time, 4950.01 real, 12 MB
[runlim] sample:		0.46 time, 4960.01 real, 12 MB
[runlim] sample:		0.46 time, 4970.01 real, 12 MB
[runlim] sample:		0.46 time, 4980.01 real, 12 MB
[runlim] sample:		0.46 time, 4990.01 real, 12 MB
[runlim] sample:		0.46 time, 5000.01 real, 12 MB
[runlim] sample:		0.46 time, 5010.01 real, 12 MB
[runlim] sample:		0.46 time, 5020.01 real, 12 MB
[runlim] sample:		0.46 time, 5030.01 real, 12 MB
[runlim] sample:		0.46 time, 5040.01 real, 12 MB
[runlim] sample:		0.46 time, 5050.01 real, 12 MB
[runlim] sample:		0.46 time, 5060.01 real, 12 MB
[runlim] sample:		0.46 time, 5070.01 real, 12 MB
[runlim] sample:		0.46 time, 5080.01 real, 12 MB
[runlim] sample:		0.46 time, 5090.01 real, 12 MB
[runlim] sample:		0.46 time, 5100.01 real, 12 MB
[runlim] sample:		0.46 time, 5110.01 real, 12 MB
[runlim] sample:		0.46 time, 5120.01 real, 12 MB
[runlim] sample:		0.46 time, 5130.01 real, 12 MB
[runlim] sample:		0.46 time, 5140.01 real, 12 MB
[runlim] sample:		0.46 time, 5150.01 real, 12 MB
[runlim] sample:		0.46 time, 5160.01 real, 12 MB
[runlim] sample:		0.46 time, 5170.01 real, 12 MB
[runlim] sample:		0.46 time, 5180.01 real, 12 MB
[runlim] sample:		0.46 time, 5190.01 real, 12 MB
[runlim] sample:		0.46 time, 5200.01 real, 12 MB
[runlim] sample:		0.46 time, 5210.01 real, 12 MB
[runlim] sample:		0.46 time, 5220.01 real, 12 MB
[runlim] sample:		0.46 time, 5230.01 real, 12 MB
[runlim] sample:		0.46 time, 5240.01 real, 12 MB
[runlim] sample:		0.46 time, 5250.01 real, 12 MB
[runlim] sample:		0.46 time, 5260.01 real, 12 MB
[runlim] sample:		0.46 time, 5270.01 real, 12 MB
[runlim] sample:		0.46 time, 5280.01 real, 12 MB
[runlim] sample:		0.46 time, 5290.01 real, 12 MB
[runlim] sample:		0.46 time, 5300.01 real, 12 MB
[runlim] sample:		0.46 time, 5310.01 real, 12 MB
[runlim] sample:		0.46 time, 5320.01 real, 12 MB
[runlim] sample:		0.46 time, 5330.01 real, 12 MB
[runlim] sample:		0.46 time, 5340.01 real, 12 MB
[runlim] sample:		0.46 time, 5350.01 real, 12 MB
[runlim] sample:		0.46 time, 5360.01 real, 12 MB
[runlim] sample:		0.46 time, 5370.01 real, 12 MB
[runlim] sample:		0.46 time, 5380.01 real, 12 MB
[runlim] sample:		0.46 time, 5390.01 real, 12 MB
[runlim] sample:		0.46 time, 5400.01 real, 12 MB
[runlim] sample:		0.46 time, 5410.01 real, 12 MB
[runlim] sample:		0.46 time, 5420.01 real, 12 MB
[runlim] sample:		0.46 time, 5430.01 real, 12 MB
[runlim] sample:		0.46 time, 5440.01 real, 12 MB
[runlim] sample:		0.46 time, 5450.01 real, 12 MB
[runlim] sample:		0.46 time, 5460.01 real, 12 MB
[runlim] sample:		0.46 time, 5470.01 real, 12 MB
[runlim] sample:		0.46 time, 5480.01 real, 12 MB
[runlim] sample:		0.46 time, 5490.01 real, 12 MB
[runlim] sample:		0.46 time, 5500.01 real, 12 MB
[runlim] sample:		0.46 time, 5510.01 real, 12 MB
[runlim] sample:		0.46 time, 5520.01 real, 12 MB
[runlim] sample:		0.46 time, 5530.01 real, 12 MB
[runlim] sample:		0.46 time, 5540.01 real, 12 MB
[runlim] sample:		0.46 time, 5550.01 real, 12 MB
[runlim] sample:		0.46 time, 5560.01 real, 12 MB
[runlim] sample:		0.46 time, 5570.01 real, 12 MB
[runlim] sample:		0.46 time, 5580.01 real, 12 MB
[runlim] sample:		0.46 time, 5590.01 real, 12 MB
[runlim] sample:		0.46 time, 5600.01 real, 12 MB
[runlim] sample:		0.46 time, 5610.01 real, 12 MB
[runlim] sample:		0.46 time, 5620.01 real, 12 MB
[runlim] sample:		0.46 time, 5630.01 real, 12 MB
[runlim] sample:		0.46 time, 5640.01 real, 12 MB
[runlim] sample:		0.46 time, 5650.01 real, 12 MB
[runlim] sample:		0.46 time, 5660.01 real, 12 MB
[runlim] sample:		0.46 time, 5670.01 real, 12 MB
[runlim] sample:		0.46 time, 5680.01 real, 12 MB
[runlim] sample:		0.46 time, 5690.01 real, 12 MB
[runlim] sample:		0.46 time, 5700.01 real, 12 MB
[runlim] sample:		0.46 time, 5710.01 real, 12 MB
[runlim] sample:		0.46 time, 5720.01 real, 12 MB
[runlim] sample:		0.46 time, 5730.01 real, 12 MB
[runlim] sample:		0.46 time, 5740.01 real, 12 MB
[runlim] sample:		0.46 time, 5750.01 real, 12 MB
[runlim] sample:		0.46 time, 5760.01 real, 12 MB
[runlim] sample:		0.46 time, 5770.01 real, 12 MB
[runlim] sample:		0.46 time, 5780.01 real, 12 MB
[runlim] sample:		0.46 time, 5790.01 real, 12 MB
[runlim] sample:		0.46 time, 5800.01 real, 12 MB
[runlim] sample:		0.46 time, 5810.01 real, 12 MB
[runlim] sample:		0.46 time, 5820.01 real, 12 MB
[runlim] sample:		0.46 time, 5830.01 real, 12 MB
[runlim] sample:		0.46 time, 5840.01 real, 12 MB
[runlim] sample:		0.46 time, 5850.01 real, 12 MB
[runlim] sample:		0.46 time, 5860.01 real, 12 MB
[runlim] sample:		0.46 time, 5870.01 real, 12 MB
[runlim] sample:		0.46 time, 5880.01 real, 12 MB
[runlim] sample:		0.46 time, 5890.01 real, 12 MB
[runlim] sample:		0.46 time, 5900.01 real, 12 MB
[runlim] sample:		0.46 time, 5910.01 real, 12 MB
[runlim] sample:		0.46 time, 5920.01 real, 12 MB
[runlim] sample:		0.46 time, 5930.01 real, 12 MB
[runlim] sample:		0.46 time, 5940.01 real, 12 MB
[runlim] sample:		0.46 time, 5950.01 real, 12 MB
[runlim] sample:		0.46 time, 5960.01 real, 12 MB
[runlim] sample:		0.46 time, 5970.01 real, 12 MB
[runlim] sample:		0.46 time, 5980.01 real, 12 MB
[runlim] sample:		0.46 time, 5990.01 real, 12 MB
[runlim] sample:		0.46 time, 6000.01 real, 12 MB
[runlim] sample:		0.46 time, 6010.01 real, 12 MB
[runlim] sample:		0.46 time, 6020.01 real, 12 MB
[runlim] sample:		0.46 time, 6030.01 real, 12 MB
[runlim] sample:		0.46 time, 6040.01 real, 12 MB
[runlim] sample:		0.46 time, 6050.01 real, 12 MB
[runlim] sample:		0.46 time, 6060.01 real, 12 MB
[runlim] sample:		0.46 time, 6070.01 real, 12 MB
[runlim] sample:		0.46 time, 6080.01 real, 12 MB
[runlim] sample:		0.46 time, 6090.01 real, 12 MB
[runlim] sample:		0.46 time, 6100.01 real, 12 MB
[runlim] sample:		0.46 time, 6110.01 real, 12 MB
[runlim] sample:		0.46 time, 6120.01 real, 12 MB
[runlim] sample:		0.46 time, 6130.01 real, 12 MB
[runlim] sample:		0.46 time, 6140.01 real, 12 MB
[runlim] sample:		0.46 time, 6150.01 real, 12 MB
[runlim] sample:		0.46 time, 6160.01 real, 12 MB
[runlim] sample:		0.46 time, 6170.01 real, 12 MB
[runlim] sample:		0.46 time, 6180.01 real, 12 MB
[runlim] sample:		0.46 time, 6190.01 real, 12 MB
[runlim] sample:		0.46 time, 6200.01 real, 12 MB
[runlim] sample:		0.46 time, 6210.01 real, 12 MB
[runlim] sample:		0.46 time, 6220.01 real, 12 MB
[runlim] sample:		0.46 time, 6230.01 real, 12 MB
[runlim] sample:		0.46 time, 6240.01 real, 12 MB
[runlim] sample:		0.46 time, 6250.01 real, 12 MB
[runlim] sample:		0.46 time, 6260.01 real, 12 MB
[runlim] sample:		0.46 time, 6270.01 real, 12 MB
[runlim] sample:		0.46 time, 6280.01 real, 12 MB
[runlim] sample:		0.46 time, 6290.01 real, 12 MB
[runlim] sample:		0.46 time, 6300.01 real, 12 MB
[runlim] sample:		0.46 time, 6310.01 real, 12 MB
[runlim] sample:		0.46 time, 6320.01 real, 12 MB
[runlim] sample:		0.46 time, 6330.01 real, 12 MB
[runlim] sample:		0.46 time, 6340.01 real, 12 MB
[runlim] sample:		0.46 time, 6350.01 real, 12 MB
[runlim] sample:		0.46 time, 6360.01 real, 12 MB
[runlim] sample:		0.46 time, 6370.01 real, 12 MB
[runlim] sample:		0.46 time, 6380.01 real, 12 MB
[runlim] sample:		0.46 time, 6390.01 real, 12 MB
[runlim] sample:		0.46 time, 6400.01 real, 12 MB
[runlim] sample:		0.46 time, 6410.01 real, 12 MB
[runlim] sample:		0.46 time, 6420.01 real, 12 MB
[runlim] sample:		0.46 time, 6430.01 real, 12 MB
[runlim] sample:		0.46 time, 6440.01 real, 12 MB
[runlim] sample:		0.46 time, 6450.01 real, 12 MB
[runlim] sample:		0.46 time, 6460.01 real, 12 MB
[runlim] sample:		0.46 time, 6470.01 real, 12 MB
[runlim] sample:		0.46 time, 6480.01 real, 12 MB
[runlim] sample:		0.46 time, 6490.01 real, 12 MB
[runlim] sample:		0.46 time, 6500.01 real, 12 MB
[runlim] sample:		0.46 time, 6510.01 real, 12 MB
[runlim] sample:		0.46 time, 6520.01 real, 12 MB
[runlim] sample:		0.46 time, 6530.01 real, 12 MB
[runlim] sample:		0.46 time, 6540.01 real, 12 MB
[runlim] sample:		0.46 time, 6550.01 real, 12 MB
[runlim] sample:		0.46 time, 6560.01 real, 12 MB
[runlim] sample:		0.46 time, 6570.01 real, 12 MB
[runlim] sample:		0.46 time, 6580.01 real, 12 MB
[runlim] sample:		0.46 time, 6590.01 real, 12 MB
[runlim] sample:		0.46 time, 6600.01 real, 12 MB
[runlim] sample:		0.46 time, 6610.01 real, 12 MB
[runlim] sample:		0.46 time, 6620.01 real, 12 MB
[runlim] sample:		0.46 time, 6630.01 real, 12 MB
[runlim] sample:		0.46 time, 6640.01 real, 12 MB
[runlim] sample:		0.46 time, 6650.01 real, 12 MB
[runlim] sample:		0.46 time, 6660.01 real, 12 MB
[runlim] sample:		0.46 time, 6670.01 real, 12 MB
[runlim] sample:		0.46 time, 6680.01 real, 12 MB
[runlim] sample:		0.46 time, 6690.01 real, 12 MB
[runlim] sample:		0.46 time, 6700.01 real, 12 MB
[runlim] sample:		0.46 time, 6710.01 real, 12 MB
[runlim] sample:		0.46 time, 6720.01 real, 12 MB
[runlim] sample:		0.46 time, 6730.01 real, 12 MB
[runlim] sample:		0.46 time, 6740.01 real, 12 MB
[runlim] sample:		0.46 time, 6750.01 real, 12 MB
[runlim] sample:		0.46 time, 6760.01 real, 12 MB
[runlim] sample:		0.46 time, 6770.01 real, 12 MB
[runlim] sample:		0.46 time, 6780.01 real, 12 MB
[runlim] sample:		0.46 time, 6790.01 real, 12 MB
[runlim] sample:		0.46 time, 6800.01 real, 12 MB
[runlim] sample:		0.46 time, 6810.01 real, 12 MB
[runlim] sample:		0.46 time, 6820.01 real, 12 MB
[runlim] sample:		0.46 time, 6830.01 real, 12 MB
[runlim] sample:		0.46 time, 6840.01 real, 12 MB
[runlim] sample:		0.46 time, 6850.01 real, 12 MB
[runlim] sample:		0.46 time, 6860.01 real, 12 MB
[runlim] sample:		0.46 time, 6870.01 real, 12 MB
[runlim] sample:		0.46 time, 6880.01 real, 12 MB
[runlim] sample:		0.46 time, 6890.01 real, 12 MB
[runlim] sample:		0.46 time, 6900.01 real, 12 MB
[runlim] sample:		0.46 time, 6910.01 real, 12 MB
[runlim] sample:		0.46 time, 6920.01 real, 12 MB
[runlim] sample:		0.46 time, 6930.01 real, 12 MB
[runlim] sample:		0.46 time, 6940.01 real, 12 MB
[runlim] sample:		0.46 time, 6950.01 real, 12 MB
[runlim] sample:		0.46 time, 6960.01 real, 12 MB
[runlim] sample:		0.46 time, 6970.01 real, 12 MB
[runlim] sample:		0.46 time, 6980.01 real, 12 MB
[runlim] sample:		0.46 time, 6990.01 real, 12 MB
[runlim] sample:		0.46 time, 7000.01 real, 12 MB
[runlim] sample:		0.46 time, 7010.01 real, 12 MB
[runlim] sample:		0.46 time, 7020.01 real, 12 MB
[runlim] sample:		0.46 time, 7030.01 real, 12 MB
[runlim] sample:		0.46 time, 7040.01 real, 12 MB
[runlim] sample:		0.46 time, 7050.01 real, 12 MB
[runlim] sample:		0.46 time, 7060.01 real, 12 MB
[runlim] sample:		0.46 time, 7070.01 real, 12 MB
[runlim] sample:		0.46 time, 7080.01 real, 12 MB
[runlim] sample:		0.46 time, 7090.01 real, 12 MB
[runlim] sample:		0.46 time, 7100.01 real, 12 MB
[runlim] sample:		0.46 time, 7110.01 real, 12 MB
[runlim] sample:		0.46 time, 7120.01 real, 12 MB
[runlim] sample:		0.46 time, 7130.01 real, 12 MB
[runlim] sample:		0.46 time, 7140.01 real, 12 MB
[runlim] sample:		0.46 time, 7150.01 real, 12 MB
[runlim] sample:		0.46 time, 7160.01 real, 12 MB
[runlim] sample:		0.46 time, 7170.01 real, 12 MB
[runlim] sample:		0.46 time, 7180.01 real, 12 MB
[runlim] sample:		0.46 time, 7190.01 real, 12 MB
[runlim] sample:		0.46 time, 7200.01 real, 12 MB
[runlim] sample:		0.46 time, 7210.01 real, 12 MB
[runlim] sample:		0.46 time, 7220.01 real, 12 MB
[runlim] sample:		0.46 time, 7230.01 real, 12 MB
[runlim] sample:		0.46 time, 7240.01 real, 12 MB
[runlim] sample:		0.46 time, 7250.01 real, 12 MB
[runlim] sample:		0.46 time, 7260.01 real, 12 MB
[runlim] sample:		0.46 time, 7270.01 real, 12 MB
[runlim] sample:		0.46 time, 7280.01 real, 12 MB
[runlim] sample:		0.46 time, 7290.01 real, 12 MB
[runlim] sample:		0.46 time, 7300.01 real, 12 MB
[runlim] sample:		0.46 time, 7310.01 real, 12 MB
[runlim] sample:		0.46 time, 7320.01 real, 12 MB
[runlim] sample:		0.46 time, 7330.01 real, 12 MB
[runlim] sample:		0.46 time, 7340.01 real, 12 MB
[runlim] sample:		0.46 time, 7350.01 real, 12 MB
[runlim] sample:		0.46 time, 7360.01 real, 12 MB
[runlim] sample:		0.46 time, 7370.01 real, 12 MB
[runlim] sample:		0.46 time, 7380.01 real, 12 MB
[runlim] sample:		0.46 time, 7390.01 real, 12 MB
[runlim] sample:		0.46 time, 7400.01 real, 12 MB
[runlim] sample:		0.46 time, 7410.01 real, 12 MB
[runlim] sample:		0.46 time, 7420.01 real, 12 MB
[runlim] sample:		0.46 time, 7430.01 real, 12 MB
[runlim] sample:		0.46 time, 7440.01 real, 12 MB
[runlim] sample:		0.46 time, 7450.01 real, 12 MB
[runlim] sample:		0.46 time, 7460.01 real, 12 MB
[runlim] sample:		0.46 time, 7470.01 real, 12 MB
[runlim] sample:		0.46 time, 7480.01 real, 12 MB
[runlim] sample:		0.46 time, 7490.01 real, 12 MB
[runlim] sample:		0.46 time, 7500.01 real, 12 MB
[runlim] sample:		0.46 time, 7510.01 real, 12 MB
[runlim] sample:		0.46 time, 7520.01 real, 12 MB
[runlim] sample:		0.46 time, 7530.01 real, 12 MB
[runlim] sample:		0.46 time, 7540.01 real, 12 MB
[runlim] sample:		0.46 time, 7550.01 real, 12 MB
[runlim] sample:		0.46 time, 7560.01 real, 12 MB
[runlim] sample:		0.46 time, 7570.01 real, 12 MB
[runlim] sample:		0.46 time, 7580.01 real, 12 MB
[runlim] sample:		0.46 time, 7590.01 real, 12 MB
[runlim] sample:		0.46 time, 7600.01 real, 12 MB
[runlim] sample:		0.46 time, 7610.01 real, 12 MB
[runlim] sample:		0.46 time, 7620.01 real, 12 MB
[runlim] sample:		0.46 time, 7630.01 real, 12 MB
[runlim] sample:		0.46 time, 7640.01 real, 12 MB
[runlim] sample:		0.46 time, 7650.01 real, 12 MB
[runlim] sample:		0.46 time, 7660.01 real, 12 MB
[runlim] sample:		0.46 time, 7670.01 real, 12 MB
[runlim] sample:		0.46 time, 7680.01 real, 12 MB
[runlim] sample:		0.46 time, 7690.01 real, 12 MB
[runlim] sample:		0.46 time, 7700.01 real, 12 MB
[runlim] sample:		0.46 time, 7710.01 real, 12 MB
[runlim] sample:		0.46 time, 7720.01 real, 12 MB
[runlim] sample:		0.46 time, 7730.01 real, 12 MB
[runlim] sample:		0.46 time, 7740.01 real, 12 MB
[runlim] sample:		0.46 time, 7750.01 real, 12 MB
[runlim] sample:		0.46 time, 7760.01 real, 12 MB
[runlim] sample:		0.46 time, 7770.01 real, 12 MB
[runlim] sample:		0.46 time, 7780.01 real, 12 MB
[runlim] sample:		0.46 time, 7790.01 real, 12 MB
[runlim] sample:		0.46 time, 7800.01 real, 12 MB
[runlim] sample:		0.46 time, 7810.01 real, 12 MB
[runlim] sample:		0.46 time, 7820.01 real, 12 MB
[runlim] sample:		0.46 time, 7830.01 real, 12 MB
[runlim] sample:		0.46 time, 7840.01 real, 12 MB
[runlim] sample:		0.46 time, 7850.01 real, 12 MB
[runlim] sample:		0.46 time, 7860.01 real, 12 MB
[runlim] sample:		0.46 time, 7870.01 real, 12 MB
[runlim] sample:		0.46 time, 7880.01 real, 12 MB
[runlim] sample:		0.46 time, 7890.01 real, 12 MB
[runlim] sample:		0.46 time, 7900.01 real, 12 MB
[runlim] sample:		0.46 time, 7910.01 real, 12 MB
[runlim] sample:		0.46 time, 7920.01 real, 12 MB
[runlim] sample:		0.46 time, 7930.01 real, 12 MB
[runlim] sample:		0.46 time, 7940.01 real, 12 MB
[runlim] sample:		0.46 time, 7950.01 real, 12 MB
[runlim] sample:		0.46 time, 7960.01 real, 12 MB
[runlim] sample:		0.46 time, 7970.01 real, 12 MB
[runlim] sample:		0.46 time, 7980.01 real, 12 MB
[runlim] sample:		0.46 time, 7990.01 real, 12 MB
[runlim] sample:		0.46 time, 8000.01 real, 12 MB
[runlim] sample:		0.46 time, 8010.01 real, 12 MB
[runlim] sample:		0.46 time, 8020.01 real, 12 MB
[runlim] sample:		0.46 time, 8030.01 real, 12 MB
[runlim] sample:		0.46 time, 8040.01 real, 12 MB
[runlim] sample:		0.46 time, 8050.01 real, 12 MB
[runlim] sample:		0.46 time, 8060.01 real, 12 MB
[runlim] sample:		0.46 time, 8070.01 real, 12 MB
[runlim] sample:		0.46 time, 8080.01 real, 12 MB
[runlim] sample:		0.46 time, 8090.01 real, 12 MB
[runlim] sample:		0.46 time, 8100.01 real, 12 MB
[runlim] sample:		0.46 time, 8110.01 real, 12 MB
[runlim] sample:		0.46 time, 8120.01 real, 12 MB
[runlim] sample:		0.46 time, 8130.01 real, 12 MB
[runlim] sample:		0.46 time, 8140.01 real, 12 MB
[runlim] sample:		0.46 time, 8150.01 real, 12 MB
[runlim] sample:		0.46 time, 8160.01 real, 12 MB
[runlim] sample:		0.46 time, 8170.01 real, 12 MB
[runlim] sample:		0.46 time, 8180.01 real, 12 MB
[runlim] sample:		0.46 time, 8190.01 real, 12 MB
[runlim] sample:		0.46 time, 8200.01 real, 12 MB
[runlim] sample:		0.46 time, 8210.01 real, 12 MB
[runlim] sample:		0.46 time, 8220.01 real, 12 MB
[runlim] sample:		0.46 time, 8230.01 real, 12 MB
[runlim] sample:		0.46 time, 8240.01 real, 12 MB
[runlim] sample:		0.46 time, 8250.01 real, 12 MB
[runlim] sample:		0.46 time, 8260.01 real, 12 MB
[runlim] sample:		0.46 time, 8270.01 real, 12 MB
[runlim] sample:		0.46 time, 8280.01 real, 12 MB
[runlim] sample:		0.46 time, 8290.01 real, 12 MB
[runlim] sample:		0.46 time, 8300.01 real, 12 MB
[runlim] sample:		0.46 time, 8310.01 real, 12 MB
[runlim] sample:		0.46 time, 8320.01 real, 12 MB
[runlim] sample:		0.46 time, 8330.01 real, 12 MB
[runlim] sample:		0.46 time, 8340.01 real, 12 MB
[runlim] sample:		0.46 time, 8350.01 real, 12 MB
[runlim] sample:		0.46 time, 8360.01 real, 12 MB
[runlim] sample:		0.46 time, 8370.01 real, 12 MB
[runlim] sample:		0.46 time, 8380.01 real, 12 MB
[runlim] sample:		0.46 time, 8390.01 real, 12 MB
[runlim] sample:		0.46 time, 8400.01 real, 12 MB
[runlim] sample:		0.46 time, 8410.01 real, 12 MB
[runlim] sample:		0.46 time, 8420.01 real, 12 MB
[runlim] sample:		0.46 time, 8430.01 real, 12 MB
[runlim] sample:		0.46 time, 8440.01 real, 12 MB
[runlim] sample:		0.46 time, 8450.01 real, 12 MB
[runlim] sample:		0.46 time, 8460.01 real, 12 MB
[runlim] sample:		0.46 time, 8470.01 real, 12 MB
[runlim] sample:		0.46 time, 8480.01 real, 12 MB
[runlim] sample:		0.46 time, 8490.01 real, 12 MB
[runlim] sample:		0.46 time, 8500.01 real, 12 MB
[runlim] sample:		0.46 time, 8510.01 real, 12 MB
[runlim] sample:		0.46 time, 8520.01 real, 12 MB
[runlim] sample:		0.46 time, 8530.01 real, 12 MB
[runlim] sample:		0.46 time, 8540.01 real, 12 MB
[runlim] sample:		0.46 time, 8550.01 real, 12 MB
[runlim] sample:		0.46 time, 8560.01 real, 12 MB
[runlim] sample:		0.46 time, 8570.01 real, 12 MB
[runlim] sample:		0.46 time, 8580.01 real, 12 MB
[runlim] sample:		0.46 time, 8590.01 real, 12 MB
[runlim] sample:		0.46 time, 8600.01 real, 12 MB
[runlim] sample:		0.46 time, 8610.01 real, 12 MB
[runlim] sample:		0.46 time, 8620.01 real, 12 MB
[runlim] sample:		0.46 time, 8630.01 real, 12 MB
[runlim] sample:		0.46 time, 8640.01 real, 12 MB
[runlim] sample:		0.46 time, 8650.01 real, 12 MB
[runlim] sample:		0.46 time, 8660.01 real, 12 MB
[runlim] sample:		0.46 time, 8670.01 real, 12 MB
[runlim] sample:		0.46 time, 8680.01 real, 12 MB
[runlim] sample:		0.46 time, 8690.01 real, 12 MB
[runlim] sample:		0.46 time, 8700.01 real, 12 MB
[runlim] sample:		0.46 time, 8710.01 real, 12 MB
[runlim] sample:		0.46 time, 8720.01 real, 12 MB
[runlim] sample:		0.46 time, 8730.01 real, 12 MB
[runlim] sample:		0.46 time, 8740.01 real, 12 MB
[runlim] sample:		0.46 time, 8750.01 real, 12 MB
[runlim] sample:		0.46 time, 8760.01 real, 12 MB
[runlim] sample:		0.46 time, 8770.01 real, 12 MB
[runlim] sample:		0.46 time, 8780.01 real, 12 MB
[runlim] sample:		0.46 time, 8790.01 real, 12 MB
[runlim] sample:		0.46 time, 8800.01 real, 12 MB
[runlim] sample:		0.46 time, 8810.01 real, 12 MB
[runlim] sample:		0.46 time, 8820.01 real, 12 MB
[runlim] sample:		0.46 time, 8830.01 real, 12 MB
[runlim] sample:		0.46 time, 8840.01 real, 12 MB
[runlim] sample:		0.46 time, 8850.01 real, 12 MB
[runlim] sample:		0.46 time, 8860.01 real, 12 MB
[runlim] sample:		0.46 time, 8870.01 real, 12 MB
[runlim] sample:		0.46 time, 8880.01 real, 12 MB
[runlim] sample:		0.46 time, 8890.01 real, 12 MB
[runlim] sample:		0.46 time, 8900.01 real, 12 MB
[runlim] sample:		0.46 time, 8910.01 real, 12 MB
[runlim] sample:		0.46 time, 8920.01 real, 12 MB
[runlim] sample:		0.46 time, 8930.01 real, 12 MB
[runlim] sample:		0.46 time, 8940.01 real, 12 MB
[runlim] sample:		0.46 time, 8950.01 real, 12 MB
[runlim] sample:		0.46 time, 8960.01 real, 12 MB
[runlim] sample:		0.46 time, 8970.01 real, 12 MB
[runlim] sample:		0.46 time, 8980.01 real, 12 MB
[runlim] sample:		0.46 time, 8990.01 real, 12 MB
[runlim] sample:		0.46 time, 9000.01 real, 12 MB
[runlim] sample:		0.46 time, 9010.01 real, 12 MB
[runlim] sample:		0.46 time, 9020.01 real, 12 MB
[runlim] sample:		0.46 time, 9030.01 real, 12 MB
[runlim] sample:		0.46 time, 9040.01 real, 12 MB
[runlim] sample:		0.46 time, 9050.01 real, 12 MB
[runlim] sample:		0.46 time, 9060.01 real, 12 MB
[runlim] sample:		0.46 time, 9070.01 real, 12 MB
[runlim] sample:		0.46 time, 9080.01 real, 12 MB
[runlim] sample:		0.46 time, 9090.01 real, 12 MB
[runlim] sample:		0.46 time, 9100.01 real, 12 MB
[runlim] sample:		0.46 time, 9110.01 real, 12 MB
[runlim] sample:		0.46 time, 9120.01 real, 12 MB
[runlim] sample:		0.46 time, 9130.01 real, 12 MB
[runlim] sample:		0.46 time, 9140.01 real, 12 MB
[runlim] sample:		0.46 time, 9150.01 real, 12 MB
[runlim] sample:		0.46 time, 9160.01 real, 12 MB
[runlim] sample:		0.46 time, 9170.01 real, 12 MB
[runlim] sample:		0.46 time, 9180.01 real, 12 MB
[runlim] sample:		0.46 time, 9190.01 real, 12 MB
[runlim] sample:		0.46 time, 9200.01 real, 12 MB
[runlim] sample:		0.46 time, 9210.01 real, 12 MB
[runlim] sample:		0.46 time, 9220.01 real, 12 MB
[runlim] sample:		0.46 time, 9230.01 real, 12 MB
[runlim] sample:		0.46 time, 9240.01 real, 12 MB
[runlim] sample:		0.46 time, 9250.01 real, 12 MB
[runlim] sample:		0.46 time, 9260.01 real, 12 MB
[runlim] sample:		0.46 time, 9270.01 real, 12 MB
[runlim] sample:		0.46 time, 9280.01 real, 12 MB
[runlim] sample:		0.46 time, 9290.01 real, 12 MB
[runlim] sample:		0.46 time, 9300.01 real, 12 MB
[runlim] sample:		0.46 time, 9310.01 real, 12 MB
[runlim] sample:		0.46 time, 9320.01 real, 12 MB
[runlim] sample:		0.46 time, 9330.01 real, 12 MB
[runlim] sample:		0.46 time, 9340.01 real, 12 MB
[runlim] sample:		0.46 time, 9350.01 real, 12 MB
[runlim] sample:		0.46 time, 9360.01 real, 12 MB
[runlim] sample:		0.46 time, 9370.01 real, 12 MB
[runlim] sample:		0.46 time, 9380.01 real, 12 MB
[runlim] sample:		0.46 time, 9390.01 real, 12 MB
[runlim] sample:		0.46 time, 9400.01 real, 12 MB
[runlim] sample:		0.46 time, 9410.01 real, 12 MB
[runlim] sample:		0.46 time, 9420.01 real, 12 MB
[runlim] sample:		0.46 time, 9430.01 real, 12 MB
[runlim] sample:		0.46 time, 9440.01 real, 12 MB
[runlim] sample:		0.46 time, 9450.01 real, 12 MB
[runlim] sample:		0.46 time, 9460.01 real, 12 MB
[runlim] sample:		0.46 time, 9470.01 real, 12 MB
[runlim] sample:		0.46 time, 9480.01 real, 12 MB
[runlim] sample:		0.46 time, 9490.01 real, 12 MB
[runlim] sample:		0.46 time, 9500.01 real, 12 MB
[runlim] sample:		0.46 time, 9510.01 real, 12 MB
[runlim] sample:		0.46 time, 9520.01 real, 12 MB
[runlim] sample:		0.46 time, 9530.01 real, 12 MB
[runlim] sample:		0.46 time, 9540.01 real, 12 MB
[runlim] sample:		0.46 time, 9550.01 real, 12 MB
[runlim] sample:		0.46 time, 9560.01 real, 12 MB
[runlim] sample:		0.46 time, 9570.01 real, 12 MB
[runlim] sample:		0.46 time, 9580.01 real, 12 MB
[runlim] sample:		0.46 time, 9590.01 real, 12 MB
[runlim] sample:		0.46 time, 9600.01 real, 12 MB
[runlim] sample:		0.46 time, 9610.01 real, 12 MB
[runlim] sample:		0.46 time, 9620.01 real, 12 MB
[runlim] sample:		0.46 time, 9630.01 real, 12 MB
[runlim] sample:		0.46 time, 9640.01 real, 12 MB
[runlim] sample:		0.46 time, 9650.01 real, 12 MB
[runlim] sample:		0.46 time, 9660.01 real, 12 MB
[runlim] sample:		0.46 time, 9670.01 real, 12 MB
[runlim] sample:		0.46 time, 9680.01 real, 12 MB
[runlim] sample:		0.46 time, 9690.01 real, 12 MB
[runlim] sample:		0.46 time, 9700.01 real, 12 MB
[runlim] sample:		0.46 time, 9710.01 real, 12 MB
[runlim] sample:		0.46 time, 9720.01 real, 12 MB
[runlim] sample:		0.46 time, 9730.01 real, 12 MB
[runlim] sample:		0.46 time, 9740.01 real, 12 MB
[runlim] sample:		0.46 time, 9750.01 real, 12 MB
[runlim] sample:		0.46 time, 9760.01 real, 12 MB
[runlim] sample:		0.46 time, 9770.01 real, 12 MB
[runlim] sample:		0.46 time, 9780.01 real, 12 MB
[runlim] sample:		0.46 time, 9790.01 real, 12 MB
[runlim] sample:		0.46 time, 9800.01 real, 12 MB
[runlim] sample:		0.46 time, 9810.01 real, 12 MB
[runlim] sample:		0.46 time, 9820.01 real, 12 MB
[runlim] sample:		0.46 time, 9830.01 real, 12 MB
[runlim] sample:		0.46 time, 9840.01 real, 12 MB
[runlim] sample:		0.46 time, 9850.01 real, 12 MB
[runlim] sample:		0.46 time, 9860.01 real, 12 MB
[runlim] sample:		0.46 time, 9870.01 real, 12 MB
[runlim] sample:		0.46 time, 9880.01 real, 12 MB
[runlim] sample:		0.46 time, 9890.01 real, 12 MB
[runlim] sample:		0.46 time, 9900.01 real, 12 MB
[runlim] sample:		0.46 time, 9910.01 real, 12 MB
[runlim] sample:		0.46 time, 9920.01 real, 12 MB
[runlim] sample:		0.46 time, 9930.01 real, 12 MB
[runlim] sample:		0.46 time, 9940.01 real, 12 MB
[runlim] sample:		0.46 time, 9950.01 real, 12 MB
[runlim] sample:		0.46 time, 9960.01 real, 12 MB
[runlim] sample:		0.46 time, 9970.01 real, 12 MB
[runlim] sample:		0.46 time, 9980.01 real, 12 MB
[runlim] sample:		0.46 time, 9990.01 real, 12 MB
[runlim] sample:		0.46 time, 10000.01 real, 12 MB
[runlim] sample:		0.46 time, 10010.01 real, 12 MB
[runlim] sample:		0.46 time, 10020.01 real, 12 MB
[runlim] sample:		0.46 time, 10030.01 real, 12 MB
[runlim] sample:		0.46 time, 10040.01 real, 12 MB
[runlim] sample:		0.46 time, 10050.01 real, 12 MB
[runlim] sample:		0.46 time, 10060.01 real, 12 MB
[runlim] sample:		0.46 time, 10070.01 real, 12 MB
[runlim] sample:		0.46 time, 10080.01 real, 12 MB
[runlim] sample:		0.46 time, 10090.01 real, 12 MB
[runlim] sample:		0.46 time, 10100.01 real, 12 MB
[runlim] sample:		0.46 time, 10110.01 real, 12 MB
[runlim] sample:		0.46 time, 10120.01 real, 12 MB
[runlim] sample:		0.46 time, 10130.01 real, 12 MB
[runlim] sample:		0.46 time, 10140.01 real, 12 MB
[runlim] sample:		0.46 time, 10150.01 real, 12 MB
[runlim] sample:		0.46 time, 10160.01 real, 12 MB
[runlim] sample:		0.46 time, 10170.01 real, 12 MB
[runlim] sample:		0.46 time, 10180.01 real, 12 MB
[runlim] sample:		0.46 time, 10190.01 real, 12 MB
[runlim] sample:		0.46 time, 10200.01 real, 12 MB
[runlim] sample:		0.46 time, 10210.01 real, 12 MB
[runlim] sample:		0.46 time, 10220.01 real, 12 MB
[runlim] sample:		0.46 time, 10230.01 real, 12 MB
[runlim] sample:		0.46 time, 10240.01 real, 12 MB
[runlim] sample:		0.46 time, 10250.01 real, 12 MB
[runlim] sample:		0.46 time, 10260.01 real, 12 MB
[runlim] sample:		0.46 time, 10270.01 real, 12 MB
[runlim] sample:		0.46 time, 10280.01 real, 12 MB
[runlim] sample:		0.46 time, 10290.01 real, 12 MB
[runlim] sample:		0.46 time, 10300.01 real, 12 MB
[runlim] sample:		0.46 time, 10310.01 real, 12 MB
[runlim] sample:		0.46 time, 10320.01 real, 12 MB
[runlim] sample:		0.46 time, 10330.01 real, 12 MB
[runlim] sample:		0.46 time, 10340.01 real, 12 MB
[runlim] sample:		0.46 time, 10350.01 real, 12 MB
[runlim] sample:		0.46 time, 10360.01 real, 12 MB
[runlim] sample:		0.46 time, 10370.01 real, 12 MB
[runlim] sample:		0.46 time, 10380.01 real, 12 MB
[runlim] sample:		0.46 time, 10390.01 real, 12 MB
[runlim] sample:		0.46 time, 10400.01 real, 12 MB
[runlim] sample:		0.46 time, 10410.01 real, 12 MB
[runlim] sample:		0.46 time, 10420.01 real, 12 MB
[runlim] sample:		0.46 time, 10430.01 real, 12 MB
[runlim] sample:		0.46 time, 10440.01 real, 12 MB
[runlim] sample:		0.46 time, 10450.01 real, 12 MB
[runlim] sample:		0.46 time, 10460.01 real, 12 MB
[runlim] sample:		0.46 time, 10470.01 real, 12 MB
[runlim] sample:		0.46 time, 10480.01 real, 12 MB
[runlim] sample:		0.46 time, 10490.01 real, 12 MB
[runlim] sample:		0.46 time, 10500.01 real, 12 MB
[runlim] sample:		0.46 time, 10510.01 real, 12 MB
[runlim] sample:		0.46 time, 10520.01 real, 12 MB
[runlim] sample:		0.46 time, 10530.01 real, 12 MB
[runlim] sample:		0.46 time, 10540.01 real, 12 MB
[runlim] sample:		0.46 time, 10550.01 real, 12 MB
[runlim] sample:		0.46 time, 10560.01 real, 12 MB
[runlim] sample:		0.46 time, 10570.01 real, 12 MB
[runlim] sample:		0.46 time, 10580.01 real, 12 MB
[runlim] sample:		0.46 time, 10590.01 real, 12 MB
[runlim] sample:		0.46 time, 10600.01 real, 12 MB
[runlim] sample:		0.46 time, 10610.01 real, 12 MB
[runlim] sample:		0.46 time, 10620.01 real, 12 MB
[runlim] sample:		0.46 time, 10630.01 real, 12 MB
[runlim] sample:		0.46 time, 10640.01 real, 12 MB
[runlim] sample:		0.46 time, 10650.01 real, 12 MB
[runlim] sample:		0.46 time, 10660.01 real, 12 MB
[runlim] sample:		0.46 time, 10670.01 real, 12 MB
[runlim] sample:		0.46 time, 10680.01 real, 12 MB
[runlim] sample:		0.46 time, 10690.01 real, 12 MB
[runlim] sample:		0.46 time, 10700.01 real, 12 MB
[runlim] sample:		0.46 time, 10710.01 real, 12 MB
[runlim] sample:		0.46 time, 10720.01 real, 12 MB
[runlim] sample:		0.46 time, 10730.01 real, 12 MB
[runlim] sample:		0.46 time, 10740.01 real, 12 MB
[runlim] sample:		0.46 time, 10750.01 real, 12 MB
[runlim] sample:		0.46 time, 10760.01 real, 12 MB
[runlim] sample:		0.46 time, 10770.01 real, 12 MB
[runlim] sample:		0.46 time, 10780.01 real, 12 MB
[runlim] sample:		0.46 time, 10790.01 real, 12 MB
[runlim] sample:		0.46 time, 10800.01 real, 12 MB
[runlim] sample:		0.46 time, 10810.01 real, 12 MB
[runlim] sample:		0.46 time, 10820.01 real, 12 MB
[runlim] sample:		0.46 time, 10830.01 real, 12 MB
[runlim] sample:		0.46 time, 10840.01 real, 12 MB
[runlim] sample:		0.46 time, 10850.01 real, 12 MB
[runlim] sample:		0.46 time, 10860.01 real, 12 MB
[runlim] sample:		0.46 time, 10870.01 real, 12 MB
[runlim] sample:		0.46 time, 10880.01 real, 12 MB
[runlim] sample:		0.46 time, 10890.01 real, 12 MB
[runlim] sample:		0.46 time, 10900.01 real, 12 MB
[runlim] sample:		0.46 time, 10910.01 real, 12 MB
[runlim] sample:		0.46 time, 10920.01 real, 12 MB
[runlim] sample:		0.46 time, 10930.01 real, 12 MB
[runlim] sample:		0.46 time, 10940.01 real, 12 MB
[runlim] sample:		0.46 time, 10950.01 real, 12 MB
[runlim] sample:		0.46 time, 10960.01 real, 12 MB
[runlim] sample:		0.46 time, 10970.01 real, 12 MB
[runlim] sample:		0.46 time, 10980.01 real, 12 MB
[runlim] sample:		0.46 time, 10990.01 real, 12 MB
[runlim] sample:		0.46 time, 11000.01 real, 12 MB
[runlim] sample:		0.46 time, 11010.01 real, 12 MB
[runlim] sample:		0.46 time, 11020.01 real, 12 MB
[runlim] sample:		0.46 time, 11030.01 real, 12 MB
[runlim] sample:		0.46 time, 11040.01 real, 12 MB
[runlim] sample:		0.46 time, 11050.01 real, 12 MB
[runlim] sample:		0.46 time, 11060.01 real, 12 MB
[runlim] sample:		0.46 time, 11070.01 real, 12 MB
[runlim] sample:		0.46 time, 11080.01 real, 12 MB
[runlim] sample:		0.46 time, 11090.01 real, 12 MB
[runlim] sample:		0.46 time, 11100.01 real, 12 MB
[runlim] sample:		0.46 time, 11110.01 real, 12 MB
[runlim] sample:		0.46 time, 11120.01 real, 12 MB
[runlim] sample:		0.46 time, 11130.01 real, 12 MB
[runlim] sample:		0.46 time, 11140.01 real, 12 MB
[runlim] sample:		0.46 time, 11150.01 real, 12 MB
[runlim] sample:		0.46 time, 11160.01 real, 12 MB
[runlim] sample:		0.46 time, 11170.01 real, 12 MB
[runlim] sample:		0.46 time, 11180.01 real, 12 MB
[runlim] sample:		0.46 time, 11190.01 real, 12 MB
[runlim] sample:		0.46 time, 11200.01 real, 12 MB
[runlim] sample:		0.46 time, 11210.01 real, 12 MB
[runlim] sample:		0.46 time, 11220.01 real, 12 MB
[runlim] sample:		0.46 time, 11230.01 real, 12 MB
[runlim] sample:		0.46 time, 11240.01 real, 12 MB
[runlim] sample:		0.46 time, 11250.01 real, 12 MB
[runlim] sample:		0.46 time, 11260.01 real, 12 MB
[runlim] sample:		0.46 time, 11270.01 real, 12 MB
[runlim] sample:		0.46 time, 11280.01 real, 12 MB
[runlim] sample:		0.46 time, 11290.01 real, 12 MB
[runlim] sample:		0.46 time, 11300.01 real, 12 MB
[runlim] sample:		0.46 time, 11310.01 real, 12 MB
[runlim] sample:		0.46 time, 11320.01 real, 12 MB
[runlim] sample:		0.46 time, 11330.01 real, 12 MB
[runlim] sample:		0.46 time, 11340.01 real, 12 MB
[runlim] sample:		0.46 time, 11350.01 real, 12 MB
[runlim] sample:		0.46 time, 11360.01 real, 12 MB
[runlim] sample:		0.46 time, 11370.01 real, 12 MB
[runlim] sample:		0.46 time, 11380.01 real, 12 MB
[runlim] sample:		0.46 time, 11390.01 real, 12 MB
[runlim] sample:		0.46 time, 11400.01 real, 12 MB
[runlim] sample:		0.46 time, 11410.01 real, 12 MB
[runlim] sample:		0.46 time, 11420.01 real, 12 MB
[runlim] sample:		0.46 time, 11430.01 real, 12 MB
[runlim] sample:		0.46 time, 11440.01 real, 12 MB
[runlim] sample:		0.46 time, 11450.01 real, 12 MB
[runlim] sample:		0.46 time, 11460.01 real, 12 MB
[runlim] sample:		0.46 time, 11470.01 real, 12 MB
[runlim] sample:		0.46 time, 11480.01 real, 12 MB
[runlim] sample:		0.46 time, 11490.01 real, 12 MB
[runlim] sample:		0.46 time, 11500.01 real, 12 MB
[runlim] sample:		0.46 time, 11510.01 real, 12 MB
[runlim] sample:		0.46 time, 11520.01 real, 12 MB
[runlim] sample:		0.46 time, 11530.01 real, 12 MB
[runlim] sample:		0.46 time, 11540.01 real, 12 MB
[runlim] sample:		0.46 time, 11550.01 real, 12 MB
[runlim] sample:		0.46 time, 11560.01 real, 12 MB
[runlim] sample:		0.46 time, 11570.01 real, 12 MB
[runlim] sample:		0.46 time, 11580.01 real, 12 MB
[runlim] sample:		0.46 time, 11590.01 real, 12 MB
[runlim] sample:		0.46 time, 11600.01 real, 12 MB
[runlim] sample:		0.46 time, 11610.01 real, 12 MB
[runlim] sample:		0.46 time, 11620.01 real, 12 MB
[runlim] sample:		0.46 time, 11630.01 real, 12 MB
[runlim] sample:		0.46 time, 11640.01 real, 12 MB
[runlim] sample:		0.46 time, 11650.01 real, 12 MB
[runlim] sample:		0.46 time, 11660.01 real, 12 MB
[runlim] sample:		0.46 time, 11670.01 real, 12 MB
[runlim] sample:		0.46 time, 11680.01 real, 12 MB
[runlim] sample:		0.46 time, 11690.01 real, 12 MB
[runlim] sample:		0.46 time, 11700.01 real, 12 MB
[runlim] sample:		0.46 time, 11710.01 real, 12 MB
[runlim] sample:		0.46 time, 11720.01 real, 12 MB
[runlim] sample:		0.46 time, 11730.01 real, 12 MB
[runlim] sample:		0.46 time, 11740.01 real, 12 MB
[runlim] sample:		0.46 time, 11750.01 real, 12 MB
[runlim] sample:		0.46 time, 11760.01 real, 12 MB
[runlim] sample:		0.46 time, 11770.01 real, 12 MB
[runlim] sample:		0.46 time, 11780.01 real, 12 MB
[runlim] sample:		0.46 time, 11790.01 real, 12 MB
[runlim] sample:		0.46 time, 11800.01 real, 12 MB
[runlim] sample:		0.46 time, 11810.01 real, 12 MB
[runlim] sample:		0.46 time, 11820.01 real, 12 MB
[runlim] sample:		0.46 time, 11830.01 real, 12 MB
[runlim] sample:		0.46 time, 11840.01 real, 12 MB
[runlim] sample:		0.46 time, 11850.01 real, 12 MB
[runlim] sample:		0.46 time, 11860.01 real, 12 MB
[runlim] sample:		0.46 time, 11870.01 real, 12 MB
[runlim] sample:		0.46 time, 11880.01 real, 12 MB
[runlim] sample:		0.46 time, 11890.01 real, 12 MB
[runlim] sample:		0.46 time, 11900.01 real, 12 MB
[runlim] sample:		0.46 time, 11910.01 real, 12 MB
[runlim] sample:		0.46 time, 11920.01 real, 12 MB
[runlim] sample:		0.46 time, 11930.01 real, 12 MB
[runlim] sample:		0.46 time, 11940.01 real, 12 MB
[runlim] sample:		0.46 time, 11950.01 real, 12 MB
[runlim] sample:		0.46 time, 11960.01 real, 12 MB
[runlim] sample:		0.46 time, 11970.01 real, 12 MB
[runlim] sample:		0.46 time, 11980.01 real, 12 MB
[runlim] sample:		0.46 time, 11990.01 real, 12 MB
[runlim] sample:		0.46 time, 12000.01 real, 12 MB
[runlim] sample:		0.46 time, 12010.01 real, 12 MB
[runlim] sample:		0.46 time, 12020.01 real, 12 MB
[runlim] sample:		0.46 time, 12030.01 real, 12 MB
[runlim] sample:		0.46 time, 12040.01 real, 12 MB
[runlim] sample:		0.46 time, 12050.01 real, 12 MB
[runlim] sample:		0.46 time, 12060.01 real, 12 MB
[runlim] sample:		0.46 time, 12070.01 real, 12 MB
[runlim] sample:		0.46 time, 12080.01 real, 12 MB
[runlim] sample:		0.46 time, 12090.01 real, 12 MB
[runlim] sample:		0.46 time, 12100.01 real, 12 MB
[runlim] sample:		0.46 time, 12110.01 real, 12 MB
[runlim] sample:		0.46 time, 12120.01 real, 12 MB
[runlim] sample:		0.46 time, 12130.01 real, 12 MB
[runlim] sample:		0.46 time, 12140.01 real, 12 MB
[runlim] sample:		0.46 time, 12150.01 real, 12 MB
[runlim] sample:		0.46 time, 12160.01 real, 12 MB
[runlim] sample:		0.46 time, 12170.01 real, 12 MB
[runlim] sample:		0.46 time, 12180.01 real, 12 MB
[runlim] sample:		0.46 time, 12190.01 real, 12 MB
[runlim] sample:		0.46 time, 12200.01 real, 12 MB
[runlim] sample:		0.46 time, 12210.01 real, 12 MB
[runlim] sample:		0.46 time, 12220.01 real, 12 MB
[runlim] sample:		0.46 time, 12230.01 real, 12 MB
[runlim] sample:		0.46 time, 12240.01 real, 12 MB
[runlim] sample:		0.46 time, 12250.01 real, 12 MB
[runlim] sample:		0.46 time, 12260.01 real, 12 MB
[runlim] sample:		0.46 time, 12270.01 real, 12 MB
[runlim] sample:		0.46 time, 12280.01 real, 12 MB
[runlim] sample:		0.46 time, 12290.01 real, 12 MB
[runlim] sample:		0.46 time, 12300.01 real, 12 MB
[runlim] sample:		0.46 time, 12310.01 real, 12 MB
[runlim] sample:		0.46 time, 12320.01 real, 12 MB
[runlim] sample:		0.46 time, 12330.01 real, 12 MB
[runlim] sample:		0.46 time, 12340.01 real, 12 MB
[runlim] sample:		0.46 time, 12350.01 real, 12 MB
[runlim] sample:		0.46 time, 12360.01 real, 12 MB
[runlim] sample:		0.46 time, 12370.01 real, 12 MB
[runlim] sample:		0.46 time, 12380.01 real, 12 MB
[runlim] sample:		0.46 time, 12390.01 real, 12 MB
[runlim] sample:		0.46 time, 12400.01 real, 12 MB
[runlim] sample:		0.46 time, 12410.01 real, 12 MB
[runlim] sample:		0.46 time, 12420.01 real, 12 MB
[runlim] sample:		0.46 time, 12430.01 real, 12 MB
[runlim] sample:		0.46 time, 12440.01 real, 12 MB
[runlim] sample:		0.46 time, 12450.01 real, 12 MB
[runlim] sample:		0.46 time, 12460.01 real, 12 MB
[runlim] sample:		0.46 time, 12470.01 real, 12 MB
[runlim] sample:		0.46 time, 12480.01 real, 12 MB
[runlim] sample:		0.46 time, 12490.01 real, 12 MB
[runlim] sample:		0.46 time, 12500.01 real, 12 MB
[runlim] sample:		0.46 time, 12510.01 real, 12 MB
[runlim] sample:		0.46 time, 12520.01 real, 12 MB
[runlim] sample:		0.46 time, 12530.01 real, 12 MB
[runlim] sample:		0.46 time, 12540.01 real, 12 MB
[runlim] sample:		0.46 time, 12550.01 real, 12 MB
[runlim] sample:		0.46 time, 12560.01 real, 12 MB
[runlim] sample:		0.46 time, 12570.01 real, 12 MB
[runlim] sample:		0.46 time, 12580.01 real, 12 MB
[runlim] sample:		0.46 time, 12590.01 real, 12 MB
[runlim] sample:		0.46 time, 12600.01 real, 12 MB
[runlim] sample:		0.46 time, 12610.01 real, 12 MB
[runlim] sample:		0.46 time, 12620.01 real, 12 MB
[runlim] sample:		0.46 time, 12630.01 real, 12 MB
[runlim] sample:		0.46 time, 12640.01 real, 12 MB
[runlim] sample:		0.46 time, 12650.01 real, 12 MB
[runlim] sample:		0.46 time, 12660.01 real, 12 MB
[runlim] sample:		0.46 time, 12670.01 real, 12 MB
[runlim] sample:		0.46 time, 12680.01 real, 12 MB
[runlim] sample:		0.46 time, 12690.01 real, 12 MB
[runlim] sample:		0.46 time, 12700.01 real, 12 MB
[runlim] sample:		0.46 time, 12710.01 real, 12 MB
[runlim] sample:		0.46 time, 12720.01 real, 12 MB
[runlim] sample:		0.46 time, 12730.01 real, 12 MB
[runlim] sample:		0.46 time, 12740.01 real, 12 MB
[runlim] sample:		0.46 time, 12750.01 real, 12 MB
[runlim] sample:		0.46 time, 12760.01 real, 12 MB
[runlim] sample:		0.46 time, 12770.01 real, 12 MB
[runlim] sample:		0.46 time, 12780.01 real, 12 MB
[runlim] sample:		0.46 time, 12790.01 real, 12 MB
[runlim] sample:		0.46 time, 12800.01 real, 12 MB
[runlim] sample:		0.46 time, 12810.01 real, 12 MB
[runlim] sample:		0.46 time, 12820.01 real, 12 MB
[runlim] sample:		0.46 time, 12830.01 real, 12 MB
[runlim] sample:		0.46 time, 12840.01 real, 12 MB
[runlim] sample:		0.46 time, 12850.01 real, 12 MB
[runlim] sample:		0.46 time, 12860.01 real, 12 MB
[runlim] sample:		0.46 time, 12870.01 real, 12 MB
[runlim] sample:		0.46 time, 12880.01 real, 12 MB
[runlim] sample:		0.46 time, 12890.01 real, 12 MB
[runlim] sample:		0.46 time, 12900.01 real, 12 MB
[runlim] sample:		0.46 time, 12910.01 real, 12 MB
[runlim] sample:		0.46 time, 12920.01 real, 12 MB
[runlim] sample:		0.46 time, 12930.01 real, 12 MB
[runlim] sample:		0.46 time, 12940.01 real, 12 MB
[runlim] sample:		0.46 time, 12950.01 real, 12 MB
[runlim] sample:		0.46 time, 12960.01 real, 12 MB
[runlim] sample:		0.46 time, 12970.01 real, 12 MB
[runlim] sample:		0.46 time, 12980.01 real, 12 MB
[runlim] sample:		0.46 time, 12990.01 real, 12 MB
[runlim] sample:		0.46 time, 13000.01 real, 12 MB
[runlim] sample:		0.46 time, 13010.01 real, 12 MB
[runlim] sample:		0.46 time, 13020.01 real, 12 MB
[runlim] sample:		0.46 time, 13030.01 real, 12 MB
[runlim] sample:		0.46 time, 13040.01 real, 12 MB
[runlim] sample:		0.46 time, 13050.01 real, 12 MB
[runlim] sample:		0.46 time, 13060.01 real, 12 MB
[runlim] sample:		0.46 time, 13070.01 real, 12 MB
[runlim] sample:		0.46 time, 13080.01 real, 12 MB
[runlim] sample:		0.46 time, 13090.01 real, 12 MB
[runlim] sample:		0.46 time, 13100.01 real, 12 MB
[runlim] sample:		0.46 time, 13110.01 real, 12 MB
[runlim] sample:		0.46 time, 13120.01 real, 12 MB
[runlim] sample:		0.46 time, 13130.01 real, 12 MB
[runlim] sample:		0.46 time, 13140.01 real, 12 MB
[runlim] sample:		0.46 time, 13150.01 real, 12 MB
[runlim] sample:		0.46 time, 13160.01 real, 12 MB
[runlim] sample:		0.46 time, 13170.01 real, 12 MB
[runlim] sample:		0.46 time, 13180.01 real, 12 MB
[runlim] sample:		0.46 time, 13190.01 real, 12 MB
[runlim] sample:		0.46 time, 13200.01 real, 12 MB
[runlim] sample:		0.46 time, 13210.01 real, 12 MB
[runlim] sample:		0.46 time, 13220.01 real, 12 MB
[runlim] sample:		0.46 time, 13230.01 real, 12 MB
[runlim] sample:		0.46 time, 13240.01 real, 12 MB
[runlim] sample:		0.46 time, 13250.01 real, 12 MB
[runlim] sample:		0.46 time, 13260.01 real, 12 MB
[runlim] sample:		0.46 time, 13270.01 real, 12 MB
[runlim] sample:		0.46 time, 13280.01 real, 12 MB
[runlim] sample:		0.46 time, 13290.01 real, 12 MB
[runlim] sample:		0.46 time, 13300.01 real, 12 MB
[runlim] sample:		0.46 time, 13310.01 real, 12 MB
[runlim] sample:		0.46 time, 13320.01 real, 12 MB
[runlim] sample:		0.46 time, 13330.01 real, 12 MB
[runlim] sample:		0.46 time, 13340.01 real, 12 MB
[runlim] sample:		0.46 time, 13350.01 real, 12 MB
[runlim] sample:		0.46 time, 13360.01 real, 12 MB
[runlim] sample:		0.46 time, 13370.01 real, 12 MB
[runlim] sample:		0.46 time, 13380.01 real, 12 MB
[runlim] sample:		0.46 time, 13390.01 real, 12 MB
[runlim] sample:		0.46 time, 13400.01 real, 12 MB
[runlim] sample:		0.46 time, 13410.01 real, 12 MB
[runlim] sample:		0.46 time, 13420.01 real, 12 MB
[runlim] sample:		0.46 time, 13430.01 real, 12 MB
[runlim] sample:		0.46 time, 13440.01 real, 12 MB
[runlim] sample:		0.46 time, 13450.01 real, 12 MB
[runlim] sample:		0.46 time, 13460.01 real, 12 MB
[runlim] sample:		0.46 time, 13470.01 real, 12 MB
[runlim] sample:		0.46 time, 13480.01 real, 12 MB
[runlim] sample:		0.46 time, 13490.01 real, 12 MB
[runlim] sample:		0.46 time, 13500.01 real, 12 MB
[runlim] sample:		0.46 time, 13510.01 real, 12 MB
[runlim] sample:		0.46 time, 13520.01 real, 12 MB
[runlim] sample:		0.46 time, 13530.01 real, 12 MB
[runlim] sample:		0.46 time, 13540.01 real, 12 MB
[runlim] sample:		0.46 time, 13550.01 real, 12 MB
[runlim] sample:		0.46 time, 13560.01 real, 12 MB
[runlim] sample:		0.46 time, 13570.01 real, 12 MB
[runlim] sample:		0.46 time, 13580.01 real, 12 MB
[runlim] sample:		0.46 time, 13590.01 real, 12 MB
[runlim] sample:		0.46 time, 13600.01 real, 12 MB
[runlim] sample:		0.46 time, 13610.01 real, 12 MB
[runlim] sample:		0.46 time, 13620.01 real, 12 MB
[runlim] sample:		0.46 time, 13630.01 real, 12 MB
[runlim] sample:		0.46 time, 13640.01 real, 12 MB
[runlim] sample:		0.46 time, 13650.01 real, 12 MB
[runlim] sample:		0.46 time, 13660.01 real, 12 MB
[runlim] sample:		0.46 time, 13670.01 real, 12 MB
[runlim] sample:		0.46 time, 13680.01 real, 12 MB
[runlim] sample:		0.46 time, 13690.01 real, 12 MB
[runlim] sample:		0.46 time, 13700.01 real, 12 MB
[runlim] sample:		0.46 time, 13710.01 real, 12 MB
[runlim] sample:		0.46 time, 13720.01 real, 12 MB
[runlim] sample:		0.46 time, 13730.01 real, 12 MB
[runlim] sample:		0.46 time, 13740.01 real, 12 MB
[runlim] sample:		0.46 time, 13750.01 real, 12 MB
[runlim] sample:		0.46 time, 13760.01 real, 12 MB
[runlim] sample:		0.46 time, 13770.01 real, 12 MB
[runlim] sample:		0.46 time, 13780.01 real, 12 MB
[runlim] sample:		0.46 time, 13790.01 real, 12 MB
[runlim] sample:		0.46 time, 13800.01 real, 12 MB
[runlim] sample:		0.46 time, 13810.01 real, 12 MB
[runlim] sample:		0.46 time, 13820.01 real, 12 MB
[runlim] sample:		0.46 time, 13830.01 real, 12 MB
[runlim] sample:		0.46 time, 13840.01 real, 12 MB
[runlim] sample:		0.46 time, 13850.01 real, 12 MB
[runlim] sample:		0.46 time, 13860.01 real, 12 MB
[runlim] sample:		0.46 time, 13870.01 real, 12 MB
[runlim] sample:		0.46 time, 13880.01 real, 12 MB
[runlim] sample:		0.46 time, 13890.01 real, 12 MB
[runlim] sample:		0.46 time, 13900.01 real, 12 MB
[runlim] sample:		0.46 time, 13910.01 real, 12 MB
[runlim] sample:		0.46 time, 13920.01 real, 12 MB
[runlim] sample:		0.46 time, 13930.01 real, 12 MB
[runlim] sample:		0.46 time, 13940.01 real, 12 MB
[runlim] sample:		0.46 time, 13950.01 real, 12 MB
[runlim] sample:		0.46 time, 13960.01 real, 12 MB
[runlim] sample:		0.46 time, 13970.01 real, 12 MB
[runlim] sample:		0.46 time, 13980.01 real, 12 MB
[runlim] sample:		0.46 time, 13990.01 real, 12 MB
[runlim] sample:		0.46 time, 14000.01 real, 12 MB
[runlim] sample:		0.46 time, 14010.01 real, 12 MB
[runlim] sample:		0.46 time, 14020.01 real, 12 MB
[runlim] sample:		0.46 time, 14030.01 real, 12 MB
[runlim] sample:		0.46 time, 14040.01 real, 12 MB
[runlim] sample:		0.46 time, 14050.01 real, 12 MB
[runlim] sample:		0.46 time, 14060.01 real, 12 MB
[runlim] sample:		0.46 time, 14070.01 real, 12 MB
[runlim] sample:		0.46 time, 14080.01 real, 12 MB
[runlim] sample:		0.46 time, 14090.01 real, 12 MB
[runlim] sample:		0.46 time, 14100.01 real, 12 MB
[runlim] sample:		0.46 time, 14110.01 real, 12 MB
[runlim] sample:		0.46 time, 14120.01 real, 12 MB
[runlim] sample:		0.46 time, 14130.01 real, 12 MB
[runlim] sample:		0.46 time, 14140.01 real, 12 MB
[runlim] sample:		0.46 time, 14150.01 real, 12 MB
[runlim] sample:		0.46 time, 14160.01 real, 12 MB
[runlim] sample:		0.46 time, 14170.01 real, 12 MB
[runlim] sample:		0.46 time, 14180.01 real, 12 MB
[runlim] sample:		0.46 time, 14190.01 real, 12 MB
[runlim] sample:		0.46 time, 14200.01 real, 12 MB
[runlim] sample:		0.46 time, 14210.01 real, 12 MB
[runlim] sample:		0.46 time, 14220.01 real, 12 MB
[runlim] sample:		0.46 time, 14230.01 real, 12 MB
[runlim] sample:		0.46 time, 14240.01 real, 12 MB
[runlim] sample:		0.46 time, 14250.01 real, 12 MB
[runlim] sample:		0.46 time, 14260.01 real, 12 MB
[runlim] sample:		0.46 time, 14270.01 real, 12 MB
[runlim] sample:		0.46 time, 14280.01 real, 12 MB
[runlim] sample:		0.46 time, 14290.01 real, 12 MB
[runlim] sample:		0.46 time, 14300.01 real, 12 MB
[runlim] sample:		0.46 time, 14310.01 real, 12 MB
[runlim] sample:		0.46 time, 14320.01 real, 12 MB
[runlim] sample:		0.46 time, 14330.01 real, 12 MB
[runlim] sample:		0.46 time, 14340.01 real, 12 MB
[runlim] sample:		0.46 time, 14350.01 real, 12 MB
[runlim] sample:		0.46 time, 14360.01 real, 12 MB
[runlim] sample:		0.46 time, 14370.01 real, 12 MB
[runlim] sample:		0.46 time, 14380.01 real, 12 MB
[runlim] sample:		0.46 time, 14390.01 real, 12 MB
[runlim] sample:		0.46 time, 14400.01 real, 12 MB
[runlim] sample:		0.46 time, 14410.01 real, 12 MB
[runlim] sample:		0.46 time, 14420.01 real, 12 MB
[runlim] sample:		0.46 time, 14430.01 real, 12 MB
[runlim] sample:		0.46 time, 14440.01 real, 12 MB
[runlim] sample:		0.46 time, 14450.01 real, 12 MB
[runlim] sample:		0.46 time, 14460.01 real, 12 MB
[runlim] sample:		0.46 time, 14470.01 real, 12 MB
[runlim] sample:		0.46 time, 14480.01 real, 12 MB
[runlim] sample:		0.46 time, 14490.01 real, 12 MB
[runlim] sample:		0.46 time, 14500.01 real, 12 MB
[runlim] sample:		0.46 time, 14510.01 real, 12 MB
[runlim] sample:		0.46 time, 14520.01 real, 12 MB
[runlim] sample:		0.46 time, 14530.01 real, 12 MB
[runlim] sample:		0.46 time, 14540.01 real, 12 MB
[runlim] sample:		0.46 time, 14550.01 real, 12 MB
[runlim] sample:		0.46 time, 14560.01 real, 12 MB
[runlim] sample:		0.46 time, 14570.01 real, 12 MB
[runlim] sample:		0.46 time, 14580.01 real, 12 MB
[runlim] sample:		0.46 time, 14590.01 real, 12 MB
[runlim] sample:		0.46 time, 14600.01 real, 12 MB
[runlim] sample:		0.46 time, 14610.01 real, 12 MB
[runlim] sample:		0.46 time, 14620.01 real, 12 MB
[runlim] sample:		0.46 time, 14630.01 real, 12 MB
[runlim] sample:		0.46 time, 14640.01 real, 12 MB
[runlim] sample:		0.46 time, 14650.01 real, 12 MB
[runlim] sample:		0.46 time, 14660.01 real, 12 MB
[runlim] sample:		0.46 time, 14670.01 real, 12 MB
[runlim] sample:		0.46 time, 14680.01 real, 12 MB
[runlim] sample:		0.46 time, 14690.01 real, 12 MB
[runlim] sample:		0.46 time, 14700.01 real, 12 MB
[runlim] sample:		0.46 time, 14710.01 real, 12 MB
[runlim] sample:		0.46 time, 14720.01 real, 12 MB
[runlim] sample:		0.46 time, 14730.01 real, 12 MB
[runlim] sample:		0.46 time, 14740.01 real, 12 MB
[runlim] sample:		0.46 time, 14750.01 real, 12 MB
[runlim] sample:		0.46 time, 14760.01 real, 12 MB
[runlim] sample:		0.46 time, 14770.01 real, 12 MB
[runlim] sample:		0.46 time, 14780.01 real, 12 MB
[runlim] sample:		0.46 time, 14790.01 real, 12 MB
[runlim] sample:		0.46 time, 14800.01 real, 12 MB
[runlim] sample:		0.46 time, 14810.01 real, 12 MB
[runlim] sample:		0.46 time, 14820.01 real, 12 MB
[runlim] sample:		0.46 time, 14830.01 real, 12 MB
[runlim] sample:		0.46 time, 14840.01 real, 12 MB
[runlim] sample:		0.46 time, 14850.01 real, 12 MB
[runlim] sample:		0.46 time, 14860.01 real, 12 MB
[runlim] sample:		0.46 time, 14870.01 real, 12 MB
[runlim] sample:		0.46 time, 14880.01 real, 12 MB
[runlim] sample:		0.46 time, 14890.01 real, 12 MB
[runlim] sample:		0.46 time, 14900.01 real, 12 MB
[runlim] sample:		0.46 time, 14910.01 real, 12 MB
[runlim] sample:		0.46 time, 14920.01 real, 12 MB
[runlim] sample:		0.46 time, 14930.01 real, 12 MB
[runlim] sample:		0.46 time, 14940.01 real, 12 MB
[runlim] sample:		0.46 time, 14950.01 real, 12 MB
[runlim] sample:		0.46 time, 14960.01 real, 12 MB
[runlim] sample:		0.46 time, 14970.01 real, 12 MB
[runlim] sample:		0.46 time, 14980.01 real, 12 MB
[runlim] sample:		0.46 time, 14990.01 real, 12 MB
[runlim] sample:		0.46 time, 15000.01 real, 12 MB
[runlim] sample:		0.46 time, 15010.01 real, 12 MB
[runlim] sample:		0.46 time, 15020.01 real, 12 MB
[runlim] sample:		0.46 time, 15030.01 real, 12 MB
[runlim] sample:		0.46 time, 15040.01 real, 12 MB
[runlim] sample:		0.46 time, 15050.01 real, 12 MB
[runlim] sample:		0.46 time, 15060.01 real, 12 MB
[runlim] sample:		0.46 time, 15070.01 real, 12 MB
[runlim] sample:		0.46 time, 15080.01 real, 12 MB
[runlim] sample:		0.46 time, 15090.01 real, 12 MB
[runlim] sample:		0.46 time, 15100.01 real, 12 MB
[runlim] sample:		0.46 time, 15110.01 real, 12 MB
[runlim] sample:		0.46 time, 15120.01 real, 12 MB
[runlim] sample:		0.46 time, 15130.01 real, 12 MB
[runlim] sample:		0.46 time, 15140.01 real, 12 MB
[runlim] sample:		0.46 time, 15150.01 real, 12 MB
[runlim] sample:		0.46 time, 15160.01 real, 12 MB
[runlim] sample:		0.46 time, 15170.01 real, 12 MB
[runlim] sample:		0.46 time, 15180.01 real, 12 MB
[runlim] sample:		0.46 time, 15190.01 real, 12 MB
[runlim] sample:		0.46 time, 15200.01 real, 12 MB
[runlim] sample:		0.46 time, 15210.01 real, 12 MB
[runlim] sample:		0.46 time, 15220.01 real, 12 MB
[runlim] sample:		0.46 time, 15230.01 real, 12 MB
[runlim] sample:		0.46 time, 15240.01 real, 12 MB
[runlim] sample:		0.46 time, 15250.01 real, 12 MB
[runlim] sample:		0.46 time, 15260.01 real, 12 MB
[runlim] sample:		0.46 time, 15270.01 real, 12 MB
[runlim] sample:		0.46 time, 15280.01 real, 12 MB
[runlim] sample:		0.46 time, 15290.01 real, 12 MB
[runlim] sample:		0.46 time, 15300.01 real, 12 MB
[runlim] sample:		0.46 time, 15310.01 real, 12 MB
[runlim] sample:		0.46 time, 15320.01 real, 12 MB
[runlim] sample:		0.46 time, 15330.01 real, 12 MB
[runlim] sample:		0.46 time, 15340.01 real, 12 MB
[runlim] sample:		0.46 time, 15350.01 real, 12 MB
[runlim] sample:		0.46 time, 15360.01 real, 12 MB
[runlim] sample:		0.46 time, 15370.01 real, 12 MB
[runlim] sample:		0.46 time, 15380.01 real, 12 MB
[runlim] sample:		0.46 time, 15390.01 real, 12 MB
[runlim] sample:		0.46 time, 15400.01 real, 12 MB
[runlim] sample:		0.46 time, 15410.01 real, 12 MB
[runlim] sample:		0.46 time, 15420.01 real, 12 MB
[runlim] sample:		0.46 time, 15430.01 real, 12 MB
[runlim] sample:		0.46 time, 15440.01 real, 12 MB
[runlim] sample:		0.46 time, 15450.01 real, 12 MB
[runlim] sample:		0.46 time, 15460.01 real, 12 MB
[runlim] sample:		0.46 time, 15470.01 real, 12 MB
[runlim] sample:		0.46 time, 15480.01 real, 12 MB
[runlim] sample:		0.46 time, 15490.01 real, 12 MB
[runlim] sample:		0.46 time, 15500.01 real, 12 MB
[runlim] sample:		0.46 time, 15510.01 real, 12 MB
[runlim] sample:		0.46 time, 15520.01 real, 12 MB
[runlim] sample:		0.46 time, 15530.01 real, 12 MB
[runlim] sample:		0.46 time, 15540.01 real, 12 MB
[runlim] sample:		0.46 time, 15550.01 real, 12 MB
[runlim] sample:		0.46 time, 15560.01 real, 12 MB
[runlim] sample:		0.46 time, 15570.01 real, 12 MB
[runlim] sample:		0.46 time, 15580.01 real, 12 MB
[runlim] sample:		0.46 time, 15590.01 real, 12 MB
[runlim] sample:		0.46 time, 15600.01 real, 12 MB
[runlim] sample:		0.46 time, 15610.01 real, 12 MB
[runlim] sample:		0.46 time, 15620.01 real, 12 MB
[runlim] sample:		0.46 time, 15630.01 real, 12 MB
[runlim] sample:		0.46 time, 15640.01 real, 12 MB
[runlim] sample:		0.46 time, 15650.01 real, 12 MB
[runlim] sample:		0.46 time, 15660.01 real, 12 MB
[runlim] sample:		0.46 time, 15670.01 real, 12 MB
[runlim] sample:		0.46 time, 15680.01 real, 12 MB
[runlim] sample:		0.46 time, 15690.01 real, 12 MB
[runlim] sample:		0.46 time, 15700.01 real, 12 MB
[runlim] sample:		0.46 time, 15710.01 real, 12 MB
[runlim] sample:		0.46 time, 15720.01 real, 12 MB
[runlim] sample:		0.46 time, 15730.01 real, 12 MB
[runlim] sample:		0.46 time, 15740.01 real, 12 MB
[runlim] sample:		0.46 time, 15750.01 real, 12 MB
[runlim] sample:		0.46 time, 15760.01 real, 12 MB
[runlim] sample:		0.46 time, 15770.01 real, 12 MB
[runlim] sample:		0.46 time, 15780.01 real, 12 MB
[runlim] sample:		0.46 time, 15790.01 real, 12 MB
[runlim] sample:		0.46 time, 15800.01 real, 12 MB
[runlim] sample:		0.46 time, 15810.01 real, 12 MB
[runlim] sample:		0.46 time, 15820.01 real, 12 MB
[runlim] sample:		0.46 time, 15830.01 real, 12 MB
[runlim] sample:		0.46 time, 15840.01 real, 12 MB
[runlim] sample:		0.46 time, 15850.01 real, 12 MB
[runlim] sample:		0.46 time, 15860.01 real, 12 MB
[runlim] sample:		0.46 time, 15870.01 real, 12 MB
[runlim] sample:		0.46 time, 15880.01 real, 12 MB
[runlim] sample:		0.46 time, 15890.01 real, 12 MB
[runlim] sample:		0.46 time, 15900.01 real, 12 MB
[runlim] sample:		0.46 time, 15910.01 real, 12 MB
[runlim] sample:		0.46 time, 15920.01 real, 12 MB
[runlim] sample:		0.46 time, 15930.01 real, 12 MB
[runlim] sample:		0.46 time, 15940.01 real, 12 MB
[runlim] sample:		0.46 time, 15950.01 real, 12 MB
[runlim] sample:		0.46 time, 15960.01 real, 12 MB
[runlim] sample:		0.46 time, 15970.01 real, 12 MB
[runlim] sample:		0.46 time, 15980.01 real, 12 MB
[runlim] sample:		0.46 time, 15990.01 real, 12 MB
[runlim] sample:		0.46 time, 16000.01 real, 12 MB
[runlim] sample:		0.46 time, 16010.01 real, 12 MB
[runlim] sample:		0.46 time, 16020.01 real, 12 MB
[runlim] sample:		0.46 time, 16030.01 real, 12 MB
[runlim] sample:		0.46 time, 16040.01 real, 12 MB
[runlim] sample:		0.46 time, 16050.01 real, 12 MB
[runlim] sample:		0.46 time, 16060.01 real, 12 MB
[runlim] sample:		0.46 time, 16070.01 real, 12 MB
[runlim] sample:		0.46 time, 16080.01 real, 12 MB
[runlim] sample:		0.46 time, 16090.01 real, 12 MB
[runlim] sample:		0.46 time, 16100.01 real, 12 MB
[runlim] sample:		0.46 time, 16110.01 real, 12 MB
[runlim] sample:		0.46 time, 16120.01 real, 12 MB
[runlim] sample:		0.46 time, 16130.01 real, 12 MB
[runlim] sample:		0.46 time, 16140.01 real, 12 MB
[runlim] sample:		0.46 time, 16150.01 real, 12 MB
[runlim] sample:		0.46 time, 16160.01 real, 12 MB
[runlim] sample:		0.46 time, 16170.01 real, 12 MB
[runlim] sample:		0.46 time, 16180.01 real, 12 MB
[runlim] sample:		0.46 time, 16190.01 real, 12 MB
[runlim] sample:		0.46 time, 16200.01 real, 12 MB
[runlim] sample:		0.46 time, 16210.01 real, 12 MB
[runlim] sample:		0.46 time, 16220.01 real, 12 MB
[runlim] sample:		0.46 time, 16230.01 real, 12 MB
[runlim] sample:		0.46 time, 16240.01 real, 12 MB
[runlim] sample:		0.46 time, 16250.01 real, 12 MB
[runlim] sample:		0.46 time, 16260.01 real, 12 MB
[runlim] sample:		0.46 time, 16270.01 real, 12 MB
[runlim] sample:		0.46 time, 16280.01 real, 12 MB
[runlim] sample:		0.46 time, 16290.01 real, 12 MB
[runlim] sample:		0.46 time, 16300.01 real, 12 MB
[runlim] sample:		0.46 time, 16310.01 real, 12 MB
[runlim] sample:		0.46 time, 16320.01 real, 12 MB
[runlim] sample:		0.46 time, 16330.01 real, 12 MB
[runlim] sample:		0.46 time, 16340.01 real, 12 MB
[runlim] sample:		0.46 time, 16350.01 real, 12 MB
[runlim] sample:		0.46 time, 16360.01 real, 12 MB
[runlim] sample:		0.46 time, 16370.01 real, 12 MB
[runlim] sample:		0.46 time, 16380.01 real, 12 MB
[runlim] sample:		0.46 time, 16390.01 real, 12 MB
[runlim] sample:		0.46 time, 16400.01 real, 12 MB
[runlim] sample:		0.46 time, 16410.01 real, 12 MB
[runlim] sample:		0.46 time, 16420.01 real, 12 MB
[runlim] sample:		0.46 time, 16430.01 real, 12 MB
[runlim] sample:		0.46 time, 16440.01 real, 12 MB
[runlim] sample:		0.46 time, 16450.01 real, 12 MB
[runlim] sample:		0.46 time, 16460.01 real, 12 MB
[runlim] sample:		0.46 time, 16470.01 real, 12 MB
[runlim] sample:		0.46 time, 16480.01 real, 12 MB
[runlim] sample:		0.46 time, 16490.01 real, 12 MB
[runlim] sample:		0.46 time, 16500.01 real, 12 MB
[runlim] sample:		0.46 time, 16510.01 real, 12 MB
[runlim] sample:		0.46 time, 16520.01 real, 12 MB
[runlim] sample:		0.46 time, 16530.01 real, 12 MB
[runlim] sample:		0.46 time, 16540.01 real, 12 MB
[runlim] sample:		0.46 time, 16550.01 real, 12 MB
[runlim] sample:		0.46 time, 16560.01 real, 12 MB
[runlim] sample:		0.46 time, 16570.01 real, 12 MB
[runlim] sample:		0.46 time, 16580.01 real, 12 MB
[runlim] sample:		0.46 time, 16590.01 real, 12 MB
[runlim] sample:		0.46 time, 16600.01 real, 12 MB
[runlim] sample:		0.46 time, 16610.01 real, 12 MB
[runlim] sample:		0.46 time, 16620.01 real, 12 MB
[runlim] sample:		0.46 time, 16630.01 real, 12 MB
[runlim] sample:		0.46 time, 16640.01 real, 12 MB
[runlim] sample:		0.46 time, 16650.01 real, 12 MB
[runlim] sample:		0.46 time, 16660.01 real, 12 MB
[runlim] sample:		0.46 time, 16670.01 real, 12 MB
[runlim] sample:		0.46 time, 16680.01 real, 12 MB
[runlim] sample:		0.46 time, 16690.01 real, 12 MB
[runlim] sample:		0.46 time, 16700.01 real, 12 MB
[runlim] sample:		0.46 time, 16710.01 real, 12 MB
[runlim] sample:		0.46 time, 16720.01 real, 12 MB
[runlim] sample:		0.46 time, 16730.01 real, 12 MB
[runlim] sample:		0.46 time, 16740.01 real, 12 MB
[runlim] sample:		0.46 time, 16750.01 real, 12 MB
[runlim] sample:		0.46 time, 16760.01 real, 12 MB
[runlim] sample:		0.46 time, 16770.01 real, 12 MB
[runlim] sample:		0.46 time, 16780.01 real, 12 MB
[runlim] sample:		0.46 time, 16790.01 real, 12 MB
[runlim] sample:		0.46 time, 16800.01 real, 12 MB
[runlim] sample:		0.46 time, 16810.01 real, 12 MB
[runlim] sample:		0.46 time, 16820.01 real, 12 MB
[runlim] sample:		0.46 time, 16830.01 real, 12 MB
[runlim] sample:		0.46 time, 16840.01 real, 12 MB
[runlim] sample:		0.46 time, 16850.01 real, 12 MB
[runlim] sample:		0.46 time, 16860.01 real, 12 MB
[runlim] sample:		0.46 time, 16870.01 real, 12 MB
[runlim] sample:		0.46 time, 16880.01 real, 12 MB
[runlim] sample:		0.46 time, 16890.01 real, 12 MB
[runlim] sample:		0.46 time, 16900.01 real, 12 MB
[runlim] sample:		0.46 time, 16910.01 real, 12 MB
[runlim] sample:		0.46 time, 16920.01 real, 12 MB
