count_stat.cas.0.asm
count_stat.cas.1.asm
count_stat.cas.2.asm
count_stat.checker.asm
. z3-functional.mmap
# tid	pc	cmd	arg	accu	mem	adr	val	full	heap
1	inc	MEM	0	0	0	0	0	0	{}	# 0
1	1	ADDI	1	0	0	0	0	0	{}	# 1
1	2	CAS	0	1	0	0	0	0	{}	# 2
1	3	JZ	inc	1	0	0	0	0	{(0,1)}	# 3
1	4	LOAD	11	1	0	0	0	0	{}	# 4
1	5	SUBI	1	2	0	0	0	0	{}	# 5
2	inc	MEM	0	0	0	0	0	0	{}	# 6
1	6	STORE	11	1	0	0	0	0	{}	# 7
2	1	ADDI	1	1	1	0	0	0	{}	# 8
2	2	CAS	0	2	1	0	0	0	{}	# 9
2	3	JZ	inc	1	1	0	0	0	{(0,2)}	# 10
0	inc	MEM	0	0	0	0	0	0	{}	# 11
2	4	LOAD	12	1	1	0	0	0	{}	# 12
0	1	ADDI	1	2	2	0	0	0	{}	# 13
3	0	CHECK	0	0	0	0	0	0	{}	# 14
0	2	CAS	0	3	2	0	0	0	{}	# 15
2	5	SUBI	1	1	1	0	0	0	{(0,3)}	# 16
0	3	JZ	inc	1	2	0	0	0	{}	# 17
0	4	LOAD	10	1	2	0	0	0	{}	# 18
0	5	SUBI	1	2	2	0	0	0	{}	# 19
0	6	STORE	10	1	2	0	0	0	{}	# 20
0	7	FLUSH	-	1	2	10	1	1	{}	# 21
0	7	JNZ	inc	1	2	10	1	0	{(10,1)}	# 22
0	inc	MEM	0	1	2	10	1	0	{}	# 23
0	1	ADDI	1	3	3	10	1	0	{}	# 24
1	7	FLUSH	-	1	0	11	1	1	{}	# 25
0	2	CAS	0	4	3	10	1	0	{(11,1)}	# 26
0	3	JZ	inc	1	3	10	1	0	{(0,4)}	# 27
0	4	LOAD	10	1	3	10	1	0	{}	# 28
2	6	STORE	12	0	1	0	0	0	{}	# 29
1	7	JNZ	inc	1	0	11	1	0	{}	# 30
2	7	FLUSH	-	0	1	12	0	1	{}	# 31
2	7	JNZ	inc	0	1	12	0	0	{(12,0)}	# 32
0	5	SUBI	1	1	3	10	1	0	{}	# 33
0	6	STORE	10	0	3	10	1	0	{}	# 34
1	inc	MEM	0	1	0	11	1	0	{}	# 35
0	7	FLUSH	-	0	3	10	0	1	{}	# 36
1	1	ADDI	1	4	4	11	1	0	{(10,0)}	# 37
1	2	CAS	0	5	4	11	1	0	{}	# 38
1	3	JZ	inc	1	4	11	1	0	{(0,5)}	# 39
1	4	LOAD	11	1	4	11	1	0	{}	# 40
1	5	SUBI	1	1	4	11	1	0	{}	# 41
1	6	STORE	11	0	4	11	1	0	{}	# 42
1	7	JNZ	inc	0	4	11	0	1	{}	# 43
1	8	FLUSH	-	0	4	11	0	1	{}	# 44
0	7	JNZ	inc	0	3	10	0	0	{(11,0)}	# 45
1	8	CHECK	0	0	4	11	0	0	{}	# 46
2	8	CHECK	0	0	1	12	0	0	{}	# 47
0	8	CHECK	0	0	3	10	0	0	{}	# 48
3	1	ADDI	6	0	0	0	0	0	{}	# 49
3	2	CMP	0	6	0	0	0	0	{}	# 50
3	3	JNZ	error	1	0	0	0	0	{}	# 51
3	error	EXIT	1	1	0	0	0	0	{}	# 52
