[runlim] version:		1.21
[runlim] host:			c3n15
[runlim] time limit:		86400 seconds
[runlim] real time limit:	86400 seconds
[runlim] space limit:		8000 MB
[runlim] argv[0]:		concubine
[runlim] argv[1]:		solve
[runlim] argv[2]:		-v
[runlim] argv[3]:		-s
[runlim] argv[4]:		z3
[runlim] argv[5]:		-e
[runlim] argv[6]:		smtlib
[runlim] argv[7]:		-m
[runlim] argv[8]:		init.mmap
[runlim] argv[9]:		-o
[runlim] argv[10]:		z3-functional
[runlim] argv[11]:		185
[runlim] argv[12]:		count_stat.cas.0.asm
[runlim] argv[13]:		count_stat.cas.1.asm
[runlim] argv[14]:		count_stat.cas.2.asm
[runlim] argv[15]:		count_stat.checker.asm
[runlim] start:			Tue Dec  1 16:38:17 2020
[runlim] child:			6694
[runlim] sample:		9.91 time, 10.01 real, 544 MB
[runlim] sample:		19.91 time, 20.01 real, 534 MB
[runlim] sample:		29.90 time, 30.01 real, 599 MB
[runlim] sample:		39.91 time, 40.01 real, 599 MB
[runlim] sample:		49.91 time, 50.01 real, 651 MB
[runlim] sample:		59.91 time, 60.01 real, 675 MB
[runlim] sample:		69.91 time, 70.01 real, 708 MB
[runlim] sample:		79.90 time, 80.01 real, 774 MB
[runlim] sample:		89.90 time, 90.01 real, 798 MB
[runlim] sample:		99.91 time, 100.01 real, 846 MB
[runlim] sample:		109.91 time, 110.01 real, 670 MB
[runlim] sample:		119.91 time, 120.01 real, 670 MB
[runlim] sample:		129.91 time, 130.01 real, 670 MB
[runlim] sample:		139.91 time, 140.01 real, 670 MB
[runlim] sample:		149.91 time, 150.01 real, 670 MB
[runlim] sample:		159.91 time, 160.01 real, 670 MB
[runlim] sample:		169.91 time, 170.01 real, 670 MB
[runlim] sample:		179.91 time, 180.01 real, 670 MB
[runlim] sample:		189.91 time, 190.01 real, 670 MB
[runlim] sample:		199.91 time, 200.01 real, 670 MB
[runlim] sample:		209.91 time, 210.01 real, 670 MB
[runlim] sample:		219.91 time, 220.01 real, 670 MB
[runlim] sample:		229.91 time, 230.01 real, 670 MB
[runlim] sample:		239.91 time, 240.01 real, 670 MB
[runlim] sample:		249.91 time, 250.01 real, 670 MB
[runlim] sample:		259.91 time, 260.01 real, 670 MB
[runlim] sample:		269.91 time, 270.01 real, 670 MB
[runlim] sample:		279.91 time, 280.01 real, 670 MB
[runlim] sample:		289.91 time, 290.01 real, 670 MB
[runlim] sample:		299.91 time, 300.01 real, 670 MB
[runlim] sample:		309.91 time, 310.01 real, 670 MB
[runlim] sample:		319.91 time, 320.01 real, 670 MB
[runlim] sample:		329.91 time, 330.01 real, 670 MB
[runlim] sample:		339.91 time, 340.01 real, 670 MB
[runlim] sample:		349.91 time, 350.01 real, 670 MB
[runlim] sample:		359.91 time, 360.01 real, 670 MB
[runlim] sample:		369.91 time, 370.01 real, 670 MB
[runlim] sample:		379.91 time, 380.01 real, 670 MB
[runlim] sample:		389.91 time, 390.01 real, 670 MB
[runlim] sample:		399.91 time, 400.01 real, 670 MB
[runlim] sample:		409.91 time, 410.01 real, 670 MB
[runlim] sample:		419.91 time, 420.01 real, 670 MB
[runlim] sample:		429.91 time, 430.01 real, 670 MB
[runlim] sample:		439.91 time, 440.01 real, 670 MB
[runlim] sample:		449.91 time, 450.01 real, 670 MB
[runlim] sample:		459.91 time, 460.01 real, 670 MB
[runlim] sample:		469.91 time, 470.01 real, 670 MB
[runlim] sample:		479.91 time, 480.01 real, 670 MB
[runlim] sample:		489.91 time, 490.01 real, 670 MB
[runlim] sample:		499.91 time, 500.01 real, 670 MB
[runlim] sample:		509.91 time, 510.01 real, 670 MB
[runlim] sample:		519.91 time, 520.01 real, 670 MB
[runlim] sample:		529.91 time, 530.01 real, 670 MB
[runlim] sample:		539.91 time, 540.01 real, 670 MB
[runlim] sample:		549.91 time, 550.01 real, 670 MB
[runlim] sample:		559.91 time, 560.01 real, 670 MB
[runlim] sample:		569.91 time, 570.01 real, 670 MB
[runlim] sample:		579.90 time, 580.01 real, 670 MB
[runlim] sample:		589.90 time, 590.01 real, 670 MB
[runlim] sample:		599.90 time, 600.01 real, 670 MB
[runlim] sample:		609.90 time, 610.01 real, 670 MB
[runlim] sample:		619.90 time, 620.01 real, 670 MB
[runlim] sample:		629.90 time, 630.01 real, 670 MB
[runlim] sample:		639.90 time, 640.01 real, 670 MB
[runlim] sample:		649.90 time, 650.01 real, 670 MB
[runlim] sample:		659.90 time, 660.01 real, 670 MB
[runlim] sample:		669.90 time, 670.01 real, 670 MB
[runlim] sample:		679.90 time, 680.01 real, 670 MB
[runlim] sample:		689.90 time, 690.01 real, 670 MB
[runlim] sample:		699.90 time, 700.01 real, 670 MB
[runlim] sample:		709.90 time, 710.01 real, 670 MB
[runlim] sample:		719.90 time, 720.01 real, 670 MB
[runlim] sample:		729.90 time, 730.01 real, 670 MB
[runlim] sample:		739.90 time, 740.01 real, 670 MB
[runlim] sample:		749.90 time, 750.01 real, 670 MB
[runlim] sample:		759.90 time, 760.01 real, 670 MB
[runlim] sample:		769.90 time, 770.01 real, 670 MB
[runlim] sample:		779.90 time, 780.01 real, 670 MB
[runlim] sample:		789.90 time, 790.01 real, 670 MB
[runlim] sample:		799.90 time, 800.01 real, 670 MB
[runlim] sample:		809.90 time, 810.01 real, 670 MB
[runlim] sample:		819.90 time, 820.01 real, 670 MB
[runlim] sample:		829.90 time, 830.01 real, 670 MB
[runlim] sample:		839.90 time, 840.01 real, 670 MB
[runlim] sample:		849.90 time, 850.01 real, 670 MB
[runlim] sample:		859.90 time, 860.01 real, 670 MB
[runlim] sample:		869.90 time, 870.01 real, 670 MB
[runlim] sample:		879.90 time, 880.01 real, 670 MB
[runlim] sample:		889.90 time, 890.01 real, 670 MB
[runlim] sample:		899.90 time, 900.01 real, 670 MB
[runlim] sample:		909.90 time, 910.01 real, 670 MB
[runlim] sample:		919.90 time, 920.01 real, 670 MB
[runlim] sample:		929.90 time, 930.01 real, 670 MB
[runlim] sample:		939.90 time, 940.01 real, 670 MB
[runlim] sample:		949.90 time, 950.01 real, 670 MB
[runlim] sample:		959.90 time, 960.01 real, 670 MB
[runlim] sample:		969.90 time, 970.01 real, 670 MB
[runlim] sample:		979.90 time, 980.01 real, 670 MB
[runlim] sample:		989.90 time, 990.01 real, 670 MB
[runlim] sample:		999.90 time, 1000.01 real, 670 MB
[runlim] sample:		1009.90 time, 1010.01 real, 670 MB
[runlim] sample:		1019.90 time, 1020.01 real, 670 MB
[runlim] sample:		1029.90 time, 1030.01 real, 670 MB
[runlim] sample:		1039.90 time, 1040.01 real, 670 MB
[runlim] sample:		1049.90 time, 1050.01 real, 670 MB
[runlim] sample:		1059.90 time, 1060.01 real, 670 MB
[runlim] sample:		1069.90 time, 1070.01 real, 670 MB
[runlim] sample:		1079.90 time, 1080.01 real, 670 MB
[runlim] sample:		1089.90 time, 1090.01 real, 670 MB
[runlim] sample:		1099.90 time, 1100.01 real, 670 MB
[runlim] sample:		1109.90 time, 1110.01 real, 670 MB
[runlim] sample:		1119.90 time, 1120.01 real, 670 MB
[runlim] sample:		1129.90 time, 1130.01 real, 670 MB
[runlim] sample:		1139.90 time, 1140.01 real, 670 MB
[runlim] sample:		1149.90 time, 1150.01 real, 670 MB
[runlim] sample:		1159.90 time, 1160.01 real, 670 MB
[runlim] sample:		1169.90 time, 1170.01 real, 670 MB
[runlim] sample:		1179.90 time, 1180.01 real, 670 MB
[runlim] sample:		1189.90 time, 1190.01 real, 670 MB
[runlim] sample:		1199.90 time, 1200.01 real, 670 MB
[runlim] sample:		1209.90 time, 1210.01 real, 670 MB
[runlim] sample:		1219.90 time, 1220.01 real, 670 MB
[runlim] sample:		1229.90 time, 1230.01 real, 670 MB
[runlim] sample:		1239.90 time, 1240.01 real, 670 MB
[runlim] sample:		1249.90 time, 1250.01 real, 1169 MB
[runlim] sample:		1259.90 time, 1260.01 real, 1742 MB
[runlim] sample:		1269.90 time, 1270.01 real, 2008 MB
[runlim] sample:		1279.90 time, 1280.01 real, 2145 MB
[runlim] sample:		1289.90 time, 1290.01 real, 2164 MB
[runlim] sample:		1299.90 time, 1300.01 real, 2169 MB
[runlim] sample:		1309.90 time, 1310.01 real, 2174 MB
[runlim] sample:		1319.90 time, 1320.01 real, 2179 MB
[runlim] sample:		1329.90 time, 1330.01 real, 2184 MB
[runlim] sample:		1339.90 time, 1340.01 real, 2187 MB
[runlim] sample:		1349.90 time, 1350.01 real, 2191 MB
[runlim] sample:		1359.89 time, 1360.01 real, 2196 MB
[runlim] sample:		1369.90 time, 1370.01 real, 2196 MB
[runlim] sample:		1379.90 time, 1380.01 real, 2196 MB
[runlim] sample:		1389.90 time, 1390.01 real, 2202 MB
[runlim] sample:		1399.90 time, 1400.01 real, 2202 MB
[runlim] sample:		1409.90 time, 1410.01 real, 2237 MB
[runlim] sample:		1419.90 time, 1420.01 real, 2443 MB
[runlim] sample:		1429.89 time, 1430.01 real, 2449 MB
[runlim] sample:		1439.89 time, 1440.01 real, 2449 MB
[runlim] sample:		1449.90 time, 1450.01 real, 2449 MB
[runlim] sample:		1459.90 time, 1460.01 real, 2449 MB
[runlim] sample:		1469.90 time, 1470.01 real, 2449 MB
[runlim] sample:		1479.90 time, 1480.01 real, 2451 MB
[runlim] sample:		1489.90 time, 1490.01 real, 2451 MB
[runlim] sample:		1499.90 time, 1500.01 real, 2451 MB
[runlim] sample:		1509.90 time, 1510.01 real, 2451 MB
[runlim] sample:		1519.90 time, 1520.01 real, 2451 MB
[runlim] sample:		1529.89 time, 1530.01 real, 2451 MB
[runlim] sample:		1539.89 time, 1540.01 real, 2451 MB
[runlim] sample:		1549.89 time, 1550.01 real, 2451 MB
[runlim] sample:		1559.89 time, 1560.01 real, 2451 MB
[runlim] sample:		1569.90 time, 1570.01 real, 2451 MB
[runlim] sample:		1579.90 time, 1580.01 real, 2451 MB
[runlim] sample:		1589.90 time, 1590.01 real, 2451 MB
[runlim] sample:		1599.90 time, 1600.01 real, 2451 MB
[runlim] sample:		1609.89 time, 1610.01 real, 2451 MB
[runlim] sample:		1619.89 time, 1620.01 real, 2451 MB
[runlim] sample:		1629.89 time, 1630.01 real, 2451 MB
[runlim] sample:		1639.89 time, 1640.01 real, 2451 MB
[runlim] sample:		1649.90 time, 1650.01 real, 2451 MB
[runlim] sample:		1659.90 time, 1660.01 real, 2451 MB
[runlim] sample:		1669.90 time, 1670.01 real, 2451 MB
[runlim] sample:		1679.89 time, 1680.01 real, 2456 MB
[runlim] sample:		1689.90 time, 1690.01 real, 2456 MB
[runlim] sample:		1699.90 time, 1700.01 real, 2456 MB
[runlim] sample:		1709.90 time, 1710.01 real, 2456 MB
[runlim] sample:		1719.90 time, 1720.01 real, 2456 MB
[runlim] sample:		1729.89 time, 1730.01 real, 2456 MB
[runlim] sample:		1739.89 time, 1740.01 real, 2456 MB
[runlim] sample:		1749.89 time, 1750.01 real, 2456 MB
[runlim] sample:		1759.89 time, 1760.01 real, 2456 MB
[runlim] sample:		1769.89 time, 1770.01 real, 2456 MB
[runlim] sample:		1779.89 time, 1780.01 real, 2462 MB
[runlim] sample:		1789.89 time, 1790.01 real, 2462 MB
[runlim] sample:		1799.89 time, 1800.01 real, 2462 MB
[runlim] sample:		1809.90 time, 1810.01 real, 2462 MB
[runlim] sample:		1819.90 time, 1820.01 real, 2462 MB
[runlim] sample:		1829.90 time, 1830.01 real, 2462 MB
[runlim] sample:		1839.90 time, 1840.01 real, 2462 MB
[runlim] sample:		1849.89 time, 1850.01 real, 2462 MB
[runlim] sample:		1859.89 time, 1860.01 real, 2462 MB
[runlim] sample:		1869.90 time, 1870.01 real, 2462 MB
[runlim] sample:		1879.89 time, 1880.01 real, 2462 MB
[runlim] sample:		1889.89 time, 1890.01 real, 2462 MB
[runlim] sample:		1899.89 time, 1900.01 real, 2462 MB
[runlim] sample:		1909.89 time, 1910.01 real, 2462 MB
[runlim] sample:		1919.90 time, 1920.01 real, 2462 MB
[runlim] sample:		1929.89 time, 1930.01 real, 2462 MB
[runlim] sample:		1939.89 time, 1940.01 real, 2462 MB
[runlim] sample:		1949.89 time, 1950.01 real, 2462 MB
[runlim] sample:		1959.89 time, 1960.01 real, 2462 MB
[runlim] sample:		1969.89 time, 1970.01 real, 2462 MB
[runlim] sample:		1979.90 time, 1980.01 real, 2462 MB
[runlim] sample:		1989.89 time, 1990.01 real, 2463 MB
[runlim] sample:		1999.89 time, 2000.01 real, 2463 MB
[runlim] sample:		2009.89 time, 2010.01 real, 2463 MB
[runlim] sample:		2019.89 time, 2020.01 real, 2463 MB
[runlim] sample:		2029.89 time, 2030.01 real, 2463 MB
[runlim] sample:		2039.90 time, 2040.01 real, 2463 MB
[runlim] sample:		2049.89 time, 2050.01 real, 2463 MB
[runlim] sample:		2059.89 time, 2060.01 real, 2465 MB
[runlim] sample:		2069.89 time, 2070.01 real, 2465 MB
[runlim] sample:		2079.89 time, 2080.01 real, 2465 MB
[runlim] sample:		2089.89 time, 2090.01 real, 2465 MB
[runlim] sample:		2099.90 time, 2100.01 real, 2465 MB
[runlim] sample:		2109.90 time, 2110.01 real, 2465 MB
[runlim] sample:		2119.89 time, 2120.01 real, 2465 MB
[runlim] sample:		2129.89 time, 2130.01 real, 2465 MB
[runlim] sample:		2139.89 time, 2140.01 real, 2465 MB
[runlim] sample:		2149.89 time, 2150.01 real, 2466 MB
[runlim] sample:		2159.89 time, 2160.01 real, 2466 MB
[runlim] sample:		2169.89 time, 2170.01 real, 2466 MB
[runlim] sample:		2179.89 time, 2180.01 real, 2466 MB
[runlim] sample:		2189.89 time, 2190.01 real, 2466 MB
[runlim] sample:		2199.89 time, 2200.01 real, 2466 MB
[runlim] sample:		2209.89 time, 2210.01 real, 2467 MB
[runlim] sample:		2219.89 time, 2220.01 real, 2467 MB
[runlim] sample:		2229.89 time, 2230.01 real, 2467 MB
[runlim] sample:		2239.89 time, 2240.01 real, 2467 MB
[runlim] sample:		2249.89 time, 2250.01 real, 2468 MB
[runlim] sample:		2259.89 time, 2260.01 real, 2468 MB
[runlim] sample:		2269.89 time, 2270.01 real, 2468 MB
[runlim] sample:		2279.89 time, 2280.01 real, 2468 MB
[runlim] sample:		2289.89 time, 2290.01 real, 2468 MB
[runlim] sample:		2299.89 time, 2300.01 real, 2469 MB
[runlim] sample:		2309.89 time, 2310.01 real, 2469 MB
[runlim] sample:		2319.89 time, 2320.01 real, 2469 MB
[runlim] sample:		2329.89 time, 2330.01 real, 2469 MB
[runlim] sample:		2339.89 time, 2340.01 real, 2469 MB
[runlim] sample:		2349.88 time, 2350.01 real, 2469 MB
[runlim] sample:		2359.89 time, 2360.01 real, 2469 MB
[runlim] sample:		2369.89 time, 2370.01 real, 2470 MB
[runlim] sample:		2379.89 time, 2380.01 real, 2472 MB
[runlim] sample:		2389.89 time, 2390.01 real, 2473 MB
[runlim] sample:		2399.88 time, 2400.01 real, 2473 MB
[runlim] sample:		2409.89 time, 2410.01 real, 2474 MB
[runlim] sample:		2419.89 time, 2420.01 real, 2474 MB
[runlim] sample:		2429.89 time, 2430.01 real, 2474 MB
[runlim] sample:		2439.89 time, 2440.01 real, 2474 MB
[runlim] sample:		2449.88 time, 2450.01 real, 2474 MB
[runlim] sample:		2459.89 time, 2460.01 real, 2474 MB
[runlim] sample:		2469.89 time, 2470.01 real, 2474 MB
[runlim] sample:		2479.89 time, 2480.01 real, 2474 MB
[runlim] sample:		2489.89 time, 2490.01 real, 2474 MB
[runlim] sample:		2499.89 time, 2500.01 real, 2474 MB
[runlim] sample:		2509.88 time, 2510.01 real, 2474 MB
[runlim] sample:		2519.89 time, 2520.01 real, 2475 MB
[runlim] sample:		2529.89 time, 2530.01 real, 2475 MB
[runlim] sample:		2539.89 time, 2540.01 real, 2475 MB
[runlim] sample:		2549.89 time, 2550.01 real, 2475 MB
[runlim] sample:		2559.89 time, 2560.01 real, 2475 MB
[runlim] sample:		2569.88 time, 2570.01 real, 2475 MB
[runlim] sample:		2579.89 time, 2580.01 real, 2475 MB
[runlim] sample:		2589.88 time, 2590.01 real, 2475 MB
[runlim] sample:		2599.88 time, 2600.01 real, 2475 MB
[runlim] sample:		2609.89 time, 2610.01 real, 2476 MB
[runlim] sample:		2619.89 time, 2620.01 real, 2476 MB
[runlim] sample:		2629.88 time, 2630.01 real, 2476 MB
[runlim] sample:		2639.89 time, 2640.01 real, 2476 MB
[runlim] sample:		2649.89 time, 2650.01 real, 2477 MB
[runlim] sample:		2659.88 time, 2660.01 real, 2477 MB
[runlim] sample:		2669.89 time, 2670.01 real, 2478 MB
[runlim] sample:		2679.89 time, 2680.01 real, 2478 MB
[runlim] sample:		2689.88 time, 2690.01 real, 2478 MB
[runlim] sample:		2699.89 time, 2700.01 real, 2478 MB
[runlim] sample:		2709.89 time, 2710.01 real, 2478 MB
[runlim] sample:		2719.88 time, 2720.01 real, 2478 MB
[runlim] sample:		2729.89 time, 2730.01 real, 2478 MB
[runlim] sample:		2739.89 time, 2740.01 real, 2478 MB
[runlim] sample:		2749.89 time, 2750.01 real, 2478 MB
[runlim] sample:		2759.89 time, 2760.01 real, 2479 MB
[runlim] sample:		2769.88 time, 2770.01 real, 2479 MB
[runlim] sample:		2779.89 time, 2780.01 real, 2479 MB
[runlim] sample:		2789.89 time, 2790.01 real, 2479 MB
[runlim] sample:		2799.88 time, 2800.01 real, 2479 MB
[runlim] sample:		2809.88 time, 2810.01 real, 2479 MB
[runlim] sample:		2819.88 time, 2820.01 real, 2479 MB
[runlim] sample:		2829.89 time, 2830.01 real, 2479 MB
[runlim] sample:		2839.88 time, 2840.01 real, 2480 MB
[runlim] sample:		2849.88 time, 2850.01 real, 2480 MB
[runlim] sample:		2859.89 time, 2860.01 real, 2480 MB
[runlim] sample:		2869.88 time, 2870.01 real, 2480 MB
[runlim] sample:		2879.88 time, 2880.01 real, 2480 MB
[runlim] sample:		2889.89 time, 2890.01 real, 2481 MB
[runlim] sample:		2899.88 time, 2900.01 real, 2481 MB
[runlim] sample:		2909.88 time, 2910.01 real, 2481 MB
[runlim] sample:		2919.89 time, 2920.01 real, 2481 MB
[runlim] sample:		2929.89 time, 2930.01 real, 2482 MB
[runlim] sample:		2939.88 time, 2940.01 real, 2482 MB
[runlim] sample:		2949.89 time, 2950.01 real, 2482 MB
[runlim] sample:		2959.88 time, 2960.01 real, 2482 MB
[runlim] sample:		2969.88 time, 2970.01 real, 2482 MB
[runlim] sample:		2979.88 time, 2980.01 real, 2482 MB
[runlim] sample:		2989.88 time, 2990.01 real, 2482 MB
[runlim] sample:		2999.89 time, 3000.01 real, 2482 MB
[runlim] sample:		3009.88 time, 3010.01 real, 2482 MB
[runlim] sample:		3019.88 time, 3020.01 real, 2483 MB
[runlim] sample:		3029.88 time, 3030.01 real, 2483 MB
[runlim] sample:		3039.88 time, 3040.01 real, 2483 MB
[runlim] sample:		3049.88 time, 3050.01 real, 2484 MB
[runlim] sample:		3059.89 time, 3060.01 real, 2484 MB
[runlim] sample:		3069.89 time, 3070.01 real, 2485 MB
[runlim] sample:		3079.88 time, 3080.01 real, 2486 MB
[runlim] sample:		3089.88 time, 3090.01 real, 2486 MB
[runlim] sample:		3099.88 time, 3100.01 real, 2486 MB
[runlim] sample:		3109.88 time, 3110.01 real, 2487 MB
[runlim] sample:		3119.89 time, 3120.01 real, 2487 MB
[runlim] sample:		3129.88 time, 3130.01 real, 2487 MB
[runlim] sample:		3139.88 time, 3140.01 real, 2487 MB
[runlim] sample:		3149.88 time, 3150.01 real, 2487 MB
[runlim] sample:		3159.88 time, 3160.01 real, 2487 MB
[runlim] sample:		3169.88 time, 3170.01 real, 2487 MB
[runlim] sample:		3179.89 time, 3180.01 real, 2487 MB
[runlim] sample:		3189.89 time, 3190.01 real, 2487 MB
[runlim] sample:		3199.88 time, 3200.01 real, 2487 MB
[runlim] sample:		3209.88 time, 3210.01 real, 2487 MB
[runlim] sample:		3219.88 time, 3220.01 real, 2487 MB
[runlim] sample:		3229.88 time, 3230.01 real, 2487 MB
[runlim] sample:		3239.88 time, 3240.01 real, 2487 MB
[runlim] sample:		3249.88 time, 3250.01 real, 2487 MB
[runlim] sample:		3259.88 time, 3260.01 real, 2487 MB
[runlim] sample:		3269.88 time, 3270.01 real, 2487 MB
[runlim] sample:		3279.88 time, 3280.01 real, 2487 MB
[runlim] sample:		3289.88 time, 3290.01 real, 2487 MB
[runlim] sample:		3299.88 time, 3300.01 real, 2487 MB
[runlim] sample:		3309.88 time, 3310.01 real, 2489 MB
[runlim] sample:		3319.88 time, 3320.01 real, 2489 MB
[runlim] sample:		3329.88 time, 3330.01 real, 2489 MB
[runlim] sample:		3339.88 time, 3340.01 real, 2489 MB
[runlim] sample:		3349.88 time, 3350.01 real, 2490 MB
[runlim] sample:		3359.88 time, 3360.01 real, 2490 MB
[runlim] sample:		3369.88 time, 3370.01 real, 2491 MB
[runlim] sample:		3379.88 time, 3380.01 real, 2491 MB
[runlim] sample:		3389.88 time, 3390.01 real, 2491 MB
[runlim] sample:		3399.88 time, 3400.01 real, 2491 MB
[runlim] sample:		3409.88 time, 3410.01 real, 2491 MB
[runlim] sample:		3419.88 time, 3420.01 real, 2491 MB
[runlim] sample:		3429.88 time, 3430.01 real, 2491 MB
[runlim] sample:		3439.88 time, 3440.01 real, 2491 MB
[runlim] sample:		3449.88 time, 3450.01 real, 2491 MB
[runlim] sample:		3459.88 time, 3460.01 real, 2492 MB
[runlim] sample:		3469.88 time, 3470.01 real, 2492 MB
[runlim] sample:		3479.88 time, 3480.01 real, 2492 MB
[runlim] sample:		3489.88 time, 3490.01 real, 2492 MB
[runlim] sample:		3499.87 time, 3500.01 real, 2492 MB
[runlim] sample:		3509.88 time, 3510.01 real, 2493 MB
[runlim] sample:		3519.88 time, 3520.01 real, 2493 MB
[runlim] sample:		3529.88 time, 3530.01 real, 2493 MB
[runlim] sample:		3539.88 time, 3540.01 real, 2493 MB
[runlim] sample:		3549.88 time, 3550.01 real, 2493 MB
[runlim] sample:		3559.87 time, 3560.01 real, 2493 MB
[runlim] sample:		3569.88 time, 3570.01 real, 2493 MB
[runlim] sample:		3579.88 time, 3580.01 real, 2493 MB
[runlim] sample:		3589.88 time, 3590.01 real, 2493 MB
[runlim] sample:		3599.88 time, 3600.01 real, 2493 MB
[runlim] sample:		3609.88 time, 3610.01 real, 2493 MB
[runlim] sample:		3619.87 time, 3620.01 real, 2493 MB
[runlim] sample:		3629.88 time, 3630.01 real, 2493 MB
[runlim] sample:		3639.88 time, 3640.01 real, 2493 MB
[runlim] sample:		3649.88 time, 3650.01 real, 2493 MB
[runlim] sample:		3659.88 time, 3660.01 real, 2493 MB
[runlim] sample:		3669.88 time, 3670.01 real, 2493 MB
[runlim] sample:		3679.87 time, 3680.01 real, 2493 MB
[runlim] sample:		3689.88 time, 3690.01 real, 2493 MB
[runlim] sample:		3699.88 time, 3700.01 real, 2494 MB
[runlim] sample:		3709.88 time, 3710.01 real, 2494 MB
[runlim] sample:		3719.88 time, 3720.01 real, 2495 MB
[runlim] sample:		3729.88 time, 3730.01 real, 2495 MB
[runlim] sample:		3739.88 time, 3740.01 real, 2499 MB
[runlim] sample:		3749.88 time, 3750.01 real, 2503 MB
[runlim] sample:		3759.88 time, 3760.01 real, 2504 MB
[runlim] sample:		3769.88 time, 3770.01 real, 2504 MB
[runlim] sample:		3779.87 time, 3780.01 real, 2504 MB
[runlim] sample:		3789.88 time, 3790.01 real, 2504 MB
[runlim] sample:		3799.87 time, 3800.01 real, 2504 MB
[runlim] sample:		3809.87 time, 3810.01 real, 2504 MB
[runlim] sample:		3819.88 time, 3820.01 real, 2504 MB
[runlim] sample:		3829.88 time, 3830.01 real, 2504 MB
[runlim] sample:		3839.87 time, 3840.01 real, 2504 MB
[runlim] sample:		3849.88 time, 3850.01 real, 2504 MB
[runlim] sample:		3859.87 time, 3860.01 real, 2504 MB
[runlim] sample:		3869.87 time, 3870.01 real, 2504 MB
[runlim] sample:		3879.88 time, 3880.01 real, 2504 MB
[runlim] sample:		3889.88 time, 3890.01 real, 2504 MB
[runlim] sample:		3899.87 time, 3900.01 real, 2504 MB
[runlim] sample:		3909.88 time, 3910.01 real, 2504 MB
[runlim] sample:		3919.88 time, 3920.01 real, 2504 MB
[runlim] sample:		3929.87 time, 3930.01 real, 2504 MB
[runlim] sample:		3939.88 time, 3940.01 real, 2504 MB
[runlim] sample:		3949.88 time, 3950.01 real, 2504 MB
[runlim] sample:		3959.87 time, 3960.01 real, 2504 MB
[runlim] sample:		3969.88 time, 3970.01 real, 2504 MB
[runlim] sample:		3979.88 time, 3980.01 real, 2504 MB
[runlim] sample:		3989.87 time, 3990.01 real, 2504 MB
[runlim] sample:		3999.88 time, 4000.01 real, 2504 MB
[runlim] sample:		4009.87 time, 4010.01 real, 2504 MB
[runlim] sample:		4019.87 time, 4020.01 real, 2504 MB
[runlim] sample:		4029.88 time, 4030.01 real, 2504 MB
[runlim] sample:		4039.88 time, 4040.01 real, 2504 MB
[runlim] sample:		4049.87 time, 4050.01 real, 2504 MB
[runlim] sample:		4059.88 time, 4060.01 real, 2504 MB
[runlim] sample:		4069.88 time, 4070.01 real, 2505 MB
[runlim] sample:		4079.87 time, 4080.01 real, 2505 MB
[runlim] sample:		4089.87 time, 4090.01 real, 2505 MB
[runlim] sample:		4099.88 time, 4100.01 real, 2505 MB
[runlim] sample:		4109.87 time, 4110.01 real, 2505 MB
[runlim] sample:		4119.87 time, 4120.01 real, 2505 MB
[runlim] sample:		4129.88 time, 4130.01 real, 2505 MB
[runlim] sample:		4139.87 time, 4140.01 real, 2505 MB
[runlim] sample:		4149.87 time, 4150.01 real, 2505 MB
[runlim] sample:		4159.88 time, 4160.01 real, 2505 MB
[runlim] sample:		4169.87 time, 4170.01 real, 2505 MB
[runlim] sample:		4179.87 time, 4180.01 real, 2505 MB
[runlim] sample:		4189.88 time, 4190.01 real, 2505 MB
[runlim] sample:		4199.87 time, 4200.01 real, 2505 MB
[runlim] sample:		4209.87 time, 4210.01 real, 2506 MB
[runlim] sample:		4219.88 time, 4220.01 real, 2506 MB
[runlim] sample:		4229.87 time, 4230.01 real, 2506 MB
[runlim] sample:		4239.87 time, 4240.01 real, 2507 MB
[runlim] sample:		4249.88 time, 4250.01 real, 2507 MB
[runlim] sample:		4259.87 time, 4260.01 real, 2507 MB
[runlim] sample:		4269.87 time, 4270.01 real, 2507 MB
[runlim] sample:		4279.87 time, 4280.01 real, 2508 MB
[runlim] sample:		4289.87 time, 4290.01 real, 2508 MB
[runlim] sample:		4299.88 time, 4300.01 real, 2508 MB
[runlim] sample:		4309.88 time, 4310.01 real, 2508 MB
[runlim] sample:		4319.87 time, 4320.01 real, 2509 MB
[runlim] sample:		4329.87 time, 4330.01 real, 2509 MB
[runlim] sample:		4339.87 time, 4340.01 real, 2509 MB
[runlim] sample:		4349.87 time, 4350.01 real, 2509 MB
[runlim] sample:		4359.88 time, 4360.01 real, 2509 MB
[runlim] sample:		4369.87 time, 4370.01 real, 2509 MB
[runlim] sample:		4379.87 time, 4380.01 real, 2509 MB
[runlim] sample:		4389.87 time, 4390.01 real, 2509 MB
[runlim] sample:		4399.87 time, 4400.01 real, 2510 MB
[runlim] sample:		4409.87 time, 4410.01 real, 2510 MB
[runlim] sample:		4419.88 time, 4420.01 real, 2510 MB
[runlim] sample:		4429.87 time, 4430.01 real, 2510 MB
[runlim] sample:		4439.87 time, 4440.01 real, 2510 MB
[runlim] sample:		4449.87 time, 4450.01 real, 2510 MB
[runlim] sample:		4459.87 time, 4460.01 real, 2510 MB
[runlim] sample:		4469.87 time, 4470.01 real, 2510 MB
[runlim] sample:		4479.88 time, 4480.01 real, 2510 MB
[runlim] sample:		4489.87 time, 4490.01 real, 2510 MB
[runlim] sample:		4499.87 time, 4500.01 real, 2510 MB
[runlim] sample:		4509.87 time, 4510.01 real, 2511 MB
[runlim] sample:		4519.87 time, 4520.01 real, 2511 MB
[runlim] sample:		4529.87 time, 4530.01 real, 2511 MB
[runlim] sample:		4539.87 time, 4540.01 real, 2512 MB
[runlim] sample:		4549.87 time, 4550.01 real, 2512 MB
[runlim] sample:		4559.87 time, 4560.01 real, 2512 MB
[runlim] sample:		4569.87 time, 4570.01 real, 2512 MB
[runlim] sample:		4579.87 time, 4580.01 real, 2512 MB
[runlim] sample:		4589.87 time, 4590.01 real, 2512 MB
[runlim] sample:		4599.87 time, 4600.01 real, 2512 MB
[runlim] sample:		4609.87 time, 4610.01 real, 2512 MB
[runlim] sample:		4619.87 time, 4620.01 real, 2512 MB
[runlim] sample:		4629.87 time, 4630.01 real, 2512 MB
[runlim] sample:		4639.87 time, 4640.01 real, 2512 MB
[runlim] sample:		4649.87 time, 4650.01 real, 2512 MB
[runlim] sample:		4659.87 time, 4660.01 real, 2513 MB
[runlim] sample:		4669.87 time, 4670.01 real, 2513 MB
[runlim] sample:		4679.87 time, 4680.01 real, 2513 MB
[runlim] sample:		4689.87 time, 4690.01 real, 2513 MB
[runlim] sample:		4699.87 time, 4700.01 real, 2513 MB
[runlim] sample:		4709.87 time, 4710.01 real, 2514 MB
[runlim] sample:		4719.87 time, 4720.01 real, 2515 MB
[runlim] sample:		4729.87 time, 4730.01 real, 2515 MB
[runlim] sample:		4739.86 time, 4740.01 real, 2515 MB
[runlim] sample:		4749.87 time, 4750.01 real, 2515 MB
[runlim] sample:		4759.87 time, 4760.01 real, 2515 MB
[runlim] sample:		4769.87 time, 4770.01 real, 2515 MB
[runlim] sample:		4779.87 time, 4780.01 real, 2515 MB
[runlim] sample:		4789.87 time, 4790.01 real, 2515 MB
[runlim] sample:		4799.86 time, 4800.01 real, 2515 MB
[runlim] sample:		4809.87 time, 4810.01 real, 2516 MB
[runlim] sample:		4819.87 time, 4820.01 real, 2517 MB
[runlim] sample:		4829.87 time, 4830.01 real, 2518 MB
[runlim] sample:		4839.87 time, 4840.01 real, 2519 MB
[runlim] sample:		4849.87 time, 4850.01 real, 2519 MB
[runlim] sample:		4859.86 time, 4860.01 real, 2519 MB
[runlim] sample:		4869.87 time, 4870.01 real, 2519 MB
[runlim] sample:		4879.87 time, 4880.01 real, 2519 MB
[runlim] sample:		4889.87 time, 4890.01 real, 2519 MB
[runlim] sample:		4899.87 time, 4900.01 real, 2519 MB
[runlim] sample:		4909.86 time, 4910.01 real, 2519 MB
[runlim] sample:		4919.87 time, 4920.01 real, 2519 MB
[runlim] sample:		4929.87 time, 4930.01 real, 2519 MB
[runlim] sample:		4939.87 time, 4940.01 real, 2519 MB
[runlim] sample:		4949.87 time, 4950.01 real, 2519 MB
[runlim] sample:		4959.87 time, 4960.01 real, 2519 MB
[runlim] sample:		4969.86 time, 4970.01 real, 2519 MB
[runlim] sample:		4979.87 time, 4980.01 real, 2519 MB
[runlim] sample:		4989.87 time, 4990.01 real, 2519 MB
[runlim] sample:		4999.87 time, 5000.01 real, 2519 MB
[runlim] sample:		5009.87 time, 5010.01 real, 2519 MB
[runlim] sample:		5019.86 time, 5020.01 real, 2519 MB
[runlim] sample:		5029.87 time, 5030.01 real, 2519 MB
[runlim] sample:		5039.87 time, 5040.01 real, 2519 MB
[runlim] sample:		5049.87 time, 5050.01 real, 2519 MB
[runlim] sample:		5059.86 time, 5060.01 real, 2519 MB
[runlim] sample:		5069.86 time, 5070.01 real, 2519 MB
[runlim] sample:		5079.86 time, 5080.01 real, 2519 MB
[runlim] sample:		5089.87 time, 5090.01 real, 2519 MB
[runlim] sample:		5099.86 time, 5100.01 real, 2519 MB
[runlim] sample:		5109.87 time, 5110.01 real, 2520 MB
[runlim] sample:		5119.86 time, 5120.01 real, 2520 MB
[runlim] sample:		5129.87 time, 5130.01 real, 2520 MB
[runlim] sample:		5139.87 time, 5140.01 real, 2520 MB
[runlim] sample:		5149.87 time, 5150.01 real, 2520 MB
[runlim] sample:		5159.86 time, 5160.01 real, 2520 MB
[runlim] sample:		5169.86 time, 5170.01 real, 2520 MB
[runlim] sample:		5179.87 time, 5180.01 real, 2520 MB
[runlim] sample:		5189.87 time, 5190.01 real, 2520 MB
[runlim] sample:		5199.87 time, 5200.01 real, 2520 MB
[runlim] sample:		5209.86 time, 5210.01 real, 2520 MB
[runlim] sample:		5219.87 time, 5220.01 real, 2520 MB
[runlim] sample:		5229.86 time, 5230.01 real, 2520 MB
[runlim] sample:		5239.87 time, 5240.01 real, 2520 MB
[runlim] sample:		5249.87 time, 5250.01 real, 2520 MB
[runlim] sample:		5259.87 time, 5260.01 real, 2521 MB
[runlim] sample:		5269.87 time, 5270.01 real, 2521 MB
[runlim] sample:		5279.87 time, 5280.01 real, 2521 MB
[runlim] sample:		5289.86 time, 5290.01 real, 2521 MB
[runlim] sample:		5299.86 time, 5300.01 real, 2521 MB
[runlim] sample:		5309.86 time, 5310.01 real, 2521 MB
[runlim] sample:		5319.86 time, 5320.01 real, 2521 MB
[runlim] sample:		5329.87 time, 5330.01 real, 2521 MB
[runlim] sample:		5339.87 time, 5340.01 real, 2521 MB
[runlim] sample:		5349.86 time, 5350.01 real, 2521 MB
[runlim] sample:		5359.86 time, 5360.01 real, 2521 MB
[runlim] sample:		5369.86 time, 5370.01 real, 2521 MB
[runlim] sample:		5379.86 time, 5380.01 real, 2522 MB
[runlim] sample:		5389.86 time, 5390.01 real, 2522 MB
[runlim] sample:		5399.86 time, 5400.01 real, 2522 MB
[runlim] sample:		5409.87 time, 5410.01 real, 2522 MB
[runlim] sample:		5419.87 time, 5420.01 real, 2522 MB
[runlim] sample:		5429.86 time, 5430.01 real, 2522 MB
[runlim] sample:		5439.87 time, 5440.01 real, 2523 MB
[runlim] sample:		5449.87 time, 5450.01 real, 2523 MB
[runlim] sample:		5459.86 time, 5460.01 real, 2523 MB
[runlim] sample:		5469.87 time, 5470.01 real, 2523 MB
[runlim] sample:		5479.86 time, 5480.01 real, 2523 MB
[runlim] sample:		5489.87 time, 5490.01 real, 2523 MB
[runlim] sample:		5499.87 time, 5500.01 real, 2523 MB
[runlim] sample:		5509.86 time, 5510.01 real, 2523 MB
[runlim] sample:		5519.86 time, 5520.01 real, 2523 MB
[runlim] sample:		5529.86 time, 5530.01 real, 2523 MB
[runlim] sample:		5539.86 time, 5540.01 real, 2523 MB
[runlim] sample:		5549.87 time, 5550.01 real, 2524 MB
[runlim] sample:		5559.86 time, 5560.01 real, 2524 MB
[runlim] sample:		5569.86 time, 5570.01 real, 2524 MB
[runlim] sample:		5579.86 time, 5580.01 real, 2524 MB
[runlim] sample:		5589.86 time, 5590.01 real, 2524 MB
[runlim] sample:		5599.87 time, 5600.01 real, 2524 MB
[runlim] sample:		5609.86 time, 5610.01 real, 2524 MB
[runlim] sample:		5619.86 time, 5620.01 real, 2524 MB
[runlim] sample:		5629.86 time, 5630.01 real, 2524 MB
[runlim] sample:		5639.86 time, 5640.01 real, 2524 MB
[runlim] sample:		5649.86 time, 5650.01 real, 2524 MB
[runlim] sample:		5659.86 time, 5660.01 real, 2525 MB
[runlim] sample:		5669.86 time, 5670.01 real, 2525 MB
[runlim] sample:		5679.86 time, 5680.01 real, 2525 MB
[runlim] sample:		5689.86 time, 5690.01 real, 2525 MB
[runlim] sample:		5699.86 time, 5700.01 real, 2525 MB
[runlim] sample:		5709.86 time, 5710.01 real, 2525 MB
[runlim] sample:		5719.87 time, 5720.01 real, 2525 MB
[runlim] sample:		5729.86 time, 5730.01 real, 2525 MB
[runlim] sample:		5739.86 time, 5740.01 real, 2526 MB
[runlim] sample:		5749.86 time, 5750.01 real, 2526 MB
[runlim] sample:		5759.86 time, 5760.01 real, 2526 MB
[runlim] sample:		5769.86 time, 5770.01 real, 2526 MB
[runlim] sample:		5779.86 time, 5780.01 real, 2527 MB
[runlim] sample:		5789.86 time, 5790.01 real, 2527 MB
[runlim] sample:		5799.86 time, 5800.01 real, 2527 MB
[runlim] sample:		5809.86 time, 5810.01 real, 2527 MB
[runlim] sample:		5819.86 time, 5820.01 real, 2528 MB
[runlim] sample:		5829.86 time, 5830.01 real, 2528 MB
[runlim] sample:		5839.86 time, 5840.01 real, 2528 MB
[runlim] sample:		5849.86 time, 5850.01 real, 2528 MB
[runlim] sample:		5859.86 time, 5860.01 real, 2528 MB
[runlim] sample:		5869.86 time, 5870.01 real, 2528 MB
[runlim] sample:		5879.86 time, 5880.01 real, 2528 MB
[runlim] sample:		5889.86 time, 5890.01 real, 2530 MB
[runlim] sample:		5899.86 time, 5900.01 real, 2530 MB
[runlim] sample:		5909.86 time, 5910.01 real, 2530 MB
[runlim] sample:		5919.86 time, 5920.01 real, 2531 MB
[runlim] sample:		5929.86 time, 5930.01 real, 2531 MB
[runlim] sample:		5939.86 time, 5940.01 real, 2531 MB
[runlim] sample:		5949.85 time, 5950.01 real, 2531 MB
[runlim] sample:		5959.86 time, 5960.01 real, 2532 MB
[runlim] sample:		5969.86 time, 5970.01 real, 2532 MB
[runlim] sample:		5979.86 time, 5980.01 real, 2532 MB
[runlim] sample:		5989.86 time, 5990.01 real, 2532 MB
[runlim] sample:		5999.86 time, 6000.01 real, 2532 MB
[runlim] sample:		6009.86 time, 6010.01 real, 2532 MB
[runlim] sample:		6019.86 time, 6020.01 real, 2532 MB
[runlim] sample:		6029.86 time, 6030.01 real, 2533 MB
[runlim] sample:		6039.86 time, 6040.01 real, 2533 MB
[runlim] sample:		6049.86 time, 6050.01 real, 2533 MB
[runlim] sample:		6059.86 time, 6060.01 real, 2533 MB
[runlim] sample:		6069.86 time, 6070.01 real, 2533 MB
[runlim] sample:		6079.85 time, 6080.01 real, 2533 MB
[runlim] sample:		6089.86 time, 6090.01 real, 2534 MB
[runlim] sample:		6099.86 time, 6100.01 real, 2534 MB
[runlim] sample:		6109.86 time, 6110.01 real, 2534 MB
[runlim] sample:		6119.86 time, 6120.01 real, 2534 MB
[runlim] sample:		6129.86 time, 6130.01 real, 2534 MB
[runlim] sample:		6139.85 time, 6140.01 real, 2534 MB
[runlim] sample:		6149.85 time, 6150.01 real, 2534 MB
[runlim] sample:		6159.86 time, 6160.01 real, 2534 MB
[runlim] sample:		6169.86 time, 6170.01 real, 2534 MB
[runlim] sample:		6179.86 time, 6180.01 real, 2534 MB
[runlim] sample:		6189.86 time, 6190.01 real, 2534 MB
[runlim] sample:		6199.86 time, 6200.01 real, 2534 MB
[runlim] sample:		6209.85 time, 6210.01 real, 2534 MB
[runlim] sample:		6219.86 time, 6220.01 real, 2534 MB
[runlim] sample:		6229.86 time, 6230.01 real, 2534 MB
[runlim] sample:		6239.85 time, 6240.01 real, 2534 MB
[runlim] sample:		6249.85 time, 6250.01 real, 2534 MB
[runlim] sample:		6259.85 time, 6260.01 real, 2535 MB
[runlim] sample:		6269.86 time, 6270.01 real, 2535 MB
[runlim] sample:		6279.85 time, 6280.01 real, 2535 MB
[runlim] sample:		6289.86 time, 6290.01 real, 2535 MB
[runlim] sample:		6299.85 time, 6300.01 real, 2535 MB
[runlim] sample:		6309.86 time, 6310.01 real, 2535 MB
[runlim] sample:		6319.86 time, 6320.01 real, 2536 MB
[runlim] sample:		6329.86 time, 6330.01 real, 2536 MB
[runlim] sample:		6339.85 time, 6340.01 real, 2536 MB
[runlim] sample:		6349.86 time, 6350.01 real, 2536 MB
[runlim] sample:		6359.85 time, 6360.01 real, 2536 MB
[runlim] sample:		6369.85 time, 6370.01 real, 2536 MB
[runlim] sample:		6379.86 time, 6380.01 real, 2536 MB
[runlim] sample:		6389.86 time, 6390.01 real, 2536 MB
[runlim] sample:		6399.85 time, 6400.01 real, 2536 MB
[runlim] sample:		6409.85 time, 6410.01 real, 2536 MB
[runlim] sample:		6419.86 time, 6420.01 real, 2536 MB
[runlim] sample:		6429.86 time, 6430.01 real, 2536 MB
[runlim] sample:		6439.85 time, 6440.01 real, 2536 MB
[runlim] sample:		6449.86 time, 6450.01 real, 2536 MB
[runlim] sample:		6459.85 time, 6460.01 real, 2536 MB
[runlim] sample:		6469.86 time, 6470.01 real, 2536 MB
[runlim] sample:		6479.86 time, 6480.01 real, 2537 MB
[runlim] sample:		6489.85 time, 6490.01 real, 2538 MB
[runlim] sample:		6499.85 time, 6500.01 real, 2539 MB
[runlim] sample:		6509.85 time, 6510.01 real, 2540 MB
[runlim] sample:		6519.86 time, 6520.01 real, 2540 MB
[runlim] sample:		6529.86 time, 6530.01 real, 2540 MB
[runlim] sample:		6539.85 time, 6540.01 real, 2540 MB
[runlim] sample:		6549.85 time, 6550.01 real, 2540 MB
[runlim] sample:		6559.86 time, 6560.01 real, 2540 MB
[runlim] sample:		6569.86 time, 6570.01 real, 2540 MB
[runlim] sample:		6579.86 time, 6580.01 real, 2540 MB
[runlim] sample:		6589.85 time, 6590.01 real, 2540 MB
[runlim] sample:		6599.85 time, 6600.01 real, 2540 MB
[runlim] sample:		6609.86 time, 6610.01 real, 2540 MB
[runlim] sample:		6619.86 time, 6620.01 real, 2540 MB
[runlim] sample:		6629.85 time, 6630.01 real, 2540 MB
[runlim] sample:		6639.86 time, 6640.01 real, 2540 MB
[runlim] sample:		6649.85 time, 6650.01 real, 2540 MB
[runlim] sample:		6659.85 time, 6660.01 real, 2540 MB
[runlim] sample:		6669.85 time, 6670.01 real, 2540 MB
[runlim] sample:		6679.85 time, 6680.01 real, 2540 MB
[runlim] sample:		6689.86 time, 6690.01 real, 2540 MB
[runlim] sample:		6699.85 time, 6700.01 real, 2540 MB
[runlim] sample:		6709.85 time, 6710.01 real, 2540 MB
[runlim] sample:		6719.85 time, 6720.01 real, 2540 MB
[runlim] sample:		6729.85 time, 6730.01 real, 2540 MB
[runlim] sample:		6739.85 time, 6740.01 real, 2540 MB
[runlim] sample:		6749.85 time, 6750.01 real, 2540 MB
[runlim] sample:		6759.86 time, 6760.01 real, 2540 MB
[runlim] sample:		6769.85 time, 6770.01 real, 2540 MB
[runlim] sample:		6779.86 time, 6780.01 real, 2540 MB
[runlim] sample:		6789.86 time, 6790.01 real, 2540 MB
[runlim] sample:		6799.85 time, 6800.01 real, 2540 MB
[runlim] sample:		6809.85 time, 6810.01 real, 2540 MB
[runlim] sample:		6819.85 time, 6820.01 real, 2540 MB
[runlim] sample:		6829.86 time, 6830.01 real, 2540 MB
[runlim] sample:		6839.85 time, 6840.01 real, 2540 MB
[runlim] sample:		6849.85 time, 6850.01 real, 2540 MB
[runlim] sample:		6859.85 time, 6860.01 real, 2540 MB
[runlim] sample:		6869.85 time, 6870.01 real, 2540 MB
[runlim] sample:		6879.85 time, 6880.01 real, 2540 MB
[runlim] sample:		6889.85 time, 6890.01 real, 2540 MB
[runlim] sample:		6899.85 time, 6900.01 real, 2540 MB
[runlim] sample:		6909.85 time, 6910.01 real, 2540 MB
[runlim] sample:		6919.85 time, 6920.01 real, 2540 MB
[runlim] sample:		6929.85 time, 6930.01 real, 2540 MB
[runlim] sample:		6939.85 time, 6940.01 real, 2540 MB
[runlim] sample:		6949.85 time, 6950.01 real, 2540 MB
[runlim] sample:		6959.85 time, 6960.01 real, 2540 MB
[runlim] sample:		6969.85 time, 6970.01 real, 2540 MB
[runlim] sample:		6979.85 time, 6980.01 real, 2540 MB
[runlim] sample:		6989.85 time, 6990.01 real, 2540 MB
[runlim] sample:		6999.86 time, 7000.01 real, 2540 MB
[runlim] sample:		7009.86 time, 7010.01 real, 2541 MB
[runlim] sample:		7019.85 time, 7020.01 real, 2542 MB
[runlim] sample:		7029.86 time, 7030.01 real, 2542 MB
[runlim] sample:		7039.85 time, 7040.01 real, 2543 MB
[runlim] sample:		7049.85 time, 7050.01 real, 2544 MB
[runlim] sample:		7059.86 time, 7060.01 real, 2544 MB
[runlim] sample:		7069.86 time, 7070.01 real, 2544 MB
[runlim] sample:		7079.85 time, 7080.01 real, 2544 MB
[runlim] sample:		7089.85 time, 7090.01 real, 2544 MB
[runlim] sample:		7099.85 time, 7100.01 real, 2544 MB
[runlim] sample:		7109.85 time, 7110.01 real, 2544 MB
[runlim] sample:		7119.85 time, 7120.01 real, 2544 MB
[runlim] sample:		7129.85 time, 7130.01 real, 2544 MB
[runlim] sample:		7139.85 time, 7140.01 real, 2544 MB
[runlim] sample:		7149.85 time, 7150.01 real, 2544 MB
[runlim] sample:		7159.85 time, 7160.01 real, 2544 MB
[runlim] sample:		7169.85 time, 7170.01 real, 2544 MB
[runlim] sample:		7179.85 time, 7180.01 real, 2544 MB
[runlim] sample:		7189.85 time, 7190.01 real, 2544 MB
[runlim] sample:		7199.85 time, 7200.01 real, 2544 MB
[runlim] sample:		7209.85 time, 7210.01 real, 2544 MB
[runlim] sample:		7219.85 time, 7220.01 real, 2544 MB
