[runlim] version:		1.21
[runlim] host:			c3n14
[runlim] time limit:		86400 seconds
[runlim] real time limit:	86400 seconds
[runlim] space limit:		8000 MB
[runlim] argv[0]:		concubine
[runlim] argv[1]:		solve
[runlim] argv[2]:		-v
[runlim] argv[3]:		-s
[runlim] argv[4]:		z3
[runlim] argv[5]:		-e
[runlim] argv[6]:		smtlib-relational
[runlim] argv[7]:		-m
[runlim] argv[8]:		init.mmap
[runlim] argv[9]:		-o
[runlim] argv[10]:		z3-relational
[runlim] argv[11]:		185
[runlim] argv[12]:		count_stat.cas.0.asm
[runlim] argv[13]:		count_stat.cas.1.asm
[runlim] argv[14]:		count_stat.cas.2.asm
[runlim] argv[15]:		count_stat.checker.asm
[runlim] start:			Thu Dec 10 16:20:25 2020
[runlim] child:			30988
[runlim] sample:		6.45 time, 10.01 real, 64 MB
[runlim] sample:		16.45 time, 20.01 real, 65 MB
[runlim] sample:		26.45 time, 30.01 real, 65 MB
[runlim] sample:		36.45 time, 40.01 real, 65 MB
[runlim] sample:		46.45 time, 50.01 real, 65 MB
[runlim] sample:		56.45 time, 60.01 real, 65 MB
[runlim] sample:		66.45 time, 70.01 real, 65 MB
[runlim] sample:		76.45 time, 80.01 real, 65 MB
[runlim] sample:		86.45 time, 90.01 real, 65 MB
[runlim] sample:		96.45 time, 100.01 real, 65 MB
[runlim] sample:		106.45 time, 110.01 real, 65 MB
[runlim] sample:		116.45 time, 120.01 real, 65 MB
[runlim] sample:		126.45 time, 130.01 real, 65 MB
[runlim] sample:		136.45 time, 140.01 real, 65 MB
[runlim] sample:		146.45 time, 150.01 real, 65 MB
[runlim] sample:		156.45 time, 160.01 real, 65 MB
[runlim] sample:		166.45 time, 170.01 real, 65 MB
[runlim] sample:		176.45 time, 180.01 real, 65 MB
[runlim] sample:		186.45 time, 190.01 real, 65 MB
[runlim] sample:		196.45 time, 200.01 real, 65 MB
[runlim] sample:		206.45 time, 210.01 real, 65 MB
[runlim] sample:		216.45 time, 220.01 real, 65 MB
[runlim] sample:		226.45 time, 230.01 real, 65 MB
[runlim] sample:		236.45 time, 240.01 real, 65 MB
[runlim] sample:		246.45 time, 250.01 real, 65 MB
[runlim] sample:		256.45 time, 260.01 real, 65 MB
[runlim] sample:		266.45 time, 270.01 real, 65 MB
[runlim] sample:		276.45 time, 280.01 real, 65 MB
[runlim] sample:		286.45 time, 290.01 real, 65 MB
[runlim] sample:		296.45 time, 300.01 real, 65 MB
[runlim] sample:		306.45 time, 310.01 real, 65 MB
[runlim] sample:		316.45 time, 320.01 real, 65 MB
[runlim] sample:		326.45 time, 330.01 real, 65 MB
[runlim] sample:		336.45 time, 340.01 real, 65 MB
[runlim] sample:		346.45 time, 350.01 real, 65 MB
[runlim] sample:		356.45 time, 360.01 real, 65 MB
[runlim] sample:		366.45 time, 370.01 real, 65 MB
[runlim] sample:		376.45 time, 380.01 real, 65 MB
[runlim] sample:		386.45 time, 390.01 real, 65 MB
[runlim] sample:		396.45 time, 400.01 real, 65 MB
[runlim] sample:		406.45 time, 410.01 real, 65 MB
[runlim] sample:		416.45 time, 420.01 real, 65 MB
[runlim] sample:		426.45 time, 430.01 real, 65 MB
[runlim] sample:		436.45 time, 440.01 real, 65 MB
[runlim] sample:		446.45 time, 450.01 real, 65 MB
[runlim] sample:		456.45 time, 460.01 real, 65 MB
[runlim] sample:		466.45 time, 470.01 real, 65 MB
[runlim] sample:		476.45 time, 480.01 real, 65 MB
[runlim] sample:		486.45 time, 490.01 real, 65 MB
[runlim] sample:		496.45 time, 500.01 real, 65 MB
[runlim] sample:		506.45 time, 510.01 real, 65 MB
[runlim] sample:		516.45 time, 520.01 real, 65 MB
[runlim] sample:		526.45 time, 530.01 real, 65 MB
[runlim] sample:		536.45 time, 540.01 real, 65 MB
[runlim] sample:		546.45 time, 550.01 real, 65 MB
[runlim] sample:		556.45 time, 560.01 real, 65 MB
[runlim] sample:		566.45 time, 570.01 real, 65 MB
[runlim] sample:		576.45 time, 580.01 real, 65 MB
[runlim] sample:		586.45 time, 590.01 real, 65 MB
[runlim] sample:		596.44 time, 600.01 real, 71 MB
[runlim] sample:		606.44 time, 610.01 real, 71 MB
[runlim] sample:		616.44 time, 620.01 real, 71 MB
[runlim] sample:		626.44 time, 630.01 real, 71 MB
[runlim] sample:		636.44 time, 640.01 real, 71 MB
[runlim] sample:		646.44 time, 650.01 real, 71 MB
[runlim] sample:		656.44 time, 660.01 real, 71 MB
[runlim] sample:		666.44 time, 670.01 real, 71 MB
[runlim] sample:		676.44 time, 680.01 real, 71 MB
[runlim] sample:		686.44 time, 690.01 real, 71 MB
[runlim] sample:		696.44 time, 700.01 real, 71 MB
[runlim] sample:		706.44 time, 710.01 real, 71 MB
[runlim] sample:		716.44 time, 720.01 real, 71 MB
[runlim] sample:		726.44 time, 730.01 real, 71 MB
[runlim] sample:		736.44 time, 740.01 real, 71 MB
[runlim] sample:		746.45 time, 750.01 real, 71 MB
[runlim] sample:		756.45 time, 760.01 real, 71 MB
[runlim] sample:		766.45 time, 770.01 real, 71 MB
[runlim] sample:		776.45 time, 780.01 real, 71 MB
[runlim] sample:		786.45 time, 790.01 real, 71 MB
[runlim] sample:		796.45 time, 800.01 real, 71 MB
[runlim] sample:		806.45 time, 810.01 real, 71 MB
[runlim] sample:		816.45 time, 820.01 real, 71 MB
[runlim] sample:		826.45 time, 830.01 real, 71 MB
[runlim] sample:		836.45 time, 840.01 real, 71 MB
[runlim] sample:		846.45 time, 850.01 real, 71 MB
[runlim] sample:		856.45 time, 860.01 real, 71 MB
[runlim] sample:		866.45 time, 870.01 real, 71 MB
[runlim] sample:		876.45 time, 880.01 real, 71 MB
[runlim] sample:		886.45 time, 890.01 real, 71 MB
[runlim] sample:		896.45 time, 900.01 real, 71 MB
[runlim] sample:		906.45 time, 910.01 real, 71 MB
[runlim] sample:		916.45 time, 920.01 real, 71 MB
[runlim] sample:		926.45 time, 930.01 real, 71 MB
[runlim] sample:		936.45 time, 940.01 real, 71 MB
[runlim] sample:		946.45 time, 950.01 real, 71 MB
[runlim] sample:		956.45 time, 960.01 real, 71 MB
[runlim] sample:		966.45 time, 970.01 real, 71 MB
[runlim] sample:		976.45 time, 980.01 real, 71 MB
[runlim] sample:		986.45 time, 990.01 real, 71 MB
[runlim] sample:		996.45 time, 1000.01 real, 71 MB
[runlim] sample:		1006.45 time, 1010.01 real, 71 MB
[runlim] sample:		1016.45 time, 1020.01 real, 71 MB
[runlim] sample:		1026.45 time, 1030.01 real, 71 MB
[runlim] sample:		1036.45 time, 1040.01 real, 71 MB
[runlim] sample:		1046.45 time, 1050.01 real, 71 MB
[runlim] sample:		1056.45 time, 1060.01 real, 71 MB
[runlim] sample:		1066.45 time, 1070.01 real, 71 MB
[runlim] sample:		1076.45 time, 1080.01 real, 71 MB
[runlim] sample:		1086.45 time, 1090.01 real, 71 MB
[runlim] sample:		1096.45 time, 1100.01 real, 71 MB
[runlim] sample:		1106.45 time, 1110.01 real, 71 MB
[runlim] sample:		1116.45 time, 1120.01 real, 71 MB
[runlim] sample:		1126.45 time, 1130.01 real, 71 MB
[runlim] sample:		1136.45 time, 1140.01 real, 71 MB
[runlim] sample:		1146.45 time, 1150.01 real, 192 MB
[runlim] sample:		1156.45 time, 1160.01 real, 199 MB
[runlim] sample:		1166.44 time, 1170.01 real, 202 MB
[runlim] sample:		1176.44 time, 1180.01 real, 204 MB
[runlim] sample:		1186.44 time, 1190.01 real, 205 MB
[runlim] sample:		1196.45 time, 1200.01 real, 207 MB
[runlim] sample:		1206.45 time, 1210.01 real, 208 MB
[runlim] sample:		1216.44 time, 1220.01 real, 210 MB
[runlim] sample:		1226.44 time, 1230.01 real, 211 MB
[runlim] sample:		1236.45 time, 1240.01 real, 212 MB
[runlim] sample:		1246.45 time, 1250.01 real, 213 MB
[runlim] sample:		1256.45 time, 1260.01 real, 213 MB
[runlim] sample:		1266.45 time, 1270.01 real, 215 MB
[runlim] sample:		1276.45 time, 1280.01 real, 215 MB
[runlim] sample:		1286.45 time, 1290.01 real, 216 MB
[runlim] sample:		1296.45 time, 1300.01 real, 217 MB
[runlim] sample:		1306.45 time, 1310.01 real, 218 MB
[runlim] sample:		1316.45 time, 1320.01 real, 218 MB
[runlim] sample:		1326.45 time, 1330.01 real, 231 MB
[runlim] sample:		1336.44 time, 1340.01 real, 239 MB
[runlim] sample:		1346.44 time, 1350.01 real, 239 MB
[runlim] sample:		1356.44 time, 1360.01 real, 239 MB
[runlim] sample:		1366.44 time, 1370.01 real, 239 MB
[runlim] sample:		1376.44 time, 1380.01 real, 239 MB
[runlim] sample:		1386.44 time, 1390.01 real, 239 MB
[runlim] sample:		1396.44 time, 1400.01 real, 239 MB
[runlim] sample:		1406.44 time, 1410.01 real, 239 MB
[runlim] sample:		1416.44 time, 1420.01 real, 239 MB
[runlim] sample:		1426.44 time, 1430.01 real, 239 MB
[runlim] sample:		1436.44 time, 1440.01 real, 239 MB
[runlim] sample:		1446.44 time, 1450.01 real, 240 MB
[runlim] sample:		1456.44 time, 1460.01 real, 240 MB
[runlim] sample:		1466.44 time, 1470.01 real, 240 MB
[runlim] sample:		1476.44 time, 1480.01 real, 240 MB
[runlim] sample:		1486.44 time, 1490.01 real, 240 MB
[runlim] sample:		1496.44 time, 1500.01 real, 241 MB
[runlim] sample:		1506.44 time, 1510.01 real, 241 MB
[runlim] sample:		1516.44 time, 1520.01 real, 242 MB
[runlim] sample:		1526.44 time, 1530.01 real, 242 MB
[runlim] sample:		1536.44 time, 1540.01 real, 242 MB
[runlim] sample:		1546.44 time, 1550.01 real, 242 MB
[runlim] sample:		1556.44 time, 1560.01 real, 242 MB
[runlim] sample:		1566.44 time, 1570.01 real, 242 MB
[runlim] sample:		1576.44 time, 1580.01 real, 242 MB
[runlim] sample:		1586.44 time, 1590.01 real, 242 MB
[runlim] sample:		1596.44 time, 1600.01 real, 242 MB
[runlim] sample:		1606.44 time, 1610.01 real, 242 MB
[runlim] sample:		1616.44 time, 1620.01 real, 242 MB
[runlim] sample:		1626.44 time, 1630.01 real, 243 MB
[runlim] sample:		1636.44 time, 1640.01 real, 243 MB
[runlim] sample:		1646.44 time, 1650.01 real, 243 MB
[runlim] sample:		1656.44 time, 1660.01 real, 243 MB
[runlim] sample:		1666.45 time, 1670.01 real, 244 MB
[runlim] sample:		1676.45 time, 1680.01 real, 244 MB
[runlim] sample:		1686.45 time, 1690.01 real, 244 MB
[runlim] sample:		1696.45 time, 1700.01 real, 244 MB
[runlim] sample:		1706.45 time, 1710.01 real, 246 MB
[runlim] sample:		1716.45 time, 1720.01 real, 246 MB
[runlim] sample:		1726.45 time, 1730.01 real, 246 MB
[runlim] sample:		1736.45 time, 1740.01 real, 247 MB
[runlim] sample:		1746.45 time, 1750.01 real, 247 MB
[runlim] sample:		1756.45 time, 1760.01 real, 247 MB
[runlim] sample:		1766.45 time, 1770.01 real, 247 MB
[runlim] sample:		1776.45 time, 1780.01 real, 247 MB
[runlim] sample:		1786.45 time, 1790.01 real, 247 MB
[runlim] sample:		1796.45 time, 1800.01 real, 247 MB
[runlim] sample:		1806.45 time, 1810.01 real, 248 MB
[runlim] sample:		1816.45 time, 1820.01 real, 248 MB
[runlim] sample:		1826.45 time, 1830.01 real, 248 MB
[runlim] sample:		1836.45 time, 1840.01 real, 248 MB
[runlim] sample:		1846.45 time, 1850.01 real, 249 MB
[runlim] sample:		1856.45 time, 1860.01 real, 249 MB
[runlim] sample:		1866.45 time, 1870.01 real, 249 MB
[runlim] sample:		1876.45 time, 1880.01 real, 249 MB
[runlim] sample:		1886.45 time, 1890.01 real, 249 MB
[runlim] sample:		1896.45 time, 1900.01 real, 249 MB
[runlim] sample:		1906.45 time, 1910.01 real, 249 MB
[runlim] sample:		1916.45 time, 1920.01 real, 249 MB
[runlim] sample:		1926.45 time, 1930.01 real, 249 MB
[runlim] sample:		1936.45 time, 1940.01 real, 249 MB
[runlim] sample:		1946.45 time, 1950.01 real, 249 MB
[runlim] sample:		1956.45 time, 1960.01 real, 249 MB
[runlim] sample:		1966.44 time, 1970.01 real, 250 MB
[runlim] sample:		1976.44 time, 1980.01 real, 250 MB
[runlim] sample:		1986.44 time, 1990.01 real, 250 MB
[runlim] sample:		1996.44 time, 2000.01 real, 251 MB
[runlim] sample:		2006.44 time, 2010.01 real, 251 MB
[runlim] sample:		2016.44 time, 2020.01 real, 251 MB
[runlim] sample:		2026.44 time, 2030.01 real, 251 MB
[runlim] sample:		2036.44 time, 2040.01 real, 251 MB
[runlim] sample:		2046.44 time, 2050.01 real, 251 MB
[runlim] sample:		2056.44 time, 2060.01 real, 251 MB
[runlim] sample:		2066.44 time, 2070.01 real, 251 MB
[runlim] sample:		2076.44 time, 2080.01 real, 252 MB
[runlim] sample:		2086.44 time, 2090.01 real, 252 MB
[runlim] sample:		2096.44 time, 2100.01 real, 252 MB
[runlim] sample:		2106.44 time, 2110.01 real, 252 MB
[runlim] sample:		2116.44 time, 2120.01 real, 252 MB
[runlim] sample:		2126.44 time, 2130.01 real, 253 MB
[runlim] sample:		2136.44 time, 2140.01 real, 253 MB
[runlim] sample:		2146.44 time, 2150.01 real, 254 MB
[runlim] sample:		2156.44 time, 2160.01 real, 254 MB
[runlim] sample:		2166.44 time, 2170.01 real, 254 MB
[runlim] sample:		2176.44 time, 2180.01 real, 254 MB
[runlim] sample:		2186.44 time, 2190.01 real, 254 MB
[runlim] sample:		2196.44 time, 2200.01 real, 254 MB
[runlim] sample:		2206.44 time, 2210.01 real, 254 MB
[runlim] sample:		2216.44 time, 2220.01 real, 254 MB
[runlim] sample:		2226.44 time, 2230.01 real, 254 MB
[runlim] sample:		2236.44 time, 2240.01 real, 254 MB
[runlim] sample:		2246.44 time, 2250.01 real, 254 MB
[runlim] sample:		2256.44 time, 2260.01 real, 254 MB
[runlim] sample:		2266.45 time, 2270.01 real, 255 MB
[runlim] sample:		2276.45 time, 2280.01 real, 255 MB
[runlim] sample:		2286.44 time, 2290.01 real, 256 MB
[runlim] sample:		2296.44 time, 2300.01 real, 256 MB
[runlim] sample:		2306.44 time, 2310.01 real, 256 MB
[runlim] sample:		2316.44 time, 2320.01 real, 256 MB
[runlim] sample:		2326.44 time, 2330.01 real, 256 MB
[runlim] sample:		2336.44 time, 2340.01 real, 256 MB
[runlim] sample:		2346.44 time, 2350.01 real, 256 MB
[runlim] sample:		2356.44 time, 2360.01 real, 257 MB
[runlim] sample:		2366.44 time, 2370.01 real, 257 MB
[runlim] sample:		2376.44 time, 2380.01 real, 257 MB
[runlim] sample:		2386.44 time, 2390.01 real, 257 MB
[runlim] sample:		2396.44 time, 2400.01 real, 257 MB
[runlim] sample:		2406.44 time, 2410.01 real, 257 MB
[runlim] sample:		2416.44 time, 2420.01 real, 257 MB
[runlim] sample:		2426.44 time, 2430.01 real, 257 MB
[runlim] sample:		2436.44 time, 2440.01 real, 257 MB
[runlim] sample:		2446.44 time, 2450.01 real, 258 MB
[runlim] sample:		2456.44 time, 2460.01 real, 258 MB
[runlim] sample:		2466.44 time, 2470.01 real, 258 MB
[runlim] sample:		2476.44 time, 2480.01 real, 258 MB
[runlim] sample:		2486.44 time, 2490.01 real, 258 MB
[runlim] sample:		2496.44 time, 2500.01 real, 258 MB
[runlim] sample:		2506.44 time, 2510.01 real, 258 MB
[runlim] sample:		2516.44 time, 2520.01 real, 258 MB
[runlim] sample:		2526.44 time, 2530.01 real, 258 MB
[runlim] sample:		2536.44 time, 2540.01 real, 258 MB
[runlim] sample:		2546.44 time, 2550.01 real, 258 MB
[runlim] sample:		2556.44 time, 2560.01 real, 258 MB
[runlim] sample:		2566.44 time, 2570.01 real, 258 MB
[runlim] sample:		2576.44 time, 2580.01 real, 258 MB
[runlim] sample:		2586.44 time, 2590.01 real, 258 MB
[runlim] sample:		2596.44 time, 2600.01 real, 258 MB
[runlim] sample:		2606.44 time, 2610.01 real, 259 MB
[runlim] sample:		2616.44 time, 2620.01 real, 259 MB
[runlim] sample:		2626.44 time, 2630.01 real, 259 MB
[runlim] sample:		2636.44 time, 2640.01 real, 259 MB
[runlim] sample:		2646.44 time, 2650.01 real, 259 MB
[runlim] sample:		2656.44 time, 2660.01 real, 259 MB
[runlim] sample:		2666.44 time, 2670.01 real, 259 MB
[runlim] sample:		2676.44 time, 2680.01 real, 259 MB
[runlim] sample:		2686.44 time, 2690.01 real, 259 MB
[runlim] sample:		2696.44 time, 2700.01 real, 259 MB
[runlim] sample:		2706.44 time, 2710.01 real, 259 MB
[runlim] sample:		2716.44 time, 2720.01 real, 259 MB
[runlim] sample:		2726.44 time, 2730.01 real, 259 MB
[runlim] sample:		2736.44 time, 2740.01 real, 259 MB
[runlim] sample:		2746.44 time, 2750.01 real, 260 MB
[runlim] sample:		2756.44 time, 2760.01 real, 260 MB
[runlim] sample:		2766.44 time, 2770.01 real, 260 MB
[runlim] sample:		2776.44 time, 2780.01 real, 260 MB
[runlim] sample:		2786.44 time, 2790.01 real, 260 MB
[runlim] sample:		2796.44 time, 2800.01 real, 260 MB
[runlim] sample:		2806.44 time, 2810.01 real, 260 MB
[runlim] sample:		2816.44 time, 2820.01 real, 260 MB
[runlim] sample:		2826.44 time, 2830.01 real, 260 MB
[runlim] sample:		2836.44 time, 2840.01 real, 260 MB
[runlim] sample:		2846.44 time, 2850.01 real, 260 MB
[runlim] sample:		2856.44 time, 2860.01 real, 260 MB
[runlim] sample:		2866.44 time, 2870.01 real, 260 MB
[runlim] sample:		2876.44 time, 2880.01 real, 260 MB
[runlim] sample:		2886.44 time, 2890.01 real, 260 MB
[runlim] sample:		2896.44 time, 2900.01 real, 260 MB
[runlim] sample:		2906.44 time, 2910.01 real, 261 MB
[runlim] sample:		2916.44 time, 2920.01 real, 261 MB
[runlim] sample:		2926.44 time, 2930.01 real, 261 MB
[runlim] sample:		2936.44 time, 2940.01 real, 261 MB
[runlim] sample:		2946.44 time, 2950.01 real, 261 MB
[runlim] sample:		2956.44 time, 2960.01 real, 261 MB
[runlim] sample:		2966.44 time, 2970.01 real, 261 MB
[runlim] sample:		2976.44 time, 2980.01 real, 261 MB
[runlim] sample:		2986.44 time, 2990.01 real, 261 MB
[runlim] sample:		2996.44 time, 3000.01 real, 261 MB
[runlim] sample:		3006.44 time, 3010.01 real, 261 MB
[runlim] sample:		3016.44 time, 3020.01 real, 261 MB
[runlim] sample:		3026.44 time, 3030.01 real, 261 MB
[runlim] sample:		3036.44 time, 3040.01 real, 261 MB
[runlim] sample:		3046.44 time, 3050.01 real, 262 MB
[runlim] sample:		3056.44 time, 3060.01 real, 262 MB
[runlim] sample:		3066.44 time, 3070.01 real, 262 MB
[runlim] sample:		3076.44 time, 3080.01 real, 262 MB
[runlim] sample:		3086.44 time, 3090.01 real, 263 MB
[runlim] sample:		3096.44 time, 3100.01 real, 263 MB
[runlim] sample:		3106.44 time, 3110.01 real, 263 MB
[runlim] sample:		3116.44 time, 3120.01 real, 263 MB
[runlim] sample:		3126.44 time, 3130.01 real, 263 MB
[runlim] sample:		3136.44 time, 3140.01 real, 263 MB
[runlim] sample:		3146.44 time, 3150.01 real, 263 MB
[runlim] sample:		3156.44 time, 3160.01 real, 263 MB
[runlim] sample:		3166.44 time, 3170.01 real, 263 MB
[runlim] sample:		3176.44 time, 3180.01 real, 263 MB
[runlim] sample:		3186.44 time, 3190.01 real, 263 MB
[runlim] sample:		3196.44 time, 3200.01 real, 264 MB
[runlim] sample:		3206.44 time, 3210.01 real, 264 MB
[runlim] sample:		3216.44 time, 3220.01 real, 264 MB
[runlim] sample:		3226.44 time, 3230.01 real, 264 MB
[runlim] sample:		3236.44 time, 3240.01 real, 264 MB
[runlim] sample:		3246.44 time, 3250.01 real, 264 MB
[runlim] sample:		3256.44 time, 3260.01 real, 264 MB
[runlim] sample:		3266.44 time, 3270.01 real, 264 MB
[runlim] sample:		3276.44 time, 3280.01 real, 264 MB
[runlim] sample:		3286.44 time, 3290.01 real, 264 MB
[runlim] sample:		3296.44 time, 3300.01 real, 265 MB
[runlim] sample:		3306.44 time, 3310.01 real, 265 MB
[runlim] sample:		3316.44 time, 3320.01 real, 265 MB
[runlim] sample:		3326.44 time, 3330.01 real, 265 MB
[runlim] sample:		3336.44 time, 3340.01 real, 265 MB
[runlim] sample:		3346.44 time, 3350.01 real, 265 MB
[runlim] sample:		3356.44 time, 3360.01 real, 265 MB
[runlim] sample:		3366.44 time, 3370.01 real, 265 MB
[runlim] sample:		3376.44 time, 3380.01 real, 265 MB
[runlim] sample:		3386.44 time, 3390.01 real, 265 MB
[runlim] sample:		3396.44 time, 3400.01 real, 265 MB
[runlim] sample:		3406.44 time, 3410.01 real, 265 MB
[runlim] sample:		3416.44 time, 3420.01 real, 265 MB
[runlim] sample:		3426.44 time, 3430.01 real, 265 MB
[runlim] sample:		3436.44 time, 3440.01 real, 265 MB
[runlim] sample:		3446.44 time, 3450.01 real, 265 MB
[runlim] sample:		3456.44 time, 3460.01 real, 265 MB
[runlim] sample:		3466.44 time, 3470.01 real, 265 MB
[runlim] sample:		3476.44 time, 3480.01 real, 265 MB
[runlim] sample:		3486.44 time, 3490.01 real, 265 MB
[runlim] sample:		3496.44 time, 3500.01 real, 265 MB
[runlim] sample:		3506.44 time, 3510.01 real, 265 MB
[runlim] sample:		3516.44 time, 3520.01 real, 265 MB
[runlim] sample:		3526.44 time, 3530.01 real, 265 MB
[runlim] sample:		3536.44 time, 3540.01 real, 265 MB
[runlim] sample:		3546.44 time, 3550.01 real, 265 MB
[runlim] sample:		3556.44 time, 3560.01 real, 265 MB
[runlim] sample:		3566.44 time, 3570.01 real, 265 MB
[runlim] sample:		3576.44 time, 3580.01 real, 265 MB
[runlim] sample:		3586.44 time, 3590.01 real, 265 MB
[runlim] sample:		3596.44 time, 3600.01 real, 265 MB
[runlim] sample:		3606.44 time, 3610.01 real, 266 MB
[runlim] sample:		3616.44 time, 3620.01 real, 266 MB
[runlim] sample:		3626.44 time, 3630.01 real, 267 MB
[runlim] sample:		3636.44 time, 3640.01 real, 267 MB
[runlim] sample:		3646.44 time, 3650.01 real, 267 MB
[runlim] sample:		3656.44 time, 3660.01 real, 267 MB
[runlim] sample:		3666.44 time, 3670.01 real, 268 MB
[runlim] sample:		3676.44 time, 3680.01 real, 268 MB
[runlim] sample:		3686.44 time, 3690.01 real, 268 MB
[runlim] sample:		3696.44 time, 3700.01 real, 268 MB
[runlim] sample:		3706.44 time, 3710.01 real, 268 MB
[runlim] sample:		3716.44 time, 3720.01 real, 268 MB
[runlim] sample:		3726.44 time, 3730.01 real, 268 MB
[runlim] sample:		3736.44 time, 3740.01 real, 268 MB
[runlim] sample:		3746.44 time, 3750.01 real, 268 MB
[runlim] sample:		3756.44 time, 3760.01 real, 268 MB
[runlim] sample:		3766.44 time, 3770.01 real, 268 MB
[runlim] sample:		3776.44 time, 3780.01 real, 268 MB
[runlim] sample:		3786.44 time, 3790.01 real, 268 MB
[runlim] sample:		3796.44 time, 3800.01 real, 268 MB
[runlim] sample:		3806.44 time, 3810.01 real, 268 MB
[runlim] sample:		3816.44 time, 3820.01 real, 268 MB
[runlim] sample:		3826.44 time, 3830.01 real, 268 MB
[runlim] sample:		3836.44 time, 3840.01 real, 268 MB
[runlim] sample:		3846.44 time, 3850.01 real, 268 MB
[runlim] sample:		3856.44 time, 3860.01 real, 268 MB
[runlim] sample:		3866.44 time, 3870.01 real, 268 MB
[runlim] sample:		3876.44 time, 3880.01 real, 268 MB
[runlim] sample:		3886.44 time, 3890.01 real, 269 MB
[runlim] sample:		3896.44 time, 3900.01 real, 270 MB
[runlim] sample:		3906.44 time, 3910.01 real, 270 MB
[runlim] sample:		3916.44 time, 3920.01 real, 271 MB
[runlim] sample:		3926.44 time, 3930.01 real, 271 MB
[runlim] sample:		3936.44 time, 3940.01 real, 271 MB
[runlim] sample:		3946.44 time, 3950.01 real, 271 MB
[runlim] sample:		3956.44 time, 3960.01 real, 271 MB
[runlim] sample:		3966.44 time, 3970.01 real, 271 MB
[runlim] sample:		3976.44 time, 3980.01 real, 271 MB
[runlim] sample:		3986.44 time, 3990.01 real, 271 MB
[runlim] sample:		3996.44 time, 4000.01 real, 271 MB
[runlim] sample:		4006.44 time, 4010.01 real, 271 MB
[runlim] sample:		4016.44 time, 4020.01 real, 271 MB
[runlim] sample:		4026.44 time, 4030.01 real, 271 MB
[runlim] sample:		4036.44 time, 4040.01 real, 271 MB
[runlim] sample:		4046.44 time, 4050.01 real, 271 MB
[runlim] sample:		4056.44 time, 4060.01 real, 271 MB
[runlim] sample:		4066.44 time, 4070.01 real, 271 MB
[runlim] sample:		4076.44 time, 4080.01 real, 271 MB
[runlim] sample:		4086.44 time, 4090.01 real, 271 MB
[runlim] sample:		4096.44 time, 4100.01 real, 271 MB
[runlim] sample:		4106.44 time, 4110.01 real, 271 MB
[runlim] sample:		4116.44 time, 4120.01 real, 272 MB
[runlim] sample:		4126.44 time, 4130.01 real, 272 MB
[runlim] sample:		4136.44 time, 4140.01 real, 272 MB
[runlim] sample:		4146.44 time, 4150.01 real, 272 MB
[runlim] sample:		4156.44 time, 4160.01 real, 272 MB
[runlim] sample:		4166.44 time, 4170.01 real, 272 MB
[runlim] sample:		4176.44 time, 4180.01 real, 272 MB
[runlim] sample:		4186.44 time, 4190.01 real, 272 MB
[runlim] sample:		4196.44 time, 4200.01 real, 272 MB
[runlim] sample:		4206.44 time, 4210.01 real, 272 MB
[runlim] sample:		4216.44 time, 4220.01 real, 272 MB
[runlim] sample:		4226.44 time, 4230.01 real, 272 MB
[runlim] sample:		4236.44 time, 4240.01 real, 272 MB
[runlim] sample:		4246.44 time, 4250.01 real, 272 MB
[runlim] sample:		4256.44 time, 4260.01 real, 272 MB
[runlim] sample:		4266.44 time, 4270.01 real, 272 MB
[runlim] sample:		4276.44 time, 4280.01 real, 272 MB
[runlim] sample:		4286.44 time, 4290.01 real, 272 MB
[runlim] sample:		4296.44 time, 4300.01 real, 272 MB
[runlim] sample:		4306.44 time, 4310.01 real, 272 MB
[runlim] sample:		4316.44 time, 4320.01 real, 272 MB
[runlim] sample:		4326.44 time, 4330.01 real, 272 MB
[runlim] sample:		4336.44 time, 4340.01 real, 272 MB
[runlim] sample:		4346.44 time, 4350.01 real, 272 MB
[runlim] sample:		4356.44 time, 4360.01 real, 272 MB
[runlim] sample:		4366.44 time, 4370.01 real, 272 MB
[runlim] sample:		4376.44 time, 4380.01 real, 272 MB
[runlim] sample:		4386.44 time, 4390.01 real, 272 MB
[runlim] sample:		4396.44 time, 4400.01 real, 272 MB
[runlim] sample:		4406.44 time, 4410.01 real, 273 MB
[runlim] sample:		4416.44 time, 4420.01 real, 273 MB
[runlim] sample:		4426.44 time, 4430.01 real, 273 MB
[runlim] sample:		4436.44 time, 4440.01 real, 273 MB
[runlim] sample:		4446.44 time, 4450.01 real, 273 MB
[runlim] sample:		4456.44 time, 4460.01 real, 273 MB
[runlim] sample:		4466.44 time, 4470.01 real, 273 MB
[runlim] sample:		4476.44 time, 4480.01 real, 273 MB
[runlim] sample:		4486.44 time, 4490.01 real, 273 MB
[runlim] sample:		4496.44 time, 4500.01 real, 273 MB
[runlim] sample:		4506.44 time, 4510.01 real, 273 MB
[runlim] sample:		4516.44 time, 4520.01 real, 273 MB
[runlim] sample:		4526.44 time, 4530.01 real, 273 MB
[runlim] sample:		4536.44 time, 4540.01 real, 273 MB
[runlim] sample:		4546.44 time, 4550.01 real, 273 MB
[runlim] sample:		4556.44 time, 4560.01 real, 273 MB
[runlim] sample:		4566.44 time, 4570.01 real, 273 MB
[runlim] sample:		4576.44 time, 4580.01 real, 273 MB
[runlim] sample:		4586.44 time, 4590.01 real, 273 MB
[runlim] sample:		4596.44 time, 4600.01 real, 273 MB
[runlim] sample:		4606.44 time, 4610.01 real, 273 MB
[runlim] sample:		4616.44 time, 4620.01 real, 273 MB
[runlim] sample:		4626.44 time, 4630.01 real, 273 MB
[runlim] sample:		4636.44 time, 4640.01 real, 273 MB
[runlim] sample:		4646.44 time, 4650.01 real, 273 MB
[runlim] sample:		4656.44 time, 4660.01 real, 273 MB
[runlim] sample:		4666.44 time, 4670.01 real, 273 MB
[runlim] sample:		4676.44 time, 4680.01 real, 273 MB
[runlim] sample:		4686.44 time, 4690.01 real, 273 MB
[runlim] sample:		4696.44 time, 4700.01 real, 273 MB
[runlim] sample:		4706.44 time, 4710.01 real, 273 MB
[runlim] sample:		4716.44 time, 4720.01 real, 273 MB
[runlim] sample:		4726.44 time, 4730.01 real, 273 MB
[runlim] sample:		4736.44 time, 4740.01 real, 273 MB
[runlim] sample:		4746.44 time, 4750.01 real, 273 MB
[runlim] sample:		4756.44 time, 4760.01 real, 274 MB
[runlim] sample:		4766.44 time, 4770.01 real, 274 MB
[runlim] sample:		4776.44 time, 4780.01 real, 274 MB
[runlim] sample:		4786.44 time, 4790.01 real, 274 MB
[runlim] sample:		4796.44 time, 4800.01 real, 274 MB
[runlim] sample:		4806.44 time, 4810.01 real, 274 MB
[runlim] sample:		4816.44 time, 4820.01 real, 274 MB
[runlim] sample:		4826.44 time, 4830.01 real, 274 MB
[runlim] sample:		4836.44 time, 4840.01 real, 274 MB
[runlim] sample:		4846.44 time, 4850.01 real, 274 MB
[runlim] sample:		4856.44 time, 4860.01 real, 274 MB
[runlim] sample:		4866.44 time, 4870.01 real, 274 MB
[runlim] sample:		4876.44 time, 4880.01 real, 274 MB
[runlim] sample:		4886.44 time, 4890.01 real, 274 MB
[runlim] sample:		4896.44 time, 4900.01 real, 275 MB
[runlim] sample:		4906.44 time, 4910.01 real, 275 MB
[runlim] sample:		4916.44 time, 4920.01 real, 275 MB
[runlim] sample:		4926.44 time, 4930.01 real, 275 MB
[runlim] sample:		4936.44 time, 4940.01 real, 275 MB
[runlim] sample:		4946.44 time, 4950.01 real, 275 MB
[runlim] sample:		4956.44 time, 4960.01 real, 275 MB
[runlim] sample:		4966.44 time, 4970.01 real, 275 MB
[runlim] sample:		4976.44 time, 4980.01 real, 275 MB
[runlim] sample:		4986.44 time, 4990.01 real, 275 MB
[runlim] sample:		4996.44 time, 5000.01 real, 275 MB
[runlim] sample:		5006.44 time, 5010.01 real, 275 MB
[runlim] sample:		5016.44 time, 5020.01 real, 275 MB
[runlim] sample:		5026.44 time, 5030.01 real, 275 MB
[runlim] sample:		5036.44 time, 5040.01 real, 275 MB
[runlim] sample:		5046.44 time, 5050.01 real, 275 MB
[runlim] sample:		5056.44 time, 5060.01 real, 275 MB
[runlim] sample:		5066.44 time, 5070.01 real, 275 MB
[runlim] sample:		5076.44 time, 5080.01 real, 275 MB
[runlim] sample:		5086.44 time, 5090.01 real, 275 MB
[runlim] sample:		5096.44 time, 5100.01 real, 275 MB
[runlim] sample:		5106.44 time, 5110.01 real, 275 MB
[runlim] sample:		5116.44 time, 5120.01 real, 275 MB
[runlim] sample:		5126.44 time, 5130.01 real, 275 MB
[runlim] sample:		5136.44 time, 5140.01 real, 275 MB
[runlim] sample:		5146.44 time, 5150.01 real, 276 MB
[runlim] sample:		5156.44 time, 5160.01 real, 276 MB
[runlim] sample:		5166.44 time, 5170.01 real, 276 MB
[runlim] sample:		5176.44 time, 5180.01 real, 276 MB
[runlim] sample:		5186.44 time, 5190.01 real, 276 MB
[runlim] sample:		5196.44 time, 5200.01 real, 276 MB
[runlim] sample:		5206.44 time, 5210.01 real, 276 MB
[runlim] sample:		5216.44 time, 5220.01 real, 276 MB
[runlim] sample:		5226.44 time, 5230.01 real, 276 MB
[runlim] sample:		5236.44 time, 5240.01 real, 276 MB
[runlim] sample:		5246.44 time, 5250.01 real, 276 MB
[runlim] sample:		5256.44 time, 5260.01 real, 276 MB
[runlim] sample:		5266.44 time, 5270.01 real, 276 MB
[runlim] sample:		5276.44 time, 5280.01 real, 276 MB
[runlim] sample:		5286.44 time, 5290.01 real, 276 MB
[runlim] sample:		5296.44 time, 5300.01 real, 277 MB
[runlim] sample:		5306.44 time, 5310.01 real, 279 MB
[runlim] sample:		5316.44 time, 5320.01 real, 280 MB
[runlim] sample:		5326.44 time, 5330.01 real, 280 MB
[runlim] sample:		5336.44 time, 5340.01 real, 280 MB
[runlim] sample:		5346.43 time, 5350.01 real, 280 MB
[runlim] sample:		5356.43 time, 5360.01 real, 280 MB
[runlim] sample:		5366.43 time, 5370.01 real, 280 MB
[runlim] sample:		5376.43 time, 5380.01 real, 280 MB
[runlim] sample:		5386.43 time, 5390.01 real, 280 MB
[runlim] sample:		5396.43 time, 5400.01 real, 280 MB
[runlim] sample:		5406.43 time, 5410.01 real, 280 MB
[runlim] sample:		5416.44 time, 5420.01 real, 281 MB
[runlim] sample:		5426.44 time, 5430.01 real, 281 MB
[runlim] sample:		5436.44 time, 5440.01 real, 281 MB
[runlim] sample:		5446.44 time, 5450.01 real, 281 MB
[runlim] sample:		5456.44 time, 5460.01 real, 281 MB
[runlim] sample:		5466.44 time, 5470.01 real, 281 MB
[runlim] sample:		5476.44 time, 5480.01 real, 281 MB
[runlim] sample:		5486.44 time, 5490.01 real, 281 MB
[runlim] sample:		5496.44 time, 5500.01 real, 281 MB
[runlim] sample:		5506.44 time, 5510.01 real, 281 MB
[runlim] sample:		5516.44 time, 5520.01 real, 281 MB
[runlim] sample:		5526.44 time, 5530.01 real, 281 MB
[runlim] sample:		5536.44 time, 5540.01 real, 281 MB
[runlim] sample:		5546.44 time, 5550.01 real, 281 MB
[runlim] sample:		5556.44 time, 5560.01 real, 281 MB
[runlim] sample:		5566.44 time, 5570.01 real, 281 MB
[runlim] sample:		5576.44 time, 5580.01 real, 281 MB
[runlim] sample:		5586.44 time, 5590.01 real, 281 MB
[runlim] sample:		5596.44 time, 5600.01 real, 281 MB
[runlim] sample:		5606.44 time, 5610.01 real, 281 MB
[runlim] sample:		5616.44 time, 5620.01 real, 281 MB
[runlim] sample:		5626.44 time, 5630.01 real, 281 MB
[runlim] sample:		5636.44 time, 5640.01 real, 281 MB
[runlim] sample:		5646.44 time, 5650.01 real, 281 MB
[runlim] sample:		5656.44 time, 5660.01 real, 281 MB
[runlim] sample:		5666.44 time, 5670.01 real, 281 MB
[runlim] sample:		5676.44 time, 5680.01 real, 281 MB
[runlim] sample:		5686.44 time, 5690.01 real, 281 MB
[runlim] sample:		5696.44 time, 5700.01 real, 281 MB
[runlim] sample:		5706.44 time, 5710.01 real, 281 MB
[runlim] sample:		5716.44 time, 5720.01 real, 281 MB
[runlim] sample:		5726.44 time, 5730.01 real, 281 MB
[runlim] sample:		5736.44 time, 5740.01 real, 281 MB
[runlim] sample:		5746.44 time, 5750.01 real, 281 MB
[runlim] sample:		5756.44 time, 5760.01 real, 281 MB
[runlim] sample:		5766.44 time, 5770.01 real, 281 MB
[runlim] sample:		5776.44 time, 5780.01 real, 281 MB
[runlim] sample:		5786.44 time, 5790.01 real, 281 MB
[runlim] sample:		5796.44 time, 5800.01 real, 281 MB
[runlim] sample:		5806.44 time, 5810.01 real, 281 MB
[runlim] sample:		5816.44 time, 5820.01 real, 281 MB
[runlim] sample:		5826.44 time, 5830.01 real, 281 MB
[runlim] sample:		5836.44 time, 5840.01 real, 281 MB
[runlim] sample:		5846.44 time, 5850.01 real, 281 MB
[runlim] sample:		5856.44 time, 5860.01 real, 281 MB
[runlim] sample:		5866.44 time, 5870.01 real, 281 MB
[runlim] sample:		5876.44 time, 5880.01 real, 281 MB
[runlim] sample:		5886.44 time, 5890.01 real, 281 MB
[runlim] sample:		5896.44 time, 5900.01 real, 281 MB
[runlim] sample:		5906.44 time, 5910.01 real, 281 MB
[runlim] sample:		5916.44 time, 5920.01 real, 281 MB
[runlim] sample:		5926.44 time, 5930.01 real, 281 MB
[runlim] sample:		5936.44 time, 5940.01 real, 281 MB
[runlim] sample:		5946.44 time, 5950.01 real, 281 MB
[runlim] sample:		5956.44 time, 5960.01 real, 282 MB
[runlim] sample:		5966.44 time, 5970.01 real, 282 MB
[runlim] sample:		5976.44 time, 5980.01 real, 282 MB
[runlim] sample:		5986.44 time, 5990.01 real, 286 MB
[runlim] sample:		5996.44 time, 6000.01 real, 286 MB
[runlim] sample:		6006.44 time, 6010.01 real, 286 MB
[runlim] sample:		6016.44 time, 6020.01 real, 286 MB
[runlim] sample:		6026.44 time, 6030.01 real, 286 MB
[runlim] sample:		6036.44 time, 6040.01 real, 286 MB
[runlim] sample:		6046.44 time, 6050.01 real, 286 MB
[runlim] sample:		6056.44 time, 6060.01 real, 286 MB
[runlim] sample:		6066.44 time, 6070.01 real, 286 MB
[runlim] sample:		6076.44 time, 6080.01 real, 286 MB
[runlim] sample:		6086.44 time, 6090.01 real, 286 MB
[runlim] sample:		6096.44 time, 6100.01 real, 286 MB
[runlim] sample:		6106.44 time, 6110.01 real, 286 MB
[runlim] sample:		6116.44 time, 6120.01 real, 286 MB
[runlim] sample:		6126.44 time, 6130.01 real, 286 MB
[runlim] sample:		6136.44 time, 6140.01 real, 286 MB
[runlim] sample:		6146.44 time, 6150.01 real, 286 MB
[runlim] sample:		6156.44 time, 6160.01 real, 286 MB
[runlim] sample:		6166.44 time, 6170.01 real, 286 MB
[runlim] sample:		6176.44 time, 6180.01 real, 286 MB
[runlim] sample:		6186.44 time, 6190.01 real, 286 MB
[runlim] sample:		6196.44 time, 6200.01 real, 286 MB
[runlim] sample:		6206.44 time, 6210.01 real, 286 MB
[runlim] sample:		6216.44 time, 6220.01 real, 286 MB
[runlim] sample:		6226.44 time, 6230.01 real, 286 MB
[runlim] sample:		6236.44 time, 6240.01 real, 286 MB
[runlim] sample:		6246.44 time, 6250.01 real, 286 MB
[runlim] sample:		6256.44 time, 6260.01 real, 286 MB
[runlim] sample:		6266.44 time, 6270.01 real, 286 MB
[runlim] sample:		6276.44 time, 6280.01 real, 286 MB
[runlim] sample:		6286.44 time, 6290.01 real, 286 MB
[runlim] sample:		6296.44 time, 6300.01 real, 286 MB
[runlim] sample:		6306.44 time, 6310.01 real, 286 MB
[runlim] sample:		6316.44 time, 6320.01 real, 286 MB
[runlim] sample:		6326.44 time, 6330.01 real, 286 MB
[runlim] sample:		6336.44 time, 6340.01 real, 286 MB
[runlim] sample:		6346.44 time, 6350.01 real, 286 MB
[runlim] sample:		6356.44 time, 6360.01 real, 286 MB
[runlim] sample:		6366.44 time, 6370.01 real, 286 MB
[runlim] sample:		6376.44 time, 6380.01 real, 286 MB
[runlim] sample:		6386.44 time, 6390.01 real, 286 MB
[runlim] sample:		6396.44 time, 6400.01 real, 286 MB
[runlim] sample:		6406.44 time, 6410.01 real, 286 MB
[runlim] sample:		6416.44 time, 6420.01 real, 286 MB
[runlim] sample:		6426.44 time, 6430.01 real, 286 MB
[runlim] sample:		6436.44 time, 6440.01 real, 286 MB
[runlim] sample:		6446.44 time, 6450.01 real, 286 MB
[runlim] sample:		6456.44 time, 6460.01 real, 286 MB
[runlim] sample:		6466.44 time, 6470.01 real, 286 MB
[runlim] sample:		6476.44 time, 6480.01 real, 286 MB
[runlim] sample:		6486.44 time, 6490.01 real, 286 MB
[runlim] sample:		6496.44 time, 6500.01 real, 286 MB
[runlim] sample:		6506.44 time, 6510.01 real, 286 MB
[runlim] sample:		6516.44 time, 6520.01 real, 286 MB
[runlim] sample:		6526.44 time, 6530.01 real, 286 MB
[runlim] sample:		6536.44 time, 6540.01 real, 286 MB
[runlim] sample:		6546.44 time, 6550.01 real, 286 MB
[runlim] sample:		6556.44 time, 6560.01 real, 286 MB
[runlim] sample:		6566.44 time, 6570.01 real, 286 MB
[runlim] sample:		6576.44 time, 6580.01 real, 286 MB
[runlim] sample:		6586.44 time, 6590.01 real, 286 MB
[runlim] sample:		6596.44 time, 6600.01 real, 286 MB
[runlim] sample:		6606.44 time, 6610.01 real, 286 MB
[runlim] sample:		6616.44 time, 6620.01 real, 286 MB
[runlim] sample:		6626.44 time, 6630.01 real, 286 MB
[runlim] sample:		6636.44 time, 6640.01 real, 286 MB
[runlim] sample:		6646.44 time, 6650.01 real, 286 MB
[runlim] sample:		6656.44 time, 6660.01 real, 286 MB
[runlim] sample:		6666.44 time, 6670.01 real, 286 MB
[runlim] sample:		6676.44 time, 6680.01 real, 286 MB
[runlim] sample:		6686.44 time, 6690.01 real, 286 MB
[runlim] sample:		6696.44 time, 6700.01 real, 286 MB
[runlim] sample:		6706.44 time, 6710.01 real, 286 MB
[runlim] sample:		6716.44 time, 6720.01 real, 286 MB
[runlim] sample:		6726.44 time, 6730.01 real, 286 MB
[runlim] sample:		6736.44 time, 6740.01 real, 286 MB
[runlim] sample:		6746.44 time, 6750.01 real, 286 MB
[runlim] sample:		6756.44 time, 6760.01 real, 286 MB
[runlim] sample:		6766.44 time, 6770.01 real, 286 MB
[runlim] sample:		6776.44 time, 6780.01 real, 286 MB
[runlim] sample:		6786.44 time, 6790.01 real, 286 MB
[runlim] sample:		6796.44 time, 6800.01 real, 287 MB
[runlim] sample:		6806.44 time, 6810.01 real, 287 MB
[runlim] sample:		6816.44 time, 6820.01 real, 287 MB
[runlim] sample:		6826.44 time, 6830.01 real, 287 MB
[runlim] sample:		6836.44 time, 6840.01 real, 287 MB
[runlim] sample:		6846.44 time, 6850.01 real, 287 MB
[runlim] sample:		6856.44 time, 6860.01 real, 287 MB
[runlim] sample:		6866.44 time, 6870.01 real, 287 MB
[runlim] sample:		6876.44 time, 6880.01 real, 287 MB
[runlim] sample:		6886.44 time, 6890.01 real, 287 MB
[runlim] sample:		6896.44 time, 6900.01 real, 287 MB
[runlim] sample:		6906.44 time, 6910.01 real, 287 MB
[runlim] sample:		6916.44 time, 6920.01 real, 287 MB
[runlim] sample:		6926.44 time, 6930.01 real, 287 MB
[runlim] sample:		6936.44 time, 6940.01 real, 287 MB
[runlim] sample:		6946.44 time, 6950.01 real, 288 MB
[runlim] sample:		6956.44 time, 6960.01 real, 288 MB
[runlim] sample:		6966.44 time, 6970.01 real, 288 MB
[runlim] sample:		6976.44 time, 6980.01 real, 288 MB
[runlim] sample:		6986.44 time, 6990.01 real, 288 MB
[runlim] sample:		6996.44 time, 7000.01 real, 288 MB
[runlim] sample:		7006.44 time, 7010.01 real, 288 MB
[runlim] sample:		7016.44 time, 7020.01 real, 288 MB
[runlim] sample:		7026.44 time, 7030.01 real, 288 MB
[runlim] sample:		7036.44 time, 7040.01 real, 288 MB
[runlim] sample:		7046.44 time, 7050.01 real, 288 MB
[runlim] sample:		7056.44 time, 7060.01 real, 288 MB
[runlim] sample:		7066.44 time, 7070.01 real, 288 MB
[runlim] sample:		7076.44 time, 7080.01 real, 288 MB
[runlim] sample:		7086.44 time, 7090.01 real, 288 MB
[runlim] sample:		7096.44 time, 7100.01 real, 288 MB
[runlim] sample:		7106.44 time, 7110.01 real, 288 MB
[runlim] sample:		7116.44 time, 7120.01 real, 288 MB
[runlim] sample:		7126.44 time, 7130.01 real, 288 MB
[runlim] sample:		7136.44 time, 7140.01 real, 288 MB
[runlim] sample:		7146.44 time, 7150.01 real, 288 MB
[runlim] sample:		7156.44 time, 7160.01 real, 288 MB
[runlim] sample:		7166.44 time, 7170.01 real, 288 MB
[runlim] sample:		7176.44 time, 7180.01 real, 288 MB
[runlim] sample:		7186.44 time, 7190.01 real, 288 MB
[runlim] sample:		7196.44 time, 7200.01 real, 288 MB
[runlim] sample:		7206.44 time, 7210.01 real, 288 MB
[runlim] sample:		7216.44 time, 7220.01 real, 288 MB
[runlim] sample:		7226.44 time, 7230.01 real, 288 MB
[runlim] sample:		7236.44 time, 7240.01 real, 288 MB
[runlim] sample:		7246.44 time, 7250.01 real, 288 MB
[runlim] sample:		7256.44 time, 7260.01 real, 288 MB
[runlim] sample:		7266.44 time, 7270.01 real, 288 MB
[runlim] sample:		7276.44 time, 7280.01 real, 288 MB
[runlim] sample:		7286.44 time, 7290.01 real, 288 MB
[runlim] sample:		7296.44 time, 7300.01 real, 288 MB
[runlim] sample:		7306.44 time, 7310.01 real, 289 MB
[runlim] sample:		7316.44 time, 7320.01 real, 289 MB
[runlim] sample:		7326.44 time, 7330.01 real, 289 MB
[runlim] sample:		7336.44 time, 7340.01 real, 289 MB
[runlim] sample:		7346.44 time, 7350.01 real, 289 MB
[runlim] sample:		7356.44 time, 7360.01 real, 289 MB
[runlim] sample:		7366.44 time, 7370.01 real, 289 MB
[runlim] sample:		7376.44 time, 7380.01 real, 289 MB
[runlim] sample:		7386.44 time, 7390.01 real, 289 MB
[runlim] sample:		7396.44 time, 7400.01 real, 289 MB
[runlim] sample:		7406.44 time, 7410.01 real, 289 MB
[runlim] sample:		7416.44 time, 7420.01 real, 289 MB
[runlim] sample:		7426.44 time, 7430.01 real, 289 MB
[runlim] sample:		7436.44 time, 7440.01 real, 289 MB
[runlim] sample:		7446.44 time, 7450.01 real, 289 MB
[runlim] sample:		7456.44 time, 7460.01 real, 289 MB
[runlim] sample:		7466.44 time, 7470.01 real, 289 MB
[runlim] sample:		7476.44 time, 7480.01 real, 289 MB
[runlim] sample:		7486.44 time, 7490.01 real, 289 MB
[runlim] sample:		7496.44 time, 7500.01 real, 289 MB
[runlim] sample:		7506.44 time, 7510.01 real, 290 MB
[runlim] sample:		7516.44 time, 7520.01 real, 290 MB
[runlim] sample:		7526.44 time, 7530.01 real, 290 MB
[runlim] sample:		7536.44 time, 7540.01 real, 290 MB
[runlim] sample:		7546.44 time, 7550.01 real, 290 MB
[runlim] sample:		7556.44 time, 7560.01 real, 290 MB
[runlim] sample:		7566.44 time, 7570.01 real, 290 MB
[runlim] sample:		7576.44 time, 7580.01 real, 290 MB
[runlim] sample:		7586.44 time, 7590.01 real, 290 MB
[runlim] sample:		7596.44 time, 7600.01 real, 290 MB
[runlim] sample:		7606.44 time, 7610.01 real, 290 MB
[runlim] sample:		7616.44 time, 7620.01 real, 290 MB
[runlim] sample:		7626.44 time, 7630.01 real, 290 MB
[runlim] sample:		7636.44 time, 7640.01 real, 290 MB
[runlim] sample:		7646.44 time, 7650.01 real, 290 MB
[runlim] sample:		7656.44 time, 7660.01 real, 290 MB
[runlim] sample:		7666.44 time, 7670.01 real, 290 MB
[runlim] sample:		7676.44 time, 7680.01 real, 290 MB
[runlim] sample:		7686.44 time, 7690.01 real, 290 MB
[runlim] sample:		7696.44 time, 7700.01 real, 290 MB
[runlim] sample:		7706.44 time, 7710.01 real, 290 MB
[runlim] sample:		7716.44 time, 7720.01 real, 290 MB
[runlim] sample:		7726.44 time, 7730.01 real, 290 MB
[runlim] sample:		7736.44 time, 7740.01 real, 290 MB
[runlim] sample:		7746.44 time, 7750.01 real, 290 MB
[runlim] sample:		7756.44 time, 7760.01 real, 290 MB
[runlim] sample:		7766.44 time, 7770.01 real, 290 MB
[runlim] sample:		7776.44 time, 7780.01 real, 290 MB
[runlim] sample:		7786.44 time, 7790.01 real, 290 MB
[runlim] sample:		7796.44 time, 7800.01 real, 290 MB
[runlim] sample:		7806.44 time, 7810.01 real, 291 MB
[runlim] sample:		7816.44 time, 7820.01 real, 291 MB
[runlim] sample:		7826.44 time, 7830.01 real, 291 MB
[runlim] sample:		7836.44 time, 7840.01 real, 291 MB
[runlim] sample:		7846.44 time, 7850.01 real, 291 MB
[runlim] sample:		7856.44 time, 7860.01 real, 291 MB
[runlim] sample:		7866.44 time, 7870.01 real, 292 MB
[runlim] sample:		7876.44 time, 7880.01 real, 292 MB
[runlim] sample:		7886.44 time, 7890.01 real, 292 MB
[runlim] sample:		7896.44 time, 7900.01 real, 292 MB
[runlim] sample:		7906.44 time, 7910.01 real, 292 MB
[runlim] sample:		7916.44 time, 7920.01 real, 292 MB
[runlim] sample:		7926.44 time, 7930.01 real, 292 MB
[runlim] sample:		7936.44 time, 7940.01 real, 293 MB
[runlim] sample:		7946.44 time, 7950.01 real, 293 MB
[runlim] sample:		7956.44 time, 7960.01 real, 293 MB
[runlim] sample:		7966.44 time, 7970.01 real, 293 MB
[runlim] sample:		7976.44 time, 7980.01 real, 293 MB
[runlim] sample:		7986.44 time, 7990.01 real, 293 MB
[runlim] sample:		7996.44 time, 8000.01 real, 293 MB
[runlim] sample:		8006.44 time, 8010.01 real, 293 MB
[runlim] sample:		8016.44 time, 8020.01 real, 293 MB
[runlim] sample:		8026.44 time, 8030.01 real, 293 MB
[runlim] sample:		8036.44 time, 8040.01 real, 293 MB
[runlim] sample:		8046.44 time, 8050.01 real, 293 MB
[runlim] sample:		8056.44 time, 8060.01 real, 293 MB
[runlim] sample:		8066.44 time, 8070.01 real, 293 MB
[runlim] sample:		8076.44 time, 8080.01 real, 293 MB
[runlim] sample:		8086.44 time, 8090.01 real, 293 MB
[runlim] sample:		8096.44 time, 8100.01 real, 293 MB
[runlim] sample:		8106.44 time, 8110.01 real, 293 MB
[runlim] sample:		8116.44 time, 8120.01 real, 293 MB
[runlim] sample:		8126.44 time, 8130.01 real, 293 MB
[runlim] sample:		8136.44 time, 8140.01 real, 293 MB
[runlim] sample:		8146.44 time, 8150.01 real, 293 MB
[runlim] sample:		8156.44 time, 8160.01 real, 293 MB
[runlim] sample:		8166.44 time, 8170.01 real, 293 MB
[runlim] sample:		8176.44 time, 8180.01 real, 293 MB
[runlim] sample:		8186.44 time, 8190.01 real, 293 MB
[runlim] sample:		8196.44 time, 8200.01 real, 293 MB
[runlim] sample:		8206.44 time, 8210.01 real, 293 MB
[runlim] sample:		8216.44 time, 8220.01 real, 293 MB
[runlim] sample:		8226.44 time, 8230.01 real, 293 MB
[runlim] sample:		8236.44 time, 8240.01 real, 293 MB
[runlim] sample:		8246.44 time, 8250.01 real, 293 MB
[runlim] sample:		8256.44 time, 8260.01 real, 293 MB
[runlim] sample:		8266.44 time, 8270.01 real, 293 MB
[runlim] sample:		8276.44 time, 8280.01 real, 293 MB
[runlim] sample:		8286.44 time, 8290.01 real, 293 MB
[runlim] sample:		8296.44 time, 8300.01 real, 293 MB
[runlim] sample:		8306.44 time, 8310.01 real, 293 MB
[runlim] sample:		8316.44 time, 8320.01 real, 293 MB
[runlim] sample:		8326.44 time, 8330.01 real, 293 MB
[runlim] sample:		8336.44 time, 8340.01 real, 293 MB
[runlim] sample:		8346.44 time, 8350.01 real, 293 MB
[runlim] sample:		8356.44 time, 8360.01 real, 293 MB
[runlim] sample:		8366.44 time, 8370.01 real, 293 MB
[runlim] sample:		8376.44 time, 8380.01 real, 293 MB
[runlim] sample:		8386.44 time, 8390.01 real, 293 MB
[runlim] sample:		8396.44 time, 8400.01 real, 293 MB
[runlim] sample:		8406.44 time, 8410.01 real, 293 MB
[runlim] sample:		8416.44 time, 8420.01 real, 293 MB
[runlim] sample:		8426.44 time, 8430.01 real, 293 MB
[runlim] sample:		8436.44 time, 8440.01 real, 293 MB
[runlim] sample:		8446.44 time, 8450.01 real, 293 MB
[runlim] sample:		8456.44 time, 8460.01 real, 293 MB
[runlim] sample:		8466.44 time, 8470.01 real, 293 MB
[runlim] sample:		8476.44 time, 8480.01 real, 293 MB
[runlim] sample:		8486.44 time, 8490.01 real, 293 MB
[runlim] sample:		8496.44 time, 8500.01 real, 293 MB
[runlim] sample:		8506.44 time, 8510.01 real, 293 MB
[runlim] sample:		8516.44 time, 8520.01 real, 293 MB
[runlim] sample:		8526.44 time, 8530.01 real, 293 MB
[runlim] sample:		8536.44 time, 8540.01 real, 293 MB
[runlim] sample:		8546.44 time, 8550.01 real, 293 MB
[runlim] sample:		8556.44 time, 8560.01 real, 293 MB
[runlim] sample:		8566.44 time, 8570.01 real, 293 MB
[runlim] sample:		8576.44 time, 8580.01 real, 293 MB
[runlim] sample:		8586.44 time, 8590.01 real, 293 MB
[runlim] sample:		8596.44 time, 8600.01 real, 293 MB
[runlim] sample:		8606.44 time, 8610.01 real, 293 MB
[runlim] sample:		8616.44 time, 8620.01 real, 293 MB
[runlim] sample:		8626.44 time, 8630.01 real, 293 MB
[runlim] sample:		8636.44 time, 8640.01 real, 293 MB
[runlim] sample:		8646.44 time, 8650.01 real, 293 MB
[runlim] sample:		8656.44 time, 8660.01 real, 293 MB
[runlim] sample:		8666.44 time, 8670.01 real, 293 MB
[runlim] sample:		8676.44 time, 8680.01 real, 293 MB
[runlim] sample:		8686.44 time, 8690.01 real, 293 MB
[runlim] sample:		8696.44 time, 8700.01 real, 293 MB
[runlim] sample:		8706.44 time, 8710.01 real, 293 MB
[runlim] sample:		8716.44 time, 8720.01 real, 293 MB
[runlim] sample:		8726.44 time, 8730.01 real, 293 MB
[runlim] sample:		8736.44 time, 8740.01 real, 293 MB
[runlim] sample:		8746.44 time, 8750.01 real, 293 MB
[runlim] sample:		8756.44 time, 8760.01 real, 293 MB
[runlim] sample:		8766.44 time, 8770.01 real, 293 MB
[runlim] sample:		8776.44 time, 8780.01 real, 293 MB
[runlim] sample:		8786.44 time, 8790.01 real, 293 MB
[runlim] sample:		8796.44 time, 8800.01 real, 293 MB
[runlim] sample:		8806.44 time, 8810.01 real, 293 MB
[runlim] sample:		8816.44 time, 8820.01 real, 293 MB
[runlim] sample:		8826.44 time, 8830.01 real, 293 MB
[runlim] sample:		8836.44 time, 8840.01 real, 293 MB
[runlim] sample:		8846.44 time, 8850.01 real, 293 MB
[runlim] sample:		8856.44 time, 8860.01 real, 293 MB
[runlim] sample:		8866.44 time, 8870.01 real, 294 MB
[runlim] sample:		8876.44 time, 8880.01 real, 294 MB
[runlim] sample:		8886.44 time, 8890.01 real, 294 MB
[runlim] sample:		8896.44 time, 8900.01 real, 294 MB
[runlim] sample:		8906.44 time, 8910.01 real, 294 MB
[runlim] sample:		8916.44 time, 8920.01 real, 294 MB
[runlim] sample:		8926.44 time, 8930.01 real, 294 MB
[runlim] sample:		8936.44 time, 8940.01 real, 294 MB
[runlim] sample:		8946.44 time, 8950.01 real, 294 MB
[runlim] sample:		8956.44 time, 8960.01 real, 294 MB
[runlim] sample:		8966.44 time, 8970.01 real, 294 MB
[runlim] sample:		8976.44 time, 8980.01 real, 294 MB
[runlim] sample:		8986.44 time, 8990.01 real, 294 MB
[runlim] sample:		8996.44 time, 9000.01 real, 294 MB
[runlim] sample:		9006.44 time, 9010.01 real, 294 MB
[runlim] sample:		9016.44 time, 9020.01 real, 294 MB
[runlim] sample:		9026.44 time, 9030.01 real, 294 MB
[runlim] sample:		9036.44 time, 9040.01 real, 294 MB
[runlim] sample:		9046.44 time, 9050.01 real, 294 MB
[runlim] sample:		9056.44 time, 9060.01 real, 294 MB
[runlim] sample:		9066.44 time, 9070.01 real, 294 MB
[runlim] sample:		9076.44 time, 9080.01 real, 294 MB
[runlim] sample:		9086.44 time, 9090.01 real, 294 MB
[runlim] sample:		9096.44 time, 9100.01 real, 294 MB
[runlim] sample:		9106.44 time, 9110.01 real, 294 MB
[runlim] sample:		9116.44 time, 9120.01 real, 294 MB
[runlim] sample:		9126.44 time, 9130.01 real, 294 MB
[runlim] sample:		9136.44 time, 9140.01 real, 294 MB
[runlim] sample:		9146.44 time, 9150.01 real, 294 MB
