[litmus/run.sh] running 44: litmus/intel/7/run.sh boolector functional
[concubine>main] encoding took 0.012711 seconds
[concubine>main] generated 6770 commands
[btor>main] Boolector Version 3.2.1 master-6500a7be548fd22d8de08ec2621caec6aa97697b
[btor>main]  -std=gnu99 -W -Wall -Wextra -Wredundant-decls -O3
[btor>main] released 2020-12-08T13:56:40
[btor>main] compiled 2020-12-08T13:56:40
[btor>main] GNU 7.5.0
[btor>main] setting signal handlers
[btor>main] no time limit given
[btor>parse] assuming SMT-LIB v2 input,  parsing '<stdin>'
[btor>smt2] parsed 2300 commands in 0.00 seconds
[btor>core] calling SAT
[btor>core] found UFs, disable slice elimination
[btor>varsubst] 784 variables substituted in 0.0 seconds
[btor>extract] set: 1 (2), set_inc: 0 (0), set_itoi: 0 (0), set_itoip1: 0 (0), cpy: 0 (0)
[btor>extract] extracted 1 lambdas in 0.000 seconds
[btor>merge] merged 0 lambdas in 0.00 seconds
[btor>preprocess] 1 rewriting rounds in 0.0 seconds
[btor>preprocess] simplification returned 0
[btor>slvfun] enabled core engine
[btor>sat] CaDiCaL allows both incremental and non-incremental mode
[btor>sat] initialized CaDiCaL
[btor>slvfun] 438 AIG vars, 3938 AIG ands, 3376 CNF vars, 9474 CNF clauses
[btorcore] 1 iterations, 9 lemmas, 0 ext. lemmas, vars 86, applies 23
[btor>slvfun] 438 AIG vars, 4380 AIG ands, 3624 CNF vars, 10315 CNF clauses
[btorcore] 2 iterations, 13 lemmas, 0 ext. lemmas, vars 86, applies 23
[btor>slvfun] 438 AIG vars, 4638 AIG ands, 3754 CNF vars, 10769 CNF clauses
[btorcore] 3 iterations, 15 lemmas, 0 ext. lemmas, vars 86, applies 23
[btor>slvfun] 438 AIG vars, 4767 AIG ands, 3819 CNF vars, 10996 CNF clauses
[btorcore] 4 iterations, 17 lemmas, 0 ext. lemmas, vars 86, applies 23
[btor>slvfun] 438 AIG vars, 4897 AIG ands, 3885 CNF vars, 11226 CNF clauses
[btorcore] 5 iterations, 19 lemmas, 0 ext. lemmas, vars 86, applies 23
[btor>slvfun] 438 AIG vars, 4962 AIG ands, 3918 CNF vars, 11341 CNF clauses
[btorcore] 6 iterations, 23 lemmas, 0 ext. lemmas, vars 86, applies 23
[btor>slvfun] 438 AIG vars, 5113 AIG ands, 4003 CNF vars, 11629 CNF clauses
[btorcore] 7 iterations, 24 lemmas, 0 ext. lemmas, vars 86, applies 23
[btor>slvfun] 438 AIG vars, 5177 AIG ands, 4035 CNF vars, 11741 CNF clauses
[btorcore] 8 iterations, 25 lemmas, 0 ext. lemmas, vars 86, applies 23
[btor>slvfun] 438 AIG vars, 5241 AIG ands, 4067 CNF vars, 11853 CNF clauses
[btorcore] 9 iterations, 26 lemmas, 0 ext. lemmas, vars 86, applies 23
[btor>slvfun] 438 AIG vars, 5244 AIG ands, 4070 CNF vars, 11862 CNF clauses
[btorcore] 10 iterations, 27 lemmas, 0 ext. lemmas, vars 86, applies 23
[btor>slvfun] 438 AIG vars, 5245 AIG ands, 4071 CNF vars, 11865 CNF clauses
[btorcore] 11 iterations, 28 lemmas, 0 ext. lemmas, vars 86, applies 23
[btor>slvfun] 438 AIG vars, 5248 AIG ands, 4074 CNF vars, 11874 CNF clauses
[btorcore] 12 iterations, 29 lemmas, 0 ext. lemmas, vars 86, applies 23
[btor>slvfun] 438 AIG vars, 5251 AIG ands, 4077 CNF vars, 11883 CNF clauses
[btorcore] 13 iterations, 33 lemmas, 0 ext. lemmas, vars 86, applies 23
[btor>slvfun] 438 AIG vars, 5279 AIG ands, 4101 CNF vars, 11957 CNF clauses
[btorcore] 14 iterations, 35 lemmas, 0 ext. lemmas, vars 86, applies 23
[btor>slvfun] 438 AIG vars, 5344 AIG ands, 4134 CNF vars, 12072 CNF clauses
[btorcore] 15 iterations, 36 lemmas, 0 ext. lemmas, vars 86, applies 23
[btor>slvfun] 438 AIG vars, 5345 AIG ands, 4135 CNF vars, 12075 CNF clauses
[btor>core] SAT call 2 returned 20 in 0.000 seconds
unsat
[btor>smt2] WARNING no 'exit' command at end of '<stdin>'
[btor>smt2] parsed 2301 commands in 0.00 seconds
[btor>parse] logic QF_AUFBV
[btor>parse] status unknown
[btor>sat] 16 SAT calls in 0.0 seconds
[btor>core] 784/219/1979/434 constraints 0/0/0/434 1.1 MB
[btor>core] 0 assumptions
[btor>core] 
[btor>core] 1.01 MB allocated for nodes
[btor>core] 
[btor>core]     0 variable substitutions
[btor>core]     0 uninterpreted function substitutions
[btor>core]     0 embedded constraint substitutions
[btor>core]     0 synthesized nodes rewritten
[btor>core]     0 linear constraint equations
[btor>core]     0 gaussian eliminations in linear equations
[btor>core]     0 eliminated sliced variables
[btor>core]     0 extracted skeleton constraints
[btor>core]   812 and normalizations
[btor>core]    52 add normalizations
[btor>core]     0 mul normalizations
[btor>core]     0 lambdas merged
[btor>core]     0 static apply propagations over lambdas
[btor>core]     0 static apply propagations over updates
[btor>core]     0 beta reductions
[btor>core]     0 clone calls
[btor>core] 
[btor>core] rewrite rule cache
[btor>core]   1686 cached (add) 
[btor>core]   519 cached (get)
[btor>core]   0 updated
[btor>core]   0 removed (gc)
[btor>core]   0.12 MB cache
[btor>core] 
[btor>core] bit blasting statistics:
[btor>core]      1509 AIG vectors (1509 max)
[btor>core]      5345 AIG ANDs (5345 max)
[btor>core]       438 AIG variables
[btor>core]      4135 CNF variables
[btor>core]     12075 CNF clauses
[btor>core]     30799 CNF literals
[btor>slvfun] 
[btor>slvfun] lemmas on demand statistics:
[btor>slvfun]   15 refinement iterations
[btor>slvfun]   36 LOD refinements
[btor>slvfun]     28 function congruence conflicts
[btor>slvfun]      8 beta reduction conflicts
[btor>slvfun]      0 extensionality lemmas
[btor>slvfun]   3.3 average lemma size
[btor>slvfun]       26 lemmas of size 3
[btor>slvfun]        9 lemmas of size 4
[btor>slvfun]        1 lemmas of size 5
[btor>slvfun] 
[btor>slvfun]      29 expression evaluations
[btor>slvfun]      29 partial beta reductions
[btor>slvfun]     990 propagations
[btor>slvfun]      30 propagations down
[btor>core] 
[btor>core] 1.2 MB
[btor>main] unsat
[concubine>main] solving took 0.164029 seconds
