[litmus/run.sh] running 43: litmus/intel/7/run.sh btormc btor2
[concubine>main] encoding took 0.000929 seconds
[concubine>main] generated 322 commands
[btormc] parsing input file...
[btormc] finished parsing
[btor>mc] calling BMC on 1 properties from bound 14 up-to maximum bound k = 14
[btor>mc] trace generation enabled
[btor>mc] new forward manager
[btor>mc] initialized forward frame at bound k = 0
[btor>mc] initialized forward frame at bound k = 1
[btor>mc] initialized forward frame at bound k = 2
[btor>mc] initialized forward frame at bound k = 3
[btor>mc] initialized forward frame at bound k = 4
[btor>mc] initialized forward frame at bound k = 5
[btor>mc] initialized forward frame at bound k = 6
[btor>mc] initialized forward frame at bound k = 7
[btor>mc] initialized forward frame at bound k = 8
[btor>mc] initialized forward frame at bound k = 9
[btor>mc] initialized forward frame at bound k = 10
[btor>mc] initialized forward frame at bound k = 11
[btor>mc] initialized forward frame at bound k = 12
[btor>mc] initialized forward frame at bound k = 13
[btor>mc] initialized forward frame at bound k = 14
[btor>mc] checking forward frame at bound k = 14
[btor>mc] checking forward frame bad state property 0 at bound k = 14
[btor>core] calling SAT
[btor>core] found UFs, disable slice elimination
[btor>varsubst] 34 variables substituted in 0.0 seconds
[btor>embed] replaced 279 embedded constraints in 0 seconds
[btor>extract] set: 0 (0), set_inc: 0 (0), set_itoi: 0 (0), set_itoip1: 0 (0), cpy: 0 (0)
[btor>extract] extracted 0 lambdas in 0.000 seconds
[btor>preprocess] 1 rewriting rounds in 0.0 seconds
[btor>preprocess] simplification returned 0
[btor>slvfun] enabled core engine
[btor>sat] CaDiCaL allows both incremental and non-incremental mode
[btor>sat] initialized CaDiCaL
[btor>slvfun] 438 AIG vars, 3938 AIG ands, 3312 CNF vars, 9314 CNF clauses
[btorcore] 1 iterations, 6 lemmas, 0 ext. lemmas, vars 86, applies 24
[btor>slvfun] 438 AIG vars, 4282 AIG ands, 3494 CNF vars, 9941 CNF clauses
[btorcore] 2 iterations, 9 lemmas, 0 ext. lemmas, vars 86, applies 24
[btor>slvfun] 438 AIG vars, 4476 AIG ands, 3592 CNF vars, 10283 CNF clauses
[btorcore] 3 iterations, 11 lemmas, 0 ext. lemmas, vars 86, applies 24
[btor>slvfun] 438 AIG vars, 4605 AIG ands, 3657 CNF vars, 10510 CNF clauses
[btorcore] 4 iterations, 13 lemmas, 0 ext. lemmas, vars 86, applies 24
[btor>slvfun] 438 AIG vars, 4734 AIG ands, 3722 CNF vars, 10737 CNF clauses
[btorcore] 5 iterations, 14 lemmas, 0 ext. lemmas, vars 86, applies 24
[btor>slvfun] 438 AIG vars, 4798 AIG ands, 3754 CNF vars, 10849 CNF clauses
[btorcore] 6 iterations, 15 lemmas, 0 ext. lemmas, vars 86, applies 24
[btor>slvfun] 438 AIG vars, 4862 AIG ands, 3786 CNF vars, 10961 CNF clauses
[btorcore] 7 iterations, 16 lemmas, 0 ext. lemmas, vars 86, applies 24
[btor>slvfun] 438 AIG vars, 4926 AIG ands, 3818 CNF vars, 11073 CNF clauses
[btorcore] 8 iterations, 17 lemmas, 0 ext. lemmas, vars 86, applies 24
[btor>slvfun] 438 AIG vars, 4991 AIG ands, 3851 CNF vars, 11188 CNF clauses
[btorcore] 9 iterations, 18 lemmas, 0 ext. lemmas, vars 86, applies 24
[btor>slvfun] 438 AIG vars, 5055 AIG ands, 3883 CNF vars, 11300 CNF clauses
[btorcore] 10 iterations, 22 lemmas, 0 ext. lemmas, vars 86, applies 24
[btor>slvfun] 438 AIG vars, 5157 AIG ands, 3951 CNF vars, 11521 CNF clauses
[btorcore] 11 iterations, 26 lemmas, 0 ext. lemmas, vars 86, applies 24
[btor>slvfun] 438 AIG vars, 5241 AIG ands, 4003 CNF vars, 11693 CNF clauses
[btorcore] 12 iterations, 27 lemmas, 0 ext. lemmas, vars 86, applies 24
[btor>slvfun] 438 AIG vars, 5243 AIG ands, 4005 CNF vars, 11699 CNF clauses
[btorcore] 13 iterations, 30 lemmas, 0 ext. lemmas, vars 86, applies 24
[btor>slvfun] 438 AIG vars, 5266 AIG ands, 4026 CNF vars, 11763 CNF clauses
[btorcore] 14 iterations, 32 lemmas, 0 ext. lemmas, vars 86, applies 24
[btor>slvfun] 438 AIG vars, 5332 AIG ands, 4060 CNF vars, 11881 CNF clauses
[btorcore] 15 iterations, 36 lemmas, 0 ext. lemmas, vars 86, applies 24
[btor>slvfun] 438 AIG vars, 5374 AIG ands, 4098 CNF vars, 11997 CNF clauses
[btor>core] SAT call 2 returned 20 in 0.000 seconds
[btor>mc] bad state property 0 at bound k = 14 UNSATISFIABLE
[btor>mc] found 0 reachable and 0 unreachable bad state properties at bound k = 14
[btor>mc] deleting model checker: 8 inputs, 40 states, 1 bad, 10 constraints
[concubine>main] solving took 0.100738 seconds
