[concubine>main] encoding took 0.006261 seconds
[concubine>main] generated 7780 commands
minisat: Incremental solving is forced on (to avoid variable elimination) unless using internal decision strategy.
============================[ Search Statistics ]==============================
| Conflicts |          ORIGINAL         |          LEARNT          | Progress |
|           |    Vars  Clauses Literals |    Limit  Clauses Lit/Cl |          |
===============================================================================
|       100 |    2284     7020    18338 |    10525      158      7 |  0.738 % |
|       250 |    2331     7022    18342 |    15788      358      7 |  1.144 % |
|       475 |    2395     7031    18360 |    23682      623     10 |  1.682 % |
|       812 |    2386     7037    18372 |    35523      783     17 |  5.538 % |
|      1318 |    2673     7134    18566 |    53285     1270     20 |  6.897 % |
|      2077 |    3024     7318    18934 |    79928     1937     26 |  8.497 % |
|      3216 |    3577     7823    19944 |   119892     3661     33 |  7.280 % |
|      4924 |    3619     8196    20690 |   179838     5738     37 |  7.202 % |
|      7486 |    3997     9053    22404 |   269757     9370     38 |  7.560 % |
|     11330 |    4010     9666    23630 |   404635    13974     40 |  8.943 % |
|     17096 |    4080    12044    28386 |   606953    20233     42 |  8.806 % |
|     25745 |    4046    17553    39404 |   910430    29939     47 |  9.583 % |
|     38719 |    4046    24614    53526 |  1365645    43638     50 |  9.583 % |
|     58180 |    4031    32179    68656 |  2048467    64717     54 |  9.918 % |
|     87372 |    4028    43189    90676 |  3072701    95678     56 | 10.703 % |
|    131161 |    4030    59864   124026 |  4609052   140019     54 | 10.698 % |
|    196845 |    3855    76130   156558 |  6913578    90678     50 | 14.649 % |
|    295371 |    3707    93469   191236 | 10370367   194276     54 | 17.925 % |
|    443160 |    3619   117751   239800 | 15555550   142525     53 | 19.872 % |
===============================================================================
unsat
Cannot get model unless immediately preceded by SAT/NOT_ENTAILED or UNKNOWN response.
[concubine>main] solving took 35590.2 seconds
