[runlim] version:		1.21
[runlim] host:			c3n04
[runlim] time limit:		86400 seconds
[runlim] real time limit:	86400 seconds
[runlim] space limit:		8000 MB
[runlim] argv[0]:		concubine
[runlim] argv[1]:		solve
[runlim] argv[2]:		-v
[runlim] argv[3]:		-s
[runlim] argv[4]:		cvc4
[runlim] argv[5]:		-e
[runlim] argv[6]:		smtlib
[runlim] argv[7]:		-c
[runlim] argv[8]:		constraints.smt2
[runlim] argv[9]:		-m
[runlim] argv[10]:		init.mmap
[runlim] argv[11]:		-o
[runlim] argv[12]:		cvc4-functional
[runlim] argv[13]:		14
[runlim] argv[14]:		thread.0.asm
[runlim] argv[15]:		thread.1.asm
[runlim] argv[16]:		thread.2.asm
[runlim] argv[17]:		thread.3.asm
[runlim] start:			Tue Dec  1 16:38:25 2020
[runlim] child:			6872
[runlim] sample:		0.00 time, 10.01 real, 4 MB
[runlim] sample:		0.00 time, 20.01 real, 4 MB
[runlim] sample:		0.00 time, 30.01 real, 4 MB
[runlim] sample:		0.00 time, 40.01 real, 4 MB
[runlim] sample:		0.00 time, 50.01 real, 4 MB
[runlim] sample:		0.00 time, 60.01 real, 4 MB
[runlim] sample:		0.00 time, 70.01 real, 4 MB
[runlim] sample:		0.00 time, 80.01 real, 4 MB
[runlim] sample:		0.00 time, 90.01 real, 4 MB
[runlim] sample:		0.00 time, 100.01 real, 4 MB
[runlim] sample:		0.00 time, 110.01 real, 4 MB
[runlim] sample:		0.00 time, 120.01 real, 4 MB
[runlim] sample:		0.00 time, 130.01 real, 4 MB
[runlim] sample:		0.00 time, 140.01 real, 4 MB
[runlim] sample:		0.00 time, 150.01 real, 4 MB
[runlim] sample:		0.00 time, 160.01 real, 4 MB
[runlim] sample:		0.00 time, 170.01 real, 4 MB
[runlim] sample:		0.00 time, 180.01 real, 4 MB
[runlim] sample:		0.00 time, 190.01 real, 4 MB
[runlim] sample:		0.00 time, 200.01 real, 4 MB
[runlim] sample:		0.00 time, 210.01 real, 4 MB
[runlim] sample:		0.00 time, 220.01 real, 4 MB
[runlim] sample:		0.00 time, 230.01 real, 4 MB
[runlim] sample:		0.00 time, 240.01 real, 4 MB
[runlim] sample:		0.00 time, 250.01 real, 4 MB
[runlim] sample:		0.00 time, 260.01 real, 4 MB
[runlim] sample:		0.00 time, 270.01 real, 4 MB
[runlim] sample:		0.00 time, 280.01 real, 4 MB
[runlim] sample:		0.00 time, 290.01 real, 4 MB
[runlim] sample:		0.00 time, 300.01 real, 4 MB
[runlim] sample:		0.00 time, 310.01 real, 4 MB
[runlim] sample:		0.00 time, 320.01 real, 4 MB
[runlim] sample:		0.00 time, 330.01 real, 4 MB
[runlim] sample:		0.00 time, 340.01 real, 4 MB
[runlim] sample:		0.00 time, 350.01 real, 4 MB
[runlim] sample:		0.00 time, 360.01 real, 4 MB
[runlim] sample:		0.00 time, 370.01 real, 4 MB
[runlim] sample:		0.00 time, 380.01 real, 4 MB
[runlim] sample:		0.00 time, 390.01 real, 4 MB
[runlim] sample:		0.00 time, 400.01 real, 4 MB
[runlim] sample:		0.00 time, 410.01 real, 4 MB
[runlim] sample:		0.00 time, 420.01 real, 4 MB
[runlim] sample:		0.00 time, 430.01 real, 4 MB
[runlim] sample:		0.00 time, 440.01 real, 4 MB
[runlim] sample:		0.00 time, 450.01 real, 4 MB
[runlim] sample:		0.00 time, 460.01 real, 4 MB
[runlim] sample:		0.00 time, 470.01 real, 4 MB
[runlim] sample:		0.00 time, 480.01 real, 4 MB
[runlim] sample:		0.00 time, 490.01 real, 4 MB
[runlim] sample:		0.00 time, 500.01 real, 4 MB
[runlim] sample:		0.00 time, 510.01 real, 4 MB
[runlim] sample:		0.00 time, 520.01 real, 4 MB
[runlim] sample:		0.00 time, 530.01 real, 4 MB
[runlim] sample:		0.00 time, 540.01 real, 4 MB
[runlim] sample:		0.00 time, 550.01 real, 4 MB
[runlim] sample:		0.00 time, 560.01 real, 4 MB
[runlim] sample:		0.00 time, 570.01 real, 4 MB
[runlim] sample:		0.00 time, 580.01 real, 4 MB
[runlim] sample:		0.00 time, 590.01 real, 4 MB
[runlim] sample:		0.00 time, 600.01 real, 4 MB
[runlim] sample:		0.00 time, 610.01 real, 4 MB
[runlim] sample:		0.00 time, 620.01 real, 4 MB
[runlim] sample:		0.00 time, 630.01 real, 4 MB
[runlim] sample:		0.00 time, 640.01 real, 4 MB
[runlim] sample:		0.00 time, 650.01 real, 4 MB
[runlim] sample:		0.00 time, 660.01 real, 4 MB
[runlim] sample:		0.00 time, 670.01 real, 4 MB
[runlim] sample:		0.00 time, 680.01 real, 4 MB
[runlim] sample:		0.00 time, 690.01 real, 4 MB
[runlim] sample:		0.00 time, 700.01 real, 4 MB
[runlim] sample:		0.00 time, 710.01 real, 4 MB
[runlim] sample:		0.00 time, 720.01 real, 4 MB
[runlim] sample:		0.00 time, 730.01 real, 4 MB
[runlim] sample:		0.00 time, 740.01 real, 4 MB
[runlim] sample:		0.00 time, 750.01 real, 4 MB
[runlim] sample:		0.00 time, 760.01 real, 4 MB
[runlim] sample:		0.00 time, 770.01 real, 4 MB
[runlim] sample:		0.00 time, 780.01 real, 4 MB
[runlim] sample:		0.00 time, 790.01 real, 4 MB
[runlim] sample:		0.00 time, 800.01 real, 4 MB
[runlim] sample:		0.00 time, 810.01 real, 4 MB
[runlim] sample:		0.00 time, 820.01 real, 4 MB
[runlim] sample:		0.00 time, 830.01 real, 4 MB
[runlim] sample:		0.00 time, 840.01 real, 4 MB
[runlim] sample:		0.00 time, 850.01 real, 4 MB
[runlim] sample:		0.00 time, 860.01 real, 4 MB
[runlim] sample:		0.00 time, 870.01 real, 4 MB
[runlim] sample:		0.00 time, 880.01 real, 4 MB
[runlim] sample:		0.00 time, 890.01 real, 4 MB
[runlim] sample:		0.00 time, 900.01 real, 4 MB
[runlim] sample:		0.00 time, 910.01 real, 4 MB
[runlim] sample:		0.00 time, 920.01 real, 4 MB
[runlim] sample:		0.00 time, 930.01 real, 4 MB
[runlim] sample:		0.00 time, 940.01 real, 4 MB
[runlim] sample:		0.00 time, 950.01 real, 4 MB
[runlim] sample:		0.00 time, 960.01 real, 4 MB
[runlim] sample:		0.00 time, 970.01 real, 4 MB
[runlim] sample:		0.00 time, 980.01 real, 4 MB
[runlim] sample:		0.00 time, 990.01 real, 4 MB
[runlim] sample:		0.00 time, 1000.01 real, 4 MB
[runlim] sample:		0.00 time, 1010.01 real, 4 MB
[runlim] sample:		0.00 time, 1020.01 real, 4 MB
[runlim] sample:		0.00 time, 1030.01 real, 4 MB
[runlim] sample:		0.00 time, 1040.01 real, 4 MB
[runlim] sample:		0.00 time, 1050.01 real, 4 MB
[runlim] sample:		0.00 time, 1060.01 real, 4 MB
[runlim] sample:		0.00 time, 1070.01 real, 4 MB
[runlim] sample:		0.00 time, 1080.01 real, 4 MB
[runlim] sample:		0.00 time, 1090.01 real, 4 MB
[runlim] sample:		0.00 time, 1100.01 real, 4 MB
[runlim] sample:		0.00 time, 1110.01 real, 4 MB
[runlim] sample:		0.00 time, 1120.01 real, 4 MB
[runlim] sample:		0.00 time, 1130.01 real, 4 MB
[runlim] sample:		0.00 time, 1140.01 real, 4 MB
[runlim] sample:		0.00 time, 1150.01 real, 4 MB
[runlim] sample:		0.00 time, 1160.01 real, 4 MB
[runlim] sample:		0.00 time, 1170.01 real, 4 MB
[runlim] sample:		0.00 time, 1180.01 real, 4 MB
[runlim] sample:		0.00 time, 1190.01 real, 4 MB
[runlim] sample:		0.00 time, 1200.01 real, 4 MB
[runlim] sample:		0.00 time, 1210.01 real, 4 MB
[runlim] sample:		0.00 time, 1220.01 real, 4 MB
[runlim] sample:		0.00 time, 1230.01 real, 4 MB
[runlim] sample:		0.00 time, 1240.01 real, 4 MB
[runlim] sample:		0.00 time, 1250.01 real, 4 MB
[runlim] sample:		0.00 time, 1260.01 real, 4 MB
[runlim] sample:		0.00 time, 1270.01 real, 4 MB
[runlim] sample:		0.00 time, 1280.01 real, 4 MB
[runlim] sample:		0.00 time, 1290.01 real, 4 MB
[runlim] sample:		0.00 time, 1300.01 real, 4 MB
[runlim] sample:		0.00 time, 1310.01 real, 4 MB
[runlim] sample:		0.00 time, 1320.01 real, 4 MB
[runlim] sample:		0.00 time, 1330.01 real, 4 MB
[runlim] sample:		0.00 time, 1340.01 real, 4 MB
[runlim] sample:		0.00 time, 1350.01 real, 4 MB
[runlim] sample:		0.00 time, 1360.01 real, 4 MB
[runlim] sample:		0.00 time, 1370.01 real, 4 MB
[runlim] sample:		0.00 time, 1380.01 real, 4 MB
[runlim] sample:		0.00 time, 1390.01 real, 4 MB
[runlim] sample:		0.00 time, 1400.01 real, 4 MB
[runlim] sample:		0.00 time, 1410.01 real, 4 MB
[runlim] sample:		0.00 time, 1420.01 real, 4 MB
[runlim] sample:		0.00 time, 1430.01 real, 4 MB
[runlim] sample:		0.00 time, 1440.01 real, 4 MB
[runlim] sample:		0.00 time, 1450.01 real, 4 MB
[runlim] sample:		0.00 time, 1460.01 real, 4 MB
[runlim] sample:		0.00 time, 1470.01 real, 4 MB
[runlim] sample:		0.00 time, 1480.01 real, 4 MB
[runlim] sample:		0.00 time, 1490.01 real, 4 MB
[runlim] sample:		0.00 time, 1500.01 real, 4 MB
[runlim] sample:		0.00 time, 1510.01 real, 4 MB
[runlim] sample:		0.00 time, 1520.01 real, 4 MB
[runlim] sample:		0.00 time, 1530.01 real, 4 MB
[runlim] sample:		0.00 time, 1540.01 real, 4 MB
[runlim] sample:		0.00 time, 1550.01 real, 4 MB
[runlim] sample:		0.00 time, 1560.01 real, 4 MB
[runlim] sample:		0.00 time, 1570.01 real, 4 MB
[runlim] sample:		0.00 time, 1580.01 real, 4 MB
[runlim] sample:		0.00 time, 1590.01 real, 4 MB
[runlim] sample:		0.00 time, 1600.01 real, 4 MB
[runlim] sample:		0.00 time, 1610.01 real, 4 MB
[runlim] sample:		0.00 time, 1620.01 real, 4 MB
[runlim] sample:		0.00 time, 1630.01 real, 4 MB
[runlim] sample:		0.00 time, 1640.01 real, 4 MB
[runlim] sample:		0.00 time, 1650.01 real, 4 MB
[runlim] sample:		0.00 time, 1660.01 real, 4 MB
[runlim] sample:		0.00 time, 1670.01 real, 4 MB
[runlim] sample:		0.00 time, 1680.01 real, 4 MB
[runlim] sample:		0.00 time, 1690.01 real, 4 MB
[runlim] sample:		0.00 time, 1700.01 real, 4 MB
[runlim] sample:		0.00 time, 1710.01 real, 4 MB
[runlim] sample:		0.00 time, 1720.01 real, 4 MB
[runlim] sample:		0.00 time, 1730.01 real, 4 MB
[runlim] sample:		0.00 time, 1740.01 real, 4 MB
[runlim] sample:		0.00 time, 1750.01 real, 4 MB
[runlim] sample:		0.00 time, 1760.01 real, 4 MB
[runlim] sample:		0.00 time, 1770.01 real, 4 MB
[runlim] sample:		0.00 time, 1780.01 real, 4 MB
[runlim] sample:		0.00 time, 1790.01 real, 4 MB
[runlim] sample:		0.00 time, 1800.01 real, 4 MB
[runlim] sample:		0.00 time, 1810.01 real, 4 MB
[runlim] sample:		0.00 time, 1820.01 real, 4 MB
[runlim] sample:		0.00 time, 1830.01 real, 4 MB
[runlim] sample:		0.00 time, 1840.01 real, 4 MB
[runlim] sample:		0.00 time, 1850.01 real, 4 MB
[runlim] sample:		0.00 time, 1860.01 real, 4 MB
[runlim] sample:		0.00 time, 1870.01 real, 4 MB
[runlim] sample:		0.00 time, 1880.01 real, 4 MB
[runlim] sample:		0.00 time, 1890.01 real, 4 MB
[runlim] sample:		0.00 time, 1900.01 real, 4 MB
[runlim] sample:		0.00 time, 1910.01 real, 4 MB
[runlim] sample:		0.00 time, 1920.01 real, 4 MB
[runlim] sample:		0.00 time, 1930.01 real, 4 MB
[runlim] sample:		0.00 time, 1940.01 real, 4 MB
[runlim] sample:		0.00 time, 1950.01 real, 4 MB
[runlim] sample:		0.00 time, 1960.01 real, 4 MB
[runlim] sample:		0.00 time, 1970.01 real, 4 MB
[runlim] sample:		0.00 time, 1980.01 real, 4 MB
[runlim] sample:		0.00 time, 1990.01 real, 4 MB
[runlim] sample:		0.00 time, 2000.01 real, 4 MB
[runlim] sample:		0.00 time, 2010.01 real, 4 MB
[runlim] sample:		0.00 time, 2020.01 real, 4 MB
[runlim] sample:		0.00 time, 2030.01 real, 4 MB
[runlim] sample:		0.00 time, 2040.01 real, 4 MB
[runlim] sample:		0.00 time, 2050.01 real, 4 MB
[runlim] sample:		0.00 time, 2060.01 real, 4 MB
[runlim] sample:		0.00 time, 2070.01 real, 4 MB
[runlim] sample:		0.00 time, 2080.01 real, 4 MB
[runlim] sample:		0.00 time, 2090.01 real, 4 MB
[runlim] sample:		0.00 time, 2100.01 real, 4 MB
[runlim] sample:		0.00 time, 2110.01 real, 4 MB
[runlim] sample:		0.00 time, 2120.01 real, 4 MB
[runlim] sample:		0.00 time, 2130.01 real, 4 MB
[runlim] sample:		0.00 time, 2140.01 real, 4 MB
[runlim] sample:		0.00 time, 2150.01 real, 4 MB
[runlim] sample:		0.00 time, 2160.01 real, 4 MB
[runlim] sample:		0.00 time, 2170.01 real, 4 MB
[runlim] sample:		0.00 time, 2180.01 real, 4 MB
[runlim] sample:		0.00 time, 2190.01 real, 4 MB
[runlim] sample:		0.00 time, 2200.01 real, 4 MB
[runlim] sample:		0.00 time, 2210.01 real, 4 MB
[runlim] sample:		0.00 time, 2220.01 real, 4 MB
[runlim] sample:		0.00 time, 2230.01 real, 4 MB
[runlim] sample:		0.00 time, 2240.01 real, 4 MB
[runlim] sample:		0.00 time, 2250.01 real, 4 MB
[runlim] sample:		0.00 time, 2260.01 real, 4 MB
[runlim] sample:		0.00 time, 2270.01 real, 4 MB
[runlim] sample:		0.00 time, 2280.01 real, 4 MB
[runlim] sample:		0.00 time, 2290.01 real, 4 MB
[runlim] sample:		0.00 time, 2300.01 real, 4 MB
[runlim] sample:		0.00 time, 2310.01 real, 4 MB
[runlim] sample:		0.00 time, 2320.01 real, 4 MB
[runlim] sample:		0.00 time, 2330.01 real, 4 MB
[runlim] sample:		0.00 time, 2340.01 real, 4 MB
[runlim] sample:		0.00 time, 2350.01 real, 4 MB
[runlim] sample:		0.00 time, 2360.01 real, 4 MB
[runlim] sample:		0.00 time, 2370.01 real, 4 MB
[runlim] sample:		0.00 time, 2380.01 real, 4 MB
[runlim] sample:		0.00 time, 2390.01 real, 4 MB
[runlim] sample:		0.00 time, 2400.01 real, 4 MB
[runlim] sample:		0.00 time, 2410.01 real, 4 MB
[runlim] sample:		0.00 time, 2420.01 real, 4 MB
[runlim] sample:		0.00 time, 2430.01 real, 4 MB
[runlim] sample:		0.00 time, 2440.01 real, 4 MB
[runlim] sample:		0.00 time, 2450.01 real, 4 MB
[runlim] sample:		0.00 time, 2460.01 real, 4 MB
[runlim] sample:		0.00 time, 2470.01 real, 4 MB
[runlim] sample:		0.00 time, 2480.01 real, 4 MB
[runlim] sample:		0.00 time, 2490.01 real, 4 MB
[runlim] sample:		0.00 time, 2500.01 real, 4 MB
[runlim] sample:		0.00 time, 2510.01 real, 4 MB
[runlim] sample:		0.00 time, 2520.01 real, 4 MB
[runlim] sample:		0.00 time, 2530.01 real, 4 MB
[runlim] sample:		0.00 time, 2540.01 real, 4 MB
[runlim] sample:		0.00 time, 2550.01 real, 4 MB
[runlim] sample:		0.00 time, 2560.01 real, 4 MB
[runlim] sample:		0.00 time, 2570.01 real, 4 MB
[runlim] sample:		0.00 time, 2580.01 real, 4 MB
[runlim] sample:		0.00 time, 2590.01 real, 4 MB
[runlim] sample:		0.00 time, 2600.01 real, 4 MB
[runlim] sample:		0.00 time, 2610.01 real, 4 MB
[runlim] sample:		0.00 time, 2620.01 real, 4 MB
[runlim] sample:		0.00 time, 2630.01 real, 4 MB
[runlim] sample:		0.00 time, 2640.01 real, 4 MB
[runlim] sample:		0.00 time, 2650.01 real, 4 MB
[runlim] sample:		0.00 time, 2660.01 real, 4 MB
[runlim] sample:		0.00 time, 2670.01 real, 4 MB
[runlim] sample:		0.00 time, 2680.01 real, 4 MB
[runlim] sample:		0.00 time, 2690.01 real, 4 MB
[runlim] sample:		0.00 time, 2700.01 real, 4 MB
[runlim] sample:		0.00 time, 2710.01 real, 4 MB
[runlim] sample:		0.00 time, 2720.01 real, 4 MB
[runlim] sample:		0.00 time, 2730.01 real, 4 MB
[runlim] sample:		0.00 time, 2740.01 real, 4 MB
[runlim] sample:		0.00 time, 2750.01 real, 4 MB
[runlim] sample:		0.00 time, 2760.01 real, 4 MB
[runlim] sample:		0.00 time, 2770.01 real, 4 MB
[runlim] sample:		0.00 time, 2780.01 real, 4 MB
[runlim] sample:		0.00 time, 2790.01 real, 4 MB
[runlim] sample:		0.00 time, 2800.01 real, 4 MB
[runlim] sample:		0.00 time, 2810.01 real, 4 MB
[runlim] sample:		0.00 time, 2820.01 real, 4 MB
[runlim] sample:		0.00 time, 2830.01 real, 4 MB
[runlim] sample:		0.00 time, 2840.01 real, 4 MB
[runlim] sample:		0.00 time, 2850.01 real, 4 MB
[runlim] sample:		0.00 time, 2860.01 real, 4 MB
[runlim] sample:		0.00 time, 2870.01 real, 4 MB
[runlim] sample:		0.00 time, 2880.01 real, 4 MB
[runlim] sample:		0.00 time, 2890.01 real, 4 MB
[runlim] sample:		0.00 time, 2900.01 real, 4 MB
[runlim] sample:		0.00 time, 2910.01 real, 4 MB
[runlim] sample:		0.00 time, 2920.01 real, 4 MB
[runlim] sample:		0.00 time, 2930.01 real, 4 MB
[runlim] sample:		0.00 time, 2940.01 real, 4 MB
[runlim] sample:		0.00 time, 2950.01 real, 4 MB
[runlim] sample:		0.00 time, 2960.01 real, 4 MB
[runlim] sample:		0.00 time, 2970.01 real, 4 MB
[runlim] sample:		0.00 time, 2980.01 real, 4 MB
[runlim] sample:		0.00 time, 2990.01 real, 4 MB
[runlim] sample:		0.00 time, 3000.01 real, 4 MB
[runlim] sample:		0.00 time, 3010.01 real, 4 MB
[runlim] sample:		0.00 time, 3020.01 real, 4 MB
[runlim] sample:		0.00 time, 3030.01 real, 4 MB
[runlim] sample:		0.00 time, 3040.01 real, 4 MB
[runlim] sample:		0.00 time, 3050.01 real, 4 MB
[runlim] sample:		0.00 time, 3060.01 real, 4 MB
[runlim] sample:		0.00 time, 3070.01 real, 4 MB
[runlim] sample:		0.00 time, 3080.01 real, 4 MB
[runlim] sample:		0.00 time, 3090.01 real, 4 MB
[runlim] sample:		0.00 time, 3100.01 real, 4 MB
[runlim] sample:		0.00 time, 3110.01 real, 4 MB
[runlim] sample:		0.00 time, 3120.01 real, 4 MB
[runlim] sample:		0.00 time, 3130.01 real, 4 MB
[runlim] sample:		0.00 time, 3140.01 real, 4 MB
[runlim] sample:		0.00 time, 3150.01 real, 4 MB
[runlim] sample:		0.00 time, 3160.01 real, 4 MB
[runlim] sample:		0.00 time, 3170.01 real, 4 MB
[runlim] sample:		0.00 time, 3180.01 real, 4 MB
[runlim] sample:		0.00 time, 3190.01 real, 4 MB
[runlim] sample:		0.00 time, 3200.01 real, 4 MB
[runlim] sample:		0.00 time, 3210.01 real, 4 MB
[runlim] sample:		0.00 time, 3220.01 real, 4 MB
[runlim] sample:		0.00 time, 3230.01 real, 4 MB
[runlim] sample:		0.00 time, 3240.01 real, 4 MB
[runlim] sample:		0.00 time, 3250.01 real, 4 MB
[runlim] sample:		0.00 time, 3260.01 real, 4 MB
[runlim] sample:		0.00 time, 3270.01 real, 4 MB
[runlim] sample:		0.00 time, 3280.01 real, 4 MB
[runlim] sample:		0.00 time, 3290.01 real, 4 MB
[runlim] sample:		0.00 time, 3300.01 real, 4 MB
[runlim] sample:		0.00 time, 3310.01 real, 4 MB
[runlim] sample:		0.00 time, 3320.01 real, 4 MB
[runlim] sample:		0.00 time, 3330.01 real, 4 MB
[runlim] sample:		0.00 time, 3340.01 real, 4 MB
[runlim] sample:		0.00 time, 3350.01 real, 4 MB
[runlim] sample:		0.00 time, 3360.01 real, 4 MB
[runlim] sample:		0.00 time, 3370.01 real, 4 MB
[runlim] sample:		0.00 time, 3380.01 real, 4 MB
[runlim] sample:		0.00 time, 3390.01 real, 4 MB
[runlim] sample:		0.00 time, 3400.01 real, 4 MB
[runlim] sample:		0.00 time, 3410.01 real, 4 MB
[runlim] sample:		0.00 time, 3420.01 real, 4 MB
[runlim] sample:		0.00 time, 3430.01 real, 4 MB
[runlim] sample:		0.00 time, 3440.01 real, 4 MB
[runlim] sample:		0.00 time, 3450.01 real, 4 MB
[runlim] sample:		0.00 time, 3460.01 real, 4 MB
[runlim] sample:		0.00 time, 3470.01 real, 4 MB
[runlim] sample:		0.00 time, 3480.01 real, 4 MB
[runlim] sample:		0.00 time, 3490.01 real, 4 MB
[runlim] sample:		0.00 time, 3500.01 real, 4 MB
[runlim] sample:		0.00 time, 3510.01 real, 4 MB
[runlim] sample:		0.00 time, 3520.01 real, 4 MB
[runlim] sample:		0.00 time, 3530.01 real, 4 MB
[runlim] sample:		0.00 time, 3540.01 real, 4 MB
[runlim] sample:		0.00 time, 3550.01 real, 4 MB
[runlim] sample:		0.00 time, 3560.01 real, 4 MB
[runlim] sample:		0.00 time, 3570.01 real, 4 MB
[runlim] sample:		0.00 time, 3580.01 real, 4 MB
[runlim] sample:		0.00 time, 3590.01 real, 4 MB
[runlim] sample:		0.00 time, 3600.01 real, 4 MB
[runlim] sample:		0.00 time, 3610.01 real, 4 MB
[runlim] sample:		0.00 time, 3620.01 real, 4 MB
[runlim] sample:		0.00 time, 3630.01 real, 4 MB
[runlim] sample:		0.00 time, 3640.01 real, 4 MB
[runlim] sample:		0.00 time, 3650.01 real, 4 MB
[runlim] sample:		0.00 time, 3660.01 real, 4 MB
[runlim] sample:		0.00 time, 3670.01 real, 4 MB
[runlim] sample:		0.00 time, 3680.01 real, 4 MB
[runlim] sample:		0.00 time, 3690.01 real, 4 MB
[runlim] sample:		0.00 time, 3700.01 real, 4 MB
[runlim] sample:		0.00 time, 3710.01 real, 4 MB
[runlim] sample:		0.00 time, 3720.01 real, 4 MB
[runlim] sample:		0.00 time, 3730.01 real, 4 MB
[runlim] sample:		0.00 time, 3740.01 real, 4 MB
[runlim] sample:		0.00 time, 3750.01 real, 4 MB
[runlim] sample:		0.00 time, 3760.01 real, 4 MB
[runlim] sample:		0.00 time, 3770.01 real, 4 MB
[runlim] sample:		0.00 time, 3780.01 real, 4 MB
[runlim] sample:		0.00 time, 3790.01 real, 4 MB
[runlim] sample:		0.00 time, 3800.01 real, 4 MB
[runlim] sample:		0.00 time, 3810.01 real, 4 MB
[runlim] sample:		0.00 time, 3820.01 real, 4 MB
[runlim] sample:		0.00 time, 3830.01 real, 4 MB
[runlim] sample:		0.00 time, 3840.01 real, 4 MB
[runlim] sample:		0.00 time, 3850.01 real, 4 MB
[runlim] sample:		0.00 time, 3860.01 real, 4 MB
[runlim] sample:		0.00 time, 3870.01 real, 4 MB
[runlim] sample:		0.00 time, 3880.01 real, 4 MB
[runlim] sample:		0.00 time, 3890.01 real, 4 MB
[runlim] sample:		0.00 time, 3900.01 real, 4 MB
[runlim] sample:		0.00 time, 3910.01 real, 4 MB
[runlim] sample:		0.00 time, 3920.01 real, 4 MB
[runlim] sample:		0.00 time, 3930.01 real, 4 MB
[runlim] sample:		0.00 time, 3940.01 real, 4 MB
[runlim] sample:		0.00 time, 3950.01 real, 4 MB
[runlim] sample:		0.00 time, 3960.01 real, 4 MB
[runlim] sample:		0.00 time, 3970.01 real, 4 MB
[runlim] sample:		0.00 time, 3980.01 real, 4 MB
[runlim] sample:		0.00 time, 3990.01 real, 4 MB
[runlim] sample:		0.00 time, 4000.01 real, 4 MB
[runlim] sample:		0.00 time, 4010.01 real, 4 MB
[runlim] sample:		0.00 time, 4020.01 real, 4 MB
[runlim] sample:		0.00 time, 4030.01 real, 4 MB
[runlim] sample:		0.00 time, 4040.01 real, 4 MB
[runlim] sample:		0.00 time, 4050.01 real, 4 MB
[runlim] sample:		0.00 time, 4060.01 real, 4 MB
[runlim] sample:		0.00 time, 4070.01 real, 4 MB
[runlim] sample:		0.00 time, 4080.01 real, 4 MB
[runlim] sample:		0.00 time, 4090.01 real, 4 MB
[runlim] sample:		0.00 time, 4100.01 real, 4 MB
[runlim] sample:		0.00 time, 4110.01 real, 4 MB
[runlim] sample:		0.00 time, 4120.01 real, 4 MB
[runlim] sample:		0.00 time, 4130.01 real, 4 MB
[runlim] sample:		0.00 time, 4140.01 real, 4 MB
[runlim] sample:		0.00 time, 4150.01 real, 4 MB
[runlim] sample:		0.00 time, 4160.01 real, 4 MB
[runlim] sample:		0.00 time, 4170.01 real, 4 MB
[runlim] sample:		0.00 time, 4180.01 real, 4 MB
[runlim] sample:		0.00 time, 4190.01 real, 4 MB
[runlim] sample:		0.00 time, 4200.01 real, 4 MB
[runlim] sample:		0.00 time, 4210.01 real, 4 MB
[runlim] sample:		0.00 time, 4220.01 real, 4 MB
[runlim] sample:		0.00 time, 4230.01 real, 4 MB
[runlim] sample:		0.00 time, 4240.01 real, 4 MB
[runlim] sample:		0.00 time, 4250.01 real, 4 MB
[runlim] sample:		0.00 time, 4260.01 real, 4 MB
[runlim] sample:		0.00 time, 4270.01 real, 4 MB
[runlim] sample:		0.00 time, 4280.01 real, 4 MB
[runlim] sample:		0.00 time, 4290.01 real, 4 MB
[runlim] sample:		0.00 time, 4300.01 real, 4 MB
[runlim] sample:		0.00 time, 4310.01 real, 4 MB
[runlim] sample:		0.00 time, 4320.01 real, 4 MB
[runlim] sample:		0.00 time, 4330.01 real, 4 MB
[runlim] sample:		0.00 time, 4340.01 real, 4 MB
[runlim] sample:		0.00 time, 4350.01 real, 4 MB
[runlim] sample:		0.00 time, 4360.01 real, 4 MB
[runlim] sample:		0.00 time, 4370.01 real, 4 MB
[runlim] sample:		0.00 time, 4380.01 real, 4 MB
[runlim] sample:		0.00 time, 4390.01 real, 4 MB
[runlim] sample:		0.00 time, 4400.01 real, 4 MB
[runlim] sample:		0.00 time, 4410.01 real, 4 MB
[runlim] sample:		0.00 time, 4420.01 real, 4 MB
[runlim] sample:		0.00 time, 4430.01 real, 4 MB
[runlim] sample:		0.00 time, 4440.01 real, 4 MB
[runlim] sample:		0.00 time, 4450.01 real, 4 MB
[runlim] sample:		0.00 time, 4460.01 real, 4 MB
[runlim] sample:		0.00 time, 4470.01 real, 4 MB
[runlim] sample:		0.00 time, 4480.01 real, 4 MB
[runlim] sample:		0.00 time, 4490.01 real, 4 MB
[runlim] sample:		0.00 time, 4500.01 real, 4 MB
[runlim] sample:		0.00 time, 4510.01 real, 4 MB
[runlim] sample:		0.00 time, 4520.01 real, 4 MB
[runlim] sample:		0.00 time, 4530.01 real, 4 MB
[runlim] sample:		0.00 time, 4540.01 real, 4 MB
[runlim] sample:		0.00 time, 4550.01 real, 4 MB
[runlim] sample:		0.00 time, 4560.01 real, 4 MB
[runlim] sample:		0.00 time, 4570.01 real, 4 MB
[runlim] sample:		0.00 time, 4580.01 real, 4 MB
[runlim] sample:		0.00 time, 4590.01 real, 4 MB
[runlim] sample:		0.00 time, 4600.01 real, 4 MB
[runlim] sample:		0.00 time, 4610.01 real, 4 MB
[runlim] sample:		0.00 time, 4620.01 real, 4 MB
[runlim] sample:		0.00 time, 4630.01 real, 4 MB
[runlim] sample:		0.00 time, 4640.01 real, 4 MB
[runlim] sample:		0.00 time, 4650.01 real, 4 MB
[runlim] sample:		0.00 time, 4660.01 real, 4 MB
[runlim] sample:		0.00 time, 4670.01 real, 4 MB
[runlim] sample:		0.00 time, 4680.01 real, 4 MB
[runlim] sample:		0.00 time, 4690.01 real, 4 MB
[runlim] sample:		0.00 time, 4700.01 real, 4 MB
[runlim] sample:		0.00 time, 4710.01 real, 4 MB
[runlim] sample:		0.00 time, 4720.01 real, 4 MB
[runlim] sample:		0.00 time, 4730.01 real, 4 MB
[runlim] sample:		0.00 time, 4740.01 real, 4 MB
[runlim] sample:		0.00 time, 4750.01 real, 4 MB
[runlim] sample:		0.00 time, 4760.01 real, 4 MB
[runlim] sample:		0.00 time, 4770.01 real, 4 MB
[runlim] sample:		0.00 time, 4780.01 real, 4 MB
[runlim] sample:		0.00 time, 4790.01 real, 4 MB
[runlim] sample:		0.00 time, 4800.01 real, 4 MB
[runlim] sample:		0.00 time, 4810.01 real, 4 MB
[runlim] sample:		0.00 time, 4820.01 real, 4 MB
[runlim] sample:		0.00 time, 4830.01 real, 4 MB
[runlim] sample:		0.00 time, 4840.01 real, 4 MB
[runlim] sample:		0.00 time, 4850.01 real, 4 MB
[runlim] sample:		0.00 time, 4860.01 real, 4 MB
[runlim] sample:		0.00 time, 4870.01 real, 4 MB
[runlim] sample:		0.00 time, 4880.01 real, 4 MB
[runlim] sample:		0.00 time, 4890.01 real, 4 MB
[runlim] sample:		0.00 time, 4900.01 real, 4 MB
[runlim] sample:		0.00 time, 4910.01 real, 4 MB
[runlim] sample:		0.00 time, 4920.01 real, 4 MB
[runlim] sample:		0.00 time, 4930.01 real, 4 MB
[runlim] sample:		0.00 time, 4940.01 real, 4 MB
[runlim] sample:		0.00 time, 4950.01 real, 4 MB
[runlim] sample:		0.00 time, 4960.01 real, 4 MB
[runlim] sample:		0.00 time, 4970.01 real, 4 MB
[runlim] sample:		0.00 time, 4980.01 real, 4 MB
[runlim] sample:		0.00 time, 4990.01 real, 4 MB
[runlim] sample:		0.00 time, 5000.01 real, 4 MB
[runlim] sample:		0.00 time, 5010.01 real, 4 MB
[runlim] sample:		0.00 time, 5020.01 real, 4 MB
[runlim] sample:		0.00 time, 5030.01 real, 4 MB
[runlim] sample:		0.00 time, 5040.01 real, 4 MB
[runlim] sample:		0.00 time, 5050.01 real, 4 MB
[runlim] sample:		0.00 time, 5060.01 real, 4 MB
[runlim] sample:		0.00 time, 5070.01 real, 4 MB
[runlim] sample:		0.00 time, 5080.01 real, 4 MB
[runlim] sample:		0.00 time, 5090.01 real, 4 MB
[runlim] sample:		0.00 time, 5100.01 real, 4 MB
[runlim] sample:		0.00 time, 5110.01 real, 4 MB
[runlim] sample:		0.00 time, 5120.01 real, 4 MB
[runlim] sample:		0.00 time, 5130.01 real, 4 MB
[runlim] sample:		0.00 time, 5140.01 real, 4 MB
[runlim] sample:		0.00 time, 5150.01 real, 4 MB
[runlim] sample:		0.00 time, 5160.01 real, 4 MB
[runlim] sample:		0.00 time, 5170.01 real, 4 MB
[runlim] sample:		0.00 time, 5180.01 real, 4 MB
[runlim] sample:		0.00 time, 5190.01 real, 4 MB
[runlim] sample:		0.00 time, 5200.01 real, 4 MB
[runlim] sample:		0.00 time, 5210.01 real, 4 MB
[runlim] sample:		0.00 time, 5220.01 real, 4 MB
[runlim] sample:		0.00 time, 5230.01 real, 4 MB
[runlim] sample:		0.00 time, 5240.01 real, 4 MB
[runlim] sample:		0.00 time, 5250.01 real, 4 MB
[runlim] sample:		0.00 time, 5260.01 real, 4 MB
[runlim] sample:		0.00 time, 5270.01 real, 4 MB
[runlim] sample:		0.00 time, 5280.01 real, 4 MB
[runlim] sample:		0.00 time, 5290.01 real, 4 MB
[runlim] sample:		0.00 time, 5300.01 real, 4 MB
[runlim] sample:		0.00 time, 5310.01 real, 4 MB
[runlim] sample:		0.00 time, 5320.01 real, 4 MB
[runlim] sample:		0.00 time, 5330.01 real, 4 MB
[runlim] sample:		0.00 time, 5340.01 real, 4 MB
[runlim] sample:		0.00 time, 5350.01 real, 4 MB
[runlim] sample:		0.00 time, 5360.01 real, 4 MB
[runlim] sample:		0.00 time, 5370.01 real, 4 MB
[runlim] sample:		0.00 time, 5380.01 real, 4 MB
[runlim] sample:		0.00 time, 5390.01 real, 4 MB
[runlim] sample:		0.00 time, 5400.01 real, 4 MB
[runlim] sample:		0.00 time, 5410.01 real, 4 MB
[runlim] sample:		0.00 time, 5420.01 real, 4 MB
[runlim] sample:		0.00 time, 5430.01 real, 4 MB
[runlim] sample:		0.00 time, 5440.01 real, 4 MB
[runlim] sample:		0.00 time, 5450.01 real, 4 MB
[runlim] sample:		0.00 time, 5460.01 real, 4 MB
[runlim] sample:		0.00 time, 5470.01 real, 4 MB
[runlim] sample:		0.00 time, 5480.01 real, 4 MB
[runlim] sample:		0.00 time, 5490.01 real, 4 MB
[runlim] sample:		0.00 time, 5500.01 real, 4 MB
[runlim] sample:		0.00 time, 5510.01 real, 4 MB
[runlim] sample:		0.00 time, 5520.01 real, 4 MB
[runlim] sample:		0.00 time, 5530.01 real, 4 MB
[runlim] sample:		0.00 time, 5540.01 real, 4 MB
[runlim] sample:		0.00 time, 5550.01 real, 4 MB
[runlim] sample:		0.00 time, 5560.01 real, 4 MB
[runlim] sample:		0.00 time, 5570.01 real, 4 MB
[runlim] sample:		0.00 time, 5580.01 real, 4 MB
[runlim] sample:		0.00 time, 5590.01 real, 4 MB
[runlim] sample:		0.00 time, 5600.01 real, 4 MB
[runlim] sample:		0.00 time, 5610.01 real, 4 MB
[runlim] sample:		0.00 time, 5620.01 real, 4 MB
[runlim] sample:		0.00 time, 5630.01 real, 4 MB
[runlim] sample:		0.00 time, 5640.01 real, 4 MB
[runlim] sample:		0.00 time, 5650.01 real, 4 MB
[runlim] sample:		0.00 time, 5660.01 real, 4 MB
[runlim] sample:		0.00 time, 5670.01 real, 4 MB
[runlim] sample:		0.00 time, 5680.01 real, 4 MB
[runlim] sample:		0.00 time, 5690.01 real, 4 MB
[runlim] sample:		0.00 time, 5700.01 real, 4 MB
[runlim] sample:		0.00 time, 5710.01 real, 4 MB
[runlim] sample:		0.00 time, 5720.01 real, 4 MB
[runlim] sample:		0.00 time, 5730.01 real, 4 MB
[runlim] sample:		0.00 time, 5740.01 real, 4 MB
[runlim] sample:		0.00 time, 5750.01 real, 4 MB
[runlim] sample:		0.00 time, 5760.01 real, 4 MB
[runlim] sample:		0.00 time, 5770.01 real, 4 MB
[runlim] sample:		0.00 time, 5780.01 real, 4 MB
[runlim] sample:		0.00 time, 5790.01 real, 4 MB
[runlim] sample:		0.00 time, 5800.01 real, 4 MB
[runlim] sample:		0.00 time, 5810.01 real, 4 MB
[runlim] sample:		0.00 time, 5820.01 real, 4 MB
[runlim] sample:		0.00 time, 5830.01 real, 4 MB
[runlim] sample:		0.00 time, 5840.01 real, 4 MB
[runlim] sample:		0.00 time, 5850.01 real, 4 MB
[runlim] sample:		0.00 time, 5860.01 real, 4 MB
[runlim] sample:		0.00 time, 5870.01 real, 4 MB
[runlim] sample:		0.00 time, 5880.01 real, 4 MB
[runlim] sample:		0.00 time, 5890.01 real, 4 MB
[runlim] sample:		0.00 time, 5900.01 real, 4 MB
[runlim] sample:		0.00 time, 5910.01 real, 4 MB
[runlim] sample:		0.00 time, 5920.01 real, 4 MB
[runlim] sample:		0.00 time, 5930.01 real, 4 MB
[runlim] sample:		0.00 time, 5940.01 real, 4 MB
[runlim] sample:		0.00 time, 5950.01 real, 4 MB
[runlim] sample:		0.00 time, 5960.01 real, 4 MB
[runlim] sample:		0.00 time, 5970.01 real, 4 MB
[runlim] sample:		0.00 time, 5980.01 real, 4 MB
[runlim] sample:		0.00 time, 5990.01 real, 4 MB
[runlim] sample:		0.00 time, 6000.01 real, 4 MB
[runlim] sample:		0.00 time, 6010.01 real, 4 MB
[runlim] sample:		0.00 time, 6020.01 real, 4 MB
[runlim] sample:		0.00 time, 6030.01 real, 4 MB
[runlim] sample:		0.00 time, 6040.01 real, 4 MB
[runlim] sample:		0.00 time, 6050.01 real, 4 MB
[runlim] sample:		0.00 time, 6060.01 real, 4 MB
[runlim] sample:		0.00 time, 6070.01 real, 4 MB
[runlim] sample:		0.00 time, 6080.01 real, 4 MB
[runlim] sample:		0.00 time, 6090.01 real, 4 MB
[runlim] sample:		0.00 time, 6100.01 real, 4 MB
[runlim] sample:		0.00 time, 6110.01 real, 4 MB
[runlim] sample:		0.00 time, 6120.01 real, 4 MB
[runlim] sample:		0.00 time, 6130.01 real, 4 MB
[runlim] sample:		0.00 time, 6140.01 real, 4 MB
[runlim] sample:		0.00 time, 6150.01 real, 4 MB
[runlim] sample:		0.00 time, 6160.01 real, 4 MB
[runlim] sample:		0.00 time, 6170.01 real, 4 MB
[runlim] sample:		0.00 time, 6180.01 real, 4 MB
[runlim] sample:		0.00 time, 6190.01 real, 4 MB
[runlim] sample:		0.00 time, 6200.01 real, 4 MB
[runlim] sample:		0.00 time, 6210.01 real, 4 MB
[runlim] sample:		0.00 time, 6220.01 real, 4 MB
[runlim] sample:		0.00 time, 6230.01 real, 4 MB
[runlim] sample:		0.00 time, 6240.01 real, 4 MB
[runlim] sample:		0.00 time, 6250.01 real, 4 MB
[runlim] sample:		0.00 time, 6260.01 real, 4 MB
[runlim] sample:		0.00 time, 6270.01 real, 4 MB
[runlim] sample:		0.00 time, 6280.01 real, 4 MB
[runlim] sample:		0.00 time, 6290.01 real, 4 MB
[runlim] sample:		0.00 time, 6300.01 real, 4 MB
[runlim] sample:		0.00 time, 6310.01 real, 4 MB
[runlim] sample:		0.00 time, 6320.01 real, 4 MB
[runlim] sample:		0.00 time, 6330.01 real, 4 MB
[runlim] sample:		0.00 time, 6340.01 real, 4 MB
[runlim] sample:		0.00 time, 6350.01 real, 4 MB
[runlim] sample:		0.00 time, 6360.01 real, 4 MB
[runlim] sample:		0.00 time, 6370.01 real, 4 MB
[runlim] sample:		0.00 time, 6380.01 real, 4 MB
[runlim] sample:		0.00 time, 6390.01 real, 4 MB
[runlim] sample:		0.00 time, 6400.01 real, 4 MB
[runlim] sample:		0.00 time, 6410.01 real, 4 MB
[runlim] sample:		0.00 time, 6420.01 real, 4 MB
[runlim] sample:		0.00 time, 6430.01 real, 4 MB
[runlim] sample:		0.00 time, 6440.01 real, 4 MB
[runlim] sample:		0.00 time, 6450.01 real, 4 MB
[runlim] sample:		0.00 time, 6460.01 real, 4 MB
[runlim] sample:		0.00 time, 6470.01 real, 4 MB
[runlim] sample:		0.00 time, 6480.01 real, 4 MB
[runlim] sample:		0.00 time, 6490.01 real, 4 MB
[runlim] sample:		0.00 time, 6500.01 real, 4 MB
[runlim] sample:		0.00 time, 6510.01 real, 4 MB
[runlim] sample:		0.00 time, 6520.01 real, 4 MB
[runlim] sample:		0.00 time, 6530.01 real, 4 MB
[runlim] sample:		0.00 time, 6540.01 real, 4 MB
[runlim] sample:		0.00 time, 6550.01 real, 4 MB
[runlim] sample:		0.00 time, 6560.01 real, 4 MB
[runlim] sample:		0.00 time, 6570.01 real, 4 MB
[runlim] sample:		0.00 time, 6580.01 real, 4 MB
[runlim] sample:		0.00 time, 6590.01 real, 4 MB
[runlim] sample:		0.00 time, 6600.01 real, 4 MB
[runlim] sample:		0.00 time, 6610.01 real, 4 MB
[runlim] sample:		0.00 time, 6620.01 real, 4 MB
[runlim] sample:		0.00 time, 6630.01 real, 4 MB
[runlim] sample:		0.00 time, 6640.01 real, 4 MB
[runlim] sample:		0.00 time, 6650.01 real, 4 MB
[runlim] sample:		0.00 time, 6660.01 real, 4 MB
[runlim] sample:		0.00 time, 6670.01 real, 4 MB
[runlim] sample:		0.00 time, 6680.01 real, 4 MB
[runlim] sample:		0.00 time, 6690.01 real, 4 MB
[runlim] sample:		0.00 time, 6700.01 real, 4 MB
[runlim] sample:		0.00 time, 6710.01 real, 4 MB
[runlim] sample:		0.00 time, 6720.01 real, 4 MB
[runlim] sample:		0.00 time, 6730.01 real, 4 MB
[runlim] sample:		0.00 time, 6740.01 real, 4 MB
[runlim] sample:		0.00 time, 6750.01 real, 4 MB
[runlim] sample:		0.00 time, 6760.01 real, 4 MB
[runlim] sample:		0.00 time, 6770.01 real, 4 MB
[runlim] sample:		0.00 time, 6780.01 real, 4 MB
[runlim] sample:		0.00 time, 6790.01 real, 4 MB
[runlim] sample:		0.00 time, 6800.01 real, 4 MB
[runlim] sample:		0.00 time, 6810.01 real, 4 MB
[runlim] sample:		0.00 time, 6820.01 real, 4 MB
[runlim] sample:		0.00 time, 6830.01 real, 4 MB
[runlim] sample:		0.00 time, 6840.01 real, 4 MB
[runlim] sample:		0.00 time, 6850.01 real, 4 MB
[runlim] sample:		0.00 time, 6860.01 real, 4 MB
[runlim] sample:		0.00 time, 6870.01 real, 4 MB
[runlim] sample:		0.00 time, 6880.01 real, 4 MB
[runlim] sample:		0.00 time, 6890.01 real, 4 MB
[runlim] sample:		0.00 time, 6900.01 real, 4 MB
[runlim] sample:		0.00 time, 6910.01 real, 4 MB
[runlim] sample:		0.00 time, 6920.01 real, 4 MB
[runlim] sample:		0.00 time, 6930.01 real, 4 MB
[runlim] sample:		0.00 time, 6940.01 real, 4 MB
[runlim] sample:		0.00 time, 6950.01 real, 4 MB
[runlim] sample:		0.00 time, 6960.01 real, 4 MB
[runlim] sample:		0.00 time, 6970.01 real, 4 MB
[runlim] sample:		0.00 time, 6980.01 real, 4 MB
[runlim] sample:		0.00 time, 6990.01 real, 4 MB
[runlim] sample:		0.00 time, 7000.01 real, 4 MB
[runlim] sample:		0.00 time, 7010.01 real, 4 MB
[runlim] sample:		0.00 time, 7020.01 real, 4 MB
[runlim] sample:		0.00 time, 7030.01 real, 4 MB
[runlim] sample:		0.00 time, 7040.01 real, 4 MB
[runlim] sample:		0.00 time, 7050.01 real, 4 MB
[runlim] sample:		0.00 time, 7060.01 real, 4 MB
[runlim] sample:		0.00 time, 7070.01 real, 4 MB
[runlim] sample:		0.00 time, 7080.01 real, 4 MB
[runlim] sample:		0.00 time, 7090.01 real, 4 MB
[runlim] sample:		0.00 time, 7100.01 real, 4 MB
[runlim] sample:		0.00 time, 7110.01 real, 4 MB
[runlim] sample:		0.00 time, 7120.01 real, 4 MB
[runlim] sample:		0.00 time, 7130.01 real, 4 MB
[runlim] sample:		0.00 time, 7140.01 real, 4 MB
[runlim] sample:		0.00 time, 7150.01 real, 4 MB
[runlim] sample:		0.00 time, 7160.01 real, 4 MB
[runlim] sample:		0.00 time, 7170.01 real, 4 MB
[runlim] sample:		0.00 time, 7180.01 real, 4 MB
[runlim] sample:		0.00 time, 7190.01 real, 4 MB
