[concubine>main] encoding took 0.003105 seconds
[concubine>main] generated 6770 commands
minisat: Incremental solving is forced on (to avoid variable elimination) unless using internal decision strategy.
============================[ Search Statistics ]==============================
| Conflicts |          ORIGINAL         |          LEARNT          | Progress |
|           |    Vars  Clauses Literals |    Limit  Clauses Lit/Cl |          |
===============================================================================
|       100 |    1795     4190     9633 |     6088      234     22 |  5.781 % |
|       250 |    1993     4344     9941 |     9132      523     26 |  5.226 % |
|       475 |    2311     4620    10493 |    13699      965     28 |  4.542 % |
|       812 |    2536     4920    11093 |    20548     1493     26 |  4.156 % |
|      1318 |    2563     5053    11359 |    30823     2117     29 |  4.112 % |
|      2077 |    2679     5368    11989 |    46234     3138     35 |  4.794 % |
|      3216 |    2783     5889    13031 |    69351     4541     38 |  4.623 % |
|      4924 |    2788     6267    13787 |   104027     6395     39 |  4.615 % |
|      7486 |    2843     6808    14869 |   156041     9408     43 |  4.530 % |
|     11330 |    2893     8678    18609 |   234062    13886     44 |  4.455 % |
|     17096 |    2939    10565    22383 |   351093    19883     43 |  4.389 % |
|     25745 |    2981    13416    28085 |   526640    29698     44 |  4.330 % |
|     38719 |    2989    18498    38249 |   789960    42854     44 |  4.319 % |
|     58180 |    2989    28177    57607 |  1184940    64032     45 |  4.319 % |
|     87372 |    3031    43250    87753 |  1777411    96527     45 |  4.261 % |
|    131161 |    3072    61989   125231 |  2666116   141643     39 |  4.207 % |
===============================================================================
unsat
Cannot get model unless immediately preceded by SAT/NOT_ENTAILED or UNKNOWN response.
[concubine>main] solving took 18665.1 seconds
