[concubine>main] encoding took 0.00313 seconds
[concubine>main] generated 6770 commands
(:added-eqs           75417
 :array-ax1           21
 :array-ax2           1980
 :array-ext-ax        15
 :binary-propagations 148565
 :bv-bit2core         217342
 :bv-diseqs           17
 :bv-dynamic-diseqs   476
 :bv->core-eq         1374
 :conflicts           1463
 :decisions           3000
 :del-clause          3601
 :eliminated-vars     784
 :max-memory          6.78
 :memory              4.26
 :minimized-lits      9329
 :mk-bool-var         65944
 :mk-clause           7393
 :num-allocs          527704
 :num-checks          1
 :propagations        281262
 :restarts            13
 :rlimit-count        889109
 :time                0.47)
unsat
[concubine>main] solving took 0.483864 seconds
