[runlim] version:		1.21
[runlim] host:			c3n10
[runlim] time limit:		86400 seconds
[runlim] real time limit:	86400 seconds
[runlim] space limit:		8000 MB
[runlim] argv[0]:		concubine
[runlim] argv[1]:		solve
[runlim] argv[2]:		-v
[runlim] argv[3]:		-s
[runlim] argv[4]:		btormc
[runlim] argv[5]:		-m
[runlim] argv[6]:		init.mmap
[runlim] argv[7]:		-o
[runlim] argv[8]:		btormc-btor2
[runlim] argv[9]:		63
[runlim] argv[10]:		count.buggy.0.asm
[runlim] argv[11]:		count.buggy.1.asm
[runlim] argv[12]:		count.checker.asm
[runlim] start:			Thu Dec 10 16:20:24 2020
[runlim] child:			28816
[runlim] end:			Thu Dec 10 16:20:33 2020
[runlim] status:		ok
[runlim] result:		0
[runlim] children:		1
[runlim] real:			8.70 seconds
[runlim] time:			0.00 seconds
[runlim] space:			5 MB
[runlim] samples:		86
