count.buggy.0.asm
count.buggy.1.asm
count.buggy.2.asm
count.checker.asm
. btormc-btor2.mmap
# tid	pc	cmd	arg	accu	mem	adr	val	full	heap
0	inc	LOAD	0	0	0	0	0	0	{}	# 0
1	inc	LOAD	0	0	0	0	0	0	{}	# 1
0	1	ADDI	1	0	0	0	0	0	{}	# 2
0	2	STORE	0	1	0	0	0	0	{}	# 3
1	1	ADDI	1	0	0	0	0	0	{}	# 4
1	2	STORE	0	1	0	0	0	0	{}	# 5
0	3	FLUSH	-	1	0	0	1	1	{}	# 6
0	3	LOAD	10	1	0	0	1	0	{(0,1)}	# 7
0	4	SUBI	1	2	0	0	1	0	{}	# 8
1	3	FLUSH	-	1	0	0	1	1	{}	# 9
2	inc	LOAD	0	0	0	0	0	0	{(0,1)}	# 10
1	3	LOAD	11	1	0	0	1	0	{}	# 11
3	0	CHECK	0	0	0	0	0	0	{}	# 12
1	4	SUBI	1	2	0	0	1	0	{}	# 13
0	5	STORE	10	1	0	0	1	0	{}	# 14
0	6	JNZ	inc	1	0	10	1	1	{}	# 15
2	1	ADDI	1	1	0	0	0	0	{}	# 16
0	inc	FLUSH	-	1	0	10	1	1	{}	# 17
2	2	STORE	0	2	0	0	0	0	{(10,1)}	# 18
2	3	LOAD	12	2	0	0	2	1	{}	# 19
0	inc	LOAD	0	1	0	10	1	0	{}	# 20
1	5	STORE	11	1	0	0	1	0	{}	# 21
1	6	JNZ	inc	1	0	11	1	1	{}	# 22
2	4	SUBI	1	2	0	0	2	1	{}	# 23
1	inc	LOAD	0	1	0	11	1	1	{}	# 24
2	5	FLUSH	-	1	0	0	2	1	{}	# 25
2	5	STORE	12	1	0	0	2	0	{(0,2)}	# 26
2	6	JNZ	inc	1	0	12	1	1	{}	# 27
2	inc	FLUSH	-	1	0	12	1	1	{}	# 28
0	1	ADDI	1	1	0	10	1	0	{(12,1)}	# 29
1	1	ADDI	1	1	0	11	1	1	{}	# 30
0	2	STORE	0	2	0	10	1	0	{}	# 31
2	inc	LOAD	0	1	0	12	1	0	{}	# 32
0	3	FLUSH	-	2	0	0	2	1	{}	# 33
2	1	ADDI	1	2	0	12	1	0	{(0,2)}	# 34
0	3	LOAD	10	2	0	0	2	0	{}	# 35
0	4	SUBI	1	1	0	0	2	0	{}	# 36
0	5	STORE	10	0	0	0	2	0	{}	# 37
1	2	FLUSH	-	2	0	11	1	1	{}	# 38
1	2	STORE	0	2	0	11	1	0	{(11,1)}	# 39
1	3	LOAD	11	2	0	0	2	1	{}	# 40
1	4	FLUSH	-	1	0	0	2	1	{}	# 41
1	4	SUBI	1	1	0	0	2	0	{(0,2)}	# 42
2	2	STORE	0	3	0	12	1	0	{}	# 43
1	5	STORE	11	0	0	0	2	0	{}	# 44
2	3	LOAD	12	3	0	0	3	1	{}	# 45
0	6	JNZ	inc	0	0	10	0	1	{}	# 46
2	4	SUBI	1	1	0	0	3	1	{}	# 47
2	5	FLUSH	-	0	0	0	3	1	{}	# 48
2	5	STORE	12	0	0	0	3	0	{(0,3)}	# 49
1	6	JNZ	inc	0	0	11	0	1	{}	# 50
2	6	FLUSH	-	0	0	12	0	1	{}	# 51
1	7	CHECK	0	0	0	11	0	1	{(12,0)}	# 52
0	7	CHECK	0	0	0	10	0	1	{}	# 53
2	6	JNZ	inc	0	0	12	0	0	{}	# 54
2	7	CHECK	0	0	0	12	0	0	{}	# 55
3	1	ADDI	6	0	0	0	0	0	{}	# 56
3	2	CMP	0	6	0	0	0	0	{}	# 57
1	8	FLUSH	-	0	0	11	0	1	{}	# 58
0	8	FLUSH	-	0	0	10	0	1	{(11,0)}	# 59
3	3	JNZ	error	3	0	0	0	0	{(10,0)}	# 60
1	8	HALT	-	0	0	11	0	0	{}	# 61
3	error	EXIT	1	3	0	0	0	0	{}	# 62
