[runlim] version:		1.21
[runlim] host:			c3n10
[runlim] time limit:		86400 seconds
[runlim] real time limit:	86400 seconds
[runlim] space limit:		8000 MB
[runlim] argv[0]:		concubine
[runlim] argv[1]:		solve
[runlim] argv[2]:		-v
[runlim] argv[3]:		-s
[runlim] argv[4]:		z3
[runlim] argv[5]:		-e
[runlim] argv[6]:		smtlib
[runlim] argv[7]:		-m
[runlim] argv[8]:		init.mmap
[runlim] argv[9]:		-o
[runlim] argv[10]:		z3-functional
[runlim] argv[11]:		65
[runlim] argv[12]:		count.buggy.0.asm
[runlim] argv[13]:		count.buggy.1.asm
[runlim] argv[14]:		count.buggy.2.asm
[runlim] argv[15]:		count.checker.asm
[runlim] start:			Thu Dec 10 16:20:22 2020
[runlim] child:			28394
[runlim] sample:		9.70 time, 10.01 real, 224 MB
[runlim] sample:		19.70 time, 20.01 real, 227 MB
[runlim] sample:		29.70 time, 30.01 real, 245 MB
[runlim] sample:		39.70 time, 40.01 real, 247 MB
[runlim] sample:		49.70 time, 50.01 real, 248 MB
[runlim] sample:		59.70 time, 60.01 real, 249 MB
[runlim] sample:		69.70 time, 70.01 real, 249 MB
[runlim] sample:		79.70 time, 80.01 real, 254 MB
[runlim] sample:		89.70 time, 90.01 real, 254 MB
[runlim] sample:		99.70 time, 100.01 real, 254 MB
[runlim] sample:		109.70 time, 110.01 real, 254 MB
[runlim] sample:		119.70 time, 120.01 real, 254 MB
[runlim] sample:		129.70 time, 130.01 real, 255 MB
[runlim] sample:		139.70 time, 140.01 real, 255 MB
[runlim] sample:		149.70 time, 150.01 real, 255 MB
[runlim] sample:		159.70 time, 160.01 real, 255 MB
[runlim] sample:		169.70 time, 170.01 real, 256 MB
[runlim] sample:		179.70 time, 180.01 real, 256 MB
[runlim] sample:		189.70 time, 190.01 real, 257 MB
[runlim] sample:		199.70 time, 200.01 real, 257 MB
[runlim] sample:		209.70 time, 210.01 real, 257 MB
[runlim] sample:		219.70 time, 220.01 real, 258 MB
[runlim] sample:		229.70 time, 230.01 real, 258 MB
[runlim] sample:		239.70 time, 240.01 real, 258 MB
[runlim] sample:		249.70 time, 250.01 real, 259 MB
[runlim] sample:		259.70 time, 260.01 real, 260 MB
[runlim] sample:		269.70 time, 270.01 real, 260 MB
[runlim] sample:		279.70 time, 280.01 real, 261 MB
[runlim] sample:		289.70 time, 290.01 real, 261 MB
[runlim] sample:		299.70 time, 300.01 real, 261 MB
[runlim] sample:		309.70 time, 310.01 real, 261 MB
[runlim] sample:		319.70 time, 320.01 real, 262 MB
[runlim] sample:		329.70 time, 330.01 real, 262 MB
[runlim] sample:		339.70 time, 340.01 real, 262 MB
[runlim] sample:		349.70 time, 350.01 real, 262 MB
[runlim] sample:		359.70 time, 360.01 real, 263 MB
[runlim] sample:		369.70 time, 370.01 real, 263 MB
[runlim] sample:		379.70 time, 380.01 real, 263 MB
[runlim] sample:		389.70 time, 390.01 real, 263 MB
[runlim] sample:		399.70 time, 400.01 real, 264 MB
[runlim] sample:		409.70 time, 410.01 real, 264 MB
[runlim] sample:		419.70 time, 420.01 real, 264 MB
[runlim] sample:		429.70 time, 430.01 real, 264 MB
[runlim] sample:		439.70 time, 440.01 real, 264 MB
[runlim] sample:		449.70 time, 450.01 real, 265 MB
[runlim] sample:		459.70 time, 460.01 real, 265 MB
[runlim] sample:		469.70 time, 470.01 real, 266 MB
[runlim] sample:		479.70 time, 480.01 real, 268 MB
[runlim] sample:		489.70 time, 490.01 real, 268 MB
[runlim] sample:		499.70 time, 500.01 real, 268 MB
[runlim] sample:		509.70 time, 510.01 real, 268 MB
[runlim] sample:		519.70 time, 520.01 real, 269 MB
[runlim] sample:		529.70 time, 530.01 real, 269 MB
[runlim] sample:		539.70 time, 540.01 real, 270 MB
[runlim] sample:		549.70 time, 550.01 real, 270 MB
[runlim] sample:		559.70 time, 560.01 real, 270 MB
[runlim] sample:		569.70 time, 570.01 real, 270 MB
[runlim] sample:		579.70 time, 580.01 real, 270 MB
[runlim] sample:		589.70 time, 590.01 real, 270 MB
[runlim] sample:		599.70 time, 600.01 real, 271 MB
[runlim] sample:		609.70 time, 610.01 real, 271 MB
[runlim] sample:		619.70 time, 620.01 real, 272 MB
[runlim] sample:		629.70 time, 630.01 real, 272 MB
[runlim] sample:		639.70 time, 640.01 real, 272 MB
[runlim] sample:		649.70 time, 650.01 real, 272 MB
[runlim] sample:		659.70 time, 660.01 real, 273 MB
[runlim] sample:		669.70 time, 670.01 real, 273 MB
[runlim] sample:		679.70 time, 680.01 real, 273 MB
[runlim] sample:		689.70 time, 690.01 real, 273 MB
[runlim] sample:		699.70 time, 700.01 real, 274 MB
[runlim] sample:		709.70 time, 710.01 real, 274 MB
[runlim] sample:		719.70 time, 720.01 real, 274 MB
[runlim] sample:		729.70 time, 730.01 real, 274 MB
[runlim] sample:		739.70 time, 740.01 real, 274 MB
[runlim] sample:		749.70 time, 750.01 real, 275 MB
[runlim] sample:		759.70 time, 760.01 real, 275 MB
[runlim] sample:		769.70 time, 770.01 real, 275 MB
[runlim] sample:		779.70 time, 780.01 real, 275 MB
[runlim] sample:		789.70 time, 790.01 real, 275 MB
[runlim] sample:		799.70 time, 800.01 real, 275 MB
[runlim] sample:		809.70 time, 810.01 real, 275 MB
[runlim] sample:		819.70 time, 820.01 real, 275 MB
[runlim] sample:		829.70 time, 830.01 real, 276 MB
[runlim] sample:		839.70 time, 840.01 real, 276 MB
[runlim] sample:		849.70 time, 850.01 real, 277 MB
[runlim] sample:		859.70 time, 860.01 real, 277 MB
[runlim] sample:		869.70 time, 870.01 real, 277 MB
[runlim] sample:		879.70 time, 880.01 real, 277 MB
[runlim] sample:		889.70 time, 890.01 real, 277 MB
[runlim] sample:		899.70 time, 900.01 real, 277 MB
[runlim] sample:		909.70 time, 910.01 real, 277 MB
[runlim] sample:		919.70 time, 920.01 real, 277 MB
[runlim] sample:		929.70 time, 930.01 real, 277 MB
[runlim] sample:		939.70 time, 940.01 real, 277 MB
[runlim] sample:		949.70 time, 950.01 real, 277 MB
[runlim] sample:		959.70 time, 960.01 real, 278 MB
[runlim] sample:		969.70 time, 970.01 real, 278 MB
[runlim] sample:		979.70 time, 980.01 real, 278 MB
[runlim] sample:		989.70 time, 990.01 real, 278 MB
[runlim] sample:		999.70 time, 1000.01 real, 278 MB
[runlim] sample:		1009.70 time, 1010.01 real, 278 MB
[runlim] sample:		1019.70 time, 1020.01 real, 279 MB
[runlim] sample:		1029.70 time, 1030.01 real, 279 MB
[runlim] sample:		1039.70 time, 1040.01 real, 279 MB
[runlim] sample:		1049.70 time, 1050.01 real, 280 MB
[runlim] sample:		1059.70 time, 1060.01 real, 280 MB
[runlim] sample:		1069.70 time, 1070.01 real, 280 MB
[runlim] sample:		1079.70 time, 1080.01 real, 280 MB
[runlim] sample:		1089.70 time, 1090.01 real, 280 MB
[runlim] sample:		1099.70 time, 1100.01 real, 281 MB
[runlim] sample:		1109.70 time, 1110.01 real, 281 MB
[runlim] sample:		1119.70 time, 1120.01 real, 281 MB
[runlim] sample:		1129.70 time, 1130.01 real, 281 MB
[runlim] sample:		1139.70 time, 1140.01 real, 281 MB
[runlim] sample:		1149.70 time, 1150.01 real, 281 MB
[runlim] sample:		1159.70 time, 1160.01 real, 281 MB
[runlim] sample:		1169.70 time, 1170.01 real, 282 MB
[runlim] sample:		1179.70 time, 1180.01 real, 283 MB
[runlim] sample:		1189.70 time, 1190.01 real, 283 MB
[runlim] sample:		1199.70 time, 1200.01 real, 283 MB
[runlim] sample:		1209.70 time, 1210.01 real, 283 MB
[runlim] sample:		1219.70 time, 1220.01 real, 283 MB
[runlim] sample:		1229.70 time, 1230.01 real, 283 MB
[runlim] sample:		1239.70 time, 1240.01 real, 283 MB
[runlim] sample:		1249.70 time, 1250.01 real, 285 MB
[runlim] sample:		1259.70 time, 1260.01 real, 285 MB
[runlim] sample:		1269.70 time, 1270.01 real, 285 MB
[runlim] sample:		1279.70 time, 1280.01 real, 285 MB
[runlim] sample:		1289.70 time, 1290.01 real, 286 MB
[runlim] sample:		1299.70 time, 1300.01 real, 286 MB
[runlim] sample:		1309.70 time, 1310.01 real, 286 MB
[runlim] sample:		1319.70 time, 1320.01 real, 286 MB
[runlim] sample:		1329.70 time, 1330.01 real, 286 MB
[runlim] sample:		1339.70 time, 1340.01 real, 292 MB
[runlim] sample:		1349.70 time, 1350.01 real, 292 MB
[runlim] sample:		1359.70 time, 1360.01 real, 292 MB
[runlim] sample:		1369.70 time, 1370.01 real, 292 MB
[runlim] sample:		1379.70 time, 1380.01 real, 292 MB
[runlim] sample:		1389.70 time, 1390.01 real, 292 MB
[runlim] sample:		1399.70 time, 1400.01 real, 292 MB
[runlim] sample:		1409.70 time, 1410.01 real, 292 MB
[runlim] sample:		1419.70 time, 1420.01 real, 292 MB
[runlim] sample:		1429.70 time, 1430.01 real, 292 MB
[runlim] sample:		1439.70 time, 1440.01 real, 292 MB
[runlim] sample:		1449.70 time, 1450.01 real, 292 MB
[runlim] sample:		1459.70 time, 1460.01 real, 292 MB
[runlim] sample:		1469.70 time, 1470.01 real, 293 MB
[runlim] sample:		1479.70 time, 1480.01 real, 293 MB
[runlim] sample:		1489.70 time, 1490.01 real, 293 MB
[runlim] sample:		1499.70 time, 1500.01 real, 293 MB
[runlim] sample:		1509.70 time, 1510.01 real, 293 MB
[runlim] sample:		1519.70 time, 1520.01 real, 293 MB
[runlim] sample:		1529.69 time, 1530.01 real, 294 MB
[runlim] sample:		1539.69 time, 1540.01 real, 294 MB
[runlim] sample:		1549.69 time, 1550.01 real, 294 MB
[runlim] sample:		1559.69 time, 1560.01 real, 294 MB
[runlim] sample:		1569.69 time, 1570.01 real, 294 MB
[runlim] sample:		1579.69 time, 1580.01 real, 294 MB
[runlim] sample:		1589.69 time, 1590.01 real, 294 MB
[runlim] sample:		1599.69 time, 1600.01 real, 294 MB
[runlim] sample:		1609.69 time, 1610.01 real, 294 MB
[runlim] sample:		1619.69 time, 1620.01 real, 295 MB
[runlim] sample:		1629.69 time, 1630.01 real, 295 MB
[runlim] sample:		1639.69 time, 1640.01 real, 295 MB
[runlim] sample:		1649.69 time, 1650.01 real, 296 MB
[runlim] sample:		1659.69 time, 1660.01 real, 298 MB
[runlim] sample:		1669.69 time, 1670.01 real, 298 MB
[runlim] sample:		1679.69 time, 1680.01 real, 298 MB
[runlim] sample:		1689.69 time, 1690.01 real, 298 MB
[runlim] sample:		1699.69 time, 1700.01 real, 298 MB
[runlim] sample:		1709.69 time, 1710.01 real, 298 MB
[runlim] sample:		1719.69 time, 1720.01 real, 298 MB
[runlim] sample:		1729.69 time, 1730.01 real, 298 MB
[runlim] sample:		1739.69 time, 1740.01 real, 298 MB
[runlim] sample:		1749.69 time, 1750.01 real, 298 MB
[runlim] sample:		1759.69 time, 1760.01 real, 298 MB
[runlim] sample:		1769.69 time, 1770.01 real, 298 MB
[runlim] sample:		1779.69 time, 1780.01 real, 298 MB
[runlim] sample:		1789.69 time, 1790.01 real, 298 MB
[runlim] sample:		1799.69 time, 1800.01 real, 298 MB
[runlim] sample:		1809.69 time, 1810.01 real, 298 MB
[runlim] sample:		1819.69 time, 1820.01 real, 298 MB
[runlim] sample:		1829.69 time, 1830.01 real, 298 MB
[runlim] sample:		1839.69 time, 1840.01 real, 298 MB
[runlim] sample:		1849.69 time, 1850.01 real, 298 MB
[runlim] sample:		1859.69 time, 1860.01 real, 298 MB
[runlim] sample:		1869.69 time, 1870.01 real, 299 MB
[runlim] sample:		1879.69 time, 1880.01 real, 299 MB
[runlim] sample:		1889.69 time, 1890.01 real, 299 MB
[runlim] sample:		1899.69 time, 1900.01 real, 299 MB
[runlim] sample:		1909.69 time, 1910.01 real, 299 MB
[runlim] sample:		1919.69 time, 1920.01 real, 299 MB
[runlim] sample:		1929.69 time, 1930.01 real, 299 MB
[runlim] sample:		1939.70 time, 1940.01 real, 301 MB
[runlim] sample:		1949.70 time, 1950.01 real, 301 MB
[runlim] sample:		1959.70 time, 1960.01 real, 301 MB
[runlim] sample:		1969.70 time, 1970.01 real, 301 MB
[runlim] sample:		1979.70 time, 1980.01 real, 301 MB
[runlim] sample:		1989.70 time, 1990.01 real, 301 MB
[runlim] sample:		1999.70 time, 2000.01 real, 301 MB
[runlim] sample:		2009.70 time, 2010.01 real, 301 MB
[runlim] sample:		2019.70 time, 2020.01 real, 301 MB
[runlim] sample:		2029.70 time, 2030.01 real, 301 MB
[runlim] sample:		2039.70 time, 2040.01 real, 301 MB
[runlim] sample:		2049.70 time, 2050.01 real, 301 MB
[runlim] sample:		2059.70 time, 2060.01 real, 301 MB
[runlim] sample:		2069.70 time, 2070.01 real, 301 MB
[runlim] sample:		2079.70 time, 2080.01 real, 301 MB
[runlim] sample:		2089.70 time, 2090.01 real, 301 MB
[runlim] sample:		2099.70 time, 2100.01 real, 301 MB
[runlim] sample:		2109.70 time, 2110.01 real, 301 MB
[runlim] sample:		2119.70 time, 2120.01 real, 301 MB
[runlim] sample:		2129.70 time, 2130.01 real, 301 MB
[runlim] sample:		2139.70 time, 2140.01 real, 302 MB
[runlim] sample:		2149.70 time, 2150.01 real, 302 MB
[runlim] sample:		2159.70 time, 2160.01 real, 302 MB
[runlim] sample:		2169.70 time, 2170.01 real, 302 MB
[runlim] sample:		2179.70 time, 2180.01 real, 302 MB
[runlim] sample:		2189.70 time, 2190.01 real, 302 MB
[runlim] sample:		2199.70 time, 2200.01 real, 302 MB
[runlim] sample:		2209.70 time, 2210.01 real, 303 MB
[runlim] sample:		2219.70 time, 2220.01 real, 303 MB
[runlim] sample:		2229.70 time, 2230.01 real, 303 MB
[runlim] sample:		2239.70 time, 2240.01 real, 303 MB
[runlim] sample:		2249.70 time, 2250.01 real, 303 MB
[runlim] sample:		2259.70 time, 2260.01 real, 304 MB
[runlim] sample:		2269.70 time, 2270.01 real, 304 MB
[runlim] sample:		2279.70 time, 2280.01 real, 304 MB
[runlim] sample:		2289.70 time, 2290.01 real, 304 MB
[runlim] sample:		2299.70 time, 2300.01 real, 304 MB
[runlim] sample:		2309.70 time, 2310.01 real, 304 MB
[runlim] sample:		2319.70 time, 2320.01 real, 304 MB
[runlim] sample:		2329.70 time, 2330.01 real, 304 MB
[runlim] sample:		2339.70 time, 2340.01 real, 305 MB
[runlim] sample:		2349.70 time, 2350.01 real, 305 MB
[runlim] sample:		2359.70 time, 2360.01 real, 305 MB
[runlim] sample:		2369.70 time, 2370.01 real, 305 MB
[runlim] sample:		2379.70 time, 2380.01 real, 305 MB
[runlim] sample:		2389.70 time, 2390.01 real, 305 MB
[runlim] sample:		2399.70 time, 2400.01 real, 305 MB
[runlim] sample:		2409.70 time, 2410.01 real, 306 MB
[runlim] sample:		2419.70 time, 2420.01 real, 307 MB
[runlim] sample:		2429.70 time, 2430.01 real, 307 MB
[runlim] sample:		2439.70 time, 2440.01 real, 307 MB
[runlim] sample:		2449.70 time, 2450.01 real, 308 MB
[runlim] sample:		2459.70 time, 2460.01 real, 308 MB
[runlim] sample:		2469.70 time, 2470.01 real, 308 MB
[runlim] sample:		2479.70 time, 2480.01 real, 308 MB
[runlim] sample:		2489.70 time, 2490.01 real, 308 MB
[runlim] sample:		2499.70 time, 2500.01 real, 308 MB
[runlim] sample:		2509.70 time, 2510.01 real, 308 MB
[runlim] sample:		2519.70 time, 2520.01 real, 308 MB
[runlim] sample:		2529.70 time, 2530.01 real, 309 MB
[runlim] sample:		2539.70 time, 2540.01 real, 309 MB
[runlim] sample:		2549.70 time, 2550.01 real, 309 MB
[runlim] sample:		2559.70 time, 2560.01 real, 309 MB
[runlim] sample:		2569.70 time, 2570.01 real, 309 MB
[runlim] sample:		2579.70 time, 2580.01 real, 309 MB
[runlim] sample:		2589.70 time, 2590.01 real, 309 MB
[runlim] sample:		2599.70 time, 2600.01 real, 309 MB
[runlim] sample:		2609.70 time, 2610.01 real, 309 MB
[runlim] sample:		2619.70 time, 2620.01 real, 310 MB
[runlim] sample:		2629.70 time, 2630.01 real, 310 MB
[runlim] sample:		2639.70 time, 2640.01 real, 310 MB
[runlim] sample:		2649.70 time, 2650.01 real, 311 MB
[runlim] sample:		2659.70 time, 2660.01 real, 311 MB
[runlim] sample:		2669.70 time, 2670.01 real, 311 MB
[runlim] sample:		2679.70 time, 2680.01 real, 311 MB
[runlim] sample:		2689.70 time, 2690.01 real, 311 MB
[runlim] sample:		2699.70 time, 2700.01 real, 311 MB
[runlim] sample:		2709.70 time, 2710.01 real, 312 MB
[runlim] sample:		2719.70 time, 2720.01 real, 312 MB
[runlim] sample:		2729.70 time, 2730.01 real, 312 MB
[runlim] sample:		2739.70 time, 2740.01 real, 312 MB
[runlim] sample:		2749.70 time, 2750.01 real, 312 MB
[runlim] sample:		2759.70 time, 2760.01 real, 312 MB
[runlim] sample:		2769.70 time, 2770.01 real, 312 MB
[runlim] sample:		2779.70 time, 2780.01 real, 312 MB
[runlim] sample:		2789.70 time, 2790.01 real, 313 MB
[runlim] sample:		2799.70 time, 2800.01 real, 313 MB
[runlim] sample:		2809.70 time, 2810.01 real, 313 MB
[runlim] sample:		2819.70 time, 2820.01 real, 313 MB
[runlim] sample:		2829.70 time, 2830.01 real, 313 MB
[runlim] sample:		2839.70 time, 2840.01 real, 313 MB
[runlim] sample:		2849.70 time, 2850.01 real, 313 MB
[runlim] sample:		2859.70 time, 2860.01 real, 313 MB
[runlim] sample:		2869.70 time, 2870.01 real, 313 MB
[runlim] sample:		2879.70 time, 2880.01 real, 314 MB
[runlim] sample:		2889.70 time, 2890.01 real, 315 MB
[runlim] sample:		2899.70 time, 2900.01 real, 315 MB
[runlim] sample:		2909.70 time, 2910.01 real, 315 MB
[runlim] sample:		2919.70 time, 2920.01 real, 315 MB
[runlim] sample:		2929.70 time, 2930.01 real, 315 MB
[runlim] sample:		2939.70 time, 2940.01 real, 315 MB
[runlim] sample:		2949.70 time, 2950.01 real, 315 MB
[runlim] sample:		2959.70 time, 2960.01 real, 315 MB
[runlim] sample:		2969.70 time, 2970.01 real, 315 MB
[runlim] sample:		2979.70 time, 2980.01 real, 315 MB
[runlim] sample:		2989.70 time, 2990.01 real, 315 MB
[runlim] sample:		2999.70 time, 3000.01 real, 315 MB
[runlim] sample:		3009.70 time, 3010.01 real, 317 MB
[runlim] sample:		3019.70 time, 3020.01 real, 317 MB
[runlim] sample:		3029.70 time, 3030.01 real, 317 MB
[runlim] sample:		3039.70 time, 3040.01 real, 317 MB
[runlim] sample:		3049.70 time, 3050.01 real, 317 MB
[runlim] sample:		3059.70 time, 3060.01 real, 317 MB
[runlim] sample:		3069.70 time, 3070.01 real, 317 MB
[runlim] sample:		3079.70 time, 3080.01 real, 317 MB
[runlim] sample:		3089.70 time, 3090.01 real, 317 MB
[runlim] sample:		3099.70 time, 3100.01 real, 317 MB
[runlim] sample:		3109.70 time, 3110.01 real, 319 MB
[runlim] sample:		3119.70 time, 3120.01 real, 319 MB
[runlim] sample:		3129.70 time, 3130.01 real, 319 MB
[runlim] sample:		3139.70 time, 3140.01 real, 319 MB
[runlim] sample:		3149.70 time, 3150.01 real, 319 MB
[runlim] sample:		3159.70 time, 3160.01 real, 319 MB
[runlim] sample:		3169.70 time, 3170.01 real, 319 MB
[runlim] sample:		3179.70 time, 3180.01 real, 319 MB
[runlim] sample:		3189.70 time, 3190.01 real, 319 MB
[runlim] sample:		3199.70 time, 3200.01 real, 319 MB
[runlim] sample:		3209.70 time, 3210.01 real, 319 MB
[runlim] sample:		3219.70 time, 3220.01 real, 319 MB
[runlim] sample:		3229.70 time, 3230.01 real, 319 MB
[runlim] sample:		3239.70 time, 3240.01 real, 319 MB
[runlim] sample:		3249.70 time, 3250.01 real, 319 MB
[runlim] sample:		3259.70 time, 3260.01 real, 319 MB
[runlim] sample:		3269.70 time, 3270.01 real, 319 MB
[runlim] sample:		3279.70 time, 3280.01 real, 319 MB
[runlim] sample:		3289.70 time, 3290.01 real, 319 MB
[runlim] sample:		3299.70 time, 3300.01 real, 319 MB
[runlim] sample:		3309.70 time, 3310.01 real, 320 MB
[runlim] sample:		3319.70 time, 3320.01 real, 320 MB
[runlim] sample:		3329.70 time, 3330.01 real, 329 MB
[runlim] sample:		3339.70 time, 3340.01 real, 329 MB
[runlim] sample:		3349.70 time, 3350.01 real, 329 MB
[runlim] sample:		3359.70 time, 3360.01 real, 329 MB
[runlim] sample:		3369.70 time, 3370.01 real, 329 MB
[runlim] sample:		3379.70 time, 3380.01 real, 329 MB
[runlim] sample:		3389.70 time, 3390.01 real, 329 MB
[runlim] sample:		3399.70 time, 3400.01 real, 329 MB
[runlim] sample:		3409.70 time, 3410.01 real, 329 MB
[runlim] sample:		3419.70 time, 3420.01 real, 329 MB
[runlim] sample:		3429.70 time, 3430.01 real, 329 MB
[runlim] sample:		3439.70 time, 3440.01 real, 329 MB
[runlim] sample:		3449.70 time, 3450.01 real, 330 MB
[runlim] sample:		3459.70 time, 3460.01 real, 330 MB
[runlim] sample:		3469.70 time, 3470.01 real, 330 MB
[runlim] sample:		3479.70 time, 3480.01 real, 330 MB
[runlim] sample:		3489.70 time, 3490.01 real, 330 MB
[runlim] sample:		3499.70 time, 3500.01 real, 330 MB
[runlim] sample:		3509.70 time, 3510.01 real, 330 MB
[runlim] sample:		3519.70 time, 3520.01 real, 330 MB
[runlim] sample:		3529.70 time, 3530.01 real, 330 MB
[runlim] sample:		3539.70 time, 3540.01 real, 330 MB
[runlim] sample:		3549.70 time, 3550.01 real, 330 MB
[runlim] sample:		3559.70 time, 3560.01 real, 330 MB
[runlim] sample:		3569.70 time, 3570.01 real, 330 MB
[runlim] sample:		3579.70 time, 3580.01 real, 330 MB
[runlim] sample:		3589.70 time, 3590.01 real, 330 MB
[runlim] sample:		3599.70 time, 3600.01 real, 330 MB
[runlim] sample:		3609.70 time, 3610.01 real, 330 MB
[runlim] sample:		3619.70 time, 3620.01 real, 330 MB
[runlim] sample:		3629.70 time, 3630.01 real, 330 MB
[runlim] sample:		3639.70 time, 3640.01 real, 330 MB
[runlim] sample:		3649.70 time, 3650.01 real, 330 MB
[runlim] sample:		3659.70 time, 3660.01 real, 331 MB
[runlim] sample:		3669.70 time, 3670.01 real, 332 MB
[runlim] sample:		3679.70 time, 3680.01 real, 332 MB
[runlim] sample:		3689.70 time, 3690.01 real, 332 MB
[runlim] sample:		3699.70 time, 3700.01 real, 332 MB
[runlim] sample:		3709.70 time, 3710.01 real, 332 MB
[runlim] sample:		3719.70 time, 3720.01 real, 332 MB
[runlim] sample:		3729.70 time, 3730.01 real, 332 MB
[runlim] sample:		3739.70 time, 3740.01 real, 332 MB
[runlim] sample:		3749.70 time, 3750.01 real, 332 MB
[runlim] sample:		3759.70 time, 3760.01 real, 332 MB
[runlim] sample:		3769.70 time, 3770.01 real, 332 MB
[runlim] sample:		3779.70 time, 3780.01 real, 332 MB
[runlim] sample:		3789.70 time, 3790.01 real, 332 MB
[runlim] sample:		3799.70 time, 3800.01 real, 332 MB
[runlim] sample:		3809.70 time, 3810.01 real, 332 MB
[runlim] sample:		3819.70 time, 3820.01 real, 332 MB
[runlim] sample:		3829.70 time, 3830.01 real, 332 MB
[runlim] sample:		3839.70 time, 3840.01 real, 332 MB
[runlim] sample:		3849.70 time, 3850.01 real, 332 MB
[runlim] sample:		3859.70 time, 3860.01 real, 332 MB
[runlim] sample:		3869.70 time, 3870.01 real, 332 MB
[runlim] sample:		3879.70 time, 3880.01 real, 332 MB
[runlim] sample:		3889.70 time, 3890.01 real, 332 MB
[runlim] sample:		3899.70 time, 3900.01 real, 332 MB
[runlim] sample:		3909.70 time, 3910.01 real, 332 MB
[runlim] sample:		3919.70 time, 3920.01 real, 332 MB
[runlim] sample:		3929.70 time, 3930.01 real, 332 MB
[runlim] sample:		3939.70 time, 3940.01 real, 332 MB
[runlim] sample:		3949.70 time, 3950.01 real, 332 MB
[runlim] sample:		3959.70 time, 3960.01 real, 332 MB
[runlim] sample:		3969.70 time, 3970.01 real, 332 MB
[runlim] sample:		3979.70 time, 3980.01 real, 332 MB
[runlim] sample:		3989.70 time, 3990.01 real, 332 MB
[runlim] sample:		3999.70 time, 4000.01 real, 332 MB
[runlim] sample:		4009.70 time, 4010.01 real, 332 MB
[runlim] sample:		4019.70 time, 4020.01 real, 332 MB
[runlim] sample:		4029.70 time, 4030.01 real, 333 MB
[runlim] sample:		4039.70 time, 4040.01 real, 333 MB
[runlim] sample:		4049.70 time, 4050.01 real, 333 MB
[runlim] sample:		4059.70 time, 4060.01 real, 333 MB
[runlim] sample:		4069.70 time, 4070.01 real, 333 MB
[runlim] sample:		4079.70 time, 4080.01 real, 333 MB
[runlim] sample:		4089.70 time, 4090.01 real, 333 MB
[runlim] sample:		4099.70 time, 4100.01 real, 333 MB
[runlim] sample:		4109.70 time, 4110.01 real, 333 MB
[runlim] sample:		4119.70 time, 4120.01 real, 333 MB
[runlim] sample:		4129.70 time, 4130.01 real, 333 MB
[runlim] sample:		4139.70 time, 4140.01 real, 333 MB
[runlim] sample:		4149.70 time, 4150.01 real, 333 MB
[runlim] sample:		4159.70 time, 4160.01 real, 333 MB
[runlim] sample:		4169.70 time, 4170.01 real, 333 MB
[runlim] sample:		4179.70 time, 4180.01 real, 333 MB
[runlim] sample:		4189.70 time, 4190.01 real, 333 MB
[runlim] sample:		4199.70 time, 4200.01 real, 333 MB
[runlim] sample:		4209.70 time, 4210.01 real, 334 MB
[runlim] sample:		4219.70 time, 4220.01 real, 334 MB
[runlim] sample:		4229.70 time, 4230.01 real, 334 MB
[runlim] sample:		4239.69 time, 4240.01 real, 335 MB
[runlim] sample:		4249.69 time, 4250.01 real, 336 MB
[runlim] sample:		4259.69 time, 4260.01 real, 337 MB
[runlim] sample:		4269.69 time, 4270.01 real, 337 MB
[runlim] sample:		4279.69 time, 4280.01 real, 337 MB
[runlim] sample:		4289.69 time, 4290.01 real, 337 MB
[runlim] sample:		4299.69 time, 4300.01 real, 337 MB
[runlim] sample:		4309.69 time, 4310.01 real, 337 MB
[runlim] sample:		4319.69 time, 4320.01 real, 337 MB
[runlim] sample:		4329.69 time, 4330.01 real, 337 MB
[runlim] sample:		4339.69 time, 4340.01 real, 337 MB
[runlim] sample:		4349.69 time, 4350.01 real, 337 MB
[runlim] sample:		4359.69 time, 4360.01 real, 337 MB
[runlim] sample:		4369.69 time, 4370.01 real, 337 MB
[runlim] sample:		4379.69 time, 4380.01 real, 337 MB
[runlim] sample:		4389.69 time, 4390.01 real, 337 MB
[runlim] sample:		4399.69 time, 4400.01 real, 337 MB
[runlim] sample:		4409.69 time, 4410.01 real, 337 MB
[runlim] sample:		4419.69 time, 4420.01 real, 337 MB
[runlim] sample:		4429.69 time, 4430.01 real, 337 MB
[runlim] sample:		4439.69 time, 4440.01 real, 346 MB
[runlim] sample:		4449.69 time, 4450.01 real, 346 MB
[runlim] sample:		4459.69 time, 4460.01 real, 346 MB
[runlim] sample:		4469.69 time, 4470.01 real, 346 MB
[runlim] sample:		4479.69 time, 4480.01 real, 346 MB
[runlim] sample:		4489.69 time, 4490.01 real, 346 MB
[runlim] sample:		4499.69 time, 4500.01 real, 346 MB
[runlim] sample:		4509.69 time, 4510.01 real, 346 MB
[runlim] sample:		4519.69 time, 4520.01 real, 346 MB
[runlim] end:			Thu Dec 10 17:35:50 2020
[runlim] status:		ok
[runlim] result:		0
[runlim] children:		1
[runlim] real:			4528.62 seconds
[runlim] time:			4528.30 seconds
[runlim] space:			346 MB
[runlim] samples:		45286
