count.buggy.0.asm
count.buggy.1.asm
count.buggy.2.asm
count.buggy.3.asm
count.checker.asm
. btormc-btor2.mmap
# tid	pc	cmd	arg	accu	mem	adr	val	full	heap
2	inc	LOAD	0	0	0	0	0	0	{}	# 0
1	inc	LOAD	0	0	0	0	0	0	{}	# 1
1	1	ADDI	1	0	0	0	0	0	{}	# 2
1	2	STORE	0	1	0	0	0	0	{}	# 3
2	1	ADDI	1	0	0	0	0	0	{}	# 4
0	inc	LOAD	0	0	0	0	0	0	{}	# 5
1	3	LOAD	11	1	0	0	1	1	{}	# 6
1	4	SUBI	1	3	0	0	1	1	{}	# 7
0	1	ADDI	1	0	0	0	0	0	{}	# 8
0	2	STORE	0	1	0	0	0	0	{}	# 9
3	inc	LOAD	0	0	0	0	0	0	{}	# 10
2	2	STORE	0	1	0	0	0	0	{}	# 11
1	5	FLUSH	-	2	0	0	1	1	{}	# 12
0	3	FLUSH	-	1	0	0	1	1	{(0,1)}	# 13
0	3	LOAD	10	1	0	0	1	0	{(0,1)}	# 14
1	5	STORE	11	2	0	0	1	0	{}	# 15
1	6	JNZ	inc	2	0	11	2	1	{}	# 16
0	4	SUBI	1	3	0	0	1	0	{}	# 17
3	1	ADDI	1	0	0	0	0	0	{}	# 18
3	2	STORE	0	1	0	0	0	0	{}	# 19
1	inc	LOAD	0	2	0	11	2	1	{}	# 20
1	1	ADDI	1	1	0	11	2	1	{}	# 21
3	3	FLUSH	-	1	0	0	1	1	{}	# 22
3	3	LOAD	13	1	0	0	1	0	{(0,1)}	# 23
0	5	STORE	10	2	0	0	1	0	{}	# 24
3	4	SUBI	1	3	0	0	1	0	{}	# 25
0	6	JNZ	inc	2	0	10	2	1	{}	# 26
0	inc	LOAD	0	2	0	10	2	1	{}	# 27
3	5	STORE	13	2	0	0	1	0	{}	# 28
0	1	ADDI	1	1	0	10	2	1	{}	# 29
2	3	LOAD	12	1	0	0	1	1	{}	# 30
3	6	JNZ	inc	2	0	13	2	1	{}	# 31
3	inc	FLUSH	-	2	0	13	2	1	{}	# 32
3	inc	LOAD	0	2	0	13	2	0	{(13,2)}	# 33
4	0	CHECK	0	0	0	0	0	0	{}	# 34
2	4	FLUSH	-	3	0	0	1	1	{}	# 35
1	2	FLUSH	-	2	0	11	2	1	{(0,1)}	# 36
0	2	FLUSH	-	2	0	10	2	1	{(11,2)}	# 37
3	1	ADDI	1	1	0	13	2	0	{(10,2)}	# 38
0	2	STORE	0	2	0	10	2	0	{}	# 39
3	2	STORE	0	2	0	13	2	0	{}	# 40
0	3	FLUSH	-	2	0	0	2	1	{}	# 41
1	2	STORE	0	2	0	11	2	0	{(0,2)}	# 42
0	3	LOAD	10	2	0	0	2	0	{}	# 43
3	3	LOAD	13	2	0	0	2	1	{}	# 44
0	4	SUBI	1	2	0	0	2	0	{}	# 45
2	4	SUBI	1	3	0	0	1	0	{}	# 46
1	3	LOAD	11	2	0	0	2	1	{}	# 47
2	5	STORE	12	2	0	0	1	0	{}	# 48
2	6	JNZ	inc	2	0	12	2	1	{}	# 49
1	4	SUBI	1	2	0	0	2	1	{}	# 50
1	5	FLUSH	-	1	0	0	2	1	{}	# 51
1	5	STORE	11	1	0	0	2	0	{(0,2)}	# 52
1	6	JNZ	inc	1	0	11	1	1	{}	# 53
3	4	FLUSH	-	2	0	0	2	1	{}	# 54
3	4	SUBI	1	2	0	0	2	0	{(0,2)}	# 55
2	inc	FLUSH	-	2	0	12	2	1	{}	# 56
3	5	STORE	13	1	0	0	2	0	{(12,2)}	# 57
3	6	JNZ	inc	1	0	13	1	1	{}	# 58
2	inc	LOAD	0	2	0	12	2	0	{}	# 59
3	inc	LOAD	0	1	0	13	1	1	{}	# 60
3	1	ADDI	1	2	0	13	1	1	{}	# 61
1	inc	FLUSH	-	1	0	11	1	1	{}	# 62
2	1	ADDI	1	2	0	12	2	0	{(11,1)}	# 63
1	inc	LOAD	0	1	0	11	1	0	{}	# 64
3	2	FLUSH	-	3	0	13	1	1	{}	# 65
2	2	STORE	0	3	0	12	2	0	{(13,1)}	# 66
0	5	STORE	10	1	0	0	2	0	{}	# 67
2	3	LOAD	12	3	0	0	3	1	{}	# 68
2	4	FLUSH	-	2	0	0	3	1	{}	# 69
2	4	SUBI	1	2	0	0	3	0	{(0,3)}	# 70
1	1	ADDI	1	2	0	11	1	0	{}	# 71
1	2	STORE	0	3	0	11	1	0	{}	# 72
1	3	FLUSH	-	3	0	0	3	1	{}	# 73
2	5	STORE	12	1	0	0	3	0	{(0,3)}	# 74
1	3	LOAD	11	3	0	0	3	0	{}	# 75
0	6	JNZ	inc	1	0	10	1	1	{}	# 76
3	2	STORE	0	3	0	13	1	0	{}	# 77
3	3	FLUSH	-	3	0	0	3	1	{}	# 78
3	3	LOAD	13	3	0	0	3	0	{(0,3)}	# 79
2	6	FLUSH	-	1	0	12	1	1	{}	# 80
3	4	SUBI	1	1	0	0	3	0	{(12,1)}	# 81
2	6	JNZ	inc	1	0	12	1	0	{}	# 82
2	inc	LOAD	0	1	0	12	1	0	{}	# 83
2	1	ADDI	1	3	0	12	1	0	{}	# 84
0	inc	FLUSH	-	1	0	10	1	1	{}	# 85
0	inc	LOAD	0	1	0	10	1	0	{(10,1)}	# 86
0	1	ADDI	1	3	0	10	1	0	{}	# 87
1	4	SUBI	1	1	0	0	3	0	{}	# 88
1	5	STORE	11	0	0	0	3	0	{}	# 89
0	2	STORE	0	4	0	10	1	0	{}	# 90
0	3	LOAD	10	4	0	0	4	1	{}	# 91
0	4	FLUSH	-	1	0	0	4	1	{}	# 92
0	4	SUBI	1	1	0	0	4	0	{(0,4)}	# 93
0	5	STORE	10	0	0	0	4	0	{}	# 94
1	6	JNZ	inc	0	0	11	0	1	{}	# 95
1	7	CHECK	0	0	0	11	0	1	{}	# 96
0	6	FLUSH	-	0	0	10	0	1	{}	# 97
1	8	FLUSH	-	0	0	11	0	1	{(10,0)}	# 98
3	5	STORE	13	0	0	0	3	0	{(11,0)}	# 99
3	6	JNZ	inc	0	0	13	0	1	{}	# 100
3	7	CHECK	0	0	0	13	0	1	{}	# 101
0	6	JNZ	inc	0	0	10	0	0	{}	# 102
2	2	STORE	0	4	0	12	1	0	{}	# 103
3	8	FLUSH	-	0	0	13	0	1	{}	# 104
2	3	LOAD	12	4	0	0	4	1	{(13,0)}	# 105
2	4	SUBI	1	1	0	0	4	1	{}	# 106
2	5	FLUSH	-	0	0	0	4	1	{}	# 107
2	5	STORE	12	0	0	0	4	0	{(0,4)}	# 108
2	6	FLUSH	-	0	0	12	0	1	{}	# 109
2	6	JNZ	inc	0	0	12	0	0	{(12,0)}	# 110
2	7	CHECK	0	0	0	12	0	0	{}	# 111
0	7	CHECK	0	0	0	10	0	0	{}	# 112
2	8	HALT	-	0	0	12	0	0	{}	# 113
0	8	HALT	-	0	0	10	0	0	{}	# 114
4	1	ADDI	12	0	0	0	0	0	{}	# 115
1	8	HALT	-	0	0	11	0	0	{}	# 116
3	8	HALT	-	0	0	13	0	0	{}	# 117
4	2	CMP	0	12	0	0	0	0	{}	# 118
4	3	JNZ	error	8	0	0	0	0	{}	# 119
4	error	EXIT	1	8	0	0	0	0	{}	# 120
