[runlim] version:		1.21
[runlim] host:			c3n11
[runlim] time limit:		86400 seconds
[runlim] real time limit:	86400 seconds
[runlim] space limit:		8000 MB
[runlim] argv[0]:		concubine
[runlim] argv[1]:		solve
[runlim] argv[2]:		-v
[runlim] argv[3]:		-s
[runlim] argv[4]:		z3
[runlim] argv[5]:		-e
[runlim] argv[6]:		smtlib-relational
[runlim] argv[7]:		-m
[runlim] argv[8]:		init.mmap
[runlim] argv[9]:		-o
[runlim] argv[10]:		z3-relational
[runlim] argv[11]:		121
[runlim] argv[12]:		count.buggy.0.asm
[runlim] argv[13]:		count.buggy.1.asm
[runlim] argv[14]:		count.buggy.2.asm
[runlim] argv[15]:		count.buggy.3.asm
[runlim] argv[16]:		count.checker.asm
[runlim] start:			Thu Dec 10 16:20:28 2020
[runlim] child:			32091
[runlim] sample:		9.98 time, 10.01 real, 54 MB
[runlim] sample:		19.97 time, 20.01 real, 54 MB
[runlim] sample:		29.97 time, 30.01 real, 54 MB
[runlim] sample:		39.97 time, 40.01 real, 54 MB
[runlim] sample:		49.98 time, 50.01 real, 54 MB
[runlim] sample:		59.98 time, 60.01 real, 54 MB
[runlim] sample:		69.97 time, 70.01 real, 54 MB
[runlim] sample:		79.97 time, 80.01 real, 54 MB
[runlim] sample:		89.97 time, 90.01 real, 54 MB
[runlim] sample:		99.97 time, 100.01 real, 54 MB
[runlim] sample:		109.97 time, 110.01 real, 54 MB
[runlim] sample:		119.97 time, 120.01 real, 54 MB
[runlim] sample:		129.97 time, 130.01 real, 54 MB
[runlim] sample:		139.97 time, 140.01 real, 54 MB
[runlim] sample:		149.97 time, 150.01 real, 54 MB
[runlim] sample:		159.97 time, 160.01 real, 54 MB
[runlim] sample:		169.97 time, 170.01 real, 54 MB
[runlim] sample:		179.98 time, 180.01 real, 54 MB
[runlim] sample:		189.98 time, 190.01 real, 54 MB
[runlim] sample:		199.98 time, 200.01 real, 54 MB
[runlim] sample:		209.98 time, 210.01 real, 54 MB
[runlim] sample:		219.98 time, 220.01 real, 54 MB
[runlim] sample:		229.98 time, 230.01 real, 54 MB
[runlim] sample:		239.98 time, 240.01 real, 54 MB
[runlim] sample:		249.98 time, 250.01 real, 54 MB
[runlim] sample:		259.98 time, 260.01 real, 54 MB
[runlim] sample:		269.98 time, 270.01 real, 54 MB
[runlim] sample:		279.98 time, 280.01 real, 54 MB
[runlim] sample:		289.98 time, 290.01 real, 54 MB
[runlim] sample:		299.98 time, 300.01 real, 54 MB
[runlim] sample:		309.97 time, 310.01 real, 54 MB
[runlim] sample:		319.97 time, 320.01 real, 54 MB
[runlim] sample:		329.97 time, 330.01 real, 54 MB
[runlim] sample:		339.97 time, 340.01 real, 54 MB
[runlim] sample:		349.97 time, 350.01 real, 54 MB
[runlim] sample:		359.98 time, 360.01 real, 54 MB
[runlim] sample:		369.98 time, 370.01 real, 54 MB
[runlim] sample:		379.98 time, 380.01 real, 54 MB
[runlim] sample:		389.98 time, 390.01 real, 54 MB
[runlim] sample:		399.98 time, 400.01 real, 54 MB
[runlim] sample:		409.98 time, 410.01 real, 54 MB
[runlim] sample:		419.98 time, 420.01 real, 54 MB
[runlim] sample:		429.98 time, 430.01 real, 54 MB
[runlim] sample:		439.98 time, 440.01 real, 54 MB
[runlim] sample:		449.98 time, 450.01 real, 54 MB
[runlim] sample:		459.98 time, 460.01 real, 54 MB
[runlim] sample:		469.98 time, 470.01 real, 54 MB
[runlim] sample:		479.98 time, 480.01 real, 54 MB
[runlim] sample:		489.98 time, 490.01 real, 54 MB
[runlim] sample:		499.98 time, 500.01 real, 54 MB
[runlim] sample:		509.98 time, 510.01 real, 54 MB
[runlim] sample:		519.98 time, 520.01 real, 54 MB
[runlim] sample:		529.98 time, 530.01 real, 54 MB
[runlim] sample:		539.98 time, 540.01 real, 54 MB
[runlim] sample:		549.98 time, 550.01 real, 54 MB
[runlim] sample:		559.98 time, 560.01 real, 54 MB
[runlim] sample:		569.97 time, 570.01 real, 131 MB
[runlim] sample:		579.98 time, 580.01 real, 143 MB
[runlim] sample:		589.98 time, 590.01 real, 145 MB
[runlim] sample:		599.97 time, 600.01 real, 150 MB
[runlim] sample:		609.98 time, 610.01 real, 151 MB
[runlim] sample:		619.98 time, 620.01 real, 152 MB
[runlim] sample:		629.97 time, 630.01 real, 152 MB
[runlim] sample:		639.98 time, 640.01 real, 154 MB
[runlim] sample:		649.97 time, 650.01 real, 155 MB
[runlim] sample:		659.98 time, 660.01 real, 158 MB
[runlim] sample:		669.97 time, 670.01 real, 159 MB
[runlim] sample:		679.97 time, 680.01 real, 159 MB
[runlim] sample:		689.97 time, 690.01 real, 160 MB
[runlim] sample:		699.97 time, 700.01 real, 160 MB
[runlim] sample:		709.98 time, 710.01 real, 161 MB
[runlim] sample:		719.98 time, 720.01 real, 162 MB
[runlim] sample:		729.97 time, 730.01 real, 164 MB
[runlim] sample:		739.97 time, 740.01 real, 164 MB
[runlim] sample:		749.98 time, 750.01 real, 175 MB
[runlim] sample:		759.98 time, 760.01 real, 176 MB
[runlim] sample:		769.98 time, 770.01 real, 176 MB
[runlim] sample:		779.98 time, 780.01 real, 178 MB
[runlim] sample:		789.98 time, 790.01 real, 178 MB
[runlim] sample:		799.98 time, 800.01 real, 179 MB
[runlim] sample:		809.98 time, 810.01 real, 179 MB
[runlim] sample:		819.97 time, 820.01 real, 180 MB
[runlim] sample:		829.97 time, 830.01 real, 181 MB
[runlim] sample:		839.97 time, 840.01 real, 182 MB
[runlim] sample:		849.97 time, 850.01 real, 182 MB
[runlim] sample:		859.97 time, 860.01 real, 182 MB
[runlim] sample:		869.97 time, 870.01 real, 182 MB
[runlim] sample:		879.97 time, 880.01 real, 184 MB
[runlim] sample:		889.97 time, 890.01 real, 184 MB
[runlim] sample:		899.97 time, 900.01 real, 185 MB
[runlim] sample:		909.97 time, 910.01 real, 185 MB
[runlim] sample:		919.97 time, 920.01 real, 185 MB
[runlim] sample:		929.98 time, 930.01 real, 187 MB
[runlim] sample:		939.98 time, 940.01 real, 187 MB
[runlim] sample:		949.98 time, 950.01 real, 187 MB
[runlim] sample:		959.98 time, 960.01 real, 187 MB
[runlim] sample:		969.98 time, 970.01 real, 187 MB
[runlim] sample:		979.98 time, 980.01 real, 187 MB
[runlim] sample:		989.97 time, 990.01 real, 188 MB
[runlim] sample:		999.97 time, 1000.01 real, 188 MB
[runlim] sample:		1009.97 time, 1010.01 real, 189 MB
[runlim] sample:		1019.97 time, 1020.01 real, 190 MB
[runlim] sample:		1029.97 time, 1030.01 real, 190 MB
[runlim] sample:		1039.97 time, 1040.01 real, 191 MB
[runlim] sample:		1049.97 time, 1050.01 real, 191 MB
[runlim] sample:		1059.97 time, 1060.01 real, 192 MB
[runlim] sample:		1069.97 time, 1070.01 real, 193 MB
[runlim] sample:		1079.97 time, 1080.01 real, 194 MB
[runlim] sample:		1089.97 time, 1090.01 real, 194 MB
[runlim] sample:		1099.97 time, 1100.01 real, 194 MB
[runlim] sample:		1109.97 time, 1110.01 real, 194 MB
[runlim] sample:		1119.97 time, 1120.01 real, 194 MB
[runlim] sample:		1129.98 time, 1130.01 real, 196 MB
[runlim] sample:		1139.98 time, 1140.01 real, 196 MB
[runlim] sample:		1149.98 time, 1150.01 real, 196 MB
[runlim] sample:		1159.98 time, 1160.01 real, 196 MB
[runlim] sample:		1169.98 time, 1170.01 real, 196 MB
[runlim] sample:		1179.98 time, 1180.01 real, 197 MB
[runlim] sample:		1189.98 time, 1190.01 real, 198 MB
[runlim] sample:		1199.97 time, 1200.01 real, 199 MB
[runlim] sample:		1209.97 time, 1210.01 real, 199 MB
[runlim] sample:		1219.97 time, 1220.01 real, 199 MB
[runlim] sample:		1229.97 time, 1230.01 real, 199 MB
[runlim] sample:		1239.97 time, 1240.01 real, 200 MB
[runlim] sample:		1249.97 time, 1250.01 real, 203 MB
[runlim] sample:		1259.97 time, 1260.01 real, 204 MB
[runlim] sample:		1269.97 time, 1270.01 real, 205 MB
[runlim] sample:		1279.97 time, 1280.01 real, 205 MB
[runlim] sample:		1289.97 time, 1290.01 real, 205 MB
[runlim] sample:		1299.97 time, 1300.01 real, 205 MB
[runlim] sample:		1309.97 time, 1310.01 real, 205 MB
[runlim] sample:		1319.97 time, 1320.01 real, 205 MB
[runlim] sample:		1329.97 time, 1330.01 real, 205 MB
[runlim] sample:		1339.97 time, 1340.01 real, 205 MB
[runlim] sample:		1349.97 time, 1350.01 real, 205 MB
[runlim] sample:		1359.97 time, 1360.01 real, 205 MB
[runlim] sample:		1369.97 time, 1370.01 real, 205 MB
[runlim] sample:		1379.97 time, 1380.01 real, 205 MB
[runlim] sample:		1389.97 time, 1390.01 real, 205 MB
[runlim] sample:		1399.97 time, 1400.01 real, 205 MB
[runlim] sample:		1409.97 time, 1410.01 real, 206 MB
[runlim] sample:		1419.97 time, 1420.01 real, 208 MB
[runlim] sample:		1429.97 time, 1430.01 real, 208 MB
[runlim] sample:		1439.97 time, 1440.01 real, 208 MB
[runlim] sample:		1449.97 time, 1450.01 real, 208 MB
[runlim] sample:		1459.97 time, 1460.01 real, 208 MB
[runlim] sample:		1469.97 time, 1470.01 real, 208 MB
[runlim] sample:		1479.97 time, 1480.01 real, 208 MB
[runlim] sample:		1489.97 time, 1490.01 real, 208 MB
[runlim] sample:		1499.97 time, 1500.01 real, 210 MB
[runlim] sample:		1509.97 time, 1510.01 real, 210 MB
[runlim] sample:		1519.97 time, 1520.01 real, 210 MB
[runlim] sample:		1529.97 time, 1530.01 real, 210 MB
[runlim] sample:		1539.97 time, 1540.01 real, 210 MB
[runlim] sample:		1549.98 time, 1550.01 real, 210 MB
[runlim] sample:		1559.98 time, 1560.01 real, 211 MB
[runlim] sample:		1569.98 time, 1570.01 real, 211 MB
[runlim] sample:		1579.98 time, 1580.01 real, 211 MB
[runlim] sample:		1589.98 time, 1590.01 real, 211 MB
[runlim] sample:		1599.98 time, 1600.01 real, 212 MB
[runlim] sample:		1609.98 time, 1610.01 real, 212 MB
[runlim] sample:		1619.98 time, 1620.01 real, 212 MB
[runlim] sample:		1629.98 time, 1630.01 real, 212 MB
[runlim] sample:		1639.98 time, 1640.01 real, 212 MB
[runlim] sample:		1649.98 time, 1650.01 real, 214 MB
[runlim] sample:		1659.98 time, 1660.01 real, 214 MB
[runlim] sample:		1669.98 time, 1670.01 real, 214 MB
[runlim] sample:		1679.98 time, 1680.01 real, 214 MB
[runlim] sample:		1689.98 time, 1690.01 real, 214 MB
[runlim] sample:		1699.98 time, 1700.01 real, 214 MB
[runlim] sample:		1709.98 time, 1710.01 real, 214 MB
[runlim] sample:		1719.98 time, 1720.01 real, 214 MB
[runlim] sample:		1729.98 time, 1730.01 real, 217 MB
[runlim] sample:		1739.98 time, 1740.01 real, 219 MB
[runlim] sample:		1749.98 time, 1750.01 real, 222 MB
[runlim] sample:		1759.98 time, 1760.01 real, 223 MB
[runlim] sample:		1769.98 time, 1770.01 real, 223 MB
[runlim] sample:		1779.98 time, 1780.01 real, 223 MB
[runlim] sample:		1789.98 time, 1790.01 real, 223 MB
[runlim] sample:		1799.98 time, 1800.01 real, 224 MB
[runlim] sample:		1809.98 time, 1810.01 real, 224 MB
[runlim] sample:		1819.97 time, 1820.01 real, 224 MB
[runlim] sample:		1829.97 time, 1830.01 real, 224 MB
[runlim] sample:		1839.97 time, 1840.01 real, 224 MB
[runlim] sample:		1849.97 time, 1850.01 real, 225 MB
[runlim] sample:		1859.97 time, 1860.01 real, 225 MB
[runlim] sample:		1869.97 time, 1870.01 real, 225 MB
[runlim] sample:		1879.97 time, 1880.01 real, 225 MB
[runlim] sample:		1889.97 time, 1890.01 real, 226 MB
[runlim] sample:		1899.97 time, 1900.01 real, 228 MB
[runlim] sample:		1909.97 time, 1910.01 real, 230 MB
[runlim] sample:		1919.97 time, 1920.01 real, 231 MB
[runlim] sample:		1929.97 time, 1930.01 real, 231 MB
[runlim] sample:		1939.97 time, 1940.01 real, 231 MB
[runlim] sample:		1949.97 time, 1950.01 real, 231 MB
[runlim] sample:		1959.97 time, 1960.01 real, 231 MB
[runlim] sample:		1969.97 time, 1970.01 real, 231 MB
[runlim] sample:		1979.97 time, 1980.01 real, 231 MB
[runlim] sample:		1989.97 time, 1990.01 real, 231 MB
[runlim] sample:		1999.97 time, 2000.01 real, 231 MB
[runlim] sample:		2009.97 time, 2010.01 real, 231 MB
[runlim] sample:		2019.97 time, 2020.01 real, 231 MB
[runlim] sample:		2029.97 time, 2030.01 real, 231 MB
[runlim] sample:		2039.97 time, 2040.01 real, 231 MB
[runlim] sample:		2049.97 time, 2050.01 real, 231 MB
[runlim] sample:		2059.97 time, 2060.01 real, 231 MB
[runlim] sample:		2069.97 time, 2070.01 real, 231 MB
[runlim] sample:		2079.98 time, 2080.01 real, 232 MB
[runlim] sample:		2089.98 time, 2090.01 real, 235 MB
[runlim] sample:		2099.98 time, 2100.01 real, 235 MB
[runlim] sample:		2109.98 time, 2110.01 real, 235 MB
[runlim] sample:		2119.98 time, 2120.01 real, 235 MB
[runlim] sample:		2129.98 time, 2130.01 real, 235 MB
[runlim] sample:		2139.98 time, 2140.01 real, 235 MB
[runlim] sample:		2149.98 time, 2150.01 real, 235 MB
[runlim] sample:		2159.98 time, 2160.01 real, 235 MB
[runlim] sample:		2169.98 time, 2170.01 real, 235 MB
[runlim] sample:		2179.98 time, 2180.01 real, 235 MB
[runlim] sample:		2189.98 time, 2190.01 real, 235 MB
[runlim] sample:		2199.98 time, 2200.01 real, 235 MB
[runlim] sample:		2209.98 time, 2210.01 real, 235 MB
[runlim] sample:		2219.98 time, 2220.01 real, 235 MB
[runlim] sample:		2229.98 time, 2230.01 real, 236 MB
[runlim] sample:		2239.98 time, 2240.01 real, 236 MB
[runlim] sample:		2249.98 time, 2250.01 real, 236 MB
[runlim] sample:		2259.98 time, 2260.01 real, 236 MB
[runlim] sample:		2269.98 time, 2270.01 real, 236 MB
[runlim] sample:		2279.98 time, 2280.01 real, 236 MB
[runlim] sample:		2289.98 time, 2290.01 real, 236 MB
[runlim] sample:		2299.98 time, 2300.01 real, 236 MB
[runlim] sample:		2309.98 time, 2310.01 real, 236 MB
[runlim] sample:		2319.98 time, 2320.01 real, 236 MB
[runlim] sample:		2329.98 time, 2330.01 real, 236 MB
[runlim] sample:		2339.98 time, 2340.01 real, 236 MB
[runlim] sample:		2349.98 time, 2350.01 real, 236 MB
[runlim] sample:		2359.98 time, 2360.01 real, 236 MB
[runlim] sample:		2369.98 time, 2370.01 real, 237 MB
[runlim] sample:		2379.98 time, 2380.01 real, 237 MB
[runlim] sample:		2389.98 time, 2390.01 real, 237 MB
[runlim] sample:		2399.98 time, 2400.01 real, 237 MB
[runlim] sample:		2409.98 time, 2410.01 real, 237 MB
[runlim] sample:		2419.98 time, 2420.01 real, 237 MB
[runlim] sample:		2429.98 time, 2430.01 real, 238 MB
[runlim] sample:		2439.98 time, 2440.01 real, 238 MB
[runlim] sample:		2449.98 time, 2450.01 real, 238 MB
[runlim] sample:		2459.98 time, 2460.01 real, 238 MB
[runlim] sample:		2469.98 time, 2470.01 real, 244 MB
[runlim] sample:		2479.98 time, 2480.01 real, 244 MB
[runlim] sample:		2489.98 time, 2490.01 real, 244 MB
[runlim] sample:		2499.98 time, 2500.01 real, 244 MB
[runlim] sample:		2509.98 time, 2510.01 real, 244 MB
[runlim] sample:		2519.98 time, 2520.01 real, 244 MB
[runlim] sample:		2529.98 time, 2530.01 real, 244 MB
[runlim] sample:		2539.98 time, 2540.01 real, 244 MB
[runlim] sample:		2549.98 time, 2550.01 real, 244 MB
[runlim] sample:		2559.98 time, 2560.01 real, 244 MB
[runlim] sample:		2569.98 time, 2570.01 real, 244 MB
[runlim] sample:		2579.98 time, 2580.01 real, 244 MB
[runlim] sample:		2589.98 time, 2590.01 real, 244 MB
[runlim] sample:		2599.98 time, 2600.01 real, 244 MB
[runlim] sample:		2609.98 time, 2610.01 real, 244 MB
[runlim] sample:		2619.98 time, 2620.01 real, 244 MB
[runlim] sample:		2629.98 time, 2630.01 real, 244 MB
[runlim] sample:		2639.98 time, 2640.01 real, 244 MB
[runlim] sample:		2649.98 time, 2650.01 real, 244 MB
[runlim] sample:		2659.98 time, 2660.01 real, 244 MB
[runlim] sample:		2669.98 time, 2670.01 real, 244 MB
[runlim] sample:		2679.98 time, 2680.01 real, 244 MB
[runlim] sample:		2689.98 time, 2690.01 real, 244 MB
[runlim] sample:		2699.98 time, 2700.01 real, 244 MB
[runlim] sample:		2709.98 time, 2710.01 real, 244 MB
[runlim] sample:		2719.98 time, 2720.01 real, 244 MB
[runlim] sample:		2729.98 time, 2730.01 real, 244 MB
[runlim] sample:		2739.98 time, 2740.01 real, 244 MB
[runlim] sample:		2749.98 time, 2750.01 real, 244 MB
[runlim] sample:		2759.98 time, 2760.01 real, 245 MB
[runlim] sample:		2769.98 time, 2770.01 real, 245 MB
[runlim] sample:		2779.97 time, 2780.01 real, 246 MB
[runlim] sample:		2789.97 time, 2790.01 real, 246 MB
[runlim] sample:		2799.97 time, 2800.01 real, 246 MB
[runlim] sample:		2809.97 time, 2810.01 real, 246 MB
[runlim] sample:		2819.97 time, 2820.01 real, 246 MB
[runlim] sample:		2829.97 time, 2830.01 real, 246 MB
[runlim] sample:		2839.97 time, 2840.01 real, 246 MB
[runlim] sample:		2849.97 time, 2850.01 real, 246 MB
[runlim] sample:		2859.97 time, 2860.01 real, 247 MB
[runlim] sample:		2869.97 time, 2870.01 real, 248 MB
[runlim] sample:		2879.97 time, 2880.01 real, 249 MB
[runlim] sample:		2889.97 time, 2890.01 real, 249 MB
[runlim] sample:		2899.97 time, 2900.01 real, 249 MB
[runlim] sample:		2909.97 time, 2910.01 real, 249 MB
[runlim] sample:		2919.97 time, 2920.01 real, 249 MB
[runlim] sample:		2929.97 time, 2930.01 real, 249 MB
[runlim] sample:		2939.97 time, 2940.01 real, 249 MB
[runlim] sample:		2949.97 time, 2950.01 real, 259 MB
[runlim] sample:		2959.97 time, 2960.01 real, 260 MB
[runlim] sample:		2969.97 time, 2970.01 real, 260 MB
[runlim] sample:		2979.97 time, 2980.01 real, 260 MB
[runlim] sample:		2989.97 time, 2990.01 real, 260 MB
[runlim] sample:		2999.97 time, 3000.01 real, 260 MB
[runlim] sample:		3009.97 time, 3010.01 real, 260 MB
[runlim] sample:		3019.97 time, 3020.01 real, 260 MB
[runlim] sample:		3029.97 time, 3030.01 real, 260 MB
[runlim] sample:		3039.97 time, 3040.01 real, 260 MB
[runlim] sample:		3049.97 time, 3050.01 real, 260 MB
[runlim] sample:		3059.97 time, 3060.01 real, 261 MB
[runlim] sample:		3069.97 time, 3070.01 real, 262 MB
[runlim] sample:		3079.97 time, 3080.01 real, 262 MB
[runlim] sample:		3089.97 time, 3090.01 real, 262 MB
[runlim] sample:		3099.98 time, 3100.01 real, 263 MB
[runlim] sample:		3109.97 time, 3110.01 real, 265 MB
[runlim] sample:		3119.97 time, 3120.01 real, 265 MB
[runlim] sample:		3129.97 time, 3130.01 real, 265 MB
[runlim] sample:		3139.97 time, 3140.01 real, 266 MB
[runlim] sample:		3149.97 time, 3150.01 real, 266 MB
[runlim] sample:		3159.97 time, 3160.01 real, 266 MB
[runlim] sample:		3169.97 time, 3170.01 real, 266 MB
[runlim] sample:		3179.97 time, 3180.01 real, 273 MB
[runlim] sample:		3189.97 time, 3190.01 real, 273 MB
[runlim] sample:		3199.97 time, 3200.01 real, 273 MB
[runlim] sample:		3209.97 time, 3210.01 real, 273 MB
[runlim] sample:		3219.97 time, 3220.01 real, 273 MB
[runlim] sample:		3229.97 time, 3230.01 real, 273 MB
[runlim] sample:		3239.97 time, 3240.01 real, 273 MB
[runlim] sample:		3249.97 time, 3250.01 real, 273 MB
[runlim] sample:		3259.97 time, 3260.01 real, 273 MB
[runlim] sample:		3269.97 time, 3270.01 real, 273 MB
[runlim] sample:		3279.97 time, 3280.01 real, 273 MB
[runlim] sample:		3289.97 time, 3290.01 real, 273 MB
[runlim] sample:		3299.97 time, 3300.01 real, 273 MB
[runlim] sample:		3309.97 time, 3310.01 real, 273 MB
[runlim] sample:		3319.97 time, 3320.01 real, 273 MB
[runlim] sample:		3329.97 time, 3330.01 real, 273 MB
[runlim] sample:		3339.97 time, 3340.01 real, 273 MB
[runlim] sample:		3349.97 time, 3350.01 real, 273 MB
[runlim] sample:		3359.97 time, 3360.01 real, 273 MB
[runlim] sample:		3369.97 time, 3370.01 real, 273 MB
[runlim] sample:		3379.97 time, 3380.01 real, 273 MB
[runlim] sample:		3389.97 time, 3390.01 real, 273 MB
[runlim] sample:		3399.97 time, 3400.01 real, 273 MB
[runlim] sample:		3409.97 time, 3410.01 real, 273 MB
[runlim] sample:		3419.97 time, 3420.01 real, 273 MB
[runlim] sample:		3429.97 time, 3430.01 real, 273 MB
[runlim] sample:		3439.97 time, 3440.01 real, 273 MB
[runlim] sample:		3449.97 time, 3450.01 real, 273 MB
[runlim] sample:		3459.97 time, 3460.01 real, 273 MB
[runlim] sample:		3469.97 time, 3470.01 real, 273 MB
[runlim] sample:		3479.97 time, 3480.01 real, 273 MB
[runlim] sample:		3489.97 time, 3490.01 real, 273 MB
[runlim] sample:		3499.97 time, 3500.01 real, 275 MB
[runlim] sample:		3509.97 time, 3510.01 real, 276 MB
[runlim] sample:		3519.97 time, 3520.01 real, 277 MB
[runlim] sample:		3529.97 time, 3530.01 real, 277 MB
[runlim] sample:		3539.97 time, 3540.01 real, 277 MB
[runlim] sample:		3549.97 time, 3550.01 real, 277 MB
[runlim] sample:		3559.97 time, 3560.01 real, 277 MB
[runlim] sample:		3569.97 time, 3570.01 real, 277 MB
[runlim] sample:		3579.97 time, 3580.01 real, 277 MB
[runlim] sample:		3589.97 time, 3590.01 real, 277 MB
[runlim] sample:		3599.97 time, 3600.01 real, 277 MB
[runlim] sample:		3609.97 time, 3610.01 real, 277 MB
[runlim] sample:		3619.97 time, 3620.01 real, 277 MB
[runlim] sample:		3629.97 time, 3630.01 real, 277 MB
[runlim] sample:		3639.97 time, 3640.01 real, 277 MB
[runlim] sample:		3649.97 time, 3650.01 real, 277 MB
[runlim] sample:		3659.97 time, 3660.01 real, 277 MB
[runlim] sample:		3669.97 time, 3670.01 real, 277 MB
[runlim] sample:		3679.97 time, 3680.01 real, 277 MB
[runlim] sample:		3689.97 time, 3690.01 real, 277 MB
[runlim] sample:		3699.97 time, 3700.01 real, 277 MB
[runlim] sample:		3709.97 time, 3710.01 real, 278 MB
[runlim] sample:		3719.97 time, 3720.01 real, 278 MB
[runlim] sample:		3729.97 time, 3730.01 real, 278 MB
[runlim] sample:		3739.97 time, 3740.01 real, 278 MB
[runlim] sample:		3749.97 time, 3750.01 real, 278 MB
[runlim] sample:		3759.97 time, 3760.01 real, 278 MB
[runlim] sample:		3769.97 time, 3770.01 real, 278 MB
[runlim] sample:		3779.97 time, 3780.01 real, 281 MB
[runlim] sample:		3789.97 time, 3790.01 real, 281 MB
[runlim] sample:		3799.97 time, 3800.01 real, 281 MB
[runlim] sample:		3809.97 time, 3810.01 real, 281 MB
[runlim] sample:		3819.97 time, 3820.01 real, 281 MB
[runlim] sample:		3829.97 time, 3830.01 real, 281 MB
[runlim] sample:		3839.97 time, 3840.01 real, 281 MB
[runlim] sample:		3849.97 time, 3850.01 real, 281 MB
[runlim] sample:		3859.97 time, 3860.01 real, 281 MB
[runlim] sample:		3869.97 time, 3870.01 real, 281 MB
[runlim] sample:		3879.97 time, 3880.01 real, 282 MB
[runlim] sample:		3889.97 time, 3890.01 real, 282 MB
[runlim] sample:		3899.97 time, 3900.01 real, 282 MB
[runlim] sample:		3909.97 time, 3910.01 real, 282 MB
[runlim] sample:		3919.97 time, 3920.01 real, 282 MB
[runlim] sample:		3929.97 time, 3930.01 real, 282 MB
[runlim] sample:		3939.97 time, 3940.01 real, 283 MB
[runlim] sample:		3949.97 time, 3950.01 real, 283 MB
[runlim] sample:		3959.97 time, 3960.01 real, 283 MB
[runlim] sample:		3969.97 time, 3970.01 real, 283 MB
[runlim] sample:		3979.97 time, 3980.01 real, 283 MB
[runlim] sample:		3989.97 time, 3990.01 real, 283 MB
[runlim] sample:		3999.97 time, 4000.01 real, 283 MB
[runlim] sample:		4009.97 time, 4010.01 real, 283 MB
[runlim] sample:		4019.97 time, 4020.01 real, 283 MB
[runlim] sample:		4029.97 time, 4030.01 real, 283 MB
[runlim] sample:		4039.97 time, 4040.01 real, 284 MB
[runlim] sample:		4049.97 time, 4050.01 real, 285 MB
[runlim] sample:		4059.97 time, 4060.01 real, 285 MB
[runlim] sample:		4069.97 time, 4070.01 real, 285 MB
[runlim] sample:		4079.97 time, 4080.01 real, 287 MB
[runlim] sample:		4089.97 time, 4090.01 real, 288 MB
[runlim] sample:		4099.97 time, 4100.01 real, 294 MB
[runlim] sample:		4109.98 time, 4110.01 real, 297 MB
[runlim] sample:		4119.98 time, 4120.01 real, 297 MB
[runlim] sample:		4129.98 time, 4130.01 real, 297 MB
[runlim] sample:		4139.98 time, 4140.01 real, 297 MB
[runlim] sample:		4149.98 time, 4150.01 real, 297 MB
[runlim] sample:		4159.98 time, 4160.01 real, 297 MB
[runlim] sample:		4169.98 time, 4170.01 real, 297 MB
[runlim] sample:		4179.98 time, 4180.01 real, 297 MB
[runlim] sample:		4189.98 time, 4190.01 real, 297 MB
[runlim] sample:		4199.98 time, 4200.01 real, 297 MB
[runlim] sample:		4209.98 time, 4210.01 real, 297 MB
[runlim] sample:		4219.98 time, 4220.01 real, 298 MB
[runlim] sample:		4229.98 time, 4230.01 real, 298 MB
[runlim] sample:		4239.98 time, 4240.01 real, 298 MB
[runlim] sample:		4249.98 time, 4250.01 real, 298 MB
[runlim] sample:		4259.98 time, 4260.01 real, 298 MB
[runlim] sample:		4269.98 time, 4270.01 real, 298 MB
[runlim] sample:		4279.98 time, 4280.01 real, 298 MB
[runlim] sample:		4289.98 time, 4290.01 real, 298 MB
[runlim] sample:		4299.98 time, 4300.01 real, 298 MB
[runlim] sample:		4309.98 time, 4310.01 real, 298 MB
[runlim] sample:		4319.98 time, 4320.01 real, 298 MB
[runlim] sample:		4329.98 time, 4330.01 real, 298 MB
[runlim] sample:		4339.98 time, 4340.01 real, 298 MB
[runlim] sample:		4349.98 time, 4350.01 real, 298 MB
[runlim] sample:		4359.98 time, 4360.01 real, 298 MB
[runlim] sample:		4369.98 time, 4370.01 real, 298 MB
[runlim] sample:		4379.98 time, 4380.01 real, 298 MB
[runlim] sample:		4389.98 time, 4390.01 real, 298 MB
[runlim] sample:		4399.98 time, 4400.01 real, 298 MB
[runlim] sample:		4409.98 time, 4410.01 real, 298 MB
[runlim] sample:		4419.98 time, 4420.01 real, 298 MB
[runlim] sample:		4429.98 time, 4430.01 real, 298 MB
[runlim] sample:		4439.98 time, 4440.01 real, 298 MB
[runlim] sample:		4449.98 time, 4450.01 real, 298 MB
[runlim] sample:		4459.98 time, 4460.01 real, 298 MB
[runlim] sample:		4469.98 time, 4470.01 real, 298 MB
[runlim] sample:		4479.97 time, 4480.01 real, 298 MB
[runlim] sample:		4489.97 time, 4490.01 real, 298 MB
[runlim] sample:		4499.97 time, 4500.01 real, 298 MB
[runlim] sample:		4509.97 time, 4510.01 real, 298 MB
[runlim] sample:		4519.97 time, 4520.01 real, 298 MB
[runlim] sample:		4529.97 time, 4530.01 real, 298 MB
[runlim] sample:		4539.97 time, 4540.01 real, 299 MB
[runlim] sample:		4549.97 time, 4550.01 real, 299 MB
[runlim] sample:		4559.97 time, 4560.01 real, 299 MB
[runlim] sample:		4569.97 time, 4570.01 real, 299 MB
[runlim] sample:		4579.97 time, 4580.01 real, 299 MB
[runlim] sample:		4589.97 time, 4590.01 real, 299 MB
[runlim] sample:		4599.97 time, 4600.01 real, 299 MB
[runlim] sample:		4609.97 time, 4610.01 real, 299 MB
[runlim] sample:		4619.97 time, 4620.01 real, 299 MB
[runlim] sample:		4629.97 time, 4630.01 real, 299 MB
[runlim] sample:		4639.97 time, 4640.01 real, 299 MB
[runlim] sample:		4649.97 time, 4650.01 real, 299 MB
[runlim] sample:		4659.97 time, 4660.01 real, 299 MB
[runlim] sample:		4669.97 time, 4670.01 real, 300 MB
[runlim] sample:		4679.97 time, 4680.01 real, 300 MB
[runlim] sample:		4689.97 time, 4690.01 real, 300 MB
[runlim] sample:		4699.97 time, 4700.01 real, 300 MB
[runlim] sample:		4709.97 time, 4710.01 real, 300 MB
[runlim] sample:		4719.97 time, 4720.01 real, 300 MB
[runlim] sample:		4729.97 time, 4730.01 real, 300 MB
[runlim] sample:		4739.97 time, 4740.01 real, 300 MB
[runlim] sample:		4749.97 time, 4750.01 real, 300 MB
[runlim] sample:		4759.97 time, 4760.01 real, 300 MB
[runlim] sample:		4769.97 time, 4770.01 real, 300 MB
[runlim] sample:		4779.97 time, 4780.01 real, 300 MB
[runlim] sample:		4789.97 time, 4790.01 real, 300 MB
[runlim] sample:		4799.97 time, 4800.01 real, 300 MB
[runlim] sample:		4809.97 time, 4810.01 real, 300 MB
[runlim] sample:		4819.97 time, 4820.01 real, 300 MB
[runlim] sample:		4829.97 time, 4830.01 real, 300 MB
[runlim] sample:		4839.97 time, 4840.01 real, 300 MB
[runlim] sample:		4849.97 time, 4850.01 real, 300 MB
[runlim] sample:		4859.97 time, 4860.01 real, 300 MB
[runlim] sample:		4869.97 time, 4870.01 real, 301 MB
[runlim] sample:		4879.97 time, 4880.01 real, 301 MB
[runlim] sample:		4889.97 time, 4890.01 real, 301 MB
[runlim] sample:		4899.97 time, 4900.01 real, 301 MB
[runlim] sample:		4909.97 time, 4910.01 real, 302 MB
[runlim] sample:		4919.97 time, 4920.01 real, 302 MB
[runlim] sample:		4929.97 time, 4930.01 real, 302 MB
[runlim] sample:		4939.97 time, 4940.01 real, 303 MB
[runlim] sample:		4949.98 time, 4950.01 real, 305 MB
[runlim] sample:		4959.98 time, 4960.01 real, 305 MB
[runlim] sample:		4969.97 time, 4970.01 real, 305 MB
[runlim] sample:		4979.97 time, 4980.01 real, 305 MB
[runlim] sample:		4989.97 time, 4990.01 real, 305 MB
[runlim] sample:		4999.97 time, 5000.01 real, 305 MB
[runlim] sample:		5009.97 time, 5010.01 real, 305 MB
[runlim] sample:		5019.97 time, 5020.01 real, 305 MB
[runlim] sample:		5029.97 time, 5030.01 real, 305 MB
[runlim] sample:		5039.97 time, 5040.01 real, 305 MB
[runlim] sample:		5049.97 time, 5050.01 real, 305 MB
[runlim] sample:		5059.97 time, 5060.01 real, 305 MB
[runlim] sample:		5069.97 time, 5070.01 real, 308 MB
[runlim] sample:		5079.97 time, 5080.01 real, 312 MB
[runlim] sample:		5089.97 time, 5090.01 real, 314 MB
[runlim] sample:		5099.97 time, 5100.01 real, 318 MB
[runlim] sample:		5109.97 time, 5110.01 real, 322 MB
[runlim] sample:		5119.97 time, 5120.01 real, 323 MB
[runlim] sample:		5129.97 time, 5130.01 real, 324 MB
[runlim] sample:		5139.97 time, 5140.01 real, 324 MB
[runlim] sample:		5149.97 time, 5150.01 real, 324 MB
[runlim] sample:		5159.97 time, 5160.01 real, 324 MB
[runlim] sample:		5169.97 time, 5170.01 real, 324 MB
[runlim] sample:		5179.97 time, 5180.01 real, 324 MB
[runlim] sample:		5189.97 time, 5190.01 real, 324 MB
[runlim] sample:		5199.97 time, 5200.01 real, 324 MB
[runlim] sample:		5209.97 time, 5210.01 real, 324 MB
[runlim] sample:		5219.97 time, 5220.01 real, 324 MB
[runlim] sample:		5229.97 time, 5230.01 real, 324 MB
[runlim] sample:		5239.97 time, 5240.01 real, 324 MB
[runlim] sample:		5249.97 time, 5250.01 real, 324 MB
[runlim] sample:		5259.97 time, 5260.01 real, 324 MB
[runlim] sample:		5269.97 time, 5270.01 real, 324 MB
[runlim] sample:		5279.97 time, 5280.01 real, 324 MB
[runlim] sample:		5289.97 time, 5290.01 real, 324 MB
[runlim] sample:		5299.97 time, 5300.01 real, 324 MB
[runlim] sample:		5309.97 time, 5310.01 real, 324 MB
[runlim] sample:		5319.97 time, 5320.01 real, 324 MB
[runlim] sample:		5329.97 time, 5330.01 real, 324 MB
[runlim] sample:		5339.97 time, 5340.01 real, 324 MB
[runlim] sample:		5349.97 time, 5350.01 real, 324 MB
[runlim] sample:		5359.97 time, 5360.01 real, 324 MB
[runlim] sample:		5369.97 time, 5370.01 real, 324 MB
[runlim] sample:		5379.97 time, 5380.01 real, 324 MB
[runlim] sample:		5389.97 time, 5390.01 real, 324 MB
[runlim] sample:		5399.97 time, 5400.01 real, 324 MB
[runlim] sample:		5409.97 time, 5410.01 real, 324 MB
[runlim] sample:		5419.97 time, 5420.01 real, 324 MB
[runlim] sample:		5429.97 time, 5430.01 real, 324 MB
[runlim] sample:		5439.97 time, 5440.01 real, 324 MB
[runlim] sample:		5449.97 time, 5450.01 real, 324 MB
[runlim] sample:		5459.97 time, 5460.01 real, 324 MB
[runlim] sample:		5469.97 time, 5470.01 real, 324 MB
[runlim] sample:		5479.97 time, 5480.01 real, 324 MB
[runlim] sample:		5489.97 time, 5490.01 real, 324 MB
[runlim] sample:		5499.97 time, 5500.01 real, 324 MB
[runlim] sample:		5509.97 time, 5510.01 real, 324 MB
[runlim] sample:		5519.97 time, 5520.01 real, 324 MB
[runlim] sample:		5529.97 time, 5530.01 real, 324 MB
[runlim] sample:		5539.97 time, 5540.01 real, 324 MB
[runlim] sample:		5549.97 time, 5550.01 real, 324 MB
[runlim] sample:		5559.97 time, 5560.01 real, 324 MB
[runlim] sample:		5569.97 time, 5570.01 real, 324 MB
[runlim] sample:		5579.97 time, 5580.01 real, 324 MB
[runlim] sample:		5589.97 time, 5590.01 real, 324 MB
[runlim] sample:		5599.97 time, 5600.01 real, 324 MB
[runlim] sample:		5609.97 time, 5610.01 real, 324 MB
[runlim] sample:		5619.97 time, 5620.01 real, 324 MB
[runlim] sample:		5629.97 time, 5630.01 real, 324 MB
[runlim] sample:		5639.97 time, 5640.01 real, 324 MB
[runlim] sample:		5649.97 time, 5650.01 real, 324 MB
[runlim] sample:		5659.97 time, 5660.01 real, 324 MB
[runlim] sample:		5669.97 time, 5670.01 real, 324 MB
[runlim] sample:		5679.97 time, 5680.01 real, 324 MB
[runlim] sample:		5689.97 time, 5690.01 real, 324 MB
[runlim] sample:		5699.97 time, 5700.01 real, 324 MB
[runlim] sample:		5709.97 time, 5710.01 real, 324 MB
[runlim] sample:		5719.97 time, 5720.01 real, 324 MB
[runlim] sample:		5729.97 time, 5730.01 real, 324 MB
[runlim] sample:		5739.97 time, 5740.01 real, 324 MB
[runlim] sample:		5749.97 time, 5750.01 real, 324 MB
[runlim] sample:		5759.97 time, 5760.01 real, 324 MB
[runlim] sample:		5769.97 time, 5770.01 real, 324 MB
[runlim] sample:		5779.97 time, 5780.01 real, 324 MB
[runlim] sample:		5789.97 time, 5790.01 real, 324 MB
[runlim] sample:		5799.97 time, 5800.01 real, 324 MB
[runlim] sample:		5809.97 time, 5810.01 real, 324 MB
[runlim] sample:		5819.97 time, 5820.01 real, 324 MB
[runlim] sample:		5829.97 time, 5830.01 real, 324 MB
[runlim] sample:		5839.97 time, 5840.01 real, 324 MB
[runlim] sample:		5849.97 time, 5850.01 real, 324 MB
[runlim] sample:		5859.97 time, 5860.01 real, 324 MB
[runlim] sample:		5869.97 time, 5870.01 real, 324 MB
[runlim] sample:		5879.97 time, 5880.01 real, 324 MB
[runlim] sample:		5889.97 time, 5890.01 real, 324 MB
[runlim] sample:		5899.97 time, 5900.01 real, 324 MB
[runlim] sample:		5909.97 time, 5910.01 real, 324 MB
[runlim] sample:		5919.97 time, 5920.01 real, 324 MB
[runlim] sample:		5929.97 time, 5930.01 real, 324 MB
[runlim] sample:		5939.97 time, 5940.01 real, 324 MB
[runlim] sample:		5949.97 time, 5950.01 real, 324 MB
[runlim] sample:		5959.97 time, 5960.01 real, 324 MB
[runlim] sample:		5969.97 time, 5970.01 real, 324 MB
[runlim] sample:		5979.97 time, 5980.01 real, 325 MB
[runlim] sample:		5989.97 time, 5990.01 real, 325 MB
[runlim] sample:		5999.97 time, 6000.01 real, 325 MB
[runlim] sample:		6009.97 time, 6010.01 real, 325 MB
[runlim] sample:		6019.97 time, 6020.01 real, 325 MB
[runlim] sample:		6029.97 time, 6030.01 real, 325 MB
[runlim] sample:		6039.97 time, 6040.01 real, 325 MB
[runlim] sample:		6049.97 time, 6050.01 real, 325 MB
[runlim] sample:		6059.97 time, 6060.01 real, 325 MB
[runlim] sample:		6069.97 time, 6070.01 real, 325 MB
[runlim] sample:		6079.97 time, 6080.01 real, 325 MB
[runlim] sample:		6089.97 time, 6090.01 real, 325 MB
[runlim] sample:		6099.97 time, 6100.01 real, 325 MB
[runlim] sample:		6109.97 time, 6110.01 real, 325 MB
[runlim] sample:		6119.97 time, 6120.01 real, 325 MB
[runlim] sample:		6129.97 time, 6130.01 real, 325 MB
[runlim] sample:		6139.97 time, 6140.01 real, 325 MB
[runlim] sample:		6149.97 time, 6150.01 real, 325 MB
[runlim] sample:		6159.98 time, 6160.01 real, 326 MB
[runlim] sample:		6169.98 time, 6170.01 real, 326 MB
[runlim] sample:		6179.98 time, 6180.01 real, 326 MB
[runlim] sample:		6189.98 time, 6190.01 real, 326 MB
[runlim] sample:		6199.98 time, 6200.01 real, 326 MB
[runlim] sample:		6209.98 time, 6210.01 real, 326 MB
[runlim] sample:		6219.98 time, 6220.01 real, 326 MB
[runlim] sample:		6229.98 time, 6230.01 real, 326 MB
[runlim] sample:		6239.98 time, 6240.01 real, 326 MB
[runlim] sample:		6249.98 time, 6250.01 real, 326 MB
[runlim] sample:		6259.98 time, 6260.01 real, 326 MB
[runlim] sample:		6269.98 time, 6270.01 real, 326 MB
[runlim] sample:		6279.98 time, 6280.01 real, 326 MB
[runlim] sample:		6289.98 time, 6290.01 real, 326 MB
[runlim] sample:		6299.98 time, 6300.01 real, 326 MB
[runlim] sample:		6309.98 time, 6310.01 real, 326 MB
[runlim] sample:		6319.98 time, 6320.01 real, 326 MB
[runlim] sample:		6329.98 time, 6330.01 real, 326 MB
[runlim] sample:		6339.98 time, 6340.01 real, 326 MB
[runlim] sample:		6349.98 time, 6350.01 real, 326 MB
[runlim] sample:		6359.98 time, 6360.01 real, 326 MB
[runlim] sample:		6369.98 time, 6370.01 real, 326 MB
[runlim] sample:		6379.98 time, 6380.01 real, 326 MB
[runlim] sample:		6389.98 time, 6390.01 real, 326 MB
[runlim] sample:		6399.98 time, 6400.01 real, 326 MB
[runlim] sample:		6409.98 time, 6410.01 real, 326 MB
[runlim] sample:		6419.98 time, 6420.01 real, 326 MB
[runlim] sample:		6429.98 time, 6430.01 real, 326 MB
[runlim] sample:		6439.98 time, 6440.01 real, 326 MB
[runlim] sample:		6449.98 time, 6450.01 real, 326 MB
[runlim] sample:		6459.98 time, 6460.01 real, 326 MB
[runlim] sample:		6469.98 time, 6470.01 real, 326 MB
[runlim] sample:		6479.98 time, 6480.01 real, 326 MB
[runlim] sample:		6489.98 time, 6490.01 real, 326 MB
[runlim] sample:		6499.98 time, 6500.01 real, 326 MB
[runlim] sample:		6509.98 time, 6510.01 real, 326 MB
[runlim] sample:		6519.98 time, 6520.01 real, 326 MB
[runlim] sample:		6529.98 time, 6530.01 real, 326 MB
[runlim] sample:		6539.98 time, 6540.01 real, 329 MB
[runlim] sample:		6549.98 time, 6550.01 real, 329 MB
[runlim] sample:		6559.98 time, 6560.01 real, 329 MB
[runlim] sample:		6569.98 time, 6570.01 real, 330 MB
[runlim] sample:		6579.98 time, 6580.01 real, 333 MB
[runlim] sample:		6589.98 time, 6590.01 real, 334 MB
[runlim] sample:		6599.98 time, 6600.01 real, 334 MB
[runlim] sample:		6609.98 time, 6610.01 real, 334 MB
[runlim] sample:		6619.98 time, 6620.01 real, 334 MB
[runlim] sample:		6629.98 time, 6630.01 real, 334 MB
[runlim] sample:		6639.98 time, 6640.01 real, 334 MB
[runlim] sample:		6649.98 time, 6650.01 real, 334 MB
[runlim] sample:		6659.98 time, 6660.01 real, 334 MB
[runlim] sample:		6669.98 time, 6670.01 real, 334 MB
[runlim] sample:		6679.98 time, 6680.01 real, 334 MB
[runlim] sample:		6689.98 time, 6690.01 real, 334 MB
[runlim] sample:		6699.98 time, 6700.01 real, 334 MB
[runlim] sample:		6709.98 time, 6710.01 real, 334 MB
[runlim] sample:		6719.98 time, 6720.01 real, 334 MB
[runlim] sample:		6729.98 time, 6730.01 real, 335 MB
[runlim] sample:		6739.98 time, 6740.01 real, 335 MB
[runlim] sample:		6749.98 time, 6750.01 real, 335 MB
[runlim] sample:		6759.98 time, 6760.01 real, 335 MB
[runlim] sample:		6769.98 time, 6770.01 real, 335 MB
[runlim] sample:		6779.98 time, 6780.01 real, 335 MB
[runlim] sample:		6789.98 time, 6790.01 real, 335 MB
[runlim] sample:		6799.98 time, 6800.01 real, 335 MB
[runlim] sample:		6809.98 time, 6810.01 real, 335 MB
[runlim] sample:		6819.98 time, 6820.01 real, 335 MB
[runlim] sample:		6829.97 time, 6830.01 real, 335 MB
[runlim] sample:		6839.97 time, 6840.01 real, 335 MB
[runlim] sample:		6849.97 time, 6850.01 real, 335 MB
[runlim] sample:		6859.97 time, 6860.01 real, 335 MB
[runlim] sample:		6869.97 time, 6870.01 real, 336 MB
[runlim] sample:		6879.97 time, 6880.01 real, 336 MB
[runlim] sample:		6889.97 time, 6890.01 real, 337 MB
[runlim] sample:		6899.97 time, 6900.01 real, 340 MB
[runlim] sample:		6909.97 time, 6910.01 real, 348 MB
[runlim] sample:		6919.97 time, 6920.01 real, 349 MB
[runlim] sample:		6929.97 time, 6930.01 real, 349 MB
[runlim] sample:		6939.97 time, 6940.01 real, 349 MB
[runlim] sample:		6949.97 time, 6950.01 real, 349 MB
[runlim] sample:		6959.97 time, 6960.01 real, 349 MB
[runlim] sample:		6969.97 time, 6970.01 real, 349 MB
[runlim] sample:		6979.97 time, 6980.01 real, 349 MB
[runlim] sample:		6989.97 time, 6990.01 real, 349 MB
[runlim] sample:		6999.97 time, 7000.01 real, 349 MB
[runlim] sample:		7009.97 time, 7010.01 real, 349 MB
[runlim] sample:		7019.97 time, 7020.01 real, 349 MB
[runlim] sample:		7029.97 time, 7030.01 real, 349 MB
[runlim] sample:		7039.97 time, 7040.01 real, 349 MB
[runlim] sample:		7049.97 time, 7050.01 real, 349 MB
[runlim] sample:		7059.97 time, 7060.01 real, 351 MB
[runlim] end:			Thu Dec 10 18:18:09 2020
[runlim] status:		ok
[runlim] result:		0
[runlim] children:		1
[runlim] real:			7061.45 seconds
[runlim] time:			7061.37 seconds
[runlim] space:			355 MB
[runlim] samples:		70614
