[runlim] version:		1.21
[runlim] host:			c3n17
[runlim] time limit:		86400 seconds
[runlim] real time limit:	86400 seconds
[runlim] space limit:		8000 MB
[runlim] argv[0]:		concubine
[runlim] argv[1]:		solve
[runlim] argv[2]:		-v
[runlim] argv[3]:		-s
[runlim] argv[4]:		z3
[runlim] argv[5]:		-e
[runlim] argv[6]:		smtlib
[runlim] argv[7]:		-m
[runlim] argv[8]:		init.mmap
[runlim] argv[9]:		-o
[runlim] argv[10]:		z3-functional
[runlim] argv[11]:		733
[runlim] argv[12]:		count_stat.cas.0.asm
[runlim] argv[13]:		count_stat.cas.1.asm
[runlim] argv[14]:		count_stat.cas.2.asm
[runlim] argv[15]:		count_stat.cas.3.asm
[runlim] argv[16]:		count_stat.checker.asm
[runlim] start:			Tue Dec  8 13:58:20 2020
[runlim] child:			18144
[runlim] sample:		7.87 time, 10.01 real, 316 MB
[runlim] sample:		17.87 time, 20.01 real, 341 MB
[runlim] sample:		27.86 time, 30.01 real, 341 MB
[runlim] sample:		37.86 time, 40.01 real, 714 MB
[runlim] sample:		47.88 time, 50.01 real, 1183 MB
[runlim] sample:		57.87 time, 60.01 real, 1697 MB
[runlim] sample:		67.87 time, 70.01 real, 2100 MB
[runlim] sample:		77.87 time, 80.01 real, 2364 MB
[runlim] sample:		87.87 time, 90.01 real, 2599 MB
[runlim] sample:		97.87 time, 100.01 real, 3347 MB
[runlim] sample:		107.87 time, 110.01 real, 3599 MB
[runlim] sample:		117.87 time, 120.01 real, 4114 MB
[runlim] sample:		127.87 time, 130.01 real, 4362 MB
[runlim] sample:		137.87 time, 140.01 real, 4606 MB
[runlim] sample:		147.87 time, 150.01 real, 4846 MB
[runlim] sample:		157.87 time, 160.01 real, 5084 MB
[runlim] sample:		167.87 time, 170.01 real, 7711 MB
[runlim] sample:		177.87 time, 180.01 real, 6551 MB
[runlim] sample:		187.86 time, 190.01 real, 6802 MB
[runlim] sample:		197.87 time, 200.01 real, 6998 MB
[runlim] sample:		207.87 time, 210.01 real, 6687 MB
[runlim] sample:		217.87 time, 220.01 real, 7376 MB
[runlim] sample:		227.87 time, 230.01 real, 6515 MB
[runlim] sample:		237.86 time, 240.01 real, 6738 MB
[runlim] sample:		247.87 time, 250.01 real, 7180 MB
[runlim] sample:		257.86 time, 260.01 real, 7564 MB
[runlim] end:			Tue Dec  8 14:02:47 2020
[runlim] status:		out of memory
[runlim] result:		3
[runlim] children:		1
[runlim] real:			267.54 seconds
[runlim] time:			265.07 seconds
[runlim] space:			8147 MB
[runlim] samples:		2672
