[runlim] version:		1.21
[runlim] host:			c3n15
[runlim] time limit:		86400 seconds
[runlim] real time limit:	86400 seconds
[runlim] space limit:		8000 MB
[runlim] argv[0]:		concubine
[runlim] argv[1]:		solve
[runlim] argv[2]:		-v
[runlim] argv[3]:		-s
[runlim] argv[4]:		z3
[runlim] argv[5]:		-e
[runlim] argv[6]:		smtlib
[runlim] argv[7]:		-m
[runlim] argv[8]:		init.mmap
[runlim] argv[9]:		-o
[runlim] argv[10]:		z3-functional
[runlim] argv[11]:		272
[runlim] argv[12]:		count_stat.cas.0.asm
[runlim] argv[13]:		count_stat.cas.1.asm
[runlim] argv[14]:		count_stat.cas.2.asm
[runlim] argv[15]:		count_stat.checker.asm
[runlim] start:			Thu Dec 10 16:20:22 2020
[runlim] child:			27077
[runlim] sample:		4.09 time, 10.01 real, 172 MB
[runlim] sample:		14.09 time, 20.01 real, 570 MB
[runlim] sample:		24.10 time, 30.01 real, 799 MB
[runlim] sample:		34.09 time, 40.01 real, 1052 MB
[runlim] sample:		44.09 time, 50.01 real, 1060 MB
[runlim] sample:		54.09 time, 60.01 real, 1092 MB
[runlim] sample:		64.09 time, 70.01 real, 1124 MB
[runlim] sample:		74.09 time, 80.01 real, 1124 MB
[runlim] sample:		84.09 time, 90.01 real, 1124 MB
[runlim] sample:		94.09 time, 100.01 real, 1124 MB
[runlim] sample:		104.09 time, 110.01 real, 1124 MB
[runlim] sample:		114.09 time, 120.01 real, 1156 MB
[runlim] sample:		124.09 time, 130.01 real, 1156 MB
[runlim] sample:		134.09 time, 140.01 real, 1158 MB
[runlim] sample:		144.09 time, 150.01 real, 1159 MB
[runlim] sample:		154.09 time, 160.01 real, 1183 MB
[runlim] sample:		164.08 time, 170.01 real, 1183 MB
[runlim] sample:		174.08 time, 180.01 real, 1183 MB
[runlim] sample:		184.09 time, 190.01 real, 1184 MB
[runlim] sample:		194.09 time, 200.01 real, 1184 MB
[runlim] sample:		204.09 time, 210.01 real, 1294 MB
[runlim] sample:		214.09 time, 220.01 real, 1318 MB
[runlim] sample:		224.09 time, 230.01 real, 1318 MB
[runlim] sample:		234.08 time, 240.01 real, 1350 MB
[runlim] sample:		244.09 time, 250.01 real, 1382 MB
[runlim] sample:		254.09 time, 260.01 real, 1382 MB
[runlim] sample:		264.08 time, 270.01 real, 1382 MB
[runlim] sample:		274.08 time, 280.01 real, 1382 MB
[runlim] sample:		284.08 time, 290.01 real, 1414 MB
[runlim] sample:		294.08 time, 300.01 real, 1415 MB
[runlim] sample:		304.08 time, 310.01 real, 1416 MB
[runlim] sample:		314.08 time, 320.01 real, 1417 MB
[runlim] sample:		324.08 time, 330.01 real, 1454 MB
[runlim] sample:		334.09 time, 340.01 real, 1454 MB
[runlim] sample:		344.09 time, 350.01 real, 1454 MB
[runlim] sample:		354.09 time, 360.01 real, 1455 MB
[runlim] sample:		364.08 time, 370.01 real, 1455 MB
[runlim] sample:		374.09 time, 380.01 real, 1545 MB
[runlim] sample:		384.09 time, 390.01 real, 1557 MB
[runlim] sample:		394.09 time, 400.01 real, 1557 MB
[runlim] sample:		404.09 time, 410.01 real, 1589 MB
[runlim] sample:		414.08 time, 420.01 real, 1579 MB
[runlim] sample:		424.08 time, 430.01 real, 1583 MB
[runlim] sample:		434.08 time, 440.01 real, 1583 MB
[runlim] sample:		444.08 time, 450.01 real, 1583 MB
[runlim] sample:		454.09 time, 460.01 real, 1583 MB
[runlim] sample:		464.08 time, 470.01 real, 1615 MB
[runlim] sample:		474.08 time, 480.01 real, 1616 MB
[runlim] sample:		484.09 time, 490.01 real, 1618 MB
[runlim] sample:		494.08 time, 500.01 real, 1663 MB
[runlim] sample:		504.08 time, 510.01 real, 1663 MB
[runlim] sample:		514.09 time, 520.01 real, 1663 MB
[runlim] sample:		524.08 time, 530.01 real, 1663 MB
[runlim] sample:		534.08 time, 540.01 real, 1664 MB
[runlim] sample:		544.08 time, 550.01 real, 1792 MB
[runlim] sample:		554.08 time, 560.01 real, 1968 MB
[runlim] sample:		564.08 time, 570.01 real, 1713 MB
[runlim] sample:		574.09 time, 580.01 real, 1713 MB
[runlim] sample:		584.08 time, 590.01 real, 1713 MB
[runlim] sample:		594.08 time, 600.01 real, 1713 MB
[runlim] sample:		604.08 time, 610.01 real, 1673 MB
[runlim] sample:		614.08 time, 620.01 real, 1673 MB
[runlim] sample:		624.08 time, 630.01 real, 1673 MB
[runlim] sample:		634.08 time, 640.01 real, 1713 MB
[runlim] sample:		644.08 time, 650.01 real, 1713 MB
[runlim] sample:		654.09 time, 660.01 real, 1713 MB
[runlim] sample:		664.08 time, 670.01 real, 1713 MB
[runlim] sample:		674.08 time, 680.01 real, 1713 MB
[runlim] sample:		684.08 time, 690.01 real, 1713 MB
[runlim] sample:		694.08 time, 700.01 real, 1713 MB
[runlim] sample:		704.08 time, 710.01 real, 1713 MB
[runlim] sample:		714.08 time, 720.01 real, 1713 MB
[runlim] sample:		724.08 time, 730.01 real, 1713 MB
[runlim] sample:		734.08 time, 740.01 real, 1713 MB
[runlim] sample:		744.08 time, 750.01 real, 1713 MB
[runlim] sample:		754.08 time, 760.01 real, 1713 MB
[runlim] sample:		764.08 time, 770.01 real, 1713 MB
[runlim] sample:		774.08 time, 780.01 real, 1713 MB
[runlim] sample:		784.08 time, 790.01 real, 1713 MB
[runlim] sample:		794.08 time, 800.01 real, 1713 MB
[runlim] sample:		804.08 time, 810.01 real, 1713 MB
[runlim] sample:		814.08 time, 820.01 real, 1673 MB
[runlim] sample:		824.08 time, 830.01 real, 1673 MB
[runlim] sample:		834.08 time, 840.01 real, 1673 MB
[runlim] sample:		844.08 time, 850.01 real, 1673 MB
[runlim] sample:		854.08 time, 860.01 real, 1673 MB
[runlim] sample:		864.08 time, 870.01 real, 1673 MB
[runlim] sample:		874.08 time, 880.01 real, 1713 MB
[runlim] sample:		884.08 time, 890.01 real, 1713 MB
[runlim] sample:		894.08 time, 900.01 real, 1713 MB
[runlim] sample:		904.08 time, 910.01 real, 1713 MB
[runlim] sample:		914.08 time, 920.01 real, 1713 MB
[runlim] sample:		924.08 time, 930.01 real, 1713 MB
[runlim] sample:		934.08 time, 940.01 real, 1713 MB
[runlim] sample:		944.08 time, 950.01 real, 1713 MB
[runlim] sample:		954.07 time, 960.01 real, 1713 MB
[runlim] sample:		964.08 time, 970.01 real, 1713 MB
[runlim] sample:		974.08 time, 980.01 real, 1713 MB
[runlim] sample:		984.08 time, 990.01 real, 1713 MB
[runlim] sample:		994.08 time, 1000.01 real, 1713 MB
[runlim] sample:		1004.08 time, 1010.01 real, 1673 MB
[runlim] sample:		1014.07 time, 1020.01 real, 1673 MB
[runlim] sample:		1024.08 time, 1030.01 real, 1673 MB
[runlim] sample:		1034.07 time, 1040.01 real, 1673 MB
[runlim] sample:		1044.08 time, 1050.01 real, 1673 MB
[runlim] sample:		1054.08 time, 1060.01 real, 1673 MB
[runlim] sample:		1064.07 time, 1070.01 real, 1713 MB
[runlim] sample:		1074.08 time, 1080.01 real, 1713 MB
[runlim] sample:		1084.07 time, 1090.01 real, 1713 MB
[runlim] sample:		1094.07 time, 1100.01 real, 1713 MB
[runlim] sample:		1104.07 time, 1110.01 real, 1713 MB
[runlim] sample:		1114.07 time, 1120.01 real, 1713 MB
[runlim] sample:		1124.07 time, 1130.01 real, 1713 MB
[runlim] sample:		1134.08 time, 1140.01 real, 1713 MB
[runlim] sample:		1144.07 time, 1150.01 real, 1713 MB
[runlim] sample:		1154.07 time, 1160.01 real, 1673 MB
[runlim] sample:		1164.08 time, 1170.01 real, 1673 MB
[runlim] sample:		1174.08 time, 1180.01 real, 1673 MB
[runlim] sample:		1184.08 time, 1190.01 real, 1673 MB
[runlim] sample:		1194.07 time, 1200.01 real, 1673 MB
[runlim] sample:		1204.08 time, 1210.01 real, 1673 MB
[runlim] sample:		1214.08 time, 1220.01 real, 1713 MB
[runlim] sample:		1224.07 time, 1230.01 real, 1713 MB
[runlim] sample:		1234.07 time, 1240.01 real, 1713 MB
[runlim] sample:		1244.07 time, 1250.01 real, 1713 MB
[runlim] sample:		1254.07 time, 1260.01 real, 1713 MB
[runlim] sample:		1264.07 time, 1270.01 real, 1713 MB
[runlim] sample:		1274.07 time, 1280.01 real, 1713 MB
[runlim] sample:		1284.07 time, 1290.01 real, 1713 MB
[runlim] sample:		1294.07 time, 1300.01 real, 1713 MB
[runlim] sample:		1304.08 time, 1310.01 real, 1673 MB
[runlim] sample:		1314.07 time, 1320.01 real, 1673 MB
[runlim] sample:		1324.07 time, 1330.01 real, 1673 MB
[runlim] sample:		1334.07 time, 1340.01 real, 1673 MB
[runlim] sample:		1344.07 time, 1350.01 real, 1673 MB
[runlim] sample:		1354.07 time, 1360.01 real, 1673 MB
[runlim] sample:		1364.08 time, 1370.01 real, 1673 MB
[runlim] sample:		1374.07 time, 1380.01 real, 1673 MB
[runlim] sample:		1384.07 time, 1390.01 real, 1673 MB
[runlim] sample:		1394.07 time, 1400.01 real, 1673 MB
[runlim] sample:		1404.08 time, 1410.01 real, 1673 MB
[runlim] sample:		1414.07 time, 1420.01 real, 1673 MB
[runlim] sample:		1424.07 time, 1430.01 real, 1713 MB
[runlim] sample:		1434.07 time, 1440.01 real, 1713 MB
[runlim] sample:		1444.07 time, 1450.01 real, 1713 MB
[runlim] sample:		1454.07 time, 1460.01 real, 1713 MB
[runlim] sample:		1464.07 time, 1470.01 real, 1713 MB
[runlim] sample:		1474.07 time, 1480.01 real, 1713 MB
[runlim] sample:		1484.07 time, 1490.01 real, 1713 MB
[runlim] sample:		1494.07 time, 1500.01 real, 1713 MB
[runlim] sample:		1504.07 time, 1510.01 real, 1713 MB
[runlim] sample:		1514.07 time, 1520.01 real, 1713 MB
[runlim] sample:		1524.07 time, 1530.01 real, 1713 MB
[runlim] sample:		1534.07 time, 1540.01 real, 1713 MB
[runlim] sample:		1544.07 time, 1550.01 real, 1713 MB
[runlim] sample:		1554.07 time, 1560.01 real, 1713 MB
[runlim] sample:		1564.07 time, 1570.01 real, 1713 MB
[runlim] sample:		1574.07 time, 1580.01 real, 1713 MB
[runlim] sample:		1584.07 time, 1590.01 real, 1673 MB
[runlim] sample:		1594.07 time, 1600.01 real, 1673 MB
[runlim] sample:		1604.07 time, 1610.01 real, 1673 MB
[runlim] sample:		1614.07 time, 1620.01 real, 1673 MB
[runlim] sample:		1624.07 time, 1630.01 real, 1673 MB
[runlim] sample:		1634.07 time, 1640.01 real, 1673 MB
[runlim] sample:		1644.07 time, 1650.01 real, 1673 MB
[runlim] sample:		1654.07 time, 1660.01 real, 1673 MB
[runlim] sample:		1664.07 time, 1670.01 real, 1673 MB
[runlim] sample:		1674.07 time, 1680.01 real, 1713 MB
[runlim] sample:		1684.07 time, 1690.01 real, 1713 MB
[runlim] sample:		1694.07 time, 1700.01 real, 1713 MB
[runlim] sample:		1704.07 time, 1710.01 real, 1713 MB
[runlim] sample:		1714.07 time, 1720.01 real, 1713 MB
[runlim] sample:		1724.07 time, 1730.01 real, 1713 MB
[runlim] sample:		1734.07 time, 1740.01 real, 1713 MB
[runlim] sample:		1744.07 time, 1750.01 real, 1713 MB
[runlim] sample:		1754.07 time, 1760.01 real, 1713 MB
[runlim] sample:		1764.07 time, 1770.01 real, 1713 MB
[runlim] sample:		1774.07 time, 1780.01 real, 1713 MB
[runlim] sample:		1784.06 time, 1790.01 real, 1713 MB
[runlim] sample:		1794.07 time, 1800.01 real, 1713 MB
[runlim] sample:		1804.07 time, 1810.01 real, 1713 MB
[runlim] sample:		1814.06 time, 1820.01 real, 1673 MB
[runlim] sample:		1824.06 time, 1830.01 real, 1673 MB
[runlim] sample:		1834.07 time, 1840.01 real, 1673 MB
[runlim] sample:		1844.07 time, 1850.01 real, 1673 MB
[runlim] sample:		1854.07 time, 1860.01 real, 1673 MB
[runlim] sample:		1864.07 time, 1870.01 real, 1673 MB
[runlim] sample:		1874.07 time, 1880.01 real, 1673 MB
[runlim] sample:		1884.07 time, 1890.01 real, 1713 MB
[runlim] sample:		1894.07 time, 1900.01 real, 1713 MB
[runlim] sample:		1904.07 time, 1910.01 real, 1713 MB
[runlim] sample:		1914.07 time, 1920.01 real, 1713 MB
[runlim] sample:		1924.07 time, 1930.01 real, 1713 MB
[runlim] sample:		1934.07 time, 1940.01 real, 1713 MB
[runlim] sample:		1944.06 time, 1950.01 real, 1713 MB
[runlim] sample:		1954.07 time, 1960.01 real, 1713 MB
[runlim] sample:		1964.07 time, 1970.01 real, 1713 MB
[runlim] sample:		1974.06 time, 1980.01 real, 1713 MB
[runlim] sample:		1984.07 time, 1990.01 real, 1713 MB
[runlim] sample:		1994.07 time, 2000.01 real, 1713 MB
[runlim] sample:		2004.06 time, 2010.01 real, 1713 MB
[runlim] sample:		2014.07 time, 2020.01 real, 1713 MB
[runlim] sample:		2024.07 time, 2030.01 real, 1713 MB
[runlim] sample:		2034.06 time, 2040.01 real, 1713 MB
[runlim] sample:		2044.07 time, 2050.01 real, 1713 MB
[runlim] sample:		2054.07 time, 2060.01 real, 1673 MB
[runlim] sample:		2064.07 time, 2070.01 real, 1673 MB
[runlim] sample:		2074.06 time, 2080.01 real, 1673 MB
[runlim] sample:		2084.06 time, 2090.01 real, 1673 MB
[runlim] sample:		2094.06 time, 2100.01 real, 1673 MB
[runlim] sample:		2104.07 time, 2110.01 real, 1673 MB
[runlim] sample:		2114.07 time, 2120.01 real, 1673 MB
[runlim] sample:		2124.06 time, 2130.01 real, 1673 MB
[runlim] sample:		2134.06 time, 2140.01 real, 1673 MB
[runlim] sample:		2144.07 time, 2150.01 real, 1673 MB
[runlim] sample:		2154.07 time, 2160.01 real, 1673 MB
[runlim] sample:		2164.06 time, 2170.01 real, 1673 MB
[runlim] sample:		2174.07 time, 2180.01 real, 1753 MB
[runlim] sample:		2184.07 time, 2190.01 real, 1753 MB
[runlim] sample:		2194.06 time, 2200.01 real, 1753 MB
[runlim] sample:		2204.06 time, 2210.01 real, 1753 MB
[runlim] sample:		2214.06 time, 2220.01 real, 1713 MB
[runlim] sample:		2224.06 time, 2230.01 real, 1713 MB
[runlim] sample:		2234.06 time, 2240.01 real, 1713 MB
[runlim] sample:		2244.06 time, 2250.01 real, 1713 MB
[runlim] sample:		2254.06 time, 2260.01 real, 1713 MB
[runlim] sample:		2264.06 time, 2270.01 real, 1713 MB
[runlim] sample:		2274.06 time, 2280.01 real, 1713 MB
[runlim] sample:		2284.07 time, 2290.01 real, 1713 MB
[runlim] sample:		2294.06 time, 2300.01 real, 1713 MB
[runlim] sample:		2304.07 time, 2310.01 real, 1696 MB
[runlim] sample:		2314.06 time, 2320.01 real, 1673 MB
[runlim] sample:		2324.07 time, 2330.01 real, 1673 MB
[runlim] sample:		2334.06 time, 2340.01 real, 1673 MB
[runlim] sample:		2344.06 time, 2350.01 real, 1673 MB
[runlim] sample:		2354.06 time, 2360.01 real, 1673 MB
[runlim] sample:		2364.06 time, 2370.01 real, 1673 MB
[runlim] sample:		2374.06 time, 2380.01 real, 1673 MB
[runlim] sample:		2384.06 time, 2390.01 real, 1673 MB
[runlim] sample:		2394.06 time, 2400.01 real, 1753 MB
[runlim] sample:		2404.06 time, 2410.01 real, 1753 MB
[runlim] sample:		2414.06 time, 2420.01 real, 1753 MB
[runlim] sample:		2424.06 time, 2430.01 real, 1713 MB
[runlim] sample:		2434.06 time, 2440.01 real, 1713 MB
[runlim] sample:		2444.06 time, 2450.01 real, 1713 MB
[runlim] sample:		2454.06 time, 2460.01 real, 1713 MB
[runlim] sample:		2464.06 time, 2470.01 real, 1713 MB
[runlim] sample:		2474.06 time, 2480.01 real, 1713 MB
[runlim] sample:		2484.06 time, 2490.01 real, 1713 MB
[runlim] sample:		2494.06 time, 2500.01 real, 1713 MB
[runlim] sample:		2504.06 time, 2510.01 real, 1673 MB
[runlim] sample:		2514.06 time, 2520.01 real, 1673 MB
[runlim] sample:		2524.05 time, 2530.01 real, 1673 MB
[runlim] sample:		2534.06 time, 2540.01 real, 1673 MB
[runlim] sample:		2544.06 time, 2550.01 real, 1673 MB
[runlim] sample:		2554.06 time, 2560.01 real, 1673 MB
[runlim] sample:		2564.06 time, 2570.01 real, 1673 MB
[runlim] sample:		2574.06 time, 2580.01 real, 1673 MB
[runlim] sample:		2584.06 time, 2590.01 real, 1673 MB
[runlim] sample:		2594.05 time, 2600.01 real, 1673 MB
[runlim] sample:		2604.05 time, 2610.01 real, 1673 MB
[runlim] sample:		2614.06 time, 2620.01 real, 1673 MB
[runlim] sample:		2624.05 time, 2630.01 real, 1673 MB
[runlim] sample:		2634.06 time, 2640.01 real, 1673 MB
[runlim] sample:		2644.06 time, 2650.01 real, 1673 MB
[runlim] sample:		2654.06 time, 2660.01 real, 1673 MB
[runlim] sample:		2664.06 time, 2670.01 real, 1673 MB
[runlim] sample:		2674.06 time, 2680.01 real, 1673 MB
[runlim] sample:		2684.06 time, 2690.01 real, 1673 MB
[runlim] sample:		2694.05 time, 2700.01 real, 1673 MB
[runlim] sample:		2704.06 time, 2710.01 real, 1673 MB
[runlim] sample:		2714.05 time, 2720.01 real, 1673 MB
[runlim] sample:		2724.06 time, 2730.01 real, 1673 MB
[runlim] sample:		2734.06 time, 2740.01 real, 1673 MB
[runlim] sample:		2744.05 time, 2750.01 real, 1673 MB
[runlim] sample:		2754.05 time, 2760.01 real, 1673 MB
[runlim] sample:		2764.05 time, 2770.01 real, 1673 MB
[runlim] sample:		2774.06 time, 2780.01 real, 1673 MB
[runlim] sample:		2784.06 time, 2790.01 real, 1673 MB
[runlim] sample:		2794.06 time, 2800.01 real, 1673 MB
[runlim] sample:		2804.05 time, 2810.01 real, 1713 MB
[runlim] sample:		2814.05 time, 2820.01 real, 1713 MB
[runlim] sample:		2824.06 time, 2830.01 real, 1713 MB
[runlim] sample:		2834.05 time, 2840.01 real, 1713 MB
[runlim] sample:		2844.06 time, 2850.01 real, 1713 MB
[runlim] sample:		2854.06 time, 2860.01 real, 1713 MB
[runlim] sample:		2864.05 time, 2870.01 real, 1713 MB
[runlim] sample:		2874.06 time, 2880.01 real, 1713 MB
[runlim] sample:		2884.05 time, 2890.01 real, 1713 MB
[runlim] sample:		2894.06 time, 2900.01 real, 1753 MB
[runlim] sample:		2904.06 time, 2910.01 real, 1753 MB
[runlim] sample:		2914.06 time, 2920.01 real, 1673 MB
[runlim] sample:		2924.05 time, 2930.01 real, 1673 MB
[runlim] sample:		2934.05 time, 2940.01 real, 1673 MB
[runlim] sample:		2944.05 time, 2950.01 real, 1673 MB
[runlim] sample:		2954.05 time, 2960.01 real, 1673 MB
[runlim] sample:		2964.05 time, 2970.01 real, 1713 MB
[runlim] sample:		2974.05 time, 2980.01 real, 1713 MB
[runlim] sample:		2984.06 time, 2990.01 real, 1713 MB
[runlim] sample:		2994.06 time, 3000.01 real, 1713 MB
[runlim] sample:		3004.06 time, 3010.01 real, 1713 MB
[runlim] sample:		3014.05 time, 3020.01 real, 1753 MB
[runlim] sample:		3024.05 time, 3030.01 real, 1673 MB
[runlim] sample:		3034.06 time, 3040.01 real, 1673 MB
[runlim] sample:		3044.05 time, 3050.01 real, 1673 MB
[runlim] sample:		3054.05 time, 3060.01 real, 1713 MB
[runlim] sample:		3064.05 time, 3070.01 real, 1713 MB
[runlim] sample:		3074.05 time, 3080.01 real, 1713 MB
[runlim] sample:		3084.05 time, 3090.01 real, 1713 MB
[runlim] sample:		3094.05 time, 3100.01 real, 1713 MB
[runlim] sample:		3104.06 time, 3110.01 real, 1753 MB
[runlim] sample:		3114.06 time, 3120.01 real, 1673 MB
[runlim] sample:		3124.05 time, 3130.01 real, 1673 MB
[runlim] sample:		3134.06 time, 3140.01 real, 1673 MB
[runlim] sample:		3144.05 time, 3150.01 real, 1673 MB
[runlim] sample:		3154.05 time, 3160.01 real, 1673 MB
[runlim] sample:		3164.05 time, 3170.01 real, 1713 MB
[runlim] sample:		3174.05 time, 3180.01 real, 1713 MB
[runlim] sample:		3184.05 time, 3190.01 real, 1713 MB
[runlim] sample:		3194.05 time, 3200.01 real, 1713 MB
[runlim] sample:		3204.05 time, 3210.01 real, 1793 MB
[runlim] sample:		3214.05 time, 3220.01 real, 1753 MB
[runlim] sample:		3224.05 time, 3230.01 real, 1673 MB
[runlim] sample:		3234.05 time, 3240.01 real, 1673 MB
[runlim] sample:		3244.05 time, 3250.01 real, 1673 MB
[runlim] sample:		3254.05 time, 3260.01 real, 1673 MB
[runlim] sample:		3264.05 time, 3270.01 real, 1673 MB
[runlim] sample:		3274.05 time, 3280.01 real, 1673 MB
[runlim] sample:		3284.05 time, 3290.01 real, 1713 MB
[runlim] sample:		3294.05 time, 3300.01 real, 1713 MB
[runlim] sample:		3304.05 time, 3310.01 real, 1713 MB
[runlim] sample:		3314.05 time, 3320.01 real, 1713 MB
[runlim] sample:		3324.05 time, 3330.01 real, 1713 MB
[runlim] sample:		3334.05 time, 3340.01 real, 1713 MB
[runlim] sample:		3344.05 time, 3350.01 real, 1713 MB
[runlim] sample:		3354.05 time, 3360.01 real, 1713 MB
[runlim] sample:		3364.05 time, 3370.01 real, 1713 MB
[runlim] sample:		3374.05 time, 3380.01 real, 1753 MB
[runlim] sample:		3384.04 time, 3390.01 real, 1753 MB
[runlim] sample:		3394.05 time, 3400.01 real, 1673 MB
[runlim] sample:		3404.04 time, 3410.01 real, 1673 MB
[runlim] sample:		3414.05 time, 3420.01 real, 1673 MB
[runlim] sample:		3424.04 time, 3430.01 real, 1673 MB
[runlim] sample:		3434.04 time, 3440.01 real, 1713 MB
[runlim] sample:		3444.04 time, 3450.01 real, 1713 MB
[runlim] sample:		3454.05 time, 3460.01 real, 1713 MB
[runlim] sample:		3464.05 time, 3470.01 real, 1713 MB
[runlim] sample:		3474.04 time, 3480.01 real, 1713 MB
[runlim] sample:		3484.05 time, 3490.01 real, 1713 MB
[runlim] sample:		3494.05 time, 3500.01 real, 1713 MB
[runlim] sample:		3504.04 time, 3510.01 real, 1713 MB
[runlim] sample:		3514.05 time, 3520.01 real, 1713 MB
[runlim] sample:		3524.04 time, 3530.01 real, 1753 MB
[runlim] sample:		3534.04 time, 3540.01 real, 1753 MB
[runlim] sample:		3544.04 time, 3550.01 real, 1673 MB
[runlim] sample:		3554.05 time, 3560.01 real, 1673 MB
[runlim] sample:		3564.05 time, 3570.01 real, 1673 MB
[runlim] sample:		3574.05 time, 3580.01 real, 1673 MB
[runlim] sample:		3584.05 time, 3590.01 real, 1673 MB
[runlim] sample:		3594.05 time, 3600.01 real, 1673 MB
[runlim] sample:		3604.04 time, 3610.01 real, 1713 MB
[runlim] sample:		3614.05 time, 3620.01 real, 1713 MB
[runlim] sample:		3624.04 time, 3630.01 real, 1713 MB
[runlim] sample:		3634.05 time, 3640.01 real, 1713 MB
[runlim] sample:		3644.05 time, 3650.01 real, 1713 MB
[runlim] sample:		3654.05 time, 3660.01 real, 1713 MB
[runlim] sample:		3664.05 time, 3670.01 real, 1713 MB
[runlim] sample:		3674.04 time, 3680.01 real, 1753 MB
[runlim] sample:		3684.04 time, 3690.01 real, 1753 MB
[runlim] sample:		3694.05 time, 3700.01 real, 1673 MB
[runlim] sample:		3704.04 time, 3710.01 real, 1673 MB
[runlim] sample:		3714.05 time, 3720.01 real, 1673 MB
[runlim] sample:		3724.05 time, 3730.01 real, 1673 MB
[runlim] sample:		3734.05 time, 3740.01 real, 1713 MB
[runlim] sample:		3744.04 time, 3750.01 real, 1713 MB
[runlim] sample:		3754.04 time, 3760.01 real, 1713 MB
[runlim] sample:		3764.04 time, 3770.01 real, 1713 MB
[runlim] sample:		3774.04 time, 3780.01 real, 1713 MB
[runlim] sample:		3784.05 time, 3790.01 real, 1715 MB
[runlim] sample:		3794.04 time, 3800.01 real, 1753 MB
[runlim] sample:		3804.04 time, 3810.01 real, 1753 MB
[runlim] sample:		3814.04 time, 3820.01 real, 1673 MB
[runlim] sample:		3824.04 time, 3830.01 real, 1673 MB
[runlim] sample:		3834.04 time, 3840.01 real, 1673 MB
[runlim] sample:		3844.04 time, 3850.01 real, 1673 MB
[runlim] sample:		3854.05 time, 3860.01 real, 1713 MB
[runlim] sample:		3864.04 time, 3870.01 real, 1713 MB
[runlim] sample:		3874.05 time, 3880.01 real, 1713 MB
[runlim] sample:		3884.04 time, 3890.01 real, 1713 MB
[runlim] sample:		3894.04 time, 3900.01 real, 1713 MB
[runlim] sample:		3904.04 time, 3910.01 real, 1713 MB
[runlim] sample:		3914.04 time, 3920.01 real, 1793 MB
[runlim] sample:		3924.05 time, 3930.01 real, 1753 MB
[runlim] sample:		3934.04 time, 3940.01 real, 1673 MB
[runlim] sample:		3944.04 time, 3950.01 real, 1673 MB
[runlim] sample:		3954.04 time, 3960.01 real, 1673 MB
[runlim] sample:		3964.04 time, 3970.01 real, 1673 MB
[runlim] sample:		3974.04 time, 3980.01 real, 1713 MB
[runlim] sample:		3984.04 time, 3990.01 real, 1713 MB
[runlim] sample:		3994.04 time, 4000.01 real, 1713 MB
[runlim] sample:		4004.04 time, 4010.01 real, 1713 MB
[runlim] sample:		4014.04 time, 4020.01 real, 1713 MB
[runlim] sample:		4024.04 time, 4030.01 real, 1713 MB
[runlim] sample:		4034.04 time, 4040.01 real, 1753 MB
[runlim] sample:		4044.04 time, 4050.01 real, 1673 MB
[runlim] sample:		4054.04 time, 4060.01 real, 1673 MB
[runlim] sample:		4064.04 time, 4070.01 real, 1673 MB
[runlim] sample:		4074.04 time, 4080.01 real, 1713 MB
[runlim] sample:		4084.04 time, 4090.01 real, 1713 MB
[runlim] sample:		4094.04 time, 4100.01 real, 1713 MB
[runlim] sample:		4104.04 time, 4110.01 real, 1713 MB
[runlim] sample:		4114.04 time, 4120.01 real, 1753 MB
[runlim] sample:		4124.04 time, 4130.01 real, 1673 MB
[runlim] sample:		4134.04 time, 4140.01 real, 1673 MB
[runlim] sample:		4144.03 time, 4150.01 real, 1713 MB
[runlim] sample:		4154.04 time, 4160.01 real, 1713 MB
[runlim] sample:		4164.04 time, 4170.01 real, 1713 MB
[runlim] sample:		4174.03 time, 4180.01 real, 1713 MB
[runlim] sample:		4184.04 time, 4190.01 real, 1673 MB
[runlim] sample:		4194.04 time, 4200.01 real, 1673 MB
[runlim] sample:		4204.04 time, 4210.01 real, 1673 MB
[runlim] sample:		4214.04 time, 4220.01 real, 1713 MB
[runlim] sample:		4224.04 time, 4230.01 real, 1713 MB
[runlim] sample:		4234.03 time, 4240.01 real, 1713 MB
[runlim] sample:		4244.03 time, 4250.01 real, 1753 MB
[runlim] sample:		4254.04 time, 4260.01 real, 1673 MB
[runlim] sample:		4264.04 time, 4270.01 real, 1673 MB
[runlim] sample:		4274.04 time, 4280.01 real, 1673 MB
[runlim] sample:		4284.03 time, 4290.01 real, 1713 MB
[runlim] sample:		4294.03 time, 4300.01 real, 1713 MB
[runlim] sample:		4304.03 time, 4310.01 real, 1713 MB
[runlim] sample:		4314.04 time, 4320.01 real, 1713 MB
[runlim] sample:		4324.04 time, 4330.01 real, 1753 MB
[runlim] sample:		4334.04 time, 4340.01 real, 1673 MB
[runlim] sample:		4344.04 time, 4350.01 real, 1673 MB
[runlim] sample:		4354.04 time, 4360.01 real, 1673 MB
[runlim] sample:		4364.04 time, 4370.01 real, 1713 MB
[runlim] sample:		4374.04 time, 4380.01 real, 1713 MB
[runlim] sample:		4384.04 time, 4390.01 real, 1713 MB
[runlim] sample:		4394.04 time, 4400.01 real, 1713 MB
[runlim] sample:		4404.04 time, 4410.01 real, 1753 MB
[runlim] sample:		4414.03 time, 4420.01 real, 1673 MB
[runlim] sample:		4424.03 time, 4430.01 real, 1673 MB
[runlim] sample:		4434.03 time, 4440.01 real, 1673 MB
[runlim] sample:		4444.04 time, 4450.01 real, 1713 MB
[runlim] sample:		4454.03 time, 4460.01 real, 1713 MB
[runlim] sample:		4464.03 time, 4470.01 real, 1713 MB
[runlim] sample:		4474.03 time, 4480.01 real, 1713 MB
[runlim] sample:		4484.03 time, 4490.01 real, 1753 MB
[runlim] sample:		4494.04 time, 4500.01 real, 1673 MB
[runlim] sample:		4504.03 time, 4510.01 real, 1673 MB
[runlim] sample:		4514.03 time, 4520.01 real, 1713 MB
[runlim] sample:		4524.03 time, 4530.01 real, 1713 MB
[runlim] sample:		4534.03 time, 4540.01 real, 1713 MB
[runlim] sample:		4544.04 time, 4550.01 real, 1713 MB
[runlim] sample:		4554.03 time, 4560.01 real, 1753 MB
[runlim] sample:		4564.03 time, 4570.01 real, 1673 MB
[runlim] sample:		4574.03 time, 4580.01 real, 1673 MB
[runlim] sample:		4584.03 time, 4590.01 real, 1713 MB
[runlim] sample:		4594.03 time, 4600.01 real, 1713 MB
[runlim] sample:		4604.03 time, 4610.01 real, 1713 MB
[runlim] sample:		4614.03 time, 4620.01 real, 1753 MB
[runlim] sample:		4624.03 time, 4630.01 real, 1673 MB
[runlim] sample:		4634.03 time, 4640.01 real, 1673 MB
[runlim] sample:		4644.03 time, 4650.01 real, 1713 MB
[runlim] sample:		4654.03 time, 4660.01 real, 1713 MB
[runlim] sample:		4664.03 time, 4670.01 real, 1713 MB
[runlim] sample:		4674.03 time, 4680.01 real, 1793 MB
[runlim] sample:		4684.04 time, 4690.01 real, 1673 MB
[runlim] sample:		4694.03 time, 4700.01 real, 1673 MB
[runlim] sample:		4704.03 time, 4710.01 real, 1713 MB
[runlim] sample:		4714.03 time, 4720.01 real, 1713 MB
[runlim] sample:		4724.03 time, 4730.01 real, 1713 MB
[runlim] sample:		4734.03 time, 4740.01 real, 1713 MB
[runlim] sample:		4744.03 time, 4750.01 real, 1673 MB
[runlim] sample:		4754.03 time, 4760.01 real, 1673 MB
[runlim] sample:		4764.03 time, 4770.01 real, 1713 MB
[runlim] sample:		4774.03 time, 4780.01 real, 1713 MB
[runlim] sample:		4784.03 time, 4790.01 real, 1713 MB
[runlim] sample:		4794.03 time, 4800.01 real, 1753 MB
[runlim] sample:		4804.03 time, 4810.01 real, 1673 MB
[runlim] sample:		4814.03 time, 4820.01 real, 1673 MB
[runlim] sample:		4824.03 time, 4830.01 real, 1713 MB
[runlim] sample:		4834.03 time, 4840.01 real, 1713 MB
[runlim] sample:		4844.03 time, 4850.01 real, 1713 MB
[runlim] sample:		4854.03 time, 4860.01 real, 1713 MB
[runlim] sample:		4864.02 time, 4870.01 real, 1753 MB
[runlim] sample:		4874.03 time, 4880.01 real, 1673 MB
[runlim] sample:		4884.02 time, 4890.01 real, 1673 MB
[runlim] sample:		4894.02 time, 4900.01 real, 1713 MB
[runlim] sample:		4904.03 time, 4910.01 real, 1713 MB
[runlim] sample:		4914.03 time, 4920.01 real, 1753 MB
[runlim] sample:		4924.02 time, 4930.01 real, 1673 MB
[runlim] sample:		4934.03 time, 4940.01 real, 1673 MB
[runlim] sample:		4944.03 time, 4950.01 real, 1713 MB
[runlim] sample:		4954.03 time, 4960.01 real, 1713 MB
[runlim] sample:		4964.03 time, 4970.01 real, 1793 MB
[runlim] sample:		4974.03 time, 4980.01 real, 1673 MB
[runlim] sample:		4984.03 time, 4990.01 real, 1673 MB
[runlim] sample:		4994.03 time, 5000.01 real, 1713 MB
[runlim] sample:		5004.03 time, 5010.01 real, 1713 MB
[runlim] sample:		5014.03 time, 5020.01 real, 1793 MB
[runlim] sample:		5024.03 time, 5030.01 real, 1673 MB
[runlim] sample:		5034.03 time, 5040.01 real, 1673 MB
[runlim] sample:		5044.02 time, 5050.01 real, 1713 MB
[runlim] sample:		5054.02 time, 5060.01 real, 1713 MB
[runlim] sample:		5064.02 time, 5070.01 real, 1753 MB
[runlim] sample:		5074.02 time, 5080.01 real, 1673 MB
[runlim] sample:		5084.03 time, 5090.01 real, 1713 MB
[runlim] sample:		5094.02 time, 5100.01 real, 1713 MB
[runlim] sample:		5104.02 time, 5110.01 real, 1713 MB
[runlim] sample:		5114.03 time, 5120.01 real, 1673 MB
[runlim] sample:		5124.02 time, 5130.01 real, 1673 MB
[runlim] sample:		5134.02 time, 5140.01 real, 1713 MB
[runlim] sample:		5144.03 time, 5150.01 real, 1713 MB
[runlim] sample:		5154.03 time, 5160.01 real, 1753 MB
[runlim] sample:		5164.02 time, 5170.01 real, 1673 MB
[runlim] sample:		5174.03 time, 5180.01 real, 1713 MB
[runlim] sample:		5184.02 time, 5190.01 real, 1713 MB
[runlim] sample:		5194.03 time, 5200.01 real, 1753 MB
[runlim] sample:		5204.02 time, 5210.01 real, 1673 MB
[runlim] sample:		5214.02 time, 5220.01 real, 1713 MB
[runlim] sample:		5224.02 time, 5230.01 real, 1713 MB
[runlim] sample:		5234.03 time, 5240.01 real, 1753 MB
[runlim] sample:		5244.03 time, 5250.01 real, 1673 MB
[runlim] sample:		5254.02 time, 5260.01 real, 1713 MB
[runlim] sample:		5264.03 time, 5270.01 real, 1713 MB
[runlim] sample:		5274.02 time, 5280.01 real, 1673 MB
[runlim] sample:		5284.02 time, 5290.01 real, 1713 MB
[runlim] sample:		5294.02 time, 5300.01 real, 1713 MB
[runlim] sample:		5304.02 time, 5310.01 real, 1753 MB
[runlim] sample:		5314.03 time, 5320.01 real, 1673 MB
[runlim] sample:		5324.02 time, 5330.01 real, 1713 MB
[runlim] sample:		5334.02 time, 5340.01 real, 1713 MB
[runlim] sample:		5344.02 time, 5350.01 real, 1673 MB
[runlim] sample:		5354.02 time, 5360.01 real, 1713 MB
[runlim] sample:		5364.02 time, 5370.01 real, 1713 MB
[runlim] sample:		5374.02 time, 5380.01 real, 1673 MB
[runlim] sample:		5384.02 time, 5390.01 real, 1713 MB
[runlim] sample:		5394.02 time, 5400.01 real, 1713 MB
[runlim] sample:		5404.02 time, 5410.01 real, 1673 MB
[runlim] sample:		5414.02 time, 5420.01 real, 1713 MB
[runlim] sample:		5424.03 time, 5430.01 real, 1713 MB
[runlim] sample:		5434.03 time, 5440.01 real, 1673 MB
[runlim] sample:		5444.02 time, 5450.01 real, 1713 MB
[runlim] sample:		5454.02 time, 5460.01 real, 1753 MB
[runlim] sample:		5464.02 time, 5470.01 real, 1673 MB
[runlim] sample:		5474.02 time, 5480.01 real, 1713 MB
[runlim] sample:		5484.02 time, 5490.01 real, 1753 MB
[runlim] sample:		5494.02 time, 5500.01 real, 1683 MB
[runlim] sample:		5504.02 time, 5510.01 real, 1713 MB
[runlim] sample:		5514.02 time, 5520.01 real, 1673 MB
[runlim] sample:		5524.02 time, 5530.01 real, 1713 MB
[runlim] sample:		5534.02 time, 5540.01 real, 1713 MB
[runlim] sample:		5544.02 time, 5550.01 real, 1673 MB
[runlim] sample:		5554.02 time, 5560.01 real, 1713 MB
[runlim] sample:		5564.02 time, 5570.01 real, 1713 MB
[runlim] sample:		5574.02 time, 5580.01 real, 1673 MB
[runlim] sample:		5584.01 time, 5590.01 real, 1713 MB
[runlim] sample:		5594.01 time, 5600.01 real, 1753 MB
[runlim] sample:		5604.01 time, 5610.01 real, 1713 MB
[runlim] sample:		5614.02 time, 5620.01 real, 1713 MB
[runlim] sample:		5624.02 time, 5630.01 real, 1673 MB
[runlim] sample:		5634.02 time, 5640.01 real, 1713 MB
[runlim] sample:		5644.02 time, 5650.01 real, 1673 MB
[runlim] sample:		5654.01 time, 5660.01 real, 1713 MB
[runlim] sample:		5664.02 time, 5670.01 real, 1753 MB
[runlim] sample:		5674.02 time, 5680.01 real, 1713 MB
[runlim] sample:		5684.02 time, 5690.01 real, 1793 MB
[runlim] sample:		5694.02 time, 5700.01 real, 1713 MB
[runlim] sample:		5704.02 time, 5710.01 real, 1713 MB
[runlim] sample:		5714.02 time, 5720.01 real, 1713 MB
[runlim] sample:		5724.01 time, 5730.01 real, 1793 MB
[runlim] sample:		5734.02 time, 5740.01 real, 1713 MB
[runlim] sample:		5744.01 time, 5750.01 real, 1783 MB
[runlim] sample:		5754.01 time, 5760.01 real, 1713 MB
[runlim] sample:		5764.01 time, 5770.01 real, 1713 MB
[runlim] sample:		5774.01 time, 5780.01 real, 1713 MB
[runlim] sample:		5784.02 time, 5790.01 real, 1673 MB
[runlim] sample:		5794.02 time, 5800.01 real, 1713 MB
[runlim] sample:		5804.01 time, 5810.01 real, 1673 MB
[runlim] sample:		5814.01 time, 5820.01 real, 1713 MB
[runlim] sample:		5824.02 time, 5830.01 real, 1673 MB
[runlim] sample:		5834.02 time, 5840.01 real, 1713 MB
[runlim] sample:		5844.02 time, 5850.01 real, 1673 MB
[runlim] sample:		5854.02 time, 5860.01 real, 1713 MB
[runlim] sample:		5864.01 time, 5870.01 real, 1673 MB
[runlim] sample:		5874.02 time, 5880.01 real, 1713 MB
[runlim] sample:		5884.01 time, 5890.01 real, 1713 MB
[runlim] sample:		5894.02 time, 5900.01 real, 1713 MB
[runlim] sample:		5904.02 time, 5910.01 real, 1713 MB
[runlim] sample:		5914.01 time, 5920.01 real, 1673 MB
[runlim] sample:		5924.01 time, 5930.01 real, 1713 MB
[runlim] sample:		5934.02 time, 5940.01 real, 1673 MB
[runlim] sample:		5944.01 time, 5950.01 real, 1713 MB
[runlim] sample:		5954.02 time, 5960.01 real, 1713 MB
[runlim] sample:		5964.01 time, 5970.01 real, 1713 MB
[runlim] sample:		5974.02 time, 5980.01 real, 1713 MB
[runlim] sample:		5984.01 time, 5990.01 real, 1673 MB
[runlim] sample:		5994.02 time, 6000.01 real, 1713 MB
[runlim] sample:		6004.01 time, 6010.01 real, 1713 MB
[runlim] sample:		6014.02 time, 6020.01 real, 1673 MB
[runlim] sample:		6024.01 time, 6030.01 real, 1713 MB
[runlim] sample:		6034.01 time, 6040.01 real, 1673 MB
[runlim] sample:		6044.02 time, 6050.01 real, 1713 MB
[runlim] sample:		6054.01 time, 6060.01 real, 1713 MB
[runlim] sample:		6064.01 time, 6070.01 real, 1673 MB
[runlim] sample:		6074.01 time, 6080.01 real, 1713 MB
[runlim] sample:		6084.01 time, 6090.01 real, 1713 MB
[runlim] sample:		6094.01 time, 6100.01 real, 1713 MB
[runlim] sample:		6104.01 time, 6110.01 real, 1673 MB
[runlim] sample:		6114.01 time, 6120.01 real, 1713 MB
[runlim] sample:		6124.01 time, 6130.01 real, 1713 MB
[runlim] sample:		6134.01 time, 6140.01 real, 1673 MB
[runlim] sample:		6144.01 time, 6150.01 real, 1713 MB
[runlim] sample:		6154.01 time, 6160.01 real, 1713 MB
[runlim] sample:		6164.01 time, 6170.01 real, 1673 MB
[runlim] sample:		6174.01 time, 6180.01 real, 1713 MB
[runlim] sample:		6184.01 time, 6190.01 real, 1713 MB
[runlim] sample:		6194.01 time, 6200.01 real, 1673 MB
[runlim] sample:		6204.01 time, 6210.01 real, 1713 MB
[runlim] sample:		6214.01 time, 6220.01 real, 1713 MB
[runlim] sample:		6224.01 time, 6230.01 real, 1673 MB
[runlim] sample:		6234.01 time, 6240.01 real, 1713 MB
[runlim] sample:		6244.01 time, 6250.01 real, 1705 MB
[runlim] sample:		6254.01 time, 6260.01 real, 1673 MB
[runlim] sample:		6264.01 time, 6270.01 real, 1713 MB
[runlim] sample:		6274.01 time, 6280.01 real, 1673 MB
[runlim] sample:		6284.01 time, 6290.01 real, 1673 MB
[runlim] sample:		6294.01 time, 6300.01 real, 1713 MB
[runlim] sample:		6304.01 time, 6310.01 real, 1673 MB
[runlim] sample:		6314.01 time, 6320.01 real, 1673 MB
[runlim] sample:		6324.00 time, 6330.01 real, 1713 MB
[runlim] sample:		6334.01 time, 6340.01 real, 1713 MB
[runlim] sample:		6344.01 time, 6350.01 real, 1673 MB
[runlim] sample:		6354.01 time, 6360.01 real, 1673 MB
[runlim] sample:		6364.00 time, 6370.01 real, 1713 MB
[runlim] sample:		6374.00 time, 6380.01 real, 1713 MB
[runlim] sample:		6384.00 time, 6390.01 real, 1713 MB
[runlim] sample:		6394.01 time, 6400.01 real, 1673 MB
[runlim] sample:		6404.00 time, 6410.01 real, 1673 MB
[runlim] sample:		6414.00 time, 6420.01 real, 1713 MB
[runlim] sample:		6424.00 time, 6430.01 real, 1713 MB
[runlim] sample:		6434.00 time, 6440.01 real, 1673 MB
[runlim] sample:		6444.00 time, 6450.01 real, 1673 MB
[runlim] sample:		6454.01 time, 6460.01 real, 1713 MB
[runlim] sample:		6464.01 time, 6470.01 real, 1713 MB
[runlim] sample:		6474.01 time, 6480.01 real, 1673 MB
[runlim] sample:		6484.01 time, 6490.01 real, 1673 MB
[runlim] sample:		6494.01 time, 6500.01 real, 1713 MB
[runlim] sample:		6504.01 time, 6510.01 real, 1713 MB
[runlim] sample:		6514.00 time, 6520.01 real, 1713 MB
[runlim] sample:		6524.01 time, 6530.01 real, 1673 MB
[runlim] sample:		6534.00 time, 6540.01 real, 1673 MB
[runlim] sample:		6544.00 time, 6550.01 real, 1713 MB
[runlim] sample:		6554.00 time, 6560.01 real, 1713 MB
[runlim] sample:		6564.00 time, 6570.01 real, 1713 MB
[runlim] sample:		6574.01 time, 6580.01 real, 1673 MB
[runlim] sample:		6584.00 time, 6590.01 real, 1673 MB
[runlim] sample:		6594.00 time, 6600.01 real, 1713 MB
[runlim] sample:		6604.00 time, 6610.01 real, 1713 MB
[runlim] sample:		6614.00 time, 6620.01 real, 1713 MB
[runlim] sample:		6624.01 time, 6630.01 real, 1673 MB
[runlim] sample:		6634.00 time, 6640.01 real, 1673 MB
[runlim] sample:		6644.00 time, 6650.01 real, 1673 MB
[runlim] sample:		6654.00 time, 6660.01 real, 1713 MB
[runlim] sample:		6664.01 time, 6670.01 real, 1713 MB
[runlim] sample:		6674.00 time, 6680.01 real, 1713 MB
[runlim] sample:		6684.00 time, 6690.01 real, 1673 MB
[runlim] sample:		6694.00 time, 6700.01 real, 1673 MB
[runlim] sample:		6704.00 time, 6710.01 real, 1673 MB
[runlim] sample:		6714.00 time, 6720.01 real, 1713 MB
[runlim] sample:		6724.01 time, 6730.01 real, 1713 MB
[runlim] sample:		6734.00 time, 6740.01 real, 1713 MB
[runlim] sample:		6744.01 time, 6750.01 real, 1874 MB
[runlim] sample:		6754.00 time, 6760.01 real, 2540 MB
[runlim] sample:		6764.00 time, 6770.01 real, 2641 MB
[runlim] sample:		6774.01 time, 6780.01 real, 2670 MB
[runlim] sample:		6784.00 time, 6790.01 real, 2694 MB
[runlim] sample:		6794.00 time, 6800.01 real, 2710 MB
[runlim] sample:		6804.00 time, 6810.01 real, 2743 MB
[runlim] sample:		6814.00 time, 6820.01 real, 2756 MB
[runlim] sample:		6824.00 time, 6830.01 real, 2775 MB
[runlim] sample:		6834.00 time, 6840.01 real, 2793 MB
[runlim] sample:		6844.00 time, 6850.01 real, 2811 MB
[runlim] sample:		6854.00 time, 6860.01 real, 2827 MB
[runlim] sample:		6864.00 time, 6870.01 real, 2843 MB
[runlim] sample:		6874.00 time, 6880.01 real, 2863 MB
[runlim] sample:		6884.00 time, 6890.01 real, 2876 MB
[runlim] sample:		6893.99 time, 6900.01 real, 2889 MB
[runlim] sample:		6903.99 time, 6910.01 real, 2991 MB
[runlim] sample:		6913.99 time, 6920.01 real, 2996 MB
[runlim] sample:		6923.99 time, 6930.01 real, 3000 MB
[runlim] sample:		6933.99 time, 6940.01 real, 3004 MB
[runlim] sample:		6943.99 time, 6950.01 real, 3008 MB
[runlim] sample:		6954.00 time, 6960.01 real, 3012 MB
[runlim] sample:		6963.99 time, 6970.01 real, 3020 MB
[runlim] sample:		6974.00 time, 6980.01 real, 3026 MB
[runlim] sample:		6983.99 time, 6990.01 real, 3034 MB
[runlim] sample:		6994.00 time, 7000.01 real, 3047 MB
[runlim] sample:		7004.00 time, 7010.01 real, 3083 MB
[runlim] sample:		7014.00 time, 7020.01 real, 3085 MB
[runlim] sample:		7023.99 time, 7030.01 real, 3090 MB
[runlim] sample:		7034.00 time, 7040.01 real, 3092 MB
[runlim] sample:		7044.00 time, 7050.01 real, 3100 MB
[runlim] sample:		7054.00 time, 7060.01 real, 3121 MB
[runlim] sample:		7063.99 time, 7070.01 real, 3124 MB
[runlim] sample:		7074.00 time, 7080.01 real, 3128 MB
[runlim] sample:		7083.99 time, 7090.01 real, 3134 MB
[runlim] sample:		7093.99 time, 7100.01 real, 3143 MB
[runlim] sample:		7104.00 time, 7110.01 real, 3148 MB
[runlim] sample:		7114.00 time, 7120.01 real, 3157 MB
[runlim] sample:		7124.00 time, 7130.01 real, 3171 MB
[runlim] sample:		7133.99 time, 7140.01 real, 3177 MB
[runlim] sample:		7144.00 time, 7150.01 real, 3185 MB
[runlim] sample:		7153.99 time, 7160.01 real, 3191 MB
[runlim] sample:		7164.00 time, 7170.01 real, 3200 MB
[runlim] sample:		7173.99 time, 7180.01 real, 3205 MB
[runlim] sample:		7183.99 time, 7190.01 real, 3215 MB
[runlim] sample:		7193.99 time, 7200.01 real, 3220 MB
[runlim] sample:		7204.00 time, 7210.01 real, 3229 MB
[runlim] sample:		7213.99 time, 7220.01 real, 3236 MB
[runlim] sample:		7224.00 time, 7230.01 real, 3244 MB
[runlim] sample:		7233.99 time, 7240.01 real, 3250 MB
[runlim] sample:		7243.99 time, 7250.01 real, 3259 MB
[runlim] sample:		7253.99 time, 7260.01 real, 3265 MB
[runlim] sample:		7263.99 time, 7270.01 real, 3274 MB
[runlim] sample:		7273.99 time, 7280.01 real, 3280 MB
[runlim] sample:		7283.99 time, 7290.01 real, 3289 MB
[runlim] sample:		7293.99 time, 7300.01 real, 3294 MB
[runlim] sample:		7303.99 time, 7310.01 real, 3304 MB
[runlim] sample:		7314.00 time, 7320.01 real, 3304 MB
[runlim] sample:		7324.00 time, 7330.01 real, 3323 MB
[runlim] sample:		7333.99 time, 7340.01 real, 3324 MB
[runlim] sample:		7344.00 time, 7350.01 real, 3338 MB
[runlim] sample:		7353.99 time, 7360.01 real, 3339 MB
[runlim] sample:		7363.99 time, 7370.01 real, 3344 MB
[runlim] sample:		7373.99 time, 7380.01 real, 3354 MB
[runlim] sample:		7383.99 time, 7390.01 real, 3355 MB
[runlim] sample:		7393.99 time, 7400.01 real, 3369 MB
[runlim] sample:		7403.99 time, 7410.01 real, 3370 MB
[runlim] sample:		7413.99 time, 7420.01 real, 3377 MB
[runlim] sample:		7423.99 time, 7430.01 real, 3386 MB
[runlim] sample:		7433.99 time, 7440.01 real, 3387 MB
[runlim] sample:		7443.99 time, 7450.01 real, 3402 MB
[runlim] sample:		7453.99 time, 7460.01 real, 3403 MB
[runlim] sample:		7463.99 time, 7470.01 real, 3410 MB
[runlim] sample:		7473.99 time, 7480.01 real, 3540 MB
[runlim] sample:		7483.99 time, 7490.01 real, 3540 MB
[runlim] sample:		7493.99 time, 7500.01 real, 3542 MB
[runlim] sample:		7503.98 time, 7510.01 real, 3545 MB
[runlim] sample:		7513.99 time, 7520.01 real, 3545 MB
[runlim] sample:		7523.99 time, 7530.01 real, 3551 MB
[runlim] sample:		7533.99 time, 7540.01 real, 3551 MB
[runlim] sample:		7543.98 time, 7550.01 real, 3553 MB
[runlim] sample:		7553.99 time, 7560.01 real, 3557 MB
[runlim] sample:		7563.99 time, 7570.01 real, 3557 MB
[runlim] sample:		7573.99 time, 7580.01 real, 3559 MB
[runlim] sample:		7583.99 time, 7590.01 real, 3562 MB
[runlim] sample:		7593.98 time, 7600.01 real, 3563 MB
[runlim] sample:		7603.99 time, 7610.01 real, 3565 MB
[runlim] sample:		7613.98 time, 7620.01 real, 3568 MB
[runlim] sample:		7623.99 time, 7630.01 real, 3568 MB
[runlim] sample:		7633.98 time, 7640.01 real, 3571 MB
[runlim] sample:		7643.99 time, 7650.01 real, 3574 MB
[runlim] sample:		7653.99 time, 7660.01 real, 3574 MB
[runlim] sample:		7663.99 time, 7670.01 real, 3577 MB
[runlim] sample:		7673.99 time, 7680.01 real, 3580 MB
[runlim] sample:		7683.99 time, 7690.01 real, 3580 MB
[runlim] sample:		7693.98 time, 7700.01 real, 3583 MB
[runlim] sample:		7703.99 time, 7710.01 real, 3586 MB
[runlim] sample:		7713.99 time, 7720.01 real, 3586 MB
[runlim] sample:		7723.99 time, 7730.01 real, 3588 MB
[runlim] sample:		7733.99 time, 7740.01 real, 3593 MB
[runlim] sample:		7743.98 time, 7750.01 real, 3594 MB
[runlim] sample:		7753.98 time, 7760.01 real, 3622 MB
[runlim] sample:		7763.98 time, 7770.01 real, 3625 MB
[runlim] sample:		7773.99 time, 7780.01 real, 3625 MB
[runlim] sample:		7783.98 time, 7790.01 real, 3625 MB
[runlim] sample:		7793.98 time, 7800.01 real, 3628 MB
[runlim] sample:		7803.99 time, 7810.01 real, 3639 MB
[runlim] sample:		7813.98 time, 7820.01 real, 3639 MB
[runlim] sample:		7823.98 time, 7830.01 real, 3641 MB
[runlim] sample:		7833.98 time, 7840.01 real, 3649 MB
[runlim] sample:		7843.98 time, 7850.01 real, 3650 MB
[runlim] sample:		7853.98 time, 7860.01 real, 3657 MB
[runlim] sample:		7863.99 time, 7870.01 real, 3667 MB
[runlim] sample:		7873.98 time, 7880.01 real, 3668 MB
[runlim] sample:		7883.98 time, 7890.01 real, 3669 MB
[runlim] sample:		7893.98 time, 7900.01 real, 3676 MB
[runlim] sample:		7903.98 time, 7910.01 real, 3687 MB
[runlim] sample:		7913.98 time, 7920.01 real, 3687 MB
[runlim] sample:		7923.98 time, 7930.01 real, 3697 MB
[runlim] sample:		7933.99 time, 7940.01 real, 3705 MB
[runlim] sample:		7943.98 time, 7950.01 real, 3706 MB
[runlim] sample:		7953.98 time, 7960.01 real, 3710 MB
[runlim] sample:		7963.98 time, 7970.01 real, 3713 MB
[runlim] sample:		7973.98 time, 7980.01 real, 3724 MB
[runlim] sample:		7983.98 time, 7990.01 real, 3725 MB
[runlim] sample:		7993.98 time, 8000.01 real, 3726 MB
[runlim] sample:		8003.98 time, 8010.01 real, 3772 MB
[runlim] sample:		8013.98 time, 8020.01 real, 3783 MB
[runlim] sample:		8023.98 time, 8030.01 real, 3784 MB
[runlim] sample:		8033.98 time, 8040.01 real, 3785 MB
[runlim] sample:		8043.98 time, 8050.01 real, 3801 MB
[runlim] sample:		8053.98 time, 8060.01 real, 3803 MB
[runlim] sample:		8063.98 time, 8070.01 real, 3803 MB
[runlim] sample:		8073.98 time, 8080.01 real, 3810 MB
[runlim] sample:		8083.98 time, 8090.01 real, 3821 MB
[runlim] sample:		8093.98 time, 8100.01 real, 3822 MB
[runlim] sample:		8103.98 time, 8110.01 real, 3823 MB
[runlim] sample:		8113.97 time, 8120.01 real, 3830 MB
[runlim] sample:		8123.98 time, 8130.01 real, 3840 MB
[runlim] sample:		8133.98 time, 8140.01 real, 3841 MB
[runlim] sample:		8143.98 time, 8150.01 real, 3842 MB
[runlim] sample:		8153.98 time, 8160.01 real, 3849 MB
[runlim] sample:		8163.98 time, 8170.01 real, 3859 MB
[runlim] sample:		8173.98 time, 8180.01 real, 3861 MB
[runlim] sample:		8183.98 time, 8190.01 real, 3861 MB
[runlim] sample:		8193.97 time, 8200.01 real, 3862 MB
[runlim] sample:		8203.98 time, 8210.01 real, 3869 MB
[runlim] sample:		8213.98 time, 8220.01 real, 3880 MB
[runlim] sample:		8223.98 time, 8230.01 real, 3881 MB
[runlim] sample:		8233.97 time, 8240.01 real, 3882 MB
[runlim] sample:		8243.98 time, 8250.01 real, 3889 MB
[runlim] sample:		8253.97 time, 8260.01 real, 3900 MB
[runlim] sample:		8263.97 time, 8270.01 real, 3901 MB
[runlim] sample:		8273.97 time, 8280.01 real, 3901 MB
[runlim] sample:		8283.98 time, 8290.01 real, 3908 MB
[runlim] sample:		8293.97 time, 8300.01 real, 3920 MB
[runlim] sample:		8303.97 time, 8310.01 real, 3920 MB
[runlim] sample:		8313.98 time, 8320.01 real, 3921 MB
[runlim] sample:		8323.97 time, 8330.01 real, 3929 MB
[runlim] sample:		8333.97 time, 8340.01 real, 3940 MB
[runlim] sample:		8343.97 time, 8350.01 real, 3940 MB
[runlim] sample:		8353.98 time, 8360.01 real, 3941 MB
[runlim] sample:		8363.97 time, 8370.01 real, 3948 MB
[runlim] sample:		8373.98 time, 8380.01 real, 3959 MB
[runlim] sample:		8383.98 time, 8390.01 real, 3960 MB
[runlim] sample:		8393.98 time, 8400.01 real, 3961 MB
[runlim] sample:		8403.97 time, 8410.01 real, 3961 MB
[runlim] sample:		8413.98 time, 8420.01 real, 3969 MB
[runlim] sample:		8423.97 time, 8430.01 real, 3980 MB
[runlim] sample:		8433.98 time, 8440.01 real, 3981 MB
[runlim] sample:		8443.97 time, 8450.01 real, 3982 MB
[runlim] sample:		8453.97 time, 8460.01 real, 3989 MB
[runlim] sample:		8463.97 time, 8470.01 real, 4000 MB
[runlim] sample:		8473.98 time, 8480.01 real, 4001 MB
[runlim] sample:		8483.97 time, 8490.01 real, 4002 MB
[runlim] sample:		8493.98 time, 8500.01 real, 4009 MB
[runlim] sample:		8503.97 time, 8510.01 real, 4010 MB
[runlim] sample:		8513.98 time, 8520.01 real, 4021 MB
[runlim] sample:		8523.97 time, 8530.01 real, 4022 MB
[runlim] sample:		8533.97 time, 8540.01 real, 4022 MB
[runlim] sample:		8543.97 time, 8550.01 real, 4030 MB
[runlim] sample:		8553.97 time, 8560.01 real, 4041 MB
[runlim] sample:		8563.97 time, 8570.01 real, 4042 MB
[runlim] sample:		8573.97 time, 8580.01 real, 4043 MB
[runlim] sample:		8583.97 time, 8590.01 real, 4043 MB
[runlim] sample:		8593.97 time, 8600.01 real, 4051 MB
[runlim] sample:		8603.97 time, 8610.01 real, 4062 MB
[runlim] sample:		8613.97 time, 8620.01 real, 4063 MB
[runlim] sample:		8623.97 time, 8630.01 real, 4064 MB
[runlim] sample:		8633.97 time, 8640.01 real, 4071 MB
[runlim] sample:		8643.97 time, 8650.01 real, 4074 MB
[runlim] sample:		8653.97 time, 8660.01 real, 4083 MB
[runlim] sample:		8663.97 time, 8670.01 real, 4084 MB
[runlim] sample:		8673.97 time, 8680.01 real, 4085 MB
[runlim] sample:		8683.96 time, 8690.01 real, 4092 MB
[runlim] sample:		8693.97 time, 8700.01 real, 4103 MB
[runlim] sample:		8703.97 time, 8710.01 real, 4104 MB
[runlim] sample:		8713.96 time, 8720.01 real, 4105 MB
[runlim] sample:		8723.97 time, 8730.01 real, 4106 MB
[runlim] sample:		8733.96 time, 8740.01 real, 4113 MB
[runlim] sample:		8743.97 time, 8750.01 real, 4124 MB
[runlim] sample:		8753.96 time, 8760.01 real, 4125 MB
[runlim] sample:		8763.97 time, 8770.01 real, 4126 MB
[runlim] sample:		8773.97 time, 8780.01 real, 4127 MB
[runlim] sample:		8783.96 time, 8790.01 real, 4134 MB
[runlim] sample:		8793.96 time, 8800.01 real, 4145 MB
[runlim] sample:		8803.96 time, 8810.01 real, 4147 MB
[runlim] sample:		8813.97 time, 8820.01 real, 4147 MB
[runlim] sample:		8823.96 time, 8830.01 real, 4148 MB
[runlim] sample:		8833.97 time, 8840.01 real, 4156 MB
[runlim] sample:		8843.96 time, 8850.01 real, 4156 MB
[runlim] sample:		8853.97 time, 8860.01 real, 4168 MB
[runlim] sample:		8863.97 time, 8870.01 real, 4168 MB
[runlim] sample:		8873.96 time, 8880.01 real, 4169 MB
[runlim] sample:		8883.97 time, 8890.01 real, 4170 MB
[runlim] sample:		8893.96 time, 8900.01 real, 4181 MB
[runlim] sample:		8903.97 time, 8910.01 real, 4189 MB
[runlim] sample:		8913.96 time, 8920.01 real, 4190 MB
[runlim] sample:		8923.97 time, 8930.01 real, 4190 MB
[runlim] sample:		8933.97 time, 8940.01 real, 4191 MB
[runlim] sample:		8943.96 time, 8950.01 real, 4199 MB
[runlim] sample:		8953.96 time, 8960.01 real, 4210 MB
[runlim] sample:		8963.96 time, 8970.01 real, 4211 MB
[runlim] sample:		8973.97 time, 8980.01 real, 4212 MB
[runlim] sample:		8983.96 time, 8990.01 real, 4212 MB
[runlim] sample:		8993.96 time, 9000.01 real, 4231 MB
[runlim] sample:		9003.96 time, 9010.01 real, 4231 MB
[runlim] sample:		9013.96 time, 9020.01 real, 4301 MB
[runlim] sample:		9023.96 time, 9030.01 real, 4301 MB
[runlim] sample:		9033.96 time, 9040.01 real, 4301 MB
[runlim] sample:		9043.96 time, 9050.01 real, 4301 MB
[runlim] sample:		9053.96 time, 9060.01 real, 4304 MB
[runlim] sample:		9063.97 time, 9070.01 real, 4308 MB
[runlim] sample:		9073.96 time, 9080.01 real, 4308 MB
[runlim] sample:		9083.96 time, 9090.01 real, 4309 MB
[runlim] sample:		9093.97 time, 9100.01 real, 4309 MB
[runlim] sample:		9103.96 time, 9110.01 real, 4312 MB
[runlim] sample:		9113.96 time, 9120.01 real, 4315 MB
[runlim] sample:		9123.96 time, 9130.01 real, 4316 MB
[runlim] sample:		9133.96 time, 9140.01 real, 4316 MB
[runlim] sample:		9143.96 time, 9150.01 real, 4316 MB
[runlim] sample:		9153.96 time, 9160.01 real, 4316 MB
[runlim] sample:		9163.96 time, 9170.01 real, 4319 MB
[runlim] sample:		9173.96 time, 9180.01 real, 4323 MB
[runlim] sample:		9183.96 time, 9190.01 real, 4324 MB
[runlim] sample:		9193.96 time, 9200.01 real, 4324 MB
[runlim] sample:		9203.96 time, 9210.01 real, 4324 MB
[runlim] sample:		9213.96 time, 9220.01 real, 4327 MB
[runlim] sample:		9223.96 time, 9230.01 real, 4330 MB
[runlim] sample:		9233.96 time, 9240.01 real, 4331 MB
[runlim] sample:		9243.96 time, 9250.01 real, 4331 MB
[runlim] sample:		9253.96 time, 9260.01 real, 4332 MB
[runlim] sample:		9263.96 time, 9270.01 real, 4332 MB
[runlim] sample:		9273.96 time, 9280.01 real, 4375 MB
[runlim] sample:		9283.96 time, 9290.01 real, 4378 MB
[runlim] sample:		9293.96 time, 9300.01 real, 4379 MB
[runlim] sample:		9303.96 time, 9310.01 real, 4379 MB
[runlim] sample:		9313.96 time, 9320.01 real, 4379 MB
[runlim] sample:		9323.96 time, 9330.01 real, 4379 MB
[runlim] sample:		9333.96 time, 9340.01 real, 4382 MB
[runlim] sample:		9343.96 time, 9350.01 real, 4386 MB
[runlim] sample:		9353.95 time, 9360.01 real, 4387 MB
[runlim] sample:		9363.96 time, 9370.01 real, 4387 MB
[runlim] sample:		9373.96 time, 9380.01 real, 4387 MB
[runlim] sample:		9383.95 time, 9390.01 real, 4387 MB
[runlim] sample:		9393.96 time, 9400.01 real, 4396 MB
[runlim] sample:		9403.95 time, 9410.01 real, 4400 MB
[runlim] sample:		9413.96 time, 9420.01 real, 4400 MB
[runlim] sample:		9423.95 time, 9430.01 real, 4401 MB
[runlim] sample:		9433.95 time, 9440.01 real, 4401 MB
[runlim] sample:		9443.95 time, 9450.01 real, 4401 MB
[runlim] sample:		9453.96 time, 9460.01 real, 4409 MB
[runlim] sample:		9463.96 time, 9470.01 real, 4421 MB
[runlim] sample:		9473.95 time, 9480.01 real, 4422 MB
[runlim] sample:		9483.96 time, 9490.01 real, 4423 MB
[runlim] sample:		9493.96 time, 9500.01 real, 4423 MB
[runlim] sample:		9503.95 time, 9510.01 real, 4424 MB
[runlim] sample:		9513.96 time, 9520.01 real, 4432 MB
[runlim] sample:		9523.95 time, 9530.01 real, 4445 MB
[runlim] sample:		9533.96 time, 9540.01 real, 4445 MB
[runlim] sample:		9543.96 time, 9550.01 real, 4446 MB
[runlim] sample:		9553.95 time, 9560.01 real, 4446 MB
[runlim] sample:		9563.96 time, 9570.01 real, 4447 MB
[runlim] sample:		9573.96 time, 9580.01 real, 4455 MB
[runlim] sample:		9583.95 time, 9590.01 real, 4467 MB
[runlim] sample:		9593.95 time, 9600.01 real, 4468 MB
[runlim] sample:		9603.96 time, 9610.01 real, 4469 MB
[runlim] sample:		9613.95 time, 9620.01 real, 4470 MB
[runlim] sample:		9623.95 time, 9630.01 real, 4470 MB
[runlim] sample:		9633.95 time, 9640.01 real, 4479 MB
[runlim] sample:		9643.95 time, 9650.01 real, 4491 MB
[runlim] sample:		9653.95 time, 9660.01 real, 4492 MB
[runlim] sample:		9663.95 time, 9670.01 real, 4492 MB
[runlim] sample:		9673.95 time, 9680.01 real, 4493 MB
[runlim] sample:		9683.95 time, 9690.01 real, 4494 MB
[runlim] sample:		9693.95 time, 9700.01 real, 4502 MB
[runlim] sample:		9703.95 time, 9710.01 real, 4514 MB
[runlim] sample:		9713.95 time, 9720.01 real, 4515 MB
[runlim] sample:		9723.95 time, 9730.01 real, 4516 MB
[runlim] sample:		9733.96 time, 9740.01 real, 4516 MB
[runlim] sample:		9743.95 time, 9750.01 real, 4517 MB
[runlim] sample:		9753.95 time, 9760.01 real, 4518 MB
[runlim] sample:		9763.95 time, 9770.01 real, 4526 MB
[runlim] sample:		9773.95 time, 9780.01 real, 4544 MB
[runlim] sample:		9783.95 time, 9790.01 real, 4544 MB
[runlim] sample:		9793.95 time, 9800.01 real, 4544 MB
[runlim] sample:		9803.95 time, 9810.01 real, 4544 MB
[runlim] sample:		9813.95 time, 9820.01 real, 4545 MB
[runlim] sample:		9823.95 time, 9830.01 real, 4549 MB
[runlim] sample:		9833.95 time, 9840.01 real, 4550 MB
[runlim] sample:		9843.95 time, 9850.01 real, 4562 MB
[runlim] sample:		9853.95 time, 9860.01 real, 4563 MB
[runlim] sample:		9863.95 time, 9870.01 real, 4566 MB
[runlim] sample:		9873.95 time, 9880.01 real, 4566 MB
[runlim] sample:		9883.94 time, 9890.01 real, 4566 MB
[runlim] sample:		9893.94 time, 9900.01 real, 4574 MB
[runlim] sample:		9903.94 time, 9910.01 real, 4586 MB
[runlim] sample:		9913.95 time, 9920.01 real, 4588 MB
[runlim] sample:		9923.94 time, 9930.01 real, 4588 MB
[runlim] sample:		9933.95 time, 9940.01 real, 4589 MB
[runlim] sample:		9943.95 time, 9950.01 real, 4590 MB
[runlim] sample:		9953.95 time, 9960.01 real, 4590 MB
[runlim] sample:		9963.95 time, 9970.01 real, 4598 MB
[runlim] sample:		9973.94 time, 9980.01 real, 4611 MB
[runlim] sample:		9983.95 time, 9990.01 real, 4612 MB
[runlim] sample:		9993.95 time, 10000.01 real, 4613 MB
[runlim] sample:		10003.94 time, 10010.01 real, 4613 MB
[runlim] sample:		10013.95 time, 10020.01 real, 4614 MB
[runlim] sample:		10023.94 time, 10030.01 real, 4614 MB
[runlim] sample:		10033.95 time, 10040.01 real, 4622 MB
[runlim] sample:		10043.95 time, 10050.01 real, 4635 MB
[runlim] sample:		10053.94 time, 10060.01 real, 4636 MB
[runlim] sample:		10063.95 time, 10070.01 real, 4637 MB
[runlim] sample:		10073.95 time, 10080.01 real, 4637 MB
[runlim] sample:		10083.94 time, 10090.01 real, 4638 MB
[runlim] sample:		10093.95 time, 10100.01 real, 4647 MB
[runlim] sample:		10103.94 time, 10110.01 real, 4647 MB
[runlim] sample:		10113.95 time, 10120.01 real, 4660 MB
[runlim] sample:		10123.94 time, 10130.01 real, 4660 MB
[runlim] sample:		10133.95 time, 10140.01 real, 4661 MB
[runlim] sample:		10143.94 time, 10150.01 real, 4662 MB
[runlim] sample:		10153.94 time, 10160.01 real, 4662 MB
[runlim] sample:		10163.95 time, 10170.01 real, 4663 MB
[runlim] sample:		10173.95 time, 10180.01 real, 4671 MB
[runlim] sample:		10183.95 time, 10190.01 real, 4688 MB
[runlim] sample:		10193.94 time, 10200.01 real, 4689 MB
[runlim] sample:		10203.94 time, 10210.01 real, 4689 MB
[runlim] sample:		10213.94 time, 10220.01 real, 4690 MB
[runlim] sample:		10223.94 time, 10230.01 real, 4691 MB
[runlim] sample:		10233.94 time, 10240.01 real, 4691 MB
[runlim] sample:		10243.94 time, 10250.01 real, 4700 MB
[runlim] sample:		10253.94 time, 10260.01 real, 4714 MB
[runlim] sample:		10263.94 time, 10270.01 real, 4720 MB
[runlim] sample:		10273.95 time, 10280.01 real, 4720 MB
[runlim] sample:		10283.94 time, 10290.01 real, 4721 MB
[runlim] sample:		10293.94 time, 10300.01 real, 4722 MB
[runlim] sample:		10303.94 time, 10310.01 real, 4722 MB
[runlim] sample:		10313.94 time, 10320.01 real, 4731 MB
[runlim] sample:		10323.94 time, 10330.01 real, 4731 MB
[runlim] sample:		10333.94 time, 10340.01 real, 4747 MB
[runlim] sample:		10343.94 time, 10350.01 real, 4748 MB
[runlim] sample:		10353.94 time, 10360.01 real, 4749 MB
[runlim] sample:		10363.94 time, 10370.01 real, 4749 MB
[runlim] sample:		10373.94 time, 10380.01 real, 4750 MB
[runlim] sample:		10383.94 time, 10390.01 real, 4759 MB
[runlim] sample:		10393.94 time, 10400.01 real, 4759 MB
[runlim] sample:		10403.93 time, 10410.01 real, 4776 MB
[runlim] sample:		10413.94 time, 10420.01 real, 4777 MB
[runlim] sample:		10423.94 time, 10430.01 real, 4778 MB
[runlim] sample:		10433.94 time, 10440.01 real, 4778 MB
[runlim] sample:		10443.94 time, 10450.01 real, 4779 MB
[runlim] sample:		10453.94 time, 10460.01 real, 4779 MB
[runlim] sample:		10463.94 time, 10470.01 real, 4788 MB
[runlim] sample:		10473.94 time, 10480.01 real, 4806 MB
[runlim] sample:		10483.94 time, 10490.01 real, 4807 MB
[runlim] sample:		10493.94 time, 10500.01 real, 4808 MB
[runlim] sample:		10503.94 time, 10510.01 real, 4808 MB
[runlim] sample:		10513.93 time, 10520.01 real, 4809 MB
[runlim] sample:		10523.94 time, 10530.01 real, 4810 MB
[runlim] sample:		10533.94 time, 10540.01 real, 4818 MB
[runlim] sample:		10543.94 time, 10550.01 real, 4833 MB
[runlim] sample:		10553.93 time, 10560.01 real, 4835 MB
[runlim] sample:		10563.94 time, 10570.01 real, 4836 MB
[runlim] sample:		10573.93 time, 10580.01 real, 4836 MB
[runlim] sample:		10583.94 time, 10590.01 real, 4837 MB
[runlim] sample:		10593.94 time, 10600.01 real, 4837 MB
[runlim] sample:		10603.93 time, 10610.01 real, 4846 MB
[runlim] sample:		10613.93 time, 10620.01 real, 4846 MB
[runlim] sample:		10623.94 time, 10630.01 real, 4861 MB
[runlim] sample:		10633.93 time, 10640.01 real, 4862 MB
[runlim] sample:		10643.94 time, 10650.01 real, 4863 MB
[runlim] sample:		10653.94 time, 10660.01 real, 4864 MB
[runlim] sample:		10663.93 time, 10670.01 real, 4864 MB
[runlim] sample:		10673.93 time, 10680.01 real, 4866 MB
[runlim] sample:		10683.94 time, 10690.01 real, 4874 MB
[runlim] sample:		10693.93 time, 10700.01 real, 4892 MB
[runlim] sample:		10703.93 time, 10710.01 real, 4893 MB
[runlim] sample:		10713.94 time, 10720.01 real, 4893 MB
[runlim] sample:		10723.94 time, 10730.01 real, 4894 MB
[runlim] sample:		10733.93 time, 10740.01 real, 4895 MB
[runlim] sample:		10743.93 time, 10750.01 real, 4895 MB
[runlim] sample:		10753.94 time, 10760.01 real, 4896 MB
[runlim] sample:		10763.93 time, 10770.01 real, 4905 MB
[runlim] sample:		10773.93 time, 10780.01 real, 4922 MB
[runlim] sample:		10783.93 time, 10790.01 real, 4929 MB
[runlim] sample:		10793.93 time, 10800.01 real, 4930 MB
[runlim] sample:		10803.94 time, 10810.01 real, 4930 MB
[runlim] sample:		10813.93 time, 10820.01 real, 4931 MB
[runlim] sample:		10823.93 time, 10830.01 real, 4932 MB
[runlim] sample:		10833.94 time, 10840.01 real, 4932 MB
[runlim] sample:		10843.93 time, 10850.01 real, 4941 MB
[runlim] sample:		10853.93 time, 10860.01 real, 4953 MB
[runlim] sample:		10863.93 time, 10870.01 real, 4960 MB
[runlim] sample:		10873.93 time, 10880.01 real, 4960 MB
[runlim] sample:		10883.93 time, 10890.01 real, 4960 MB
[runlim] sample:		10893.93 time, 10900.01 real, 4961 MB
[runlim] sample:		10903.93 time, 10910.01 real, 4961 MB
[runlim] sample:		10913.93 time, 10920.01 real, 4962 MB
[runlim] sample:		10923.93 time, 10930.01 real, 4971 MB
[runlim] sample:		10933.93 time, 10940.01 real, 4971 MB
[runlim] sample:		10943.93 time, 10950.01 real, 4989 MB
[runlim] sample:		10953.93 time, 10960.01 real, 4990 MB
[runlim] sample:		10963.93 time, 10970.01 real, 4990 MB
[runlim] sample:		10973.93 time, 10980.01 real, 4991 MB
[runlim] sample:		10983.93 time, 10990.01 real, 4992 MB
[runlim] sample:		10993.92 time, 11000.01 real, 4992 MB
[runlim] sample:		11003.92 time, 11010.01 real, 4992 MB
[runlim] sample:		11013.93 time, 11020.01 real, 5001 MB
[runlim] sample:		11023.93 time, 11030.01 real, 5018 MB
[runlim] sample:		11033.93 time, 11040.01 real, 5019 MB
[runlim] sample:		11043.93 time, 11050.01 real, 5020 MB
[runlim] sample:		11053.93 time, 11060.01 real, 5020 MB
[runlim] sample:		11063.92 time, 11070.01 real, 5021 MB
[runlim] sample:		11073.93 time, 11080.01 real, 5021 MB
[runlim] sample:		11083.93 time, 11090.01 real, 5022 MB
[runlim] sample:		11093.93 time, 11100.01 real, 5031 MB
[runlim] sample:		11103.93 time, 11110.01 real, 5031 MB
[runlim] sample:		11113.93 time, 11120.01 real, 5045 MB
[runlim] sample:		11123.92 time, 11130.01 real, 5046 MB
[runlim] sample:		11133.92 time, 11140.01 real, 5047 MB
[runlim] sample:		11143.93 time, 11150.01 real, 5047 MB
[runlim] sample:		11153.93 time, 11160.01 real, 5048 MB
[runlim] sample:		11163.92 time, 11170.01 real, 5048 MB
[runlim] sample:		11173.92 time, 11180.01 real, 5049 MB
[runlim] sample:		11183.92 time, 11190.01 real, 5049 MB
[runlim] sample:		11193.92 time, 11200.01 real, 5058 MB
[runlim] sample:		11203.93 time, 11210.01 real, 5075 MB
[runlim] sample:		11213.92 time, 11220.01 real, 5076 MB
[runlim] sample:		11223.93 time, 11230.01 real, 5077 MB
[runlim] sample:		11233.93 time, 11240.01 real, 5077 MB
[runlim] sample:		11243.92 time, 11250.01 real, 5078 MB
[runlim] sample:		11253.93 time, 11260.01 real, 5078 MB
[runlim] sample:		11263.92 time, 11270.01 real, 5079 MB
[runlim] sample:		11273.92 time, 11280.01 real, 5079 MB
[runlim] sample:		11283.93 time, 11290.01 real, 5080 MB
[runlim] sample:		11293.92 time, 11300.01 real, 5088 MB
[runlim] sample:		11303.92 time, 11310.01 real, 5089 MB
[runlim] sample:		11313.92 time, 11320.01 real, 5108 MB
[runlim] sample:		11323.92 time, 11330.01 real, 5108 MB
[runlim] sample:		11333.92 time, 11340.01 real, 5109 MB
[runlim] sample:		11343.92 time, 11350.01 real, 5109 MB
[runlim] sample:		11353.92 time, 11360.01 real, 5110 MB
[runlim] sample:		11363.92 time, 11370.01 real, 5110 MB
[runlim] sample:		11373.93 time, 11380.01 real, 5111 MB
[runlim] sample:		11383.93 time, 11390.01 real, 5111 MB
[runlim] sample:		11393.93 time, 11400.01 real, 5233 MB
[runlim] sample:		11403.92 time, 11410.01 real, 5284 MB
[runlim] sample:		11413.92 time, 11420.01 real, 5307 MB
[runlim] sample:		11423.92 time, 11430.01 real, 5312 MB
[runlim] sample:		11433.92 time, 11440.01 real, 5314 MB
[runlim] sample:		11443.92 time, 11450.01 real, 5314 MB
[runlim] sample:		11453.93 time, 11460.01 real, 5317 MB
[runlim] sample:		11463.93 time, 11470.01 real, 5317 MB
[runlim] sample:		11473.92 time, 11480.01 real, 5317 MB
[runlim] sample:		11483.92 time, 11490.01 real, 5317 MB
[runlim] sample:		11493.92 time, 11500.01 real, 5319 MB
[runlim] sample:		11503.92 time, 11510.01 real, 5319 MB
[runlim] sample:		11513.92 time, 11520.01 real, 5319 MB
[runlim] sample:		11523.92 time, 11530.01 real, 5319 MB
[runlim] sample:		11533.92 time, 11540.01 real, 5320 MB
[runlim] sample:		11543.92 time, 11550.01 real, 5321 MB
[runlim] sample:		11553.92 time, 11560.01 real, 5329 MB
[runlim] sample:		11563.92 time, 11570.01 real, 5332 MB
[runlim] sample:		11573.92 time, 11580.01 real, 5332 MB
[runlim] sample:		11583.92 time, 11590.01 real, 5332 MB
[runlim] sample:		11593.92 time, 11600.01 real, 5332 MB
[runlim] sample:		11603.92 time, 11610.01 real, 5337 MB
[runlim] sample:		11613.92 time, 11620.01 real, 5342 MB
[runlim] sample:		11623.92 time, 11630.01 real, 5343 MB
[runlim] sample:		11633.92 time, 11640.01 real, 5343 MB
[runlim] sample:		11643.92 time, 11650.01 real, 5343 MB
[runlim] sample:		11653.92 time, 11660.01 real, 5343 MB
[runlim] sample:		11663.92 time, 11670.01 real, 5343 MB
