[runlim] version:		1.21
[runlim] host:			c3n16
[runlim] time limit:		86400 seconds
[runlim] real time limit:	86400 seconds
[runlim] space limit:		8000 MB
[runlim] argv[0]:		concubine
[runlim] argv[1]:		solve
[runlim] argv[2]:		-v
[runlim] argv[3]:		-s
[runlim] argv[4]:		z3
[runlim] argv[5]:		-e
[runlim] argv[6]:		smtlib-relational
[runlim] argv[7]:		-m
[runlim] argv[8]:		init.mmap
[runlim] argv[9]:		-o
[runlim] argv[10]:		z3-relational
[runlim] argv[11]:		272
[runlim] argv[12]:		count_stat.cas.0.asm
[runlim] argv[13]:		count_stat.cas.1.asm
[runlim] argv[14]:		count_stat.cas.2.asm
[runlim] argv[15]:		count_stat.checker.asm
[runlim] start:			Tue Dec  1 16:38:20 2020
[runlim] child:			7069
[runlim] sample:		6.54 time, 10.01 real, 91 MB
[runlim] sample:		16.54 time, 20.01 real, 91 MB
[runlim] sample:		26.54 time, 30.01 real, 91 MB
[runlim] sample:		36.54 time, 40.01 real, 91 MB
[runlim] sample:		46.54 time, 50.01 real, 91 MB
[runlim] sample:		56.54 time, 60.01 real, 91 MB
[runlim] sample:		66.54 time, 70.01 real, 91 MB
[runlim] sample:		76.54 time, 80.01 real, 91 MB
[runlim] sample:		86.54 time, 90.01 real, 91 MB
[runlim] sample:		96.54 time, 100.01 real, 91 MB
[runlim] sample:		106.54 time, 110.01 real, 91 MB
[runlim] sample:		116.54 time, 120.01 real, 91 MB
[runlim] sample:		126.54 time, 130.01 real, 91 MB
[runlim] sample:		136.54 time, 140.01 real, 91 MB
[runlim] sample:		146.54 time, 150.01 real, 91 MB
[runlim] sample:		156.54 time, 160.01 real, 91 MB
[runlim] sample:		166.54 time, 170.01 real, 91 MB
[runlim] sample:		176.54 time, 180.01 real, 91 MB
[runlim] sample:		186.54 time, 190.01 real, 91 MB
[runlim] sample:		196.54 time, 200.01 real, 91 MB
[runlim] sample:		206.54 time, 210.01 real, 91 MB
[runlim] sample:		216.54 time, 220.01 real, 91 MB
[runlim] sample:		226.54 time, 230.01 real, 91 MB
[runlim] sample:		236.54 time, 240.01 real, 91 MB
[runlim] sample:		246.54 time, 250.01 real, 91 MB
[runlim] sample:		256.53 time, 260.01 real, 91 MB
[runlim] sample:		266.54 time, 270.01 real, 91 MB
[runlim] sample:		276.54 time, 280.01 real, 91 MB
[runlim] sample:		286.54 time, 290.01 real, 91 MB
[runlim] sample:		296.54 time, 300.01 real, 91 MB
[runlim] sample:		306.54 time, 310.01 real, 91 MB
[runlim] sample:		316.54 time, 320.01 real, 91 MB
[runlim] sample:		326.54 time, 330.01 real, 91 MB
[runlim] sample:		336.54 time, 340.01 real, 91 MB
[runlim] sample:		346.54 time, 350.01 real, 91 MB
[runlim] sample:		356.54 time, 360.01 real, 91 MB
[runlim] sample:		366.54 time, 370.01 real, 91 MB
[runlim] sample:		376.54 time, 380.01 real, 91 MB
[runlim] sample:		386.54 time, 390.01 real, 91 MB
[runlim] sample:		396.54 time, 400.01 real, 91 MB
[runlim] sample:		406.54 time, 410.01 real, 91 MB
[runlim] sample:		416.54 time, 420.01 real, 91 MB
[runlim] sample:		426.54 time, 430.01 real, 91 MB
[runlim] sample:		436.54 time, 440.01 real, 91 MB
[runlim] sample:		446.54 time, 450.01 real, 91 MB
[runlim] sample:		456.54 time, 460.01 real, 91 MB
[runlim] sample:		466.54 time, 470.01 real, 91 MB
[runlim] sample:		476.54 time, 480.01 real, 91 MB
[runlim] sample:		486.54 time, 490.01 real, 91 MB
[runlim] sample:		496.54 time, 500.01 real, 91 MB
[runlim] sample:		506.54 time, 510.01 real, 91 MB
[runlim] sample:		516.54 time, 520.01 real, 91 MB
[runlim] sample:		526.54 time, 530.01 real, 91 MB
[runlim] sample:		536.54 time, 540.01 real, 91 MB
[runlim] sample:		546.54 time, 550.01 real, 91 MB
[runlim] sample:		556.54 time, 560.01 real, 91 MB
[runlim] sample:		566.54 time, 570.01 real, 91 MB
[runlim] sample:		576.54 time, 580.01 real, 91 MB
[runlim] sample:		586.54 time, 590.01 real, 91 MB
[runlim] sample:		596.54 time, 600.01 real, 91 MB
[runlim] sample:		606.54 time, 610.01 real, 91 MB
[runlim] sample:		616.54 time, 620.01 real, 91 MB
[runlim] sample:		626.54 time, 630.01 real, 91 MB
[runlim] sample:		636.54 time, 640.01 real, 91 MB
[runlim] sample:		646.54 time, 650.01 real, 91 MB
[runlim] sample:		656.54 time, 660.01 real, 91 MB
[runlim] sample:		666.54 time, 670.01 real, 91 MB
[runlim] sample:		676.54 time, 680.01 real, 91 MB
[runlim] sample:		686.54 time, 690.01 real, 91 MB
[runlim] sample:		696.54 time, 700.01 real, 91 MB
[runlim] sample:		706.54 time, 710.01 real, 91 MB
[runlim] sample:		716.54 time, 720.01 real, 91 MB
[runlim] sample:		726.54 time, 730.01 real, 91 MB
[runlim] sample:		736.54 time, 740.01 real, 91 MB
[runlim] sample:		746.54 time, 750.01 real, 91 MB
[runlim] sample:		756.54 time, 760.01 real, 91 MB
[runlim] sample:		766.54 time, 770.01 real, 91 MB
[runlim] sample:		776.54 time, 780.01 real, 91 MB
[runlim] sample:		786.54 time, 790.01 real, 91 MB
[runlim] sample:		796.54 time, 800.01 real, 91 MB
[runlim] sample:		806.54 time, 810.01 real, 91 MB
[runlim] sample:		816.54 time, 820.01 real, 91 MB
[runlim] sample:		826.54 time, 830.01 real, 91 MB
[runlim] sample:		836.54 time, 840.01 real, 91 MB
[runlim] sample:		846.54 time, 850.01 real, 91 MB
[runlim] sample:		856.54 time, 860.01 real, 91 MB
[runlim] sample:		866.54 time, 870.01 real, 91 MB
[runlim] sample:		876.54 time, 880.01 real, 91 MB
[runlim] sample:		886.54 time, 890.01 real, 91 MB
[runlim] sample:		896.54 time, 900.01 real, 91 MB
[runlim] sample:		906.54 time, 910.01 real, 91 MB
[runlim] sample:		916.54 time, 920.01 real, 91 MB
[runlim] sample:		926.53 time, 930.01 real, 91 MB
[runlim] sample:		936.53 time, 940.01 real, 91 MB
[runlim] sample:		946.53 time, 950.01 real, 91 MB
[runlim] sample:		956.53 time, 960.01 real, 91 MB
[runlim] sample:		966.53 time, 970.01 real, 91 MB
[runlim] sample:		976.53 time, 980.01 real, 91 MB
[runlim] sample:		986.53 time, 990.01 real, 91 MB
[runlim] sample:		996.53 time, 1000.01 real, 91 MB
[runlim] sample:		1006.53 time, 1010.01 real, 91 MB
[runlim] sample:		1016.53 time, 1020.01 real, 91 MB
[runlim] sample:		1026.53 time, 1030.01 real, 91 MB
[runlim] sample:		1036.53 time, 1040.01 real, 91 MB
[runlim] sample:		1046.53 time, 1050.01 real, 91 MB
[runlim] sample:		1056.53 time, 1060.01 real, 91 MB
[runlim] sample:		1066.53 time, 1070.01 real, 91 MB
[runlim] sample:		1076.53 time, 1080.01 real, 91 MB
[runlim] sample:		1086.53 time, 1090.01 real, 91 MB
[runlim] sample:		1096.53 time, 1100.01 real, 91 MB
[runlim] sample:		1106.53 time, 1110.01 real, 91 MB
[runlim] sample:		1116.53 time, 1120.01 real, 91 MB
[runlim] sample:		1126.54 time, 1130.01 real, 91 MB
[runlim] sample:		1136.54 time, 1140.01 real, 91 MB
[runlim] sample:		1146.54 time, 1150.01 real, 91 MB
[runlim] sample:		1156.54 time, 1160.01 real, 91 MB
[runlim] sample:		1166.54 time, 1170.01 real, 91 MB
[runlim] sample:		1176.54 time, 1180.01 real, 91 MB
[runlim] sample:		1186.54 time, 1190.01 real, 91 MB
[runlim] sample:		1196.54 time, 1200.01 real, 91 MB
[runlim] sample:		1206.54 time, 1210.01 real, 91 MB
[runlim] sample:		1216.54 time, 1220.01 real, 91 MB
[runlim] sample:		1226.54 time, 1230.01 real, 91 MB
