[litmus/run.sh] running 8: litmus/intel/2/run.sh btormc btor2
[concubine>main] encoding took 0.000691 seconds
[concubine>main] generated 176 commands
[btormc] parsing input file...
[btormc] finished parsing
[btor>mc] calling BMC on 1 properties from bound 10 up-to maximum bound k = 10
[btor>mc] trace generation enabled
[btor>mc] new forward manager
[btor>mc] initialized forward frame at bound k = 0
[btor>mc] initialized forward frame at bound k = 1
[btor>mc] initialized forward frame at bound k = 2
[btor>mc] initialized forward frame at bound k = 3
[btor>mc] initialized forward frame at bound k = 4
[btor>mc] initialized forward frame at bound k = 5
[btor>mc] initialized forward frame at bound k = 6
[btor>mc] initialized forward frame at bound k = 7
[btor>mc] initialized forward frame at bound k = 8
[btor>mc] initialized forward frame at bound k = 9
[btor>mc] initialized forward frame at bound k = 10
[btor>mc] checking forward frame at bound k = 10
[btor>mc] checking forward frame bad state property 0 at bound k = 10
[btor>core] calling SAT
[btor>core] found UFs, disable slice elimination
[btor>varsubst] 6 variables substituted in 0.0 seconds
[btor>embed] replaced 79 embedded constraints in 0 seconds
[btor>extract] set: 0 (0), set_inc: 0 (0), set_itoi: 0 (0), set_itoip1: 0 (0), cpy: 0 (0)
[btor>extract] extracted 0 lambdas in 0.000 seconds
[btor>preprocess] 1 rewriting rounds in 0.0 seconds
[btor>preprocess] simplification returned 0
[btor>slvfun] enabled core engine
[btor>sat] CaDiCaL allows both incremental and non-incremental mode
[btor>sat] initialized CaDiCaL
[btor>slvfun] 230 AIG vars, 2214 AIG ands, 1702 CNF vars, 4829 CNF clauses
[btor>core] SAT call 2 returned 20 in 0.000 seconds
[btor>mc] bad state property 0 at bound k = 10 UNSATISFIABLE
[btor>mc] found 0 reachable and 0 unreachable bad state properties at bound k = 10
[btor>mc] deleting model checker: 4 inputs, 24 states, 1 bad, 6 constraints
[concubine>main] solving took 0.010015 seconds
