[litmus/run.sh] running 13: litmus/intel/2/run.sh z3 functional
[concubine>main] encoding took 0.007276 seconds
[concubine>main] generated 2508 commands
(:added-eqs           21
 :array-ax1           7
 :binary-propagations 928
 :bv-bit2core         32
 :bv-diseqs           9
 :conflicts           11
 :decisions           36
 :eliminated-vars     336
 :max-memory          4.62
 :memory              3.60
 :mk-bool-var         1208
 :mk-clause           1287
 :num-allocs          896858
 :num-checks          1
 :propagations        1145
 :rlimit-count        51688
 :time                0.02)
unsat
[concubine>main] solving took 0.024939 seconds
