[litmus/run.sh] running 14: litmus/intel/2/run.sh z3 relational
[concubine>main] encoding took 0.010503 seconds
[concubine>main] generated 2950 commands
(:added-eqs               15865
 :array-ax1               18
 :binary-propagations     29520
 :bv-bit2core             50983
 :bv-diseqs               18
 :bv-dynamic-diseqs       26
 :bv->core-eq             1048
 :conflicts               155
 :decisions               2395
 :del-clause              974
 :eliminated-applications 1
 :eliminated-vars         113
 :max-memory              5.96
 :memory                  3.80
 :minimized-lits          520
 :mk-bool-var             6698
 :mk-clause               3097
 :num-allocs              6254092
 :num-checks              1
 :propagations            49157
 :restarts                1
 :rlimit-count            268025
 :time                    0.27)
unsat
[concubine>main] solving took 0.289331 seconds
