[concubine>main] encoding took 0.082392 seconds
[concubine>main] generated 87117 commands
[btor>main] Boolector Version 3.2.1 master-4d240436e34e65096671099766344dd9126145b1
[btor>main]  -std=gnu99 -W -Wall -Wextra -Wredundant-decls -O3
[btor>main] released 2020-11-28T01:46:49
[btor>main] compiled 2020-11-28T01:46:49
[btor>main] GNU 9.3.0
[btor>main] setting signal handlers
[btor>main] no time limit given
[btor>parse] assuming SMT-LIB v2 input,  parsing '<stdin>'
[btor>smt2] parsed 27454 commands in 0.00 seconds
[btor>core] calling SAT
[btor>core] found UFs, disable slice elimination
[btor>varsubst] 11256 variables substituted in 0.0 seconds
[btor>embed] replaced 8 embedded constraints in 0 seconds
[btor>extract] set: 1 (2), set_inc: 0 (0), set_itoi: 0 (0), set_itoip1: 0 (0), cpy: 0 (0)
[btor>extract] extracted 1 lambdas in 0.000 seconds
[btor>merge] merged 0 lambdas in 0.00 seconds
[btor>preprocess] 1 rewriting rounds in 0.0 seconds
[btor>preprocess] simplification returned 0
[btor>slvfun] enabled core engine
[btor>sat] CaDiCaL allows both incremental and non-incremental mode
[btor>sat] initialized CaDiCaL
[btor>slvfun] 7420 AIG vars, 221224 AIG ands, 144478 CNF vars, 455544 CNF clauses
[btorcore] 1 iterations, 12 lemmas, 0 ext. lemmas, vars 716, applies 425
[btor>slvfun] 7468 AIG vars, 222151 AIG ands, 145067 CNF vars, 457376 CNF clauses
[btorcore] 2 iterations, 82 lemmas, 0 ext. lemmas, vars 716, applies 425
[btor>slvfun] 7500 AIG vars, 226723 AIG ands, 147463 CNF vars, 465572 CNF clauses
[btorcore] 3 iterations, 150 lemmas, 0 ext. lemmas, vars 716, applies 425
[btor>slvfun] 7500 AIG vars, 231254 AIG ands, 149818 CNF vars, 473725 CNF clauses
[btorcore] 4 iterations, 204 lemmas, 0 ext. lemmas, vars 716, applies 425
[btor>slvfun] 7500 AIG vars, 233845 AIG ands, 151159 CNF vars, 478373 CNF clauses
[btorcore] 5 iterations, 241 lemmas, 0 ext. lemmas, vars 716, applies 425
[btor>slvfun] 7500 AIG vars, 235804 AIG ands, 152159 CNF vars, 481853 CNF clauses
[btorcore] 6 iterations, 269 lemmas, 0 ext. lemmas, vars 716, applies 425
[btor>slvfun] 7500 AIG vars, 237297 AIG ands, 152916 CNF vars, 484492 CNF clauses
[btorcore] 7 iterations, 305 lemmas, 0 ext. lemmas, vars 716, applies 425
[btor>slvfun] 7500 AIG vars, 238942 AIG ands, 153759 CNF vars, 487422 CNF clauses
[btorcore] 8 iterations, 331 lemmas, 0 ext. lemmas, vars 716, applies 425
[btor>slvfun] 7500 AIG vars, 239988 AIG ands, 154293 CNF vars, 489280 CNF clauses
[btorcore] 9 iterations, 355 lemmas, 0 ext. lemmas, vars 716, applies 425
[btor>slvfun] 7500 AIG vars, 241033 AIG ands, 154826 CNF vars, 491135 CNF clauses
[btorcore] 10 iterations, 386 lemmas, 0 ext. lemmas, vars 716, applies 425
[btor>slvfun] 7500 AIG vars, 241898 AIG ands, 155276 CNF vars, 492693 CNF clauses
[btorcore] 11 iterations, 463 lemmas, 0 ext. lemmas, vars 716, applies 425
[btor>slvfun] 7500 AIG vars, 245299 AIG ands, 157013 CNF vars, 498736 CNF clauses
[btorcore] 12 iterations, 499 lemmas, 0 ext. lemmas, vars 716, applies 425
[btor>slvfun] 7500 AIG vars, 246920 AIG ands, 157834 CNF vars, 501599 CNF clauses
[btorcore] 13 iterations, 509 lemmas, 0 ext. lemmas, vars 716, applies 425
[btor>slvfun] 7500 AIG vars, 247377 AIG ands, 158067 CNF vars, 502410 CNF clauses
[btorcore] 14 iterations, 555 lemmas, 0 ext. lemmas, vars 716, applies 425
[btor>slvfun] 7500 AIG vars, 249206 AIG ands, 159000 CNF vars, 505657 CNF clauses
[btorcore] 15 iterations, 565 lemmas, 0 ext. lemmas, vars 716, applies 425
[btor>slvfun] 7500 AIG vars, 249409 AIG ands, 159107 CNF vars, 506026 CNF clauses
[btorcore] 16 iterations, 581 lemmas, 0 ext. lemmas, vars 716, applies 425
[btor>slvfun] 7500 AIG vars, 249935 AIG ands, 159377 CNF vars, 506964 CNF clauses
[btorcore] 17 iterations, 592 lemmas, 0 ext. lemmas, vars 716, applies 425
[btor>slvfun] 7500 AIG vars, 250392 AIG ands, 159610 CNF vars, 507775 CNF clauses
[btorcore] 18 iterations, 606 lemmas, 0 ext. lemmas, vars 716, applies 425
[btor>slvfun] 7500 AIG vars, 250794 AIG ands, 159819 CNF vars, 508499 CNF clauses
[btorcore] 19 iterations, 616 lemmas, 0 ext. lemmas, vars 716, applies 425
[btor>slvfun] 7500 AIG vars, 251124 AIG ands, 159989 CNF vars, 509089 CNF clauses
[btorcore] 20 iterations, 630 lemmas, 0 ext. lemmas, vars 716, applies 425
[btor>slvfun] 7500 AIG vars, 251460 AIG ands, 160165 CNF vars, 509697 CNF clauses
[btorcore] 21 iterations, 635 lemmas, 0 ext. lemmas, vars 716, applies 425
[btor>slvfun] 7500 AIG vars, 251591 AIG ands, 160232 CNF vars, 509930 CNF clauses
[btorcore] 22 iterations, 646 lemmas, 0 ext. lemmas, vars 716, applies 425
[btor>slvfun] 7500 AIG vars, 251796 AIG ands, 160341 CNF vars, 510305 CNF clauses
[btorcore] 23 iterations, 657 lemmas, 0 ext. lemmas, vars 716, applies 425
[btor>slvfun] 7500 AIG vars, 252251 AIG ands, 160572 CNF vars, 511110 CNF clauses
[btorcore] 24 iterations, 669 lemmas, 0 ext. lemmas, vars 716, applies 425
[btor>slvfun] 7500 AIG vars, 252583 AIG ands, 160744 CNF vars, 511706 CNF clauses
[btorcore] 25 iterations, 672 lemmas, 0 ext. lemmas, vars 716, applies 425
[btor>slvfun] 7500 AIG vars, 252649 AIG ands, 160779 CNF vars, 511827 CNF clauses
[btorcore] 26 iterations, 687 lemmas, 0 ext. lemmas, vars 716, applies 425
[btor>slvfun] 7500 AIG vars, 252923 AIG ands, 160925 CNF vars, 512329 CNF clauses
[btorcore] 27 iterations, 702 lemmas, 0 ext. lemmas, vars 716, applies 425
[btor>slvfun] 7500 AIG vars, 253384 AIG ands, 161162 CNF vars, 513152 CNF clauses
[btorcore] 28 iterations, 724 lemmas, 0 ext. lemmas, vars 716, applies 425
[btor>slvfun] 7500 AIG vars, 254234 AIG ands, 161596 CNF vars, 514662 CNF clauses
[btorcore] 29 iterations, 731 lemmas, 0 ext. lemmas, vars 716, applies 425
[btor>slvfun] 7500 AIG vars, 254431 AIG ands, 161697 CNF vars, 515013 CNF clauses
[btorcore] 30 iterations, 745 lemmas, 0 ext. lemmas, vars 716, applies 425
[btor>slvfun] 7500 AIG vars, 254639 AIG ands, 161809 CNF vars, 515397 CNF clauses
[btorcore] 31 iterations, 750 lemmas, 0 ext. lemmas, vars 716, applies 425
[btor>slvfun] 7500 AIG vars, 254708 AIG ands, 161846 CNF vars, 515524 CNF clauses
[btorcore] 32 iterations, 762 lemmas, 0 ext. lemmas, vars 716, applies 425
[btor>slvfun] 7500 AIG vars, 255043 AIG ands, 162021 CNF vars, 516129 CNF clauses
[btorcore] 33 iterations, 813 lemmas, 0 ext. lemmas, vars 716, applies 425
[btor>slvfun] 7500 AIG vars, 256574 AIG ands, 162816 CNF vars, 518882 CNF clauses
[btorcore] 34 iterations, 820 lemmas, 0 ext. lemmas, vars 716, applies 425
[btor>slvfun] 7500 AIG vars, 256774 AIG ands, 162920 CNF vars, 519242 CNF clauses
[btorcore] 35 iterations, 838 lemmas, 0 ext. lemmas, vars 716, applies 425
[btor>slvfun] 7500 AIG vars, 257243 AIG ands, 163165 CNF vars, 520089 CNF clauses
[btorcore] 36 iterations, 842 lemmas, 0 ext. lemmas, vars 716, applies 425
[btor>slvfun] 7500 AIG vars, 257310 AIG ands, 163200 CNF vars, 520210 CNF clauses
[btorcore] 37 iterations, 848 lemmas, 0 ext. lemmas, vars 716, applies 425
[btor>slvfun] 7500 AIG vars, 257443 AIG ands, 163269 CNF vars, 520449 CNF clauses
[btorcore] 38 iterations, 852 lemmas, 0 ext. lemmas, vars 716, applies 425
[btor>slvfun] 7500 AIG vars, 257511 AIG ands, 163305 CNF vars, 520573 CNF clauses
[btorcore] 39 iterations, 864 lemmas, 0 ext. lemmas, vars 716, applies 425
[btor>slvfun] 7500 AIG vars, 257844 AIG ands, 163478 CNF vars, 521172 CNF clauses
[btorcore] 40 iterations, 871 lemmas, 0 ext. lemmas, vars 716, applies 425
[btor>slvfun] 7500 AIG vars, 258042 AIG ands, 163580 CNF vars, 521526 CNF clauses
[btorcore] 41 iterations, 874 lemmas, 0 ext. lemmas, vars 716, applies 425
[btor>slvfun] 7500 AIG vars, 258109 AIG ands, 163615 CNF vars, 521647 CNF clauses
[btorcore] 42 iterations, 879 lemmas, 0 ext. lemmas, vars 716, applies 425
[btor>slvfun] 7500 AIG vars, 258179 AIG ands, 163653 CNF vars, 521777 CNF clauses
[btorcore] 43 iterations, 884 lemmas, 0 ext. lemmas, vars 716, applies 425
[btor>slvfun] 7500 AIG vars, 258249 AIG ands, 163691 CNF vars, 521907 CNF clauses
[btorcore] 44 iterations, 891 lemmas, 0 ext. lemmas, vars 716, applies 425
[btor>slvfun] 7500 AIG vars, 258322 AIG ands, 163732 CNF vars, 522046 CNF clauses
[btorcore] 45 iterations, 895 lemmas, 0 ext. lemmas, vars 716, applies 425
[btor>slvfun] 7500 AIG vars, 258454 AIG ands, 163800 CNF vars, 522282 CNF clauses
[btorcore] 46 iterations, 903 lemmas, 0 ext. lemmas, vars 716, applies 425
[btor>slvfun] 7500 AIG vars, 258718 AIG ands, 163936 CNF vars, 522754 CNF clauses
[btorcore] 47 iterations, 908 lemmas, 0 ext. lemmas, vars 716, applies 425
[btor>slvfun] 7500 AIG vars, 258787 AIG ands, 163973 CNF vars, 522881 CNF clauses
[btorcore] 48 iterations, 911 lemmas, 0 ext. lemmas, vars 716, applies 425
[btor>slvfun] 7500 AIG vars, 258854 AIG ands, 164008 CNF vars, 523002 CNF clauses
[btorcore] 49 iterations, 923 lemmas, 0 ext. lemmas, vars 716, applies 425
[btor>slvfun] 7500 AIG vars, 259185 AIG ands, 164179 CNF vars, 523595 CNF clauses
[btorcore] 50 iterations, 929 lemmas, 0 ext. lemmas, vars 716, applies 425
[btor>slvfun] 7500 AIG vars, 259320 AIG ands, 164250 CNF vars, 523840 CNF clauses
[btorcore] 51 iterations, 934 lemmas, 0 ext. lemmas, vars 716, applies 425
[btor>slvfun] 7500 AIG vars, 259389 AIG ands, 164287 CNF vars, 523967 CNF clauses
[btorcore] 52 iterations, 955 lemmas, 0 ext. lemmas, vars 716, applies 425
[btor>slvfun] 7500 AIG vars, 259862 AIG ands, 164536 CNF vars, 524826 CNF clauses
[btorcore] 53 iterations, 974 lemmas, 0 ext. lemmas, vars 716, applies 425
[btor>slvfun] 7500 AIG vars, 260330 AIG ands, 164780 CNF vars, 525670 CNF clauses
[btorcore] 54 iterations, 982 lemmas, 0 ext. lemmas, vars 716, applies 425
[btor>slvfun] 7500 AIG vars, 260595 AIG ands, 164917 CNF vars, 526145 CNF clauses
[btorcore] 55 iterations, 988 lemmas, 0 ext. lemmas, vars 716, applies 425
[btor>slvfun] 7500 AIG vars, 260667 AIG ands, 164957 CNF vars, 526281 CNF clauses
[btorcore] 56 iterations, 996 lemmas, 0 ext. lemmas, vars 716, applies 425
[btor>slvfun] 7500 AIG vars, 260804 AIG ands, 165030 CNF vars, 526532 CNF clauses
[btorcore] 57 iterations, 1006 lemmas, 0 ext. lemmas, vars 716, applies 425
[btor>slvfun] 7500 AIG vars, 261007 AIG ands, 165137 CNF vars, 526901 CNF clauses
[btorcore] 58 iterations, 1015 lemmas, 0 ext. lemmas, vars 716, applies 425
[btor>slvfun] 7500 AIG vars, 261146 AIG ands, 165212 CNF vars, 527158 CNF clauses
[btorcore] 59 iterations, 1018 lemmas, 0 ext. lemmas, vars 716, applies 425
[btor>slvfun] 7500 AIG vars, 261212 AIG ands, 165246 CNF vars, 527276 CNF clauses
[btorcore] 60 iterations, 1052 lemmas, 0 ext. lemmas, vars 716, applies 425
[btor>slvfun] 7500 AIG vars, 262148 AIG ands, 165734 CNF vars, 528964 CNF clauses
[btorcore] 61 iterations, 1063 lemmas, 0 ext. lemmas, vars 716, applies 425
[btor>slvfun] 7500 AIG vars, 262538 AIG ands, 165932 CNF vars, 529654 CNF clauses
[btorcore] 62 iterations, 1077 lemmas, 0 ext. lemmas, vars 716, applies 425
[btor>slvfun] 7500 AIG vars, 262810 AIG ands, 166076 CNF vars, 530150 CNF clauses
[btorcore] 63 iterations, 1083 lemmas, 0 ext. lemmas, vars 716, applies 425
[btor>slvfun] 7500 AIG vars, 262880 AIG ands, 166114 CNF vars, 530280 CNF clauses
[btorcore] 64 iterations, 1088 lemmas, 0 ext. lemmas, vars 716, applies 425
[btor>slvfun] 7500 AIG vars, 262887 AIG ands, 166121 CNF vars, 530301 CNF clauses
[btorcore] 65 iterations, 1097 lemmas, 0 ext. lemmas, vars 716, applies 425
[btor>slvfun] 7500 AIG vars, 263152 AIG ands, 166258 CNF vars, 530776 CNF clauses
[btorcore] 66 iterations, 1108 lemmas, 0 ext. lemmas, vars 716, applies 425
[btor>slvfun] 7500 AIG vars, 263420 AIG ands, 166398 CNF vars, 531260 CNF clauses
[btorcore] 67 iterations, 1114 lemmas, 0 ext. lemmas, vars 716, applies 425
[btor>slvfun] 7500 AIG vars, 263619 AIG ands, 166501 CNF vars, 531617 CNF clauses
[btorcore] 68 iterations, 1120 lemmas, 0 ext. lemmas, vars 716, applies 425
[btor>slvfun] 7500 AIG vars, 263817 AIG ands, 166603 CNF vars, 531971 CNF clauses
[btorcore] 69 iterations, 1124 lemmas, 0 ext. lemmas, vars 716, applies 425
[btor>slvfun] 7500 AIG vars, 263948 AIG ands, 166670 CNF vars, 532204 CNF clauses
[btorcore] 70 iterations, 1127 lemmas, 0 ext. lemmas, vars 716, applies 425
[btor>slvfun] 7500 AIG vars, 264077 AIG ands, 166735 CNF vars, 532431 CNF clauses
[btorcore] 71 iterations, 1132 lemmas, 0 ext. lemmas, vars 716, applies 425
[btor>slvfun] 7500 AIG vars, 264083 AIG ands, 166741 CNF vars, 532449 CNF clauses
[btorcore] 72 iterations, 1138 lemmas, 0 ext. lemmas, vars 716, applies 425
[btor>slvfun] 7500 AIG vars, 264278 AIG ands, 166840 CNF vars, 532794 CNF clauses
[btorcore] 73 iterations, 1154 lemmas, 0 ext. lemmas, vars 716, applies 425
[btor>slvfun] 7500 AIG vars, 264556 AIG ands, 166990 CNF vars, 533308 CNF clauses
[btorcore] 74 iterations, 1167 lemmas, 0 ext. lemmas, vars 716, applies 425
[btor>slvfun] 7500 AIG vars, 265012 AIG ands, 167222 CNF vars, 534116 CNF clauses
[btorcore] 75 iterations, 1181 lemmas, 0 ext. lemmas, vars 716, applies 425
[btor>slvfun] 7500 AIG vars, 265285 AIG ands, 167367 CNF vars, 534615 CNF clauses
[btorcore] 76 iterations, 1185 lemmas, 0 ext. lemmas, vars 716, applies 425
[btor>slvfun] 7500 AIG vars, 265291 AIG ands, 167373 CNF vars, 534633 CNF clauses
[btorcore] 77 iterations, 1186 lemmas, 0 ext. lemmas, vars 716, applies 425
[btor>slvfun] 7500 AIG vars, 265292 AIG ands, 167374 CNF vars, 534636 CNF clauses
[btorcore] 78 iterations, 1192 lemmas, 0 ext. lemmas, vars 716, applies 425
[btor>slvfun] 7500 AIG vars, 265487 AIG ands, 167473 CNF vars, 534981 CNF clauses
[btorcore] 79 iterations, 1198 lemmas, 0 ext. lemmas, vars 716, applies 425
[btor>slvfun] 7500 AIG vars, 265684 AIG ands, 167574 CNF vars, 535332 CNF clauses
[btorcore] 80 iterations, 1206 lemmas, 0 ext. lemmas, vars 716, applies 425
[btor>slvfun] 7500 AIG vars, 265885 AIG ands, 167679 CNF vars, 535695 CNF clauses
[btorcore] 81 iterations, 1215 lemmas, 0 ext. lemmas, vars 716, applies 425
[btor>slvfun] 7500 AIG vars, 266151 AIG ands, 167817 CNF vars, 536173 CNF clauses
[btorcore] 82 iterations, 1219 lemmas, 0 ext. lemmas, vars 716, applies 425
[btor>slvfun] 7500 AIG vars, 266219 AIG ands, 167853 CNF vars, 536297 CNF clauses
[btorcore] 83 iterations, 1224 lemmas, 0 ext. lemmas, vars 716, applies 425
[btor>slvfun] 7500 AIG vars, 266287 AIG ands, 167889 CNF vars, 536421 CNF clauses
[btorcore] 84 iterations, 1226 lemmas, 0 ext. lemmas, vars 716, applies 425
[btor>slvfun] 7500 AIG vars, 266289 AIG ands, 167891 CNF vars, 536427 CNF clauses
[btorcore] 85 iterations, 1227 lemmas, 0 ext. lemmas, vars 716, applies 425
[btor>slvfun] 7500 AIG vars, 266290 AIG ands, 167892 CNF vars, 536430 CNF clauses
[btorcore] 86 iterations, 1230 lemmas, 0 ext. lemmas, vars 716, applies 425
[btor>slvfun] 7500 AIG vars, 266293 AIG ands, 167895 CNF vars, 536439 CNF clauses
[btorcore] 87 iterations, 1243 lemmas, 0 ext. lemmas, vars 716, applies 425
[btor>slvfun] 7500 AIG vars, 266563 AIG ands, 168037 CNF vars, 536929 CNF clauses
[btorcore] 88 iterations, 1245 lemmas, 0 ext. lemmas, vars 716, applies 425
[btor>slvfun] 7500 AIG vars, 266566 AIG ands, 168040 CNF vars, 536938 CNF clauses
[btorcore] 89 iterations, 1248 lemmas, 0 ext. lemmas, vars 716, applies 425
[btor>slvfun] 7500 AIG vars, 266633 AIG ands, 168075 CNF vars, 537059 CNF clauses
[btorcore] 90 iterations, 1256 lemmas, 0 ext. lemmas, vars 716, applies 425
[btor>slvfun] 7500 AIG vars, 266770 AIG ands, 168148 CNF vars, 537310 CNF clauses
[btorcore] 91 iterations, 1263 lemmas, 0 ext. lemmas, vars 716, applies 425
[btor>slvfun] 7500 AIG vars, 266970 AIG ands, 168252 CNF vars, 537670 CNF clauses
[btorcore] 92 iterations, 1268 lemmas, 0 ext. lemmas, vars 716, applies 425
[btor>slvfun] 7500 AIG vars, 266976 AIG ands, 168258 CNF vars, 537688 CNF clauses
[btorcore] 93 iterations, 1274 lemmas, 0 ext. lemmas, vars 716, applies 425
[btor>slvfun] 7500 AIG vars, 267050 AIG ands, 168300 CNF vars, 537830 CNF clauses
[btorcore] 94 iterations, 1285 lemmas, 0 ext. lemmas, vars 716, applies 425
[btor>slvfun] 7500 AIG vars, 267190 AIG ands, 168376 CNF vars, 538090 CNF clauses
[btorcore] 95 iterations, 1290 lemmas, 0 ext. lemmas, vars 716, applies 425
[btor>slvfun] 7500 AIG vars, 267260 AIG ands, 168414 CNF vars, 538220 CNF clauses
[btorcore] 96 iterations, 1293 lemmas, 0 ext. lemmas, vars 716, applies 425
[btor>slvfun] 7500 AIG vars, 267266 AIG ands, 168420 CNF vars, 538238 CNF clauses
[btorcore] 97 iterations, 1308 lemmas, 0 ext. lemmas, vars 716, applies 425
[btor>slvfun] 7500 AIG vars, 267666 AIG ands, 168628 CNF vars, 538958 CNF clauses
[btorcore] 98 iterations, 1310 lemmas, 0 ext. lemmas, vars 716, applies 425
[btor>slvfun] 7500 AIG vars, 267732 AIG ands, 168662 CNF vars, 539076 CNF clauses
[btorcore] 99 iterations, 1311 lemmas, 0 ext. lemmas, vars 716, applies 425
[btor>slvfun] 7500 AIG vars, 267733 AIG ands, 168663 CNF vars, 539079 CNF clauses
[btorcore] 100 iterations, 1324 lemmas, 0 ext. lemmas, vars 716, applies 425
[btor>slvfun] 7500 AIG vars, 268066 AIG ands, 168836 CNF vars, 539678 CNF clauses
[btorcore] 101 iterations, 1326 lemmas, 0 ext. lemmas, vars 716, applies 425
[btor>slvfun] 7500 AIG vars, 268131 AIG ands, 168869 CNF vars, 539793 CNF clauses
[btorcore] 102 iterations, 1329 lemmas, 0 ext. lemmas, vars 716, applies 425
[btor>slvfun] 7500 AIG vars, 268263 AIG ands, 168937 CNF vars, 540029 CNF clauses
[btorcore] 103 iterations, 1331 lemmas, 0 ext. lemmas, vars 716, applies 425
[btor>slvfun] 7500 AIG vars, 268266 AIG ands, 168940 CNF vars, 540038 CNF clauses
[btorcore] 104 iterations, 1333 lemmas, 0 ext. lemmas, vars 716, applies 425
[btor>slvfun] 7500 AIG vars, 268269 AIG ands, 168943 CNF vars, 540047 CNF clauses
[btorcore] 105 iterations, 1337 lemmas, 0 ext. lemmas, vars 716, applies 425
[btor>slvfun] 7500 AIG vars, 268274 AIG ands, 168948 CNF vars, 540062 CNF clauses
[btorcore] 106 iterations, 1339 lemmas, 0 ext. lemmas, vars 716, applies 425
[btor>slvfun] 7500 AIG vars, 268276 AIG ands, 168950 CNF vars, 540068 CNF clauses
[btorcore] 107 iterations, 1347 lemmas, 0 ext. lemmas, vars 716, applies 425
[btor>slvfun] 7500 AIG vars, 268349 AIG ands, 168991 CNF vars, 540207 CNF clauses
[btorcore] 108 iterations, 1353 lemmas, 0 ext. lemmas, vars 716, applies 425
[btor>slvfun] 7500 AIG vars, 268483 AIG ands, 169061 CNF vars, 540449 CNF clauses
[btorcore] 109 iterations, 1355 lemmas, 0 ext. lemmas, vars 716, applies 425
[btor>slvfun] 7500 AIG vars, 268486 AIG ands, 169064 CNF vars, 540458 CNF clauses
[btorcore] 110 iterations, 1358 lemmas, 0 ext. lemmas, vars 716, applies 425
[btor>slvfun] 7500 AIG vars, 268553 AIG ands, 169099 CNF vars, 540579 CNF clauses
[btorcore] 111 iterations, 1359 lemmas, 0 ext. lemmas, vars 716, applies 425
[btor>slvfun] 7500 AIG vars, 268554 AIG ands, 169100 CNF vars, 540582 CNF clauses
[btorcore] 112 iterations, 1361 lemmas, 0 ext. lemmas, vars 716, applies 425
[btor>slvfun] 7500 AIG vars, 268557 AIG ands, 169103 CNF vars, 540591 CNF clauses
[btorcore] 113 iterations, 1366 lemmas, 0 ext. lemmas, vars 716, applies 425
[btor>slvfun] 7500 AIG vars, 268627 AIG ands, 169141 CNF vars, 540721 CNF clauses
[btorcore] 114 iterations, 1372 lemmas, 0 ext. lemmas, vars 716, applies 425
[btor>slvfun] 7500 AIG vars, 268633 AIG ands, 169147 CNF vars, 540739 CNF clauses
[btorcore] 115 iterations, 1375 lemmas, 0 ext. lemmas, vars 716, applies 425
[btor>slvfun] 7500 AIG vars, 268699 AIG ands, 169181 CNF vars, 540857 CNF clauses
[btorcore] 116 iterations, 1381 lemmas, 0 ext. lemmas, vars 716, applies 425
[btor>slvfun] 7500 AIG vars, 268835 AIG ands, 169253 CNF vars, 541105 CNF clauses
[btorcore] 117 iterations, 1384 lemmas, 0 ext. lemmas, vars 716, applies 425
[btor>slvfun] 7500 AIG vars, 268902 AIG ands, 169288 CNF vars, 541226 CNF clauses
[btorcore] 118 iterations, 1385 lemmas, 0 ext. lemmas, vars 716, applies 425
[btor>slvfun] 7500 AIG vars, 268903 AIG ands, 169289 CNF vars, 541229 CNF clauses
[btorcore] 119 iterations, 1387 lemmas, 0 ext. lemmas, vars 716, applies 425
[btor>slvfun] 7500 AIG vars, 268906 AIG ands, 169292 CNF vars, 541238 CNF clauses
[btorcore] 120 iterations, 1388 lemmas, 0 ext. lemmas, vars 716, applies 425
[btor>slvfun] 7500 AIG vars, 268907 AIG ands, 169293 CNF vars, 541241 CNF clauses
[btorcore] 121 iterations, 1389 lemmas, 0 ext. lemmas, vars 716, applies 425
[btor>slvfun] 7500 AIG vars, 268908 AIG ands, 169294 CNF vars, 541244 CNF clauses
[btorcore] 122 iterations, 1391 lemmas, 0 ext. lemmas, vars 716, applies 425
[btor>slvfun] 7500 AIG vars, 268911 AIG ands, 169297 CNF vars, 541253 CNF clauses
[btorcore] 123 iterations, 1395 lemmas, 0 ext. lemmas, vars 716, applies 425
[btor>slvfun] 7500 AIG vars, 268979 AIG ands, 169333 CNF vars, 541377 CNF clauses
[btorcore] 124 iterations, 1397 lemmas, 0 ext. lemmas, vars 716, applies 425
[btor>slvfun] 7500 AIG vars, 268981 AIG ands, 169335 CNF vars, 541383 CNF clauses
[btorcore] 125 iterations, 1399 lemmas, 0 ext. lemmas, vars 716, applies 425
[btor>slvfun] 7500 AIG vars, 269109 AIG ands, 169399 CNF vars, 541607 CNF clauses
[btorcore] 126 iterations, 1402 lemmas, 0 ext. lemmas, vars 716, applies 425
[btor>slvfun] 7500 AIG vars, 269176 AIG ands, 169434 CNF vars, 541728 CNF clauses
[btorcore] 127 iterations, 1403 lemmas, 0 ext. lemmas, vars 716, applies 425
[btor>slvfun] 7500 AIG vars, 269177 AIG ands, 169435 CNF vars, 541731 CNF clauses
[btorcore] 128 iterations, 1411 lemmas, 0 ext. lemmas, vars 716, applies 425
[btor>slvfun] 7500 AIG vars, 269378 AIG ands, 169540 CNF vars, 542094 CNF clauses
[btorcore] 129 iterations, 1413 lemmas, 0 ext. lemmas, vars 716, applies 425
[btor>slvfun] 7500 AIG vars, 269382 AIG ands, 169544 CNF vars, 542106 CNF clauses
[btorcore] 130 iterations, 1416 lemmas, 0 ext. lemmas, vars 716, applies 425
[btor>slvfun] 7500 AIG vars, 269385 AIG ands, 169547 CNF vars, 542115 CNF clauses
[btorcore] 131 iterations, 1422 lemmas, 0 ext. lemmas, vars 716, applies 425
[btor>slvfun] 7500 AIG vars, 269457 AIG ands, 169587 CNF vars, 542251 CNF clauses
[btorcore] 132 iterations, 1425 lemmas, 0 ext. lemmas, vars 716, applies 425
[btor>slvfun] 7500 AIG vars, 269589 AIG ands, 169655 CNF vars, 542487 CNF clauses
[btorcore] 133 iterations, 1426 lemmas, 0 ext. lemmas, vars 716, applies 425
[btor>slvfun] 7500 AIG vars, 269655 AIG ands, 169689 CNF vars, 542605 CNF clauses
[btorcore] 134 iterations, 1430 lemmas, 0 ext. lemmas, vars 716, applies 425
[btor>slvfun] 7500 AIG vars, 269660 AIG ands, 169694 CNF vars, 542620 CNF clauses
[btorcore] 135 iterations, 1434 lemmas, 0 ext. lemmas, vars 716, applies 425
[btor>slvfun] 7500 AIG vars, 269729 AIG ands, 169731 CNF vars, 542747 CNF clauses
[btorcore] 136 iterations, 1438 lemmas, 0 ext. lemmas, vars 716, applies 425
[btor>slvfun] 7500 AIG vars, 269735 AIG ands, 169737 CNF vars, 542765 CNF clauses
[btorcore] 137 iterations, 1445 lemmas, 0 ext. lemmas, vars 716, applies 425
[btor>slvfun] 7500 AIG vars, 269935 AIG ands, 169841 CNF vars, 543125 CNF clauses
[btorcore] 138 iterations, 1452 lemmas, 0 ext. lemmas, vars 716, applies 425
[btor>slvfun] 7500 AIG vars, 270006 AIG ands, 169880 CNF vars, 543258 CNF clauses
[btorcore] 139 iterations, 1462 lemmas, 0 ext. lemmas, vars 716, applies 425
[btor>slvfun] 7500 AIG vars, 270337 AIG ands, 170051 CNF vars, 543851 CNF clauses
[btorcore] 140 iterations, 1470 lemmas, 0 ext. lemmas, vars 716, applies 425
[btor>slvfun] 7500 AIG vars, 270474 AIG ands, 170124 CNF vars, 544102 CNF clauses
[btorcore] 141 iterations, 1473 lemmas, 0 ext. lemmas, vars 716, applies 425
[btor>slvfun] 7500 AIG vars, 270477 AIG ands, 170127 CNF vars, 544111 CNF clauses
[btorcore] 142 iterations, 1478 lemmas, 0 ext. lemmas, vars 716, applies 425
[btor>slvfun] 7500 AIG vars, 270613 AIG ands, 170199 CNF vars, 544359 CNF clauses
[btorcore] 143 iterations, 1486 lemmas, 0 ext. lemmas, vars 716, applies 425
[btor>slvfun] 7500 AIG vars, 270750 AIG ands, 170272 CNF vars, 544610 CNF clauses
[btorcore] 144 iterations, 1501 lemmas, 0 ext. lemmas, vars 716, applies 425
[btor>slvfun] 7500 AIG vars, 271090 AIG ands, 170452 CNF vars, 545230 CNF clauses
[btorcore] 145 iterations, 1507 lemmas, 0 ext. lemmas, vars 716, applies 425
[btor>slvfun] 7500 AIG vars, 271097 AIG ands, 170459 CNF vars, 545251 CNF clauses
[btorcore] 146 iterations, 1510 lemmas, 0 ext. lemmas, vars 716, applies 425
[btor>slvfun] 7500 AIG vars, 271101 AIG ands, 170463 CNF vars, 545263 CNF clauses
[btorcore] 147 iterations, 1521 lemmas, 0 ext. lemmas, vars 716, applies 425
[btor>slvfun] 7500 AIG vars, 271304 AIG ands, 170570 CNF vars, 545632 CNF clauses
[btorcore] 148 iterations, 1523 lemmas, 0 ext. lemmas, vars 716, applies 425
[btor>slvfun] 7500 AIG vars, 271306 AIG ands, 170572 CNF vars, 545638 CNF clauses
[btorcore] 149 iterations, 1528 lemmas, 0 ext. lemmas, vars 716, applies 425
[btor>slvfun] 7500 AIG vars, 271311 AIG ands, 170577 CNF vars, 545653 CNF clauses
[btorcore] 150 iterations, 1529 lemmas, 0 ext. lemmas, vars 716, applies 425
[btor>slvfun] 7500 AIG vars, 271314 AIG ands, 170580 CNF vars, 545662 CNF clauses
[btorcore] 151 iterations, 1533 lemmas, 0 ext. lemmas, vars 716, applies 425
[btor>slvfun] 7500 AIG vars, 271383 AIG ands, 170617 CNF vars, 545789 CNF clauses
[btorcore] 152 iterations, 1535 lemmas, 0 ext. lemmas, vars 716, applies 425
[btor>slvfun] 7500 AIG vars, 271385 AIG ands, 170619 CNF vars, 545795 CNF clauses
[btorcore] 153 iterations, 1539 lemmas, 0 ext. lemmas, vars 716, applies 425
[btor>slvfun] 7500 AIG vars, 271454 AIG ands, 170656 CNF vars, 545922 CNF clauses
[btorcore] 154 iterations, 1544 lemmas, 0 ext. lemmas, vars 716, applies 425
[btor>slvfun] 7500 AIG vars, 271588 AIG ands, 170726 CNF vars, 546164 CNF clauses
[btorcore] 155 iterations, 1546 lemmas, 0 ext. lemmas, vars 716, applies 425
[btor>slvfun] 7500 AIG vars, 271655 AIG ands, 170761 CNF vars, 546285 CNF clauses
[btorcore] 156 iterations, 1547 lemmas, 0 ext. lemmas, vars 716, applies 425
[btor>slvfun] 7500 AIG vars, 271658 AIG ands, 170764 CNF vars, 546294 CNF clauses
[btorcore] 157 iterations, 1549 lemmas, 0 ext. lemmas, vars 716, applies 425
[btor>slvfun] 7500 AIG vars, 271662 AIG ands, 170768 CNF vars, 546306 CNF clauses
[btorcore] 158 iterations, 1553 lemmas, 0 ext. lemmas, vars 716, applies 425
[btor>slvfun] 7500 AIG vars, 271794 AIG ands, 170836 CNF vars, 546542 CNF clauses
[btorcore] 159 iterations, 1557 lemmas, 0 ext. lemmas, vars 716, applies 425
[btor>slvfun] 7500 AIG vars, 271863 AIG ands, 170873 CNF vars, 546669 CNF clauses
[btorcore] 160 iterations, 1562 lemmas, 0 ext. lemmas, vars 716, applies 425
[btor>slvfun] 7500 AIG vars, 271995 AIG ands, 170941 CNF vars, 546905 CNF clauses
[btorcore] 161 iterations, 1568 lemmas, 0 ext. lemmas, vars 716, applies 425
[btor>slvfun] 7500 AIG vars, 272192 AIG ands, 171042 CNF vars, 547256 CNF clauses
[btorcore] 162 iterations, 1569 lemmas, 0 ext. lemmas, vars 716, applies 425
[btor>slvfun] 7500 AIG vars, 272194 AIG ands, 171044 CNF vars, 547262 CNF clauses
[btorcore] 163 iterations, 1571 lemmas, 0 ext. lemmas, vars 716, applies 425
[btor>slvfun] 7500 AIG vars, 272260 AIG ands, 171078 CNF vars, 547380 CNF clauses
[btorcore] 164 iterations, 1577 lemmas, 0 ext. lemmas, vars 716, applies 425
[btor>slvfun] 7500 AIG vars, 272459 AIG ands, 171181 CNF vars, 547737 CNF clauses
[btorcore] 165 iterations, 1579 lemmas, 0 ext. lemmas, vars 716, applies 425
[btor>slvfun] 7500 AIG vars, 272461 AIG ands, 171183 CNF vars, 547743 CNF clauses
[btorcore] 166 iterations, 1581 lemmas, 0 ext. lemmas, vars 716, applies 425
[btor>slvfun] 7500 AIG vars, 272528 AIG ands, 171218 CNF vars, 547864 CNF clauses
[btorcore] 167 iterations, 1582 lemmas, 0 ext. lemmas, vars 716, applies 425
[btor>slvfun] 7500 AIG vars, 272529 AIG ands, 171219 CNF vars, 547867 CNF clauses
[btorcore] 168 iterations, 1583 lemmas, 0 ext. lemmas, vars 716, applies 425
[btor>slvfun] 7500 AIG vars, 272530 AIG ands, 171220 CNF vars, 547870 CNF clauses
[btorcore] 169 iterations, 1584 lemmas, 0 ext. lemmas, vars 716, applies 425
[btor>slvfun] 7500 AIG vars, 272531 AIG ands, 171221 CNF vars, 547873 CNF clauses
[btorcore] 170 iterations, 1585 lemmas, 0 ext. lemmas, vars 716, applies 425
[btor>slvfun] 7500 AIG vars, 272595 AIG ands, 171253 CNF vars, 547985 CNF clauses
[btorcore] 171 iterations, 1587 lemmas, 0 ext. lemmas, vars 716, applies 425
[btor>slvfun] 7500 AIG vars, 272597 AIG ands, 171255 CNF vars, 547991 CNF clauses
[btorcore] 172 iterations, 1589 lemmas, 0 ext. lemmas, vars 716, applies 425
[btor>slvfun] 7500 AIG vars, 272662 AIG ands, 171288 CNF vars, 548106 CNF clauses
[btorcore] 173 iterations, 1594 lemmas, 0 ext. lemmas, vars 716, applies 425
[btor>slvfun] 7500 AIG vars, 272733 AIG ands, 171327 CNF vars, 548239 CNF clauses
[btorcore] 174 iterations, 1595 lemmas, 0 ext. lemmas, vars 716, applies 425
[btor>slvfun] 7500 AIG vars, 272734 AIG ands, 171328 CNF vars, 548242 CNF clauses
[btorcore] 175 iterations, 1596 lemmas, 0 ext. lemmas, vars 716, applies 425
[btor>slvfun] 7500 AIG vars, 272800 AIG ands, 171362 CNF vars, 548360 CNF clauses
[btorcore] 176 iterations, 1597 lemmas, 0 ext. lemmas, vars 716, applies 425
[btor>slvfun] 7500 AIG vars, 272802 AIG ands, 171364 CNF vars, 548366 CNF clauses
[btorcore] 177 iterations, 1602 lemmas, 0 ext. lemmas, vars 716, applies 425
[btor>slvfun] 7500 AIG vars, 272871 AIG ands, 171401 CNF vars, 548493 CNF clauses
[btorcore] 178 iterations, 1604 lemmas, 0 ext. lemmas, vars 716, applies 425
[btor>slvfun] 7500 AIG vars, 272873 AIG ands, 171403 CNF vars, 548499 CNF clauses
[btorcore] 179 iterations, 1614 lemmas, 0 ext. lemmas, vars 716, applies 425
[btor>slvfun] 7500 AIG vars, 273077 AIG ands, 171511 CNF vars, 548871 CNF clauses
[btorcore] 180 iterations, 1621 lemmas, 0 ext. lemmas, vars 716, applies 425
[btor>slvfun] 7500 AIG vars, 273342 AIG ands, 171648 CNF vars, 549346 CNF clauses
[btorcore] 181 iterations, 1622 lemmas, 0 ext. lemmas, vars 716, applies 425
[btor>slvfun] 7500 AIG vars, 273343 AIG ands, 171649 CNF vars, 549349 CNF clauses
[btorcore] 182 iterations, 1623 lemmas, 0 ext. lemmas, vars 716, applies 425
[btor>slvfun] 7500 AIG vars, 273407 AIG ands, 171681 CNF vars, 549461 CNF clauses
[btorcore] 183 iterations, 1627 lemmas, 0 ext. lemmas, vars 716, applies 425
[btor>slvfun] 7500 AIG vars, 273602 AIG ands, 171780 CNF vars, 549806 CNF clauses
[btorcore] 184 iterations, 1628 lemmas, 0 ext. lemmas, vars 716, applies 425
[btor>slvfun] 7500 AIG vars, 273603 AIG ands, 171781 CNF vars, 549809 CNF clauses
[btorcore] 185 iterations, 1634 lemmas, 0 ext. lemmas, vars 716, applies 425
[btor>slvfun] 7500 AIG vars, 273611 AIG ands, 171789 CNF vars, 549833 CNF clauses
[btorcore] 186 iterations, 1637 lemmas, 0 ext. lemmas, vars 716, applies 425
[btor>slvfun] 7500 AIG vars, 273677 AIG ands, 171823 CNF vars, 549951 CNF clauses
[btorcore] 187 iterations, 1638 lemmas, 0 ext. lemmas, vars 716, applies 425
[btor>slvfun] 7500 AIG vars, 273678 AIG ands, 171824 CNF vars, 549954 CNF clauses
[btorcore] 188 iterations, 1639 lemmas, 0 ext. lemmas, vars 716, applies 425
[btor>slvfun] 7500 AIG vars, 273680 AIG ands, 171826 CNF vars, 549960 CNF clauses
[btorcore] 189 iterations, 1644 lemmas, 0 ext. lemmas, vars 716, applies 425
[btor>slvfun] 7500 AIG vars, 273687 AIG ands, 171833 CNF vars, 549981 CNF clauses
[btorcore] 190 iterations, 1651 lemmas, 0 ext. lemmas, vars 716, applies 425
[btor>slvfun] 7500 AIG vars, 273760 AIG ands, 171874 CNF vars, 550120 CNF clauses
[btorcore] 191 iterations, 1654 lemmas, 0 ext. lemmas, vars 716, applies 425
[btor>slvfun] 7500 AIG vars, 273763 AIG ands, 171877 CNF vars, 550129 CNF clauses
[btorcore] 192 iterations, 1655 lemmas, 0 ext. lemmas, vars 716, applies 425
[btor>slvfun] 7500 AIG vars, 273764 AIG ands, 171878 CNF vars, 550132 CNF clauses
[btorcore] 193 iterations, 1657 lemmas, 0 ext. lemmas, vars 716, applies 425
[btor>slvfun] 7500 AIG vars, 273829 AIG ands, 171911 CNF vars, 550247 CNF clauses
[btorcore] 194 iterations, 1659 lemmas, 0 ext. lemmas, vars 716, applies 425
[btor>slvfun] 7500 AIG vars, 273831 AIG ands, 171913 CNF vars, 550253 CNF clauses
[btorcore] 195 iterations, 1661 lemmas, 0 ext. lemmas, vars 716, applies 425
[btor>slvfun] 7500 AIG vars, 273897 AIG ands, 171947 CNF vars, 550371 CNF clauses
[btorcore] 196 iterations, 1664 lemmas, 0 ext. lemmas, vars 716, applies 425
[btor>slvfun] 7500 AIG vars, 273900 AIG ands, 171950 CNF vars, 550380 CNF clauses
[btorcore] 197 iterations, 1667 lemmas, 0 ext. lemmas, vars 716, applies 425
[btor>slvfun] 7500 AIG vars, 273966 AIG ands, 171984 CNF vars, 550498 CNF clauses
[btorcore] 198 iterations, 1673 lemmas, 0 ext. lemmas, vars 716, applies 425
[btor>slvfun] 7500 AIG vars, 274036 AIG ands, 172022 CNF vars, 550628 CNF clauses
[btorcore] 199 iterations, 1676 lemmas, 0 ext. lemmas, vars 716, applies 425
[btor>slvfun] 7500 AIG vars, 274039 AIG ands, 172025 CNF vars, 550637 CNF clauses
[btorcore] 200 iterations, 1684 lemmas, 0 ext. lemmas, vars 716, applies 425
[btor>slvfun] 7500 AIG vars, 274111 AIG ands, 172065 CNF vars, 550773 CNF clauses
[btorcore] 201 iterations, 1698 lemmas, 0 ext. lemmas, vars 716, applies 425
[btor>slvfun] 7500 AIG vars, 274445 AIG ands, 172239 CNF vars, 551375 CNF clauses
[btorcore] 202 iterations, 1699 lemmas, 0 ext. lemmas, vars 716, applies 425
[btor>slvfun] 7500 AIG vars, 274510 AIG ands, 172272 CNF vars, 551490 CNF clauses
[btorcore] 203 iterations, 1700 lemmas, 0 ext. lemmas, vars 716, applies 425
[btor>slvfun] 7500 AIG vars, 274511 AIG ands, 172273 CNF vars, 551493 CNF clauses
[btorcore] 204 iterations, 1701 lemmas, 0 ext. lemmas, vars 716, applies 425
[btor>slvfun] 7500 AIG vars, 274512 AIG ands, 172274 CNF vars, 551496 CNF clauses
[btorcore] 205 iterations, 1702 lemmas, 0 ext. lemmas, vars 716, applies 425
[btor>slvfun] 7500 AIG vars, 274513 AIG ands, 172275 CNF vars, 551499 CNF clauses
[btorcore] 206 iterations, 1704 lemmas, 0 ext. lemmas, vars 716, applies 425
[btor>slvfun] 7500 AIG vars, 274517 AIG ands, 172279 CNF vars, 551511 CNF clauses
[btorcore] 207 iterations, 1705 lemmas, 0 ext. lemmas, vars 716, applies 425
[btor>slvfun] 7500 AIG vars, 274518 AIG ands, 172280 CNF vars, 551514 CNF clauses
[btorcore] 208 iterations, 1709 lemmas, 0 ext. lemmas, vars 716, applies 425
[btor>slvfun] 7500 AIG vars, 274650 AIG ands, 172348 CNF vars, 551750 CNF clauses
[btorcore] 209 iterations, 1713 lemmas, 0 ext. lemmas, vars 716, applies 425
[btor>slvfun] 7500 AIG vars, 274783 AIG ands, 172417 CNF vars, 551989 CNF clauses
[btorcore] 210 iterations, 1716 lemmas, 0 ext. lemmas, vars 716, applies 425
[btor>slvfun] 7500 AIG vars, 274850 AIG ands, 172452 CNF vars, 552110 CNF clauses
[btorcore] 211 iterations, 1718 lemmas, 0 ext. lemmas, vars 716, applies 425
[btor>slvfun] 7500 AIG vars, 274854 AIG ands, 172456 CNF vars, 552122 CNF clauses
[btorcore] 212 iterations, 1720 lemmas, 0 ext. lemmas, vars 716, applies 425
[btor>slvfun] 7500 AIG vars, 274920 AIG ands, 172490 CNF vars, 552240 CNF clauses
[btorcore] 213 iterations, 1722 lemmas, 0 ext. lemmas, vars 716, applies 425
[btor>slvfun] 7500 AIG vars, 274923 AIG ands, 172493 CNF vars, 552249 CNF clauses
[btorcore] 214 iterations, 1724 lemmas, 0 ext. lemmas, vars 716, applies 425
[btor>slvfun] 7500 AIG vars, 274988 AIG ands, 172526 CNF vars, 552364 CNF clauses
[btorcore] 215 iterations, 1725 lemmas, 0 ext. lemmas, vars 716, applies 425
[btor>slvfun] 7500 AIG vars, 275052 AIG ands, 172558 CNF vars, 552476 CNF clauses
[btorcore] 216 iterations, 1731 lemmas, 0 ext. lemmas, vars 716, applies 425
[btor>slvfun] 7500 AIG vars, 275125 AIG ands, 172599 CNF vars, 552615 CNF clauses
[btorcore] 217 iterations, 1732 lemmas, 0 ext. lemmas, vars 716, applies 425
[btor>slvfun] 7500 AIG vars, 275190 AIG ands, 172632 CNF vars, 552730 CNF clauses
[btorcore] 218 iterations, 1734 lemmas, 0 ext. lemmas, vars 716, applies 425
[btor>slvfun] 7500 AIG vars, 275192 AIG ands, 172634 CNF vars, 552736 CNF clauses
[btorcore] 219 iterations, 1735 lemmas, 0 ext. lemmas, vars 716, applies 425
[btor>slvfun] 7500 AIG vars, 275193 AIG ands, 172635 CNF vars, 552739 CNF clauses
[btorcore] 220 iterations, 1742 lemmas, 0 ext. lemmas, vars 716, applies 425
[btor>slvfun] 7500 AIG vars, 275266 AIG ands, 172676 CNF vars, 552878 CNF clauses
[btorcore] 221 iterations, 1743 lemmas, 0 ext. lemmas, vars 716, applies 425
[btor>slvfun] 7500 AIG vars, 275267 AIG ands, 172677 CNF vars, 552881 CNF clauses
[btorcore] 222 iterations, 1744 lemmas, 0 ext. lemmas, vars 716, applies 425
[btor>slvfun] 7500 AIG vars, 275268 AIG ands, 172678 CNF vars, 552884 CNF clauses
[btorcore] 223 iterations, 1745 lemmas, 0 ext. lemmas, vars 716, applies 425
[btor>slvfun] 7500 AIG vars, 275269 AIG ands, 172679 CNF vars, 552887 CNF clauses
[btorcore] 224 iterations, 1747 lemmas, 0 ext. lemmas, vars 716, applies 425
[btor>slvfun] 7500 AIG vars, 275272 AIG ands, 172682 CNF vars, 552896 CNF clauses
[btorcore] 225 iterations, 1749 lemmas, 0 ext. lemmas, vars 716, applies 425
[btor>slvfun] 7500 AIG vars, 275338 AIG ands, 172716 CNF vars, 553014 CNF clauses
[btorcore] 226 iterations, 1754 lemmas, 0 ext. lemmas, vars 716, applies 425
[btor>slvfun] 7500 AIG vars, 275407 AIG ands, 172753 CNF vars, 553141 CNF clauses
[btorcore] 227 iterations, 1755 lemmas, 0 ext. lemmas, vars 716, applies 425
[btor>slvfun] 7500 AIG vars, 275409 AIG ands, 172755 CNF vars, 553147 CNF clauses
[btorcore] 228 iterations, 1757 lemmas, 0 ext. lemmas, vars 716, applies 425
[btor>slvfun] 7500 AIG vars, 275411 AIG ands, 172757 CNF vars, 553153 CNF clauses
[btorcore] 229 iterations, 1762 lemmas, 0 ext. lemmas, vars 716, applies 425
[btor>slvfun] 7500 AIG vars, 275545 AIG ands, 172827 CNF vars, 553395 CNF clauses
[btorcore] 230 iterations, 1763 lemmas, 0 ext. lemmas, vars 716, applies 425
[btor>slvfun] 7500 AIG vars, 275546 AIG ands, 172828 CNF vars, 553398 CNF clauses
[btorcore] 231 iterations, 1764 lemmas, 0 ext. lemmas, vars 716, applies 425
[btor>slvfun] 7500 AIG vars, 275548 AIG ands, 172830 CNF vars, 553404 CNF clauses
[btorcore] 232 iterations, 1765 lemmas, 0 ext. lemmas, vars 716, applies 425
[btor>slvfun] 7500 AIG vars, 275549 AIG ands, 172831 CNF vars, 553407 CNF clauses
[btorcore] 233 iterations, 1766 lemmas, 0 ext. lemmas, vars 716, applies 425
[btor>slvfun] 7500 AIG vars, 275551 AIG ands, 172833 CNF vars, 553413 CNF clauses
[btorcore] 234 iterations, 1770 lemmas, 0 ext. lemmas, vars 716, applies 425
[btor>slvfun] 7500 AIG vars, 275618 AIG ands, 172868 CNF vars, 553534 CNF clauses
[btorcore] 235 iterations, 1771 lemmas, 0 ext. lemmas, vars 716, applies 425
[btor>slvfun] 7500 AIG vars, 275619 AIG ands, 172869 CNF vars, 553537 CNF clauses
[btorcore] 236 iterations, 1772 lemmas, 0 ext. lemmas, vars 716, applies 425
[btor>slvfun] 7500 AIG vars, 275620 AIG ands, 172870 CNF vars, 553540 CNF clauses
[btorcore] 237 iterations, 1774 lemmas, 0 ext. lemmas, vars 716, applies 425
[btor>slvfun] 7500 AIG vars, 275622 AIG ands, 172872 CNF vars, 553546 CNF clauses
[btorcore] 238 iterations, 1776 lemmas, 0 ext. lemmas, vars 716, applies 425
[btor>slvfun] 7500 AIG vars, 275625 AIG ands, 172875 CNF vars, 553555 CNF clauses
[btorcore] 239 iterations, 1791 lemmas, 0 ext. lemmas, vars 716, applies 425
[btor>slvfun] 7500 AIG vars, 275903 AIG ands, 173025 CNF vars, 554069 CNF clauses
[btorcore] 240 iterations, 1794 lemmas, 0 ext. lemmas, vars 716, applies 425
[btor>slvfun] 7500 AIG vars, 275970 AIG ands, 173060 CNF vars, 554190 CNF clauses
[btorcore] 241 iterations, 1805 lemmas, 0 ext. lemmas, vars 716, applies 425
[btor>slvfun] 7500 AIG vars, 276432 AIG ands, 173298 CNF vars, 555016 CNF clauses
[btorcore] 242 iterations, 1806 lemmas, 0 ext. lemmas, vars 716, applies 425
[btor>slvfun] 7500 AIG vars, 276433 AIG ands, 173299 CNF vars, 555019 CNF clauses
[btorcore] 243 iterations, 1807 lemmas, 0 ext. lemmas, vars 716, applies 425
[btor>slvfun] 7500 AIG vars, 276434 AIG ands, 173300 CNF vars, 555022 CNF clauses
[btorcore] 244 iterations, 1809 lemmas, 0 ext. lemmas, vars 716, applies 425
[btor>slvfun] 7500 AIG vars, 276500 AIG ands, 173334 CNF vars, 555140 CNF clauses
[btorcore] 245 iterations, 1812 lemmas, 0 ext. lemmas, vars 716, applies 425
[btor>slvfun] 7500 AIG vars, 276568 AIG ands, 173370 CNF vars, 555264 CNF clauses
[btorcore] 246 iterations, 1815 lemmas, 0 ext. lemmas, vars 716, applies 425
[btor>slvfun] 7500 AIG vars, 276572 AIG ands, 173374 CNF vars, 555276 CNF clauses
[btorcore] 247 iterations, 1826 lemmas, 0 ext. lemmas, vars 716, applies 425
[btor>slvfun] 7500 AIG vars, 276653 AIG ands, 173423 CNF vars, 555439 CNF clauses
[btorcore] 248 iterations, 1832 lemmas, 0 ext. lemmas, vars 716, applies 425
[btor>slvfun] 7500 AIG vars, 276786 AIG ands, 173492 CNF vars, 555678 CNF clauses
[btorcore] 249 iterations, 1835 lemmas, 0 ext. lemmas, vars 716, applies 425
[btor>slvfun] 7500 AIG vars, 276789 AIG ands, 173495 CNF vars, 555687 CNF clauses
[btorcore] 250 iterations, 1837 lemmas, 0 ext. lemmas, vars 716, applies 425
[btor>slvfun] 7500 AIG vars, 276854 AIG ands, 173528 CNF vars, 555802 CNF clauses
[btorcore] 251 iterations, 1845 lemmas, 0 ext. lemmas, vars 716, applies 425
[btor>slvfun] 7500 AIG vars, 276994 AIG ands, 173604 CNF vars, 556062 CNF clauses
[btorcore] 252 iterations, 1847 lemmas, 0 ext. lemmas, vars 716, applies 425
[btor>slvfun] 7500 AIG vars, 276997 AIG ands, 173607 CNF vars, 556071 CNF clauses
[btorcore] 253 iterations, 1848 lemmas, 0 ext. lemmas, vars 716, applies 425
[btor>slvfun] 7500 AIG vars, 276998 AIG ands, 173608 CNF vars, 556074 CNF clauses
[btorcore] 254 iterations, 1850 lemmas, 0 ext. lemmas, vars 716, applies 425
[btor>slvfun] 7500 AIG vars, 277001 AIG ands, 173611 CNF vars, 556083 CNF clauses
[btorcore] 255 iterations, 1857 lemmas, 0 ext. lemmas, vars 716, applies 425
[btor>slvfun] 7500 AIG vars, 277202 AIG ands, 173716 CNF vars, 556446 CNF clauses
[btorcore] 256 iterations, 1858 lemmas, 0 ext. lemmas, vars 716, applies 425
[btor>slvfun] 7500 AIG vars, 277204 AIG ands, 173718 CNF vars, 556452 CNF clauses
[btorcore] 257 iterations, 1862 lemmas, 0 ext. lemmas, vars 716, applies 425
[btor>slvfun] 7500 AIG vars, 277272 AIG ands, 173754 CNF vars, 556576 CNF clauses
[btorcore] 258 iterations, 1873 lemmas, 0 ext. lemmas, vars 716, applies 425
[btor>slvfun] 7500 AIG vars, 277668 AIG ands, 173958 CNF vars, 557284 CNF clauses
[btorcore] 259 iterations, 1877 lemmas, 0 ext. lemmas, vars 716, applies 425
[btor>slvfun] 7500 AIG vars, 277672 AIG ands, 173962 CNF vars, 557296 CNF clauses
[btorcore] 260 iterations, 1878 lemmas, 0 ext. lemmas, vars 716, applies 425
[btor>slvfun] 7500 AIG vars, 277737 AIG ands, 173995 CNF vars, 557411 CNF clauses
[btorcore] 261 iterations, 1883 lemmas, 0 ext. lemmas, vars 716, applies 425
[btor>slvfun] 7500 AIG vars, 277807 AIG ands, 174033 CNF vars, 557541 CNF clauses
[btorcore] 262 iterations, 1884 lemmas, 0 ext. lemmas, vars 716, applies 425
[btor>slvfun] 7500 AIG vars, 277809 AIG ands, 174035 CNF vars, 557547 CNF clauses
[btorcore] 263 iterations, 1888 lemmas, 0 ext. lemmas, vars 716, applies 425
[btor>slvfun] 7500 AIG vars, 277813 AIG ands, 174039 CNF vars, 557559 CNF clauses
[btorcore] 264 iterations, 1894 lemmas, 0 ext. lemmas, vars 716, applies 425
[btor>slvfun] 7500 AIG vars, 277885 AIG ands, 174079 CNF vars, 557695 CNF clauses
[btorcore] 265 iterations, 1911 lemmas, 0 ext. lemmas, vars 716, applies 425
[btor>slvfun] 7500 AIG vars, 278228 AIG ands, 174262 CNF vars, 558324 CNF clauses
[btorcore] 266 iterations, 1914 lemmas, 0 ext. lemmas, vars 716, applies 425
[btor>slvfun] 7500 AIG vars, 278294 AIG ands, 174296 CNF vars, 558442 CNF clauses
[btorcore] 267 iterations, 1915 lemmas, 0 ext. lemmas, vars 716, applies 425
[btor>slvfun] 7500 AIG vars, 278297 AIG ands, 174299 CNF vars, 558451 CNF clauses
[btorcore] 268 iterations, 1919 lemmas, 0 ext. lemmas, vars 716, applies 425
[btor>slvfun] 7500 AIG vars, 278365 AIG ands, 174335 CNF vars, 558575 CNF clauses
[btorcore] 269 iterations, 1926 lemmas, 0 ext. lemmas, vars 716, applies 425
[btor>slvfun] 7500 AIG vars, 278500 AIG ands, 174406 CNF vars, 558820 CNF clauses
[btorcore] 270 iterations, 1927 lemmas, 0 ext. lemmas, vars 716, applies 425
[btor>slvfun] 7500 AIG vars, 278503 AIG ands, 174409 CNF vars, 558829 CNF clauses
[btorcore] 271 iterations, 1929 lemmas, 0 ext. lemmas, vars 716, applies 425
[btor>slvfun] 7500 AIG vars, 278506 AIG ands, 174412 CNF vars, 558838 CNF clauses
[btorcore] 272 iterations, 1931 lemmas, 0 ext. lemmas, vars 716, applies 425
[btor>slvfun] 7500 AIG vars, 278508 AIG ands, 174414 CNF vars, 558844 CNF clauses
[btorcore] 273 iterations, 1934 lemmas, 0 ext. lemmas, vars 716, applies 425
[btor>slvfun] 7500 AIG vars, 278576 AIG ands, 174450 CNF vars, 558968 CNF clauses
[btorcore] 274 iterations, 1939 lemmas, 0 ext. lemmas, vars 716, applies 425
[btor>slvfun] 7500 AIG vars, 278645 AIG ands, 174487 CNF vars, 559095 CNF clauses
[btorcore] 275 iterations, 1942 lemmas, 0 ext. lemmas, vars 716, applies 425
[btor>slvfun] 7500 AIG vars, 278712 AIG ands, 174522 CNF vars, 559216 CNF clauses
[btorcore] 276 iterations, 1947 lemmas, 0 ext. lemmas, vars 716, applies 425
[btor>slvfun] 7500 AIG vars, 278782 AIG ands, 174560 CNF vars, 559346 CNF clauses
[btorcore] 277 iterations, 1948 lemmas, 0 ext. lemmas, vars 716, applies 425
[btor>slvfun] 7500 AIG vars, 278783 AIG ands, 174561 CNF vars, 559349 CNF clauses
[btorcore] 278 iterations, 1951 lemmas, 0 ext. lemmas, vars 716, applies 425
[btor>slvfun] 7500 AIG vars, 278850 AIG ands, 174596 CNF vars, 559470 CNF clauses
[btorcore] 279 iterations, 1959 lemmas, 0 ext. lemmas, vars 716, applies 425
[btor>slvfun] 7500 AIG vars, 279053 AIG ands, 174703 CNF vars, 559839 CNF clauses
[btorcore] 280 iterations, 1960 lemmas, 0 ext. lemmas, vars 716, applies 425
[btor>slvfun] 7500 AIG vars, 279054 AIG ands, 174704 CNF vars, 559842 CNF clauses
[btorcore] 281 iterations, 1961 lemmas, 0 ext. lemmas, vars 716, applies 425
[btor>slvfun] 7500 AIG vars, 279119 AIG ands, 174737 CNF vars, 559957 CNF clauses
[btorcore] 282 iterations, 1962 lemmas, 0 ext. lemmas, vars 716, applies 425
[btor>slvfun] 7500 AIG vars, 279121 AIG ands, 174739 CNF vars, 559963 CNF clauses
[btorcore] 283 iterations, 1963 lemmas, 0 ext. lemmas, vars 716, applies 425
[btor>slvfun] 7500 AIG vars, 279122 AIG ands, 174740 CNF vars, 559966 CNF clauses
[btorcore] 284 iterations, 1970 lemmas, 0 ext. lemmas, vars 716, applies 425
[btor>slvfun] 7500 AIG vars, 279321 AIG ands, 174843 CNF vars, 560323 CNF clauses
[btorcore] 285 iterations, 1982 lemmas, 0 ext. lemmas, vars 716, applies 425
[btor>slvfun] 7500 AIG vars, 279653 AIG ands, 175015 CNF vars, 560919 CNF clauses
[btorcore] 286 iterations, 1988 lemmas, 0 ext. lemmas, vars 716, applies 425
[btor>slvfun] 7500 AIG vars, 279786 AIG ands, 175084 CNF vars, 561158 CNF clauses
[btorcore] 287 iterations, 1994 lemmas, 0 ext. lemmas, vars 716, applies 425
[btor>slvfun] 7500 AIG vars, 279858 AIG ands, 175124 CNF vars, 561294 CNF clauses
[btorcore] 288 iterations, 1999 lemmas, 0 ext. lemmas, vars 716, applies 425
[btor>slvfun] 7500 AIG vars, 279927 AIG ands, 175161 CNF vars, 561421 CNF clauses
[btorcore] 289 iterations, 2001 lemmas, 0 ext. lemmas, vars 716, applies 425
[btor>slvfun] 7500 AIG vars, 279992 AIG ands, 175194 CNF vars, 561536 CNF clauses
[btorcore] 290 iterations, 2003 lemmas, 0 ext. lemmas, vars 716, applies 425
[btor>slvfun] 7500 AIG vars, 280058 AIG ands, 175228 CNF vars, 561654 CNF clauses
[btorcore] 291 iterations, 2005 lemmas, 0 ext. lemmas, vars 716, applies 425
[btor>slvfun] 7500 AIG vars, 280060 AIG ands, 175230 CNF vars, 561660 CNF clauses
[btorcore] 292 iterations, 2008 lemmas, 0 ext. lemmas, vars 716, applies 425
[btor>slvfun] 7500 AIG vars, 280064 AIG ands, 175234 CNF vars, 561672 CNF clauses
[btorcore] 293 iterations, 2014 lemmas, 0 ext. lemmas, vars 716, applies 425
[btor>slvfun] 7500 AIG vars, 280197 AIG ands, 175303 CNF vars, 561911 CNF clauses
[btorcore] 294 iterations, 2015 lemmas, 0 ext. lemmas, vars 716, applies 425
[btor>slvfun] 7500 AIG vars, 280199 AIG ands, 175305 CNF vars, 561917 CNF clauses
[btorcore] 295 iterations, 2021 lemmas, 0 ext. lemmas, vars 716, applies 425
[btor>slvfun] 7500 AIG vars, 280268 AIG ands, 175342 CNF vars, 562044 CNF clauses
[btorcore] 296 iterations, 2025 lemmas, 0 ext. lemmas, vars 716, applies 425
[btor>slvfun] 7500 AIG vars, 280335 AIG ands, 175377 CNF vars, 562165 CNF clauses
[btorcore] 297 iterations, 2027 lemmas, 0 ext. lemmas, vars 716, applies 425
[btor>slvfun] 7500 AIG vars, 280400 AIG ands, 175410 CNF vars, 562280 CNF clauses
[btorcore] 298 iterations, 2029 lemmas, 0 ext. lemmas, vars 716, applies 425
[btor>slvfun] 7500 AIG vars, 280402 AIG ands, 175412 CNF vars, 562286 CNF clauses
[btorcore] 299 iterations, 2033 lemmas, 0 ext. lemmas, vars 716, applies 425
[btor>slvfun] 7500 AIG vars, 280471 AIG ands, 175449 CNF vars, 562413 CNF clauses
[btorcore] 300 iterations, 2037 lemmas, 0 ext. lemmas, vars 716, applies 425
[btor>slvfun] 7500 AIG vars, 280602 AIG ands, 175516 CNF vars, 562646 CNF clauses
[btorcore] 301 iterations, 2039 lemmas, 0 ext. lemmas, vars 716, applies 425
[btor>slvfun] 7500 AIG vars, 280667 AIG ands, 175549 CNF vars, 562761 CNF clauses
[btorcore] 302 iterations, 2045 lemmas, 0 ext. lemmas, vars 716, applies 425
[btor>slvfun] 7500 AIG vars, 280737 AIG ands, 175587 CNF vars, 562891 CNF clauses
[btor>core] SAT call 2 returned 20 in 0.000 seconds
unsat
[btor>smt2] WARNING no 'exit' command at end of '<stdin>'
[btor>smt2] parsed 27455 commands in 0.00 seconds
[btor>parse] logic QF_AUFBV
[btor>parse] status unknown
[btor>sat] 303 SAT calls in 0.0 seconds
[btor>core] 11256/1023/26276/5515 constraints 0/0/0/5515 30.4 MB
[btor>core] 0 assumptions
[btor>core] 
[btor>core] 33.03 MB allocated for nodes
[btor>core] 
[btor>core]     0 variable substitutions
[btor>core]     0 uninterpreted function substitutions
[btor>core]     0 embedded constraint substitutions
[btor>core]     0 synthesized nodes rewritten
[btor>core]     0 linear constraint equations
[btor>core]     0 gaussian eliminations in linear equations
[btor>core]     0 eliminated sliced variables
[btor>core]     0 extracted skeleton constraints
[btor>core] 17237 and normalizations
[btor>core]     0 add normalizations
[btor>core]     0 mul normalizations
[btor>core]     0 lambdas merged
[btor>core]     0 static apply propagations over lambdas
[btor>core]     0 static apply propagations over updates
[btor>core]     0 beta reductions
[btor>core]     0 clone calls
[btor>core] 
[btor>core] rewrite rule cache
[btor>core]   27965 cached (add) 
[btor>core]   8878 cached (get)
[btor>core]   2 updated
[btor>core]   0 removed (gc)
[btor>core]   2.06 MB cache
[btor>core] 
[btor>core] bit blasting statistics:
[btor>core]     36330 AIG vectors (36330 max)
[btor>core]    280737 AIG ANDs (280737 max)
[btor>core]      7500 AIG variables
[btor>core]    175587 CNF variables
[btor>core]    562891 CNF clauses
[btor>core]   1469759 CNF literals
[btor>slvfun] 
[btor>slvfun] lemmas on demand statistics:
[btor>slvfun]  302 refinement iterations
[btor>slvfun] 2045 LOD refinements
[btor>slvfun]   1564 function congruence conflicts
[btor>slvfun]    481 beta reduction conflicts
[btor>slvfun]      0 extensionality lemmas
[btor>slvfun]   4.7 average lemma size
[btor>slvfun]      373 lemmas of size 3
[btor>slvfun]      293 lemmas of size 4
[btor>slvfun]     1065 lemmas of size 5
[btor>slvfun]      302 lemmas of size 6
[btor>slvfun]        4 lemmas of size 7
[btor>slvfun]        6 lemmas of size 8
[btor>slvfun]        2 lemmas of size 9
[btor>slvfun] 
[btor>slvfun]     626 expression evaluations
[btor>slvfun]     624 partial beta reductions
[btor>slvfun]  625227 propagations
[btor>slvfun]    9448 propagations down
[btor>core] 
[btor>core] 31.4 MB
[btor>main] unsat
[concubine>main] solving took 23778.5 seconds
