count_stat.cas.0.asm
count_stat.cas.1.asm
count_stat.checker.asm
. btormc-btor2.mmap
# tid	pc	cmd	arg	accu	mem	adr	val	full	heap
1	inc	MEM	0	0	0	0	0	0	{}	# 0
1	1	ADDI	1	5	5	0	0	0	{}	# 1
1	2	CAS	0	6	5	0	0	0	{}	# 2
1	3	JZ	inc	1	5	0	0	0	{(0,6)}	# 3
1	4	LOAD	11	1	5	0	0	0	{}	# 4
1	5	SUBI	1	1	5	0	0	0	{}	# 5
1	6	STORE	11	0	5	0	0	0	{}	# 6
1	7	JNZ	inc	0	5	11	0	1	{}	# 7
1	8	CHECK	0	0	5	11	0	1	{}	# 8
0	inc	MEM	0	0	0	0	0	0	{}	# 9
0	1	ADDI	1	6	6	0	0	0	{}	# 10
0	2	CAS	0	7	6	0	0	0	{}	# 11
2	0	CHECK	0	0	0	0	0	0	{(0,7)}	# 12
0	3	JZ	inc	1	6	0	0	0	{}	# 13
0	4	LOAD	10	1	6	0	0	0	{}	# 14
0	5	SUBI	1	1	6	0	0	0	{}	# 15
0	6	STORE	10	0	6	0	0	0	{}	# 16
0	7	JNZ	inc	0	6	10	0	1	{}	# 17
0	8	CHECK	0	0	6	10	0	1	{}	# 18
2	1	ADDI	8	0	0	0	0	0	{}	# 19
2	2	CMP	0	8	0	0	0	0	{}	# 20
2	3	JNZ	error	1	0	0	0	0	{}	# 21
2	error	EXIT	1	1	0	0	0	0	{}	# 22
