[runlim] version:		1.21
[runlim] host:			c3n17
[runlim] time limit:		86400 seconds
[runlim] real time limit:	86400 seconds
[runlim] space limit:		8000 MB
[runlim] argv[0]:		concubine
[runlim] argv[1]:		solve
[runlim] argv[2]:		-v
[runlim] argv[3]:		-s
[runlim] argv[4]:		cvc4
[runlim] argv[5]:		-e
[runlim] argv[6]:		smtlib-relational
[runlim] argv[7]:		-m
[runlim] argv[8]:		init.mmap
[runlim] argv[9]:		-o
[runlim] argv[10]:		cvc4-relational
[runlim] argv[11]:		145
[runlim] argv[12]:		count_stat.cas.0.asm
[runlim] argv[13]:		count_stat.cas.1.asm
[runlim] argv[14]:		count_stat.checker.asm
[runlim] start:			Tue Dec  1 16:38:19 2020
[runlim] child:			6393
[runlim] sample:		0.14 time, 10.01 real, 10 MB
[runlim] sample:		0.14 time, 20.01 real, 10 MB
[runlim] sample:		0.14 time, 30.01 real, 10 MB
[runlim] sample:		0.14 time, 40.01 real, 10 MB
[runlim] sample:		0.14 time, 50.01 real, 10 MB
[runlim] sample:		0.14 time, 60.01 real, 10 MB
[runlim] sample:		0.14 time, 70.01 real, 10 MB
[runlim] sample:		0.14 time, 80.01 real, 10 MB
[runlim] sample:		0.14 time, 90.01 real, 10 MB
[runlim] sample:		0.14 time, 100.01 real, 10 MB
[runlim] sample:		0.14 time, 110.01 real, 10 MB
[runlim] sample:		0.14 time, 120.01 real, 10 MB
[runlim] sample:		0.14 time, 130.01 real, 10 MB
[runlim] sample:		0.14 time, 140.01 real, 10 MB
[runlim] sample:		0.14 time, 150.01 real, 10 MB
[runlim] sample:		0.14 time, 160.01 real, 10 MB
[runlim] sample:		0.14 time, 170.01 real, 10 MB
[runlim] sample:		0.14 time, 180.01 real, 10 MB
[runlim] sample:		0.14 time, 190.01 real, 10 MB
[runlim] sample:		0.14 time, 200.01 real, 10 MB
[runlim] sample:		0.14 time, 210.01 real, 10 MB
[runlim] sample:		0.14 time, 220.01 real, 10 MB
[runlim] sample:		0.14 time, 230.01 real, 10 MB
[runlim] sample:		0.14 time, 240.01 real, 10 MB
[runlim] sample:		0.14 time, 250.01 real, 10 MB
[runlim] sample:		0.14 time, 260.01 real, 10 MB
[runlim] sample:		0.14 time, 270.01 real, 10 MB
[runlim] sample:		0.14 time, 280.01 real, 10 MB
[runlim] sample:		0.14 time, 290.01 real, 10 MB
[runlim] sample:		0.14 time, 300.01 real, 10 MB
[runlim] sample:		0.14 time, 310.01 real, 10 MB
[runlim] sample:		0.14 time, 320.01 real, 10 MB
[runlim] sample:		0.14 time, 330.01 real, 10 MB
[runlim] sample:		0.14 time, 340.01 real, 10 MB
[runlim] sample:		0.14 time, 350.01 real, 10 MB
[runlim] sample:		0.14 time, 360.01 real, 10 MB
[runlim] sample:		0.14 time, 370.01 real, 10 MB
[runlim] sample:		0.14 time, 380.01 real, 10 MB
[runlim] sample:		0.14 time, 390.01 real, 10 MB
[runlim] sample:		0.14 time, 400.01 real, 10 MB
[runlim] sample:		0.14 time, 410.01 real, 10 MB
[runlim] sample:		0.14 time, 420.01 real, 10 MB
[runlim] sample:		0.14 time, 430.01 real, 10 MB
[runlim] sample:		0.14 time, 440.01 real, 10 MB
[runlim] sample:		0.14 time, 450.01 real, 10 MB
[runlim] sample:		0.14 time, 460.01 real, 10 MB
