[runlim] version:		1.21
[runlim] host:			c3n16
[runlim] time limit:		86400 seconds
[runlim] real time limit:	86400 seconds
[runlim] space limit:		8000 MB
[runlim] argv[0]:		concubine
[runlim] argv[1]:		solve
[runlim] argv[2]:		-v
[runlim] argv[3]:		-s
[runlim] argv[4]:		z3
[runlim] argv[5]:		-e
[runlim] argv[6]:		smtlib
[runlim] argv[7]:		-m
[runlim] argv[8]:		init.mmap
[runlim] argv[9]:		-o
[runlim] argv[10]:		z3-functional
[runlim] argv[11]:		145
[runlim] argv[12]:		count_stat.cas.0.asm
[runlim] argv[13]:		count_stat.cas.1.asm
[runlim] argv[14]:		count_stat.checker.asm
[runlim] start:			Tue Dec  8 13:58:21 2020
[runlim] child:			17342
[runlim] sample:		7.67 time, 10.01 real, 253 MB
[runlim] sample:		17.66 time, 20.01 real, 269 MB
[runlim] sample:		27.67 time, 30.01 real, 301 MB
[runlim] sample:		37.66 time, 40.01 real, 309 MB
[runlim] sample:		47.67 time, 50.01 real, 325 MB
[runlim] sample:		57.66 time, 60.01 real, 356 MB
[runlim] sample:		67.66 time, 70.01 real, 356 MB
[runlim] sample:		77.66 time, 80.01 real, 395 MB
[runlim] sample:		87.67 time, 90.01 real, 315 MB
[runlim] sample:		97.66 time, 100.01 real, 315 MB
[runlim] sample:		107.67 time, 110.01 real, 315 MB
[runlim] sample:		117.67 time, 120.01 real, 315 MB
[runlim] sample:		127.67 time, 130.01 real, 315 MB
[runlim] sample:		137.67 time, 140.01 real, 315 MB
[runlim] sample:		147.67 time, 150.01 real, 315 MB
[runlim] sample:		157.67 time, 160.01 real, 315 MB
[runlim] sample:		167.67 time, 170.01 real, 315 MB
[runlim] sample:		177.67 time, 180.01 real, 315 MB
[runlim] sample:		187.67 time, 190.01 real, 315 MB
[runlim] sample:		197.67 time, 200.01 real, 315 MB
[runlim] sample:		207.67 time, 210.01 real, 315 MB
[runlim] sample:		217.67 time, 220.01 real, 315 MB
[runlim] sample:		227.67 time, 230.01 real, 315 MB
[runlim] sample:		237.67 time, 240.01 real, 315 MB
[runlim] sample:		247.67 time, 250.01 real, 315 MB
[runlim] sample:		257.67 time, 260.01 real, 315 MB
[runlim] sample:		267.67 time, 270.01 real, 315 MB
[runlim] sample:		277.67 time, 280.01 real, 315 MB
[runlim] sample:		287.67 time, 290.01 real, 315 MB
[runlim] sample:		297.67 time, 300.01 real, 315 MB
[runlim] sample:		307.67 time, 310.01 real, 315 MB
[runlim] sample:		317.67 time, 320.01 real, 315 MB
[runlim] sample:		327.67 time, 330.01 real, 315 MB
[runlim] sample:		337.67 time, 340.01 real, 315 MB
[runlim] sample:		347.67 time, 350.01 real, 315 MB
[runlim] sample:		357.67 time, 360.01 real, 315 MB
[runlim] sample:		367.67 time, 370.01 real, 315 MB
[runlim] sample:		377.67 time, 380.01 real, 315 MB
[runlim] sample:		387.67 time, 390.01 real, 376 MB
[runlim] sample:		397.67 time, 400.01 real, 971 MB
[runlim] sample:		407.66 time, 410.01 real, 977 MB
[runlim] sample:		417.67 time, 420.01 real, 982 MB
[runlim] sample:		427.67 time, 430.01 real, 987 MB
[runlim] sample:		437.66 time, 440.01 real, 1074 MB
[runlim] sample:		447.66 time, 450.01 real, 1074 MB
[runlim] sample:		457.66 time, 460.01 real, 1075 MB
[runlim] sample:		467.66 time, 470.01 real, 1077 MB
[runlim] sample:		477.67 time, 480.01 real, 1077 MB
[runlim] sample:		487.67 time, 490.01 real, 1077 MB
[runlim] sample:		497.66 time, 500.01 real, 1077 MB
[runlim] sample:		507.66 time, 510.01 real, 1078 MB
[runlim] sample:		517.66 time, 520.01 real, 1079 MB
[runlim] sample:		527.67 time, 530.01 real, 1079 MB
[runlim] sample:		537.66 time, 540.01 real, 1080 MB
[runlim] sample:		547.66 time, 550.01 real, 1082 MB
[runlim] sample:		557.67 time, 560.01 real, 1082 MB
[runlim] sample:		567.66 time, 570.01 real, 1082 MB
[runlim] sample:		577.66 time, 580.01 real, 1084 MB
[runlim] sample:		587.66 time, 590.01 real, 1084 MB
[runlim] sample:		597.66 time, 600.01 real, 1084 MB
[runlim] sample:		607.66 time, 610.01 real, 1085 MB
[runlim] sample:		617.67 time, 620.01 real, 1085 MB
[runlim] sample:		627.67 time, 630.01 real, 1086 MB
[runlim] sample:		637.66 time, 640.01 real, 1087 MB
[runlim] sample:		647.66 time, 650.01 real, 1088 MB
[runlim] sample:		657.66 time, 660.01 real, 1088 MB
[runlim] sample:		667.67 time, 670.01 real, 1089 MB
[runlim] sample:		677.66 time, 680.01 real, 1090 MB
[runlim] sample:		687.66 time, 690.01 real, 1090 MB
[runlim] sample:		697.67 time, 700.01 real, 1090 MB
[runlim] sample:		707.66 time, 710.01 real, 1091 MB
[runlim] sample:		717.66 time, 720.01 real, 1091 MB
[runlim] sample:		727.66 time, 730.01 real, 1092 MB
[runlim] sample:		737.67 time, 740.01 real, 1092 MB
[runlim] sample:		747.67 time, 750.01 real, 1092 MB
[runlim] sample:		757.66 time, 760.01 real, 1092 MB
[runlim] sample:		767.67 time, 770.01 real, 1093 MB
[runlim] sample:		777.67 time, 780.01 real, 1093 MB
[runlim] sample:		787.66 time, 790.01 real, 1094 MB
[runlim] sample:		797.66 time, 800.01 real, 1094 MB
[runlim] sample:		807.66 time, 810.01 real, 1095 MB
[runlim] sample:		817.66 time, 820.01 real, 1095 MB
[runlim] sample:		827.67 time, 830.01 real, 1095 MB
[runlim] sample:		837.67 time, 840.01 real, 1095 MB
[runlim] sample:		847.66 time, 850.01 real, 1096 MB
[runlim] sample:		857.67 time, 860.01 real, 1096 MB
[runlim] sample:		867.67 time, 870.01 real, 1097 MB
[runlim] sample:		877.66 time, 880.01 real, 1097 MB
[runlim] sample:		887.66 time, 890.01 real, 1097 MB
[runlim] sample:		897.66 time, 900.01 real, 1098 MB
[runlim] sample:		907.67 time, 910.01 real, 1098 MB
[runlim] sample:		917.66 time, 920.01 real, 1100 MB
[runlim] sample:		927.66 time, 930.01 real, 1100 MB
[runlim] sample:		937.66 time, 940.01 real, 1100 MB
[runlim] sample:		947.67 time, 950.01 real, 1100 MB
[runlim] sample:		957.67 time, 960.01 real, 1100 MB
[runlim] sample:		967.66 time, 970.01 real, 1101 MB
[runlim] sample:		977.66 time, 980.01 real, 1101 MB
[runlim] sample:		987.67 time, 990.01 real, 1101 MB
[runlim] sample:		997.66 time, 1000.01 real, 1101 MB
[runlim] sample:		1007.67 time, 1010.01 real, 1101 MB
[runlim] sample:		1017.67 time, 1020.01 real, 1101 MB
[runlim] sample:		1027.66 time, 1030.01 real, 1102 MB
[runlim] sample:		1037.66 time, 1040.01 real, 1102 MB
[runlim] sample:		1047.66 time, 1050.01 real, 1102 MB
[runlim] sample:		1057.67 time, 1060.01 real, 1102 MB
[runlim] sample:		1067.66 time, 1070.01 real, 1102 MB
[runlim] sample:		1077.67 time, 1080.01 real, 1103 MB
[runlim] sample:		1087.66 time, 1090.01 real, 1103 MB
[runlim] sample:		1097.66 time, 1100.01 real, 1104 MB
[runlim] sample:		1107.66 time, 1110.01 real, 1104 MB
[runlim] sample:		1117.67 time, 1120.01 real, 1104 MB
[runlim] sample:		1127.66 time, 1130.01 real, 1104 MB
[runlim] sample:		1137.66 time, 1140.01 real, 1104 MB
[runlim] sample:		1147.67 time, 1150.01 real, 1105 MB
[runlim] sample:		1157.66 time, 1160.01 real, 1105 MB
[runlim] sample:		1167.66 time, 1170.01 real, 1105 MB
[runlim] sample:		1177.66 time, 1180.01 real, 1105 MB
[runlim] sample:		1187.66 time, 1190.01 real, 1106 MB
[runlim] sample:		1197.67 time, 1200.01 real, 1106 MB
[runlim] sample:		1207.66 time, 1210.01 real, 1106 MB
[runlim] sample:		1217.66 time, 1220.01 real, 1106 MB
[runlim] sample:		1227.67 time, 1230.01 real, 1107 MB
[runlim] sample:		1237.66 time, 1240.01 real, 1107 MB
[runlim] sample:		1247.66 time, 1250.01 real, 1108 MB
[runlim] sample:		1257.66 time, 1260.01 real, 1108 MB
[runlim] sample:		1267.67 time, 1270.01 real, 1108 MB
[runlim] sample:		1277.67 time, 1280.01 real, 1108 MB
[runlim] sample:		1287.66 time, 1290.01 real, 1109 MB
[runlim] sample:		1297.67 time, 1300.01 real, 1109 MB
[runlim] sample:		1307.67 time, 1310.01 real, 1109 MB
[runlim] sample:		1317.66 time, 1320.01 real, 1109 MB
[runlim] sample:		1327.66 time, 1330.01 real, 1109 MB
[runlim] sample:		1337.66 time, 1340.01 real, 1110 MB
[runlim] sample:		1347.67 time, 1350.01 real, 1110 MB
[runlim] sample:		1357.66 time, 1360.01 real, 1110 MB
[runlim] sample:		1367.66 time, 1370.01 real, 1110 MB
[runlim] sample:		1377.67 time, 1380.01 real, 1110 MB
[runlim] sample:		1387.66 time, 1390.01 real, 1110 MB
[runlim] sample:		1397.66 time, 1400.01 real, 1110 MB
[runlim] sample:		1407.66 time, 1410.01 real, 1111 MB
[runlim] sample:		1417.67 time, 1420.01 real, 1111 MB
[runlim] sample:		1427.67 time, 1430.01 real, 1111 MB
[runlim] sample:		1437.66 time, 1440.01 real, 1111 MB
[runlim] sample:		1447.67 time, 1450.01 real, 1112 MB
[runlim] sample:		1457.67 time, 1460.01 real, 1112 MB
[runlim] sample:		1467.66 time, 1470.01 real, 1113 MB
[runlim] sample:		1477.67 time, 1480.01 real, 1114 MB
[runlim] sample:		1487.67 time, 1490.01 real, 1114 MB
[runlim] sample:		1497.67 time, 1500.01 real, 1114 MB
[runlim] sample:		1507.66 time, 1510.01 real, 1114 MB
[runlim] sample:		1517.66 time, 1520.01 real, 1114 MB
[runlim] sample:		1527.66 time, 1530.01 real, 1114 MB
