[runlim] version:		1.21
[runlim] host:			c3n16
[runlim] time limit:		86400 seconds
[runlim] real time limit:	86400 seconds
[runlim] space limit:		8000 MB
[runlim] argv[0]:		concubine
[runlim] argv[1]:		solve
[runlim] argv[2]:		-v
[runlim] argv[3]:		-s
[runlim] argv[4]:		z3
[runlim] argv[5]:		-e
[runlim] argv[6]:		smtlib-relational
[runlim] argv[7]:		-m
[runlim] argv[8]:		init.mmap
[runlim] argv[9]:		-o
[runlim] argv[10]:		z3-relational
[runlim] argv[11]:		145
[runlim] argv[12]:		count_stat.cas.0.asm
[runlim] argv[13]:		count_stat.cas.1.asm
[runlim] argv[14]:		count_stat.checker.asm
[runlim] start:			Thu Dec 10 16:20:23 2020
[runlim] child:			26953
[runlim] sample:		4.48 time, 10.01 real, 45 MB
[runlim] sample:		14.48 time, 20.01 real, 45 MB
[runlim] sample:		24.48 time, 30.01 real, 45 MB
[runlim] sample:		34.48 time, 40.01 real, 45 MB
[runlim] sample:		44.48 time, 50.01 real, 45 MB
[runlim] sample:		54.48 time, 60.01 real, 45 MB
[runlim] sample:		64.48 time, 70.01 real, 45 MB
[runlim] sample:		74.48 time, 80.01 real, 45 MB
[runlim] sample:		84.48 time, 90.01 real, 45 MB
[runlim] sample:		94.48 time, 100.01 real, 45 MB
[runlim] sample:		104.48 time, 110.01 real, 45 MB
[runlim] sample:		114.48 time, 120.01 real, 45 MB
[runlim] sample:		124.48 time, 130.01 real, 45 MB
[runlim] sample:		134.48 time, 140.01 real, 45 MB
[runlim] sample:		144.48 time, 150.01 real, 45 MB
[runlim] sample:		154.48 time, 160.01 real, 45 MB
[runlim] sample:		164.48 time, 170.01 real, 45 MB
[runlim] sample:		174.48 time, 180.01 real, 45 MB
[runlim] sample:		184.48 time, 190.01 real, 47 MB
[runlim] sample:		194.48 time, 200.01 real, 47 MB
[runlim] sample:		204.48 time, 210.01 real, 47 MB
[runlim] sample:		214.48 time, 220.01 real, 47 MB
[runlim] sample:		224.48 time, 230.01 real, 47 MB
[runlim] sample:		234.48 time, 240.01 real, 47 MB
[runlim] sample:		244.48 time, 250.01 real, 47 MB
[runlim] sample:		254.48 time, 260.01 real, 47 MB
[runlim] sample:		264.48 time, 270.01 real, 47 MB
[runlim] sample:		274.48 time, 280.01 real, 47 MB
[runlim] sample:		284.48 time, 290.01 real, 47 MB
[runlim] sample:		294.48 time, 300.01 real, 47 MB
[runlim] sample:		304.48 time, 310.01 real, 47 MB
[runlim] sample:		314.48 time, 320.01 real, 47 MB
[runlim] sample:		324.48 time, 330.01 real, 47 MB
[runlim] sample:		334.48 time, 340.01 real, 47 MB
[runlim] sample:		344.48 time, 350.01 real, 47 MB
[runlim] sample:		354.48 time, 360.01 real, 109 MB
[runlim] sample:		364.48 time, 370.01 real, 122 MB
[runlim] sample:		374.48 time, 380.01 real, 125 MB
[runlim] sample:		384.48 time, 390.01 real, 127 MB
[runlim] sample:		394.48 time, 400.01 real, 128 MB
[runlim] sample:		404.48 time, 410.01 real, 129 MB
[runlim] sample:		414.48 time, 420.01 real, 131 MB
[runlim] sample:		424.48 time, 430.01 real, 132 MB
[runlim] sample:		434.48 time, 440.01 real, 133 MB
[runlim] sample:		444.48 time, 450.01 real, 135 MB
[runlim] sample:		454.48 time, 460.01 real, 136 MB
[runlim] sample:		464.48 time, 470.01 real, 136 MB
[runlim] sample:		474.48 time, 480.01 real, 137 MB
[runlim] sample:		484.48 time, 490.01 real, 137 MB
[runlim] sample:		494.48 time, 500.01 real, 138 MB
[runlim] sample:		504.47 time, 510.01 real, 138 MB
[runlim] sample:		514.47 time, 520.01 real, 138 MB
[runlim] sample:		524.48 time, 530.01 real, 138 MB
[runlim] sample:		534.48 time, 540.01 real, 139 MB
[runlim] sample:		544.48 time, 550.01 real, 139 MB
[runlim] sample:		554.48 time, 560.01 real, 139 MB
[runlim] sample:		564.48 time, 570.01 real, 140 MB
[runlim] sample:		574.48 time, 580.01 real, 140 MB
[runlim] sample:		584.48 time, 590.01 real, 148 MB
[runlim] sample:		594.48 time, 600.01 real, 148 MB
[runlim] sample:		604.48 time, 610.01 real, 148 MB
[runlim] sample:		614.48 time, 620.01 real, 148 MB
[runlim] sample:		624.48 time, 630.01 real, 148 MB
[runlim] sample:		634.48 time, 640.01 real, 148 MB
[runlim] sample:		644.48 time, 650.01 real, 148 MB
[runlim] sample:		654.48 time, 660.01 real, 148 MB
[runlim] sample:		664.48 time, 670.01 real, 148 MB
[runlim] sample:		674.48 time, 680.01 real, 148 MB
[runlim] sample:		684.48 time, 690.01 real, 149 MB
[runlim] sample:		694.48 time, 700.01 real, 150 MB
[runlim] sample:		704.48 time, 710.01 real, 150 MB
[runlim] sample:		714.48 time, 720.01 real, 151 MB
[runlim] sample:		724.48 time, 730.01 real, 151 MB
[runlim] sample:		734.48 time, 740.01 real, 152 MB
[runlim] sample:		744.48 time, 750.01 real, 152 MB
[runlim] sample:		754.48 time, 760.01 real, 153 MB
[runlim] sample:		764.48 time, 770.01 real, 153 MB
[runlim] sample:		774.48 time, 780.01 real, 153 MB
[runlim] sample:		784.48 time, 790.01 real, 153 MB
[runlim] sample:		794.48 time, 800.01 real, 153 MB
[runlim] sample:		804.48 time, 810.01 real, 154 MB
[runlim] sample:		814.48 time, 820.01 real, 154 MB
[runlim] sample:		824.48 time, 830.01 real, 154 MB
[runlim] sample:		834.47 time, 840.01 real, 155 MB
[runlim] sample:		844.47 time, 850.01 real, 155 MB
[runlim] sample:		854.47 time, 860.01 real, 155 MB
[runlim] sample:		864.47 time, 870.01 real, 156 MB
[runlim] sample:		874.47 time, 880.01 real, 156 MB
[runlim] sample:		884.47 time, 890.01 real, 157 MB
[runlim] sample:		894.47 time, 900.01 real, 157 MB
[runlim] sample:		904.47 time, 910.01 real, 157 MB
[runlim] sample:		914.47 time, 920.01 real, 157 MB
[runlim] sample:		924.47 time, 930.01 real, 158 MB
[runlim] sample:		934.48 time, 940.01 real, 158 MB
[runlim] sample:		944.48 time, 950.01 real, 158 MB
[runlim] sample:		954.48 time, 960.01 real, 158 MB
[runlim] sample:		964.48 time, 970.01 real, 158 MB
[runlim] sample:		974.48 time, 980.01 real, 158 MB
[runlim] sample:		984.48 time, 990.01 real, 158 MB
[runlim] sample:		994.48 time, 1000.01 real, 158 MB
[runlim] sample:		1004.48 time, 1010.01 real, 158 MB
[runlim] sample:		1014.48 time, 1020.01 real, 158 MB
[runlim] sample:		1024.48 time, 1030.01 real, 158 MB
[runlim] sample:		1034.48 time, 1040.01 real, 158 MB
[runlim] sample:		1044.48 time, 1050.01 real, 158 MB
[runlim] sample:		1054.48 time, 1060.01 real, 158 MB
[runlim] sample:		1064.48 time, 1070.01 real, 159 MB
[runlim] sample:		1074.48 time, 1080.01 real, 159 MB
[runlim] sample:		1084.48 time, 1090.01 real, 159 MB
[runlim] sample:		1094.48 time, 1100.01 real, 159 MB
[runlim] sample:		1104.48 time, 1110.01 real, 160 MB
[runlim] sample:		1114.48 time, 1120.01 real, 160 MB
[runlim] sample:		1124.48 time, 1130.01 real, 160 MB
[runlim] sample:		1134.48 time, 1140.01 real, 160 MB
[runlim] sample:		1144.48 time, 1150.01 real, 160 MB
[runlim] sample:		1154.48 time, 1160.01 real, 160 MB
[runlim] sample:		1164.48 time, 1170.01 real, 160 MB
[runlim] sample:		1174.48 time, 1180.01 real, 160 MB
[runlim] sample:		1184.48 time, 1190.01 real, 160 MB
[runlim] sample:		1194.48 time, 1200.01 real, 160 MB
[runlim] sample:		1204.48 time, 1210.01 real, 160 MB
[runlim] sample:		1214.48 time, 1220.01 real, 160 MB
[runlim] sample:		1224.48 time, 1230.01 real, 161 MB
[runlim] sample:		1234.48 time, 1240.01 real, 161 MB
[runlim] sample:		1244.48 time, 1250.01 real, 161 MB
[runlim] sample:		1254.48 time, 1260.01 real, 161 MB
[runlim] sample:		1264.48 time, 1270.01 real, 162 MB
[runlim] sample:		1274.48 time, 1280.01 real, 162 MB
[runlim] sample:		1284.48 time, 1290.01 real, 162 MB
[runlim] sample:		1294.48 time, 1300.01 real, 162 MB
[runlim] sample:		1304.48 time, 1310.01 real, 162 MB
[runlim] sample:		1314.48 time, 1320.01 real, 162 MB
[runlim] sample:		1324.48 time, 1330.01 real, 162 MB
[runlim] sample:		1334.48 time, 1340.01 real, 162 MB
[runlim] sample:		1344.48 time, 1350.01 real, 162 MB
[runlim] sample:		1354.48 time, 1360.01 real, 162 MB
[runlim] sample:		1364.48 time, 1370.01 real, 162 MB
[runlim] sample:		1374.48 time, 1380.01 real, 163 MB
[runlim] sample:		1384.48 time, 1390.01 real, 163 MB
[runlim] sample:		1394.48 time, 1400.01 real, 164 MB
[runlim] sample:		1404.48 time, 1410.01 real, 164 MB
[runlim] sample:		1414.48 time, 1420.01 real, 164 MB
[runlim] sample:		1424.48 time, 1430.01 real, 164 MB
[runlim] sample:		1434.48 time, 1440.01 real, 164 MB
[runlim] sample:		1444.48 time, 1450.01 real, 164 MB
[runlim] sample:		1454.48 time, 1460.01 real, 164 MB
[runlim] sample:		1464.48 time, 1470.01 real, 164 MB
[runlim] sample:		1474.48 time, 1480.01 real, 164 MB
[runlim] sample:		1484.48 time, 1490.01 real, 165 MB
[runlim] sample:		1494.48 time, 1500.01 real, 165 MB
[runlim] sample:		1504.48 time, 1510.01 real, 165 MB
[runlim] sample:		1514.48 time, 1520.01 real, 165 MB
[runlim] sample:		1524.48 time, 1530.01 real, 165 MB
[runlim] sample:		1534.48 time, 1540.01 real, 165 MB
[runlim] sample:		1544.48 time, 1550.01 real, 165 MB
[runlim] sample:		1554.48 time, 1560.01 real, 165 MB
[runlim] sample:		1564.48 time, 1570.01 real, 165 MB
[runlim] sample:		1574.48 time, 1580.01 real, 166 MB
[runlim] sample:		1584.48 time, 1590.01 real, 166 MB
[runlim] sample:		1594.48 time, 1600.01 real, 166 MB
[runlim] sample:		1604.48 time, 1610.01 real, 166 MB
[runlim] sample:		1614.48 time, 1620.01 real, 166 MB
[runlim] sample:		1624.48 time, 1630.01 real, 166 MB
[runlim] sample:		1634.48 time, 1640.01 real, 166 MB
[runlim] sample:		1644.48 time, 1650.01 real, 166 MB
[runlim] sample:		1654.48 time, 1660.01 real, 166 MB
[runlim] sample:		1664.48 time, 1670.01 real, 166 MB
[runlim] sample:		1674.48 time, 1680.01 real, 167 MB
[runlim] sample:		1684.48 time, 1690.01 real, 167 MB
[runlim] sample:		1694.48 time, 1700.01 real, 167 MB
[runlim] sample:		1704.48 time, 1710.01 real, 167 MB
[runlim] sample:		1714.48 time, 1720.01 real, 167 MB
[runlim] sample:		1724.48 time, 1730.01 real, 167 MB
[runlim] sample:		1734.48 time, 1740.01 real, 167 MB
[runlim] sample:		1744.48 time, 1750.01 real, 167 MB
[runlim] sample:		1754.48 time, 1760.01 real, 167 MB
[runlim] sample:		1764.48 time, 1770.01 real, 167 MB
[runlim] sample:		1774.48 time, 1780.01 real, 167 MB
[runlim] sample:		1784.48 time, 1790.01 real, 167 MB
[runlim] sample:		1794.48 time, 1800.01 real, 168 MB
[runlim] sample:		1804.48 time, 1810.01 real, 168 MB
[runlim] sample:		1814.48 time, 1820.01 real, 168 MB
[runlim] sample:		1824.48 time, 1830.01 real, 168 MB
[runlim] sample:		1834.48 time, 1840.01 real, 169 MB
[runlim] sample:		1844.48 time, 1850.01 real, 169 MB
[runlim] sample:		1854.48 time, 1860.01 real, 169 MB
[runlim] sample:		1864.48 time, 1870.01 real, 172 MB
[runlim] sample:		1874.48 time, 1880.01 real, 172 MB
[runlim] sample:		1884.48 time, 1890.01 real, 172 MB
[runlim] sample:		1894.48 time, 1900.01 real, 172 MB
[runlim] sample:		1904.48 time, 1910.01 real, 172 MB
[runlim] sample:		1914.48 time, 1920.01 real, 172 MB
[runlim] sample:		1924.48 time, 1930.01 real, 172 MB
[runlim] sample:		1934.48 time, 1940.01 real, 172 MB
[runlim] sample:		1944.48 time, 1950.01 real, 172 MB
[runlim] sample:		1954.48 time, 1960.01 real, 172 MB
[runlim] sample:		1964.48 time, 1970.01 real, 172 MB
[runlim] sample:		1974.48 time, 1980.01 real, 172 MB
[runlim] sample:		1984.48 time, 1990.01 real, 172 MB
[runlim] sample:		1994.48 time, 2000.01 real, 172 MB
[runlim] sample:		2004.48 time, 2010.01 real, 172 MB
[runlim] sample:		2014.48 time, 2020.01 real, 172 MB
[runlim] sample:		2024.48 time, 2030.01 real, 172 MB
[runlim] sample:		2034.48 time, 2040.01 real, 172 MB
[runlim] sample:		2044.48 time, 2050.01 real, 172 MB
[runlim] sample:		2054.48 time, 2060.01 real, 172 MB
[runlim] sample:		2064.48 time, 2070.01 real, 172 MB
[runlim] sample:		2074.48 time, 2080.01 real, 172 MB
[runlim] sample:		2084.48 time, 2090.01 real, 172 MB
[runlim] sample:		2094.48 time, 2100.01 real, 172 MB
[runlim] sample:		2104.48 time, 2110.01 real, 172 MB
[runlim] sample:		2114.48 time, 2120.01 real, 172 MB
[runlim] sample:		2124.48 time, 2130.01 real, 172 MB
[runlim] sample:		2134.48 time, 2140.01 real, 172 MB
[runlim] sample:		2144.48 time, 2150.01 real, 172 MB
[runlim] sample:		2154.48 time, 2160.01 real, 173 MB
[runlim] sample:		2164.48 time, 2170.01 real, 173 MB
[runlim] sample:		2174.48 time, 2180.01 real, 173 MB
[runlim] sample:		2184.48 time, 2190.01 real, 173 MB
[runlim] sample:		2194.48 time, 2200.01 real, 173 MB
[runlim] sample:		2204.48 time, 2210.01 real, 173 MB
[runlim] sample:		2214.48 time, 2220.01 real, 173 MB
[runlim] sample:		2224.48 time, 2230.01 real, 174 MB
[runlim] sample:		2234.48 time, 2240.01 real, 174 MB
[runlim] sample:		2244.48 time, 2250.01 real, 174 MB
[runlim] sample:		2254.48 time, 2260.01 real, 174 MB
[runlim] sample:		2264.48 time, 2270.01 real, 174 MB
[runlim] sample:		2274.48 time, 2280.01 real, 174 MB
[runlim] sample:		2284.48 time, 2290.01 real, 174 MB
[runlim] sample:		2294.48 time, 2300.01 real, 174 MB
[runlim] sample:		2304.48 time, 2310.01 real, 174 MB
[runlim] sample:		2314.48 time, 2320.01 real, 175 MB
[runlim] sample:		2324.48 time, 2330.01 real, 175 MB
[runlim] sample:		2334.48 time, 2340.01 real, 175 MB
[runlim] sample:		2344.48 time, 2350.01 real, 175 MB
[runlim] sample:		2354.48 time, 2360.01 real, 175 MB
[runlim] sample:		2364.48 time, 2370.01 real, 175 MB
[runlim] sample:		2374.48 time, 2380.01 real, 175 MB
[runlim] sample:		2384.48 time, 2390.01 real, 175 MB
[runlim] sample:		2394.48 time, 2400.01 real, 175 MB
[runlim] sample:		2404.48 time, 2410.01 real, 175 MB
[runlim] sample:		2414.48 time, 2420.01 real, 175 MB
[runlim] sample:		2424.48 time, 2430.01 real, 175 MB
[runlim] sample:		2434.48 time, 2440.01 real, 175 MB
[runlim] sample:		2444.48 time, 2450.01 real, 176 MB
[runlim] sample:		2454.48 time, 2460.01 real, 176 MB
[runlim] sample:		2464.48 time, 2470.01 real, 176 MB
[runlim] sample:		2474.48 time, 2480.01 real, 176 MB
[runlim] sample:		2484.48 time, 2490.01 real, 176 MB
[runlim] sample:		2494.48 time, 2500.01 real, 176 MB
[runlim] sample:		2504.48 time, 2510.01 real, 176 MB
[runlim] sample:		2514.48 time, 2520.01 real, 176 MB
[runlim] sample:		2524.48 time, 2530.01 real, 176 MB
[runlim] sample:		2534.48 time, 2540.01 real, 176 MB
[runlim] sample:		2544.48 time, 2550.01 real, 176 MB
[runlim] sample:		2554.48 time, 2560.01 real, 176 MB
[runlim] sample:		2564.48 time, 2570.01 real, 176 MB
[runlim] sample:		2574.48 time, 2580.01 real, 176 MB
[runlim] sample:		2584.48 time, 2590.01 real, 176 MB
[runlim] sample:		2594.48 time, 2600.01 real, 176 MB
[runlim] sample:		2604.48 time, 2610.01 real, 176 MB
[runlim] sample:		2614.48 time, 2620.01 real, 176 MB
[runlim] sample:		2624.48 time, 2630.01 real, 176 MB
[runlim] sample:		2634.48 time, 2640.01 real, 177 MB
[runlim] sample:		2644.48 time, 2650.01 real, 177 MB
[runlim] sample:		2654.48 time, 2660.01 real, 177 MB
[runlim] sample:		2664.48 time, 2670.01 real, 177 MB
[runlim] sample:		2674.48 time, 2680.01 real, 177 MB
[runlim] sample:		2684.48 time, 2690.01 real, 177 MB
[runlim] sample:		2694.48 time, 2700.01 real, 177 MB
[runlim] sample:		2704.48 time, 2710.01 real, 177 MB
[runlim] sample:		2714.48 time, 2720.01 real, 177 MB
[runlim] sample:		2724.48 time, 2730.01 real, 177 MB
[runlim] sample:		2734.48 time, 2740.01 real, 178 MB
[runlim] sample:		2744.48 time, 2750.01 real, 178 MB
[runlim] sample:		2754.48 time, 2760.01 real, 178 MB
[runlim] sample:		2764.48 time, 2770.01 real, 178 MB
[runlim] sample:		2774.48 time, 2780.01 real, 178 MB
[runlim] sample:		2784.48 time, 2790.01 real, 178 MB
[runlim] sample:		2794.48 time, 2800.01 real, 178 MB
[runlim] sample:		2804.48 time, 2810.01 real, 178 MB
[runlim] sample:		2814.48 time, 2820.01 real, 178 MB
[runlim] sample:		2824.48 time, 2830.01 real, 179 MB
[runlim] sample:		2834.48 time, 2840.01 real, 179 MB
[runlim] sample:		2844.48 time, 2850.01 real, 179 MB
[runlim] sample:		2854.48 time, 2860.01 real, 179 MB
[runlim] sample:		2864.48 time, 2870.01 real, 179 MB
[runlim] sample:		2874.48 time, 2880.01 real, 179 MB
[runlim] sample:		2884.48 time, 2890.01 real, 179 MB
[runlim] sample:		2894.48 time, 2900.01 real, 179 MB
[runlim] sample:		2904.48 time, 2910.01 real, 179 MB
[runlim] sample:		2914.48 time, 2920.01 real, 179 MB
[runlim] sample:		2924.48 time, 2930.01 real, 180 MB
[runlim] sample:		2934.48 time, 2940.01 real, 180 MB
[runlim] sample:		2944.48 time, 2950.01 real, 180 MB
[runlim] sample:		2954.48 time, 2960.01 real, 180 MB
[runlim] sample:		2964.48 time, 2970.01 real, 180 MB
[runlim] sample:		2974.48 time, 2980.01 real, 180 MB
[runlim] sample:		2984.48 time, 2990.01 real, 180 MB
[runlim] sample:		2994.48 time, 3000.01 real, 180 MB
[runlim] sample:		3004.48 time, 3010.01 real, 181 MB
[runlim] sample:		3014.48 time, 3020.01 real, 181 MB
[runlim] sample:		3024.48 time, 3030.01 real, 181 MB
[runlim] sample:		3034.48 time, 3040.01 real, 181 MB
[runlim] sample:		3044.48 time, 3050.01 real, 181 MB
[runlim] sample:		3054.48 time, 3060.01 real, 181 MB
[runlim] sample:		3064.48 time, 3070.01 real, 181 MB
[runlim] sample:		3074.48 time, 3080.01 real, 181 MB
[runlim] sample:		3084.48 time, 3090.01 real, 182 MB
[runlim] sample:		3094.48 time, 3100.01 real, 182 MB
[runlim] sample:		3104.48 time, 3110.01 real, 182 MB
[runlim] sample:		3114.48 time, 3120.01 real, 182 MB
[runlim] sample:		3124.48 time, 3130.01 real, 182 MB
[runlim] sample:		3134.48 time, 3140.01 real, 182 MB
[runlim] sample:		3144.48 time, 3150.01 real, 182 MB
[runlim] sample:		3154.48 time, 3160.01 real, 182 MB
[runlim] sample:		3164.48 time, 3170.01 real, 182 MB
[runlim] sample:		3174.48 time, 3180.01 real, 182 MB
[runlim] sample:		3184.48 time, 3190.01 real, 182 MB
[runlim] sample:		3194.48 time, 3200.01 real, 182 MB
[runlim] sample:		3204.48 time, 3210.01 real, 182 MB
[runlim] sample:		3214.48 time, 3220.01 real, 183 MB
[runlim] sample:		3224.48 time, 3230.01 real, 183 MB
[runlim] sample:		3234.48 time, 3240.01 real, 183 MB
[runlim] sample:		3244.48 time, 3250.01 real, 183 MB
[runlim] sample:		3254.48 time, 3260.01 real, 183 MB
[runlim] sample:		3264.48 time, 3270.01 real, 183 MB
[runlim] sample:		3274.48 time, 3280.01 real, 184 MB
[runlim] sample:		3284.48 time, 3290.01 real, 184 MB
[runlim] sample:		3294.48 time, 3300.01 real, 184 MB
[runlim] sample:		3304.48 time, 3310.01 real, 184 MB
[runlim] sample:		3314.48 time, 3320.01 real, 184 MB
[runlim] sample:		3324.48 time, 3330.01 real, 184 MB
[runlim] sample:		3334.48 time, 3340.01 real, 184 MB
[runlim] sample:		3344.48 time, 3350.01 real, 184 MB
[runlim] sample:		3354.48 time, 3360.01 real, 184 MB
[runlim] sample:		3364.48 time, 3370.01 real, 184 MB
[runlim] sample:		3374.48 time, 3380.01 real, 184 MB
[runlim] sample:		3384.48 time, 3390.01 real, 184 MB
[runlim] sample:		3394.48 time, 3400.01 real, 184 MB
[runlim] sample:		3404.48 time, 3410.01 real, 184 MB
[runlim] sample:		3414.48 time, 3420.01 real, 184 MB
[runlim] sample:		3424.48 time, 3430.01 real, 184 MB
[runlim] sample:		3434.48 time, 3440.01 real, 184 MB
[runlim] sample:		3444.48 time, 3450.01 real, 184 MB
[runlim] sample:		3454.48 time, 3460.01 real, 184 MB
[runlim] sample:		3464.48 time, 3470.01 real, 184 MB
[runlim] sample:		3474.48 time, 3480.01 real, 184 MB
[runlim] sample:		3484.48 time, 3490.01 real, 184 MB
[runlim] sample:		3494.48 time, 3500.01 real, 184 MB
[runlim] sample:		3504.48 time, 3510.01 real, 184 MB
[runlim] sample:		3514.48 time, 3520.01 real, 184 MB
[runlim] sample:		3524.48 time, 3530.01 real, 184 MB
[runlim] sample:		3534.48 time, 3540.01 real, 184 MB
[runlim] sample:		3544.48 time, 3550.01 real, 184 MB
[runlim] sample:		3554.48 time, 3560.01 real, 184 MB
[runlim] sample:		3564.48 time, 3570.01 real, 184 MB
[runlim] sample:		3574.48 time, 3580.01 real, 184 MB
[runlim] sample:		3584.48 time, 3590.01 real, 184 MB
[runlim] sample:		3594.48 time, 3600.01 real, 184 MB
[runlim] sample:		3604.48 time, 3610.01 real, 184 MB
[runlim] sample:		3614.48 time, 3620.01 real, 184 MB
[runlim] sample:		3624.48 time, 3630.01 real, 184 MB
[runlim] sample:		3634.48 time, 3640.01 real, 184 MB
[runlim] sample:		3644.48 time, 3650.01 real, 184 MB
[runlim] sample:		3654.48 time, 3660.01 real, 184 MB
[runlim] sample:		3664.48 time, 3670.01 real, 184 MB
[runlim] sample:		3674.48 time, 3680.01 real, 184 MB
[runlim] sample:		3684.48 time, 3690.01 real, 184 MB
[runlim] sample:		3694.48 time, 3700.01 real, 184 MB
[runlim] sample:		3704.48 time, 3710.01 real, 184 MB
[runlim] sample:		3714.48 time, 3720.01 real, 185 MB
[runlim] sample:		3724.48 time, 3730.01 real, 185 MB
[runlim] sample:		3734.48 time, 3740.01 real, 185 MB
[runlim] sample:		3744.48 time, 3750.01 real, 185 MB
[runlim] sample:		3754.48 time, 3760.01 real, 185 MB
[runlim] sample:		3764.48 time, 3770.01 real, 185 MB
[runlim] sample:		3774.48 time, 3780.01 real, 185 MB
[runlim] sample:		3784.48 time, 3790.01 real, 185 MB
[runlim] sample:		3794.48 time, 3800.01 real, 185 MB
[runlim] sample:		3804.48 time, 3810.01 real, 185 MB
[runlim] sample:		3814.48 time, 3820.01 real, 185 MB
[runlim] sample:		3824.48 time, 3830.01 real, 186 MB
[runlim] sample:		3834.48 time, 3840.01 real, 186 MB
[runlim] sample:		3844.48 time, 3850.01 real, 186 MB
[runlim] sample:		3854.48 time, 3860.01 real, 186 MB
[runlim] sample:		3864.48 time, 3870.01 real, 186 MB
[runlim] sample:		3874.48 time, 3880.01 real, 186 MB
[runlim] sample:		3884.48 time, 3890.01 real, 186 MB
[runlim] sample:		3894.48 time, 3900.01 real, 186 MB
[runlim] sample:		3904.48 time, 3910.01 real, 186 MB
[runlim] sample:		3914.48 time, 3920.01 real, 186 MB
[runlim] sample:		3924.48 time, 3930.01 real, 186 MB
[runlim] sample:		3934.48 time, 3940.01 real, 186 MB
[runlim] sample:		3944.48 time, 3950.01 real, 187 MB
[runlim] sample:		3954.48 time, 3960.01 real, 188 MB
[runlim] sample:		3964.48 time, 3970.01 real, 188 MB
[runlim] sample:		3974.48 time, 3980.01 real, 188 MB
[runlim] sample:		3984.48 time, 3990.01 real, 188 MB
[runlim] sample:		3994.48 time, 4000.01 real, 188 MB
[runlim] sample:		4004.48 time, 4010.01 real, 188 MB
[runlim] sample:		4014.48 time, 4020.01 real, 188 MB
[runlim] sample:		4024.48 time, 4030.01 real, 189 MB
[runlim] sample:		4034.48 time, 4040.01 real, 189 MB
[runlim] sample:		4044.48 time, 4050.01 real, 189 MB
[runlim] sample:		4054.48 time, 4060.01 real, 189 MB
[runlim] sample:		4064.48 time, 4070.01 real, 189 MB
[runlim] sample:		4074.48 time, 4080.01 real, 189 MB
[runlim] sample:		4084.48 time, 4090.01 real, 189 MB
[runlim] sample:		4094.48 time, 4100.01 real, 189 MB
[runlim] sample:		4104.48 time, 4110.01 real, 189 MB
[runlim] sample:		4114.48 time, 4120.01 real, 189 MB
[runlim] sample:		4124.48 time, 4130.01 real, 189 MB
[runlim] sample:		4134.48 time, 4140.01 real, 189 MB
[runlim] sample:		4144.48 time, 4150.01 real, 189 MB
[runlim] sample:		4154.48 time, 4160.01 real, 189 MB
[runlim] sample:		4164.48 time, 4170.01 real, 189 MB
[runlim] sample:		4174.48 time, 4180.01 real, 189 MB
[runlim] sample:		4184.48 time, 4190.01 real, 189 MB
[runlim] sample:		4194.48 time, 4200.01 real, 189 MB
[runlim] sample:		4204.48 time, 4210.01 real, 189 MB
[runlim] sample:		4214.48 time, 4220.01 real, 189 MB
[runlim] sample:		4224.48 time, 4230.01 real, 189 MB
[runlim] sample:		4234.48 time, 4240.01 real, 189 MB
[runlim] sample:		4244.48 time, 4250.01 real, 189 MB
[runlim] sample:		4254.48 time, 4260.01 real, 189 MB
[runlim] sample:		4264.48 time, 4270.01 real, 189 MB
[runlim] sample:		4274.48 time, 4280.01 real, 189 MB
[runlim] sample:		4284.48 time, 4290.01 real, 189 MB
[runlim] sample:		4294.48 time, 4300.01 real, 189 MB
[runlim] sample:		4304.48 time, 4310.01 real, 189 MB
[runlim] sample:		4314.48 time, 4320.01 real, 189 MB
[runlim] sample:		4324.48 time, 4330.01 real, 190 MB
[runlim] sample:		4334.48 time, 4340.01 real, 190 MB
[runlim] sample:		4344.48 time, 4350.01 real, 191 MB
[runlim] sample:		4354.48 time, 4360.01 real, 191 MB
[runlim] sample:		4364.48 time, 4370.01 real, 191 MB
[runlim] sample:		4374.48 time, 4380.01 real, 192 MB
[runlim] sample:		4384.48 time, 4390.01 real, 192 MB
[runlim] sample:		4394.48 time, 4400.01 real, 192 MB
[runlim] sample:		4404.48 time, 4410.01 real, 193 MB
[runlim] sample:		4414.48 time, 4420.01 real, 193 MB
[runlim] sample:		4424.48 time, 4430.01 real, 193 MB
[runlim] sample:		4434.48 time, 4440.01 real, 193 MB
[runlim] sample:		4444.48 time, 4450.01 real, 193 MB
[runlim] sample:		4454.48 time, 4460.01 real, 193 MB
[runlim] sample:		4464.48 time, 4470.01 real, 193 MB
[runlim] sample:		4474.48 time, 4480.01 real, 193 MB
[runlim] sample:		4484.48 time, 4490.01 real, 193 MB
[runlim] sample:		4494.48 time, 4500.01 real, 193 MB
[runlim] sample:		4504.48 time, 4510.01 real, 193 MB
[runlim] sample:		4514.48 time, 4520.01 real, 193 MB
[runlim] sample:		4524.48 time, 4530.01 real, 193 MB
[runlim] sample:		4534.48 time, 4540.01 real, 193 MB
[runlim] sample:		4544.48 time, 4550.01 real, 193 MB
[runlim] sample:		4554.48 time, 4560.01 real, 193 MB
[runlim] sample:		4564.48 time, 4570.01 real, 193 MB
[runlim] sample:		4574.48 time, 4580.01 real, 193 MB
[runlim] sample:		4584.48 time, 4590.01 real, 193 MB
[runlim] sample:		4594.48 time, 4600.01 real, 193 MB
[runlim] sample:		4604.48 time, 4610.01 real, 193 MB
[runlim] sample:		4614.48 time, 4620.01 real, 193 MB
[runlim] sample:		4624.48 time, 4630.01 real, 193 MB
[runlim] sample:		4634.48 time, 4640.01 real, 193 MB
[runlim] sample:		4644.48 time, 4650.01 real, 193 MB
[runlim] sample:		4654.48 time, 4660.01 real, 193 MB
[runlim] sample:		4664.48 time, 4670.01 real, 193 MB
[runlim] sample:		4674.48 time, 4680.01 real, 193 MB
[runlim] sample:		4684.48 time, 4690.01 real, 193 MB
[runlim] sample:		4694.48 time, 4700.01 real, 193 MB
[runlim] sample:		4704.48 time, 4710.01 real, 193 MB
[runlim] sample:		4714.48 time, 4720.01 real, 193 MB
[runlim] sample:		4724.48 time, 4730.01 real, 193 MB
[runlim] sample:		4734.48 time, 4740.01 real, 193 MB
[runlim] sample:		4744.48 time, 4750.01 real, 193 MB
[runlim] sample:		4754.48 time, 4760.01 real, 193 MB
[runlim] sample:		4764.48 time, 4770.01 real, 193 MB
[runlim] sample:		4774.48 time, 4780.01 real, 193 MB
[runlim] sample:		4784.48 time, 4790.01 real, 193 MB
[runlim] sample:		4794.48 time, 4800.01 real, 193 MB
[runlim] sample:		4804.48 time, 4810.01 real, 193 MB
[runlim] sample:		4814.48 time, 4820.01 real, 193 MB
[runlim] sample:		4824.48 time, 4830.01 real, 193 MB
[runlim] sample:		4834.48 time, 4840.01 real, 193 MB
[runlim] sample:		4844.48 time, 4850.01 real, 193 MB
[runlim] sample:		4854.48 time, 4860.01 real, 193 MB
[runlim] sample:		4864.48 time, 4870.01 real, 193 MB
[runlim] sample:		4874.48 time, 4880.01 real, 193 MB
[runlim] sample:		4884.48 time, 4890.01 real, 193 MB
[runlim] sample:		4894.48 time, 4900.01 real, 194 MB
[runlim] sample:		4904.48 time, 4910.01 real, 194 MB
[runlim] sample:		4914.48 time, 4920.01 real, 194 MB
[runlim] sample:		4924.48 time, 4930.01 real, 194 MB
[runlim] sample:		4934.48 time, 4940.01 real, 194 MB
[runlim] sample:		4944.48 time, 4950.01 real, 194 MB
[runlim] sample:		4954.48 time, 4960.01 real, 194 MB
[runlim] sample:		4964.48 time, 4970.01 real, 194 MB
[runlim] sample:		4974.48 time, 4980.01 real, 194 MB
[runlim] sample:		4984.48 time, 4990.01 real, 194 MB
[runlim] sample:		4994.48 time, 5000.01 real, 194 MB
[runlim] sample:		5004.48 time, 5010.01 real, 194 MB
[runlim] sample:		5014.48 time, 5020.01 real, 194 MB
[runlim] sample:		5024.48 time, 5030.01 real, 194 MB
[runlim] sample:		5034.48 time, 5040.01 real, 194 MB
[runlim] sample:		5044.48 time, 5050.01 real, 194 MB
[runlim] sample:		5054.48 time, 5060.01 real, 194 MB
[runlim] sample:		5064.48 time, 5070.01 real, 194 MB
[runlim] sample:		5074.48 time, 5080.01 real, 194 MB
[runlim] sample:		5084.48 time, 5090.01 real, 197 MB
[runlim] sample:		5094.48 time, 5100.01 real, 197 MB
[runlim] sample:		5104.48 time, 5110.01 real, 197 MB
[runlim] sample:		5114.48 time, 5120.01 real, 197 MB
[runlim] sample:		5124.48 time, 5130.01 real, 197 MB
[runlim] sample:		5134.48 time, 5140.01 real, 197 MB
[runlim] sample:		5144.48 time, 5150.01 real, 197 MB
[runlim] sample:		5154.48 time, 5160.01 real, 197 MB
[runlim] sample:		5164.48 time, 5170.01 real, 197 MB
[runlim] sample:		5174.48 time, 5180.01 real, 197 MB
[runlim] sample:		5184.48 time, 5190.01 real, 197 MB
[runlim] sample:		5194.48 time, 5200.01 real, 197 MB
[runlim] sample:		5204.48 time, 5210.01 real, 197 MB
[runlim] sample:		5214.48 time, 5220.01 real, 197 MB
[runlim] sample:		5224.48 time, 5230.01 real, 198 MB
[runlim] sample:		5234.48 time, 5240.01 real, 199 MB
[runlim] sample:		5244.48 time, 5250.01 real, 199 MB
[runlim] sample:		5254.48 time, 5260.01 real, 199 MB
[runlim] sample:		5264.48 time, 5270.01 real, 199 MB
[runlim] sample:		5274.48 time, 5280.01 real, 199 MB
[runlim] sample:		5284.48 time, 5290.01 real, 199 MB
[runlim] sample:		5294.48 time, 5300.01 real, 199 MB
[runlim] sample:		5304.48 time, 5310.01 real, 199 MB
[runlim] sample:		5314.48 time, 5320.01 real, 199 MB
[runlim] sample:		5324.48 time, 5330.01 real, 199 MB
[runlim] sample:		5334.48 time, 5340.01 real, 199 MB
[runlim] sample:		5344.48 time, 5350.01 real, 199 MB
[runlim] sample:		5354.48 time, 5360.01 real, 199 MB
[runlim] sample:		5364.48 time, 5370.01 real, 199 MB
[runlim] sample:		5374.48 time, 5380.01 real, 199 MB
[runlim] sample:		5384.48 time, 5390.01 real, 199 MB
[runlim] sample:		5394.48 time, 5400.01 real, 199 MB
[runlim] sample:		5404.48 time, 5410.01 real, 199 MB
[runlim] sample:		5414.48 time, 5420.01 real, 199 MB
[runlim] sample:		5424.48 time, 5430.01 real, 199 MB
[runlim] sample:		5434.48 time, 5440.01 real, 199 MB
[runlim] sample:		5444.48 time, 5450.01 real, 199 MB
[runlim] sample:		5454.48 time, 5460.01 real, 199 MB
[runlim] sample:		5464.48 time, 5470.01 real, 199 MB
[runlim] sample:		5474.48 time, 5480.01 real, 199 MB
[runlim] sample:		5484.48 time, 5490.01 real, 199 MB
[runlim] sample:		5494.48 time, 5500.01 real, 199 MB
[runlim] sample:		5504.48 time, 5510.01 real, 199 MB
[runlim] sample:		5514.48 time, 5520.01 real, 199 MB
[runlim] sample:		5524.48 time, 5530.01 real, 199 MB
[runlim] sample:		5534.48 time, 5540.01 real, 199 MB
[runlim] sample:		5544.48 time, 5550.01 real, 199 MB
[runlim] sample:		5554.48 time, 5560.01 real, 199 MB
[runlim] sample:		5564.48 time, 5570.01 real, 199 MB
[runlim] sample:		5574.48 time, 5580.01 real, 199 MB
[runlim] sample:		5584.48 time, 5590.01 real, 199 MB
[runlim] sample:		5594.48 time, 5600.01 real, 199 MB
[runlim] sample:		5604.48 time, 5610.01 real, 199 MB
[runlim] sample:		5614.48 time, 5620.01 real, 199 MB
[runlim] sample:		5624.48 time, 5630.01 real, 199 MB
[runlim] sample:		5634.48 time, 5640.01 real, 199 MB
[runlim] sample:		5644.48 time, 5650.01 real, 199 MB
[runlim] sample:		5654.48 time, 5660.01 real, 199 MB
[runlim] sample:		5664.48 time, 5670.01 real, 199 MB
[runlim] sample:		5674.48 time, 5680.01 real, 199 MB
[runlim] sample:		5684.49 time, 5690.01 real, 200 MB
[runlim] sample:		5694.49 time, 5700.01 real, 200 MB
[runlim] sample:		5704.49 time, 5710.01 real, 200 MB
[runlim] sample:		5714.49 time, 5720.01 real, 201 MB
[runlim] sample:		5724.49 time, 5730.01 real, 202 MB
[runlim] sample:		5734.49 time, 5740.01 real, 202 MB
[runlim] sample:		5744.49 time, 5750.01 real, 202 MB
[runlim] sample:		5754.49 time, 5760.01 real, 203 MB
[runlim] sample:		5764.49 time, 5770.01 real, 203 MB
[runlim] sample:		5774.49 time, 5780.01 real, 203 MB
[runlim] sample:		5784.49 time, 5790.01 real, 203 MB
[runlim] sample:		5794.49 time, 5800.01 real, 203 MB
[runlim] sample:		5804.49 time, 5810.01 real, 203 MB
[runlim] sample:		5814.49 time, 5820.01 real, 203 MB
[runlim] sample:		5824.49 time, 5830.01 real, 203 MB
[runlim] sample:		5834.49 time, 5840.01 real, 203 MB
[runlim] sample:		5844.49 time, 5850.01 real, 203 MB
[runlim] sample:		5854.49 time, 5860.01 real, 203 MB
[runlim] sample:		5864.49 time, 5870.01 real, 203 MB
[runlim] sample:		5874.49 time, 5880.01 real, 203 MB
[runlim] sample:		5884.49 time, 5890.01 real, 203 MB
[runlim] sample:		5894.49 time, 5900.01 real, 203 MB
[runlim] sample:		5904.49 time, 5910.01 real, 203 MB
[runlim] sample:		5914.49 time, 5920.01 real, 203 MB
[runlim] sample:		5924.49 time, 5930.01 real, 203 MB
[runlim] sample:		5934.49 time, 5940.01 real, 203 MB
[runlim] sample:		5944.49 time, 5950.01 real, 203 MB
[runlim] sample:		5954.49 time, 5960.01 real, 203 MB
[runlim] sample:		5964.49 time, 5970.01 real, 203 MB
[runlim] sample:		5974.49 time, 5980.01 real, 203 MB
[runlim] sample:		5984.49 time, 5990.01 real, 203 MB
[runlim] sample:		5994.49 time, 6000.01 real, 203 MB
[runlim] sample:		6004.49 time, 6010.01 real, 203 MB
[runlim] sample:		6014.49 time, 6020.01 real, 203 MB
[runlim] sample:		6024.48 time, 6030.01 real, 203 MB
[runlim] sample:		6034.48 time, 6040.01 real, 203 MB
[runlim] sample:		6044.48 time, 6050.01 real, 203 MB
[runlim] sample:		6054.48 time, 6060.01 real, 203 MB
[runlim] sample:		6064.48 time, 6070.01 real, 203 MB
[runlim] sample:		6074.48 time, 6080.01 real, 203 MB
[runlim] sample:		6084.48 time, 6090.01 real, 203 MB
[runlim] sample:		6094.48 time, 6100.01 real, 203 MB
[runlim] sample:		6104.48 time, 6110.01 real, 203 MB
[runlim] sample:		6114.48 time, 6120.01 real, 203 MB
[runlim] sample:		6124.48 time, 6130.01 real, 203 MB
[runlim] sample:		6134.48 time, 6140.01 real, 203 MB
[runlim] sample:		6144.48 time, 6150.01 real, 203 MB
[runlim] sample:		6154.48 time, 6160.01 real, 204 MB
[runlim] sample:		6164.48 time, 6170.01 real, 204 MB
[runlim] sample:		6174.48 time, 6180.01 real, 204 MB
[runlim] sample:		6184.48 time, 6190.01 real, 204 MB
[runlim] sample:		6194.48 time, 6200.01 real, 204 MB
[runlim] sample:		6204.48 time, 6210.01 real, 204 MB
[runlim] sample:		6214.48 time, 6220.01 real, 204 MB
[runlim] sample:		6224.48 time, 6230.01 real, 204 MB
[runlim] sample:		6234.48 time, 6240.01 real, 204 MB
[runlim] sample:		6244.48 time, 6250.01 real, 204 MB
[runlim] sample:		6254.48 time, 6260.01 real, 204 MB
[runlim] sample:		6264.48 time, 6270.01 real, 204 MB
[runlim] sample:		6274.48 time, 6280.01 real, 204 MB
[runlim] sample:		6284.48 time, 6290.01 real, 204 MB
[runlim] sample:		6294.48 time, 6300.01 real, 205 MB
[runlim] sample:		6304.48 time, 6310.01 real, 206 MB
[runlim] sample:		6314.48 time, 6320.01 real, 206 MB
[runlim] sample:		6324.48 time, 6330.01 real, 206 MB
[runlim] sample:		6334.48 time, 6340.01 real, 206 MB
[runlim] sample:		6344.48 time, 6350.01 real, 206 MB
[runlim] sample:		6354.48 time, 6360.01 real, 206 MB
[runlim] sample:		6364.48 time, 6370.01 real, 206 MB
[runlim] sample:		6374.48 time, 6380.01 real, 206 MB
[runlim] sample:		6384.48 time, 6390.01 real, 206 MB
[runlim] sample:		6394.48 time, 6400.01 real, 206 MB
[runlim] sample:		6404.48 time, 6410.01 real, 206 MB
[runlim] sample:		6414.48 time, 6420.01 real, 206 MB
[runlim] sample:		6424.48 time, 6430.01 real, 206 MB
[runlim] sample:		6434.48 time, 6440.01 real, 206 MB
[runlim] sample:		6444.48 time, 6450.01 real, 206 MB
[runlim] sample:		6454.48 time, 6460.01 real, 206 MB
[runlim] sample:		6464.48 time, 6470.01 real, 206 MB
[runlim] sample:		6474.48 time, 6480.01 real, 206 MB
[runlim] sample:		6484.48 time, 6490.01 real, 206 MB
[runlim] sample:		6494.48 time, 6500.01 real, 206 MB
[runlim] sample:		6504.48 time, 6510.01 real, 206 MB
[runlim] sample:		6514.48 time, 6520.01 real, 206 MB
[runlim] sample:		6524.48 time, 6530.01 real, 206 MB
[runlim] sample:		6534.48 time, 6540.01 real, 206 MB
[runlim] sample:		6544.48 time, 6550.01 real, 206 MB
[runlim] sample:		6554.48 time, 6560.01 real, 206 MB
[runlim] sample:		6564.48 time, 6570.01 real, 206 MB
[runlim] sample:		6574.48 time, 6580.01 real, 206 MB
[runlim] sample:		6584.48 time, 6590.01 real, 206 MB
[runlim] sample:		6594.48 time, 6600.01 real, 206 MB
[runlim] sample:		6604.48 time, 6610.01 real, 206 MB
[runlim] sample:		6614.48 time, 6620.01 real, 206 MB
[runlim] sample:		6624.48 time, 6630.01 real, 206 MB
[runlim] sample:		6634.48 time, 6640.01 real, 206 MB
[runlim] sample:		6644.48 time, 6650.01 real, 206 MB
[runlim] sample:		6654.48 time, 6660.01 real, 206 MB
[runlim] sample:		6664.48 time, 6670.01 real, 206 MB
[runlim] sample:		6674.48 time, 6680.01 real, 206 MB
[runlim] sample:		6684.48 time, 6690.01 real, 206 MB
[runlim] sample:		6694.48 time, 6700.01 real, 206 MB
[runlim] sample:		6704.48 time, 6710.01 real, 207 MB
[runlim] sample:		6714.49 time, 6720.01 real, 208 MB
[runlim] sample:		6724.49 time, 6730.01 real, 208 MB
[runlim] sample:		6734.49 time, 6740.01 real, 208 MB
[runlim] sample:		6744.49 time, 6750.01 real, 208 MB
[runlim] sample:		6754.49 time, 6760.01 real, 208 MB
[runlim] sample:		6764.49 time, 6770.01 real, 208 MB
[runlim] sample:		6774.49 time, 6780.01 real, 208 MB
[runlim] sample:		6784.49 time, 6790.01 real, 208 MB
[runlim] sample:		6794.49 time, 6800.01 real, 208 MB
[runlim] sample:		6804.49 time, 6810.01 real, 208 MB
[runlim] sample:		6814.49 time, 6820.01 real, 208 MB
[runlim] sample:		6824.49 time, 6830.01 real, 208 MB
[runlim] sample:		6834.49 time, 6840.01 real, 209 MB
[runlim] sample:		6844.49 time, 6850.01 real, 209 MB
[runlim] sample:		6854.49 time, 6860.01 real, 211 MB
[runlim] sample:		6864.49 time, 6870.01 real, 211 MB
[runlim] sample:		6874.49 time, 6880.01 real, 211 MB
[runlim] sample:		6884.49 time, 6890.01 real, 211 MB
[runlim] sample:		6894.49 time, 6900.01 real, 211 MB
[runlim] sample:		6904.49 time, 6910.01 real, 211 MB
[runlim] sample:		6914.49 time, 6920.01 real, 211 MB
[runlim] sample:		6924.49 time, 6930.01 real, 211 MB
[runlim] sample:		6934.49 time, 6940.01 real, 211 MB
[runlim] sample:		6944.49 time, 6950.01 real, 211 MB
[runlim] sample:		6954.49 time, 6960.01 real, 211 MB
[runlim] sample:		6964.49 time, 6970.01 real, 211 MB
[runlim] sample:		6974.49 time, 6980.01 real, 211 MB
[runlim] sample:		6984.49 time, 6990.01 real, 211 MB
[runlim] sample:		6994.49 time, 7000.01 real, 211 MB
[runlim] sample:		7004.49 time, 7010.01 real, 211 MB
[runlim] sample:		7014.49 time, 7020.01 real, 211 MB
[runlim] sample:		7024.49 time, 7030.01 real, 218 MB
[runlim] sample:		7034.49 time, 7040.01 real, 218 MB
[runlim] sample:		7044.49 time, 7050.01 real, 218 MB
[runlim] sample:		7054.49 time, 7060.01 real, 218 MB
[runlim] sample:		7064.49 time, 7070.01 real, 218 MB
[runlim] sample:		7074.49 time, 7080.01 real, 218 MB
[runlim] sample:		7084.49 time, 7090.01 real, 218 MB
[runlim] sample:		7094.49 time, 7100.01 real, 218 MB
[runlim] sample:		7104.49 time, 7110.01 real, 218 MB
[runlim] sample:		7114.49 time, 7120.01 real, 218 MB
[runlim] sample:		7124.49 time, 7130.01 real, 218 MB
[runlim] sample:		7134.49 time, 7140.01 real, 218 MB
[runlim] sample:		7144.49 time, 7150.01 real, 218 MB
[runlim] sample:		7154.49 time, 7160.01 real, 218 MB
[runlim] sample:		7164.49 time, 7170.01 real, 218 MB
[runlim] sample:		7174.49 time, 7180.01 real, 218 MB
[runlim] sample:		7184.49 time, 7190.01 real, 218 MB
[runlim] sample:		7194.49 time, 7200.01 real, 218 MB
[runlim] sample:		7204.49 time, 7210.01 real, 218 MB
[runlim] sample:		7214.49 time, 7220.01 real, 218 MB
[runlim] sample:		7224.49 time, 7230.01 real, 218 MB
[runlim] sample:		7234.49 time, 7240.01 real, 218 MB
[runlim] sample:		7244.49 time, 7250.01 real, 218 MB
[runlim] sample:		7254.49 time, 7260.01 real, 218 MB
[runlim] sample:		7264.49 time, 7270.01 real, 218 MB
[runlim] sample:		7274.49 time, 7280.01 real, 218 MB
[runlim] sample:		7284.49 time, 7290.01 real, 218 MB
[runlim] sample:		7294.49 time, 7300.01 real, 218 MB
[runlim] sample:		7304.49 time, 7310.01 real, 218 MB
[runlim] sample:		7314.49 time, 7320.01 real, 218 MB
[runlim] sample:		7324.49 time, 7330.01 real, 218 MB
[runlim] sample:		7334.49 time, 7340.01 real, 218 MB
[runlim] sample:		7344.49 time, 7350.01 real, 218 MB
[runlim] sample:		7354.49 time, 7360.01 real, 218 MB
[runlim] sample:		7364.49 time, 7370.01 real, 218 MB
[runlim] sample:		7374.49 time, 7380.01 real, 218 MB
[runlim] sample:		7384.49 time, 7390.01 real, 218 MB
[runlim] sample:		7394.49 time, 7400.01 real, 218 MB
[runlim] sample:		7404.49 time, 7410.01 real, 218 MB
[runlim] sample:		7414.49 time, 7420.01 real, 219 MB
[runlim] sample:		7424.49 time, 7430.01 real, 219 MB
[runlim] sample:		7434.49 time, 7440.01 real, 219 MB
[runlim] sample:		7444.49 time, 7450.01 real, 219 MB
[runlim] sample:		7454.49 time, 7460.01 real, 219 MB
[runlim] sample:		7464.49 time, 7470.01 real, 219 MB
[runlim] sample:		7474.49 time, 7480.01 real, 219 MB
[runlim] sample:		7484.49 time, 7490.01 real, 219 MB
[runlim] sample:		7494.49 time, 7500.01 real, 219 MB
[runlim] sample:		7504.49 time, 7510.01 real, 219 MB
[runlim] sample:		7514.49 time, 7520.01 real, 219 MB
[runlim] sample:		7524.49 time, 7530.01 real, 219 MB
[runlim] sample:		7534.49 time, 7540.01 real, 219 MB
[runlim] sample:		7544.49 time, 7550.01 real, 219 MB
[runlim] sample:		7554.49 time, 7560.01 real, 219 MB
[runlim] sample:		7564.49 time, 7570.01 real, 219 MB
[runlim] sample:		7574.49 time, 7580.01 real, 219 MB
[runlim] sample:		7584.49 time, 7590.01 real, 219 MB
[runlim] sample:		7594.49 time, 7600.01 real, 219 MB
[runlim] sample:		7604.49 time, 7610.01 real, 219 MB
[runlim] sample:		7614.49 time, 7620.01 real, 219 MB
[runlim] sample:		7624.49 time, 7630.01 real, 219 MB
[runlim] sample:		7634.49 time, 7640.01 real, 219 MB
[runlim] sample:		7644.49 time, 7650.01 real, 219 MB
[runlim] sample:		7654.49 time, 7660.01 real, 219 MB
[runlim] sample:		7664.49 time, 7670.01 real, 219 MB
[runlim] sample:		7674.49 time, 7680.01 real, 219 MB
[runlim] sample:		7684.49 time, 7690.01 real, 219 MB
[runlim] sample:		7694.49 time, 7700.01 real, 219 MB
[runlim] sample:		7704.49 time, 7710.01 real, 219 MB
[runlim] sample:		7714.49 time, 7720.01 real, 219 MB
[runlim] sample:		7724.49 time, 7730.01 real, 219 MB
[runlim] sample:		7734.49 time, 7740.01 real, 219 MB
[runlim] sample:		7744.49 time, 7750.01 real, 219 MB
[runlim] sample:		7754.49 time, 7760.01 real, 219 MB
[runlim] sample:		7764.49 time, 7770.01 real, 219 MB
[runlim] sample:		7774.49 time, 7780.01 real, 219 MB
[runlim] sample:		7784.49 time, 7790.01 real, 219 MB
[runlim] sample:		7794.49 time, 7800.01 real, 219 MB
[runlim] sample:		7804.49 time, 7810.01 real, 219 MB
[runlim] sample:		7814.49 time, 7820.01 real, 219 MB
[runlim] sample:		7824.49 time, 7830.01 real, 219 MB
[runlim] sample:		7834.49 time, 7840.01 real, 219 MB
[runlim] sample:		7844.49 time, 7850.01 real, 219 MB
[runlim] sample:		7854.49 time, 7860.01 real, 219 MB
[runlim] sample:		7864.49 time, 7870.01 real, 219 MB
[runlim] sample:		7874.49 time, 7880.01 real, 219 MB
[runlim] sample:		7884.49 time, 7890.01 real, 219 MB
[runlim] sample:		7894.49 time, 7900.01 real, 219 MB
[runlim] sample:		7904.49 time, 7910.01 real, 219 MB
[runlim] sample:		7914.49 time, 7920.01 real, 219 MB
[runlim] sample:		7924.49 time, 7930.01 real, 219 MB
[runlim] sample:		7934.49 time, 7940.01 real, 219 MB
[runlim] sample:		7944.49 time, 7950.01 real, 219 MB
[runlim] sample:		7954.49 time, 7960.01 real, 219 MB
[runlim] sample:		7964.49 time, 7970.01 real, 219 MB
[runlim] sample:		7974.49 time, 7980.01 real, 219 MB
[runlim] sample:		7984.49 time, 7990.01 real, 219 MB
[runlim] sample:		7994.49 time, 8000.01 real, 219 MB
[runlim] sample:		8004.49 time, 8010.01 real, 219 MB
[runlim] sample:		8014.49 time, 8020.01 real, 219 MB
[runlim] sample:		8024.49 time, 8030.01 real, 219 MB
[runlim] sample:		8034.49 time, 8040.01 real, 219 MB
[runlim] sample:		8044.49 time, 8050.01 real, 219 MB
[runlim] sample:		8054.49 time, 8060.01 real, 219 MB
[runlim] sample:		8064.49 time, 8070.01 real, 219 MB
[runlim] sample:		8074.49 time, 8080.01 real, 219 MB
[runlim] sample:		8084.49 time, 8090.01 real, 219 MB
[runlim] sample:		8094.49 time, 8100.01 real, 219 MB
[runlim] sample:		8104.49 time, 8110.01 real, 220 MB
[runlim] sample:		8114.49 time, 8120.01 real, 220 MB
[runlim] sample:		8124.49 time, 8130.01 real, 220 MB
[runlim] sample:		8134.49 time, 8140.01 real, 220 MB
[runlim] sample:		8144.49 time, 8150.01 real, 220 MB
[runlim] sample:		8154.49 time, 8160.01 real, 220 MB
[runlim] sample:		8164.49 time, 8170.01 real, 220 MB
[runlim] sample:		8174.49 time, 8180.01 real, 220 MB
[runlim] sample:		8184.49 time, 8190.01 real, 220 MB
[runlim] sample:		8194.49 time, 8200.01 real, 220 MB
[runlim] sample:		8204.49 time, 8210.01 real, 220 MB
[runlim] sample:		8214.49 time, 8220.01 real, 221 MB
[runlim] sample:		8224.49 time, 8230.01 real, 222 MB
[runlim] sample:		8234.49 time, 8240.01 real, 222 MB
[runlim] sample:		8244.49 time, 8250.01 real, 222 MB
[runlim] sample:		8254.49 time, 8260.01 real, 222 MB
[runlim] sample:		8264.49 time, 8270.01 real, 222 MB
[runlim] sample:		8274.49 time, 8280.01 real, 222 MB
[runlim] sample:		8284.49 time, 8290.01 real, 222 MB
[runlim] sample:		8294.49 time, 8300.01 real, 222 MB
[runlim] sample:		8304.49 time, 8310.01 real, 223 MB
[runlim] sample:		8314.49 time, 8320.01 real, 223 MB
[runlim] sample:		8324.49 time, 8330.01 real, 223 MB
[runlim] sample:		8334.49 time, 8340.01 real, 223 MB
[runlim] sample:		8344.49 time, 8350.01 real, 223 MB
[runlim] sample:		8354.49 time, 8360.01 real, 223 MB
[runlim] sample:		8364.49 time, 8370.01 real, 223 MB
[runlim] sample:		8374.49 time, 8380.01 real, 223 MB
[runlim] sample:		8384.49 time, 8390.01 real, 223 MB
[runlim] sample:		8394.49 time, 8400.01 real, 223 MB
[runlim] sample:		8404.49 time, 8410.01 real, 223 MB
[runlim] sample:		8414.49 time, 8420.01 real, 223 MB
[runlim] sample:		8424.49 time, 8430.01 real, 223 MB
[runlim] sample:		8434.49 time, 8440.01 real, 223 MB
[runlim] sample:		8444.49 time, 8450.01 real, 223 MB
[runlim] sample:		8454.49 time, 8460.01 real, 223 MB
[runlim] sample:		8464.49 time, 8470.01 real, 223 MB
[runlim] sample:		8474.49 time, 8480.01 real, 223 MB
[runlim] sample:		8484.49 time, 8490.01 real, 223 MB
[runlim] sample:		8494.48 time, 8500.01 real, 223 MB
[runlim] sample:		8504.48 time, 8510.01 real, 224 MB
[runlim] sample:		8514.48 time, 8520.01 real, 224 MB
[runlim] sample:		8524.48 time, 8530.01 real, 224 MB
[runlim] sample:		8534.48 time, 8540.01 real, 224 MB
[runlim] sample:		8544.48 time, 8550.01 real, 224 MB
[runlim] sample:		8554.48 time, 8560.01 real, 224 MB
[runlim] sample:		8564.48 time, 8570.01 real, 224 MB
[runlim] sample:		8574.48 time, 8580.01 real, 224 MB
[runlim] sample:		8584.48 time, 8590.01 real, 224 MB
[runlim] sample:		8594.48 time, 8600.01 real, 225 MB
[runlim] sample:		8604.48 time, 8610.01 real, 225 MB
[runlim] sample:		8614.48 time, 8620.01 real, 225 MB
[runlim] sample:		8624.48 time, 8630.01 real, 225 MB
[runlim] sample:		8634.48 time, 8640.01 real, 225 MB
[runlim] sample:		8644.48 time, 8650.01 real, 225 MB
[runlim] sample:		8654.48 time, 8660.01 real, 225 MB
[runlim] sample:		8664.48 time, 8670.01 real, 225 MB
[runlim] sample:		8674.48 time, 8680.01 real, 226 MB
[runlim] sample:		8684.48 time, 8690.01 real, 226 MB
[runlim] sample:		8694.48 time, 8700.01 real, 226 MB
[runlim] sample:		8704.48 time, 8710.01 real, 226 MB
[runlim] sample:		8714.48 time, 8720.01 real, 226 MB
[runlim] sample:		8724.48 time, 8730.01 real, 226 MB
[runlim] sample:		8734.48 time, 8740.01 real, 226 MB
[runlim] sample:		8744.48 time, 8750.01 real, 226 MB
[runlim] sample:		8754.48 time, 8760.01 real, 226 MB
[runlim] sample:		8764.48 time, 8770.01 real, 226 MB
[runlim] sample:		8774.48 time, 8780.01 real, 226 MB
[runlim] sample:		8784.48 time, 8790.01 real, 226 MB
[runlim] sample:		8794.48 time, 8800.01 real, 226 MB
[runlim] sample:		8804.48 time, 8810.01 real, 226 MB
[runlim] sample:		8814.48 time, 8820.01 real, 226 MB
[runlim] sample:		8824.49 time, 8830.01 real, 227 MB
[runlim] sample:		8834.49 time, 8840.01 real, 228 MB
[runlim] sample:		8844.49 time, 8850.01 real, 228 MB
[runlim] sample:		8854.49 time, 8860.01 real, 228 MB
[runlim] sample:		8864.49 time, 8870.01 real, 228 MB
[runlim] sample:		8874.49 time, 8880.01 real, 228 MB
[runlim] sample:		8884.49 time, 8890.01 real, 228 MB
[runlim] sample:		8894.49 time, 8900.01 real, 228 MB
[runlim] sample:		8904.48 time, 8910.01 real, 228 MB
[runlim] sample:		8914.48 time, 8920.01 real, 228 MB
[runlim] sample:		8924.48 time, 8930.01 real, 228 MB
[runlim] sample:		8934.48 time, 8940.01 real, 228 MB
[runlim] sample:		8944.48 time, 8950.01 real, 228 MB
[runlim] sample:		8954.48 time, 8960.01 real, 228 MB
[runlim] sample:		8964.48 time, 8970.01 real, 228 MB
[runlim] sample:		8974.48 time, 8980.01 real, 228 MB
[runlim] sample:		8984.48 time, 8990.01 real, 228 MB
[runlim] sample:		8994.48 time, 9000.01 real, 228 MB
[runlim] sample:		9004.48 time, 9010.01 real, 228 MB
[runlim] sample:		9014.48 time, 9020.01 real, 228 MB
[runlim] sample:		9024.48 time, 9030.01 real, 228 MB
[runlim] sample:		9034.48 time, 9040.01 real, 228 MB
[runlim] sample:		9044.48 time, 9050.01 real, 228 MB
[runlim] sample:		9054.48 time, 9060.01 real, 228 MB
[runlim] sample:		9064.48 time, 9070.01 real, 228 MB
[runlim] sample:		9074.48 time, 9080.01 real, 228 MB
[runlim] sample:		9084.48 time, 9090.01 real, 228 MB
[runlim] sample:		9094.48 time, 9100.01 real, 228 MB
[runlim] sample:		9104.48 time, 9110.01 real, 228 MB
[runlim] sample:		9114.48 time, 9120.01 real, 228 MB
[runlim] sample:		9124.48 time, 9130.01 real, 228 MB
[runlim] sample:		9134.48 time, 9140.01 real, 228 MB
[runlim] sample:		9144.48 time, 9150.01 real, 228 MB
[runlim] sample:		9154.48 time, 9160.01 real, 228 MB
[runlim] sample:		9164.48 time, 9170.01 real, 228 MB
[runlim] sample:		9174.48 time, 9180.01 real, 228 MB
[runlim] sample:		9184.48 time, 9190.01 real, 228 MB
[runlim] sample:		9194.48 time, 9200.01 real, 228 MB
[runlim] sample:		9204.48 time, 9210.01 real, 228 MB
[runlim] sample:		9214.48 time, 9220.01 real, 228 MB
[runlim] sample:		9224.48 time, 9230.01 real, 228 MB
[runlim] sample:		9234.48 time, 9240.01 real, 228 MB
[runlim] sample:		9244.48 time, 9250.01 real, 228 MB
[runlim] sample:		9254.48 time, 9260.01 real, 228 MB
[runlim] sample:		9264.48 time, 9270.01 real, 228 MB
[runlim] sample:		9274.48 time, 9280.01 real, 228 MB
[runlim] sample:		9284.48 time, 9290.01 real, 228 MB
[runlim] sample:		9294.48 time, 9300.01 real, 228 MB
[runlim] sample:		9304.48 time, 9310.01 real, 228 MB
[runlim] sample:		9314.48 time, 9320.01 real, 228 MB
[runlim] sample:		9324.48 time, 9330.01 real, 228 MB
[runlim] sample:		9334.48 time, 9340.01 real, 228 MB
[runlim] sample:		9344.48 time, 9350.01 real, 228 MB
[runlim] sample:		9354.48 time, 9360.01 real, 228 MB
[runlim] sample:		9364.48 time, 9370.01 real, 228 MB
[runlim] sample:		9374.48 time, 9380.01 real, 228 MB
[runlim] sample:		9384.48 time, 9390.01 real, 228 MB
[runlim] sample:		9394.48 time, 9400.01 real, 231 MB
[runlim] sample:		9404.48 time, 9410.01 real, 231 MB
[runlim] sample:		9414.48 time, 9420.01 real, 231 MB
[runlim] sample:		9424.48 time, 9430.01 real, 232 MB
[runlim] sample:		9434.48 time, 9440.01 real, 232 MB
[runlim] sample:		9444.48 time, 9450.01 real, 232 MB
[runlim] sample:		9454.48 time, 9460.01 real, 232 MB
[runlim] sample:		9464.48 time, 9470.01 real, 232 MB
[runlim] sample:		9474.48 time, 9480.01 real, 232 MB
[runlim] sample:		9484.48 time, 9490.01 real, 232 MB
[runlim] sample:		9494.48 time, 9500.01 real, 232 MB
[runlim] sample:		9504.48 time, 9510.01 real, 233 MB
[runlim] sample:		9514.48 time, 9520.01 real, 233 MB
[runlim] sample:		9524.48 time, 9530.01 real, 234 MB
[runlim] sample:		9534.49 time, 9540.01 real, 236 MB
[runlim] sample:		9544.49 time, 9550.01 real, 236 MB
[runlim] sample:		9554.49 time, 9560.01 real, 236 MB
[runlim] sample:		9564.49 time, 9570.01 real, 236 MB
[runlim] sample:		9574.49 time, 9580.01 real, 236 MB
[runlim] sample:		9584.49 time, 9590.01 real, 236 MB
[runlim] sample:		9594.49 time, 9600.01 real, 236 MB
[runlim] sample:		9604.49 time, 9610.01 real, 236 MB
[runlim] sample:		9614.49 time, 9620.01 real, 236 MB
[runlim] sample:		9624.49 time, 9630.01 real, 236 MB
[runlim] sample:		9634.49 time, 9640.01 real, 236 MB
[runlim] sample:		9644.49 time, 9650.01 real, 236 MB
[runlim] sample:		9654.49 time, 9660.01 real, 236 MB
[runlim] sample:		9664.49 time, 9670.01 real, 236 MB
[runlim] sample:		9674.49 time, 9680.01 real, 236 MB
[runlim] sample:		9684.49 time, 9690.01 real, 236 MB
[runlim] sample:		9694.49 time, 9700.01 real, 236 MB
[runlim] sample:		9704.49 time, 9710.01 real, 236 MB
[runlim] sample:		9714.49 time, 9720.01 real, 236 MB
[runlim] sample:		9724.49 time, 9730.01 real, 236 MB
[runlim] sample:		9734.49 time, 9740.01 real, 236 MB
[runlim] sample:		9744.49 time, 9750.01 real, 236 MB
[runlim] sample:		9754.49 time, 9760.01 real, 236 MB
[runlim] sample:		9764.49 time, 9770.01 real, 236 MB
[runlim] sample:		9774.49 time, 9780.01 real, 236 MB
[runlim] sample:		9784.49 time, 9790.01 real, 236 MB
[runlim] sample:		9794.49 time, 9800.01 real, 236 MB
[runlim] sample:		9804.49 time, 9810.01 real, 236 MB
[runlim] sample:		9814.49 time, 9820.01 real, 236 MB
[runlim] sample:		9824.49 time, 9830.01 real, 236 MB
[runlim] sample:		9834.49 time, 9840.01 real, 236 MB
[runlim] sample:		9844.49 time, 9850.01 real, 236 MB
[runlim] sample:		9854.49 time, 9860.01 real, 236 MB
[runlim] sample:		9864.49 time, 9870.01 real, 236 MB
[runlim] sample:		9874.49 time, 9880.01 real, 236 MB
[runlim] sample:		9884.49 time, 9890.01 real, 236 MB
[runlim] sample:		9894.49 time, 9900.01 real, 236 MB
[runlim] sample:		9904.49 time, 9910.01 real, 236 MB
[runlim] sample:		9914.49 time, 9920.01 real, 236 MB
[runlim] sample:		9924.49 time, 9930.01 real, 236 MB
[runlim] sample:		9934.49 time, 9940.01 real, 236 MB
[runlim] sample:		9944.49 time, 9950.01 real, 236 MB
[runlim] sample:		9954.48 time, 9960.01 real, 239 MB
[runlim] sample:		9964.48 time, 9970.01 real, 239 MB
[runlim] sample:		9974.48 time, 9980.01 real, 239 MB
[runlim] sample:		9984.48 time, 9990.01 real, 239 MB
[runlim] sample:		9994.48 time, 10000.01 real, 239 MB
[runlim] sample:		10004.48 time, 10010.01 real, 239 MB
[runlim] sample:		10014.48 time, 10020.01 real, 239 MB
[runlim] sample:		10024.48 time, 10030.01 real, 239 MB
[runlim] sample:		10034.48 time, 10040.01 real, 239 MB
[runlim] sample:		10044.48 time, 10050.01 real, 239 MB
[runlim] sample:		10054.48 time, 10060.01 real, 239 MB
[runlim] sample:		10064.48 time, 10070.01 real, 239 MB
[runlim] sample:		10074.48 time, 10080.01 real, 239 MB
[runlim] sample:		10084.48 time, 10090.01 real, 239 MB
[runlim] sample:		10094.48 time, 10100.01 real, 239 MB
[runlim] sample:		10104.48 time, 10110.01 real, 239 MB
[runlim] sample:		10114.48 time, 10120.01 real, 239 MB
[runlim] sample:		10124.48 time, 10130.01 real, 239 MB
[runlim] sample:		10134.48 time, 10140.01 real, 239 MB
[runlim] sample:		10144.48 time, 10150.01 real, 239 MB
[runlim] sample:		10154.48 time, 10160.01 real, 239 MB
[runlim] sample:		10164.48 time, 10170.01 real, 239 MB
[runlim] sample:		10174.48 time, 10180.01 real, 239 MB
[runlim] sample:		10184.48 time, 10190.01 real, 239 MB
[runlim] sample:		10194.48 time, 10200.01 real, 239 MB
[runlim] sample:		10204.48 time, 10210.01 real, 239 MB
[runlim] sample:		10214.48 time, 10220.01 real, 239 MB
[runlim] sample:		10224.48 time, 10230.01 real, 239 MB
[runlim] sample:		10234.48 time, 10240.01 real, 239 MB
[runlim] sample:		10244.48 time, 10250.01 real, 239 MB
[runlim] sample:		10254.48 time, 10260.01 real, 239 MB
[runlim] sample:		10264.48 time, 10270.01 real, 239 MB
[runlim] sample:		10274.48 time, 10280.01 real, 239 MB
[runlim] sample:		10284.48 time, 10290.01 real, 239 MB
[runlim] sample:		10294.48 time, 10300.01 real, 239 MB
[runlim] sample:		10304.48 time, 10310.01 real, 239 MB
[runlim] sample:		10314.48 time, 10320.01 real, 239 MB
[runlim] sample:		10324.48 time, 10330.01 real, 239 MB
[runlim] sample:		10334.48 time, 10340.01 real, 239 MB
[runlim] sample:		10344.48 time, 10350.01 real, 239 MB
[runlim] sample:		10354.48 time, 10360.01 real, 239 MB
[runlim] sample:		10364.48 time, 10370.01 real, 239 MB
[runlim] sample:		10374.48 time, 10380.01 real, 239 MB
[runlim] sample:		10384.48 time, 10390.01 real, 239 MB
[runlim] sample:		10394.48 time, 10400.01 real, 239 MB
[runlim] sample:		10404.48 time, 10410.01 real, 239 MB
[runlim] sample:		10414.48 time, 10420.01 real, 241 MB
[runlim] sample:		10424.48 time, 10430.01 real, 243 MB
[runlim] sample:		10434.48 time, 10440.01 real, 243 MB
[runlim] sample:		10444.48 time, 10450.01 real, 243 MB
[runlim] sample:		10454.48 time, 10460.01 real, 243 MB
[runlim] sample:		10464.48 time, 10470.01 real, 243 MB
[runlim] sample:		10474.48 time, 10480.01 real, 243 MB
[runlim] sample:		10484.48 time, 10490.01 real, 243 MB
[runlim] sample:		10494.48 time, 10500.01 real, 243 MB
[runlim] sample:		10504.48 time, 10510.01 real, 243 MB
[runlim] sample:		10514.48 time, 10520.01 real, 243 MB
[runlim] sample:		10524.48 time, 10530.01 real, 243 MB
[runlim] sample:		10534.48 time, 10540.01 real, 243 MB
[runlim] sample:		10544.48 time, 10550.01 real, 243 MB
[runlim] sample:		10554.48 time, 10560.01 real, 243 MB
[runlim] sample:		10564.48 time, 10570.01 real, 243 MB
[runlim] sample:		10574.48 time, 10580.01 real, 243 MB
[runlim] sample:		10584.48 time, 10590.01 real, 243 MB
[runlim] sample:		10594.48 time, 10600.01 real, 243 MB
[runlim] sample:		10604.48 time, 10610.01 real, 243 MB
[runlim] sample:		10614.48 time, 10620.01 real, 243 MB
[runlim] sample:		10624.48 time, 10630.01 real, 243 MB
[runlim] sample:		10634.48 time, 10640.01 real, 243 MB
[runlim] sample:		10644.48 time, 10650.01 real, 243 MB
[runlim] sample:		10654.48 time, 10660.01 real, 243 MB
[runlim] sample:		10664.48 time, 10670.01 real, 243 MB
[runlim] sample:		10674.48 time, 10680.01 real, 243 MB
[runlim] sample:		10684.48 time, 10690.01 real, 243 MB
[runlim] sample:		10694.48 time, 10700.01 real, 243 MB
[runlim] sample:		10704.48 time, 10710.01 real, 243 MB
[runlim] sample:		10714.48 time, 10720.01 real, 243 MB
[runlim] sample:		10724.49 time, 10730.01 real, 243 MB
[runlim] sample:		10734.48 time, 10740.01 real, 243 MB
[runlim] sample:		10744.49 time, 10750.01 real, 243 MB
[runlim] sample:		10754.49 time, 10760.01 real, 243 MB
[runlim] sample:		10764.49 time, 10770.01 real, 243 MB
[runlim] sample:		10774.49 time, 10780.01 real, 243 MB
[runlim] sample:		10784.49 time, 10790.01 real, 243 MB
[runlim] sample:		10794.49 time, 10800.01 real, 243 MB
[runlim] sample:		10804.49 time, 10810.01 real, 243 MB
[runlim] sample:		10814.49 time, 10820.01 real, 243 MB
[runlim] sample:		10824.49 time, 10830.01 real, 243 MB
[runlim] sample:		10834.49 time, 10840.01 real, 243 MB
[runlim] sample:		10844.49 time, 10850.01 real, 243 MB
[runlim] sample:		10854.49 time, 10860.01 real, 243 MB
[runlim] sample:		10864.49 time, 10870.01 real, 243 MB
[runlim] sample:		10874.49 time, 10880.01 real, 243 MB
[runlim] sample:		10884.49 time, 10890.01 real, 243 MB
[runlim] sample:		10894.49 time, 10900.01 real, 243 MB
[runlim] sample:		10904.49 time, 10910.01 real, 243 MB
[runlim] sample:		10914.49 time, 10920.01 real, 243 MB
[runlim] sample:		10924.49 time, 10930.01 real, 243 MB
[runlim] sample:		10934.49 time, 10940.01 real, 243 MB
[runlim] sample:		10944.49 time, 10950.01 real, 243 MB
[runlim] sample:		10954.49 time, 10960.01 real, 243 MB
[runlim] sample:		10964.49 time, 10970.01 real, 243 MB
[runlim] sample:		10974.49 time, 10980.01 real, 243 MB
[runlim] sample:		10984.49 time, 10990.01 real, 243 MB
[runlim] sample:		10994.49 time, 11000.01 real, 243 MB
[runlim] sample:		11004.49 time, 11010.01 real, 243 MB
[runlim] sample:		11014.49 time, 11020.01 real, 243 MB
[runlim] sample:		11024.49 time, 11030.01 real, 243 MB
[runlim] sample:		11034.49 time, 11040.01 real, 243 MB
[runlim] sample:		11044.49 time, 11050.01 real, 243 MB
[runlim] sample:		11054.49 time, 11060.01 real, 243 MB
[runlim] sample:		11064.49 time, 11070.01 real, 243 MB
[runlim] sample:		11074.49 time, 11080.01 real, 243 MB
[runlim] sample:		11084.49 time, 11090.01 real, 243 MB
[runlim] sample:		11094.49 time, 11100.01 real, 245 MB
[runlim] sample:		11104.48 time, 11110.01 real, 246 MB
[runlim] sample:		11114.48 time, 11120.01 real, 246 MB
[runlim] sample:		11124.48 time, 11130.01 real, 248 MB
[runlim] sample:		11134.48 time, 11140.01 real, 248 MB
[runlim] sample:		11144.48 time, 11150.01 real, 248 MB
[runlim] sample:		11154.48 time, 11160.01 real, 248 MB
[runlim] sample:		11164.48 time, 11170.01 real, 248 MB
[runlim] sample:		11174.48 time, 11180.01 real, 248 MB
[runlim] sample:		11184.48 time, 11190.01 real, 248 MB
[runlim] sample:		11194.48 time, 11200.01 real, 248 MB
[runlim] sample:		11204.48 time, 11210.01 real, 248 MB
[runlim] sample:		11214.48 time, 11220.01 real, 248 MB
[runlim] sample:		11224.48 time, 11230.01 real, 248 MB
[runlim] sample:		11234.48 time, 11240.01 real, 248 MB
[runlim] sample:		11244.48 time, 11250.01 real, 248 MB
[runlim] sample:		11254.48 time, 11260.01 real, 248 MB
[runlim] sample:		11264.48 time, 11270.01 real, 248 MB
[runlim] sample:		11274.48 time, 11280.01 real, 248 MB
[runlim] sample:		11284.48 time, 11290.01 real, 248 MB
[runlim] sample:		11294.48 time, 11300.01 real, 248 MB
[runlim] sample:		11304.48 time, 11310.01 real, 248 MB
[runlim] sample:		11314.48 time, 11320.01 real, 248 MB
[runlim] sample:		11324.48 time, 11330.01 real, 248 MB
[runlim] sample:		11334.48 time, 11340.01 real, 248 MB
[runlim] sample:		11344.48 time, 11350.01 real, 248 MB
[runlim] sample:		11354.48 time, 11360.01 real, 248 MB
[runlim] sample:		11364.48 time, 11370.01 real, 248 MB
[runlim] sample:		11374.48 time, 11380.01 real, 248 MB
[runlim] sample:		11384.48 time, 11390.01 real, 248 MB
[runlim] sample:		11394.48 time, 11400.01 real, 248 MB
[runlim] sample:		11404.48 time, 11410.01 real, 248 MB
[runlim] sample:		11414.48 time, 11420.01 real, 248 MB
[runlim] sample:		11424.48 time, 11430.01 real, 248 MB
[runlim] sample:		11434.48 time, 11440.01 real, 248 MB
[runlim] sample:		11444.48 time, 11450.01 real, 248 MB
[runlim] sample:		11454.48 time, 11460.01 real, 248 MB
[runlim] sample:		11464.48 time, 11470.01 real, 248 MB
[runlim] sample:		11474.48 time, 11480.01 real, 248 MB
[runlim] sample:		11484.48 time, 11490.01 real, 248 MB
[runlim] sample:		11494.48 time, 11500.01 real, 248 MB
[runlim] sample:		11504.48 time, 11510.01 real, 248 MB
[runlim] sample:		11514.48 time, 11520.01 real, 248 MB
[runlim] sample:		11524.48 time, 11530.01 real, 248 MB
[runlim] sample:		11534.48 time, 11540.01 real, 248 MB
[runlim] sample:		11544.48 time, 11550.01 real, 248 MB
[runlim] sample:		11554.48 time, 11560.01 real, 248 MB
[runlim] sample:		11564.48 time, 11570.01 real, 248 MB
[runlim] sample:		11574.48 time, 11580.01 real, 248 MB
[runlim] sample:		11584.48 time, 11590.01 real, 248 MB
[runlim] sample:		11594.48 time, 11600.01 real, 248 MB
[runlim] sample:		11604.48 time, 11610.01 real, 248 MB
[runlim] sample:		11614.48 time, 11620.01 real, 248 MB
[runlim] sample:		11624.48 time, 11630.01 real, 248 MB
[runlim] sample:		11634.48 time, 11640.01 real, 248 MB
[runlim] sample:		11644.48 time, 11650.01 real, 248 MB
[runlim] sample:		11654.48 time, 11660.01 real, 248 MB
[runlim] sample:		11664.48 time, 11670.01 real, 248 MB
[runlim] sample:		11674.48 time, 11680.01 real, 248 MB
[runlim] sample:		11684.48 time, 11690.01 real, 248 MB
[runlim] sample:		11694.48 time, 11700.01 real, 248 MB
[runlim] sample:		11704.48 time, 11710.01 real, 248 MB
[runlim] sample:		11714.48 time, 11720.01 real, 248 MB
[runlim] sample:		11724.48 time, 11730.01 real, 248 MB
[runlim] sample:		11734.48 time, 11740.01 real, 248 MB
[runlim] sample:		11744.48 time, 11750.01 real, 248 MB
[runlim] sample:		11754.48 time, 11760.01 real, 248 MB
[runlim] sample:		11764.48 time, 11770.01 real, 248 MB
[runlim] sample:		11774.48 time, 11780.01 real, 248 MB
[runlim] sample:		11784.48 time, 11790.01 real, 248 MB
[runlim] sample:		11794.48 time, 11800.01 real, 248 MB
[runlim] sample:		11804.48 time, 11810.01 real, 248 MB
[runlim] sample:		11814.48 time, 11820.01 real, 248 MB
[runlim] sample:		11824.48 time, 11830.01 real, 248 MB
[runlim] sample:		11834.48 time, 11840.01 real, 248 MB
[runlim] sample:		11844.48 time, 11850.01 real, 248 MB
[runlim] sample:		11854.48 time, 11860.01 real, 248 MB
[runlim] sample:		11864.48 time, 11870.01 real, 248 MB
[runlim] sample:		11874.48 time, 11880.01 real, 248 MB
[runlim] sample:		11884.48 time, 11890.01 real, 248 MB
[runlim] sample:		11894.48 time, 11900.01 real, 248 MB
[runlim] sample:		11904.48 time, 11910.01 real, 248 MB
[runlim] sample:		11914.48 time, 11920.01 real, 248 MB
[runlim] sample:		11924.48 time, 11930.01 real, 248 MB
[runlim] sample:		11934.48 time, 11940.01 real, 248 MB
[runlim] sample:		11944.48 time, 11950.01 real, 248 MB
[runlim] sample:		11954.48 time, 11960.01 real, 248 MB
[runlim] sample:		11964.48 time, 11970.01 real, 248 MB
[runlim] sample:		11974.48 time, 11980.01 real, 248 MB
[runlim] sample:		11984.48 time, 11990.01 real, 248 MB
[runlim] sample:		11994.48 time, 12000.01 real, 248 MB
[runlim] sample:		12004.48 time, 12010.01 real, 248 MB
[runlim] sample:		12014.48 time, 12020.01 real, 248 MB
[runlim] sample:		12024.48 time, 12030.01 real, 248 MB
[runlim] sample:		12034.48 time, 12040.01 real, 248 MB
[runlim] sample:		12044.48 time, 12050.01 real, 248 MB
[runlim] sample:		12054.48 time, 12060.01 real, 248 MB
[runlim] sample:		12064.48 time, 12070.01 real, 248 MB
[runlim] sample:		12074.48 time, 12080.01 real, 248 MB
[runlim] sample:		12084.48 time, 12090.01 real, 248 MB
[runlim] sample:		12094.48 time, 12100.01 real, 248 MB
[runlim] sample:		12104.48 time, 12110.01 real, 248 MB
[runlim] sample:		12114.48 time, 12120.01 real, 248 MB
[runlim] sample:		12124.48 time, 12130.01 real, 248 MB
[runlim] sample:		12134.48 time, 12140.01 real, 248 MB
[runlim] sample:		12144.48 time, 12150.01 real, 248 MB
[runlim] sample:		12154.48 time, 12160.01 real, 248 MB
[runlim] sample:		12164.48 time, 12170.01 real, 248 MB
[runlim] sample:		12174.48 time, 12180.01 real, 248 MB
[runlim] sample:		12184.48 time, 12190.01 real, 248 MB
[runlim] sample:		12194.48 time, 12200.01 real, 248 MB
[runlim] sample:		12204.48 time, 12210.01 real, 248 MB
[runlim] sample:		12214.48 time, 12220.01 real, 248 MB
[runlim] sample:		12224.48 time, 12230.01 real, 248 MB
[runlim] sample:		12234.48 time, 12240.01 real, 248 MB
[runlim] sample:		12244.48 time, 12250.01 real, 248 MB
[runlim] sample:		12254.48 time, 12260.01 real, 248 MB
[runlim] sample:		12264.48 time, 12270.01 real, 248 MB
[runlim] sample:		12274.48 time, 12280.01 real, 248 MB
[runlim] sample:		12284.48 time, 12290.01 real, 248 MB
[runlim] sample:		12294.48 time, 12300.01 real, 248 MB
[runlim] sample:		12304.48 time, 12310.01 real, 248 MB
[runlim] sample:		12314.48 time, 12320.01 real, 248 MB
[runlim] sample:		12324.48 time, 12330.01 real, 248 MB
[runlim] sample:		12334.48 time, 12340.01 real, 248 MB
[runlim] sample:		12344.48 time, 12350.01 real, 248 MB
[runlim] sample:		12354.49 time, 12360.01 real, 248 MB
[runlim] sample:		12364.49 time, 12370.01 real, 248 MB
[runlim] sample:		12374.49 time, 12380.01 real, 248 MB
[runlim] sample:		12384.49 time, 12390.01 real, 248 MB
[runlim] sample:		12394.49 time, 12400.01 real, 248 MB
[runlim] sample:		12404.49 time, 12410.01 real, 248 MB
[runlim] sample:		12414.49 time, 12420.01 real, 248 MB
[runlim] sample:		12424.49 time, 12430.01 real, 248 MB
[runlim] sample:		12434.49 time, 12440.01 real, 248 MB
[runlim] sample:		12444.49 time, 12450.01 real, 248 MB
[runlim] sample:		12454.49 time, 12460.01 real, 248 MB
[runlim] sample:		12464.49 time, 12470.01 real, 248 MB
[runlim] sample:		12474.49 time, 12480.01 real, 248 MB
[runlim] sample:		12484.49 time, 12490.01 real, 248 MB
[runlim] sample:		12494.49 time, 12500.01 real, 248 MB
[runlim] sample:		12504.49 time, 12510.01 real, 248 MB
[runlim] sample:		12514.49 time, 12520.01 real, 248 MB
[runlim] sample:		12524.49 time, 12530.01 real, 248 MB
[runlim] sample:		12534.49 time, 12540.01 real, 248 MB
[runlim] sample:		12544.49 time, 12550.01 real, 248 MB
[runlim] sample:		12554.49 time, 12560.01 real, 248 MB
[runlim] sample:		12564.49 time, 12570.01 real, 248 MB
[runlim] sample:		12574.49 time, 12580.01 real, 248 MB
[runlim] sample:		12584.49 time, 12590.01 real, 248 MB
[runlim] sample:		12594.49 time, 12600.01 real, 248 MB
[runlim] sample:		12604.49 time, 12610.01 real, 248 MB
[runlim] sample:		12614.49 time, 12620.01 real, 248 MB
[runlim] sample:		12624.49 time, 12630.01 real, 248 MB
[runlim] sample:		12634.49 time, 12640.01 real, 248 MB
[runlim] sample:		12644.49 time, 12650.01 real, 248 MB
[runlim] sample:		12654.49 time, 12660.01 real, 248 MB
[runlim] sample:		12664.49 time, 12670.01 real, 248 MB
[runlim] sample:		12674.49 time, 12680.01 real, 248 MB
[runlim] sample:		12684.49 time, 12690.01 real, 248 MB
[runlim] sample:		12694.49 time, 12700.01 real, 248 MB
[runlim] sample:		12704.49 time, 12710.01 real, 248 MB
[runlim] sample:		12714.49 time, 12720.01 real, 248 MB
[runlim] sample:		12724.49 time, 12730.01 real, 248 MB
[runlim] sample:		12734.49 time, 12740.01 real, 248 MB
[runlim] sample:		12744.49 time, 12750.01 real, 248 MB
[runlim] sample:		12754.49 time, 12760.01 real, 248 MB
[runlim] sample:		12764.49 time, 12770.01 real, 248 MB
[runlim] sample:		12774.49 time, 12780.01 real, 248 MB
[runlim] sample:		12784.49 time, 12790.01 real, 248 MB
[runlim] sample:		12794.49 time, 12800.01 real, 248 MB
[runlim] sample:		12804.49 time, 12810.01 real, 248 MB
[runlim] sample:		12814.49 time, 12820.01 real, 248 MB
[runlim] sample:		12824.49 time, 12830.01 real, 248 MB
[runlim] sample:		12834.49 time, 12840.01 real, 249 MB
[runlim] sample:		12844.49 time, 12850.01 real, 249 MB
[runlim] sample:		12854.49 time, 12860.01 real, 249 MB
[runlim] sample:		12864.49 time, 12870.01 real, 249 MB
[runlim] sample:		12874.49 time, 12880.01 real, 249 MB
[runlim] sample:		12884.49 time, 12890.01 real, 249 MB
[runlim] sample:		12894.49 time, 12900.01 real, 249 MB
[runlim] sample:		12904.49 time, 12910.01 real, 249 MB
[runlim] sample:		12914.49 time, 12920.01 real, 249 MB
[runlim] sample:		12924.49 time, 12930.01 real, 249 MB
[runlim] sample:		12934.49 time, 12940.01 real, 249 MB
[runlim] sample:		12944.49 time, 12950.01 real, 249 MB
[runlim] sample:		12954.49 time, 12960.01 real, 249 MB
[runlim] sample:		12964.49 time, 12970.01 real, 249 MB
[runlim] sample:		12974.49 time, 12980.01 real, 249 MB
[runlim] sample:		12984.49 time, 12990.01 real, 249 MB
[runlim] sample:		12994.49 time, 13000.01 real, 249 MB
[runlim] sample:		13004.49 time, 13010.01 real, 249 MB
[runlim] sample:		13014.49 time, 13020.01 real, 249 MB
[runlim] sample:		13024.49 time, 13030.01 real, 249 MB
[runlim] sample:		13034.49 time, 13040.01 real, 249 MB
[runlim] sample:		13044.49 time, 13050.01 real, 249 MB
[runlim] sample:		13054.49 time, 13060.01 real, 249 MB
[runlim] sample:		13064.49 time, 13070.01 real, 249 MB
[runlim] sample:		13074.49 time, 13080.01 real, 249 MB
[runlim] sample:		13084.49 time, 13090.01 real, 251 MB
[runlim] sample:		13094.48 time, 13100.01 real, 253 MB
[runlim] sample:		13104.48 time, 13110.01 real, 254 MB
[runlim] sample:		13114.48 time, 13120.01 real, 254 MB
[runlim] sample:		13124.48 time, 13130.01 real, 255 MB
[runlim] sample:		13134.48 time, 13140.01 real, 255 MB
[runlim] sample:		13144.48 time, 13150.01 real, 255 MB
[runlim] sample:		13154.48 time, 13160.01 real, 255 MB
[runlim] sample:		13164.48 time, 13170.01 real, 255 MB
[runlim] sample:		13174.48 time, 13180.01 real, 255 MB
[runlim] sample:		13184.48 time, 13190.01 real, 255 MB
[runlim] sample:		13194.48 time, 13200.01 real, 255 MB
[runlim] sample:		13204.48 time, 13210.01 real, 255 MB
[runlim] sample:		13214.48 time, 13220.01 real, 255 MB
[runlim] sample:		13224.48 time, 13230.01 real, 255 MB
[runlim] sample:		13234.48 time, 13240.01 real, 255 MB
[runlim] sample:		13244.48 time, 13250.01 real, 255 MB
[runlim] sample:		13254.48 time, 13260.01 real, 255 MB
[runlim] sample:		13264.48 time, 13270.01 real, 255 MB
[runlim] sample:		13274.48 time, 13280.01 real, 255 MB
[runlim] sample:		13284.48 time, 13290.01 real, 255 MB
[runlim] sample:		13294.48 time, 13300.01 real, 255 MB
[runlim] sample:		13304.48 time, 13310.01 real, 255 MB
[runlim] sample:		13314.48 time, 13320.01 real, 255 MB
[runlim] sample:		13324.48 time, 13330.01 real, 255 MB
[runlim] sample:		13334.48 time, 13340.01 real, 255 MB
[runlim] sample:		13344.48 time, 13350.01 real, 255 MB
[runlim] sample:		13354.48 time, 13360.01 real, 255 MB
[runlim] sample:		13364.48 time, 13370.01 real, 255 MB
[runlim] sample:		13374.48 time, 13380.01 real, 255 MB
[runlim] sample:		13384.48 time, 13390.01 real, 255 MB
[runlim] sample:		13394.48 time, 13400.01 real, 255 MB
[runlim] sample:		13404.48 time, 13410.01 real, 255 MB
[runlim] sample:		13414.48 time, 13420.01 real, 255 MB
[runlim] sample:		13424.48 time, 13430.01 real, 255 MB
[runlim] sample:		13434.48 time, 13440.01 real, 255 MB
[runlim] sample:		13444.48 time, 13450.01 real, 255 MB
[runlim] sample:		13454.48 time, 13460.01 real, 255 MB
[runlim] sample:		13464.48 time, 13470.01 real, 255 MB
[runlim] sample:		13474.48 time, 13480.01 real, 255 MB
[runlim] sample:		13484.48 time, 13490.01 real, 255 MB
[runlim] sample:		13494.48 time, 13500.01 real, 255 MB
[runlim] sample:		13504.48 time, 13510.01 real, 255 MB
[runlim] sample:		13514.48 time, 13520.01 real, 255 MB
[runlim] sample:		13524.48 time, 13530.01 real, 255 MB
[runlim] sample:		13534.48 time, 13540.01 real, 255 MB
[runlim] sample:		13544.48 time, 13550.01 real, 255 MB
[runlim] sample:		13554.48 time, 13560.01 real, 255 MB
[runlim] sample:		13564.48 time, 13570.01 real, 255 MB
[runlim] sample:		13574.48 time, 13580.01 real, 255 MB
[runlim] sample:		13584.48 time, 13590.01 real, 255 MB
[runlim] sample:		13594.48 time, 13600.01 real, 255 MB
[runlim] sample:		13604.48 time, 13610.01 real, 255 MB
[runlim] sample:		13614.48 time, 13620.01 real, 255 MB
[runlim] sample:		13624.48 time, 13630.01 real, 255 MB
[runlim] sample:		13634.48 time, 13640.01 real, 255 MB
[runlim] sample:		13644.48 time, 13650.01 real, 255 MB
[runlim] sample:		13654.48 time, 13660.01 real, 255 MB
[runlim] sample:		13664.48 time, 13670.01 real, 255 MB
[runlim] sample:		13674.48 time, 13680.01 real, 255 MB
[runlim] sample:		13684.48 time, 13690.01 real, 255 MB
[runlim] sample:		13694.48 time, 13700.01 real, 255 MB
[runlim] sample:		13704.48 time, 13710.01 real, 255 MB
[runlim] sample:		13714.48 time, 13720.01 real, 255 MB
[runlim] sample:		13724.48 time, 13730.01 real, 255 MB
[runlim] sample:		13734.48 time, 13740.01 real, 255 MB
[runlim] sample:		13744.48 time, 13750.01 real, 255 MB
[runlim] sample:		13754.48 time, 13760.01 real, 255 MB
[runlim] sample:		13764.48 time, 13770.01 real, 255 MB
[runlim] sample:		13774.48 time, 13780.01 real, 255 MB
[runlim] sample:		13784.48 time, 13790.01 real, 255 MB
[runlim] sample:		13794.48 time, 13800.01 real, 255 MB
[runlim] sample:		13804.48 time, 13810.01 real, 255 MB
[runlim] sample:		13814.48 time, 13820.01 real, 255 MB
[runlim] sample:		13824.48 time, 13830.01 real, 255 MB
[runlim] sample:		13834.48 time, 13840.01 real, 255 MB
[runlim] sample:		13844.48 time, 13850.01 real, 255 MB
[runlim] sample:		13854.48 time, 13860.01 real, 255 MB
[runlim] sample:		13864.48 time, 13870.01 real, 255 MB
[runlim] sample:		13874.48 time, 13880.01 real, 255 MB
[runlim] sample:		13884.48 time, 13890.01 real, 255 MB
[runlim] sample:		13894.48 time, 13900.01 real, 255 MB
[runlim] sample:		13904.48 time, 13910.01 real, 255 MB
[runlim] sample:		13914.48 time, 13920.01 real, 255 MB
[runlim] sample:		13924.48 time, 13930.01 real, 255 MB
[runlim] sample:		13934.48 time, 13940.01 real, 255 MB
[runlim] sample:		13944.48 time, 13950.01 real, 255 MB
[runlim] sample:		13954.48 time, 13960.01 real, 255 MB
[runlim] sample:		13964.48 time, 13970.01 real, 255 MB
[runlim] sample:		13974.48 time, 13980.01 real, 255 MB
[runlim] sample:		13984.48 time, 13990.01 real, 255 MB
[runlim] sample:		13994.48 time, 14000.01 real, 255 MB
[runlim] sample:		14004.48 time, 14010.01 real, 255 MB
[runlim] sample:		14014.48 time, 14020.01 real, 255 MB
[runlim] sample:		14024.48 time, 14030.01 real, 255 MB
[runlim] sample:		14034.48 time, 14040.01 real, 255 MB
[runlim] sample:		14044.48 time, 14050.01 real, 255 MB
[runlim] sample:		14054.48 time, 14060.01 real, 255 MB
[runlim] sample:		14064.48 time, 14070.01 real, 255 MB
[runlim] sample:		14074.48 time, 14080.01 real, 255 MB
[runlim] sample:		14084.48 time, 14090.01 real, 255 MB
[runlim] sample:		14094.48 time, 14100.01 real, 255 MB
[runlim] sample:		14104.48 time, 14110.01 real, 255 MB
[runlim] sample:		14114.48 time, 14120.01 real, 255 MB
[runlim] sample:		14124.48 time, 14130.01 real, 255 MB
[runlim] sample:		14134.48 time, 14140.01 real, 255 MB
[runlim] sample:		14144.48 time, 14150.01 real, 256 MB
[runlim] sample:		14154.48 time, 14160.01 real, 257 MB
[runlim] sample:		14164.48 time, 14170.01 real, 258 MB
[runlim] sample:		14174.48 time, 14180.01 real, 258 MB
[runlim] sample:		14184.48 time, 14190.01 real, 259 MB
[runlim] sample:		14194.48 time, 14200.01 real, 259 MB
[runlim] sample:		14204.48 time, 14210.01 real, 259 MB
[runlim] sample:		14214.48 time, 14220.01 real, 259 MB
[runlim] sample:		14224.48 time, 14230.01 real, 259 MB
[runlim] sample:		14234.48 time, 14240.01 real, 259 MB
[runlim] sample:		14244.48 time, 14250.01 real, 259 MB
[runlim] sample:		14254.48 time, 14260.01 real, 259 MB
[runlim] sample:		14264.48 time, 14270.01 real, 259 MB
[runlim] sample:		14274.48 time, 14280.01 real, 259 MB
[runlim] sample:		14284.48 time, 14290.01 real, 259 MB
[runlim] sample:		14294.48 time, 14300.01 real, 259 MB
[runlim] sample:		14304.48 time, 14310.01 real, 259 MB
[runlim] sample:		14314.48 time, 14320.01 real, 259 MB
[runlim] sample:		14324.48 time, 14330.01 real, 259 MB
[runlim] sample:		14334.48 time, 14340.01 real, 259 MB
[runlim] sample:		14344.48 time, 14350.01 real, 259 MB
[runlim] sample:		14354.48 time, 14360.01 real, 259 MB
[runlim] sample:		14364.48 time, 14370.01 real, 259 MB
[runlim] sample:		14374.48 time, 14380.01 real, 259 MB
[runlim] sample:		14384.48 time, 14390.01 real, 259 MB
[runlim] sample:		14394.48 time, 14400.01 real, 259 MB
[runlim] sample:		14404.48 time, 14410.01 real, 260 MB
[runlim] sample:		14414.48 time, 14420.01 real, 261 MB
[runlim] sample:		14424.48 time, 14430.01 real, 261 MB
[runlim] sample:		14434.48 time, 14440.01 real, 261 MB
[runlim] sample:		14444.48 time, 14450.01 real, 261 MB
[runlim] sample:		14454.48 time, 14460.01 real, 261 MB
[runlim] sample:		14464.48 time, 14470.01 real, 261 MB
[runlim] sample:		14474.48 time, 14480.01 real, 261 MB
[runlim] sample:		14484.48 time, 14490.01 real, 261 MB
[runlim] sample:		14494.48 time, 14500.01 real, 261 MB
[runlim] sample:		14504.48 time, 14510.01 real, 261 MB
[runlim] sample:		14514.48 time, 14520.01 real, 261 MB
[runlim] sample:		14524.48 time, 14530.01 real, 261 MB
[runlim] sample:		14534.48 time, 14540.01 real, 261 MB
[runlim] sample:		14544.48 time, 14550.01 real, 261 MB
[runlim] sample:		14554.48 time, 14560.01 real, 261 MB
[runlim] sample:		14564.48 time, 14570.01 real, 261 MB
[runlim] sample:		14574.48 time, 14580.01 real, 261 MB
[runlim] sample:		14584.48 time, 14590.01 real, 261 MB
[runlim] sample:		14594.48 time, 14600.01 real, 261 MB
[runlim] sample:		14604.48 time, 14610.01 real, 262 MB
[runlim] sample:		14614.48 time, 14620.01 real, 264 MB
[runlim] sample:		14624.48 time, 14630.01 real, 264 MB
[runlim] sample:		14634.48 time, 14640.01 real, 264 MB
[runlim] sample:		14644.48 time, 14650.01 real, 264 MB
[runlim] sample:		14654.48 time, 14660.01 real, 264 MB
[runlim] sample:		14664.48 time, 14670.01 real, 264 MB
[runlim] sample:		14674.48 time, 14680.01 real, 264 MB
[runlim] sample:		14684.48 time, 14690.01 real, 264 MB
[runlim] sample:		14694.48 time, 14700.01 real, 264 MB
[runlim] sample:		14704.48 time, 14710.01 real, 264 MB
[runlim] sample:		14714.48 time, 14720.01 real, 264 MB
[runlim] sample:		14724.48 time, 14730.01 real, 264 MB
[runlim] sample:		14734.48 time, 14740.01 real, 264 MB
[runlim] sample:		14744.48 time, 14750.01 real, 264 MB
[runlim] sample:		14754.48 time, 14760.01 real, 264 MB
[runlim] sample:		14764.48 time, 14770.01 real, 264 MB
[runlim] sample:		14774.48 time, 14780.01 real, 264 MB
[runlim] sample:		14784.48 time, 14790.01 real, 264 MB
[runlim] sample:		14794.48 time, 14800.01 real, 264 MB
[runlim] sample:		14804.48 time, 14810.01 real, 264 MB
[runlim] sample:		14814.48 time, 14820.01 real, 264 MB
[runlim] sample:		14824.48 time, 14830.01 real, 264 MB
[runlim] sample:		14834.48 time, 14840.01 real, 264 MB
[runlim] sample:		14844.48 time, 14850.01 real, 264 MB
[runlim] sample:		14854.48 time, 14860.01 real, 264 MB
[runlim] sample:		14864.48 time, 14870.01 real, 264 MB
[runlim] sample:		14874.48 time, 14880.01 real, 264 MB
[runlim] sample:		14884.48 time, 14890.01 real, 264 MB
[runlim] sample:		14894.48 time, 14900.01 real, 264 MB
[runlim] sample:		14904.48 time, 14910.01 real, 264 MB
[runlim] sample:		14914.48 time, 14920.01 real, 264 MB
[runlim] sample:		14924.48 time, 14930.01 real, 264 MB
[runlim] sample:		14934.48 time, 14940.01 real, 264 MB
[runlim] sample:		14944.48 time, 14950.01 real, 264 MB
[runlim] sample:		14954.48 time, 14960.01 real, 264 MB
[runlim] sample:		14964.48 time, 14970.01 real, 264 MB
[runlim] sample:		14974.48 time, 14980.01 real, 264 MB
[runlim] sample:		14984.48 time, 14990.01 real, 264 MB
[runlim] sample:		14994.48 time, 15000.01 real, 264 MB
[runlim] sample:		15004.48 time, 15010.01 real, 264 MB
[runlim] sample:		15014.48 time, 15020.01 real, 264 MB
[runlim] sample:		15024.48 time, 15030.01 real, 264 MB
[runlim] sample:		15034.48 time, 15040.01 real, 264 MB
[runlim] sample:		15044.48 time, 15050.01 real, 264 MB
[runlim] sample:		15054.48 time, 15060.01 real, 264 MB
[runlim] sample:		15064.48 time, 15070.01 real, 264 MB
[runlim] sample:		15074.48 time, 15080.01 real, 264 MB
[runlim] sample:		15084.48 time, 15090.01 real, 264 MB
[runlim] sample:		15094.48 time, 15100.01 real, 264 MB
[runlim] sample:		15104.48 time, 15110.01 real, 264 MB
[runlim] sample:		15114.48 time, 15120.01 real, 264 MB
[runlim] sample:		15124.48 time, 15130.01 real, 264 MB
[runlim] sample:		15134.48 time, 15140.01 real, 264 MB
[runlim] sample:		15144.48 time, 15150.01 real, 264 MB
[runlim] sample:		15154.48 time, 15160.01 real, 264 MB
[runlim] sample:		15164.48 time, 15170.01 real, 264 MB
[runlim] sample:		15174.48 time, 15180.01 real, 264 MB
[runlim] sample:		15184.48 time, 15190.01 real, 264 MB
[runlim] sample:		15194.48 time, 15200.01 real, 264 MB
[runlim] sample:		15204.48 time, 15210.01 real, 264 MB
[runlim] sample:		15214.48 time, 15220.01 real, 264 MB
[runlim] sample:		15224.48 time, 15230.01 real, 264 MB
[runlim] sample:		15234.48 time, 15240.01 real, 264 MB
[runlim] sample:		15244.48 time, 15250.01 real, 264 MB
[runlim] sample:		15254.48 time, 15260.01 real, 264 MB
[runlim] sample:		15264.48 time, 15270.01 real, 264 MB
[runlim] sample:		15274.48 time, 15280.01 real, 264 MB
[runlim] sample:		15284.48 time, 15290.01 real, 264 MB
[runlim] sample:		15294.48 time, 15300.01 real, 264 MB
[runlim] sample:		15304.48 time, 15310.01 real, 264 MB
[runlim] sample:		15314.48 time, 15320.01 real, 264 MB
[runlim] sample:		15324.48 time, 15330.01 real, 264 MB
[runlim] sample:		15334.48 time, 15340.01 real, 264 MB
[runlim] sample:		15344.48 time, 15350.01 real, 264 MB
[runlim] sample:		15354.48 time, 15360.01 real, 264 MB
[runlim] sample:		15364.48 time, 15370.01 real, 264 MB
[runlim] sample:		15374.48 time, 15380.01 real, 264 MB
[runlim] sample:		15384.48 time, 15390.01 real, 264 MB
[runlim] sample:		15394.48 time, 15400.01 real, 264 MB
[runlim] sample:		15404.48 time, 15410.01 real, 264 MB
[runlim] sample:		15414.48 time, 15420.01 real, 264 MB
[runlim] sample:		15424.48 time, 15430.01 real, 264 MB
[runlim] sample:		15434.48 time, 15440.01 real, 264 MB
[runlim] sample:		15444.48 time, 15450.01 real, 264 MB
[runlim] sample:		15454.48 time, 15460.01 real, 264 MB
[runlim] sample:		15464.48 time, 15470.01 real, 264 MB
[runlim] sample:		15474.48 time, 15480.01 real, 264 MB
[runlim] sample:		15484.48 time, 15490.01 real, 264 MB
[runlim] sample:		15494.48 time, 15500.01 real, 264 MB
[runlim] sample:		15504.48 time, 15510.01 real, 264 MB
[runlim] sample:		15514.48 time, 15520.01 real, 264 MB
[runlim] sample:		15524.48 time, 15530.01 real, 264 MB
[runlim] sample:		15534.48 time, 15540.01 real, 264 MB
[runlim] sample:		15544.48 time, 15550.01 real, 264 MB
[runlim] sample:		15554.48 time, 15560.01 real, 264 MB
[runlim] sample:		15564.48 time, 15570.01 real, 264 MB
[runlim] sample:		15574.48 time, 15580.01 real, 264 MB
[runlim] sample:		15584.48 time, 15590.01 real, 264 MB
[runlim] sample:		15594.48 time, 15600.01 real, 264 MB
[runlim] sample:		15604.48 time, 15610.01 real, 264 MB
[runlim] sample:		15614.48 time, 15620.01 real, 264 MB
[runlim] sample:		15624.48 time, 15630.01 real, 265 MB
[runlim] sample:		15634.48 time, 15640.01 real, 265 MB
[runlim] sample:		15644.48 time, 15650.01 real, 265 MB
[runlim] sample:		15654.48 time, 15660.01 real, 265 MB
[runlim] sample:		15664.48 time, 15670.01 real, 265 MB
[runlim] sample:		15674.48 time, 15680.01 real, 265 MB
[runlim] sample:		15684.48 time, 15690.01 real, 265 MB
[runlim] sample:		15694.48 time, 15700.01 real, 265 MB
[runlim] sample:		15704.48 time, 15710.01 real, 265 MB
[runlim] sample:		15714.48 time, 15720.01 real, 265 MB
[runlim] sample:		15724.48 time, 15730.01 real, 265 MB
[runlim] sample:		15734.48 time, 15740.01 real, 265 MB
[runlim] sample:		15744.48 time, 15750.01 real, 265 MB
[runlim] sample:		15754.48 time, 15760.01 real, 265 MB
[runlim] sample:		15764.48 time, 15770.01 real, 265 MB
[runlim] sample:		15774.48 time, 15780.01 real, 265 MB
[runlim] sample:		15784.48 time, 15790.01 real, 265 MB
[runlim] sample:		15794.48 time, 15800.01 real, 265 MB
[runlim] sample:		15804.48 time, 15810.01 real, 265 MB
[runlim] sample:		15814.48 time, 15820.01 real, 265 MB
[runlim] sample:		15824.48 time, 15830.01 real, 265 MB
[runlim] sample:		15834.48 time, 15840.01 real, 265 MB
[runlim] sample:		15844.48 time, 15850.01 real, 265 MB
[runlim] sample:		15854.48 time, 15860.01 real, 265 MB
[runlim] sample:		15864.48 time, 15870.01 real, 265 MB
[runlim] sample:		15874.48 time, 15880.01 real, 265 MB
[runlim] sample:		15884.48 time, 15890.01 real, 265 MB
[runlim] sample:		15894.48 time, 15900.01 real, 265 MB
[runlim] sample:		15904.48 time, 15910.01 real, 265 MB
[runlim] sample:		15914.48 time, 15920.01 real, 265 MB
[runlim] sample:		15924.48 time, 15930.01 real, 265 MB
[runlim] sample:		15934.48 time, 15940.01 real, 265 MB
[runlim] sample:		15944.48 time, 15950.01 real, 265 MB
[runlim] sample:		15954.48 time, 15960.01 real, 265 MB
[runlim] sample:		15964.48 time, 15970.01 real, 265 MB
[runlim] sample:		15974.48 time, 15980.01 real, 265 MB
[runlim] sample:		15984.48 time, 15990.01 real, 265 MB
[runlim] sample:		15994.48 time, 16000.01 real, 265 MB
[runlim] sample:		16004.48 time, 16010.01 real, 265 MB
[runlim] sample:		16014.48 time, 16020.01 real, 265 MB
[runlim] sample:		16024.48 time, 16030.01 real, 265 MB
[runlim] sample:		16034.48 time, 16040.01 real, 265 MB
[runlim] sample:		16044.48 time, 16050.01 real, 265 MB
[runlim] sample:		16054.48 time, 16060.01 real, 265 MB
[runlim] sample:		16064.48 time, 16070.01 real, 265 MB
[runlim] sample:		16074.48 time, 16080.01 real, 265 MB
[runlim] sample:		16084.48 time, 16090.01 real, 265 MB
[runlim] sample:		16094.48 time, 16100.01 real, 265 MB
[runlim] sample:		16104.48 time, 16110.01 real, 265 MB
[runlim] sample:		16114.48 time, 16120.01 real, 265 MB
[runlim] sample:		16124.48 time, 16130.01 real, 265 MB
[runlim] sample:		16134.48 time, 16140.01 real, 265 MB
[runlim] sample:		16144.48 time, 16150.01 real, 265 MB
[runlim] sample:		16154.48 time, 16160.01 real, 265 MB
[runlim] sample:		16164.48 time, 16170.01 real, 265 MB
[runlim] sample:		16174.48 time, 16180.01 real, 265 MB
[runlim] sample:		16184.48 time, 16190.01 real, 265 MB
[runlim] sample:		16194.48 time, 16200.01 real, 265 MB
[runlim] sample:		16204.48 time, 16210.01 real, 265 MB
[runlim] sample:		16214.48 time, 16220.01 real, 265 MB
[runlim] sample:		16224.48 time, 16230.01 real, 265 MB
[runlim] sample:		16234.48 time, 16240.01 real, 265 MB
[runlim] sample:		16244.48 time, 16250.01 real, 265 MB
[runlim] sample:		16254.48 time, 16260.01 real, 265 MB
[runlim] sample:		16264.49 time, 16270.01 real, 265 MB
[runlim] sample:		16274.49 time, 16280.01 real, 265 MB
[runlim] sample:		16284.49 time, 16290.01 real, 265 MB
[runlim] sample:		16294.49 time, 16300.01 real, 265 MB
[runlim] sample:		16304.49 time, 16310.01 real, 265 MB
[runlim] sample:		16314.49 time, 16320.01 real, 265 MB
[runlim] sample:		16324.49 time, 16330.01 real, 265 MB
[runlim] sample:		16334.49 time, 16340.01 real, 265 MB
[runlim] sample:		16344.49 time, 16350.01 real, 265 MB
[runlim] sample:		16354.49 time, 16360.01 real, 265 MB
[runlim] sample:		16364.49 time, 16370.01 real, 265 MB
[runlim] sample:		16374.49 time, 16380.01 real, 265 MB
[runlim] sample:		16384.49 time, 16390.01 real, 265 MB
[runlim] sample:		16394.49 time, 16400.01 real, 265 MB
[runlim] sample:		16404.49 time, 16410.01 real, 265 MB
[runlim] sample:		16414.49 time, 16420.01 real, 265 MB
[runlim] sample:		16424.49 time, 16430.01 real, 265 MB
[runlim] sample:		16434.49 time, 16440.01 real, 265 MB
[runlim] sample:		16444.49 time, 16450.01 real, 265 MB
[runlim] sample:		16454.49 time, 16460.01 real, 265 MB
[runlim] sample:		16464.49 time, 16470.01 real, 265 MB
[runlim] sample:		16474.49 time, 16480.01 real, 265 MB
[runlim] sample:		16484.49 time, 16490.01 real, 265 MB
[runlim] sample:		16494.49 time, 16500.01 real, 265 MB
[runlim] sample:		16504.49 time, 16510.01 real, 265 MB
[runlim] sample:		16514.49 time, 16520.01 real, 265 MB
[runlim] sample:		16524.49 time, 16530.01 real, 265 MB
[runlim] sample:		16534.49 time, 16540.01 real, 265 MB
[runlim] sample:		16544.49 time, 16550.01 real, 265 MB
[runlim] sample:		16554.49 time, 16560.01 real, 265 MB
[runlim] sample:		16564.49 time, 16570.01 real, 265 MB
[runlim] sample:		16574.49 time, 16580.01 real, 265 MB
[runlim] sample:		16584.49 time, 16590.01 real, 265 MB
[runlim] sample:		16594.49 time, 16600.01 real, 265 MB
[runlim] sample:		16604.49 time, 16610.01 real, 265 MB
[runlim] sample:		16614.49 time, 16620.01 real, 265 MB
[runlim] sample:		16624.49 time, 16630.01 real, 265 MB
[runlim] sample:		16634.49 time, 16640.01 real, 265 MB
[runlim] sample:		16644.49 time, 16650.01 real, 265 MB
[runlim] sample:		16654.49 time, 16660.01 real, 265 MB
[runlim] sample:		16664.49 time, 16670.01 real, 265 MB
[runlim] sample:		16674.49 time, 16680.01 real, 265 MB
[runlim] sample:		16684.49 time, 16690.01 real, 265 MB
[runlim] sample:		16694.49 time, 16700.01 real, 265 MB
[runlim] sample:		16704.49 time, 16710.01 real, 265 MB
[runlim] sample:		16714.49 time, 16720.01 real, 265 MB
[runlim] sample:		16724.49 time, 16730.01 real, 265 MB
[runlim] sample:		16734.49 time, 16740.01 real, 265 MB
[runlim] sample:		16744.49 time, 16750.01 real, 265 MB
[runlim] sample:		16754.49 time, 16760.01 real, 265 MB
[runlim] sample:		16764.49 time, 16770.01 real, 265 MB
[runlim] sample:		16774.49 time, 16780.01 real, 265 MB
[runlim] sample:		16784.49 time, 16790.01 real, 265 MB
[runlim] sample:		16794.49 time, 16800.01 real, 265 MB
[runlim] sample:		16804.49 time, 16810.01 real, 265 MB
[runlim] sample:		16814.49 time, 16820.01 real, 265 MB
[runlim] sample:		16824.49 time, 16830.01 real, 265 MB
[runlim] sample:		16834.49 time, 16840.01 real, 265 MB
[runlim] sample:		16844.49 time, 16850.01 real, 265 MB
[runlim] sample:		16854.49 time, 16860.01 real, 265 MB
[runlim] sample:		16864.49 time, 16870.01 real, 265 MB
[runlim] sample:		16874.49 time, 16880.01 real, 265 MB
[runlim] sample:		16884.49 time, 16890.01 real, 265 MB
[runlim] sample:		16894.49 time, 16900.01 real, 265 MB
[runlim] sample:		16904.49 time, 16910.01 real, 265 MB
[runlim] sample:		16914.49 time, 16920.01 real, 265 MB
