[runlim] version:		1.21
[runlim] host:			c3n09
[runlim] time limit:		86400 seconds
[runlim] real time limit:	86400 seconds
[runlim] space limit:		8000 MB
[runlim] argv[0]:		concubine
[runlim] argv[1]:		solve
[runlim] argv[2]:		-v
[runlim] argv[3]:		-s
[runlim] argv[4]:		boolector
[runlim] argv[5]:		-e
[runlim] argv[6]:		smtlib-relational
[runlim] argv[7]:		-m
[runlim] argv[8]:		init.mmap
[runlim] argv[9]:		-o
[runlim] argv[10]:		boolector-relational
[runlim] argv[11]:		45
[runlim] argv[12]:		count.buggy.0.asm
[runlim] argv[13]:		count.buggy.1.asm
[runlim] argv[14]:		count.checker.asm
[runlim] start:			Thu Dec 10 16:20:27 2020
[runlim] child:			31215
[runlim] sample:		0.11 time, 10.01 real, 7 MB
[runlim] sample:		0.11 time, 20.01 real, 7 MB
[runlim] sample:		0.11 time, 30.01 real, 7 MB
[runlim] sample:		0.11 time, 40.01 real, 7 MB
[runlim] sample:		0.12 time, 50.01 real, 7 MB
[runlim] sample:		0.12 time, 60.01 real, 7 MB
[runlim] sample:		0.12 time, 70.01 real, 7 MB
[runlim] sample:		0.12 time, 80.01 real, 7 MB
[runlim] sample:		0.12 time, 90.01 real, 7 MB
[runlim] sample:		0.12 time, 100.01 real, 7 MB
[runlim] sample:		0.12 time, 110.01 real, 7 MB
[runlim] sample:		0.12 time, 120.01 real, 7 MB
[runlim] sample:		0.12 time, 130.01 real, 7 MB
[runlim] sample:		0.12 time, 140.01 real, 7 MB
[runlim] sample:		0.12 time, 150.01 real, 7 MB
[runlim] sample:		0.12 time, 160.01 real, 7 MB
[runlim] sample:		0.12 time, 170.01 real, 7 MB
[runlim] sample:		0.12 time, 180.01 real, 7 MB
[runlim] sample:		0.12 time, 190.01 real, 7 MB
[runlim] sample:		0.13 time, 200.01 real, 7 MB
[runlim] sample:		0.13 time, 210.01 real, 7 MB
[runlim] sample:		0.13 time, 220.01 real, 7 MB
[runlim] sample:		0.13 time, 230.01 real, 7 MB
[runlim] sample:		0.13 time, 240.01 real, 7 MB
[runlim] sample:		0.13 time, 250.01 real, 7 MB
[runlim] sample:		0.13 time, 260.01 real, 7 MB
[runlim] sample:		0.13 time, 270.01 real, 7 MB
[runlim] sample:		0.13 time, 280.01 real, 7 MB
[runlim] sample:		0.13 time, 290.01 real, 7 MB
[runlim] sample:		0.13 time, 300.01 real, 7 MB
[runlim] sample:		0.13 time, 310.01 real, 7 MB
[runlim] sample:		0.13 time, 320.01 real, 7 MB
[runlim] sample:		0.13 time, 330.01 real, 7 MB
[runlim] sample:		0.13 time, 340.01 real, 7 MB
[runlim] sample:		0.13 time, 350.01 real, 7 MB
[runlim] sample:		0.13 time, 360.01 real, 7 MB
[runlim] sample:		0.13 time, 370.01 real, 7 MB
[runlim] sample:		0.13 time, 380.01 real, 7 MB
[runlim] sample:		0.13 time, 390.01 real, 7 MB
[runlim] sample:		0.13 time, 400.01 real, 7 MB
[runlim] sample:		0.13 time, 410.01 real, 7 MB
[runlim] sample:		0.13 time, 420.01 real, 7 MB
[runlim] sample:		0.13 time, 430.01 real, 7 MB
[runlim] sample:		0.13 time, 440.01 real, 7 MB
[runlim] sample:		0.13 time, 450.01 real, 7 MB
[runlim] sample:		0.13 time, 460.01 real, 7 MB
[runlim] sample:		0.13 time, 470.01 real, 7 MB
[runlim] sample:		0.14 time, 480.01 real, 7 MB
[runlim] sample:		0.14 time, 490.01 real, 7 MB
[runlim] sample:		0.14 time, 500.01 real, 7 MB
[runlim] sample:		0.14 time, 510.01 real, 7 MB
[runlim] sample:		0.14 time, 520.01 real, 7 MB
[runlim] sample:		0.14 time, 530.01 real, 7 MB
[runlim] sample:		0.14 time, 540.01 real, 7 MB
[runlim] sample:		0.14 time, 550.01 real, 7 MB
[runlim] sample:		0.14 time, 560.01 real, 7 MB
[runlim] sample:		0.14 time, 570.01 real, 7 MB
[runlim] sample:		0.14 time, 580.01 real, 7 MB
[runlim] sample:		0.14 time, 590.01 real, 7 MB
[runlim] sample:		0.14 time, 600.01 real, 7 MB
[runlim] sample:		0.14 time, 610.01 real, 7 MB
[runlim] sample:		0.15 time, 620.01 real, 7 MB
[runlim] sample:		0.15 time, 630.01 real, 7 MB
[runlim] sample:		0.15 time, 640.01 real, 7 MB
[runlim] sample:		0.15 time, 650.01 real, 7 MB
[runlim] sample:		0.15 time, 660.01 real, 7 MB
[runlim] sample:		0.15 time, 670.01 real, 7 MB
[runlim] sample:		0.15 time, 680.01 real, 7 MB
[runlim] sample:		0.15 time, 690.01 real, 7 MB
[runlim] sample:		0.15 time, 700.01 real, 7 MB
[runlim] sample:		0.15 time, 710.01 real, 7 MB
[runlim] sample:		0.15 time, 720.01 real, 7 MB
[runlim] sample:		0.15 time, 730.01 real, 7 MB
[runlim] sample:		0.15 time, 740.01 real, 7 MB
[runlim] sample:		0.15 time, 750.01 real, 7 MB
[runlim] sample:		0.15 time, 760.01 real, 7 MB
[runlim] sample:		0.15 time, 770.01 real, 7 MB
[runlim] sample:		0.15 time, 780.01 real, 7 MB
[runlim] sample:		0.15 time, 790.01 real, 7 MB
[runlim] sample:		0.15 time, 800.01 real, 7 MB
[runlim] sample:		0.15 time, 810.01 real, 7 MB
[runlim] sample:		0.15 time, 820.01 real, 7 MB
[runlim] sample:		0.16 time, 830.01 real, 7 MB
[runlim] sample:		0.16 time, 840.01 real, 7 MB
[runlim] sample:		0.16 time, 850.01 real, 7 MB
[runlim] sample:		0.16 time, 860.01 real, 7 MB
[runlim] sample:		0.16 time, 870.01 real, 7 MB
[runlim] sample:		0.16 time, 880.01 real, 7 MB
[runlim] sample:		0.16 time, 890.01 real, 7 MB
[runlim] sample:		0.16 time, 900.01 real, 7 MB
[runlim] sample:		0.16 time, 910.01 real, 7 MB
[runlim] sample:		0.16 time, 920.01 real, 7 MB
[runlim] sample:		0.16 time, 930.01 real, 7 MB
[runlim] sample:		0.16 time, 940.01 real, 7 MB
[runlim] sample:		0.16 time, 950.01 real, 7 MB
[runlim] sample:		0.16 time, 960.01 real, 7 MB
[runlim] sample:		0.16 time, 970.01 real, 7 MB
[runlim] sample:		0.16 time, 980.01 real, 7 MB
[runlim] sample:		0.16 time, 990.01 real, 7 MB
[runlim] sample:		0.16 time, 1000.01 real, 7 MB
[runlim] sample:		0.16 time, 1010.01 real, 7 MB
[runlim] sample:		0.16 time, 1020.01 real, 7 MB
[runlim] sample:		0.16 time, 1030.01 real, 7 MB
[runlim] sample:		0.16 time, 1040.01 real, 7 MB
[runlim] sample:		0.16 time, 1050.01 real, 7 MB
[runlim] sample:		0.16 time, 1060.01 real, 7 MB
[runlim] sample:		0.16 time, 1070.01 real, 7 MB
[runlim] sample:		0.16 time, 1080.01 real, 7 MB
[runlim] sample:		0.16 time, 1090.01 real, 7 MB
[runlim] sample:		0.16 time, 1100.01 real, 7 MB
[runlim] sample:		0.16 time, 1110.01 real, 7 MB
[runlim] sample:		0.16 time, 1120.01 real, 7 MB
[runlim] sample:		0.16 time, 1130.01 real, 7 MB
[runlim] sample:		0.17 time, 1140.01 real, 7 MB
[runlim] sample:		0.17 time, 1150.01 real, 7 MB
[runlim] sample:		0.17 time, 1160.01 real, 7 MB
[runlim] sample:		0.17 time, 1170.01 real, 7 MB
[runlim] sample:		0.17 time, 1180.01 real, 7 MB
[runlim] sample:		0.17 time, 1190.01 real, 7 MB
[runlim] sample:		0.17 time, 1200.01 real, 7 MB
[runlim] sample:		0.17 time, 1210.01 real, 7 MB
[runlim] sample:		0.17 time, 1220.01 real, 7 MB
[runlim] sample:		0.17 time, 1230.01 real, 7 MB
[runlim] sample:		0.17 time, 1240.01 real, 7 MB
[runlim] sample:		0.17 time, 1250.01 real, 7 MB
[runlim] sample:		0.17 time, 1260.01 real, 7 MB
[runlim] sample:		0.17 time, 1270.01 real, 7 MB
[runlim] sample:		0.17 time, 1280.01 real, 7 MB
[runlim] sample:		0.17 time, 1290.01 real, 7 MB
[runlim] sample:		0.17 time, 1300.01 real, 7 MB
[runlim] sample:		0.17 time, 1310.01 real, 7 MB
[runlim] sample:		0.17 time, 1320.01 real, 7 MB
[runlim] sample:		0.17 time, 1330.01 real, 7 MB
[runlim] sample:		0.17 time, 1340.01 real, 7 MB
[runlim] sample:		0.17 time, 1350.01 real, 7 MB
[runlim] sample:		0.17 time, 1360.01 real, 8 MB
[runlim] sample:		0.17 time, 1370.01 real, 8 MB
[runlim] sample:		0.17 time, 1380.01 real, 8 MB
[runlim] sample:		0.17 time, 1390.01 real, 8 MB
[runlim] sample:		0.17 time, 1400.01 real, 8 MB
[runlim] sample:		0.17 time, 1410.01 real, 8 MB
[runlim] sample:		0.17 time, 1420.01 real, 8 MB
[runlim] sample:		0.17 time, 1430.01 real, 8 MB
[runlim] sample:		0.17 time, 1440.01 real, 8 MB
[runlim] sample:		0.17 time, 1450.01 real, 8 MB
[runlim] sample:		0.17 time, 1460.01 real, 8 MB
[runlim] sample:		0.17 time, 1470.01 real, 8 MB
[runlim] sample:		0.17 time, 1480.01 real, 8 MB
[runlim] sample:		0.17 time, 1490.01 real, 8 MB
[runlim] sample:		0.18 time, 1500.01 real, 8 MB
[runlim] sample:		0.18 time, 1510.01 real, 8 MB
[runlim] sample:		0.18 time, 1520.01 real, 8 MB
[runlim] sample:		0.18 time, 1530.01 real, 8 MB
[runlim] sample:		0.18 time, 1540.01 real, 8 MB
[runlim] sample:		0.18 time, 1550.01 real, 8 MB
[runlim] sample:		0.18 time, 1560.01 real, 8 MB
[runlim] sample:		0.18 time, 1570.01 real, 8 MB
[runlim] sample:		0.18 time, 1580.01 real, 8 MB
[runlim] sample:		0.18 time, 1590.01 real, 8 MB
[runlim] sample:		0.18 time, 1600.01 real, 8 MB
[runlim] sample:		0.18 time, 1610.01 real, 8 MB
[runlim] sample:		0.18 time, 1620.01 real, 8 MB
[runlim] sample:		0.18 time, 1630.01 real, 8 MB
[runlim] sample:		0.18 time, 1640.01 real, 8 MB
[runlim] sample:		0.18 time, 1650.01 real, 8 MB
[runlim] sample:		0.18 time, 1660.01 real, 8 MB
[runlim] sample:		0.18 time, 1670.01 real, 8 MB
[runlim] sample:		0.18 time, 1680.01 real, 8 MB
[runlim] sample:		0.18 time, 1690.01 real, 8 MB
[runlim] sample:		0.18 time, 1700.01 real, 8 MB
[runlim] sample:		0.18 time, 1710.01 real, 8 MB
[runlim] sample:		0.18 time, 1720.01 real, 8 MB
[runlim] sample:		0.18 time, 1730.01 real, 8 MB
[runlim] sample:		0.18 time, 1740.01 real, 8 MB
[runlim] sample:		0.18 time, 1750.01 real, 8 MB
[runlim] sample:		0.18 time, 1760.01 real, 8 MB
[runlim] sample:		0.18 time, 1770.01 real, 8 MB
[runlim] sample:		0.18 time, 1780.01 real, 8 MB
[runlim] sample:		0.18 time, 1790.01 real, 8 MB
[runlim] sample:		0.18 time, 1800.01 real, 8 MB
[runlim] sample:		0.18 time, 1810.01 real, 8 MB
[runlim] sample:		0.18 time, 1820.01 real, 8 MB
[runlim] sample:		0.18 time, 1830.01 real, 8 MB
[runlim] sample:		0.19 time, 1840.01 real, 8 MB
[runlim] sample:		0.19 time, 1850.01 real, 8 MB
[runlim] sample:		0.19 time, 1860.01 real, 8 MB
[runlim] sample:		0.19 time, 1870.01 real, 8 MB
[runlim] sample:		0.19 time, 1880.01 real, 8 MB
[runlim] sample:		0.19 time, 1890.01 real, 8 MB
[runlim] sample:		0.19 time, 1900.01 real, 8 MB
[runlim] sample:		0.19 time, 1910.01 real, 8 MB
[runlim] sample:		0.19 time, 1920.01 real, 8 MB
[runlim] end:			Thu Dec 10 16:52:31 2020
[runlim] status:		ok
[runlim] result:		0
[runlim] children:		1
[runlim] real:			1923.72 seconds
[runlim] time:			0.20 seconds
[runlim] space:			8 MB
[runlim] samples:		19237
