count.buggy.0.asm
count.buggy.1.asm
count.checker.asm
. boolector-functional.mmap
# tid	pc	cmd	arg	accu	mem	adr	val	full	heap
0	inc	LOAD	0	0	0	0	0	0	{}	# 0
0	1	ADDI	1	0	0	0	0	0	{}	# 1
0	2	STORE	0	1	0	0	0	0	{}	# 2
1	inc	LOAD	0	0	0	0	0	0	{}	# 3
0	3	FLUSH	-	1	0	0	1	1	{}	# 4
0	3	LOAD	10	1	0	0	1	0	{(0,1)}	# 5
1	1	ADDI	1	0	0	0	0	0	{}	# 6
1	2	STORE	0	1	0	0	0	0	{}	# 7
1	3	LOAD	11	1	0	0	1	1	{}	# 8
1	4	SUBI	1	2	0	0	1	1	{}	# 9
1	5	FLUSH	-	1	0	0	1	1	{}	# 10
0	4	SUBI	1	2	0	0	1	0	{(0,1)}	# 11
0	5	STORE	10	1	0	0	1	0	{}	# 12
1	5	STORE	11	1	0	0	1	0	{}	# 13
1	6	FLUSH	-	1	0	11	1	1	{}	# 14
1	6	JNZ	inc	1	0	11	1	0	{(11,1)}	# 15
1	inc	LOAD	0	1	0	11	1	0	{}	# 16
1	1	ADDI	1	1	0	11	1	0	{}	# 17
2	0	CHECK	0	0	0	0	0	0	{}	# 18
1	2	STORE	0	2	0	11	1	0	{}	# 19
1	3	FLUSH	-	2	0	0	2	1	{}	# 20
1	3	LOAD	11	2	0	0	2	0	{(0,2)}	# 21
1	4	SUBI	1	1	0	0	2	0	{}	# 22
0	6	JNZ	inc	1	0	10	1	1	{}	# 23
1	5	STORE	11	0	0	0	2	0	{}	# 24
1	6	JNZ	inc	0	0	11	0	1	{}	# 25
1	7	CHECK	0	0	0	11	0	1	{}	# 26
1	8	FLUSH	-	0	0	11	0	1	{}	# 27
0	inc	LOAD	0	1	0	10	1	1	{(11,0)}	# 28
0	1	ADDI	1	2	0	10	1	1	{}	# 29
0	2	FLUSH	-	3	0	10	1	1	{}	# 30
0	2	STORE	0	3	0	10	1	0	{(10,1)}	# 31
0	3	LOAD	10	3	0	0	3	1	{}	# 32
0	4	SUBI	1	1	0	0	3	1	{}	# 33
0	5	FLUSH	-	0	0	0	3	1	{}	# 34
0	5	STORE	10	0	0	0	3	0	{(0,3)}	# 35
0	6	JNZ	inc	0	0	10	0	1	{}	# 36
0	7	CHECK	0	0	0	10	0	1	{}	# 37
0	8	FLUSH	-	0	0	10	0	1	{}	# 38
2	1	ADDI	4	0	0	0	0	0	{(10,0)}	# 39
2	2	CMP	0	4	0	0	0	0	{}	# 40
2	3	JNZ	error	1	0	0	0	0	{}	# 41
0	8	HALT	-	0	0	10	0	0	{}	# 42
2	error	EXIT	1	1	0	0	0	0	{}	# 43
