[count/run.sh] running 134: count/run.sh buggy 2 2 btormc btor2
[concubine>main] encoding took 0.001256 seconds
[concubine>main] generated 396 commands
[btormc] parsing input file...
[btormc] finished parsing
[btor>mc] calling BMC on 1 properties from bound 45 up-to maximum bound k = 45
[btor>mc] trace generation enabled
[btor>mc] new forward manager
[btor>mc] initialized forward frame at bound k = 0
[btor>mc] initialized forward frame at bound k = 1
[btor>mc] initialized forward frame at bound k = 2
[btor>mc] initialized forward frame at bound k = 3
[btor>mc] initialized forward frame at bound k = 4
[btor>mc] initialized forward frame at bound k = 5
[btor>mc] initialized forward frame at bound k = 6
[btor>mc] initialized forward frame at bound k = 7
[btor>mc] initialized forward frame at bound k = 8
[btor>mc] initialized forward frame at bound k = 9
[btor>mc] initialized forward frame at bound k = 10
[btor>mc] initialized forward frame at bound k = 11
[btor>mc] initialized forward frame at bound k = 12
[btor>mc] initialized forward frame at bound k = 13
[btor>mc] initialized forward frame at bound k = 14
[btor>mc] initialized forward frame at bound k = 15
[btor>mc] initialized forward frame at bound k = 16
[btor>mc] initialized forward frame at bound k = 17
[btor>mc] initialized forward frame at bound k = 18
[btor>mc] initialized forward frame at bound k = 19
[btor>mc] initialized forward frame at bound k = 20
[btor>mc] initialized forward frame at bound k = 21
[btor>mc] initialized forward frame at bound k = 22
[btor>mc] initialized forward frame at bound k = 23
[btor>mc] initialized forward frame at bound k = 24
[btor>mc] initialized forward frame at bound k = 25
[btor>mc] initialized forward frame at bound k = 26
[btor>mc] initialized forward frame at bound k = 27
[btor>mc] initialized forward frame at bound k = 28
[btor>mc] initialized forward frame at bound k = 29
[btor>mc] initialized forward frame at bound k = 30
[btor>mc] initialized forward frame at bound k = 31
[btor>mc] initialized forward frame at bound k = 32
[btor>mc] initialized forward frame at bound k = 33
[btor>mc] initialized forward frame at bound k = 34
[btor>mc] initialized forward frame at bound k = 35
[btor>mc] initialized forward frame at bound k = 36
[btor>mc] initialized forward frame at bound k = 37
[btor>mc] initialized forward frame at bound k = 38
[btor>mc] initialized forward frame at bound k = 39
[btor>mc] initialized forward frame at bound k = 40
[btor>mc] initialized forward frame at bound k = 41
[btor>mc] initialized forward frame at bound k = 42
[btor>mc] initialized forward frame at bound k = 43
[btor>mc] initialized forward frame at bound k = 44
[btor>mc] initialized forward frame at bound k = 45
[btor>mc] checking forward frame at bound k = 45
[btor>mc] checking forward frame bad state property 0 at bound k = 45
[btor>core] calling SAT
[btor>core] found UFs, disable slice elimination
[btor>varsubst] 52 variables substituted in 0.0 seconds
[btor>embed] replaced 443 embedded constraints in 0 seconds
[btor>embed] replaced 6 embedded constraints in 0 seconds
[btor>extract] set: 0 (0), set_inc: 0 (0), set_itoi: 0 (0), set_itoip1: 0 (0), cpy: 0 (0)
[btor>extract] extracted 0 lambdas in 0.000 seconds
[btor>preprocess] 1 rewriting rounds in 0.0 seconds
[btor>preprocess] simplification returned 0
[btor>slvfun] enabled core engine
[btor>sat] CaDiCaL allows both incremental and non-incremental mode
[btor>sat] initialized CaDiCaL
[btor>slvfun] 2096 AIG vars, 50934 AIG ands, 31448 CNF vars, 98847 CNF clauses
[btorcore] 1 iterations, 15 lemmas, 0 ext. lemmas, vars 224, applies 126
[btor>slvfun] 2096 AIG vars, 51760 AIG ands, 31890 CNF vars, 100365 CNF clauses
[btorcore] 2 iterations, 27 lemmas, 0 ext. lemmas, vars 224, applies 126
[btor>slvfun] 2096 AIG vars, 52533 AIG ands, 32279 CNF vars, 101724 CNF clauses
[btorcore] 3 iterations, 43 lemmas, 0 ext. lemmas, vars 224, applies 126
[btor>slvfun] 2096 AIG vars, 53443 AIG ands, 32739 CNF vars, 103329 CNF clauses
[btorcore] 4 iterations, 65 lemmas, 0 ext. lemmas, vars 224, applies 126
[btor>slvfun] 2096 AIG vars, 54823 AIG ands, 33443 CNF vars, 105779 CNF clauses
[btorcore] 5 iterations, 76 lemmas, 0 ext. lemmas, vars 224, applies 126
[btor>slvfun] 2096 AIG vars, 55468 AIG ands, 33768 CNF vars, 106914 CNF clauses
[btorcore] 6 iterations, 84 lemmas, 0 ext. lemmas, vars 224, applies 126
[btor>slvfun] 2096 AIG vars, 55984 AIG ands, 34028 CNF vars, 107822 CNF clauses
[btorcore] 7 iterations, 90 lemmas, 0 ext. lemmas, vars 224, applies 126
[btor>slvfun] 2096 AIG vars, 56371 AIG ands, 34223 CNF vars, 108503 CNF clauses
[btorcore] 8 iterations, 93 lemmas, 0 ext. lemmas, vars 224, applies 126
[btor>slvfun] 2096 AIG vars, 56563 AIG ands, 34319 CNF vars, 108839 CNF clauses
[btorcore] 9 iterations, 96 lemmas, 0 ext. lemmas, vars 224, applies 126
[btor>slvfun] 2096 AIG vars, 56755 AIG ands, 34415 CNF vars, 109175 CNF clauses
[btorcore] 10 iterations, 99 lemmas, 0 ext. lemmas, vars 224, applies 126
[btor>slvfun] 2096 AIG vars, 56947 AIG ands, 34511 CNF vars, 109511 CNF clauses
[btorcore] 11 iterations, 101 lemmas, 0 ext. lemmas, vars 224, applies 126
[btor>slvfun] 2096 AIG vars, 57075 AIG ands, 34575 CNF vars, 109735 CNF clauses
[btorcore] 12 iterations, 103 lemmas, 0 ext. lemmas, vars 224, applies 126
[btor>slvfun] 2096 AIG vars, 57203 AIG ands, 34639 CNF vars, 109959 CNF clauses
[btorcore] 13 iterations, 105 lemmas, 0 ext. lemmas, vars 224, applies 126
[btor>slvfun] 2096 AIG vars, 57331 AIG ands, 34703 CNF vars, 110183 CNF clauses
[btorcore] 14 iterations, 106 lemmas, 0 ext. lemmas, vars 224, applies 126
[btor>slvfun] 2096 AIG vars, 57395 AIG ands, 34735 CNF vars, 110295 CNF clauses
[btorcore] 15 iterations, 107 lemmas, 0 ext. lemmas, vars 224, applies 126
[btor>slvfun] 2096 AIG vars, 57459 AIG ands, 34767 CNF vars, 110407 CNF clauses
[btorcore] 16 iterations, 108 lemmas, 0 ext. lemmas, vars 224, applies 126
[btor>slvfun] 2096 AIG vars, 57523 AIG ands, 34799 CNF vars, 110519 CNF clauses
[btorcore] 17 iterations, 109 lemmas, 0 ext. lemmas, vars 224, applies 126
[btor>slvfun] 2096 AIG vars, 57587 AIG ands, 34831 CNF vars, 110631 CNF clauses
[btorcore] 18 iterations, 110 lemmas, 0 ext. lemmas, vars 224, applies 126
[btor>slvfun] 2096 AIG vars, 57651 AIG ands, 34863 CNF vars, 110743 CNF clauses
[btorcore] 19 iterations, 111 lemmas, 0 ext. lemmas, vars 224, applies 126
[btor>slvfun] 2096 AIG vars, 57715 AIG ands, 34895 CNF vars, 110855 CNF clauses
[btorcore] 20 iterations, 112 lemmas, 0 ext. lemmas, vars 224, applies 126
[btor>slvfun] 2096 AIG vars, 57779 AIG ands, 34927 CNF vars, 110967 CNF clauses
[btor>core] SAT call 2 returned 10 in 0.000 seconds
[btor>mc] bad state property 0 reachable at bound k = 45 SATISFIABLE
sat
b0
#0
1 0000000000000000 accu_0#0
2 0000000000000000 accu_1#0
3 0000000000000000 accu_2#0
4 0000000000000000 mem_0#0
5 0000000000000000 mem_1#0
6 0000000000000000 mem_2#0
7 0000000000000000 sb-adr_0#0
8 0000000000000000 sb-adr_1#0
9 0000000000000000 sb-adr_2#0
10 0000000000000000 sb-val_0#0
11 0000000000000000 sb-val_1#0
12 0000000000000000 sb-val_2#0
13 0 sb-full_0#0
14 0 sb-full_1#0
15 0 sb-full_2#0
16 1 stmt_0_0#0
17 0 stmt_0_1#0
18 0 stmt_0_2#0
19 0 stmt_0_3#0
20 0 stmt_0_4#0
21 0 stmt_0_5#0
22 0 stmt_0_6#0
23 0 stmt_0_7#0
24 0 stmt_0_8#0
25 1 stmt_1_0#0
26 0 stmt_1_1#0
27 0 stmt_1_2#0
28 0 stmt_1_3#0
29 0 stmt_1_4#0
30 0 stmt_1_5#0
31 0 stmt_1_6#0
32 0 stmt_1_7#0
33 0 stmt_1_8#0
34 1 stmt_2_0#0
35 0 stmt_2_1#0
36 0 stmt_2_2#0
37 0 stmt_2_3#0
38 0 stmt_2_4#0
39 0 stmt_2_5#0
40 0 block_0_0#0
41 0 block_0_1#0
42 0 block_0_2#0
43 0 halt_0#0
44 0 halt_1#0
45 0 halt_2#0
46 [0000000000000000] 0000000000000000 heap@0
46 [0000000000001010] 0000000000000010 heap@0
46 [0000000000001011] 0000000000000010 heap@0
47 0 exit#0
48 0000000000000000 exit-code#0
@0
0 1 thread_0@0
1 0 thread_1@0
2 0 thread_2@0
3 0 flush_0@0
4 0 flush_1@0
5 0 flush_2@0
#1
1 0000000000000000 accu_0#1
2 0000000000000000 accu_1#1
3 0000000000000000 accu_2#1
4 0000000000000000 mem_0#1
5 0000000000000000 mem_1#1
6 0000000000000000 mem_2#1
7 0000000000000000 sb-adr_0#1
8 0000000000000000 sb-adr_1#1
9 0000000000000000 sb-adr_2#1
10 0000000000000000 sb-val_0#1
11 0000000000000000 sb-val_1#1
12 0000000000000000 sb-val_2#1
13 0 sb-full_0#1
14 0 sb-full_1#1
15 0 sb-full_2#1
16 0 stmt_0_0#1
17 1 stmt_0_1#1
18 0 stmt_0_2#1
19 0 stmt_0_3#1
20 0 stmt_0_4#1
21 0 stmt_0_5#1
22 0 stmt_0_6#1
23 0 stmt_0_7#1
24 0 stmt_0_8#1
25 1 stmt_1_0#1
26 0 stmt_1_1#1
27 0 stmt_1_2#1
28 0 stmt_1_3#1
29 0 stmt_1_4#1
30 0 stmt_1_5#1
31 0 stmt_1_6#1
32 0 stmt_1_7#1
33 0 stmt_1_8#1
34 1 stmt_2_0#1
35 0 stmt_2_1#1
36 0 stmt_2_2#1
37 0 stmt_2_3#1
38 0 stmt_2_4#1
39 0 stmt_2_5#1
40 0 block_0_0#1
41 0 block_0_1#1
42 0 block_0_2#1
43 0 halt_0#1
44 0 halt_1#1
45 0 halt_2#1
46 [0000000000000000] 0000000000000000 heap@1
46 [0000000000001010] 0000000000000010 heap@1
46 [0000000000001011] 0000000000000010 heap@1
47 0 exit#1
48 0000000000000000 exit-code#1
@1
0 1 thread_0@1
1 0 thread_1@1
2 0 thread_2@1
3 0 flush_0@1
4 0 flush_1@1
5 0 flush_2@1
#2
1 0000000000000001 accu_0#2
2 0000000000000000 accu_1#2
3 0000000000000000 accu_2#2
4 0000000000000000 mem_0#2
5 0000000000000000 mem_1#2
6 0000000000000000 mem_2#2
7 0000000000000000 sb-adr_0#2
8 0000000000000000 sb-adr_1#2
9 0000000000000000 sb-adr_2#2
10 0000000000000000 sb-val_0#2
11 0000000000000000 sb-val_1#2
12 0000000000000000 sb-val_2#2
13 0 sb-full_0#2
14 0 sb-full_1#2
15 0 sb-full_2#2
16 0 stmt_0_0#2
17 0 stmt_0_1#2
18 1 stmt_0_2#2
19 0 stmt_0_3#2
20 0 stmt_0_4#2
21 0 stmt_0_5#2
22 0 stmt_0_6#2
23 0 stmt_0_7#2
24 0 stmt_0_8#2
25 1 stmt_1_0#2
26 0 stmt_1_1#2
27 0 stmt_1_2#2
28 0 stmt_1_3#2
29 0 stmt_1_4#2
30 0 stmt_1_5#2
31 0 stmt_1_6#2
32 0 stmt_1_7#2
33 0 stmt_1_8#2
34 1 stmt_2_0#2
35 0 stmt_2_1#2
36 0 stmt_2_2#2
37 0 stmt_2_3#2
38 0 stmt_2_4#2
39 0 stmt_2_5#2
40 0 block_0_0#2
41 0 block_0_1#2
42 0 block_0_2#2
43 0 halt_0#2
44 0 halt_1#2
45 0 halt_2#2
46 [0000000000000000] 0000000000000000 heap@2
46 [0000000000001010] 0000000000000010 heap@2
46 [0000000000001011] 0000000000000010 heap@2
47 0 exit#2
48 0000000000000000 exit-code#2
@2
0 1 thread_0@2
1 0 thread_1@2
2 0 thread_2@2
3 0 flush_0@2
4 0 flush_1@2
5 0 flush_2@2
#3
1 0000000000000001 accu_0#3
2 0000000000000000 accu_1#3
3 0000000000000000 accu_2#3
4 0000000000000000 mem_0#3
5 0000000000000000 mem_1#3
6 0000000000000000 mem_2#3
7 0000000000000000 sb-adr_0#3
8 0000000000000000 sb-adr_1#3
9 0000000000000000 sb-adr_2#3
10 0000000000000001 sb-val_0#3
11 0000000000000000 sb-val_1#3
12 0000000000000000 sb-val_2#3
13 1 sb-full_0#3
14 0 sb-full_1#3
15 0 sb-full_2#3
16 0 stmt_0_0#3
17 0 stmt_0_1#3
18 0 stmt_0_2#3
19 1 stmt_0_3#3
20 0 stmt_0_4#3
21 0 stmt_0_5#3
22 0 stmt_0_6#3
23 0 stmt_0_7#3
24 0 stmt_0_8#3
25 1 stmt_1_0#3
26 0 stmt_1_1#3
27 0 stmt_1_2#3
28 0 stmt_1_3#3
29 0 stmt_1_4#3
30 0 stmt_1_5#3
31 0 stmt_1_6#3
32 0 stmt_1_7#3
33 0 stmt_1_8#3
34 1 stmt_2_0#3
35 0 stmt_2_1#3
36 0 stmt_2_2#3
37 0 stmt_2_3#3
38 0 stmt_2_4#3
39 0 stmt_2_5#3
40 0 block_0_0#3
41 0 block_0_1#3
42 0 block_0_2#3
43 0 halt_0#3
44 0 halt_1#3
45 0 halt_2#3
46 [0000000000000000] 0000000000000000 heap@3
46 [0000000000001010] 0000000000000010 heap@3
46 [0000000000001011] 0000000000000010 heap@3
47 0 exit#3
48 0000000000000000 exit-code#3
@3
0 0 thread_0@3
1 1 thread_1@3
2 0 thread_2@3
3 0 flush_0@3
4 0 flush_1@3
5 0 flush_2@3
#4
1 0000000000000001 accu_0#4
2 0000000000000000 accu_1#4
3 0000000000000000 accu_2#4
4 0000000000000000 mem_0#4
5 0000000000000000 mem_1#4
6 0000000000000000 mem_2#4
7 0000000000000000 sb-adr_0#4
8 0000000000000000 sb-adr_1#4
9 0000000000000000 sb-adr_2#4
10 0000000000000001 sb-val_0#4
11 0000000000000000 sb-val_1#4
12 0000000000000000 sb-val_2#4
13 1 sb-full_0#4
14 0 sb-full_1#4
15 0 sb-full_2#4
16 0 stmt_0_0#4
17 0 stmt_0_1#4
18 0 stmt_0_2#4
19 1 stmt_0_3#4
20 0 stmt_0_4#4
21 0 stmt_0_5#4
22 0 stmt_0_6#4
23 0 stmt_0_7#4
24 0 stmt_0_8#4
25 0 stmt_1_0#4
26 1 stmt_1_1#4
27 0 stmt_1_2#4
28 0 stmt_1_3#4
29 0 stmt_1_4#4
30 0 stmt_1_5#4
31 0 stmt_1_6#4
32 0 stmt_1_7#4
33 0 stmt_1_8#4
34 1 stmt_2_0#4
35 0 stmt_2_1#4
36 0 stmt_2_2#4
37 0 stmt_2_3#4
38 0 stmt_2_4#4
39 0 stmt_2_5#4
40 0 block_0_0#4
41 0 block_0_1#4
42 0 block_0_2#4
43 0 halt_0#4
44 0 halt_1#4
45 0 halt_2#4
46 [0000000000000000] 0000000000000000 heap@4
46 [0000000000001010] 0000000000000010 heap@4
46 [0000000000001011] 0000000000000010 heap@4
47 0 exit#4
48 0000000000000000 exit-code#4
@4
0 1 thread_0@4
1 0 thread_1@4
2 0 thread_2@4
3 0 flush_0@4
4 0 flush_1@4
5 0 flush_2@4
#5
1 0000000000000010 accu_0#5
2 0000000000000000 accu_1#5
3 0000000000000000 accu_2#5
4 0000000000000000 mem_0#5
5 0000000000000000 mem_1#5
6 0000000000000000 mem_2#5
7 0000000000000000 sb-adr_0#5
8 0000000000000000 sb-adr_1#5
9 0000000000000000 sb-adr_2#5
10 0000000000000001 sb-val_0#5
11 0000000000000000 sb-val_1#5
12 0000000000000000 sb-val_2#5
13 1 sb-full_0#5
14 0 sb-full_1#5
15 0 sb-full_2#5
16 0 stmt_0_0#5
17 0 stmt_0_1#5
18 0 stmt_0_2#5
19 0 stmt_0_3#5
20 1 stmt_0_4#5
21 0 stmt_0_5#5
22 0 stmt_0_6#5
23 0 stmt_0_7#5
24 0 stmt_0_8#5
25 0 stmt_1_0#5
26 1 stmt_1_1#5
27 0 stmt_1_2#5
28 0 stmt_1_3#5
29 0 stmt_1_4#5
30 0 stmt_1_5#5
31 0 stmt_1_6#5
32 0 stmt_1_7#5
33 0 stmt_1_8#5
34 1 stmt_2_0#5
35 0 stmt_2_1#5
36 0 stmt_2_2#5
37 0 stmt_2_3#5
38 0 stmt_2_4#5
39 0 stmt_2_5#5
40 0 block_0_0#5
41 0 block_0_1#5
42 0 block_0_2#5
43 0 halt_0#5
44 0 halt_1#5
45 0 halt_2#5
46 [0000000000000000] 0000000000000000 heap@5
46 [0000000000001010] 0000000000000010 heap@5
46 [0000000000001011] 0000000000000010 heap@5
47 0 exit#5
48 0000000000000000 exit-code#5
@5
0 0 thread_0@5
1 0 thread_1@5
2 0 thread_2@5
3 1 flush_0@5
4 0 flush_1@5
5 0 flush_2@5
#6
1 0000000000000010 accu_0#6
2 0000000000000000 accu_1#6
3 0000000000000000 accu_2#6
4 0000000000000000 mem_0#6
5 0000000000000000 mem_1#6
6 0000000000000000 mem_2#6
7 0000000000000000 sb-adr_0#6
8 0000000000000000 sb-adr_1#6
9 0000000000000000 sb-adr_2#6
10 0000000000000001 sb-val_0#6
11 0000000000000000 sb-val_1#6
12 0000000000000000 sb-val_2#6
13 0 sb-full_0#6
14 0 sb-full_1#6
15 0 sb-full_2#6
16 0 stmt_0_0#6
17 0 stmt_0_1#6
18 0 stmt_0_2#6
19 0 stmt_0_3#6
20 1 stmt_0_4#6
21 0 stmt_0_5#6
22 0 stmt_0_6#6
23 0 stmt_0_7#6
24 0 stmt_0_8#6
25 0 stmt_1_0#6
26 1 stmt_1_1#6
27 0 stmt_1_2#6
28 0 stmt_1_3#6
29 0 stmt_1_4#6
30 0 stmt_1_5#6
31 0 stmt_1_6#6
32 0 stmt_1_7#6
33 0 stmt_1_8#6
34 1 stmt_2_0#6
35 0 stmt_2_1#6
36 0 stmt_2_2#6
37 0 stmt_2_3#6
38 0 stmt_2_4#6
39 0 stmt_2_5#6
40 0 block_0_0#6
41 0 block_0_1#6
42 0 block_0_2#6
43 0 halt_0#6
44 0 halt_1#6
45 0 halt_2#6
46 [0000000000000000] 0000000000000001 heap@6
46 [0000000000001010] 0000000000000010 heap@6
46 [0000000000001011] 0000000000000010 heap@6
47 0 exit#6
48 0000000000000000 exit-code#6
@6
0 1 thread_0@6
1 0 thread_1@6
2 0 thread_2@6
3 0 flush_0@6
4 0 flush_1@6
5 0 flush_2@6
#7
1 0000000000000001 accu_0#7
2 0000000000000000 accu_1#7
3 0000000000000000 accu_2#7
4 0000000000000000 mem_0#7
5 0000000000000000 mem_1#7
6 0000000000000000 mem_2#7
7 0000000000000000 sb-adr_0#7
8 0000000000000000 sb-adr_1#7
9 0000000000000000 sb-adr_2#7
10 0000000000000001 sb-val_0#7
11 0000000000000000 sb-val_1#7
12 0000000000000000 sb-val_2#7
13 0 sb-full_0#7
14 0 sb-full_1#7
15 0 sb-full_2#7
16 0 stmt_0_0#7
17 0 stmt_0_1#7
18 0 stmt_0_2#7
19 0 stmt_0_3#7
20 0 stmt_0_4#7
21 1 stmt_0_5#7
22 0 stmt_0_6#7
23 0 stmt_0_7#7
24 0 stmt_0_8#7
25 0 stmt_1_0#7
26 1 stmt_1_1#7
27 0 stmt_1_2#7
28 0 stmt_1_3#7
29 0 stmt_1_4#7
30 0 stmt_1_5#7
31 0 stmt_1_6#7
32 0 stmt_1_7#7
33 0 stmt_1_8#7
34 1 stmt_2_0#7
35 0 stmt_2_1#7
36 0 stmt_2_2#7
37 0 stmt_2_3#7
38 0 stmt_2_4#7
39 0 stmt_2_5#7
40 0 block_0_0#7
41 0 block_0_1#7
42 0 block_0_2#7
43 0 halt_0#7
44 0 halt_1#7
45 0 halt_2#7
46 [0000000000000000] 0000000000000001 heap@7
46 [0000000000001010] 0000000000000010 heap@7
46 [0000000000001011] 0000000000000010 heap@7
47 0 exit#7
48 0000000000000000 exit-code#7
@7
0 1 thread_0@7
1 0 thread_1@7
2 0 thread_2@7
3 0 flush_0@7
4 0 flush_1@7
5 0 flush_2@7
#8
1 0000000000000001 accu_0#8
2 0000000000000000 accu_1#8
3 0000000000000000 accu_2#8
4 0000000000000000 mem_0#8
5 0000000000000000 mem_1#8
6 0000000000000000 mem_2#8
7 0000000000001010 sb-adr_0#8
8 0000000000000000 sb-adr_1#8
9 0000000000000000 sb-adr_2#8
10 0000000000000001 sb-val_0#8
11 0000000000000000 sb-val_1#8
12 0000000000000000 sb-val_2#8
13 1 sb-full_0#8
14 0 sb-full_1#8
15 0 sb-full_2#8
16 0 stmt_0_0#8
17 0 stmt_0_1#8
18 0 stmt_0_2#8
19 0 stmt_0_3#8
20 0 stmt_0_4#8
21 0 stmt_0_5#8
22 1 stmt_0_6#8
23 0 stmt_0_7#8
24 0 stmt_0_8#8
25 0 stmt_1_0#8
26 1 stmt_1_1#8
27 0 stmt_1_2#8
28 0 stmt_1_3#8
29 0 stmt_1_4#8
30 0 stmt_1_5#8
31 0 stmt_1_6#8
32 0 stmt_1_7#8
33 0 stmt_1_8#8
34 1 stmt_2_0#8
35 0 stmt_2_1#8
36 0 stmt_2_2#8
37 0 stmt_2_3#8
38 0 stmt_2_4#8
39 0 stmt_2_5#8
40 0 block_0_0#8
41 0 block_0_1#8
42 0 block_0_2#8
43 0 halt_0#8
44 0 halt_1#8
45 0 halt_2#8
46 [0000000000000000] 0000000000000001 heap@8
46 [0000000000001010] 0000000000000010 heap@8
46 [0000000000001011] 0000000000000010 heap@8
47 0 exit#8
48 0000000000000000 exit-code#8
@8
0 1 thread_0@8
1 0 thread_1@8
2 0 thread_2@8
3 0 flush_0@8
4 0 flush_1@8
5 0 flush_2@8
#9
1 0000000000000001 accu_0#9
2 0000000000000000 accu_1#9
3 0000000000000000 accu_2#9
4 0000000000000000 mem_0#9
5 0000000000000000 mem_1#9
6 0000000000000000 mem_2#9
7 0000000000001010 sb-adr_0#9
8 0000000000000000 sb-adr_1#9
9 0000000000000000 sb-adr_2#9
10 0000000000000001 sb-val_0#9
11 0000000000000000 sb-val_1#9
12 0000000000000000 sb-val_2#9
13 1 sb-full_0#9
14 0 sb-full_1#9
15 0 sb-full_2#9
16 1 stmt_0_0#9
17 0 stmt_0_1#9
18 0 stmt_0_2#9
19 0 stmt_0_3#9
20 0 stmt_0_4#9
21 0 stmt_0_5#9
22 0 stmt_0_6#9
23 0 stmt_0_7#9
24 0 stmt_0_8#9
25 0 stmt_1_0#9
26 1 stmt_1_1#9
27 0 stmt_1_2#9
28 0 stmt_1_3#9
29 0 stmt_1_4#9
30 0 stmt_1_5#9
31 0 stmt_1_6#9
32 0 stmt_1_7#9
33 0 stmt_1_8#9
34 1 stmt_2_0#9
35 0 stmt_2_1#9
36 0 stmt_2_2#9
37 0 stmt_2_3#9
38 0 stmt_2_4#9
39 0 stmt_2_5#9
40 0 block_0_0#9
41 0 block_0_1#9
42 0 block_0_2#9
43 0 halt_0#9
44 0 halt_1#9
45 0 halt_2#9
46 [0000000000000000] 0000000000000001 heap@9
46 [0000000000001010] 0000000000000010 heap@9
46 [0000000000001011] 0000000000000010 heap@9
47 0 exit#9
48 0000000000000000 exit-code#9
@9
0 0 thread_0@9
1 0 thread_1@9
2 0 thread_2@9
3 1 flush_0@9
4 0 flush_1@9
5 0 flush_2@9
#10
1 0000000000000001 accu_0#10
2 0000000000000000 accu_1#10
3 0000000000000000 accu_2#10
4 0000000000000000 mem_0#10
5 0000000000000000 mem_1#10
6 0000000000000000 mem_2#10
7 0000000000001010 sb-adr_0#10
8 0000000000000000 sb-adr_1#10
9 0000000000000000 sb-adr_2#10
10 0000000000000001 sb-val_0#10
11 0000000000000000 sb-val_1#10
12 0000000000000000 sb-val_2#10
13 0 sb-full_0#10
14 0 sb-full_1#10
15 0 sb-full_2#10
16 1 stmt_0_0#10
17 0 stmt_0_1#10
18 0 stmt_0_2#10
19 0 stmt_0_3#10
20 0 stmt_0_4#10
21 0 stmt_0_5#10
22 0 stmt_0_6#10
23 0 stmt_0_7#10
24 0 stmt_0_8#10
25 0 stmt_1_0#10
26 1 stmt_1_1#10
27 0 stmt_1_2#10
28 0 stmt_1_3#10
29 0 stmt_1_4#10
30 0 stmt_1_5#10
31 0 stmt_1_6#10
32 0 stmt_1_7#10
33 0 stmt_1_8#10
34 1 stmt_2_0#10
35 0 stmt_2_1#10
36 0 stmt_2_2#10
37 0 stmt_2_3#10
38 0 stmt_2_4#10
39 0 stmt_2_5#10
40 0 block_0_0#10
41 0 block_0_1#10
42 0 block_0_2#10
43 0 halt_0#10
44 0 halt_1#10
45 0 halt_2#10
46 [0000000000000000] 0000000000000001 heap@10
46 [0000000000001010] 0000000000000001 heap@10
46 [0000000000001011] 0000000000000010 heap@10
47 0 exit#10
48 0000000000000000 exit-code#10
@10
0 1 thread_0@10
1 0 thread_1@10
2 0 thread_2@10
3 0 flush_0@10
4 0 flush_1@10
5 0 flush_2@10
#11
1 0000000000000001 accu_0#11
2 0000000000000000 accu_1#11
3 0000000000000000 accu_2#11
4 0000000000000000 mem_0#11
5 0000000000000000 mem_1#11
6 0000000000000000 mem_2#11
7 0000000000001010 sb-adr_0#11
8 0000000000000000 sb-adr_1#11
9 0000000000000000 sb-adr_2#11
10 0000000000000001 sb-val_0#11
11 0000000000000000 sb-val_1#11
12 0000000000000000 sb-val_2#11
13 0 sb-full_0#11
14 0 sb-full_1#11
15 0 sb-full_2#11
16 0 stmt_0_0#11
17 1 stmt_0_1#11
18 0 stmt_0_2#11
19 0 stmt_0_3#11
20 0 stmt_0_4#11
21 0 stmt_0_5#11
22 0 stmt_0_6#11
23 0 stmt_0_7#11
24 0 stmt_0_8#11
25 0 stmt_1_0#11
26 1 stmt_1_1#11
27 0 stmt_1_2#11
28 0 stmt_1_3#11
29 0 stmt_1_4#11
30 0 stmt_1_5#11
31 0 stmt_1_6#11
32 0 stmt_1_7#11
33 0 stmt_1_8#11
34 1 stmt_2_0#11
35 0 stmt_2_1#11
36 0 stmt_2_2#11
37 0 stmt_2_3#11
38 0 stmt_2_4#11
39 0 stmt_2_5#11
40 0 block_0_0#11
41 0 block_0_1#11
42 0 block_0_2#11
43 0 halt_0#11
44 0 halt_1#11
45 0 halt_2#11
46 [0000000000000000] 0000000000000001 heap@11
46 [0000000000001010] 0000000000000001 heap@11
46 [0000000000001011] 0000000000000010 heap@11
47 0 exit#11
48 0000000000000000 exit-code#11
@11
0 1 thread_0@11
1 0 thread_1@11
2 0 thread_2@11
3 0 flush_0@11
4 0 flush_1@11
5 0 flush_2@11
#12
1 0000000000000010 accu_0#12
2 0000000000000000 accu_1#12
3 0000000000000000 accu_2#12
4 0000000000000000 mem_0#12
5 0000000000000000 mem_1#12
6 0000000000000000 mem_2#12
7 0000000000001010 sb-adr_0#12
8 0000000000000000 sb-adr_1#12
9 0000000000000000 sb-adr_2#12
10 0000000000000001 sb-val_0#12
11 0000000000000000 sb-val_1#12
12 0000000000000000 sb-val_2#12
13 0 sb-full_0#12
14 0 sb-full_1#12
15 0 sb-full_2#12
16 0 stmt_0_0#12
17 0 stmt_0_1#12
18 1 stmt_0_2#12
19 0 stmt_0_3#12
20 0 stmt_0_4#12
21 0 stmt_0_5#12
22 0 stmt_0_6#12
23 0 stmt_0_7#12
24 0 stmt_0_8#12
25 0 stmt_1_0#12
26 1 stmt_1_1#12
27 0 stmt_1_2#12
28 0 stmt_1_3#12
29 0 stmt_1_4#12
30 0 stmt_1_5#12
31 0 stmt_1_6#12
32 0 stmt_1_7#12
33 0 stmt_1_8#12
34 1 stmt_2_0#12
35 0 stmt_2_1#12
36 0 stmt_2_2#12
37 0 stmt_2_3#12
38 0 stmt_2_4#12
39 0 stmt_2_5#12
40 0 block_0_0#12
41 0 block_0_1#12
42 0 block_0_2#12
43 0 halt_0#12
44 0 halt_1#12
45 0 halt_2#12
46 [0000000000000000] 0000000000000001 heap@12
46 [0000000000001010] 0000000000000001 heap@12
46 [0000000000001011] 0000000000000010 heap@12
47 0 exit#12
48 0000000000000000 exit-code#12
@12
0 0 thread_0@12
1 1 thread_1@12
2 0 thread_2@12
3 0 flush_0@12
4 0 flush_1@12
5 0 flush_2@12
#13
1 0000000000000010 accu_0#13
2 0000000000000001 accu_1#13
3 0000000000000000 accu_2#13
4 0000000000000000 mem_0#13
5 0000000000000000 mem_1#13
6 0000000000000000 mem_2#13
7 0000000000001010 sb-adr_0#13
8 0000000000000000 sb-adr_1#13
9 0000000000000000 sb-adr_2#13
10 0000000000000001 sb-val_0#13
11 0000000000000000 sb-val_1#13
12 0000000000000000 sb-val_2#13
13 0 sb-full_0#13
14 0 sb-full_1#13
15 0 sb-full_2#13
16 0 stmt_0_0#13
17 0 stmt_0_1#13
18 1 stmt_0_2#13
19 0 stmt_0_3#13
20 0 stmt_0_4#13
21 0 stmt_0_5#13
22 0 stmt_0_6#13
23 0 stmt_0_7#13
24 0 stmt_0_8#13
25 0 stmt_1_0#13
26 0 stmt_1_1#13
27 1 stmt_1_2#13
28 0 stmt_1_3#13
29 0 stmt_1_4#13
30 0 stmt_1_5#13
31 0 stmt_1_6#13
32 0 stmt_1_7#13
33 0 stmt_1_8#13
34 1 stmt_2_0#13
35 0 stmt_2_1#13
36 0 stmt_2_2#13
37 0 stmt_2_3#13
38 0 stmt_2_4#13
39 0 stmt_2_5#13
40 0 block_0_0#13
41 0 block_0_1#13
42 0 block_0_2#13
43 0 halt_0#13
44 0 halt_1#13
45 0 halt_2#13
46 [0000000000000000] 0000000000000001 heap@13
46 [0000000000001010] 0000000000000001 heap@13
46 [0000000000001011] 0000000000000010 heap@13
47 0 exit#13
48 0000000000000000 exit-code#13
@13
0 1 thread_0@13
1 0 thread_1@13
2 0 thread_2@13
3 0 flush_0@13
4 0 flush_1@13
5 0 flush_2@13
#14
1 0000000000000010 accu_0#14
2 0000000000000001 accu_1#14
3 0000000000000000 accu_2#14
4 0000000000000000 mem_0#14
5 0000000000000000 mem_1#14
6 0000000000000000 mem_2#14
7 0000000000000000 sb-adr_0#14
8 0000000000000000 sb-adr_1#14
9 0000000000000000 sb-adr_2#14
10 0000000000000010 sb-val_0#14
11 0000000000000000 sb-val_1#14
12 0000000000000000 sb-val_2#14
13 1 sb-full_0#14
14 0 sb-full_1#14
15 0 sb-full_2#14
16 0 stmt_0_0#14
17 0 stmt_0_1#14
18 0 stmt_0_2#14
19 1 stmt_0_3#14
20 0 stmt_0_4#14
21 0 stmt_0_5#14
22 0 stmt_0_6#14
23 0 stmt_0_7#14
24 0 stmt_0_8#14
25 0 stmt_1_0#14
26 0 stmt_1_1#14
27 1 stmt_1_2#14
28 0 stmt_1_3#14
29 0 stmt_1_4#14
30 0 stmt_1_5#14
31 0 stmt_1_6#14
32 0 stmt_1_7#14
33 0 stmt_1_8#14
34 1 stmt_2_0#14
35 0 stmt_2_1#14
36 0 stmt_2_2#14
37 0 stmt_2_3#14
38 0 stmt_2_4#14
39 0 stmt_2_5#14
40 0 block_0_0#14
41 0 block_0_1#14
42 0 block_0_2#14
43 0 halt_0#14
44 0 halt_1#14
45 0 halt_2#14
46 [0000000000000000] 0000000000000001 heap@14
46 [0000000000001010] 0000000000000001 heap@14
46 [0000000000001011] 0000000000000010 heap@14
47 0 exit#14
48 0000000000000000 exit-code#14
@14
0 0 thread_0@14
1 0 thread_1@14
2 0 thread_2@14
3 1 flush_0@14
4 0 flush_1@14
5 0 flush_2@14
#15
1 0000000000000010 accu_0#15
2 0000000000000001 accu_1#15
3 0000000000000000 accu_2#15
4 0000000000000000 mem_0#15
5 0000000000000000 mem_1#15
6 0000000000000000 mem_2#15
7 0000000000000000 sb-adr_0#15
8 0000000000000000 sb-adr_1#15
9 0000000000000000 sb-adr_2#15
10 0000000000000010 sb-val_0#15
11 0000000000000000 sb-val_1#15
12 0000000000000000 sb-val_2#15
13 0 sb-full_0#15
14 0 sb-full_1#15
15 0 sb-full_2#15
16 0 stmt_0_0#15
17 0 stmt_0_1#15
18 0 stmt_0_2#15
19 1 stmt_0_3#15
20 0 stmt_0_4#15
21 0 stmt_0_5#15
22 0 stmt_0_6#15
23 0 stmt_0_7#15
24 0 stmt_0_8#15
25 0 stmt_1_0#15
26 0 stmt_1_1#15
27 1 stmt_1_2#15
28 0 stmt_1_3#15
29 0 stmt_1_4#15
30 0 stmt_1_5#15
31 0 stmt_1_6#15
32 0 stmt_1_7#15
33 0 stmt_1_8#15
34 1 stmt_2_0#15
35 0 stmt_2_1#15
36 0 stmt_2_2#15
37 0 stmt_2_3#15
38 0 stmt_2_4#15
39 0 stmt_2_5#15
40 0 block_0_0#15
41 0 block_0_1#15
42 0 block_0_2#15
43 0 halt_0#15
44 0 halt_1#15
45 0 halt_2#15
46 [0000000000000000] 0000000000000010 heap@15
46 [0000000000001010] 0000000000000001 heap@15
46 [0000000000001011] 0000000000000010 heap@15
47 0 exit#15
48 0000000000000000 exit-code#15
@15
0 0 thread_0@15
1 1 thread_1@15
2 0 thread_2@15
3 0 flush_0@15
4 0 flush_1@15
5 0 flush_2@15
#16
1 0000000000000010 accu_0#16
2 0000000000000001 accu_1#16
3 0000000000000000 accu_2#16
4 0000000000000000 mem_0#16
5 0000000000000000 mem_1#16
6 0000000000000000 mem_2#16
7 0000000000000000 sb-adr_0#16
8 0000000000000000 sb-adr_1#16
9 0000000000000000 sb-adr_2#16
10 0000000000000010 sb-val_0#16
11 0000000000000001 sb-val_1#16
12 0000000000000000 sb-val_2#16
13 0 sb-full_0#16
14 1 sb-full_1#16
15 0 sb-full_2#16
16 0 stmt_0_0#16
17 0 stmt_0_1#16
18 0 stmt_0_2#16
19 1 stmt_0_3#16
20 0 stmt_0_4#16
21 0 stmt_0_5#16
22 0 stmt_0_6#16
23 0 stmt_0_7#16
24 0 stmt_0_8#16
25 0 stmt_1_0#16
26 0 stmt_1_1#16
27 0 stmt_1_2#16
28 1 stmt_1_3#16
29 0 stmt_1_4#16
30 0 stmt_1_5#16
31 0 stmt_1_6#16
32 0 stmt_1_7#16
33 0 stmt_1_8#16
34 1 stmt_2_0#16
35 0 stmt_2_1#16
36 0 stmt_2_2#16
37 0 stmt_2_3#16
38 0 stmt_2_4#16
39 0 stmt_2_5#16
40 0 block_0_0#16
41 0 block_0_1#16
42 0 block_0_2#16
43 0 halt_0#16
44 0 halt_1#16
45 0 halt_2#16
46 [0000000000000000] 0000000000000010 heap@16
46 [0000000000001010] 0000000000000001 heap@16
46 [0000000000001011] 0000000000000010 heap@16
47 0 exit#16
48 0000000000000000 exit-code#16
@16
0 0 thread_0@16
1 0 thread_1@16
2 0 thread_2@16
3 0 flush_0@16
4 1 flush_1@16
5 0 flush_2@16
#17
1 0000000000000010 accu_0#17
2 0000000000000001 accu_1#17
3 0000000000000000 accu_2#17
4 0000000000000000 mem_0#17
5 0000000000000000 mem_1#17
6 0000000000000000 mem_2#17
7 0000000000000000 sb-adr_0#17
8 0000000000000000 sb-adr_1#17
9 0000000000000000 sb-adr_2#17
10 0000000000000010 sb-val_0#17
11 0000000000000001 sb-val_1#17
12 0000000000000000 sb-val_2#17
13 0 sb-full_0#17
14 0 sb-full_1#17
15 0 sb-full_2#17
16 0 stmt_0_0#17
17 0 stmt_0_1#17
18 0 stmt_0_2#17
19 1 stmt_0_3#17
20 0 stmt_0_4#17
21 0 stmt_0_5#17
22 0 stmt_0_6#17
23 0 stmt_0_7#17
24 0 stmt_0_8#17
25 0 stmt_1_0#17
26 0 stmt_1_1#17
27 0 stmt_1_2#17
28 1 stmt_1_3#17
29 0 stmt_1_4#17
30 0 stmt_1_5#17
31 0 stmt_1_6#17
32 0 stmt_1_7#17
33 0 stmt_1_8#17
34 1 stmt_2_0#17
35 0 stmt_2_1#17
36 0 stmt_2_2#17
37 0 stmt_2_3#17
38 0 stmt_2_4#17
39 0 stmt_2_5#17
40 0 block_0_0#17
41 0 block_0_1#17
42 0 block_0_2#17
43 0 halt_0#17
44 0 halt_1#17
45 0 halt_2#17
46 [0000000000000000] 0000000000000001 heap@17
46 [0000000000001010] 0000000000000001 heap@17
46 [0000000000001011] 0000000000000010 heap@17
47 0 exit#17
48 0000000000000000 exit-code#17
@17
0 0 thread_0@17
1 0 thread_1@17
2 1 thread_2@17
3 0 flush_0@17
4 0 flush_1@17
5 0 flush_2@17
#18
1 0000000000000010 accu_0#18
2 0000000000000001 accu_1#18
3 0000000000000000 accu_2#18
4 0000000000000000 mem_0#18
5 0000000000000000 mem_1#18
6 0000000000000000 mem_2#18
7 0000000000000000 sb-adr_0#18
8 0000000000000000 sb-adr_1#18
9 0000000000000000 sb-adr_2#18
10 0000000000000010 sb-val_0#18
11 0000000000000001 sb-val_1#18
12 0000000000000000 sb-val_2#18
13 0 sb-full_0#18
14 0 sb-full_1#18
15 0 sb-full_2#18
16 0 stmt_0_0#18
17 0 stmt_0_1#18
18 0 stmt_0_2#18
19 1 stmt_0_3#18
20 0 stmt_0_4#18
21 0 stmt_0_5#18
22 0 stmt_0_6#18
23 0 stmt_0_7#18
24 0 stmt_0_8#18
25 0 stmt_1_0#18
26 0 stmt_1_1#18
27 0 stmt_1_2#18
28 1 stmt_1_3#18
29 0 stmt_1_4#18
30 0 stmt_1_5#18
31 0 stmt_1_6#18
32 0 stmt_1_7#18
33 0 stmt_1_8#18
34 0 stmt_2_0#18
35 1 stmt_2_1#18
36 0 stmt_2_2#18
37 0 stmt_2_3#18
38 0 stmt_2_4#18
39 0 stmt_2_5#18
40 0 block_0_0#18
41 0 block_0_1#18
42 1 block_0_2#18
43 0 halt_0#18
44 0 halt_1#18
45 0 halt_2#18
46 [0000000000000000] 0000000000000001 heap@18
46 [0000000000001010] 0000000000000001 heap@18
46 [0000000000001011] 0000000000000010 heap@18
47 0 exit#18
48 0000000000000000 exit-code#18
@18
0 0 thread_0@18
1 1 thread_1@18
2 0 thread_2@18
3 0 flush_0@18
4 0 flush_1@18
5 0 flush_2@18
#19
1 0000000000000010 accu_0#19
2 0000000000000010 accu_1#19
3 0000000000000000 accu_2#19
4 0000000000000000 mem_0#19
5 0000000000000000 mem_1#19
6 0000000000000000 mem_2#19
7 0000000000000000 sb-adr_0#19
8 0000000000000000 sb-adr_1#19
9 0000000000000000 sb-adr_2#19
10 0000000000000010 sb-val_0#19
11 0000000000000001 sb-val_1#19
12 0000000000000000 sb-val_2#19
13 0 sb-full_0#19
14 0 sb-full_1#19
15 0 sb-full_2#19
16 0 stmt_0_0#19
17 0 stmt_0_1#19
18 0 stmt_0_2#19
19 1 stmt_0_3#19
20 0 stmt_0_4#19
21 0 stmt_0_5#19
22 0 stmt_0_6#19
23 0 stmt_0_7#19
24 0 stmt_0_8#19
25 0 stmt_1_0#19
26 0 stmt_1_1#19
27 0 stmt_1_2#19
28 0 stmt_1_3#19
29 1 stmt_1_4#19
30 0 stmt_1_5#19
31 0 stmt_1_6#19
32 0 stmt_1_7#19
33 0 stmt_1_8#19
34 0 stmt_2_0#19
35 1 stmt_2_1#19
36 0 stmt_2_2#19
37 0 stmt_2_3#19
38 0 stmt_2_4#19
39 0 stmt_2_5#19
40 0 block_0_0#19
41 0 block_0_1#19
42 1 block_0_2#19
43 0 halt_0#19
44 0 halt_1#19
45 0 halt_2#19
46 [0000000000000000] 0000000000000001 heap@19
46 [0000000000001010] 0000000000000001 heap@19
46 [0000000000001011] 0000000000000010 heap@19
47 0 exit#19
48 0000000000000000 exit-code#19
@19
0 0 thread_0@19
1 1 thread_1@19
2 0 thread_2@19
3 0 flush_0@19
4 0 flush_1@19
5 0 flush_2@19
#20
1 0000000000000010 accu_0#20
2 0000000000000001 accu_1#20
3 0000000000000000 accu_2#20
4 0000000000000000 mem_0#20
5 0000000000000000 mem_1#20
6 0000000000000000 mem_2#20
7 0000000000000000 sb-adr_0#20
8 0000000000000000 sb-adr_1#20
9 0000000000000000 sb-adr_2#20
10 0000000000000010 sb-val_0#20
11 0000000000000001 sb-val_1#20
12 0000000000000000 sb-val_2#20
13 0 sb-full_0#20
14 0 sb-full_1#20
15 0 sb-full_2#20
16 0 stmt_0_0#20
17 0 stmt_0_1#20
18 0 stmt_0_2#20
19 1 stmt_0_3#20
20 0 stmt_0_4#20
21 0 stmt_0_5#20
22 0 stmt_0_6#20
23 0 stmt_0_7#20
24 0 stmt_0_8#20
25 0 stmt_1_0#20
26 0 stmt_1_1#20
27 0 stmt_1_2#20
28 0 stmt_1_3#20
29 0 stmt_1_4#20
30 1 stmt_1_5#20
31 0 stmt_1_6#20
32 0 stmt_1_7#20
33 0 stmt_1_8#20
34 0 stmt_2_0#20
35 1 stmt_2_1#20
36 0 stmt_2_2#20
37 0 stmt_2_3#20
38 0 stmt_2_4#20
39 0 stmt_2_5#20
40 0 block_0_0#20
41 0 block_0_1#20
42 1 block_0_2#20
43 0 halt_0#20
44 0 halt_1#20
45 0 halt_2#20
46 [0000000000000000] 0000000000000001 heap@20
46 [0000000000001010] 0000000000000001 heap@20
46 [0000000000001011] 0000000000000010 heap@20
47 0 exit#20
48 0000000000000000 exit-code#20
@20
0 0 thread_0@20
1 1 thread_1@20
2 0 thread_2@20
3 0 flush_0@20
4 0 flush_1@20
5 0 flush_2@20
#21
1 0000000000000010 accu_0#21
2 0000000000000001 accu_1#21
3 0000000000000000 accu_2#21
4 0000000000000000 mem_0#21
5 0000000000000000 mem_1#21
6 0000000000000000 mem_2#21
7 0000000000000000 sb-adr_0#21
8 0000000000001011 sb-adr_1#21
9 0000000000000000 sb-adr_2#21
10 0000000000000010 sb-val_0#21
11 0000000000000001 sb-val_1#21
12 0000000000000000 sb-val_2#21
13 0 sb-full_0#21
14 1 sb-full_1#21
15 0 sb-full_2#21
16 0 stmt_0_0#21
17 0 stmt_0_1#21
18 0 stmt_0_2#21
19 1 stmt_0_3#21
20 0 stmt_0_4#21
21 0 stmt_0_5#21
22 0 stmt_0_6#21
23 0 stmt_0_7#21
24 0 stmt_0_8#21
25 0 stmt_1_0#21
26 0 stmt_1_1#21
27 0 stmt_1_2#21
28 0 stmt_1_3#21
29 0 stmt_1_4#21
30 0 stmt_1_5#21
31 1 stmt_1_6#21
32 0 stmt_1_7#21
33 0 stmt_1_8#21
34 0 stmt_2_0#21
35 1 stmt_2_1#21
36 0 stmt_2_2#21
37 0 stmt_2_3#21
38 0 stmt_2_4#21
39 0 stmt_2_5#21
40 0 block_0_0#21
41 0 block_0_1#21
42 1 block_0_2#21
43 0 halt_0#21
44 0 halt_1#21
45 0 halt_2#21
46 [0000000000000000] 0000000000000001 heap@21
46 [0000000000001010] 0000000000000001 heap@21
46 [0000000000001011] 0000000000000010 heap@21
47 0 exit#21
48 0000000000000000 exit-code#21
@21
0 0 thread_0@21
1 1 thread_1@21
2 0 thread_2@21
3 0 flush_0@21
4 0 flush_1@21
5 0 flush_2@21
#22
1 0000000000000010 accu_0#22
2 0000000000000001 accu_1#22
3 0000000000000000 accu_2#22
4 0000000000000000 mem_0#22
5 0000000000000000 mem_1#22
6 0000000000000000 mem_2#22
7 0000000000000000 sb-adr_0#22
8 0000000000001011 sb-adr_1#22
9 0000000000000000 sb-adr_2#22
10 0000000000000010 sb-val_0#22
11 0000000000000001 sb-val_1#22
12 0000000000000000 sb-val_2#22
13 0 sb-full_0#22
14 1 sb-full_1#22
15 0 sb-full_2#22
16 0 stmt_0_0#22
17 0 stmt_0_1#22
18 0 stmt_0_2#22
19 1 stmt_0_3#22
20 0 stmt_0_4#22
21 0 stmt_0_5#22
22 0 stmt_0_6#22
23 0 stmt_0_7#22
24 0 stmt_0_8#22
25 1 stmt_1_0#22
26 0 stmt_1_1#22
27 0 stmt_1_2#22
28 0 stmt_1_3#22
29 0 stmt_1_4#22
30 0 stmt_1_5#22
31 0 stmt_1_6#22
32 0 stmt_1_7#22
33 0 stmt_1_8#22
34 0 stmt_2_0#22
35 1 stmt_2_1#22
36 0 stmt_2_2#22
37 0 stmt_2_3#22
38 0 stmt_2_4#22
39 0 stmt_2_5#22
40 0 block_0_0#22
41 0 block_0_1#22
42 1 block_0_2#22
43 0 halt_0#22
44 0 halt_1#22
45 0 halt_2#22
46 [0000000000000000] 0000000000000001 heap@22
46 [0000000000001010] 0000000000000001 heap@22
46 [0000000000001011] 0000000000000010 heap@22
47 0 exit#22
48 0000000000000000 exit-code#22
@22
0 0 thread_0@22
1 1 thread_1@22
2 0 thread_2@22
3 0 flush_0@22
4 0 flush_1@22
5 0 flush_2@22
#23
1 0000000000000010 accu_0#23
2 0000000000000001 accu_1#23
3 0000000000000000 accu_2#23
4 0000000000000000 mem_0#23
5 0000000000000000 mem_1#23
6 0000000000000000 mem_2#23
7 0000000000000000 sb-adr_0#23
8 0000000000001011 sb-adr_1#23
9 0000000000000000 sb-adr_2#23
10 0000000000000010 sb-val_0#23
11 0000000000000001 sb-val_1#23
12 0000000000000000 sb-val_2#23
13 0 sb-full_0#23
14 1 sb-full_1#23
15 0 sb-full_2#23
16 0 stmt_0_0#23
17 0 stmt_0_1#23
18 0 stmt_0_2#23
19 1 stmt_0_3#23
20 0 stmt_0_4#23
21 0 stmt_0_5#23
22 0 stmt_0_6#23
23 0 stmt_0_7#23
24 0 stmt_0_8#23
25 0 stmt_1_0#23
26 1 stmt_1_1#23
27 0 stmt_1_2#23
28 0 stmt_1_3#23
29 0 stmt_1_4#23
30 0 stmt_1_5#23
31 0 stmt_1_6#23
32 0 stmt_1_7#23
33 0 stmt_1_8#23
34 0 stmt_2_0#23
35 1 stmt_2_1#23
36 0 stmt_2_2#23
37 0 stmt_2_3#23
38 0 stmt_2_4#23
39 0 stmt_2_5#23
40 0 block_0_0#23
41 0 block_0_1#23
42 1 block_0_2#23
43 0 halt_0#23
44 0 halt_1#23
45 0 halt_2#23
46 [0000000000000000] 0000000000000001 heap@23
46 [0000000000001010] 0000000000000001 heap@23
46 [0000000000001011] 0000000000000010 heap@23
47 0 exit#23
48 0000000000000000 exit-code#23
@23
0 1 thread_0@23
1 0 thread_1@23
2 0 thread_2@23
3 0 flush_0@23
4 0 flush_1@23
5 0 flush_2@23
#24
1 0000000000000001 accu_0#24
2 0000000000000001 accu_1#24
3 0000000000000000 accu_2#24
4 0000000000000000 mem_0#24
5 0000000000000000 mem_1#24
6 0000000000000000 mem_2#24
7 0000000000000000 sb-adr_0#24
8 0000000000001011 sb-adr_1#24
9 0000000000000000 sb-adr_2#24
10 0000000000000010 sb-val_0#24
11 0000000000000001 sb-val_1#24
12 0000000000000000 sb-val_2#24
13 0 sb-full_0#24
14 1 sb-full_1#24
15 0 sb-full_2#24
16 0 stmt_0_0#24
17 0 stmt_0_1#24
18 0 stmt_0_2#24
19 0 stmt_0_3#24
20 1 stmt_0_4#24
21 0 stmt_0_5#24
22 0 stmt_0_6#24
23 0 stmt_0_7#24
24 0 stmt_0_8#24
25 0 stmt_1_0#24
26 1 stmt_1_1#24
27 0 stmt_1_2#24
28 0 stmt_1_3#24
29 0 stmt_1_4#24
30 0 stmt_1_5#24
31 0 stmt_1_6#24
32 0 stmt_1_7#24
33 0 stmt_1_8#24
34 0 stmt_2_0#24
35 1 stmt_2_1#24
36 0 stmt_2_2#24
37 0 stmt_2_3#24
38 0 stmt_2_4#24
39 0 stmt_2_5#24
40 0 block_0_0#24
41 0 block_0_1#24
42 1 block_0_2#24
43 0 halt_0#24
44 0 halt_1#24
45 0 halt_2#24
46 [0000000000000000] 0000000000000001 heap@24
46 [0000000000001010] 0000000000000001 heap@24
46 [0000000000001011] 0000000000000010 heap@24
47 0 exit#24
48 0000000000000000 exit-code#24
@24
0 0 thread_0@24
1 1 thread_1@24
2 0 thread_2@24
3 0 flush_0@24
4 0 flush_1@24
5 0 flush_2@24
#25
1 0000000000000001 accu_0#25
2 0000000000000010 accu_1#25
3 0000000000000000 accu_2#25
4 0000000000000000 mem_0#25
5 0000000000000000 mem_1#25
6 0000000000000000 mem_2#25
7 0000000000000000 sb-adr_0#25
8 0000000000001011 sb-adr_1#25
9 0000000000000000 sb-adr_2#25
10 0000000000000010 sb-val_0#25
11 0000000000000001 sb-val_1#25
12 0000000000000000 sb-val_2#25
13 0 sb-full_0#25
14 1 sb-full_1#25
15 0 sb-full_2#25
16 0 stmt_0_0#25
17 0 stmt_0_1#25
18 0 stmt_0_2#25
19 0 stmt_0_3#25
20 1 stmt_0_4#25
21 0 stmt_0_5#25
22 0 stmt_0_6#25
23 0 stmt_0_7#25
24 0 stmt_0_8#25
25 0 stmt_1_0#25
26 0 stmt_1_1#25
27 1 stmt_1_2#25
28 0 stmt_1_3#25
29 0 stmt_1_4#25
30 0 stmt_1_5#25
31 0 stmt_1_6#25
32 0 stmt_1_7#25
33 0 stmt_1_8#25
34 0 stmt_2_0#25
35 1 stmt_2_1#25
36 0 stmt_2_2#25
37 0 stmt_2_3#25
38 0 stmt_2_4#25
39 0 stmt_2_5#25
40 0 block_0_0#25
41 0 block_0_1#25
42 1 block_0_2#25
43 0 halt_0#25
44 0 halt_1#25
45 0 halt_2#25
46 [0000000000000000] 0000000000000001 heap@25
46 [0000000000001010] 0000000000000001 heap@25
46 [0000000000001011] 0000000000000010 heap@25
47 0 exit#25
48 0000000000000000 exit-code#25
@25
0 0 thread_0@25
1 0 thread_1@25
2 0 thread_2@25
3 0 flush_0@25
4 1 flush_1@25
5 0 flush_2@25
#26
1 0000000000000001 accu_0#26
2 0000000000000010 accu_1#26
3 0000000000000000 accu_2#26
4 0000000000000000 mem_0#26
5 0000000000000000 mem_1#26
6 0000000000000000 mem_2#26
7 0000000000000000 sb-adr_0#26
8 0000000000001011 sb-adr_1#26
9 0000000000000000 sb-adr_2#26
10 0000000000000010 sb-val_0#26
11 0000000000000001 sb-val_1#26
12 0000000000000000 sb-val_2#26
13 0 sb-full_0#26
14 0 sb-full_1#26
15 0 sb-full_2#26
16 0 stmt_0_0#26
17 0 stmt_0_1#26
18 0 stmt_0_2#26
19 0 stmt_0_3#26
20 1 stmt_0_4#26
21 0 stmt_0_5#26
22 0 stmt_0_6#26
23 0 stmt_0_7#26
24 0 stmt_0_8#26
25 0 stmt_1_0#26
26 0 stmt_1_1#26
27 1 stmt_1_2#26
28 0 stmt_1_3#26
29 0 stmt_1_4#26
30 0 stmt_1_5#26
31 0 stmt_1_6#26
32 0 stmt_1_7#26
33 0 stmt_1_8#26
34 0 stmt_2_0#26
35 1 stmt_2_1#26
36 0 stmt_2_2#26
37 0 stmt_2_3#26
38 0 stmt_2_4#26
39 0 stmt_2_5#26
40 0 block_0_0#26
41 0 block_0_1#26
42 1 block_0_2#26
43 0 halt_0#26
44 0 halt_1#26
45 0 halt_2#26
46 [0000000000000000] 0000000000000001 heap@26
46 [0000000000001010] 0000000000000001 heap@26
46 [0000000000001011] 0000000000000001 heap@26
47 0 exit#26
48 0000000000000000 exit-code#26
@26
0 0 thread_0@26
1 1 thread_1@26
2 0 thread_2@26
3 0 flush_0@26
4 0 flush_1@26
5 0 flush_2@26
#27
1 0000000000000001 accu_0#27
2 0000000000000010 accu_1#27
3 0000000000000000 accu_2#27
4 0000000000000000 mem_0#27
5 0000000000000000 mem_1#27
6 0000000000000000 mem_2#27
7 0000000000000000 sb-adr_0#27
8 0000000000000000 sb-adr_1#27
9 0000000000000000 sb-adr_2#27
10 0000000000000010 sb-val_0#27
11 0000000000000010 sb-val_1#27
12 0000000000000000 sb-val_2#27
13 0 sb-full_0#27
14 1 sb-full_1#27
15 0 sb-full_2#27
16 0 stmt_0_0#27
17 0 stmt_0_1#27
18 0 stmt_0_2#27
19 0 stmt_0_3#27
20 1 stmt_0_4#27
21 0 stmt_0_5#27
22 0 stmt_0_6#27
23 0 stmt_0_7#27
24 0 stmt_0_8#27
25 0 stmt_1_0#27
26 0 stmt_1_1#27
27 0 stmt_1_2#27
28 1 stmt_1_3#27
29 0 stmt_1_4#27
30 0 stmt_1_5#27
31 0 stmt_1_6#27
32 0 stmt_1_7#27
33 0 stmt_1_8#27
34 0 stmt_2_0#27
35 1 stmt_2_1#27
36 0 stmt_2_2#27
37 0 stmt_2_3#27
38 0 stmt_2_4#27
39 0 stmt_2_5#27
40 0 block_0_0#27
41 0 block_0_1#27
42 1 block_0_2#27
43 0 halt_0#27
44 0 halt_1#27
45 0 halt_2#27
46 [0000000000000000] 0000000000000001 heap@27
46 [0000000000001010] 0000000000000001 heap@27
46 [0000000000001011] 0000000000000001 heap@27
47 0 exit#27
48 0000000000000000 exit-code#27
@27
0 0 thread_0@27
1 1 thread_1@27
2 0 thread_2@27
3 0 flush_0@27
4 0 flush_1@27
5 0 flush_2@27
#28
1 0000000000000001 accu_0#28
2 0000000000000001 accu_1#28
3 0000000000000000 accu_2#28
4 0000000000000000 mem_0#28
5 0000000000000000 mem_1#28
6 0000000000000000 mem_2#28
7 0000000000000000 sb-adr_0#28
8 0000000000000000 sb-adr_1#28
9 0000000000000000 sb-adr_2#28
10 0000000000000010 sb-val_0#28
11 0000000000000010 sb-val_1#28
12 0000000000000000 sb-val_2#28
13 0 sb-full_0#28
14 1 sb-full_1#28
15 0 sb-full_2#28
16 0 stmt_0_0#28
17 0 stmt_0_1#28
18 0 stmt_0_2#28
19 0 stmt_0_3#28
20 1 stmt_0_4#28
21 0 stmt_0_5#28
22 0 stmt_0_6#28
23 0 stmt_0_7#28
24 0 stmt_0_8#28
25 0 stmt_1_0#28
26 0 stmt_1_1#28
27 0 stmt_1_2#28
28 0 stmt_1_3#28
29 1 stmt_1_4#28
30 0 stmt_1_5#28
31 0 stmt_1_6#28
32 0 stmt_1_7#28
33 0 stmt_1_8#28
34 0 stmt_2_0#28
35 1 stmt_2_1#28
36 0 stmt_2_2#28
37 0 stmt_2_3#28
38 0 stmt_2_4#28
39 0 stmt_2_5#28
40 0 block_0_0#28
41 0 block_0_1#28
42 1 block_0_2#28
43 0 halt_0#28
44 0 halt_1#28
45 0 halt_2#28
46 [0000000000000000] 0000000000000001 heap@28
46 [0000000000001010] 0000000000000001 heap@28
46 [0000000000001011] 0000000000000001 heap@28
47 0 exit#28
48 0000000000000000 exit-code#28
@28
0 0 thread_0@28
1 1 thread_1@28
2 0 thread_2@28
3 0 flush_0@28
4 0 flush_1@28
5 0 flush_2@28
#29
1 0000000000000001 accu_0#29
2 0000000000000000 accu_1#29
3 0000000000000000 accu_2#29
4 0000000000000000 mem_0#29
5 0000000000000000 mem_1#29
6 0000000000000000 mem_2#29
7 0000000000000000 sb-adr_0#29
8 0000000000000000 sb-adr_1#29
9 0000000000000000 sb-adr_2#29
10 0000000000000010 sb-val_0#29
11 0000000000000010 sb-val_1#29
12 0000000000000000 sb-val_2#29
13 0 sb-full_0#29
14 1 sb-full_1#29
15 0 sb-full_2#29
16 0 stmt_0_0#29
17 0 stmt_0_1#29
18 0 stmt_0_2#29
19 0 stmt_0_3#29
20 1 stmt_0_4#29
21 0 stmt_0_5#29
22 0 stmt_0_6#29
23 0 stmt_0_7#29
24 0 stmt_0_8#29
25 0 stmt_1_0#29
26 0 stmt_1_1#29
27 0 stmt_1_2#29
28 0 stmt_1_3#29
29 0 stmt_1_4#29
30 1 stmt_1_5#29
31 0 stmt_1_6#29
32 0 stmt_1_7#29
33 0 stmt_1_8#29
34 0 stmt_2_0#29
35 1 stmt_2_1#29
36 0 stmt_2_2#29
37 0 stmt_2_3#29
38 0 stmt_2_4#29
39 0 stmt_2_5#29
40 0 block_0_0#29
41 0 block_0_1#29
42 1 block_0_2#29
43 0 halt_0#29
44 0 halt_1#29
45 0 halt_2#29
46 [0000000000000000] 0000000000000001 heap@29
46 [0000000000001010] 0000000000000001 heap@29
46 [0000000000001011] 0000000000000001 heap@29
47 0 exit#29
48 0000000000000000 exit-code#29
@29
0 0 thread_0@29
1 0 thread_1@29
2 0 thread_2@29
3 0 flush_0@29
4 1 flush_1@29
5 0 flush_2@29
#30
1 0000000000000001 accu_0#30
2 0000000000000000 accu_1#30
3 0000000000000000 accu_2#30
4 0000000000000000 mem_0#30
5 0000000000000000 mem_1#30
6 0000000000000000 mem_2#30
7 0000000000000000 sb-adr_0#30
8 0000000000000000 sb-adr_1#30
9 0000000000000000 sb-adr_2#30
10 0000000000000010 sb-val_0#30
11 0000000000000010 sb-val_1#30
12 0000000000000000 sb-val_2#30
13 0 sb-full_0#30
14 0 sb-full_1#30
15 0 sb-full_2#30
16 0 stmt_0_0#30
17 0 stmt_0_1#30
18 0 stmt_0_2#30
19 0 stmt_0_3#30
20 1 stmt_0_4#30
21 0 stmt_0_5#30
22 0 stmt_0_6#30
23 0 stmt_0_7#30
24 0 stmt_0_8#30
25 0 stmt_1_0#30
26 0 stmt_1_1#30
27 0 stmt_1_2#30
28 0 stmt_1_3#30
29 0 stmt_1_4#30
30 1 stmt_1_5#30
31 0 stmt_1_6#30
32 0 stmt_1_7#30
33 0 stmt_1_8#30
34 0 stmt_2_0#30
35 1 stmt_2_1#30
36 0 stmt_2_2#30
37 0 stmt_2_3#30
38 0 stmt_2_4#30
39 0 stmt_2_5#30
40 0 block_0_0#30
41 0 block_0_1#30
42 1 block_0_2#30
43 0 halt_0#30
44 0 halt_1#30
45 0 halt_2#30
46 [0000000000000000] 0000000000000010 heap@30
46 [0000000000001010] 0000000000000001 heap@30
46 [0000000000001011] 0000000000000001 heap@30
47 0 exit#30
48 0000000000000000 exit-code#30
@30
0 0 thread_0@30
1 1 thread_1@30
2 0 thread_2@30
3 0 flush_0@30
4 0 flush_1@30
5 0 flush_2@30
#31
1 0000000000000001 accu_0#31
2 0000000000000000 accu_1#31
3 0000000000000000 accu_2#31
4 0000000000000000 mem_0#31
5 0000000000000000 mem_1#31
6 0000000000000000 mem_2#31
7 0000000000000000 sb-adr_0#31
8 0000000000001011 sb-adr_1#31
9 0000000000000000 sb-adr_2#31
10 0000000000000010 sb-val_0#31
11 0000000000000000 sb-val_1#31
12 0000000000000000 sb-val_2#31
13 0 sb-full_0#31
14 1 sb-full_1#31
15 0 sb-full_2#31
16 0 stmt_0_0#31
17 0 stmt_0_1#31
18 0 stmt_0_2#31
19 0 stmt_0_3#31
20 1 stmt_0_4#31
21 0 stmt_0_5#31
22 0 stmt_0_6#31
23 0 stmt_0_7#31
24 0 stmt_0_8#31
25 0 stmt_1_0#31
26 0 stmt_1_1#31
27 0 stmt_1_2#31
28 0 stmt_1_3#31
29 0 stmt_1_4#31
30 0 stmt_1_5#31
31 1 stmt_1_6#31
32 0 stmt_1_7#31
33 0 stmt_1_8#31
34 0 stmt_2_0#31
35 1 stmt_2_1#31
36 0 stmt_2_2#31
37 0 stmt_2_3#31
38 0 stmt_2_4#31
39 0 stmt_2_5#31
40 0 block_0_0#31
41 0 block_0_1#31
42 1 block_0_2#31
43 0 halt_0#31
44 0 halt_1#31
45 0 halt_2#31
46 [0000000000000000] 0000000000000010 heap@31
46 [0000000000001010] 0000000000000001 heap@31
46 [0000000000001011] 0000000000000001 heap@31
47 0 exit#31
48 0000000000000000 exit-code#31
@31
0 0 thread_0@31
1 1 thread_1@31
2 0 thread_2@31
3 0 flush_0@31
4 0 flush_1@31
5 0 flush_2@31
#32
1 0000000000000001 accu_0#32
2 0000000000000000 accu_1#32
3 0000000000000000 accu_2#32
4 0000000000000000 mem_0#32
5 0000000000000000 mem_1#32
6 0000000000000000 mem_2#32
7 0000000000000000 sb-adr_0#32
8 0000000000001011 sb-adr_1#32
9 0000000000000000 sb-adr_2#32
10 0000000000000010 sb-val_0#32
11 0000000000000000 sb-val_1#32
12 0000000000000000 sb-val_2#32
13 0 sb-full_0#32
14 1 sb-full_1#32
15 0 sb-full_2#32
16 0 stmt_0_0#32
17 0 stmt_0_1#32
18 0 stmt_0_2#32
19 0 stmt_0_3#32
20 1 stmt_0_4#32
21 0 stmt_0_5#32
22 0 stmt_0_6#32
23 0 stmt_0_7#32
24 0 stmt_0_8#32
25 0 stmt_1_0#32
26 0 stmt_1_1#32
27 0 stmt_1_2#32
28 0 stmt_1_3#32
29 0 stmt_1_4#32
30 0 stmt_1_5#32
31 0 stmt_1_6#32
32 1 stmt_1_7#32
33 0 stmt_1_8#32
34 0 stmt_2_0#32
35 1 stmt_2_1#32
36 0 stmt_2_2#32
37 0 stmt_2_3#32
38 0 stmt_2_4#32
39 0 stmt_2_5#32
40 0 block_0_0#32
41 0 block_0_1#32
42 1 block_0_2#32
43 0 halt_0#32
44 0 halt_1#32
45 0 halt_2#32
46 [0000000000000000] 0000000000000010 heap@32
46 [0000000000001010] 0000000000000001 heap@32
46 [0000000000001011] 0000000000000001 heap@32
47 0 exit#32
48 0000000000000000 exit-code#32
@32
0 0 thread_0@32
1 1 thread_1@32
2 0 thread_2@32
3 0 flush_0@32
4 0 flush_1@32
5 0 flush_2@32
#33
1 0000000000000001 accu_0#33
2 0000000000000000 accu_1#33
3 0000000000000000 accu_2#33
4 0000000000000000 mem_0#33
5 0000000000000000 mem_1#33
6 0000000000000000 mem_2#33
7 0000000000000000 sb-adr_0#33
8 0000000000001011 sb-adr_1#33
9 0000000000000000 sb-adr_2#33
10 0000000000000010 sb-val_0#33
11 0000000000000000 sb-val_1#33
12 0000000000000000 sb-val_2#33
13 0 sb-full_0#33
14 1 sb-full_1#33
15 0 sb-full_2#33
16 0 stmt_0_0#33
17 0 stmt_0_1#33
18 0 stmt_0_2#33
19 0 stmt_0_3#33
20 1 stmt_0_4#33
21 0 stmt_0_5#33
22 0 stmt_0_6#33
23 0 stmt_0_7#33
24 0 stmt_0_8#33
25 0 stmt_1_0#33
26 0 stmt_1_1#33
27 0 stmt_1_2#33
28 0 stmt_1_3#33
29 0 stmt_1_4#33
30 0 stmt_1_5#33
31 0 stmt_1_6#33
32 0 stmt_1_7#33
33 1 stmt_1_8#33
34 0 stmt_2_0#33
35 1 stmt_2_1#33
36 0 stmt_2_2#33
37 0 stmt_2_3#33
38 0 stmt_2_4#33
39 0 stmt_2_5#33
40 0 block_0_0#33
41 1 block_0_1#33
42 1 block_0_2#33
43 0 halt_0#33
44 0 halt_1#33
45 0 halt_2#33
46 [0000000000000000] 0000000000000010 heap@33
46 [0000000000001010] 0000000000000001 heap@33
46 [0000000000001011] 0000000000000001 heap@33
47 0 exit#33
48 0000000000000000 exit-code#33
@33
0 1 thread_0@33
1 0 thread_1@33
2 0 thread_2@33
3 0 flush_0@33
4 0 flush_1@33
5 0 flush_2@33
#34
1 0000000000000000 accu_0#34
2 0000000000000000 accu_1#34
3 0000000000000000 accu_2#34
4 0000000000000000 mem_0#34
5 0000000000000000 mem_1#34
6 0000000000000000 mem_2#34
7 0000000000000000 sb-adr_0#34
8 0000000000001011 sb-adr_1#34
9 0000000000000000 sb-adr_2#34
10 0000000000000010 sb-val_0#34
11 0000000000000000 sb-val_1#34
12 0000000000000000 sb-val_2#34
13 0 sb-full_0#34
14 1 sb-full_1#34
15 0 sb-full_2#34
16 0 stmt_0_0#34
17 0 stmt_0_1#34
18 0 stmt_0_2#34
19 0 stmt_0_3#34
20 0 stmt_0_4#34
21 1 stmt_0_5#34
22 0 stmt_0_6#34
23 0 stmt_0_7#34
24 0 stmt_0_8#34
25 0 stmt_1_0#34
26 0 stmt_1_1#34
27 0 stmt_1_2#34
28 0 stmt_1_3#34
29 0 stmt_1_4#34
30 0 stmt_1_5#34
31 0 stmt_1_6#34
32 0 stmt_1_7#34
33 1 stmt_1_8#34
34 0 stmt_2_0#34
35 1 stmt_2_1#34
36 0 stmt_2_2#34
37 0 stmt_2_3#34
38 0 stmt_2_4#34
39 0 stmt_2_5#34
40 0 block_0_0#34
41 1 block_0_1#34
42 1 block_0_2#34
43 0 halt_0#34
44 0 halt_1#34
45 0 halt_2#34
46 [0000000000000000] 0000000000000010 heap@34
46 [0000000000001010] 0000000000000001 heap@34
46 [0000000000001011] 0000000000000001 heap@34
47 0 exit#34
48 0000000000000000 exit-code#34
@34
0 1 thread_0@34
1 0 thread_1@34
2 0 thread_2@34
3 0 flush_0@34
4 0 flush_1@34
5 0 flush_2@34
#35
1 0000000000000000 accu_0#35
2 0000000000000000 accu_1#35
3 0000000000000000 accu_2#35
4 0000000000000000 mem_0#35
5 0000000000000000 mem_1#35
6 0000000000000000 mem_2#35
7 0000000000001010 sb-adr_0#35
8 0000000000001011 sb-adr_1#35
9 0000000000000000 sb-adr_2#35
10 0000000000000000 sb-val_0#35
11 0000000000000000 sb-val_1#35
12 0000000000000000 sb-val_2#35
13 1 sb-full_0#35
14 1 sb-full_1#35
15 0 sb-full_2#35
16 0 stmt_0_0#35
17 0 stmt_0_1#35
18 0 stmt_0_2#35
19 0 stmt_0_3#35
20 0 stmt_0_4#35
21 0 stmt_0_5#35
22 1 stmt_0_6#35
23 0 stmt_0_7#35
24 0 stmt_0_8#35
25 0 stmt_1_0#35
26 0 stmt_1_1#35
27 0 stmt_1_2#35
28 0 stmt_1_3#35
29 0 stmt_1_4#35
30 0 stmt_1_5#35
31 0 stmt_1_6#35
32 0 stmt_1_7#35
33 1 stmt_1_8#35
34 0 stmt_2_0#35
35 1 stmt_2_1#35
36 0 stmt_2_2#35
37 0 stmt_2_3#35
38 0 stmt_2_4#35
39 0 stmt_2_5#35
40 0 block_0_0#35
41 1 block_0_1#35
42 1 block_0_2#35
43 0 halt_0#35
44 0 halt_1#35
45 0 halt_2#35
46 [0000000000000000] 0000000000000010 heap@35
46 [0000000000001010] 0000000000000001 heap@35
46 [0000000000001011] 0000000000000001 heap@35
47 0 exit#35
48 0000000000000000 exit-code#35
@35
0 1 thread_0@35
1 0 thread_1@35
2 0 thread_2@35
3 0 flush_0@35
4 0 flush_1@35
5 0 flush_2@35
#36
1 0000000000000000 accu_0#36
2 0000000000000000 accu_1#36
3 0000000000000000 accu_2#36
4 0000000000000000 mem_0#36
5 0000000000000000 mem_1#36
6 0000000000000000 mem_2#36
7 0000000000001010 sb-adr_0#36
8 0000000000001011 sb-adr_1#36
9 0000000000000000 sb-adr_2#36
10 0000000000000000 sb-val_0#36
11 0000000000000000 sb-val_1#36
12 0000000000000000 sb-val_2#36
13 1 sb-full_0#36
14 1 sb-full_1#36
15 0 sb-full_2#36
16 0 stmt_0_0#36
17 0 stmt_0_1#36
18 0 stmt_0_2#36
19 0 stmt_0_3#36
20 0 stmt_0_4#36
21 0 stmt_0_5#36
22 0 stmt_0_6#36
23 1 stmt_0_7#36
24 0 stmt_0_8#36
25 0 stmt_1_0#36
26 0 stmt_1_1#36
27 0 stmt_1_2#36
28 0 stmt_1_3#36
29 0 stmt_1_4#36
30 0 stmt_1_5#36
31 0 stmt_1_6#36
32 0 stmt_1_7#36
33 1 stmt_1_8#36
34 0 stmt_2_0#36
35 1 stmt_2_1#36
36 0 stmt_2_2#36
37 0 stmt_2_3#36
38 0 stmt_2_4#36
39 0 stmt_2_5#36
40 0 block_0_0#36
41 1 block_0_1#36
42 1 block_0_2#36
43 0 halt_0#36
44 0 halt_1#36
45 0 halt_2#36
46 [0000000000000000] 0000000000000010 heap@36
46 [0000000000001010] 0000000000000001 heap@36
46 [0000000000001011] 0000000000000001 heap@36
47 0 exit#36
48 0000000000000000 exit-code#36
@36
0 1 thread_0@36
1 0 thread_1@36
2 0 thread_2@36
3 0 flush_0@36
4 0 flush_1@36
5 0 flush_2@36
#37
1 0000000000000000 accu_0#37
2 0000000000000000 accu_1#37
3 0000000000000000 accu_2#37
4 0000000000000000 mem_0#37
5 0000000000000000 mem_1#37
6 0000000000000000 mem_2#37
7 0000000000001010 sb-adr_0#37
8 0000000000001011 sb-adr_1#37
9 0000000000000000 sb-adr_2#37
10 0000000000000000 sb-val_0#37
11 0000000000000000 sb-val_1#37
12 0000000000000000 sb-val_2#37
13 1 sb-full_0#37
14 1 sb-full_1#37
15 0 sb-full_2#37
16 0 stmt_0_0#37
17 0 stmt_0_1#37
18 0 stmt_0_2#37
19 0 stmt_0_3#37
20 0 stmt_0_4#37
21 0 stmt_0_5#37
22 0 stmt_0_6#37
23 0 stmt_0_7#37
24 1 stmt_0_8#37
25 0 stmt_1_0#37
26 0 stmt_1_1#37
27 0 stmt_1_2#37
28 0 stmt_1_3#37
29 0 stmt_1_4#37
30 0 stmt_1_5#37
31 0 stmt_1_6#37
32 0 stmt_1_7#37
33 1 stmt_1_8#37
34 0 stmt_2_0#37
35 1 stmt_2_1#37
36 0 stmt_2_2#37
37 0 stmt_2_3#37
38 0 stmt_2_4#37
39 0 stmt_2_5#37
40 1 block_0_0#37
41 1 block_0_1#37
42 1 block_0_2#37
43 0 halt_0#37
44 0 halt_1#37
45 0 halt_2#37
46 [0000000000000000] 0000000000000010 heap@37
46 [0000000000001010] 0000000000000001 heap@37
46 [0000000000001011] 0000000000000001 heap@37
47 0 exit#37
48 0000000000000000 exit-code#37
@37
0 0 thread_0@37
1 0 thread_1@37
2 1 thread_2@37
3 0 flush_0@37
4 0 flush_1@37
5 0 flush_2@37
#38
1 0000000000000000 accu_0#38
2 0000000000000000 accu_1#38
3 0000000000000100 accu_2#38
4 0000000000000000 mem_0#38
5 0000000000000000 mem_1#38
6 0000000000000000 mem_2#38
7 0000000000001010 sb-adr_0#38
8 0000000000001011 sb-adr_1#38
9 0000000000000000 sb-adr_2#38
10 0000000000000000 sb-val_0#38
11 0000000000000000 sb-val_1#38
12 0000000000000000 sb-val_2#38
13 1 sb-full_0#38
14 1 sb-full_1#38
15 0 sb-full_2#38
16 0 stmt_0_0#38
17 0 stmt_0_1#38
18 0 stmt_0_2#38
19 0 stmt_0_3#38
20 0 stmt_0_4#38
21 0 stmt_0_5#38
22 0 stmt_0_6#38
23 0 stmt_0_7#38
24 1 stmt_0_8#38
25 0 stmt_1_0#38
26 0 stmt_1_1#38
27 0 stmt_1_2#38
28 0 stmt_1_3#38
29 0 stmt_1_4#38
30 0 stmt_1_5#38
31 0 stmt_1_6#38
32 0 stmt_1_7#38
33 1 stmt_1_8#38
34 0 stmt_2_0#38
35 0 stmt_2_1#38
36 1 stmt_2_2#38
37 0 stmt_2_3#38
38 0 stmt_2_4#38
39 0 stmt_2_5#38
40 0 block_0_0#38
41 0 block_0_1#38
42 0 block_0_2#38
43 0 halt_0#38
44 0 halt_1#38
45 0 halt_2#38
46 [0000000000000000] 0000000000000010 heap@38
46 [0000000000001010] 0000000000000001 heap@38
46 [0000000000001011] 0000000000000001 heap@38
47 0 exit#38
48 0000000000000000 exit-code#38
@38
0 0 thread_0@38
1 0 thread_1@38
2 1 thread_2@38
3 0 flush_0@38
4 0 flush_1@38
5 0 flush_2@38
#39
1 0000000000000000 accu_0#39
2 0000000000000000 accu_1#39
3 0000000000000010 accu_2#39
4 0000000000000000 mem_0#39
5 0000000000000000 mem_1#39
6 0000000000000000 mem_2#39
7 0000000000001010 sb-adr_0#39
8 0000000000001011 sb-adr_1#39
9 0000000000000000 sb-adr_2#39
10 0000000000000000 sb-val_0#39
11 0000000000000000 sb-val_1#39
12 0000000000000000 sb-val_2#39
13 1 sb-full_0#39
14 1 sb-full_1#39
15 0 sb-full_2#39
16 0 stmt_0_0#39
17 0 stmt_0_1#39
18 0 stmt_0_2#39
19 0 stmt_0_3#39
20 0 stmt_0_4#39
21 0 stmt_0_5#39
22 0 stmt_0_6#39
23 0 stmt_0_7#39
24 1 stmt_0_8#39
25 0 stmt_1_0#39
26 0 stmt_1_1#39
27 0 stmt_1_2#39
28 0 stmt_1_3#39
29 0 stmt_1_4#39
30 0 stmt_1_5#39
31 0 stmt_1_6#39
32 0 stmt_1_7#39
33 1 stmt_1_8#39
34 0 stmt_2_0#39
35 0 stmt_2_1#39
36 0 stmt_2_2#39
37 1 stmt_2_3#39
38 0 stmt_2_4#39
39 0 stmt_2_5#39
40 0 block_0_0#39
41 0 block_0_1#39
42 0 block_0_2#39
43 0 halt_0#39
44 0 halt_1#39
45 0 halt_2#39
46 [0000000000000000] 0000000000000010 heap@39
46 [0000000000001010] 0000000000000001 heap@39
46 [0000000000001011] 0000000000000001 heap@39
47 0 exit#39
48 0000000000000000 exit-code#39
@39
0 0 thread_0@39
1 0 thread_1@39
2 0 thread_2@39
3 0 flush_0@39
4 1 flush_1@39
5 0 flush_2@39
#40
1 0000000000000000 accu_0#40
2 0000000000000000 accu_1#40
3 0000000000000010 accu_2#40
4 0000000000000000 mem_0#40
5 0000000000000000 mem_1#40
6 0000000000000000 mem_2#40
7 0000000000001010 sb-adr_0#40
8 0000000000001011 sb-adr_1#40
9 0000000000000000 sb-adr_2#40
10 0000000000000000 sb-val_0#40
11 0000000000000000 sb-val_1#40
12 0000000000000000 sb-val_2#40
13 1 sb-full_0#40
14 0 sb-full_1#40
15 0 sb-full_2#40
16 0 stmt_0_0#40
17 0 stmt_0_1#40
18 0 stmt_0_2#40
19 0 stmt_0_3#40
20 0 stmt_0_4#40
21 0 stmt_0_5#40
22 0 stmt_0_6#40
23 0 stmt_0_7#40
24 1 stmt_0_8#40
25 0 stmt_1_0#40
26 0 stmt_1_1#40
27 0 stmt_1_2#40
28 0 stmt_1_3#40
29 0 stmt_1_4#40
30 0 stmt_1_5#40
31 0 stmt_1_6#40
32 0 stmt_1_7#40
33 1 stmt_1_8#40
34 0 stmt_2_0#40
35 0 stmt_2_1#40
36 0 stmt_2_2#40
37 1 stmt_2_3#40
38 0 stmt_2_4#40
39 0 stmt_2_5#40
40 0 block_0_0#40
41 0 block_0_1#40
42 0 block_0_2#40
43 0 halt_0#40
44 0 halt_1#40
45 0 halt_2#40
46 [0000000000000000] 0000000000000010 heap@40
46 [0000000000001010] 0000000000000001 heap@40
46 [0000000000001011] 0000000000000000 heap@40
47 0 exit#40
48 0000000000000000 exit-code#40
@40
0 0 thread_0@40
1 0 thread_1@40
2 0 thread_2@40
3 1 flush_0@40
4 0 flush_1@40
5 0 flush_2@40
#41
1 0000000000000000 accu_0#41
2 0000000000000000 accu_1#41
3 0000000000000010 accu_2#41
4 0000000000000000 mem_0#41
5 0000000000000000 mem_1#41
6 0000000000000000 mem_2#41
7 0000000000001010 sb-adr_0#41
8 0000000000001011 sb-adr_1#41
9 0000000000000000 sb-adr_2#41
10 0000000000000000 sb-val_0#41
11 0000000000000000 sb-val_1#41
12 0000000000000000 sb-val_2#41
13 0 sb-full_0#41
14 0 sb-full_1#41
15 0 sb-full_2#41
16 0 stmt_0_0#41
17 0 stmt_0_1#41
18 0 stmt_0_2#41
19 0 stmt_0_3#41
20 0 stmt_0_4#41
21 0 stmt_0_5#41
22 0 stmt_0_6#41
23 0 stmt_0_7#41
24 1 stmt_0_8#41
25 0 stmt_1_0#41
26 0 stmt_1_1#41
27 0 stmt_1_2#41
28 0 stmt_1_3#41
29 0 stmt_1_4#41
30 0 stmt_1_5#41
31 0 stmt_1_6#41
32 0 stmt_1_7#41
33 1 stmt_1_8#41
34 0 stmt_2_0#41
35 0 stmt_2_1#41
36 0 stmt_2_2#41
37 1 stmt_2_3#41
38 0 stmt_2_4#41
39 0 stmt_2_5#41
40 0 block_0_0#41
41 0 block_0_1#41
42 0 block_0_2#41
43 0 halt_0#41
44 0 halt_1#41
45 0 halt_2#41
46 [0000000000000000] 0000000000000010 heap@41
46 [0000000000001010] 0000000000000000 heap@41
46 [0000000000001011] 0000000000000000 heap@41
47 0 exit#41
48 0000000000000000 exit-code#41
@41
0 0 thread_0@41
1 1 thread_1@41
2 0 thread_2@41
3 0 flush_0@41
4 0 flush_1@41
5 0 flush_2@41
#42
1 0000000000000000 accu_0#42
2 0000000000000000 accu_1#42
3 0000000000000010 accu_2#42
4 0000000000000000 mem_0#42
5 0000000000000000 mem_1#42
6 0000000000000000 mem_2#42
7 0000000000001010 sb-adr_0#42
8 0000000000001011 sb-adr_1#42
9 0000000000000000 sb-adr_2#42
10 0000000000000000 sb-val_0#42
11 0000000000000000 sb-val_1#42
12 0000000000000000 sb-val_2#42
13 0 sb-full_0#42
14 0 sb-full_1#42
15 0 sb-full_2#42
16 0 stmt_0_0#42
17 0 stmt_0_1#42
18 0 stmt_0_2#42
19 0 stmt_0_3#42
20 0 stmt_0_4#42
21 0 stmt_0_5#42
22 0 stmt_0_6#42
23 0 stmt_0_7#42
24 1 stmt_0_8#42
25 0 stmt_1_0#42
26 0 stmt_1_1#42
27 0 stmt_1_2#42
28 0 stmt_1_3#42
29 0 stmt_1_4#42
30 0 stmt_1_5#42
31 0 stmt_1_6#42
32 0 stmt_1_7#42
33 0 stmt_1_8#42
34 0 stmt_2_0#42
35 0 stmt_2_1#42
36 0 stmt_2_2#42
37 1 stmt_2_3#42
38 0 stmt_2_4#42
39 0 stmt_2_5#42
40 0 block_0_0#42
41 0 block_0_1#42
42 0 block_0_2#42
43 0 halt_0#42
44 1 halt_1#42
45 0 halt_2#42
46 [0000000000000000] 0000000000000010 heap@42
46 [0000000000001010] 0000000000000000 heap@42
46 [0000000000001011] 0000000000000000 heap@42
47 0 exit#42
48 0000000000000000 exit-code#42
@42
0 1 thread_0@42
1 0 thread_1@42
2 0 thread_2@42
3 0 flush_0@42
4 0 flush_1@42
5 0 flush_2@42
#43
1 0000000000000000 accu_0#43
2 0000000000000000 accu_1#43
3 0000000000000010 accu_2#43
4 0000000000000000 mem_0#43
5 0000000000000000 mem_1#43
6 0000000000000000 mem_2#43
7 0000000000001010 sb-adr_0#43
8 0000000000001011 sb-adr_1#43
9 0000000000000000 sb-adr_2#43
10 0000000000000000 sb-val_0#43
11 0000000000000000 sb-val_1#43
12 0000000000000000 sb-val_2#43
13 0 sb-full_0#43
14 0 sb-full_1#43
15 0 sb-full_2#43
16 0 stmt_0_0#43
17 0 stmt_0_1#43
18 0 stmt_0_2#43
19 0 stmt_0_3#43
20 0 stmt_0_4#43
21 0 stmt_0_5#43
22 0 stmt_0_6#43
23 0 stmt_0_7#43
24 0 stmt_0_8#43
25 0 stmt_1_0#43
26 0 stmt_1_1#43
27 0 stmt_1_2#43
28 0 stmt_1_3#43
29 0 stmt_1_4#43
30 0 stmt_1_5#43
31 0 stmt_1_6#43
32 0 stmt_1_7#43
33 0 stmt_1_8#43
34 0 stmt_2_0#43
35 0 stmt_2_1#43
36 0 stmt_2_2#43
37 1 stmt_2_3#43
38 0 stmt_2_4#43
39 0 stmt_2_5#43
40 0 block_0_0#43
41 0 block_0_1#43
42 0 block_0_2#43
43 1 halt_0#43
44 1 halt_1#43
45 0 halt_2#43
46 [0000000000000000] 0000000000000010 heap@43
46 [0000000000001010] 0000000000000000 heap@43
46 [0000000000001011] 0000000000000000 heap@43
47 0 exit#43
48 0000000000000000 exit-code#43
@43
0 0 thread_0@43
1 0 thread_1@43
2 1 thread_2@43
3 0 flush_0@43
4 0 flush_1@43
5 0 flush_2@43
#44
1 0000000000000000 accu_0#44
2 0000000000000000 accu_1#44
3 0000000000000010 accu_2#44
4 0000000000000000 mem_0#44
5 0000000000000000 mem_1#44
6 0000000000000000 mem_2#44
7 0000000000001010 sb-adr_0#44
8 0000000000001011 sb-adr_1#44
9 0000000000000000 sb-adr_2#44
10 0000000000000000 sb-val_0#44
11 0000000000000000 sb-val_1#44
12 0000000000000000 sb-val_2#44
13 0 sb-full_0#44
14 0 sb-full_1#44
15 0 sb-full_2#44
16 0 stmt_0_0#44
17 0 stmt_0_1#44
18 0 stmt_0_2#44
19 0 stmt_0_3#44
20 0 stmt_0_4#44
21 0 stmt_0_5#44
22 0 stmt_0_6#44
23 0 stmt_0_7#44
24 0 stmt_0_8#44
25 0 stmt_1_0#44
26 0 stmt_1_1#44
27 0 stmt_1_2#44
28 0 stmt_1_3#44
29 0 stmt_1_4#44
30 0 stmt_1_5#44
31 0 stmt_1_6#44
32 0 stmt_1_7#44
33 0 stmt_1_8#44
34 0 stmt_2_0#44
35 0 stmt_2_1#44
36 0 stmt_2_2#44
37 0 stmt_2_3#44
38 0 stmt_2_4#44
39 1 stmt_2_5#44
40 0 block_0_0#44
41 0 block_0_1#44
42 0 block_0_2#44
43 1 halt_0#44
44 1 halt_1#44
45 0 halt_2#44
46 [0000000000000000] 0000000000000010 heap@44
46 [0000000000001010] 0000000000000000 heap@44
46 [0000000000001011] 0000000000000000 heap@44
47 0 exit#44
48 0000000000000000 exit-code#44
@44
0 0 thread_0@44
1 0 thread_1@44
2 1 thread_2@44
3 0 flush_0@44
4 0 flush_1@44
5 0 flush_2@44
#45
1 0000000000000000 accu_0#45
2 0000000000000000 accu_1#45
3 0000000000000010 accu_2#45
4 0000000000000000 mem_0#45
5 0000000000000000 mem_1#45
6 0000000000000000 mem_2#45
7 0000000000001010 sb-adr_0#45
8 0000000000001011 sb-adr_1#45
9 0000000000000000 sb-adr_2#45
10 0000000000000000 sb-val_0#45
11 0000000000000000 sb-val_1#45
12 0000000000000000 sb-val_2#45
13 0 sb-full_0#45
14 0 sb-full_1#45
15 0 sb-full_2#45
16 0 stmt_0_0#45
17 0 stmt_0_1#45
18 0 stmt_0_2#45
19 0 stmt_0_3#45
20 0 stmt_0_4#45
21 0 stmt_0_5#45
22 0 stmt_0_6#45
23 0 stmt_0_7#45
24 0 stmt_0_8#45
25 0 stmt_1_0#45
26 0 stmt_1_1#45
27 0 stmt_1_2#45
28 0 stmt_1_3#45
29 0 stmt_1_4#45
30 0 stmt_1_5#45
31 0 stmt_1_6#45
32 0 stmt_1_7#45
33 0 stmt_1_8#45
34 0 stmt_2_0#45
35 0 stmt_2_1#45
36 0 stmt_2_2#45
37 0 stmt_2_3#45
38 0 stmt_2_4#45
39 0 stmt_2_5#45
40 0 block_0_0#45
41 0 block_0_1#45
42 0 block_0_2#45
43 1 halt_0#45
44 1 halt_1#45
45 0 halt_2#45
46 [0000000000000000] 0000000000000010 heap@45
46 [0000000000001010] 0000000000000000 heap@45
46 [0000000000001011] 0000000000000000 heap@45
47 1 exit#45
48 0000000000000001 exit-code#45
@45
0 0 thread_0@45
1 0 thread_1@45
2 0 thread_2@45
3 0 flush_0@45
4 0 flush_1@45
5 0 flush_2@45
.
[btor>mc] found 1 reachable and 0 unreachable bad state properties at bound k = 45
[btor>mc] deleting model checker: 6 inputs, 49 states, 1 bad, 11 constraints
[concubine>main] solving took 0.506032 seconds
