count.buggy.0.asm
count.buggy.1.asm
count.checker.asm
. btormc-btor2.mmap
# tid	pc	cmd	arg	accu	mem	adr	val	full	heap
0	inc	LOAD	0	0	0	0	0	0	{}	# 0
0	1	ADDI	1	0	0	0	0	0	{}	# 1
0	2	STORE	0	1	0	0	0	0	{}	# 2
1	inc	LOAD	0	0	0	0	0	0	{}	# 3
0	3	LOAD	10	1	0	0	1	1	{}	# 4
0	4	FLUSH	-	2	0	0	1	1	{}	# 5
0	4	SUBI	1	2	0	0	1	0	{(0,1)}	# 6
0	5	STORE	10	1	0	0	1	0	{}	# 7
0	6	JNZ	inc	1	0	10	1	1	{}	# 8
0	inc	FLUSH	-	1	0	10	1	1	{}	# 9
0	inc	LOAD	0	1	0	10	1	0	{(10,1)}	# 10
0	1	ADDI	1	1	0	10	1	0	{}	# 11
1	1	ADDI	1	0	0	0	0	0	{}	# 12
0	2	STORE	0	2	0	10	1	0	{}	# 13
0	3	FLUSH	-	2	0	0	2	1	{}	# 14
1	2	STORE	0	1	0	0	0	0	{(0,2)}	# 15
1	3	FLUSH	-	1	0	0	1	1	{}	# 16
2	0	CHECK	0	0	0	0	0	0	{(0,1)}	# 17
1	3	LOAD	11	1	0	0	1	0	{}	# 18
1	4	SUBI	1	2	0	0	1	0	{}	# 19
1	5	STORE	11	1	0	0	1	0	{}	# 20
1	6	JNZ	inc	1	0	11	1	1	{}	# 21
1	inc	LOAD	0	1	0	11	1	1	{}	# 22
0	3	LOAD	10	2	0	0	2	0	{}	# 23
1	1	ADDI	1	1	0	11	1	1	{}	# 24
1	2	FLUSH	-	2	0	11	1	1	{}	# 25
1	2	STORE	0	2	0	11	1	0	{(11,1)}	# 26
1	3	LOAD	11	2	0	0	2	1	{}	# 27
1	4	SUBI	1	1	0	0	2	1	{}	# 28
1	5	FLUSH	-	0	0	0	2	1	{}	# 29
1	5	STORE	11	0	0	0	2	0	{(0,2)}	# 30
1	6	JNZ	inc	0	0	11	0	1	{}	# 31
1	7	CHECK	0	0	0	11	0	1	{}	# 32
0	4	SUBI	1	1	0	0	2	0	{}	# 33
0	5	STORE	10	0	0	0	2	0	{}	# 34
0	6	JNZ	inc	0	0	10	0	1	{}	# 35
0	7	CHECK	0	0	0	10	0	1	{}	# 36
2	1	ADDI	4	0	0	0	0	0	{}	# 37
2	2	CMP	0	4	0	0	0	0	{}	# 38
1	8	FLUSH	-	0	0	11	0	1	{}	# 39
0	8	FLUSH	-	0	0	10	0	1	{(11,0)}	# 40
1	8	HALT	-	0	0	11	0	0	{(10,0)}	# 41
0	8	HALT	-	0	0	10	0	0	{}	# 42
2	3	JNZ	error	2	0	0	0	0	{}	# 43
2	error	EXIT	1	2	0	0	0	0	{}	# 44
