count.buggy.0.asm
count.buggy.1.asm
count.checker.asm
. z3-functional.mmap
# tid	pc	cmd	arg	accu	mem	adr	val	full	heap
0	inc	LOAD	0	0	0	0	0	0	{}	# 0
1	inc	LOAD	0	0	0	0	0	0	{}	# 1
1	1	ADDI	1	0	0	0	0	0	{}	# 2
1	2	STORE	0	1	0	0	0	0	{}	# 3
0	1	ADDI	1	0	0	0	0	0	{}	# 4
0	2	STORE	0	1	0	0	0	0	{}	# 5
1	3	LOAD	11	1	0	0	1	1	{}	# 6
1	4	FLUSH	-	2	0	0	1	1	{}	# 7
1	4	SUBI	1	2	0	0	1	0	{(0,1)}	# 8
0	3	LOAD	10	1	0	0	1	1	{}	# 9
0	4	SUBI	1	2	0	0	1	1	{}	# 10
1	5	STORE	11	1	0	0	1	0	{}	# 11
1	6	FLUSH	-	1	0	11	1	1	{}	# 12
0	5	FLUSH	-	1	0	0	1	1	{(11,1)}	# 13
0	5	STORE	10	1	0	0	1	0	{(0,1)}	# 14
0	6	JNZ	inc	1	0	10	1	1	{}	# 15
0	inc	FLUSH	-	1	0	10	1	1	{}	# 16
1	6	JNZ	inc	1	0	11	1	0	{(10,1)}	# 17
1	inc	LOAD	0	1	0	11	1	0	{}	# 18
1	1	ADDI	1	1	0	11	1	0	{}	# 19
0	inc	LOAD	0	1	0	10	1	0	{}	# 20
0	1	ADDI	1	1	0	10	1	0	{}	# 21
0	2	STORE	0	2	0	10	1	0	{}	# 22
1	2	STORE	0	2	0	11	1	0	{}	# 23
1	3	FLUSH	-	2	0	0	2	1	{}	# 24
0	3	FLUSH	-	2	0	0	2	1	{(0,2)}	# 25
0	3	LOAD	10	2	0	0	2	0	{(0,2)}	# 26
0	4	SUBI	1	1	0	0	2	0	{}	# 27
2	0	CHECK	0	0	0	0	0	0	{}	# 28
1	3	LOAD	11	2	0	0	2	0	{}	# 29
0	5	STORE	10	0	0	0	2	0	{}	# 30
0	6	JNZ	inc	0	0	10	0	1	{}	# 31
0	7	FLUSH	-	0	0	10	0	1	{}	# 32
1	4	SUBI	1	1	0	0	2	0	{(10,0)}	# 33
1	5	STORE	11	0	0	0	2	0	{}	# 34
1	6	JNZ	inc	0	0	11	0	1	{}	# 35
1	7	FLUSH	-	0	0	11	0	1	{}	# 36
0	7	CHECK	0	0	0	10	0	0	{(11,0)}	# 37
1	7	CHECK	0	0	0	11	0	0	{}	# 38
0	8	HALT	-	0	0	10	0	0	{}	# 39
2	1	ADDI	4	0	0	0	0	0	{}	# 40
2	2	CMP	0	4	0	0	0	0	{}	# 41
2	3	JNZ	error	2	0	0	0	0	{}	# 42
1	8	HALT	-	0	0	11	0	0	{}	# 43
2	error	EXIT	1	2	0	0	0	0	{}	# 44
