count.buggy.0.asm
count.buggy.1.asm
count.checker.asm
. z3-relational.mmap
# tid	pc	cmd	arg	accu	mem	adr	val	full	heap
0	inc	LOAD	0	0	0	0	0	0	{}	# 0
0	1	ADDI	1	0	0	0	0	0	{}	# 1
2	0	CHECK	0	0	0	0	0	0	{}	# 2
1	inc	LOAD	0	0	0	0	0	0	{}	# 3
1	1	ADDI	1	0	0	0	0	0	{}	# 4
0	2	STORE	0	1	0	0	0	0	{}	# 5
1	2	STORE	0	1	0	0	0	0	{}	# 6
1	3	LOAD	11	1	0	0	1	1	{}	# 7
0	3	LOAD	10	1	0	0	1	1	{}	# 8
0	4	FLUSH	-	2	0	0	1	1	{}	# 9
1	4	SUBI	1	2	0	0	1	1	{(0,1)}	# 10
0	4	SUBI	1	2	0	0	1	0	{}	# 11
1	5	FLUSH	-	1	0	0	1	1	{}	# 12
1	5	STORE	11	1	0	0	1	0	{(0,1)}	# 13
1	6	FLUSH	-	1	0	11	1	1	{}	# 14
1	6	JNZ	inc	1	0	11	1	0	{(11,1)}	# 15
0	5	STORE	10	1	0	0	1	0	{}	# 16
1	inc	LOAD	0	1	0	11	1	0	{}	# 17
1	1	ADDI	1	1	0	11	1	0	{}	# 18
1	2	STORE	0	2	0	11	1	0	{}	# 19
0	6	FLUSH	-	1	0	10	1	1	{}	# 20
1	3	FLUSH	-	2	0	0	2	1	{(10,1)}	# 21
0	6	JNZ	inc	1	0	10	1	0	{(0,2)}	# 22
0	inc	LOAD	0	1	0	10	1	0	{}	# 23
0	1	ADDI	1	2	0	10	1	0	{}	# 24
0	2	STORE	0	3	0	10	1	0	{}	# 25
1	3	LOAD	11	2	0	0	2	0	{}	# 26
1	4	SUBI	1	1	0	0	2	0	{}	# 27
1	5	STORE	11	0	0	0	2	0	{}	# 28
1	6	FLUSH	-	0	0	11	0	1	{}	# 29
0	3	FLUSH	-	3	0	0	3	1	{(11,0)}	# 30
0	3	LOAD	10	3	0	0	3	0	{(0,3)}	# 31
0	4	SUBI	1	1	0	0	3	0	{}	# 32
0	5	STORE	10	0	0	0	3	0	{}	# 33
0	6	FLUSH	-	0	0	10	0	1	{}	# 34
0	6	JNZ	inc	0	0	10	0	0	{(10,0)}	# 35
0	7	CHECK	0	0	0	10	0	0	{}	# 36
1	6	JNZ	inc	0	0	11	0	0	{}	# 37
1	7	CHECK	0	0	0	11	0	0	{}	# 38
0	8	HALT	-	0	0	10	0	0	{}	# 39
1	8	HALT	-	0	0	11	0	0	{}	# 40
2	1	ADDI	4	0	0	0	0	0	{}	# 41
2	2	CMP	0	4	0	0	0	0	{}	# 42
2	3	JNZ	error	1	0	0	0	0	{}	# 43
2	error	EXIT	1	1	0	0	0	0	{}	# 44
