count_stat.cas.0.asm
count_stat.cas.1.asm
count_stat.checker.asm
. boolector-functional.mmap
# tid	pc	cmd	arg	accu	mem	adr	val	full	heap
0	inc	MEM	0	0	0	0	0	0	{}	# 0
0	1	ADDI	1	0	0	0	0	0	{}	# 1
0	2	CAS	0	1	0	0	0	0	{}	# 2
0	3	JZ	inc	1	0	0	0	0	{(0,1)}	# 3
1	inc	MEM	0	0	0	0	0	0	{}	# 4
0	4	LOAD	10	1	0	0	0	0	{}	# 5
0	5	SUBI	1	1	0	0	0	0	{}	# 6
0	6	STORE	10	0	0	0	0	0	{}	# 7
1	1	ADDI	1	1	1	0	0	0	{}	# 8
0	7	FLUSH	-	0	0	10	0	1	{}	# 9
0	7	JNZ	inc	0	0	10	0	0	{(10,0)}	# 10
0	8	CHECK	0	0	0	10	0	0	{}	# 11
1	2	CAS	0	2	1	0	0	0	{}	# 12
2	0	CHECK	0	0	0	0	0	0	{(0,2)}	# 13
1	3	JZ	inc	1	1	0	0	0	{}	# 14
1	4	LOAD	11	1	1	0	0	0	{}	# 15
1	5	SUBI	1	1	1	0	0	0	{}	# 16
1	6	STORE	11	0	1	0	0	0	{}	# 17
1	7	JNZ	inc	0	1	11	0	1	{}	# 18
1	8	CHECK	0	0	1	11	0	1	{}	# 19
2	1	ADDI	6	0	0	0	0	0	{}	# 20
2	2	CMP	0	6	0	0	0	0	{}	# 21
1	9	FLUSH	-	0	1	11	0	1	{}	# 22
2	3	JNZ	error	4	0	0	0	0	{(11,0)}	# 23
2	error	EXIT	1	4	0	0	0	0	{}	# 24
