[runlim] version:		1.21
[runlim] host:			c3n14
[runlim] time limit:		86400 seconds
[runlim] real time limit:	86400 seconds
[runlim] space limit:		8000 MB
[runlim] argv[0]:		concubine
[runlim] argv[1]:		solve
[runlim] argv[2]:		-v
[runlim] argv[3]:		-s
[runlim] argv[4]:		btormc
[runlim] argv[5]:		-m
[runlim] argv[6]:		init.mmap
[runlim] argv[7]:		-o
[runlim] argv[8]:		btormc-btor2
[runlim] argv[9]:		111
[runlim] argv[10]:		count_stat.cas.0.asm
[runlim] argv[11]:		count_stat.cas.1.asm
[runlim] argv[12]:		count_stat.checker.asm
[runlim] start:			Tue Dec  8 13:58:21 2020
[runlim] child:			19722
[runlim] end:			Tue Dec  8 13:58:23 2020
[runlim] status:		segmentation fault
[runlim] result:		4
[runlim] children:		1
[runlim] real:			2.50 seconds
[runlim] time:			0.00 seconds
[runlim] space:			3 MB
[runlim] samples:		24
