count_stat.cas.0.asm
count_stat.cas.1.asm
count_stat.checker.asm
. btormc-btor2.mmap
# tid	pc	cmd	arg	accu	mem	adr	val	full	heap
1	inc	MEM	0	0	0	0	0	0	{}	# 0
0	inc	MEM	0	0	0	0	0	0	{}	# 1
1	1	ADDI	1	0	0	0	0	0	{}	# 2
1	2	CAS	0	1	0	0	0	0	{}	# 3
1	3	JZ	inc	1	0	0	0	0	{(0,1)}	# 4
1	4	LOAD	11	1	0	0	0	0	{}	# 5
1	5	SUBI	1	1	0	0	0	0	{}	# 6
0	1	ADDI	1	0	0	0	0	0	{}	# 7
0	2	CAS	0	1	0	0	0	0	{}	# 8
1	6	STORE	11	0	0	0	0	0	{}	# 9
0	3	JZ	inc	0	0	0	0	0	{}	# 10
0	inc	MEM	0	0	0	0	0	0	{}	# 11
0	1	ADDI	1	1	1	0	0	0	{}	# 12
1	7	JNZ	inc	0	0	11	0	1	{}	# 13
1	8	CHECK	0	0	0	11	0	1	{}	# 14
0	2	CAS	0	2	1	0	0	0	{}	# 15
0	3	JZ	inc	1	1	0	0	0	{(0,2)}	# 16
0	4	LOAD	10	1	1	0	0	0	{}	# 17
1	9	FLUSH	-	0	0	11	0	1	{}	# 18
2	0	CHECK	0	0	0	0	0	0	{(11,0)}	# 19
0	5	SUBI	1	3	1	0	0	0	{}	# 20
0	6	STORE	10	2	1	0	0	0	{}	# 21
0	7	FLUSH	-	2	1	10	2	1	{}	# 22
0	7	JNZ	inc	2	1	10	2	0	{(10,2)}	# 23
0	inc	MEM	0	2	1	10	2	0	{}	# 24
0	1	ADDI	1	2	2	10	2	0	{}	# 25
0	2	CAS	0	3	2	10	2	0	{}	# 26
0	3	JZ	inc	1	2	10	2	0	{(0,3)}	# 27
0	4	LOAD	10	1	2	10	2	0	{}	# 28
0	5	SUBI	1	2	2	10	2	0	{}	# 29
0	6	STORE	10	1	2	10	2	0	{}	# 30
0	7	JNZ	inc	1	2	10	1	1	{}	# 31
0	inc	FLUSH	-	1	2	10	1	1	{}	# 32
0	inc	MEM	0	1	2	10	1	0	{(10,1)}	# 33
0	1	ADDI	1	3	3	10	1	0	{}	# 34
0	2	CAS	0	4	3	10	1	0	{}	# 35
0	3	JZ	inc	1	3	10	1	0	{(0,4)}	# 36
0	4	LOAD	10	1	3	10	1	0	{}	# 37
0	5	SUBI	1	1	3	10	1	0	{}	# 38
0	6	STORE	10	0	3	10	1	0	{}	# 39
0	7	JNZ	inc	0	3	10	0	1	{}	# 40
0	8	CHECK	0	0	3	10	0	1	{}	# 41
2	1	ADDI	6	0	0	0	0	0	{}	# 42
2	2	CMP	0	6	0	0	0	0	{}	# 43
0	9	FLUSH	-	0	3	10	0	1	{}	# 44
2	3	JNZ	error	2	0	0	0	0	{(10,0)}	# 45
2	error	EXIT	1	2	0	0	0	0	{}	# 46
