[runlim] version:		1.21
[runlim] host:			c3n15
[runlim] time limit:		86400 seconds
[runlim] real time limit:	86400 seconds
[runlim] space limit:		8000 MB
[runlim] argv[0]:		concubine
[runlim] argv[1]:		solve
[runlim] argv[2]:		-v
[runlim] argv[3]:		-s
[runlim] argv[4]:		z3
[runlim] argv[5]:		-e
[runlim] argv[6]:		smtlib
[runlim] argv[7]:		-m
[runlim] argv[8]:		init.mmap
[runlim] argv[9]:		-o
[runlim] argv[10]:		z3-functional
[runlim] argv[11]:		111
[runlim] argv[12]:		count_stat.cas.0.asm
[runlim] argv[13]:		count_stat.cas.1.asm
[runlim] argv[14]:		count_stat.checker.asm
[runlim] start:			Tue Dec  1 16:38:20 2020
[runlim] child:			7181
[runlim] sample:		10.00 time, 10.01 real, 197 MB
[runlim] sample:		19.99 time, 20.01 real, 255 MB
[runlim] sample:		29.99 time, 30.01 real, 255 MB
[runlim] sample:		39.99 time, 40.01 real, 255 MB
[runlim] sample:		49.99 time, 50.01 real, 255 MB
[runlim] sample:		59.99 time, 60.01 real, 255 MB
[runlim] sample:		69.99 time, 70.01 real, 255 MB
[runlim] sample:		79.99 time, 80.01 real, 255 MB
[runlim] sample:		89.99 time, 90.01 real, 255 MB
[runlim] sample:		99.99 time, 100.01 real, 255 MB
[runlim] sample:		109.99 time, 110.01 real, 368 MB
[runlim] sample:		119.99 time, 120.01 real, 573 MB
[runlim] sample:		130.00 time, 130.01 real, 578 MB
[runlim] sample:		140.00 time, 140.01 real, 580 MB
[runlim] sample:		150.00 time, 150.01 real, 582 MB
[runlim] sample:		159.99 time, 160.01 real, 584 MB
[runlim] sample:		169.99 time, 170.01 real, 584 MB
[runlim] sample:		179.99 time, 180.01 real, 585 MB
[runlim] sample:		190.00 time, 190.01 real, 586 MB
[runlim] sample:		200.00 time, 200.01 real, 588 MB
[runlim] sample:		210.00 time, 210.01 real, 588 MB
[runlim] sample:		220.00 time, 220.01 real, 589 MB
[runlim] sample:		230.00 time, 230.01 real, 590 MB
[runlim] sample:		240.00 time, 240.01 real, 591 MB
[runlim] sample:		250.00 time, 250.01 real, 591 MB
[runlim] sample:		259.99 time, 260.01 real, 591 MB
[runlim] sample:		269.99 time, 270.01 real, 592 MB
[runlim] sample:		279.99 time, 280.01 real, 593 MB
[runlim] sample:		289.99 time, 290.01 real, 595 MB
[runlim] sample:		299.99 time, 300.01 real, 595 MB
[runlim] sample:		309.99 time, 310.01 real, 595 MB
[runlim] sample:		319.99 time, 320.01 real, 596 MB
[runlim] sample:		329.99 time, 330.01 real, 596 MB
[runlim] sample:		339.99 time, 340.01 real, 598 MB
[runlim] sample:		349.99 time, 350.01 real, 601 MB
[runlim] sample:		359.99 time, 360.01 real, 604 MB
[runlim] sample:		369.99 time, 370.01 real, 605 MB
[runlim] sample:		379.99 time, 380.01 real, 606 MB
[runlim] sample:		389.99 time, 390.01 real, 606 MB
[runlim] sample:		399.99 time, 400.01 real, 606 MB
[runlim] sample:		409.99 time, 410.01 real, 606 MB
[runlim] sample:		419.99 time, 420.01 real, 606 MB
[runlim] sample:		429.99 time, 430.01 real, 606 MB
[runlim] sample:		439.99 time, 440.01 real, 606 MB
[runlim] sample:		449.99 time, 450.01 real, 606 MB
[runlim] sample:		459.99 time, 460.01 real, 606 MB
[runlim] sample:		469.99 time, 470.01 real, 606 MB
[runlim] sample:		479.99 time, 480.01 real, 606 MB
[runlim] sample:		489.99 time, 490.01 real, 606 MB
[runlim] sample:		499.99 time, 500.01 real, 606 MB
[runlim] sample:		509.99 time, 510.01 real, 606 MB
[runlim] sample:		519.99 time, 520.01 real, 606 MB
[runlim] sample:		529.99 time, 530.01 real, 606 MB
[runlim] sample:		539.99 time, 540.01 real, 606 MB
[runlim] sample:		549.99 time, 550.01 real, 607 MB
[runlim] sample:		559.99 time, 560.01 real, 607 MB
[runlim] sample:		569.99 time, 570.01 real, 607 MB
[runlim] sample:		579.99 time, 580.01 real, 608 MB
[runlim] sample:		589.99 time, 590.01 real, 608 MB
[runlim] sample:		599.99 time, 600.01 real, 608 MB
[runlim] sample:		609.99 time, 610.01 real, 608 MB
[runlim] sample:		619.99 time, 620.01 real, 608 MB
[runlim] sample:		629.99 time, 630.01 real, 608 MB
[runlim] sample:		639.99 time, 640.01 real, 608 MB
[runlim] sample:		649.99 time, 650.01 real, 609 MB
[runlim] sample:		659.99 time, 660.01 real, 609 MB
[runlim] sample:		669.99 time, 670.01 real, 609 MB
[runlim] sample:		679.99 time, 680.01 real, 610 MB
[runlim] sample:		689.99 time, 690.01 real, 610 MB
[runlim] sample:		699.99 time, 700.01 real, 610 MB
[runlim] sample:		709.99 time, 710.01 real, 610 MB
[runlim] sample:		719.99 time, 720.01 real, 611 MB
[runlim] sample:		729.99 time, 730.01 real, 611 MB
[runlim] sample:		739.99 time, 740.01 real, 611 MB
[runlim] sample:		749.99 time, 750.01 real, 611 MB
[runlim] sample:		759.99 time, 760.01 real, 611 MB
[runlim] sample:		769.99 time, 770.01 real, 611 MB
[runlim] sample:		779.99 time, 780.01 real, 612 MB
[runlim] sample:		789.99 time, 790.01 real, 613 MB
[runlim] sample:		799.99 time, 800.01 real, 613 MB
[runlim] sample:		809.99 time, 810.01 real, 613 MB
[runlim] sample:		819.99 time, 820.01 real, 613 MB
[runlim] sample:		829.99 time, 830.01 real, 613 MB
[runlim] sample:		839.98 time, 840.01 real, 613 MB
[runlim] sample:		849.98 time, 850.01 real, 613 MB
[runlim] sample:		859.98 time, 860.01 real, 613 MB
[runlim] sample:		869.98 time, 870.01 real, 614 MB
[runlim] sample:		879.98 time, 880.01 real, 614 MB
[runlim] sample:		889.98 time, 890.01 real, 614 MB
[runlim] sample:		899.98 time, 900.01 real, 614 MB
[runlim] sample:		909.98 time, 910.01 real, 615 MB
[runlim] sample:		919.98 time, 920.01 real, 615 MB
[runlim] sample:		929.98 time, 930.01 real, 615 MB
[runlim] sample:		939.98 time, 940.01 real, 616 MB
[runlim] sample:		949.98 time, 950.01 real, 616 MB
[runlim] sample:		959.98 time, 960.01 real, 616 MB
[runlim] sample:		969.98 time, 970.01 real, 616 MB
[runlim] sample:		979.98 time, 980.01 real, 616 MB
[runlim] sample:		989.98 time, 990.01 real, 616 MB
[runlim] sample:		999.98 time, 1000.01 real, 616 MB
[runlim] sample:		1009.98 time, 1010.01 real, 616 MB
[runlim] sample:		1019.98 time, 1020.01 real, 617 MB
[runlim] sample:		1029.98 time, 1030.01 real, 617 MB
[runlim] sample:		1039.98 time, 1040.01 real, 617 MB
[runlim] sample:		1049.98 time, 1050.01 real, 617 MB
[runlim] sample:		1059.98 time, 1060.01 real, 617 MB
[runlim] sample:		1069.98 time, 1070.01 real, 617 MB
[runlim] sample:		1079.98 time, 1080.01 real, 617 MB
[runlim] sample:		1089.98 time, 1090.01 real, 617 MB
[runlim] sample:		1099.98 time, 1100.01 real, 617 MB
[runlim] sample:		1109.98 time, 1110.01 real, 617 MB
[runlim] sample:		1119.98 time, 1120.01 real, 618 MB
[runlim] sample:		1129.98 time, 1130.01 real, 618 MB
[runlim] sample:		1139.98 time, 1140.01 real, 618 MB
[runlim] sample:		1149.98 time, 1150.01 real, 618 MB
[runlim] sample:		1159.98 time, 1160.01 real, 618 MB
[runlim] sample:		1169.98 time, 1170.01 real, 618 MB
[runlim] sample:		1179.98 time, 1180.01 real, 618 MB
[runlim] sample:		1189.98 time, 1190.01 real, 618 MB
[runlim] sample:		1199.98 time, 1200.01 real, 618 MB
[runlim] sample:		1209.98 time, 1210.01 real, 619 MB
[runlim] sample:		1219.98 time, 1220.01 real, 624 MB
[runlim] sample:		1229.98 time, 1230.01 real, 625 MB
[runlim] sample:		1239.98 time, 1240.01 real, 626 MB
[runlim] sample:		1249.98 time, 1250.01 real, 626 MB
[runlim] sample:		1259.98 time, 1260.01 real, 626 MB
[runlim] sample:		1269.98 time, 1270.01 real, 626 MB
[runlim] sample:		1279.98 time, 1280.01 real, 626 MB
[runlim] sample:		1289.98 time, 1290.01 real, 626 MB
[runlim] sample:		1299.98 time, 1300.01 real, 626 MB
[runlim] sample:		1309.98 time, 1310.01 real, 626 MB
[runlim] sample:		1319.98 time, 1320.01 real, 626 MB
[runlim] sample:		1329.98 time, 1330.01 real, 626 MB
[runlim] sample:		1339.98 time, 1340.01 real, 626 MB
[runlim] sample:		1349.98 time, 1350.01 real, 626 MB
[runlim] sample:		1359.98 time, 1360.01 real, 626 MB
[runlim] sample:		1369.98 time, 1370.01 real, 626 MB
[runlim] sample:		1379.98 time, 1380.01 real, 626 MB
[runlim] sample:		1389.98 time, 1390.01 real, 626 MB
[runlim] sample:		1399.98 time, 1400.01 real, 626 MB
[runlim] sample:		1409.98 time, 1410.01 real, 626 MB
[runlim] sample:		1419.98 time, 1420.01 real, 626 MB
[runlim] sample:		1429.98 time, 1430.01 real, 626 MB
[runlim] sample:		1439.98 time, 1440.01 real, 626 MB
[runlim] sample:		1449.98 time, 1450.01 real, 626 MB
[runlim] sample:		1459.98 time, 1460.01 real, 626 MB
[runlim] sample:		1469.98 time, 1470.01 real, 626 MB
[runlim] sample:		1479.98 time, 1480.01 real, 626 MB
[runlim] sample:		1489.98 time, 1490.01 real, 626 MB
[runlim] sample:		1499.98 time, 1500.01 real, 626 MB
[runlim] sample:		1509.98 time, 1510.01 real, 626 MB
[runlim] sample:		1519.98 time, 1520.01 real, 626 MB
[runlim] sample:		1529.98 time, 1530.01 real, 626 MB
[runlim] sample:		1539.98 time, 1540.01 real, 627 MB
[runlim] sample:		1549.98 time, 1550.01 real, 627 MB
[runlim] sample:		1559.98 time, 1560.01 real, 628 MB
[runlim] sample:		1569.98 time, 1570.01 real, 628 MB
[runlim] sample:		1579.98 time, 1580.01 real, 628 MB
[runlim] sample:		1589.98 time, 1590.01 real, 628 MB
[runlim] sample:		1599.98 time, 1600.01 real, 628 MB
[runlim] sample:		1609.98 time, 1610.01 real, 628 MB
[runlim] sample:		1619.98 time, 1620.01 real, 628 MB
[runlim] sample:		1629.98 time, 1630.01 real, 628 MB
[runlim] sample:		1639.98 time, 1640.01 real, 628 MB
[runlim] sample:		1649.98 time, 1650.01 real, 628 MB
[runlim] sample:		1659.98 time, 1660.01 real, 628 MB
[runlim] sample:		1669.98 time, 1670.01 real, 628 MB
[runlim] sample:		1679.98 time, 1680.01 real, 628 MB
[runlim] sample:		1689.98 time, 1690.01 real, 628 MB
[runlim] sample:		1699.98 time, 1700.01 real, 628 MB
[runlim] sample:		1709.97 time, 1710.01 real, 628 MB
[runlim] sample:		1719.97 time, 1720.01 real, 629 MB
[runlim] sample:		1729.97 time, 1730.01 real, 629 MB
[runlim] sample:		1739.97 time, 1740.01 real, 629 MB
[runlim] sample:		1749.97 time, 1750.01 real, 630 MB
[runlim] sample:		1759.97 time, 1760.01 real, 630 MB
[runlim] sample:		1769.97 time, 1770.01 real, 631 MB
[runlim] sample:		1779.97 time, 1780.01 real, 631 MB
[runlim] sample:		1789.97 time, 1790.01 real, 631 MB
[runlim] sample:		1799.97 time, 1800.01 real, 631 MB
[runlim] sample:		1809.97 time, 1810.01 real, 631 MB
[runlim] sample:		1819.97 time, 1820.01 real, 631 MB
[runlim] sample:		1829.97 time, 1830.01 real, 631 MB
[runlim] sample:		1839.97 time, 1840.01 real, 631 MB
[runlim] sample:		1849.97 time, 1850.01 real, 631 MB
[runlim] sample:		1859.97 time, 1860.01 real, 631 MB
[runlim] sample:		1869.97 time, 1870.01 real, 631 MB
[runlim] sample:		1879.97 time, 1880.01 real, 631 MB
[runlim] sample:		1889.97 time, 1890.01 real, 631 MB
[runlim] sample:		1899.97 time, 1900.01 real, 631 MB
[runlim] sample:		1909.97 time, 1910.01 real, 632 MB
[runlim] sample:		1919.97 time, 1920.01 real, 632 MB
[runlim] sample:		1929.97 time, 1930.01 real, 632 MB
[runlim] sample:		1939.97 time, 1940.01 real, 632 MB
[runlim] sample:		1949.97 time, 1950.01 real, 632 MB
[runlim] sample:		1959.97 time, 1960.01 real, 632 MB
[runlim] sample:		1969.97 time, 1970.01 real, 632 MB
[runlim] sample:		1979.97 time, 1980.01 real, 632 MB
[runlim] sample:		1989.97 time, 1990.01 real, 632 MB
[runlim] sample:		1999.97 time, 2000.01 real, 632 MB
[runlim] sample:		2009.97 time, 2010.01 real, 632 MB
[runlim] sample:		2019.97 time, 2020.01 real, 632 MB
[runlim] sample:		2029.97 time, 2030.01 real, 632 MB
[runlim] sample:		2039.97 time, 2040.01 real, 633 MB
[runlim] sample:		2049.97 time, 2050.01 real, 633 MB
[runlim] sample:		2059.97 time, 2060.01 real, 633 MB
[runlim] sample:		2069.97 time, 2070.01 real, 633 MB
[runlim] sample:		2079.97 time, 2080.01 real, 633 MB
[runlim] sample:		2089.97 time, 2090.01 real, 633 MB
[runlim] sample:		2099.97 time, 2100.01 real, 634 MB
[runlim] sample:		2109.97 time, 2110.01 real, 634 MB
[runlim] sample:		2119.97 time, 2120.01 real, 634 MB
[runlim] sample:		2129.97 time, 2130.01 real, 637 MB
[runlim] sample:		2139.97 time, 2140.01 real, 637 MB
[runlim] sample:		2149.97 time, 2150.01 real, 637 MB
[runlim] sample:		2159.97 time, 2160.01 real, 637 MB
[runlim] sample:		2169.97 time, 2170.01 real, 637 MB
[runlim] sample:		2179.97 time, 2180.01 real, 637 MB
[runlim] sample:		2189.97 time, 2190.01 real, 637 MB
[runlim] sample:		2199.97 time, 2200.01 real, 637 MB
[runlim] sample:		2209.97 time, 2210.01 real, 637 MB
[runlim] sample:		2219.97 time, 2220.01 real, 637 MB
[runlim] sample:		2229.97 time, 2230.01 real, 637 MB
[runlim] sample:		2239.97 time, 2240.01 real, 637 MB
[runlim] sample:		2249.97 time, 2250.01 real, 637 MB
[runlim] sample:		2259.97 time, 2260.01 real, 637 MB
[runlim] sample:		2269.97 time, 2270.01 real, 637 MB
[runlim] sample:		2279.97 time, 2280.01 real, 637 MB
[runlim] sample:		2289.97 time, 2290.01 real, 637 MB
[runlim] sample:		2299.97 time, 2300.01 real, 637 MB
[runlim] sample:		2309.97 time, 2310.01 real, 637 MB
[runlim] sample:		2319.97 time, 2320.01 real, 637 MB
[runlim] sample:		2329.97 time, 2330.01 real, 637 MB
[runlim] sample:		2339.97 time, 2340.01 real, 637 MB
[runlim] sample:		2349.97 time, 2350.01 real, 637 MB
[runlim] sample:		2359.97 time, 2360.01 real, 637 MB
[runlim] sample:		2369.97 time, 2370.01 real, 637 MB
[runlim] sample:		2379.97 time, 2380.01 real, 637 MB
[runlim] sample:		2389.97 time, 2390.01 real, 637 MB
[runlim] sample:		2399.97 time, 2400.01 real, 637 MB
[runlim] sample:		2409.97 time, 2410.01 real, 637 MB
[runlim] sample:		2419.97 time, 2420.01 real, 637 MB
[runlim] sample:		2429.97 time, 2430.01 real, 637 MB
[runlim] sample:		2439.97 time, 2440.01 real, 637 MB
[runlim] sample:		2449.97 time, 2450.01 real, 637 MB
[runlim] sample:		2459.97 time, 2460.01 real, 637 MB
[runlim] sample:		2469.97 time, 2470.01 real, 637 MB
[runlim] sample:		2479.97 time, 2480.01 real, 637 MB
[runlim] sample:		2489.97 time, 2490.01 real, 637 MB
[runlim] sample:		2499.97 time, 2500.01 real, 637 MB
[runlim] sample:		2509.97 time, 2510.01 real, 637 MB
[runlim] sample:		2519.97 time, 2520.01 real, 637 MB
[runlim] sample:		2529.97 time, 2530.01 real, 637 MB
[runlim] sample:		2539.97 time, 2540.01 real, 637 MB
[runlim] sample:		2549.97 time, 2550.01 real, 637 MB
[runlim] sample:		2559.97 time, 2560.01 real, 637 MB
[runlim] sample:		2569.97 time, 2570.01 real, 637 MB
[runlim] sample:		2579.97 time, 2580.01 real, 637 MB
[runlim] sample:		2589.97 time, 2590.01 real, 638 MB
[runlim] sample:		2599.97 time, 2600.01 real, 639 MB
[runlim] sample:		2609.97 time, 2610.01 real, 639 MB
[runlim] sample:		2619.97 time, 2620.01 real, 640 MB
[runlim] sample:		2629.97 time, 2630.01 real, 640 MB
[runlim] sample:		2639.97 time, 2640.01 real, 640 MB
[runlim] sample:		2649.97 time, 2650.01 real, 640 MB
[runlim] sample:		2659.97 time, 2660.01 real, 640 MB
[runlim] sample:		2669.97 time, 2670.01 real, 641 MB
[runlim] sample:		2679.97 time, 2680.01 real, 641 MB
[runlim] sample:		2689.97 time, 2690.01 real, 641 MB
[runlim] sample:		2699.97 time, 2700.01 real, 641 MB
[runlim] sample:		2709.97 time, 2710.01 real, 641 MB
[runlim] sample:		2719.97 time, 2720.01 real, 641 MB
[runlim] sample:		2729.97 time, 2730.01 real, 641 MB
[runlim] sample:		2739.97 time, 2740.01 real, 641 MB
[runlim] sample:		2749.97 time, 2750.01 real, 641 MB
[runlim] sample:		2759.97 time, 2760.01 real, 641 MB
[runlim] sample:		2769.97 time, 2770.01 real, 641 MB
[runlim] sample:		2779.97 time, 2780.01 real, 641 MB
[runlim] sample:		2789.97 time, 2790.01 real, 641 MB
[runlim] sample:		2799.97 time, 2800.01 real, 641 MB
[runlim] sample:		2809.97 time, 2810.01 real, 641 MB
[runlim] sample:		2819.97 time, 2820.01 real, 641 MB
[runlim] sample:		2829.97 time, 2830.01 real, 641 MB
[runlim] sample:		2839.97 time, 2840.01 real, 641 MB
[runlim] sample:		2849.97 time, 2850.01 real, 641 MB
[runlim] sample:		2859.97 time, 2860.01 real, 641 MB
[runlim] sample:		2869.96 time, 2870.01 real, 641 MB
[runlim] sample:		2879.96 time, 2880.01 real, 641 MB
[runlim] sample:		2889.96 time, 2890.01 real, 641 MB
[runlim] sample:		2899.96 time, 2900.01 real, 641 MB
[runlim] sample:		2909.96 time, 2910.01 real, 641 MB
[runlim] sample:		2919.97 time, 2920.01 real, 642 MB
[runlim] sample:		2929.97 time, 2930.01 real, 643 MB
[runlim] sample:		2939.97 time, 2940.01 real, 643 MB
[runlim] sample:		2949.97 time, 2950.01 real, 643 MB
[runlim] sample:		2959.97 time, 2960.01 real, 643 MB
[runlim] sample:		2969.97 time, 2970.01 real, 643 MB
[runlim] sample:		2979.97 time, 2980.01 real, 643 MB
[runlim] sample:		2989.97 time, 2990.01 real, 643 MB
[runlim] sample:		2999.97 time, 3000.01 real, 643 MB
[runlim] sample:		3009.97 time, 3010.01 real, 643 MB
[runlim] sample:		3019.97 time, 3020.01 real, 643 MB
[runlim] sample:		3029.97 time, 3030.01 real, 643 MB
[runlim] sample:		3039.97 time, 3040.01 real, 643 MB
[runlim] sample:		3049.97 time, 3050.01 real, 643 MB
[runlim] sample:		3059.97 time, 3060.01 real, 643 MB
[runlim] sample:		3069.97 time, 3070.01 real, 643 MB
[runlim] sample:		3079.97 time, 3080.01 real, 643 MB
[runlim] sample:		3089.97 time, 3090.01 real, 643 MB
[runlim] sample:		3099.97 time, 3100.01 real, 643 MB
[runlim] sample:		3109.97 time, 3110.01 real, 643 MB
[runlim] sample:		3119.97 time, 3120.01 real, 643 MB
[runlim] sample:		3129.97 time, 3130.01 real, 643 MB
[runlim] sample:		3139.97 time, 3140.01 real, 643 MB
[runlim] sample:		3149.97 time, 3150.01 real, 643 MB
[runlim] sample:		3159.97 time, 3160.01 real, 643 MB
[runlim] sample:		3169.97 time, 3170.01 real, 643 MB
[runlim] sample:		3179.97 time, 3180.01 real, 643 MB
[runlim] sample:		3189.97 time, 3190.01 real, 644 MB
[runlim] sample:		3199.97 time, 3200.01 real, 644 MB
[runlim] sample:		3209.97 time, 3210.01 real, 644 MB
[runlim] sample:		3219.97 time, 3220.01 real, 644 MB
[runlim] sample:		3229.97 time, 3230.01 real, 644 MB
[runlim] sample:		3239.97 time, 3240.01 real, 644 MB
[runlim] sample:		3249.97 time, 3250.01 real, 644 MB
[runlim] sample:		3259.97 time, 3260.01 real, 644 MB
[runlim] sample:		3269.97 time, 3270.01 real, 644 MB
[runlim] sample:		3279.97 time, 3280.01 real, 644 MB
[runlim] sample:		3289.96 time, 3290.01 real, 665 MB
[runlim] sample:		3299.96 time, 3300.01 real, 665 MB
[runlim] sample:		3309.96 time, 3310.01 real, 665 MB
[runlim] sample:		3319.96 time, 3320.01 real, 665 MB
[runlim] sample:		3329.96 time, 3330.01 real, 665 MB
[runlim] sample:		3339.96 time, 3340.01 real, 665 MB
[runlim] sample:		3349.96 time, 3350.01 real, 665 MB
[runlim] sample:		3359.96 time, 3360.01 real, 666 MB
[runlim] sample:		3369.96 time, 3370.01 real, 666 MB
[runlim] sample:		3379.96 time, 3380.01 real, 666 MB
[runlim] sample:		3389.96 time, 3390.01 real, 666 MB
[runlim] sample:		3399.96 time, 3400.01 real, 666 MB
[runlim] sample:		3409.96 time, 3410.01 real, 666 MB
[runlim] sample:		3419.96 time, 3420.01 real, 666 MB
[runlim] sample:		3429.96 time, 3430.01 real, 666 MB
[runlim] sample:		3439.96 time, 3440.01 real, 666 MB
[runlim] sample:		3449.96 time, 3450.01 real, 667 MB
[runlim] sample:		3459.96 time, 3460.01 real, 667 MB
[runlim] sample:		3469.96 time, 3470.01 real, 667 MB
[runlim] sample:		3479.96 time, 3480.01 real, 667 MB
[runlim] sample:		3489.96 time, 3490.01 real, 667 MB
[runlim] sample:		3499.96 time, 3500.01 real, 667 MB
[runlim] sample:		3509.96 time, 3510.01 real, 667 MB
[runlim] sample:		3519.96 time, 3520.01 real, 667 MB
[runlim] sample:		3529.96 time, 3530.01 real, 667 MB
[runlim] sample:		3539.96 time, 3540.01 real, 667 MB
[runlim] sample:		3549.96 time, 3550.01 real, 667 MB
[runlim] sample:		3559.96 time, 3560.01 real, 667 MB
[runlim] sample:		3569.96 time, 3570.01 real, 668 MB
[runlim] sample:		3579.96 time, 3580.01 real, 668 MB
[runlim] sample:		3589.96 time, 3590.01 real, 669 MB
[runlim] sample:		3599.96 time, 3600.01 real, 670 MB
[runlim] sample:		3609.96 time, 3610.01 real, 670 MB
[runlim] sample:		3619.96 time, 3620.01 real, 670 MB
[runlim] sample:		3629.96 time, 3630.01 real, 670 MB
[runlim] sample:		3639.96 time, 3640.01 real, 670 MB
[runlim] sample:		3649.96 time, 3650.01 real, 670 MB
[runlim] sample:		3659.96 time, 3660.01 real, 670 MB
[runlim] sample:		3669.96 time, 3670.01 real, 670 MB
[runlim] sample:		3679.96 time, 3680.01 real, 670 MB
[runlim] sample:		3689.96 time, 3690.01 real, 670 MB
[runlim] sample:		3699.96 time, 3700.01 real, 670 MB
[runlim] sample:		3709.96 time, 3710.01 real, 670 MB
[runlim] sample:		3719.96 time, 3720.01 real, 670 MB
[runlim] sample:		3729.96 time, 3730.01 real, 670 MB
[runlim] sample:		3739.96 time, 3740.01 real, 670 MB
[runlim] sample:		3749.96 time, 3750.01 real, 670 MB
[runlim] sample:		3759.96 time, 3760.01 real, 670 MB
[runlim] sample:		3769.96 time, 3770.01 real, 670 MB
[runlim] sample:		3779.96 time, 3780.01 real, 670 MB
[runlim] sample:		3789.96 time, 3790.01 real, 670 MB
[runlim] sample:		3799.96 time, 3800.01 real, 670 MB
[runlim] sample:		3809.96 time, 3810.01 real, 670 MB
[runlim] sample:		3819.96 time, 3820.01 real, 670 MB
[runlim] sample:		3829.96 time, 3830.01 real, 672 MB
[runlim] sample:		3839.96 time, 3840.01 real, 673 MB
[runlim] sample:		3849.96 time, 3850.01 real, 673 MB
[runlim] sample:		3859.96 time, 3860.01 real, 673 MB
[runlim] sample:		3869.96 time, 3870.01 real, 673 MB
[runlim] sample:		3879.96 time, 3880.01 real, 673 MB
[runlim] sample:		3889.96 time, 3890.01 real, 673 MB
[runlim] sample:		3899.96 time, 3900.01 real, 673 MB
[runlim] sample:		3909.96 time, 3910.01 real, 673 MB
[runlim] sample:		3919.96 time, 3920.01 real, 673 MB
[runlim] sample:		3929.96 time, 3930.01 real, 673 MB
[runlim] sample:		3939.96 time, 3940.01 real, 673 MB
[runlim] sample:		3949.96 time, 3950.01 real, 673 MB
[runlim] sample:		3959.96 time, 3960.01 real, 673 MB
[runlim] sample:		3969.96 time, 3970.01 real, 673 MB
[runlim] sample:		3979.96 time, 3980.01 real, 673 MB
[runlim] sample:		3989.96 time, 3990.01 real, 673 MB
[runlim] sample:		3999.96 time, 4000.01 real, 673 MB
[runlim] sample:		4009.96 time, 4010.01 real, 673 MB
[runlim] sample:		4019.96 time, 4020.01 real, 673 MB
[runlim] sample:		4029.96 time, 4030.01 real, 673 MB
[runlim] sample:		4039.96 time, 4040.01 real, 673 MB
[runlim] sample:		4049.96 time, 4050.01 real, 673 MB
[runlim] sample:		4059.96 time, 4060.01 real, 673 MB
[runlim] sample:		4069.96 time, 4070.01 real, 673 MB
[runlim] sample:		4079.96 time, 4080.01 real, 673 MB
[runlim] sample:		4089.96 time, 4090.01 real, 673 MB
[runlim] sample:		4099.96 time, 4100.01 real, 673 MB
[runlim] sample:		4109.96 time, 4110.01 real, 673 MB
[runlim] sample:		4119.96 time, 4120.01 real, 673 MB
[runlim] sample:		4129.96 time, 4130.01 real, 673 MB
[runlim] sample:		4139.96 time, 4140.01 real, 673 MB
[runlim] sample:		4149.95 time, 4150.01 real, 673 MB
[runlim] sample:		4159.95 time, 4160.01 real, 673 MB
[runlim] sample:		4169.95 time, 4170.01 real, 673 MB
[runlim] sample:		4179.95 time, 4180.01 real, 673 MB
[runlim] sample:		4189.95 time, 4190.01 real, 673 MB
[runlim] sample:		4199.95 time, 4200.01 real, 674 MB
[runlim] sample:		4209.95 time, 4210.01 real, 674 MB
[runlim] sample:		4219.95 time, 4220.01 real, 674 MB
[runlim] sample:		4229.95 time, 4230.01 real, 674 MB
[runlim] sample:		4239.95 time, 4240.01 real, 674 MB
[runlim] sample:		4249.95 time, 4250.01 real, 674 MB
[runlim] sample:		4259.95 time, 4260.01 real, 674 MB
[runlim] sample:		4269.95 time, 4270.01 real, 674 MB
[runlim] sample:		4279.95 time, 4280.01 real, 674 MB
[runlim] sample:		4289.95 time, 4290.01 real, 674 MB
[runlim] sample:		4299.95 time, 4300.01 real, 674 MB
[runlim] sample:		4309.95 time, 4310.01 real, 674 MB
[runlim] sample:		4319.95 time, 4320.01 real, 674 MB
[runlim] sample:		4329.95 time, 4330.01 real, 674 MB
[runlim] sample:		4339.95 time, 4340.01 real, 674 MB
[runlim] sample:		4349.95 time, 4350.01 real, 674 MB
[runlim] sample:		4359.95 time, 4360.01 real, 674 MB
[runlim] sample:		4369.95 time, 4370.01 real, 674 MB
[runlim] sample:		4379.96 time, 4380.01 real, 681 MB
[runlim] sample:		4389.96 time, 4390.01 real, 681 MB
[runlim] sample:		4399.96 time, 4400.01 real, 681 MB
[runlim] sample:		4409.96 time, 4410.01 real, 681 MB
[runlim] sample:		4419.96 time, 4420.01 real, 681 MB
[runlim] sample:		4429.96 time, 4430.01 real, 681 MB
[runlim] sample:		4439.96 time, 4440.01 real, 681 MB
[runlim] sample:		4449.96 time, 4450.01 real, 681 MB
[runlim] sample:		4459.96 time, 4460.01 real, 681 MB
[runlim] sample:		4469.96 time, 4470.01 real, 681 MB
[runlim] sample:		4479.96 time, 4480.01 real, 681 MB
[runlim] sample:		4489.96 time, 4490.01 real, 681 MB
[runlim] sample:		4499.96 time, 4500.01 real, 681 MB
[runlim] sample:		4509.96 time, 4510.01 real, 681 MB
[runlim] sample:		4519.96 time, 4520.01 real, 681 MB
[runlim] sample:		4529.96 time, 4530.01 real, 681 MB
[runlim] sample:		4539.96 time, 4540.01 real, 681 MB
[runlim] sample:		4549.96 time, 4550.01 real, 681 MB
[runlim] sample:		4559.96 time, 4560.01 real, 681 MB
[runlim] sample:		4569.96 time, 4570.01 real, 681 MB
[runlim] sample:		4579.96 time, 4580.01 real, 681 MB
[runlim] sample:		4589.95 time, 4590.01 real, 681 MB
[runlim] sample:		4599.95 time, 4600.01 real, 681 MB
[runlim] sample:		4609.95 time, 4610.01 real, 681 MB
[runlim] sample:		4619.95 time, 4620.01 real, 681 MB
[runlim] sample:		4629.95 time, 4630.01 real, 681 MB
[runlim] sample:		4639.95 time, 4640.01 real, 681 MB
[runlim] sample:		4649.95 time, 4650.01 real, 681 MB
[runlim] sample:		4659.95 time, 4660.01 real, 681 MB
[runlim] sample:		4669.95 time, 4670.01 real, 681 MB
[runlim] sample:		4679.95 time, 4680.01 real, 681 MB
[runlim] sample:		4689.95 time, 4690.01 real, 681 MB
[runlim] sample:		4699.95 time, 4700.01 real, 681 MB
[runlim] sample:		4709.95 time, 4710.01 real, 681 MB
[runlim] sample:		4719.95 time, 4720.01 real, 681 MB
[runlim] sample:		4729.95 time, 4730.01 real, 681 MB
[runlim] sample:		4739.95 time, 4740.01 real, 681 MB
[runlim] sample:		4749.95 time, 4750.01 real, 681 MB
[runlim] sample:		4759.95 time, 4760.01 real, 681 MB
[runlim] sample:		4769.95 time, 4770.01 real, 682 MB
[runlim] sample:		4779.95 time, 4780.01 real, 682 MB
[runlim] sample:		4789.95 time, 4790.01 real, 683 MB
[runlim] sample:		4799.95 time, 4800.01 real, 684 MB
[runlim] sample:		4809.95 time, 4810.01 real, 684 MB
[runlim] sample:		4819.95 time, 4820.01 real, 684 MB
[runlim] sample:		4829.95 time, 4830.01 real, 684 MB
[runlim] sample:		4839.95 time, 4840.01 real, 684 MB
[runlim] sample:		4849.95 time, 4850.01 real, 684 MB
[runlim] sample:		4859.95 time, 4860.01 real, 684 MB
[runlim] sample:		4869.95 time, 4870.01 real, 684 MB
[runlim] sample:		4879.95 time, 4880.01 real, 684 MB
[runlim] sample:		4889.95 time, 4890.01 real, 684 MB
[runlim] sample:		4899.95 time, 4900.01 real, 684 MB
[runlim] sample:		4909.95 time, 4910.01 real, 684 MB
[runlim] sample:		4919.95 time, 4920.01 real, 684 MB
[runlim] sample:		4929.95 time, 4930.01 real, 684 MB
[runlim] sample:		4939.95 time, 4940.01 real, 684 MB
[runlim] sample:		4949.95 time, 4950.01 real, 684 MB
[runlim] sample:		4959.95 time, 4960.01 real, 684 MB
[runlim] sample:		4969.95 time, 4970.01 real, 684 MB
[runlim] sample:		4979.95 time, 4980.01 real, 684 MB
[runlim] sample:		4989.95 time, 4990.01 real, 684 MB
[runlim] sample:		4999.95 time, 5000.01 real, 684 MB
[runlim] sample:		5009.95 time, 5010.01 real, 684 MB
[runlim] sample:		5019.95 time, 5020.01 real, 684 MB
[runlim] sample:		5029.95 time, 5030.01 real, 684 MB
[runlim] sample:		5039.95 time, 5040.01 real, 684 MB
[runlim] sample:		5049.95 time, 5050.01 real, 684 MB
[runlim] sample:		5059.95 time, 5060.01 real, 684 MB
[runlim] sample:		5069.95 time, 5070.01 real, 684 MB
[runlim] sample:		5079.95 time, 5080.01 real, 684 MB
[runlim] sample:		5089.95 time, 5090.01 real, 684 MB
[runlim] sample:		5099.95 time, 5100.01 real, 684 MB
[runlim] sample:		5109.95 time, 5110.01 real, 684 MB
[runlim] sample:		5119.95 time, 5120.01 real, 684 MB
[runlim] sample:		5129.95 time, 5130.01 real, 684 MB
[runlim] sample:		5139.95 time, 5140.01 real, 684 MB
[runlim] sample:		5149.95 time, 5150.01 real, 684 MB
[runlim] sample:		5159.95 time, 5160.01 real, 684 MB
[runlim] sample:		5169.95 time, 5170.01 real, 684 MB
[runlim] sample:		5179.95 time, 5180.01 real, 684 MB
[runlim] sample:		5189.95 time, 5190.01 real, 684 MB
[runlim] sample:		5199.95 time, 5200.01 real, 684 MB
[runlim] sample:		5209.95 time, 5210.01 real, 684 MB
[runlim] sample:		5219.95 time, 5220.01 real, 684 MB
[runlim] sample:		5229.95 time, 5230.01 real, 684 MB
[runlim] sample:		5239.95 time, 5240.01 real, 684 MB
[runlim] sample:		5249.95 time, 5250.01 real, 684 MB
[runlim] sample:		5259.95 time, 5260.01 real, 684 MB
[runlim] sample:		5269.95 time, 5270.01 real, 684 MB
[runlim] sample:		5279.95 time, 5280.01 real, 684 MB
[runlim] sample:		5289.95 time, 5290.01 real, 684 MB
[runlim] sample:		5299.95 time, 5300.01 real, 684 MB
[runlim] sample:		5309.95 time, 5310.01 real, 684 MB
[runlim] sample:		5319.95 time, 5320.01 real, 684 MB
[runlim] sample:		5329.95 time, 5330.01 real, 684 MB
[runlim] sample:		5339.95 time, 5340.01 real, 684 MB
[runlim] sample:		5349.95 time, 5350.01 real, 684 MB
[runlim] sample:		5359.95 time, 5360.01 real, 684 MB
[runlim] sample:		5369.95 time, 5370.01 real, 684 MB
[runlim] sample:		5379.95 time, 5380.01 real, 684 MB
[runlim] sample:		5389.95 time, 5390.01 real, 684 MB
[runlim] sample:		5399.95 time, 5400.01 real, 684 MB
[runlim] sample:		5409.95 time, 5410.01 real, 684 MB
[runlim] sample:		5419.95 time, 5420.01 real, 684 MB
[runlim] sample:		5429.95 time, 5430.01 real, 684 MB
[runlim] sample:		5439.95 time, 5440.01 real, 684 MB
[runlim] sample:		5449.95 time, 5450.01 real, 684 MB
[runlim] sample:		5459.95 time, 5460.01 real, 684 MB
[runlim] sample:		5469.95 time, 5470.01 real, 684 MB
[runlim] sample:		5479.95 time, 5480.01 real, 684 MB
[runlim] sample:		5489.95 time, 5490.01 real, 684 MB
[runlim] sample:		5499.95 time, 5500.01 real, 684 MB
[runlim] sample:		5509.95 time, 5510.01 real, 684 MB
[runlim] sample:		5519.95 time, 5520.01 real, 684 MB
[runlim] sample:		5529.95 time, 5530.01 real, 684 MB
[runlim] sample:		5539.95 time, 5540.01 real, 684 MB
[runlim] sample:		5549.95 time, 5550.01 real, 684 MB
[runlim] sample:		5559.95 time, 5560.01 real, 684 MB
[runlim] sample:		5569.95 time, 5570.01 real, 684 MB
[runlim] sample:		5579.95 time, 5580.01 real, 684 MB
[runlim] sample:		5589.95 time, 5590.01 real, 684 MB
[runlim] sample:		5599.95 time, 5600.01 real, 684 MB
[runlim] sample:		5609.95 time, 5610.01 real, 684 MB
[runlim] sample:		5619.95 time, 5620.01 real, 684 MB
[runlim] sample:		5629.95 time, 5630.01 real, 684 MB
[runlim] sample:		5639.95 time, 5640.01 real, 684 MB
[runlim] sample:		5649.95 time, 5650.01 real, 684 MB
[runlim] sample:		5659.95 time, 5660.01 real, 684 MB
[runlim] sample:		5669.95 time, 5670.01 real, 684 MB
[runlim] sample:		5679.95 time, 5680.01 real, 684 MB
[runlim] sample:		5689.95 time, 5690.01 real, 684 MB
[runlim] sample:		5699.95 time, 5700.01 real, 684 MB
[runlim] sample:		5709.95 time, 5710.01 real, 684 MB
[runlim] sample:		5719.95 time, 5720.01 real, 684 MB
[runlim] sample:		5729.95 time, 5730.01 real, 684 MB
[runlim] sample:		5739.95 time, 5740.01 real, 684 MB
[runlim] sample:		5749.95 time, 5750.01 real, 684 MB
[runlim] sample:		5759.95 time, 5760.01 real, 684 MB
[runlim] sample:		5769.95 time, 5770.01 real, 684 MB
[runlim] sample:		5779.95 time, 5780.01 real, 684 MB
[runlim] sample:		5789.95 time, 5790.01 real, 684 MB
[runlim] sample:		5799.95 time, 5800.01 real, 684 MB
[runlim] sample:		5809.95 time, 5810.01 real, 684 MB
[runlim] sample:		5819.95 time, 5820.01 real, 684 MB
[runlim] sample:		5829.95 time, 5830.01 real, 684 MB
[runlim] sample:		5839.95 time, 5840.01 real, 684 MB
[runlim] sample:		5849.95 time, 5850.01 real, 684 MB
[runlim] sample:		5859.95 time, 5860.01 real, 684 MB
[runlim] sample:		5869.95 time, 5870.01 real, 684 MB
[runlim] sample:		5879.95 time, 5880.01 real, 684 MB
[runlim] sample:		5889.95 time, 5890.01 real, 684 MB
[runlim] sample:		5899.95 time, 5900.01 real, 684 MB
[runlim] sample:		5909.95 time, 5910.01 real, 684 MB
[runlim] sample:		5919.95 time, 5920.01 real, 685 MB
[runlim] sample:		5929.95 time, 5930.01 real, 685 MB
[runlim] sample:		5939.94 time, 5940.01 real, 687 MB
[runlim] sample:		5949.94 time, 5950.01 real, 687 MB
[runlim] sample:		5959.94 time, 5960.01 real, 688 MB
[runlim] sample:		5969.94 time, 5970.01 real, 688 MB
[runlim] sample:		5979.94 time, 5980.01 real, 688 MB
[runlim] sample:		5989.94 time, 5990.01 real, 688 MB
[runlim] sample:		5999.94 time, 6000.01 real, 688 MB
[runlim] sample:		6009.94 time, 6010.01 real, 688 MB
[runlim] sample:		6019.94 time, 6020.01 real, 688 MB
[runlim] sample:		6029.94 time, 6030.01 real, 688 MB
[runlim] sample:		6039.94 time, 6040.01 real, 688 MB
[runlim] sample:		6049.94 time, 6050.01 real, 688 MB
[runlim] sample:		6059.94 time, 6060.01 real, 688 MB
[runlim] sample:		6069.94 time, 6070.01 real, 688 MB
[runlim] sample:		6079.94 time, 6080.01 real, 688 MB
[runlim] sample:		6089.94 time, 6090.01 real, 688 MB
[runlim] sample:		6099.94 time, 6100.01 real, 688 MB
[runlim] sample:		6109.94 time, 6110.01 real, 688 MB
[runlim] sample:		6119.94 time, 6120.01 real, 688 MB
[runlim] sample:		6129.94 time, 6130.01 real, 688 MB
[runlim] sample:		6139.94 time, 6140.01 real, 688 MB
[runlim] sample:		6149.94 time, 6150.01 real, 688 MB
[runlim] sample:		6159.94 time, 6160.01 real, 688 MB
[runlim] sample:		6169.94 time, 6170.01 real, 688 MB
[runlim] sample:		6179.94 time, 6180.01 real, 688 MB
[runlim] sample:		6189.94 time, 6190.01 real, 688 MB
[runlim] sample:		6199.94 time, 6200.01 real, 688 MB
[runlim] sample:		6209.94 time, 6210.01 real, 688 MB
[runlim] sample:		6219.94 time, 6220.01 real, 688 MB
[runlim] sample:		6229.94 time, 6230.01 real, 688 MB
[runlim] sample:		6239.94 time, 6240.01 real, 688 MB
[runlim] sample:		6249.94 time, 6250.01 real, 688 MB
[runlim] sample:		6259.94 time, 6260.01 real, 688 MB
[runlim] sample:		6269.94 time, 6270.01 real, 688 MB
[runlim] sample:		6279.94 time, 6280.01 real, 688 MB
[runlim] sample:		6289.94 time, 6290.01 real, 688 MB
[runlim] sample:		6299.94 time, 6300.01 real, 688 MB
[runlim] sample:		6309.94 time, 6310.01 real, 689 MB
[runlim] sample:		6319.94 time, 6320.01 real, 689 MB
[runlim] sample:		6329.94 time, 6330.01 real, 689 MB
[runlim] sample:		6339.94 time, 6340.01 real, 691 MB
[runlim] sample:		6349.94 time, 6350.01 real, 691 MB
[runlim] sample:		6359.94 time, 6360.01 real, 691 MB
[runlim] sample:		6369.94 time, 6370.01 real, 692 MB
[runlim] sample:		6379.94 time, 6380.01 real, 692 MB
[runlim] sample:		6389.94 time, 6390.01 real, 692 MB
[runlim] sample:		6399.94 time, 6400.01 real, 693 MB
[runlim] sample:		6409.94 time, 6410.01 real, 693 MB
[runlim] sample:		6419.94 time, 6420.01 real, 693 MB
[runlim] sample:		6429.94 time, 6430.01 real, 693 MB
[runlim] sample:		6439.94 time, 6440.01 real, 693 MB
[runlim] sample:		6449.94 time, 6450.01 real, 693 MB
[runlim] sample:		6459.94 time, 6460.01 real, 693 MB
[runlim] sample:		6469.94 time, 6470.01 real, 693 MB
[runlim] sample:		6479.94 time, 6480.01 real, 693 MB
[runlim] sample:		6489.94 time, 6490.01 real, 693 MB
[runlim] sample:		6499.94 time, 6500.01 real, 693 MB
[runlim] sample:		6509.94 time, 6510.01 real, 693 MB
[runlim] sample:		6519.94 time, 6520.01 real, 693 MB
[runlim] sample:		6529.94 time, 6530.01 real, 693 MB
[runlim] sample:		6539.94 time, 6540.01 real, 693 MB
[runlim] sample:		6549.94 time, 6550.01 real, 693 MB
[runlim] sample:		6559.94 time, 6560.01 real, 693 MB
[runlim] sample:		6569.94 time, 6570.01 real, 693 MB
[runlim] sample:		6579.94 time, 6580.01 real, 693 MB
[runlim] sample:		6589.94 time, 6590.01 real, 693 MB
[runlim] sample:		6599.94 time, 6600.01 real, 693 MB
[runlim] sample:		6609.94 time, 6610.01 real, 693 MB
[runlim] sample:		6619.94 time, 6620.01 real, 693 MB
[runlim] sample:		6629.94 time, 6630.01 real, 693 MB
[runlim] sample:		6639.94 time, 6640.01 real, 693 MB
[runlim] sample:		6649.94 time, 6650.01 real, 693 MB
[runlim] sample:		6659.94 time, 6660.01 real, 693 MB
[runlim] sample:		6669.94 time, 6670.01 real, 693 MB
[runlim] sample:		6679.94 time, 6680.01 real, 693 MB
[runlim] sample:		6689.94 time, 6690.01 real, 693 MB
[runlim] sample:		6699.94 time, 6700.01 real, 693 MB
[runlim] sample:		6709.94 time, 6710.01 real, 693 MB
[runlim] sample:		6719.94 time, 6720.01 real, 693 MB
[runlim] sample:		6729.94 time, 6730.01 real, 693 MB
[runlim] sample:		6739.94 time, 6740.01 real, 693 MB
[runlim] sample:		6749.94 time, 6750.01 real, 693 MB
[runlim] sample:		6759.94 time, 6760.01 real, 693 MB
[runlim] sample:		6769.94 time, 6770.01 real, 693 MB
[runlim] sample:		6779.94 time, 6780.01 real, 693 MB
[runlim] sample:		6789.94 time, 6790.01 real, 693 MB
[runlim] sample:		6799.94 time, 6800.01 real, 693 MB
[runlim] sample:		6809.94 time, 6810.01 real, 693 MB
[runlim] sample:		6819.94 time, 6820.01 real, 693 MB
[runlim] sample:		6829.94 time, 6830.01 real, 693 MB
[runlim] sample:		6839.94 time, 6840.01 real, 693 MB
[runlim] sample:		6849.94 time, 6850.01 real, 693 MB
[runlim] sample:		6859.94 time, 6860.01 real, 693 MB
[runlim] sample:		6869.94 time, 6870.01 real, 693 MB
[runlim] sample:		6879.93 time, 6880.01 real, 693 MB
[runlim] sample:		6889.93 time, 6890.01 real, 693 MB
[runlim] sample:		6899.93 time, 6900.01 real, 693 MB
[runlim] sample:		6909.93 time, 6910.01 real, 693 MB
[runlim] sample:		6919.93 time, 6920.01 real, 693 MB
[runlim] sample:		6929.93 time, 6930.01 real, 693 MB
[runlim] sample:		6939.93 time, 6940.01 real, 693 MB
[runlim] sample:		6949.93 time, 6950.01 real, 693 MB
[runlim] sample:		6959.93 time, 6960.01 real, 693 MB
[runlim] sample:		6969.93 time, 6970.01 real, 693 MB
[runlim] sample:		6979.93 time, 6980.01 real, 693 MB
[runlim] sample:		6989.93 time, 6990.01 real, 693 MB
[runlim] sample:		6999.93 time, 7000.01 real, 693 MB
[runlim] sample:		7009.93 time, 7010.01 real, 693 MB
[runlim] sample:		7019.93 time, 7020.01 real, 693 MB
[runlim] sample:		7029.93 time, 7030.01 real, 693 MB
[runlim] sample:		7039.93 time, 7040.01 real, 693 MB
[runlim] sample:		7049.93 time, 7050.01 real, 693 MB
[runlim] sample:		7059.93 time, 7060.01 real, 693 MB
[runlim] sample:		7069.93 time, 7070.01 real, 695 MB
[runlim] sample:		7079.93 time, 7080.01 real, 696 MB
[runlim] sample:		7089.93 time, 7090.01 real, 696 MB
[runlim] sample:		7099.93 time, 7100.01 real, 696 MB
[runlim] sample:		7109.93 time, 7110.01 real, 696 MB
[runlim] sample:		7119.93 time, 7120.01 real, 718 MB
[runlim] sample:		7129.93 time, 7130.01 real, 718 MB
[runlim] sample:		7139.93 time, 7140.01 real, 718 MB
[runlim] sample:		7149.93 time, 7150.01 real, 718 MB
[runlim] sample:		7159.93 time, 7160.01 real, 718 MB
[runlim] sample:		7169.93 time, 7170.01 real, 718 MB
[runlim] sample:		7179.93 time, 7180.01 real, 718 MB
[runlim] sample:		7189.93 time, 7190.01 real, 718 MB
[runlim] sample:		7199.93 time, 7200.01 real, 718 MB
[runlim] sample:		7209.93 time, 7210.01 real, 718 MB
[runlim] sample:		7219.93 time, 7220.01 real, 718 MB
