[runlim] version:		1.21
[runlim] host:			c3n14
[runlim] time limit:		86400 seconds
[runlim] real time limit:	86400 seconds
[runlim] space limit:		8000 MB
[runlim] argv[0]:		concubine
[runlim] argv[1]:		solve
[runlim] argv[2]:		-v
[runlim] argv[3]:		-s
[runlim] argv[4]:		z3
[runlim] argv[5]:		-e
[runlim] argv[6]:		smtlib-relational
[runlim] argv[7]:		-m
[runlim] argv[8]:		init.mmap
[runlim] argv[9]:		-o
[runlim] argv[10]:		z3-relational
[runlim] argv[11]:		111
[runlim] argv[12]:		count_stat.cas.0.asm
[runlim] argv[13]:		count_stat.cas.1.asm
[runlim] argv[14]:		count_stat.checker.asm
[runlim] start:			Tue Dec  8 13:58:22 2020
[runlim] child:			19754
[runlim] sample:		9.95 time, 10.01 real, 41 MB
[runlim] sample:		19.95 time, 20.01 real, 41 MB
[runlim] sample:		29.95 time, 30.01 real, 41 MB
[runlim] sample:		39.95 time, 40.01 real, 41 MB
[runlim] sample:		49.95 time, 50.01 real, 41 MB
[runlim] sample:		59.95 time, 60.01 real, 41 MB
[runlim] sample:		69.94 time, 70.01 real, 41 MB
[runlim] sample:		79.94 time, 80.01 real, 41 MB
[runlim] sample:		89.94 time, 90.01 real, 41 MB
[runlim] sample:		99.94 time, 100.01 real, 41 MB
[runlim] sample:		109.94 time, 110.01 real, 41 MB
[runlim] sample:		119.94 time, 120.01 real, 41 MB
[runlim] sample:		129.94 time, 130.01 real, 41 MB
[runlim] sample:		139.94 time, 140.01 real, 41 MB
[runlim] sample:		149.94 time, 150.01 real, 94 MB
[runlim] sample:		159.94 time, 160.01 real, 99 MB
[runlim] sample:		169.94 time, 170.01 real, 101 MB
[runlim] sample:		179.94 time, 180.01 real, 102 MB
[runlim] sample:		189.94 time, 190.01 real, 110 MB
[runlim] sample:		199.93 time, 200.01 real, 110 MB
[runlim] sample:		209.93 time, 210.01 real, 111 MB
[runlim] sample:		219.94 time, 220.01 real, 112 MB
[runlim] sample:		229.94 time, 230.01 real, 112 MB
[runlim] sample:		239.94 time, 240.01 real, 117 MB
[runlim] sample:		249.93 time, 250.01 real, 121 MB
[runlim] sample:		259.93 time, 260.01 real, 123 MB
[runlim] sample:		269.93 time, 270.01 real, 123 MB
[runlim] sample:		279.93 time, 280.01 real, 123 MB
[runlim] sample:		289.93 time, 290.01 real, 123 MB
[runlim] sample:		299.93 time, 300.01 real, 123 MB
[runlim] sample:		309.93 time, 310.01 real, 124 MB
[runlim] sample:		319.92 time, 320.01 real, 124 MB
[runlim] sample:		329.92 time, 330.01 real, 124 MB
[runlim] sample:		339.92 time, 340.01 real, 124 MB
[runlim] sample:		349.92 time, 350.01 real, 124 MB
[runlim] sample:		359.92 time, 360.01 real, 125 MB
[runlim] sample:		369.92 time, 370.01 real, 125 MB
[runlim] sample:		379.93 time, 380.01 real, 126 MB
[runlim] sample:		389.92 time, 390.01 real, 126 MB
[runlim] sample:		399.92 time, 400.01 real, 126 MB
[runlim] sample:		409.92 time, 410.01 real, 126 MB
[runlim] sample:		419.92 time, 420.01 real, 127 MB
[runlim] sample:		429.92 time, 430.01 real, 129 MB
[runlim] sample:		439.92 time, 440.01 real, 129 MB
[runlim] sample:		449.92 time, 450.01 real, 129 MB
[runlim] sample:		459.92 time, 460.01 real, 129 MB
[runlim] sample:		469.91 time, 470.01 real, 129 MB
[runlim] sample:		479.91 time, 480.01 real, 129 MB
[runlim] sample:		489.91 time, 490.01 real, 129 MB
[runlim] sample:		499.91 time, 500.01 real, 129 MB
[runlim] sample:		509.91 time, 510.01 real, 130 MB
[runlim] sample:		519.91 time, 520.01 real, 130 MB
[runlim] sample:		529.91 time, 530.01 real, 130 MB
[runlim] sample:		539.91 time, 540.01 real, 130 MB
[runlim] sample:		549.90 time, 550.01 real, 130 MB
[runlim] sample:		559.90 time, 560.01 real, 130 MB
[runlim] sample:		569.90 time, 570.01 real, 131 MB
[runlim] sample:		579.90 time, 580.01 real, 132 MB
[runlim] sample:		589.90 time, 590.01 real, 136 MB
[runlim] sample:		599.90 time, 600.01 real, 136 MB
[runlim] sample:		609.90 time, 610.01 real, 136 MB
[runlim] sample:		619.90 time, 620.01 real, 136 MB
[runlim] sample:		629.90 time, 630.01 real, 136 MB
[runlim] sample:		639.90 time, 640.01 real, 136 MB
[runlim] sample:		649.90 time, 650.01 real, 136 MB
[runlim] sample:		659.90 time, 660.01 real, 136 MB
[runlim] sample:		669.90 time, 670.01 real, 136 MB
[runlim] sample:		679.89 time, 680.01 real, 136 MB
[runlim] sample:		689.89 time, 690.01 real, 136 MB
[runlim] sample:		699.89 time, 700.01 real, 136 MB
[runlim] sample:		709.89 time, 710.01 real, 136 MB
[runlim] sample:		719.89 time, 720.01 real, 136 MB
[runlim] sample:		729.89 time, 730.01 real, 136 MB
[runlim] sample:		739.89 time, 740.01 real, 136 MB
[runlim] sample:		749.89 time, 750.01 real, 136 MB
[runlim] sample:		759.89 time, 760.01 real, 136 MB
[runlim] sample:		769.89 time, 770.01 real, 136 MB
[runlim] sample:		779.89 time, 780.01 real, 136 MB
[runlim] sample:		789.89 time, 790.01 real, 136 MB
[runlim] sample:		799.89 time, 800.01 real, 136 MB
[runlim] sample:		809.88 time, 810.01 real, 136 MB
[runlim] sample:		819.88 time, 820.01 real, 137 MB
[runlim] sample:		829.88 time, 830.01 real, 137 MB
[runlim] sample:		839.88 time, 840.01 real, 137 MB
[runlim] sample:		849.88 time, 850.01 real, 138 MB
[runlim] sample:		859.88 time, 860.01 real, 145 MB
[runlim] sample:		869.88 time, 870.01 real, 145 MB
[runlim] sample:		879.88 time, 880.01 real, 145 MB
[runlim] sample:		889.88 time, 890.01 real, 145 MB
[runlim] sample:		899.88 time, 900.01 real, 145 MB
[runlim] sample:		909.88 time, 910.01 real, 145 MB
[runlim] sample:		919.88 time, 920.01 real, 145 MB
[runlim] sample:		929.88 time, 930.01 real, 145 MB
[runlim] sample:		939.87 time, 940.01 real, 145 MB
[runlim] sample:		949.87 time, 950.01 real, 145 MB
[runlim] sample:		959.87 time, 960.01 real, 145 MB
[runlim] sample:		969.87 time, 970.01 real, 145 MB
[runlim] sample:		979.87 time, 980.01 real, 145 MB
[runlim] sample:		989.87 time, 990.01 real, 145 MB
[runlim] sample:		999.87 time, 1000.01 real, 145 MB
[runlim] sample:		1009.87 time, 1010.01 real, 145 MB
[runlim] sample:		1019.87 time, 1020.01 real, 145 MB
[runlim] sample:		1029.87 time, 1030.01 real, 145 MB
[runlim] sample:		1039.87 time, 1040.01 real, 145 MB
[runlim] sample:		1049.87 time, 1050.01 real, 145 MB
[runlim] sample:		1059.87 time, 1060.01 real, 145 MB
[runlim] sample:		1069.86 time, 1070.01 real, 145 MB
[runlim] sample:		1079.86 time, 1080.01 real, 145 MB
[runlim] sample:		1089.86 time, 1090.01 real, 146 MB
[runlim] sample:		1099.86 time, 1100.01 real, 147 MB
[runlim] sample:		1109.86 time, 1110.01 real, 147 MB
[runlim] sample:		1119.86 time, 1120.01 real, 147 MB
[runlim] sample:		1129.86 time, 1130.01 real, 147 MB
[runlim] sample:		1139.86 time, 1140.01 real, 147 MB
[runlim] sample:		1149.86 time, 1150.01 real, 147 MB
[runlim] sample:		1159.86 time, 1160.01 real, 147 MB
[runlim] sample:		1169.86 time, 1170.01 real, 147 MB
[runlim] sample:		1179.86 time, 1180.01 real, 147 MB
[runlim] sample:		1189.86 time, 1190.01 real, 147 MB
[runlim] sample:		1199.85 time, 1200.01 real, 147 MB
[runlim] sample:		1209.85 time, 1210.01 real, 148 MB
[runlim] sample:		1219.85 time, 1220.01 real, 149 MB
[runlim] sample:		1229.85 time, 1230.01 real, 150 MB
[runlim] sample:		1239.85 time, 1240.01 real, 150 MB
[runlim] sample:		1249.85 time, 1250.01 real, 150 MB
[runlim] sample:		1259.85 time, 1260.01 real, 150 MB
[runlim] sample:		1269.85 time, 1270.01 real, 150 MB
[runlim] sample:		1279.85 time, 1280.01 real, 150 MB
[runlim] sample:		1289.85 time, 1290.01 real, 150 MB
[runlim] sample:		1299.85 time, 1300.01 real, 150 MB
[runlim] sample:		1309.85 time, 1310.01 real, 150 MB
[runlim] sample:		1319.85 time, 1320.01 real, 150 MB
[runlim] sample:		1329.84 time, 1330.01 real, 150 MB
[runlim] sample:		1339.84 time, 1340.01 real, 150 MB
[runlim] sample:		1349.84 time, 1350.01 real, 150 MB
[runlim] sample:		1359.84 time, 1360.01 real, 150 MB
[runlim] sample:		1369.84 time, 1370.01 real, 150 MB
[runlim] sample:		1379.84 time, 1380.01 real, 150 MB
[runlim] sample:		1389.84 time, 1390.01 real, 150 MB
[runlim] sample:		1399.84 time, 1400.01 real, 150 MB
[runlim] sample:		1409.84 time, 1410.01 real, 150 MB
[runlim] sample:		1419.84 time, 1420.01 real, 150 MB
[runlim] sample:		1429.84 time, 1430.01 real, 150 MB
[runlim] sample:		1439.84 time, 1440.01 real, 150 MB
[runlim] sample:		1449.84 time, 1450.01 real, 150 MB
[runlim] sample:		1459.83 time, 1460.01 real, 150 MB
[runlim] sample:		1469.83 time, 1470.01 real, 150 MB
[runlim] sample:		1479.83 time, 1480.01 real, 150 MB
[runlim] sample:		1489.83 time, 1490.01 real, 150 MB
[runlim] sample:		1499.83 time, 1500.01 real, 150 MB
[runlim] sample:		1509.83 time, 1510.01 real, 150 MB
[runlim] sample:		1519.83 time, 1520.01 real, 150 MB
[runlim] sample:		1529.83 time, 1530.01 real, 151 MB
