count_stat.buggy.0.asm
count_stat.buggy.1.asm
count_stat.buggy.2.asm
count_stat.checker.asm
. boolector-functional.mmap
# tid	pc	cmd	arg	accu	mem	adr	val	full	heap
1	inc	LOAD	0	0	0	0	0	0	{}	# 0
1	1	ADDI	1	0	0	0	0	0	{}	# 1
1	2	STORE	0	1	0	0	0	0	{}	# 2
1	3	FLUSH	-	1	0	0	1	1	{}	# 3
2	inc	LOAD	0	0	0	0	0	0	{(0,1)}	# 4
0	inc	LOAD	0	0	0	0	0	0	{}	# 5
0	1	ADDI	1	1	0	0	0	0	{}	# 6
3	0	CHECK	0	0	0	0	0	0	{}	# 7
0	2	STORE	0	2	0	0	0	0	{}	# 8
0	3	FLUSH	-	2	0	0	2	1	{}	# 9
0	3	LOAD	10	2	0	0	2	0	{(0,2)}	# 10
0	4	SUBI	1	3	0	0	2	0	{}	# 11
2	1	ADDI	1	1	0	0	0	0	{}	# 12
0	5	STORE	10	2	0	0	2	0	{}	# 13
2	2	STORE	0	2	0	0	0	0	{}	# 14
2	3	FLUSH	-	2	0	0	2	1	{}	# 15
2	3	LOAD	12	2	0	0	2	0	{(0,2)}	# 16
2	4	SUBI	1	3	0	0	2	0	{}	# 17
2	5	STORE	12	2	0	0	2	0	{}	# 18
0	6	FLUSH	-	2	0	10	2	1	{}	# 19
2	6	FLUSH	-	2	0	12	2	1	{(10,2)}	# 20
2	6	JNZ	inc	2	0	12	2	0	{(12,2)}	# 21
0	6	JNZ	inc	2	0	10	2	0	{}	# 22
0	inc	LOAD	0	2	0	10	2	0	{}	# 23
2	inc	LOAD	0	2	0	12	2	0	{}	# 24
1	3	LOAD	11	1	0	0	1	0	{}	# 25
0	1	ADDI	1	2	0	10	2	0	{}	# 26
0	2	STORE	0	3	0	10	2	0	{}	# 27
1	4	SUBI	1	3	0	0	1	0	{}	# 28
0	3	LOAD	10	3	0	0	3	1	{}	# 29
2	1	ADDI	1	2	0	12	2	0	{}	# 30
2	2	STORE	0	3	0	12	2	0	{}	# 31
0	4	SUBI	1	2	0	0	3	1	{}	# 32
2	3	LOAD	12	3	0	0	3	1	{}	# 33
2	4	SUBI	1	2	0	0	3	1	{}	# 34
1	5	STORE	11	2	0	0	1	0	{}	# 35
1	6	FLUSH	-	2	0	11	2	1	{}	# 36
2	5	FLUSH	-	1	0	0	3	1	{(11,2)}	# 37
1	6	JNZ	inc	2	0	11	2	0	{(0,3)}	# 38
1	inc	LOAD	0	2	0	11	2	0	{}	# 39
1	1	ADDI	1	3	0	11	2	0	{}	# 40
2	5	STORE	12	1	0	0	3	0	{}	# 41
2	6	JNZ	inc	1	0	12	1	1	{}	# 42
2	inc	FLUSH	-	1	0	12	1	1	{}	# 43
2	inc	LOAD	0	1	0	12	1	0	{(12,1)}	# 44
2	1	ADDI	1	3	0	12	1	0	{}	# 45
2	2	STORE	0	4	0	12	1	0	{}	# 46
0	5	FLUSH	-	1	0	0	3	1	{}	# 47
2	3	FLUSH	-	4	0	0	4	1	{(0,3)}	# 48
2	3	LOAD	12	4	0	0	4	0	{(0,4)}	# 49
0	5	STORE	10	1	0	0	3	0	{}	# 50
2	4	SUBI	1	1	0	0	4	0	{}	# 51
1	2	STORE	0	4	0	11	2	0	{}	# 52
2	5	STORE	12	0	0	0	4	0	{}	# 53
1	3	LOAD	11	4	0	0	4	1	{}	# 54
1	4	FLUSH	-	2	0	0	4	1	{}	# 55
1	4	SUBI	1	2	0	0	4	0	{(0,4)}	# 56
0	6	FLUSH	-	1	0	10	1	1	{}	# 57
1	5	STORE	11	1	0	0	4	0	{(10,1)}	# 58
0	6	JNZ	inc	1	0	10	1	0	{}	# 59
2	6	JNZ	inc	0	0	12	0	1	{}	# 60
1	6	JNZ	inc	1	0	11	1	1	{}	# 61
0	inc	LOAD	0	1	0	10	1	0	{}	# 62
2	7	CHECK	0	0	0	12	0	1	{}	# 63
2	8	FLUSH	-	0	0	12	0	1	{}	# 64
0	1	ADDI	1	4	0	10	1	0	{(12,0)}	# 65
0	2	STORE	0	5	0	10	1	0	{}	# 66
0	3	LOAD	10	5	0	0	5	1	{}	# 67
1	inc	FLUSH	-	1	0	11	1	1	{}	# 68
0	4	SUBI	1	1	0	0	5	1	{(11,1)}	# 69
0	5	FLUSH	-	0	0	0	5	1	{}	# 70
0	5	STORE	10	0	0	0	5	0	{(0,5)}	# 71
0	6	JNZ	inc	0	0	10	0	1	{}	# 72
0	7	CHECK	0	0	0	10	0	1	{}	# 73
1	inc	LOAD	0	1	0	11	1	0	{}	# 74
0	8	FLUSH	-	0	0	10	0	1	{}	# 75
1	1	ADDI	1	5	0	11	1	0	{(10,0)}	# 76
1	2	STORE	0	6	0	11	1	0	{}	# 77
1	3	FLUSH	-	6	0	0	6	1	{}	# 78
1	3	LOAD	11	6	0	0	6	0	{(0,6)}	# 79
1	4	SUBI	1	1	0	0	6	0	{}	# 80
1	5	STORE	11	0	0	0	6	0	{}	# 81
1	6	FLUSH	-	0	0	11	0	1	{}	# 82
1	6	JNZ	inc	0	0	11	0	0	{(11,0)}	# 83
1	7	CHECK	0	0	0	11	0	0	{}	# 84
0	8	HALT	-	0	0	10	0	0	{}	# 85
3	1	ADDI	9	0	0	0	0	0	{}	# 86
2	8	HALT	-	0	0	12	0	0	{}	# 87
3	2	CMP	0	9	0	0	0	0	{}	# 88
1	8	HALT	-	0	0	11	0	0	{}	# 89
3	3	JNZ	error	3	0	0	0	0	{}	# 90
3	error	EXIT	1	3	0	0	0	0	{}	# 91
