[runlim] version:		1.21
[runlim] host:			c3n12
[runlim] time limit:		86400 seconds
[runlim] real time limit:	86400 seconds
[runlim] space limit:		8000 MB
[runlim] argv[0]:		concubine
[runlim] argv[1]:		solve
[runlim] argv[2]:		-v
[runlim] argv[3]:		-s
[runlim] argv[4]:		boolector
[runlim] argv[5]:		-e
[runlim] argv[6]:		smtlib-relational
[runlim] argv[7]:		-m
[runlim] argv[8]:		init.mmap
[runlim] argv[9]:		-o
[runlim] argv[10]:		boolector-relational
[runlim] argv[11]:		92
[runlim] argv[12]:		count_stat.buggy.0.asm
[runlim] argv[13]:		count_stat.buggy.1.asm
[runlim] argv[14]:		count_stat.buggy.2.asm
[runlim] argv[15]:		count_stat.checker.asm
[runlim] start:			Tue Dec  1 16:38:17 2020
[runlim] child:			7002
[runlim] sample:		0.18 time, 10.01 real, 8 MB
[runlim] sample:		0.18 time, 20.01 real, 8 MB
[runlim] sample:		0.18 time, 30.01 real, 8 MB
[runlim] sample:		0.18 time, 40.01 real, 8 MB
[runlim] sample:		0.18 time, 50.01 real, 8 MB
[runlim] sample:		0.18 time, 60.01 real, 8 MB
[runlim] sample:		0.18 time, 70.01 real, 8 MB
[runlim] sample:		0.18 time, 80.01 real, 8 MB
[runlim] sample:		0.18 time, 90.01 real, 8 MB
[runlim] sample:		0.18 time, 100.01 real, 8 MB
[runlim] sample:		0.18 time, 110.01 real, 8 MB
[runlim] sample:		0.18 time, 120.01 real, 8 MB
[runlim] sample:		0.18 time, 130.01 real, 8 MB
[runlim] sample:		0.18 time, 140.01 real, 8 MB
[runlim] sample:		0.18 time, 150.01 real, 8 MB
[runlim] sample:		0.18 time, 160.01 real, 8 MB
[runlim] sample:		0.18 time, 170.01 real, 8 MB
[runlim] sample:		0.18 time, 180.01 real, 8 MB
[runlim] sample:		0.18 time, 190.01 real, 8 MB
[runlim] sample:		0.18 time, 200.01 real, 8 MB
[runlim] sample:		0.18 time, 210.01 real, 8 MB
[runlim] sample:		0.18 time, 220.01 real, 8 MB
[runlim] sample:		0.18 time, 230.01 real, 8 MB
[runlim] sample:		0.18 time, 240.01 real, 8 MB
[runlim] sample:		0.18 time, 250.01 real, 8 MB
[runlim] sample:		0.18 time, 260.01 real, 8 MB
[runlim] sample:		0.18 time, 270.01 real, 8 MB
[runlim] sample:		0.18 time, 280.01 real, 8 MB
[runlim] sample:		0.18 time, 290.01 real, 8 MB
[runlim] sample:		0.18 time, 300.01 real, 8 MB
[runlim] sample:		0.18 time, 310.01 real, 8 MB
[runlim] sample:		0.18 time, 320.01 real, 8 MB
[runlim] sample:		0.18 time, 330.01 real, 8 MB
[runlim] sample:		0.18 time, 340.01 real, 8 MB
[runlim] sample:		0.18 time, 350.01 real, 8 MB
[runlim] sample:		0.18 time, 360.01 real, 8 MB
[runlim] sample:		0.18 time, 370.01 real, 8 MB
[runlim] sample:		0.18 time, 380.01 real, 8 MB
[runlim] sample:		0.18 time, 390.01 real, 8 MB
[runlim] sample:		0.18 time, 400.01 real, 8 MB
[runlim] sample:		0.18 time, 410.01 real, 8 MB
[runlim] sample:		0.18 time, 420.01 real, 8 MB
[runlim] sample:		0.18 time, 430.01 real, 8 MB
[runlim] sample:		0.18 time, 440.01 real, 8 MB
[runlim] sample:		0.18 time, 450.01 real, 8 MB
[runlim] sample:		0.18 time, 460.01 real, 8 MB
[runlim] sample:		0.18 time, 470.01 real, 8 MB
[runlim] sample:		0.18 time, 480.01 real, 8 MB
[runlim] sample:		0.18 time, 490.01 real, 8 MB
[runlim] sample:		0.18 time, 500.01 real, 8 MB
[runlim] sample:		0.18 time, 510.01 real, 8 MB
[runlim] sample:		0.18 time, 520.01 real, 8 MB
[runlim] sample:		0.18 time, 530.01 real, 8 MB
[runlim] sample:		0.18 time, 540.01 real, 8 MB
[runlim] sample:		0.18 time, 550.01 real, 8 MB
[runlim] sample:		0.18 time, 560.01 real, 8 MB
[runlim] sample:		0.18 time, 570.01 real, 8 MB
[runlim] sample:		0.18 time, 580.01 real, 8 MB
[runlim] sample:		0.19 time, 590.01 real, 8 MB
[runlim] sample:		0.19 time, 600.01 real, 8 MB
[runlim] sample:		0.19 time, 610.01 real, 8 MB
[runlim] sample:		0.19 time, 620.01 real, 8 MB
[runlim] sample:		0.19 time, 630.01 real, 8 MB
[runlim] sample:		0.19 time, 640.01 real, 8 MB
[runlim] sample:		0.19 time, 650.01 real, 8 MB
[runlim] sample:		0.19 time, 660.01 real, 8 MB
[runlim] sample:		0.19 time, 670.01 real, 8 MB
[runlim] sample:		0.19 time, 680.01 real, 8 MB
[runlim] sample:		0.19 time, 690.01 real, 8 MB
[runlim] sample:		0.19 time, 700.01 real, 8 MB
[runlim] sample:		0.19 time, 710.01 real, 8 MB
[runlim] sample:		0.19 time, 720.01 real, 8 MB
[runlim] sample:		0.19 time, 730.01 real, 8 MB
[runlim] sample:		0.19 time, 740.01 real, 8 MB
[runlim] sample:		0.19 time, 750.01 real, 8 MB
[runlim] sample:		0.19 time, 760.01 real, 8 MB
[runlim] sample:		0.19 time, 770.01 real, 8 MB
[runlim] sample:		0.19 time, 780.01 real, 8 MB
[runlim] sample:		0.19 time, 790.01 real, 8 MB
[runlim] sample:		0.19 time, 800.01 real, 8 MB
[runlim] sample:		0.19 time, 810.01 real, 8 MB
[runlim] sample:		0.19 time, 820.01 real, 8 MB
[runlim] sample:		0.19 time, 830.01 real, 8 MB
[runlim] sample:		0.19 time, 840.01 real, 8 MB
[runlim] sample:		0.19 time, 850.01 real, 8 MB
[runlim] sample:		0.19 time, 860.01 real, 8 MB
[runlim] sample:		0.19 time, 870.01 real, 8 MB
[runlim] sample:		0.19 time, 880.01 real, 8 MB
[runlim] sample:		0.19 time, 890.01 real, 8 MB
[runlim] sample:		0.19 time, 900.01 real, 8 MB
[runlim] sample:		0.19 time, 910.01 real, 8 MB
[runlim] sample:		0.19 time, 920.01 real, 8 MB
[runlim] sample:		0.19 time, 930.01 real, 8 MB
[runlim] sample:		0.19 time, 940.01 real, 8 MB
[runlim] sample:		0.19 time, 950.01 real, 8 MB
[runlim] sample:		0.19 time, 960.01 real, 8 MB
[runlim] sample:		0.19 time, 970.01 real, 8 MB
[runlim] sample:		0.19 time, 980.01 real, 8 MB
[runlim] sample:		0.19 time, 990.01 real, 8 MB
[runlim] sample:		0.19 time, 1000.01 real, 8 MB
[runlim] sample:		0.19 time, 1010.01 real, 8 MB
[runlim] sample:		0.19 time, 1020.01 real, 8 MB
[runlim] sample:		0.19 time, 1030.01 real, 8 MB
[runlim] sample:		0.19 time, 1040.01 real, 8 MB
[runlim] sample:		0.19 time, 1050.01 real, 8 MB
[runlim] sample:		0.19 time, 1060.01 real, 8 MB
[runlim] sample:		0.19 time, 1070.01 real, 8 MB
[runlim] sample:		0.19 time, 1080.01 real, 8 MB
[runlim] sample:		0.19 time, 1090.01 real, 8 MB
[runlim] sample:		0.19 time, 1100.01 real, 8 MB
[runlim] sample:		0.19 time, 1110.01 real, 8 MB
[runlim] sample:		0.19 time, 1120.01 real, 8 MB
[runlim] sample:		0.19 time, 1130.01 real, 8 MB
[runlim] sample:		0.19 time, 1140.01 real, 8 MB
[runlim] sample:		0.19 time, 1150.01 real, 8 MB
[runlim] sample:		0.19 time, 1160.01 real, 8 MB
[runlim] sample:		0.19 time, 1170.01 real, 8 MB
[runlim] sample:		0.19 time, 1180.01 real, 8 MB
[runlim] sample:		0.19 time, 1190.01 real, 8 MB
[runlim] sample:		0.19 time, 1200.01 real, 8 MB
[runlim] sample:		0.19 time, 1210.01 real, 8 MB
[runlim] sample:		0.19 time, 1220.01 real, 8 MB
[runlim] sample:		0.19 time, 1230.01 real, 8 MB
