[runlim] version:		1.21
[runlim] host:			c3n25
[runlim] time limit:		86400 seconds
[runlim] real time limit:	86400 seconds
[runlim] space limit:		8000 MB
[runlim] argv[0]:		concubine
[runlim] argv[1]:		solve
[runlim] argv[2]:		-v
[runlim] argv[3]:		-s
[runlim] argv[4]:		cvc4
[runlim] argv[5]:		-e
[runlim] argv[6]:		smtlib
[runlim] argv[7]:		-m
[runlim] argv[8]:		init.mmap
[runlim] argv[9]:		-o
[runlim] argv[10]:		cvc4-functional
[runlim] argv[11]:		92
[runlim] argv[12]:		count_stat.buggy.0.asm
[runlim] argv[13]:		count_stat.buggy.1.asm
[runlim] argv[14]:		count_stat.buggy.2.asm
[runlim] argv[15]:		count_stat.checker.asm
[runlim] start:			Tue Dec  8 20:17:54 2020
[runlim] child:			21306
error: init.mmap:2: illegal address [
[runlim] end:			Tue Dec  8 20:17:57 2020
[runlim] status:		ok
[runlim] result:		0
[runlim] children:		1
[runlim] real:			2.92 seconds
[runlim] time:			0.00 seconds
[runlim] space:			0 MB
[runlim] samples:		29
[count_stat/run.sh] error: expected test to be sat
