[runlim] version:		1.21
[runlim] host:			c3n11
[runlim] time limit:		86400 seconds
[runlim] real time limit:	86400 seconds
[runlim] space limit:		8000 MB
[runlim] argv[0]:		concubine
[runlim] argv[1]:		solve
[runlim] argv[2]:		-v
[runlim] argv[3]:		-s
[runlim] argv[4]:		z3
[runlim] argv[5]:		-e
[runlim] argv[6]:		smtlib
[runlim] argv[7]:		-m
[runlim] argv[8]:		init.mmap
[runlim] argv[9]:		-o
[runlim] argv[10]:		z3-functional
[runlim] argv[11]:		92
[runlim] argv[12]:		count_stat.buggy.0.asm
[runlim] argv[13]:		count_stat.buggy.1.asm
[runlim] argv[14]:		count_stat.buggy.2.asm
[runlim] argv[15]:		count_stat.checker.asm
[runlim] start:			Tue Dec  8 13:58:18 2020
[runlim] child:			18298
[runlim] sample:		9.39 time, 10.01 real, 151 MB
[runlim] sample:		19.39 time, 20.01 real, 339 MB
[runlim] sample:		29.39 time, 30.01 real, 427 MB
[runlim] sample:		39.39 time, 40.01 real, 429 MB
[runlim] sample:		49.39 time, 50.01 real, 430 MB
[runlim] sample:		59.39 time, 60.01 real, 432 MB
[runlim] sample:		69.39 time, 70.01 real, 437 MB
[runlim] sample:		79.39 time, 80.01 real, 470 MB
[runlim] sample:		89.39 time, 90.01 real, 471 MB
[runlim] sample:		99.39 time, 100.01 real, 471 MB
[runlim] sample:		109.39 time, 110.01 real, 482 MB
[runlim] sample:		119.39 time, 120.01 real, 482 MB
[runlim] sample:		129.39 time, 130.01 real, 482 MB
[runlim] sample:		139.39 time, 140.01 real, 482 MB
[runlim] sample:		149.39 time, 150.01 real, 482 MB
[runlim] sample:		159.39 time, 160.01 real, 482 MB
[runlim] sample:		169.39 time, 170.01 real, 482 MB
[runlim] sample:		179.39 time, 180.01 real, 483 MB
[runlim] sample:		189.39 time, 190.01 real, 483 MB
[runlim] sample:		199.39 time, 200.01 real, 485 MB
[runlim] sample:		209.39 time, 210.01 real, 485 MB
[runlim] sample:		219.39 time, 220.01 real, 486 MB
[runlim] sample:		229.39 time, 230.01 real, 487 MB
[runlim] sample:		239.39 time, 240.01 real, 487 MB
[runlim] sample:		249.39 time, 250.01 real, 487 MB
[runlim] sample:		259.39 time, 260.01 real, 488 MB
[runlim] sample:		269.39 time, 270.01 real, 488 MB
[runlim] sample:		279.39 time, 280.01 real, 488 MB
[runlim] sample:		289.39 time, 290.01 real, 489 MB
[runlim] sample:		299.39 time, 300.01 real, 489 MB
[runlim] sample:		309.39 time, 310.01 real, 489 MB
[runlim] sample:		319.39 time, 320.01 real, 489 MB
[runlim] sample:		329.39 time, 330.01 real, 489 MB
[runlim] sample:		339.39 time, 340.01 real, 491 MB
[runlim] sample:		349.39 time, 350.01 real, 491 MB
[runlim] sample:		359.39 time, 360.01 real, 491 MB
[runlim] sample:		369.39 time, 370.01 real, 492 MB
[runlim] sample:		379.39 time, 380.01 real, 492 MB
[runlim] sample:		389.39 time, 390.01 real, 492 MB
[runlim] sample:		399.39 time, 400.01 real, 492 MB
[runlim] sample:		409.39 time, 410.01 real, 492 MB
[runlim] sample:		419.39 time, 420.01 real, 492 MB
[runlim] sample:		429.39 time, 430.01 real, 492 MB
[runlim] sample:		439.39 time, 440.01 real, 494 MB
[runlim] sample:		449.39 time, 450.01 real, 494 MB
[runlim] sample:		459.39 time, 460.01 real, 494 MB
[runlim] sample:		469.39 time, 470.01 real, 494 MB
[runlim] sample:		479.39 time, 480.01 real, 494 MB
[runlim] sample:		489.39 time, 490.01 real, 494 MB
[runlim] sample:		499.39 time, 500.01 real, 495 MB
[runlim] sample:		509.39 time, 510.01 real, 495 MB
[runlim] sample:		519.39 time, 520.01 real, 495 MB
[runlim] sample:		529.39 time, 530.01 real, 495 MB
[runlim] sample:		539.39 time, 540.01 real, 495 MB
[runlim] sample:		549.39 time, 550.01 real, 496 MB
[runlim] sample:		559.39 time, 560.01 real, 496 MB
[runlim] sample:		569.39 time, 570.01 real, 496 MB
[runlim] sample:		579.39 time, 580.01 real, 496 MB
[runlim] sample:		589.39 time, 590.01 real, 496 MB
[runlim] sample:		599.39 time, 600.01 real, 497 MB
[runlim] sample:		609.39 time, 610.01 real, 497 MB
[runlim] sample:		619.39 time, 620.01 real, 497 MB
[runlim] sample:		629.39 time, 630.01 real, 498 MB
[runlim] sample:		639.39 time, 640.01 real, 498 MB
[runlim] sample:		649.39 time, 650.01 real, 498 MB
[runlim] sample:		659.39 time, 660.01 real, 499 MB
[runlim] sample:		669.39 time, 670.01 real, 499 MB
[runlim] sample:		679.39 time, 680.01 real, 499 MB
[runlim] sample:		689.39 time, 690.01 real, 499 MB
[runlim] sample:		699.39 time, 700.01 real, 501 MB
[runlim] sample:		709.39 time, 710.01 real, 501 MB
[runlim] sample:		719.39 time, 720.01 real, 502 MB
[runlim] sample:		729.39 time, 730.01 real, 502 MB
[runlim] sample:		739.39 time, 740.01 real, 502 MB
[runlim] sample:		749.39 time, 750.01 real, 503 MB
[runlim] sample:		759.39 time, 760.01 real, 503 MB
[runlim] sample:		769.39 time, 770.01 real, 503 MB
[runlim] sample:		779.39 time, 780.01 real, 503 MB
[runlim] sample:		789.39 time, 790.01 real, 503 MB
[runlim] sample:		799.39 time, 800.01 real, 503 MB
[runlim] sample:		809.39 time, 810.01 real, 503 MB
[runlim] sample:		819.39 time, 820.01 real, 503 MB
[runlim] sample:		829.39 time, 830.01 real, 503 MB
[runlim] sample:		839.39 time, 840.01 real, 503 MB
[runlim] sample:		849.39 time, 850.01 real, 503 MB
[runlim] sample:		859.39 time, 860.01 real, 503 MB
[runlim] sample:		869.39 time, 870.01 real, 503 MB
[runlim] sample:		879.39 time, 880.01 real, 503 MB
[runlim] sample:		889.39 time, 890.01 real, 503 MB
[runlim] sample:		899.39 time, 900.01 real, 503 MB
[runlim] sample:		909.39 time, 910.01 real, 503 MB
[runlim] sample:		919.39 time, 920.01 real, 503 MB
[runlim] sample:		929.39 time, 930.01 real, 503 MB
[runlim] sample:		939.39 time, 940.01 real, 503 MB
[runlim] sample:		949.39 time, 950.01 real, 503 MB
[runlim] sample:		959.39 time, 960.01 real, 503 MB
[runlim] sample:		969.40 time, 970.01 real, 506 MB
[runlim] sample:		979.40 time, 980.01 real, 506 MB
[runlim] sample:		989.40 time, 990.01 real, 506 MB
[runlim] sample:		999.40 time, 1000.01 real, 506 MB
[runlim] sample:		1009.40 time, 1010.01 real, 506 MB
[runlim] sample:		1019.40 time, 1020.01 real, 507 MB
[runlim] sample:		1029.40 time, 1030.01 real, 507 MB
[runlim] sample:		1039.40 time, 1040.01 real, 507 MB
[runlim] sample:		1049.40 time, 1050.01 real, 507 MB
[runlim] sample:		1059.40 time, 1060.01 real, 507 MB
[runlim] sample:		1069.40 time, 1070.01 real, 507 MB
[runlim] sample:		1079.40 time, 1080.01 real, 507 MB
[runlim] sample:		1089.40 time, 1090.01 real, 507 MB
[runlim] sample:		1099.40 time, 1100.01 real, 507 MB
[runlim] sample:		1109.40 time, 1110.01 real, 508 MB
[runlim] sample:		1119.40 time, 1120.01 real, 508 MB
[runlim] sample:		1129.40 time, 1130.01 real, 508 MB
[runlim] sample:		1139.40 time, 1140.01 real, 508 MB
[runlim] sample:		1149.40 time, 1150.01 real, 508 MB
[runlim] sample:		1159.40 time, 1160.01 real, 509 MB
[runlim] sample:		1169.39 time, 1170.01 real, 521 MB
[runlim] sample:		1179.39 time, 1180.01 real, 521 MB
[runlim] sample:		1189.39 time, 1190.01 real, 521 MB
[runlim] sample:		1199.39 time, 1200.01 real, 521 MB
[runlim] sample:		1209.39 time, 1210.01 real, 521 MB
[runlim] sample:		1219.39 time, 1220.01 real, 521 MB
[runlim] sample:		1229.39 time, 1230.01 real, 521 MB
[runlim] sample:		1239.39 time, 1240.01 real, 521 MB
[runlim] sample:		1249.39 time, 1250.01 real, 521 MB
[runlim] sample:		1259.39 time, 1260.01 real, 521 MB
[runlim] sample:		1269.39 time, 1270.01 real, 521 MB
[runlim] sample:		1279.39 time, 1280.01 real, 521 MB
[runlim] sample:		1289.39 time, 1290.01 real, 521 MB
[runlim] sample:		1299.39 time, 1300.01 real, 521 MB
[runlim] sample:		1309.39 time, 1310.01 real, 521 MB
[runlim] sample:		1319.39 time, 1320.01 real, 521 MB
[runlim] sample:		1329.39 time, 1330.01 real, 521 MB
[runlim] sample:		1339.39 time, 1340.01 real, 521 MB
[runlim] sample:		1349.39 time, 1350.01 real, 521 MB
[runlim] sample:		1359.39 time, 1360.01 real, 521 MB
[runlim] sample:		1369.39 time, 1370.01 real, 521 MB
[runlim] sample:		1379.39 time, 1380.01 real, 521 MB
[runlim] sample:		1389.39 time, 1390.01 real, 521 MB
[runlim] sample:		1399.39 time, 1400.01 real, 521 MB
[runlim] sample:		1409.39 time, 1410.01 real, 521 MB
[runlim] sample:		1419.39 time, 1420.01 real, 521 MB
[runlim] sample:		1429.39 time, 1430.01 real, 521 MB
[runlim] sample:		1439.39 time, 1440.01 real, 521 MB
[runlim] sample:		1449.39 time, 1450.01 real, 521 MB
[runlim] sample:		1459.39 time, 1460.01 real, 521 MB
[runlim] sample:		1469.39 time, 1470.01 real, 521 MB
[runlim] sample:		1479.39 time, 1480.01 real, 521 MB
[runlim] sample:		1489.39 time, 1490.01 real, 521 MB
[runlim] sample:		1499.39 time, 1500.01 real, 521 MB
[runlim] sample:		1509.39 time, 1510.01 real, 521 MB
[runlim] sample:		1519.39 time, 1520.01 real, 521 MB
[runlim] sample:		1529.39 time, 1530.01 real, 526 MB
[runlim] sample:		1539.39 time, 1540.01 real, 526 MB
[runlim] sample:		1549.39 time, 1550.01 real, 526 MB
[runlim] sample:		1559.39 time, 1560.01 real, 526 MB
[runlim] sample:		1569.39 time, 1570.01 real, 526 MB
[runlim] sample:		1579.39 time, 1580.01 real, 526 MB
[runlim] sample:		1589.39 time, 1590.01 real, 526 MB
[runlim] sample:		1599.39 time, 1600.01 real, 526 MB
[runlim] sample:		1609.39 time, 1610.01 real, 526 MB
[runlim] sample:		1619.39 time, 1620.01 real, 526 MB
[runlim] sample:		1629.40 time, 1630.01 real, 526 MB
[runlim] sample:		1639.40 time, 1640.01 real, 526 MB
[runlim] sample:		1649.40 time, 1650.01 real, 526 MB
[runlim] sample:		1659.40 time, 1660.01 real, 526 MB
[runlim] sample:		1669.40 time, 1670.01 real, 526 MB
[runlim] sample:		1679.40 time, 1680.01 real, 526 MB
[runlim] sample:		1689.40 time, 1690.01 real, 526 MB
[runlim] sample:		1699.40 time, 1700.01 real, 526 MB
[runlim] sample:		1709.40 time, 1710.01 real, 526 MB
[runlim] sample:		1719.40 time, 1720.01 real, 526 MB
[runlim] sample:		1729.39 time, 1730.01 real, 526 MB
[runlim] sample:		1739.39 time, 1740.01 real, 526 MB
[runlim] sample:		1749.39 time, 1750.01 real, 526 MB
[runlim] sample:		1759.39 time, 1760.01 real, 526 MB
[runlim] sample:		1769.39 time, 1770.01 real, 526 MB
[runlim] sample:		1779.39 time, 1780.01 real, 526 MB
[runlim] sample:		1789.39 time, 1790.01 real, 526 MB
[runlim] sample:		1799.39 time, 1800.01 real, 526 MB
[runlim] sample:		1809.39 time, 1810.01 real, 526 MB
[runlim] sample:		1819.39 time, 1820.01 real, 526 MB
[runlim] sample:		1829.39 time, 1830.01 real, 526 MB
[runlim] sample:		1839.39 time, 1840.01 real, 526 MB
[runlim] sample:		1849.39 time, 1850.01 real, 526 MB
[runlim] sample:		1859.39 time, 1860.01 real, 526 MB
[runlim] sample:		1869.39 time, 1870.01 real, 526 MB
[runlim] sample:		1879.39 time, 1880.01 real, 526 MB
[runlim] sample:		1889.39 time, 1890.01 real, 526 MB
[runlim] sample:		1899.39 time, 1900.01 real, 526 MB
[runlim] sample:		1909.39 time, 1910.01 real, 526 MB
[runlim] sample:		1919.39 time, 1920.01 real, 526 MB
[runlim] sample:		1929.39 time, 1930.01 real, 526 MB
[runlim] sample:		1939.39 time, 1940.01 real, 526 MB
[runlim] sample:		1949.39 time, 1950.01 real, 526 MB
[runlim] sample:		1959.39 time, 1960.01 real, 527 MB
[runlim] sample:		1969.39 time, 1970.01 real, 527 MB
[runlim] sample:		1979.39 time, 1980.01 real, 527 MB
[runlim] sample:		1989.40 time, 1990.01 real, 527 MB
[runlim] sample:		1999.40 time, 2000.01 real, 527 MB
[runlim] sample:		2009.40 time, 2010.01 real, 527 MB
[runlim] sample:		2019.40 time, 2020.01 real, 527 MB
[runlim] sample:		2029.39 time, 2030.01 real, 528 MB
[runlim] sample:		2039.39 time, 2040.01 real, 528 MB
[runlim] sample:		2049.39 time, 2050.01 real, 528 MB
[runlim] sample:		2059.39 time, 2060.01 real, 528 MB
[runlim] sample:		2069.39 time, 2070.01 real, 528 MB
[runlim] sample:		2079.39 time, 2080.01 real, 529 MB
[runlim] sample:		2089.39 time, 2090.01 real, 529 MB
[runlim] sample:		2099.39 time, 2100.01 real, 529 MB
[runlim] sample:		2109.39 time, 2110.01 real, 530 MB
[runlim] sample:		2119.39 time, 2120.01 real, 531 MB
[runlim] sample:		2129.40 time, 2130.01 real, 531 MB
[runlim] sample:		2139.40 time, 2140.01 real, 531 MB
[runlim] sample:		2149.40 time, 2150.01 real, 533 MB
[runlim] sample:		2159.40 time, 2160.01 real, 533 MB
[runlim] sample:		2169.40 time, 2170.01 real, 533 MB
[runlim] sample:		2179.40 time, 2180.01 real, 533 MB
[runlim] sample:		2189.39 time, 2190.01 real, 533 MB
[runlim] sample:		2199.39 time, 2200.01 real, 533 MB
[runlim] sample:		2209.40 time, 2210.01 real, 533 MB
[runlim] sample:		2219.40 time, 2220.01 real, 533 MB
[runlim] sample:		2229.40 time, 2230.01 real, 533 MB
[runlim] sample:		2239.40 time, 2240.01 real, 533 MB
[runlim] sample:		2249.39 time, 2250.01 real, 533 MB
[runlim] sample:		2259.39 time, 2260.01 real, 533 MB
[runlim] sample:		2269.39 time, 2270.01 real, 533 MB
[runlim] sample:		2279.39 time, 2280.01 real, 533 MB
[runlim] sample:		2289.39 time, 2290.01 real, 533 MB
[runlim] sample:		2299.39 time, 2300.01 real, 533 MB
[runlim] sample:		2309.40 time, 2310.01 real, 533 MB
[runlim] sample:		2319.40 time, 2320.01 real, 533 MB
[runlim] sample:		2329.40 time, 2330.01 real, 533 MB
[runlim] sample:		2339.40 time, 2340.01 real, 533 MB
[runlim] sample:		2349.40 time, 2350.01 real, 533 MB
[runlim] sample:		2359.40 time, 2360.01 real, 533 MB
[runlim] sample:		2369.39 time, 2370.01 real, 533 MB
[runlim] sample:		2379.39 time, 2380.01 real, 533 MB
[runlim] sample:		2389.40 time, 2390.01 real, 533 MB
[runlim] sample:		2399.40 time, 2400.01 real, 533 MB
[runlim] sample:		2409.39 time, 2410.01 real, 533 MB
[runlim] sample:		2419.39 time, 2420.01 real, 533 MB
[runlim] sample:		2429.39 time, 2430.01 real, 533 MB
[runlim] sample:		2439.39 time, 2440.01 real, 533 MB
[runlim] sample:		2449.39 time, 2450.01 real, 533 MB
[runlim] sample:		2459.39 time, 2460.01 real, 534 MB
[runlim] sample:		2469.39 time, 2470.01 real, 534 MB
[runlim] sample:		2479.39 time, 2480.01 real, 534 MB
[runlim] sample:		2489.39 time, 2490.01 real, 534 MB
[runlim] sample:		2499.39 time, 2500.01 real, 534 MB
[runlim] sample:		2509.40 time, 2510.01 real, 534 MB
[runlim] sample:		2519.40 time, 2520.01 real, 534 MB
[runlim] sample:		2529.39 time, 2530.01 real, 534 MB
[runlim] sample:		2539.39 time, 2540.01 real, 534 MB
[runlim] sample:		2549.40 time, 2550.01 real, 534 MB
[runlim] sample:		2559.40 time, 2560.01 real, 534 MB
[runlim] sample:		2569.40 time, 2570.01 real, 534 MB
[runlim] sample:		2579.40 time, 2580.01 real, 534 MB
[runlim] sample:		2589.39 time, 2590.01 real, 534 MB
[runlim] sample:		2599.39 time, 2600.01 real, 534 MB
[runlim] sample:		2609.39 time, 2610.01 real, 534 MB
[runlim] sample:		2619.39 time, 2620.01 real, 534 MB
[runlim] sample:		2629.39 time, 2630.01 real, 534 MB
[runlim] sample:		2639.39 time, 2640.01 real, 534 MB
[runlim] sample:		2649.39 time, 2650.01 real, 537 MB
[runlim] sample:		2659.40 time, 2660.01 real, 538 MB
[runlim] sample:		2669.39 time, 2670.01 real, 538 MB
[runlim] sample:		2679.39 time, 2680.01 real, 538 MB
[runlim] sample:		2689.40 time, 2690.01 real, 538 MB
[runlim] sample:		2699.40 time, 2700.01 real, 538 MB
[runlim] sample:		2709.39 time, 2710.01 real, 538 MB
[runlim] sample:		2719.39 time, 2720.01 real, 538 MB
[runlim] sample:		2729.39 time, 2730.01 real, 538 MB
[runlim] sample:		2739.39 time, 2740.01 real, 538 MB
[runlim] sample:		2749.40 time, 2750.01 real, 538 MB
[runlim] sample:		2759.40 time, 2760.01 real, 538 MB
[runlim] sample:		2769.40 time, 2770.01 real, 538 MB
[runlim] sample:		2779.40 time, 2780.01 real, 538 MB
[runlim] sample:		2789.39 time, 2790.01 real, 538 MB
[runlim] sample:		2799.39 time, 2800.01 real, 538 MB
[runlim] sample:		2809.40 time, 2810.01 real, 538 MB
[runlim] sample:		2819.40 time, 2820.01 real, 538 MB
[runlim] sample:		2829.39 time, 2830.01 real, 538 MB
[runlim] sample:		2839.39 time, 2840.01 real, 538 MB
[runlim] sample:		2849.39 time, 2850.01 real, 538 MB
[runlim] sample:		2859.39 time, 2860.01 real, 538 MB
[runlim] sample:		2869.40 time, 2870.01 real, 538 MB
[runlim] sample:		2879.39 time, 2880.01 real, 542 MB
[runlim] sample:		2889.40 time, 2890.01 real, 542 MB
[runlim] sample:		2899.40 time, 2900.01 real, 542 MB
[runlim] sample:		2909.39 time, 2910.01 real, 542 MB
[runlim] sample:		2919.39 time, 2920.01 real, 542 MB
[runlim] sample:		2929.39 time, 2930.01 real, 542 MB
[runlim] sample:		2939.39 time, 2940.01 real, 542 MB
[runlim] sample:		2949.40 time, 2950.01 real, 542 MB
[runlim] sample:		2959.40 time, 2960.01 real, 542 MB
[runlim] sample:		2969.39 time, 2970.01 real, 542 MB
[runlim] sample:		2979.39 time, 2980.01 real, 542 MB
[runlim] sample:		2989.40 time, 2990.01 real, 542 MB
[runlim] sample:		2999.40 time, 3000.01 real, 542 MB
[runlim] sample:		3009.39 time, 3010.01 real, 544 MB
[runlim] sample:		3019.39 time, 3020.01 real, 544 MB
[runlim] sample:		3029.39 time, 3030.01 real, 544 MB
[runlim] sample:		3039.39 time, 3040.01 real, 544 MB
[runlim] sample:		3049.40 time, 3050.01 real, 544 MB
[runlim] sample:		3059.40 time, 3060.01 real, 544 MB
[runlim] sample:		3069.39 time, 3070.01 real, 544 MB
[runlim] sample:		3079.39 time, 3080.01 real, 544 MB
[runlim] sample:		3089.40 time, 3090.01 real, 544 MB
[runlim] sample:		3099.40 time, 3100.01 real, 544 MB
[runlim] sample:		3109.39 time, 3110.01 real, 544 MB
[runlim] sample:		3119.39 time, 3120.01 real, 544 MB
[runlim] sample:		3129.40 time, 3130.01 real, 544 MB
[runlim] sample:		3139.40 time, 3140.01 real, 544 MB
[runlim] sample:		3149.39 time, 3150.01 real, 544 MB
[runlim] sample:		3159.39 time, 3160.01 real, 544 MB
[runlim] sample:		3169.39 time, 3170.01 real, 544 MB
[runlim] sample:		3179.40 time, 3180.01 real, 544 MB
[runlim] sample:		3189.40 time, 3190.01 real, 544 MB
[runlim] sample:		3199.39 time, 3200.01 real, 544 MB
[runlim] sample:		3209.39 time, 3210.01 real, 544 MB
[runlim] sample:		3219.39 time, 3220.01 real, 544 MB
[runlim] sample:		3229.39 time, 3230.01 real, 544 MB
[runlim] sample:		3239.40 time, 3240.01 real, 544 MB
[runlim] sample:		3249.40 time, 3250.01 real, 544 MB
[runlim] sample:		3259.39 time, 3260.01 real, 544 MB
[runlim] sample:		3269.39 time, 3270.01 real, 544 MB
[runlim] sample:		3279.40 time, 3280.01 real, 544 MB
[runlim] sample:		3289.40 time, 3290.01 real, 550 MB
[runlim] sample:		3299.39 time, 3300.01 real, 553 MB
[runlim] sample:		3309.39 time, 3310.01 real, 553 MB
[runlim] sample:		3319.39 time, 3320.01 real, 553 MB
[runlim] sample:		3329.39 time, 3330.01 real, 553 MB
[runlim] sample:		3339.40 time, 3340.01 real, 553 MB
[runlim] sample:		3349.40 time, 3350.01 real, 553 MB
[runlim] sample:		3359.39 time, 3360.01 real, 553 MB
[runlim] sample:		3369.39 time, 3370.01 real, 553 MB
[runlim] sample:		3379.40 time, 3380.01 real, 553 MB
[runlim] sample:		3389.40 time, 3390.01 real, 553 MB
[runlim] sample:		3399.40 time, 3400.01 real, 553 MB
[runlim] sample:		3409.40 time, 3410.01 real, 553 MB
[runlim] sample:		3419.39 time, 3420.01 real, 553 MB
[runlim] sample:		3429.39 time, 3430.01 real, 553 MB
[runlim] sample:		3439.40 time, 3440.01 real, 553 MB
[runlim] sample:		3449.40 time, 3450.01 real, 553 MB
[runlim] sample:		3459.39 time, 3460.01 real, 553 MB
[runlim] sample:		3469.39 time, 3470.01 real, 553 MB
[runlim] sample:		3479.40 time, 3480.01 real, 553 MB
[runlim] sample:		3489.40 time, 3490.01 real, 553 MB
[runlim] sample:		3499.40 time, 3500.01 real, 553 MB
[runlim] sample:		3509.40 time, 3510.01 real, 553 MB
[runlim] sample:		3519.39 time, 3520.01 real, 553 MB
[runlim] sample:		3529.39 time, 3530.01 real, 553 MB
[runlim] sample:		3539.40 time, 3540.01 real, 553 MB
[runlim] sample:		3549.40 time, 3550.01 real, 553 MB
[runlim] sample:		3559.39 time, 3560.01 real, 553 MB
[runlim] sample:		3569.39 time, 3570.01 real, 553 MB
[runlim] sample:		3579.40 time, 3580.01 real, 553 MB
[runlim] sample:		3589.40 time, 3590.01 real, 553 MB
[runlim] sample:		3599.40 time, 3600.01 real, 553 MB
[runlim] sample:		3609.40 time, 3610.01 real, 553 MB
[runlim] sample:		3619.39 time, 3620.01 real, 553 MB
[runlim] sample:		3629.39 time, 3630.01 real, 553 MB
[runlim] sample:		3639.40 time, 3640.01 real, 553 MB
[runlim] sample:		3649.40 time, 3650.01 real, 554 MB
[runlim] sample:		3659.39 time, 3660.01 real, 554 MB
[runlim] sample:		3669.39 time, 3670.01 real, 554 MB
[runlim] sample:		3679.39 time, 3680.01 real, 554 MB
[runlim] sample:		3689.39 time, 3690.01 real, 554 MB
[runlim] sample:		3699.39 time, 3700.01 real, 554 MB
[runlim] sample:		3709.39 time, 3710.01 real, 554 MB
[runlim] sample:		3719.40 time, 3720.01 real, 554 MB
[runlim] sample:		3729.40 time, 3730.01 real, 554 MB
[runlim] sample:		3739.40 time, 3740.01 real, 554 MB
[runlim] sample:		3749.40 time, 3750.01 real, 554 MB
[runlim] sample:		3759.39 time, 3760.01 real, 554 MB
[runlim] sample:		3769.39 time, 3770.01 real, 554 MB
[runlim] sample:		3779.40 time, 3780.01 real, 554 MB
[runlim] sample:		3789.40 time, 3790.01 real, 554 MB
[runlim] sample:		3799.39 time, 3800.01 real, 554 MB
[runlim] sample:		3809.39 time, 3810.01 real, 554 MB
[runlim] sample:		3819.40 time, 3820.01 real, 554 MB
[runlim] sample:		3829.40 time, 3830.01 real, 554 MB
[runlim] sample:		3839.40 time, 3840.01 real, 554 MB
[runlim] sample:		3849.40 time, 3850.01 real, 554 MB
[runlim] sample:		3859.39 time, 3860.01 real, 554 MB
[runlim] sample:		3869.39 time, 3870.01 real, 554 MB
[runlim] sample:		3879.40 time, 3880.01 real, 554 MB
[runlim] sample:		3889.40 time, 3890.01 real, 554 MB
[runlim] sample:		3899.39 time, 3900.01 real, 554 MB
[runlim] sample:		3909.39 time, 3910.01 real, 554 MB
[runlim] sample:		3919.40 time, 3920.01 real, 554 MB
[runlim] sample:		3929.40 time, 3930.01 real, 554 MB
[runlim] sample:		3939.40 time, 3940.01 real, 554 MB
[runlim] sample:		3949.40 time, 3950.01 real, 554 MB
[runlim] sample:		3959.39 time, 3960.01 real, 554 MB
[runlim] sample:		3969.39 time, 3970.01 real, 554 MB
[runlim] sample:		3979.40 time, 3980.01 real, 554 MB
[runlim] sample:		3989.40 time, 3990.01 real, 554 MB
[runlim] sample:		3999.39 time, 4000.01 real, 554 MB
[runlim] sample:		4009.39 time, 4010.01 real, 554 MB
[runlim] sample:		4019.40 time, 4020.01 real, 554 MB
[runlim] sample:		4029.40 time, 4030.01 real, 554 MB
[runlim] sample:		4039.40 time, 4040.01 real, 554 MB
[runlim] sample:		4049.40 time, 4050.01 real, 554 MB
[runlim] sample:		4059.39 time, 4060.01 real, 554 MB
[runlim] sample:		4069.39 time, 4070.01 real, 554 MB
[runlim] sample:		4079.40 time, 4080.01 real, 556 MB
[runlim] sample:		4089.40 time, 4090.01 real, 556 MB
[runlim] sample:		4099.39 time, 4100.01 real, 556 MB
[runlim] sample:		4109.39 time, 4110.01 real, 556 MB
[runlim] sample:		4119.40 time, 4120.01 real, 556 MB
[runlim] sample:		4129.40 time, 4130.01 real, 556 MB
[runlim] sample:		4139.40 time, 4140.01 real, 556 MB
[runlim] sample:		4149.40 time, 4150.01 real, 556 MB
[runlim] sample:		4159.39 time, 4160.01 real, 556 MB
[runlim] sample:		4169.39 time, 4170.01 real, 556 MB
[runlim] sample:		4179.40 time, 4180.01 real, 556 MB
[runlim] sample:		4189.40 time, 4190.01 real, 556 MB
[runlim] sample:		4199.39 time, 4200.01 real, 556 MB
[runlim] sample:		4209.39 time, 4210.01 real, 556 MB
[runlim] sample:		4219.40 time, 4220.01 real, 558 MB
[runlim] sample:		4229.40 time, 4230.01 real, 558 MB
[runlim] sample:		4239.39 time, 4240.01 real, 558 MB
[runlim] sample:		4249.39 time, 4250.01 real, 558 MB
[runlim] sample:		4259.40 time, 4260.01 real, 558 MB
[runlim] sample:		4269.40 time, 4270.01 real, 558 MB
[runlim] sample:		4279.39 time, 4280.01 real, 558 MB
[runlim] sample:		4289.39 time, 4290.01 real, 558 MB
[runlim] sample:		4299.40 time, 4300.01 real, 558 MB
[runlim] sample:		4309.40 time, 4310.01 real, 558 MB
[runlim] sample:		4319.40 time, 4320.01 real, 558 MB
[runlim] sample:		4329.40 time, 4330.01 real, 558 MB
[runlim] sample:		4339.39 time, 4340.01 real, 558 MB
[runlim] sample:		4349.39 time, 4350.01 real, 558 MB
[runlim] sample:		4359.40 time, 4360.01 real, 558 MB
[runlim] sample:		4369.40 time, 4370.01 real, 558 MB
[runlim] sample:		4379.40 time, 4380.01 real, 558 MB
[runlim] sample:		4389.40 time, 4390.01 real, 558 MB
[runlim] sample:		4399.40 time, 4400.01 real, 558 MB
[runlim] sample:		4409.40 time, 4410.01 real, 558 MB
[runlim] sample:		4419.40 time, 4420.01 real, 559 MB
[runlim] sample:		4429.40 time, 4430.01 real, 560 MB
[runlim] sample:		4439.40 time, 4440.01 real, 560 MB
[runlim] sample:		4449.40 time, 4450.01 real, 560 MB
[runlim] sample:		4459.40 time, 4460.01 real, 560 MB
[runlim] sample:		4469.40 time, 4470.01 real, 561 MB
[runlim] sample:		4479.39 time, 4480.01 real, 561 MB
[runlim] sample:		4489.39 time, 4490.01 real, 561 MB
[runlim] sample:		4499.40 time, 4500.01 real, 561 MB
[runlim] sample:		4509.40 time, 4510.01 real, 561 MB
[runlim] sample:		4519.39 time, 4520.01 real, 561 MB
[runlim] sample:		4529.40 time, 4530.01 real, 561 MB
[runlim] sample:		4539.40 time, 4540.01 real, 561 MB
[runlim] sample:		4549.40 time, 4550.01 real, 561 MB
[runlim] sample:		4559.40 time, 4560.01 real, 561 MB
[runlim] sample:		4569.40 time, 4570.01 real, 561 MB
[runlim] sample:		4579.40 time, 4580.01 real, 561 MB
[runlim] sample:		4589.40 time, 4590.01 real, 561 MB
[runlim] sample:		4599.40 time, 4600.01 real, 568 MB
[runlim] sample:		4609.40 time, 4610.01 real, 568 MB
[runlim] sample:		4619.40 time, 4620.01 real, 568 MB
[runlim] sample:		4629.40 time, 4630.01 real, 568 MB
[runlim] sample:		4639.40 time, 4640.01 real, 568 MB
[runlim] sample:		4649.40 time, 4650.01 real, 568 MB
[runlim] sample:		4659.40 time, 4660.01 real, 568 MB
[runlim] sample:		4669.40 time, 4670.01 real, 568 MB
[runlim] sample:		4679.40 time, 4680.01 real, 568 MB
[runlim] sample:		4689.40 time, 4690.01 real, 568 MB
[runlim] sample:		4699.40 time, 4700.01 real, 568 MB
[runlim] sample:		4709.40 time, 4710.01 real, 568 MB
[runlim] sample:		4719.40 time, 4720.01 real, 568 MB
[runlim] sample:		4729.40 time, 4730.01 real, 568 MB
[runlim] sample:		4739.40 time, 4740.01 real, 568 MB
[runlim] sample:		4749.40 time, 4750.01 real, 568 MB
[runlim] sample:		4759.40 time, 4760.01 real, 568 MB
[runlim] sample:		4769.40 time, 4770.01 real, 568 MB
[runlim] sample:		4779.40 time, 4780.01 real, 568 MB
[runlim] sample:		4789.40 time, 4790.01 real, 568 MB
[runlim] sample:		4799.40 time, 4800.01 real, 568 MB
[runlim] sample:		4809.40 time, 4810.01 real, 568 MB
[runlim] sample:		4819.40 time, 4820.01 real, 568 MB
[runlim] sample:		4829.40 time, 4830.01 real, 568 MB
[runlim] sample:		4839.40 time, 4840.01 real, 568 MB
[runlim] sample:		4849.40 time, 4850.01 real, 568 MB
[runlim] sample:		4859.40 time, 4860.01 real, 568 MB
[runlim] sample:		4869.40 time, 4870.01 real, 568 MB
[runlim] sample:		4879.40 time, 4880.01 real, 568 MB
[runlim] sample:		4889.40 time, 4890.01 real, 568 MB
[runlim] sample:		4899.40 time, 4900.01 real, 568 MB
[runlim] sample:		4909.40 time, 4910.01 real, 568 MB
[runlim] sample:		4919.40 time, 4920.01 real, 568 MB
[runlim] sample:		4929.40 time, 4930.01 real, 568 MB
[runlim] sample:		4939.40 time, 4940.01 real, 568 MB
[runlim] sample:		4949.40 time, 4950.01 real, 568 MB
[runlim] sample:		4959.40 time, 4960.01 real, 568 MB
[runlim] sample:		4969.40 time, 4970.01 real, 568 MB
[runlim] sample:		4979.40 time, 4980.01 real, 568 MB
[runlim] sample:		4989.40 time, 4990.01 real, 568 MB
[runlim] sample:		4999.40 time, 5000.01 real, 568 MB
[runlim] sample:		5009.40 time, 5010.01 real, 568 MB
[runlim] sample:		5019.40 time, 5020.01 real, 568 MB
[runlim] sample:		5029.40 time, 5030.01 real, 568 MB
[runlim] sample:		5039.40 time, 5040.01 real, 568 MB
[runlim] sample:		5049.40 time, 5050.01 real, 568 MB
[runlim] sample:		5059.40 time, 5060.01 real, 568 MB
[runlim] sample:		5069.40 time, 5070.01 real, 568 MB
[runlim] sample:		5079.40 time, 5080.01 real, 568 MB
[runlim] sample:		5089.40 time, 5090.01 real, 568 MB
[runlim] sample:		5099.40 time, 5100.01 real, 568 MB
[runlim] sample:		5109.40 time, 5110.01 real, 568 MB
[runlim] sample:		5119.40 time, 5120.01 real, 568 MB
[runlim] sample:		5129.40 time, 5130.01 real, 569 MB
[runlim] sample:		5139.40 time, 5140.01 real, 570 MB
[runlim] sample:		5149.40 time, 5150.01 real, 573 MB
[runlim] sample:		5159.40 time, 5160.01 real, 573 MB
[runlim] sample:		5169.40 time, 5170.01 real, 573 MB
[runlim] sample:		5179.40 time, 5180.01 real, 573 MB
[runlim] sample:		5189.40 time, 5190.01 real, 573 MB
[runlim] sample:		5199.40 time, 5200.01 real, 573 MB
[runlim] sample:		5209.40 time, 5210.01 real, 573 MB
[runlim] sample:		5219.40 time, 5220.01 real, 573 MB
[runlim] sample:		5229.40 time, 5230.01 real, 573 MB
[runlim] sample:		5239.40 time, 5240.01 real, 573 MB
[runlim] sample:		5249.40 time, 5250.01 real, 573 MB
[runlim] sample:		5259.40 time, 5260.01 real, 573 MB
[runlim] sample:		5269.40 time, 5270.01 real, 573 MB
[runlim] sample:		5279.40 time, 5280.01 real, 573 MB
[runlim] sample:		5289.40 time, 5290.01 real, 573 MB
[runlim] sample:		5299.40 time, 5300.01 real, 573 MB
[runlim] sample:		5309.40 time, 5310.01 real, 573 MB
[runlim] sample:		5319.40 time, 5320.01 real, 573 MB
[runlim] sample:		5329.40 time, 5330.01 real, 573 MB
[runlim] sample:		5339.40 time, 5340.01 real, 573 MB
[runlim] sample:		5349.40 time, 5350.01 real, 573 MB
[runlim] sample:		5359.40 time, 5360.01 real, 573 MB
[runlim] sample:		5369.40 time, 5370.01 real, 573 MB
[runlim] sample:		5379.40 time, 5380.01 real, 573 MB
[runlim] sample:		5389.40 time, 5390.01 real, 573 MB
[runlim] sample:		5399.40 time, 5400.01 real, 573 MB
[runlim] sample:		5409.40 time, 5410.01 real, 573 MB
[runlim] sample:		5419.40 time, 5420.01 real, 573 MB
[runlim] sample:		5429.40 time, 5430.01 real, 573 MB
[runlim] sample:		5439.40 time, 5440.01 real, 573 MB
[runlim] sample:		5449.40 time, 5450.01 real, 573 MB
[runlim] sample:		5459.40 time, 5460.01 real, 573 MB
[runlim] sample:		5469.40 time, 5470.01 real, 573 MB
[runlim] sample:		5479.40 time, 5480.01 real, 573 MB
[runlim] sample:		5489.40 time, 5490.01 real, 573 MB
[runlim] sample:		5499.40 time, 5500.01 real, 573 MB
[runlim] sample:		5509.40 time, 5510.01 real, 573 MB
[runlim] sample:		5519.40 time, 5520.01 real, 573 MB
[runlim] sample:		5529.40 time, 5530.01 real, 573 MB
[runlim] sample:		5539.40 time, 5540.01 real, 575 MB
[runlim] sample:		5549.40 time, 5550.01 real, 575 MB
[runlim] sample:		5559.40 time, 5560.01 real, 575 MB
[runlim] sample:		5569.40 time, 5570.01 real, 575 MB
[runlim] sample:		5579.40 time, 5580.01 real, 575 MB
[runlim] sample:		5589.40 time, 5590.01 real, 575 MB
[runlim] sample:		5599.40 time, 5600.01 real, 575 MB
[runlim] sample:		5609.40 time, 5610.01 real, 575 MB
[runlim] sample:		5619.40 time, 5620.01 real, 576 MB
[runlim] sample:		5629.40 time, 5630.01 real, 576 MB
[runlim] sample:		5639.40 time, 5640.01 real, 576 MB
[runlim] sample:		5649.40 time, 5650.01 real, 576 MB
[runlim] sample:		5659.40 time, 5660.01 real, 576 MB
[runlim] sample:		5669.40 time, 5670.01 real, 576 MB
[runlim] sample:		5679.40 time, 5680.01 real, 576 MB
[runlim] sample:		5689.40 time, 5690.01 real, 576 MB
[runlim] sample:		5699.40 time, 5700.01 real, 576 MB
[runlim] sample:		5709.40 time, 5710.01 real, 576 MB
[runlim] sample:		5719.40 time, 5720.01 real, 578 MB
[runlim] sample:		5729.40 time, 5730.01 real, 578 MB
[runlim] sample:		5739.40 time, 5740.01 real, 578 MB
[runlim] sample:		5749.40 time, 5750.01 real, 578 MB
[runlim] sample:		5759.40 time, 5760.01 real, 579 MB
[runlim] sample:		5769.40 time, 5770.01 real, 579 MB
[runlim] sample:		5779.40 time, 5780.01 real, 579 MB
[runlim] sample:		5789.40 time, 5790.01 real, 579 MB
[runlim] sample:		5799.40 time, 5800.01 real, 579 MB
[runlim] sample:		5809.40 time, 5810.01 real, 579 MB
[runlim] sample:		5819.40 time, 5820.01 real, 579 MB
[runlim] sample:		5829.40 time, 5830.01 real, 579 MB
[runlim] sample:		5839.40 time, 5840.01 real, 579 MB
[runlim] sample:		5849.40 time, 5850.01 real, 579 MB
[runlim] sample:		5859.40 time, 5860.01 real, 579 MB
[runlim] sample:		5869.40 time, 5870.01 real, 579 MB
[runlim] sample:		5879.40 time, 5880.01 real, 579 MB
[runlim] sample:		5889.40 time, 5890.01 real, 579 MB
[runlim] sample:		5899.40 time, 5900.01 real, 579 MB
[runlim] sample:		5909.40 time, 5910.01 real, 579 MB
[runlim] sample:		5919.40 time, 5920.01 real, 579 MB
[runlim] sample:		5929.40 time, 5930.01 real, 579 MB
[runlim] sample:		5939.40 time, 5940.01 real, 579 MB
[runlim] sample:		5949.40 time, 5950.01 real, 580 MB
[runlim] sample:		5959.40 time, 5960.01 real, 580 MB
[runlim] sample:		5969.40 time, 5970.01 real, 580 MB
[runlim] sample:		5979.40 time, 5980.01 real, 580 MB
[runlim] sample:		5989.40 time, 5990.01 real, 580 MB
[runlim] sample:		5999.40 time, 6000.01 real, 580 MB
[runlim] sample:		6009.40 time, 6010.01 real, 580 MB
[runlim] sample:		6019.40 time, 6020.01 real, 580 MB
[runlim] sample:		6029.40 time, 6030.01 real, 580 MB
[runlim] sample:		6039.40 time, 6040.01 real, 582 MB
[runlim] sample:		6049.40 time, 6050.01 real, 582 MB
[runlim] sample:		6059.40 time, 6060.01 real, 583 MB
[runlim] sample:		6069.40 time, 6070.01 real, 583 MB
[runlim] sample:		6079.40 time, 6080.01 real, 583 MB
[runlim] sample:		6089.40 time, 6090.01 real, 583 MB
[runlim] sample:		6099.40 time, 6100.01 real, 583 MB
[runlim] sample:		6109.40 time, 6110.01 real, 583 MB
[runlim] sample:		6119.40 time, 6120.01 real, 583 MB
[runlim] sample:		6129.40 time, 6130.01 real, 583 MB
[runlim] sample:		6139.40 time, 6140.01 real, 583 MB
[runlim] sample:		6149.40 time, 6150.01 real, 583 MB
[runlim] sample:		6159.40 time, 6160.01 real, 583 MB
[runlim] sample:		6169.40 time, 6170.01 real, 583 MB
[runlim] sample:		6179.40 time, 6180.01 real, 583 MB
[runlim] sample:		6189.40 time, 6190.01 real, 583 MB
[runlim] sample:		6199.40 time, 6200.01 real, 583 MB
[runlim] sample:		6209.40 time, 6210.01 real, 583 MB
[runlim] sample:		6219.40 time, 6220.01 real, 583 MB
[runlim] sample:		6229.40 time, 6230.01 real, 583 MB
[runlim] sample:		6239.40 time, 6240.01 real, 583 MB
[runlim] sample:		6249.40 time, 6250.01 real, 584 MB
[runlim] sample:		6259.40 time, 6260.01 real, 584 MB
[runlim] sample:		6269.40 time, 6270.01 real, 584 MB
[runlim] sample:		6279.40 time, 6280.01 real, 584 MB
[runlim] sample:		6289.40 time, 6290.01 real, 584 MB
[runlim] sample:		6299.40 time, 6300.01 real, 585 MB
[runlim] sample:		6309.40 time, 6310.01 real, 585 MB
[runlim] sample:		6319.40 time, 6320.01 real, 585 MB
[runlim] sample:		6329.40 time, 6330.01 real, 585 MB
[runlim] sample:		6339.40 time, 6340.01 real, 585 MB
[runlim] sample:		6349.40 time, 6350.01 real, 585 MB
[runlim] sample:		6359.40 time, 6360.01 real, 585 MB
[runlim] sample:		6369.40 time, 6370.01 real, 585 MB
[runlim] sample:		6379.40 time, 6380.01 real, 585 MB
[runlim] sample:		6389.40 time, 6390.01 real, 586 MB
[runlim] sample:		6399.40 time, 6400.01 real, 590 MB
[runlim] sample:		6409.40 time, 6410.01 real, 590 MB
[runlim] sample:		6419.40 time, 6420.01 real, 590 MB
[runlim] sample:		6429.40 time, 6430.01 real, 590 MB
[runlim] sample:		6439.40 time, 6440.01 real, 590 MB
[runlim] sample:		6449.40 time, 6450.01 real, 590 MB
[runlim] sample:		6459.40 time, 6460.01 real, 590 MB
[runlim] sample:		6469.40 time, 6470.01 real, 590 MB
[runlim] sample:		6479.40 time, 6480.01 real, 590 MB
[runlim] sample:		6489.40 time, 6490.01 real, 590 MB
[runlim] sample:		6499.40 time, 6500.01 real, 590 MB
[runlim] sample:		6509.40 time, 6510.01 real, 590 MB
[runlim] sample:		6519.40 time, 6520.01 real, 590 MB
[runlim] sample:		6529.40 time, 6530.01 real, 590 MB
[runlim] sample:		6539.40 time, 6540.01 real, 590 MB
[runlim] sample:		6549.40 time, 6550.01 real, 590 MB
[runlim] sample:		6559.40 time, 6560.01 real, 590 MB
[runlim] sample:		6569.40 time, 6570.01 real, 590 MB
[runlim] sample:		6579.40 time, 6580.01 real, 590 MB
[runlim] sample:		6589.40 time, 6590.01 real, 590 MB
[runlim] sample:		6599.40 time, 6600.01 real, 590 MB
[runlim] sample:		6609.40 time, 6610.01 real, 590 MB
[runlim] sample:		6619.40 time, 6620.01 real, 590 MB
[runlim] sample:		6629.40 time, 6630.01 real, 590 MB
[runlim] sample:		6639.40 time, 6640.01 real, 590 MB
[runlim] sample:		6649.40 time, 6650.01 real, 590 MB
[runlim] sample:		6659.40 time, 6660.01 real, 590 MB
[runlim] sample:		6669.40 time, 6670.01 real, 590 MB
[runlim] sample:		6679.40 time, 6680.01 real, 590 MB
[runlim] sample:		6689.40 time, 6690.01 real, 590 MB
[runlim] sample:		6699.41 time, 6700.01 real, 590 MB
[runlim] sample:		6709.41 time, 6710.01 real, 590 MB
[runlim] sample:		6719.40 time, 6720.01 real, 590 MB
[runlim] sample:		6729.40 time, 6730.01 real, 590 MB
[runlim] sample:		6739.40 time, 6740.01 real, 590 MB
[runlim] sample:		6749.40 time, 6750.01 real, 590 MB
[runlim] sample:		6759.40 time, 6760.01 real, 590 MB
[runlim] sample:		6769.40 time, 6770.01 real, 590 MB
[runlim] sample:		6779.40 time, 6780.01 real, 590 MB
[runlim] sample:		6789.40 time, 6790.01 real, 590 MB
[runlim] sample:		6799.41 time, 6800.01 real, 590 MB
[runlim] sample:		6809.41 time, 6810.01 real, 590 MB
[runlim] sample:		6819.40 time, 6820.01 real, 590 MB
[runlim] sample:		6829.40 time, 6830.01 real, 590 MB
[runlim] sample:		6839.40 time, 6840.01 real, 590 MB
[runlim] sample:		6849.40 time, 6850.01 real, 590 MB
[runlim] sample:		6859.40 time, 6860.01 real, 590 MB
[runlim] sample:		6869.40 time, 6870.01 real, 590 MB
[runlim] sample:		6879.40 time, 6880.01 real, 590 MB
[runlim] sample:		6889.40 time, 6890.01 real, 590 MB
[runlim] sample:		6899.41 time, 6900.01 real, 590 MB
[runlim] sample:		6909.41 time, 6910.01 real, 590 MB
[runlim] sample:		6919.40 time, 6920.01 real, 590 MB
[runlim] sample:		6929.40 time, 6930.01 real, 590 MB
[runlim] sample:		6939.40 time, 6940.01 real, 590 MB
[runlim] sample:		6949.40 time, 6950.01 real, 590 MB
[runlim] sample:		6959.40 time, 6960.01 real, 590 MB
[runlim] sample:		6969.40 time, 6970.01 real, 590 MB
[runlim] sample:		6979.40 time, 6980.01 real, 590 MB
[runlim] sample:		6989.40 time, 6990.01 real, 590 MB
[runlim] sample:		6999.40 time, 7000.01 real, 590 MB
[runlim] sample:		7009.40 time, 7010.01 real, 590 MB
[runlim] sample:		7019.40 time, 7020.01 real, 590 MB
[runlim] sample:		7029.40 time, 7030.01 real, 590 MB
[runlim] sample:		7039.41 time, 7040.01 real, 590 MB
[runlim] sample:		7049.41 time, 7050.01 real, 590 MB
[runlim] sample:		7059.40 time, 7060.01 real, 590 MB
[runlim] sample:		7069.40 time, 7070.01 real, 590 MB
[runlim] sample:		7079.40 time, 7080.01 real, 590 MB
[runlim] sample:		7089.40 time, 7090.01 real, 590 MB
[runlim] sample:		7099.40 time, 7100.01 real, 590 MB
[runlim] sample:		7109.40 time, 7110.01 real, 590 MB
[runlim] sample:		7119.40 time, 7120.01 real, 590 MB
[runlim] sample:		7129.40 time, 7130.01 real, 590 MB
[runlim] sample:		7139.41 time, 7140.01 real, 590 MB
[runlim] sample:		7149.41 time, 7150.01 real, 591 MB
[runlim] sample:		7159.40 time, 7160.01 real, 592 MB
[runlim] sample:		7169.40 time, 7170.01 real, 592 MB
[runlim] sample:		7179.40 time, 7180.01 real, 592 MB
[runlim] sample:		7189.40 time, 7190.01 real, 592 MB
[runlim] sample:		7199.40 time, 7200.01 real, 592 MB
[runlim] sample:		7209.40 time, 7210.01 real, 592 MB
[runlim] sample:		7219.41 time, 7220.01 real, 592 MB
[runlim] sample:		7229.41 time, 7230.01 real, 592 MB
[runlim] sample:		7239.40 time, 7240.01 real, 593 MB
[runlim] sample:		7249.40 time, 7250.01 real, 593 MB
[runlim] sample:		7259.40 time, 7260.01 real, 593 MB
[runlim] sample:		7269.40 time, 7270.01 real, 593 MB
[runlim] sample:		7279.40 time, 7280.01 real, 593 MB
[runlim] sample:		7289.40 time, 7290.01 real, 593 MB
[runlim] sample:		7299.41 time, 7300.01 real, 593 MB
[runlim] sample:		7309.41 time, 7310.01 real, 593 MB
[runlim] sample:		7319.40 time, 7320.01 real, 593 MB
[runlim] sample:		7329.40 time, 7330.01 real, 593 MB
[runlim] sample:		7339.40 time, 7340.01 real, 593 MB
[runlim] sample:		7349.40 time, 7350.01 real, 593 MB
[runlim] sample:		7359.40 time, 7360.01 real, 593 MB
[runlim] sample:		7369.40 time, 7370.01 real, 593 MB
[runlim] sample:		7379.40 time, 7380.01 real, 593 MB
[runlim] sample:		7389.40 time, 7390.01 real, 593 MB
[runlim] sample:		7399.40 time, 7400.01 real, 593 MB
[runlim] sample:		7409.40 time, 7410.01 real, 593 MB
[runlim] sample:		7419.40 time, 7420.01 real, 593 MB
[runlim] sample:		7429.40 time, 7430.01 real, 593 MB
[runlim] sample:		7439.41 time, 7440.01 real, 593 MB
[runlim] sample:		7449.41 time, 7450.01 real, 593 MB
[runlim] sample:		7459.40 time, 7460.01 real, 593 MB
[runlim] sample:		7469.40 time, 7470.01 real, 593 MB
[runlim] sample:		7479.40 time, 7480.01 real, 593 MB
[runlim] sample:		7489.40 time, 7490.01 real, 593 MB
[runlim] sample:		7499.40 time, 7500.01 real, 593 MB
[runlim] sample:		7509.40 time, 7510.01 real, 593 MB
[runlim] sample:		7519.40 time, 7520.01 real, 593 MB
[runlim] sample:		7529.40 time, 7530.01 real, 593 MB
[runlim] sample:		7539.41 time, 7540.01 real, 593 MB
[runlim] sample:		7549.41 time, 7550.01 real, 593 MB
[runlim] sample:		7559.40 time, 7560.01 real, 593 MB
[runlim] sample:		7569.40 time, 7570.01 real, 593 MB
[runlim] sample:		7579.40 time, 7580.01 real, 593 MB
[runlim] sample:		7589.40 time, 7590.01 real, 593 MB
[runlim] sample:		7599.40 time, 7600.01 real, 593 MB
[runlim] sample:		7609.40 time, 7610.01 real, 593 MB
[runlim] sample:		7619.40 time, 7620.01 real, 593 MB
[runlim] sample:		7629.40 time, 7630.01 real, 593 MB
[runlim] sample:		7639.41 time, 7640.01 real, 593 MB
[runlim] sample:		7649.41 time, 7650.01 real, 593 MB
[runlim] sample:		7659.40 time, 7660.01 real, 593 MB
[runlim] sample:		7669.40 time, 7670.01 real, 593 MB
[runlim] sample:		7679.40 time, 7680.01 real, 593 MB
[runlim] sample:		7689.40 time, 7690.01 real, 593 MB
[runlim] sample:		7699.40 time, 7700.01 real, 593 MB
[runlim] sample:		7709.40 time, 7710.01 real, 593 MB
[runlim] sample:		7719.40 time, 7720.01 real, 593 MB
[runlim] sample:		7729.40 time, 7730.01 real, 593 MB
[runlim] sample:		7739.41 time, 7740.01 real, 593 MB
[runlim] sample:		7749.41 time, 7750.01 real, 594 MB
[runlim] sample:		7759.40 time, 7760.01 real, 597 MB
[runlim] sample:		7769.40 time, 7770.01 real, 597 MB
[runlim] sample:		7779.40 time, 7780.01 real, 597 MB
[runlim] sample:		7789.40 time, 7790.01 real, 597 MB
[runlim] sample:		7799.40 time, 7800.01 real, 597 MB
[runlim] sample:		7809.40 time, 7810.01 real, 597 MB
[runlim] sample:		7819.41 time, 7820.01 real, 597 MB
[runlim] sample:		7829.41 time, 7830.01 real, 597 MB
[runlim] sample:		7839.41 time, 7840.01 real, 597 MB
[runlim] sample:		7849.40 time, 7850.01 real, 597 MB
[runlim] sample:		7859.40 time, 7860.01 real, 597 MB
[runlim] sample:		7869.40 time, 7870.01 real, 597 MB
[runlim] sample:		7879.40 time, 7880.01 real, 597 MB
[runlim] sample:		7889.40 time, 7890.01 real, 597 MB
[runlim] sample:		7899.40 time, 7900.01 real, 597 MB
[runlim] sample:		7909.40 time, 7910.01 real, 597 MB
[runlim] sample:		7919.40 time, 7920.01 real, 597 MB
[runlim] sample:		7929.41 time, 7930.01 real, 597 MB
[runlim] sample:		7939.41 time, 7940.01 real, 597 MB
[runlim] sample:		7949.40 time, 7950.01 real, 597 MB
[runlim] sample:		7959.40 time, 7960.01 real, 597 MB
[runlim] sample:		7969.40 time, 7970.01 real, 597 MB
[runlim] sample:		7979.40 time, 7980.01 real, 597 MB
[runlim] sample:		7989.40 time, 7990.01 real, 597 MB
[runlim] sample:		7999.40 time, 8000.01 real, 597 MB
[runlim] sample:		8009.40 time, 8010.01 real, 597 MB
[runlim] sample:		8019.40 time, 8020.01 real, 597 MB
[runlim] sample:		8029.41 time, 8030.01 real, 597 MB
[runlim] sample:		8039.41 time, 8040.01 real, 597 MB
[runlim] sample:		8049.40 time, 8050.01 real, 597 MB
[runlim] sample:		8059.40 time, 8060.01 real, 597 MB
[runlim] sample:		8069.40 time, 8070.01 real, 597 MB
[runlim] sample:		8079.40 time, 8080.01 real, 597 MB
[runlim] sample:		8089.40 time, 8090.01 real, 597 MB
[runlim] sample:		8099.40 time, 8100.01 real, 597 MB
[runlim] sample:		8109.40 time, 8110.01 real, 597 MB
[runlim] sample:		8119.40 time, 8120.01 real, 597 MB
[runlim] sample:		8129.41 time, 8130.01 real, 597 MB
[runlim] sample:		8139.41 time, 8140.01 real, 597 MB
[runlim] sample:		8149.40 time, 8150.01 real, 597 MB
[runlim] sample:		8159.40 time, 8160.01 real, 597 MB
[runlim] sample:		8169.40 time, 8170.01 real, 597 MB
[runlim] sample:		8179.40 time, 8180.01 real, 597 MB
[runlim] sample:		8189.40 time, 8190.01 real, 597 MB
[runlim] sample:		8199.40 time, 8200.01 real, 597 MB
[runlim] sample:		8209.40 time, 8210.01 real, 597 MB
[runlim] sample:		8219.40 time, 8220.01 real, 597 MB
[runlim] sample:		8229.41 time, 8230.01 real, 597 MB
[runlim] sample:		8239.41 time, 8240.01 real, 597 MB
[runlim] sample:		8249.40 time, 8250.01 real, 597 MB
[runlim] sample:		8259.40 time, 8260.01 real, 597 MB
[runlim] sample:		8269.40 time, 8270.01 real, 597 MB
[runlim] sample:		8279.40 time, 8280.01 real, 597 MB
[runlim] sample:		8289.40 time, 8290.01 real, 597 MB
[runlim] sample:		8299.40 time, 8300.01 real, 597 MB
[runlim] sample:		8309.40 time, 8310.01 real, 597 MB
[runlim] sample:		8319.40 time, 8320.01 real, 597 MB
[runlim] sample:		8329.41 time, 8330.01 real, 597 MB
[runlim] sample:		8339.41 time, 8340.01 real, 597 MB
[runlim] sample:		8349.40 time, 8350.01 real, 597 MB
[runlim] sample:		8359.40 time, 8360.01 real, 597 MB
[runlim] sample:		8369.40 time, 8370.01 real, 597 MB
[runlim] sample:		8379.40 time, 8380.01 real, 597 MB
[runlim] sample:		8389.40 time, 8390.01 real, 597 MB
[runlim] sample:		8399.40 time, 8400.01 real, 597 MB
[runlim] sample:		8409.40 time, 8410.01 real, 597 MB
[runlim] sample:		8419.40 time, 8420.01 real, 597 MB
[runlim] sample:		8429.41 time, 8430.01 real, 597 MB
[runlim] sample:		8439.41 time, 8440.01 real, 597 MB
[runlim] sample:		8449.40 time, 8450.01 real, 597 MB
[runlim] sample:		8459.40 time, 8460.01 real, 597 MB
[runlim] sample:		8469.40 time, 8470.01 real, 597 MB
[runlim] sample:		8479.40 time, 8480.01 real, 597 MB
[runlim] sample:		8489.40 time, 8490.01 real, 597 MB
[runlim] sample:		8499.40 time, 8500.01 real, 597 MB
[runlim] sample:		8509.40 time, 8510.01 real, 597 MB
[runlim] sample:		8519.40 time, 8520.01 real, 597 MB
[runlim] sample:		8529.41 time, 8530.01 real, 597 MB
[runlim] sample:		8539.41 time, 8540.01 real, 597 MB
[runlim] sample:		8549.40 time, 8550.01 real, 597 MB
[runlim] sample:		8559.40 time, 8560.01 real, 597 MB
[runlim] sample:		8569.40 time, 8570.01 real, 597 MB
[runlim] sample:		8579.40 time, 8580.01 real, 597 MB
[runlim] sample:		8589.40 time, 8590.01 real, 597 MB
[runlim] sample:		8599.40 time, 8600.01 real, 597 MB
[runlim] sample:		8609.40 time, 8610.01 real, 597 MB
[runlim] sample:		8619.40 time, 8620.01 real, 597 MB
[runlim] sample:		8629.41 time, 8630.01 real, 597 MB
[runlim] sample:		8639.41 time, 8640.01 real, 597 MB
[runlim] sample:		8649.40 time, 8650.01 real, 597 MB
[runlim] sample:		8659.40 time, 8660.01 real, 597 MB
[runlim] sample:		8669.40 time, 8670.01 real, 597 MB
[runlim] sample:		8679.40 time, 8680.01 real, 597 MB
[runlim] sample:		8689.41 time, 8690.01 real, 597 MB
[runlim] sample:		8699.41 time, 8700.01 real, 597 MB
[runlim] sample:		8709.40 time, 8710.01 real, 597 MB
[runlim] sample:		8719.40 time, 8720.01 real, 597 MB
[runlim] sample:		8729.41 time, 8730.01 real, 597 MB
[runlim] sample:		8739.41 time, 8740.01 real, 598 MB
[runlim] sample:		8749.40 time, 8750.01 real, 600 MB
[runlim] sample:		8759.40 time, 8760.01 real, 600 MB
[runlim] sample:		8769.41 time, 8770.01 real, 600 MB
[runlim] sample:		8779.40 time, 8780.01 real, 604 MB
[runlim] sample:		8789.40 time, 8790.01 real, 604 MB
[runlim] sample:		8799.40 time, 8800.01 real, 604 MB
[runlim] sample:		8809.40 time, 8810.01 real, 604 MB
[runlim] sample:		8819.40 time, 8820.01 real, 604 MB
[runlim] sample:		8829.40 time, 8830.01 real, 604 MB
[runlim] sample:		8839.40 time, 8840.01 real, 604 MB
[runlim] sample:		8849.41 time, 8850.01 real, 604 MB
[runlim] sample:		8859.40 time, 8860.01 real, 606 MB
[runlim] sample:		8869.40 time, 8870.01 real, 609 MB
[runlim] sample:		8879.40 time, 8880.01 real, 612 MB
[runlim] sample:		8889.41 time, 8890.01 real, 613 MB
[runlim] sample:		8899.41 time, 8900.01 real, 613 MB
[runlim] sample:		8909.40 time, 8910.01 real, 613 MB
[runlim] sample:		8919.40 time, 8920.01 real, 613 MB
[runlim] sample:		8929.40 time, 8930.01 real, 613 MB
[runlim] sample:		8939.40 time, 8940.01 real, 613 MB
[runlim] sample:		8949.40 time, 8950.01 real, 613 MB
[runlim] sample:		8959.40 time, 8960.01 real, 613 MB
[runlim] sample:		8969.40 time, 8970.01 real, 613 MB
[runlim] sample:		8979.40 time, 8980.01 real, 613 MB
[runlim] sample:		8989.41 time, 8990.01 real, 613 MB
[runlim] sample:		8999.41 time, 9000.01 real, 613 MB
[runlim] sample:		9009.40 time, 9010.01 real, 613 MB
[runlim] sample:		9019.40 time, 9020.01 real, 613 MB
[runlim] sample:		9029.40 time, 9030.01 real, 613 MB
[runlim] sample:		9039.40 time, 9040.01 real, 613 MB
[runlim] sample:		9049.40 time, 9050.01 real, 613 MB
[runlim] sample:		9059.40 time, 9060.01 real, 613 MB
[runlim] sample:		9069.40 time, 9070.01 real, 613 MB
[runlim] sample:		9079.40 time, 9080.01 real, 613 MB
[runlim] sample:		9089.40 time, 9090.01 real, 613 MB
[runlim] sample:		9099.40 time, 9100.01 real, 613 MB
[runlim] sample:		9109.40 time, 9110.01 real, 613 MB
[runlim] sample:		9119.40 time, 9120.01 real, 613 MB
[runlim] sample:		9129.41 time, 9130.01 real, 613 MB
[runlim] sample:		9139.41 time, 9140.01 real, 613 MB
[runlim] sample:		9149.40 time, 9150.01 real, 613 MB
[runlim] sample:		9159.40 time, 9160.01 real, 613 MB
[runlim] sample:		9169.40 time, 9170.01 real, 613 MB
[runlim] sample:		9179.40 time, 9180.01 real, 613 MB
[runlim] sample:		9189.41 time, 9190.01 real, 613 MB
[runlim] sample:		9199.41 time, 9200.01 real, 613 MB
[runlim] sample:		9209.40 time, 9210.01 real, 613 MB
[runlim] sample:		9219.40 time, 9220.01 real, 613 MB
[runlim] sample:		9229.41 time, 9230.01 real, 613 MB
[runlim] sample:		9239.41 time, 9240.01 real, 613 MB
[runlim] sample:		9249.40 time, 9250.01 real, 613 MB
[runlim] sample:		9259.40 time, 9260.01 real, 613 MB
[runlim] sample:		9269.40 time, 9270.01 real, 613 MB
[runlim] sample:		9279.40 time, 9280.01 real, 613 MB
[runlim] sample:		9289.41 time, 9290.01 real, 613 MB
[runlim] sample:		9299.41 time, 9300.01 real, 613 MB
[runlim] sample:		9309.40 time, 9310.01 real, 613 MB
[runlim] sample:		9319.40 time, 9320.01 real, 613 MB
[runlim] sample:		9329.41 time, 9330.01 real, 613 MB
[runlim] sample:		9339.41 time, 9340.01 real, 613 MB
[runlim] sample:		9349.41 time, 9350.01 real, 613 MB
[runlim] sample:		9359.40 time, 9360.01 real, 613 MB
[runlim] sample:		9369.40 time, 9370.01 real, 613 MB
[runlim] sample:		9379.40 time, 9380.01 real, 613 MB
[runlim] sample:		9389.40 time, 9390.01 real, 613 MB
[runlim] sample:		9399.41 time, 9400.01 real, 613 MB
[runlim] sample:		9409.41 time, 9410.01 real, 613 MB
[runlim] sample:		9419.40 time, 9420.01 real, 613 MB
[runlim] sample:		9429.40 time, 9430.01 real, 613 MB
[runlim] sample:		9439.41 time, 9440.01 real, 613 MB
[runlim] sample:		9449.41 time, 9450.01 real, 613 MB
[runlim] sample:		9459.40 time, 9460.01 real, 613 MB
[runlim] sample:		9469.40 time, 9470.01 real, 613 MB
[runlim] sample:		9479.40 time, 9480.01 real, 613 MB
[runlim] sample:		9489.40 time, 9490.01 real, 613 MB
[runlim] sample:		9499.40 time, 9500.01 real, 613 MB
[runlim] sample:		9509.40 time, 9510.01 real, 613 MB
[runlim] sample:		9519.40 time, 9520.01 real, 613 MB
[runlim] sample:		9529.40 time, 9530.01 real, 613 MB
[runlim] sample:		9539.41 time, 9540.01 real, 613 MB
[runlim] sample:		9549.41 time, 9550.01 real, 613 MB
[runlim] sample:		9559.40 time, 9560.01 real, 613 MB
[runlim] sample:		9569.40 time, 9570.01 real, 613 MB
[runlim] sample:		9579.41 time, 9580.01 real, 613 MB
[runlim] sample:		9589.41 time, 9590.01 real, 613 MB
[runlim] sample:		9599.40 time, 9600.01 real, 613 MB
[runlim] sample:		9609.40 time, 9610.01 real, 613 MB
[runlim] sample:		9619.40 time, 9620.01 real, 613 MB
[runlim] sample:		9629.40 time, 9630.01 real, 613 MB
[runlim] sample:		9639.41 time, 9640.01 real, 613 MB
[runlim] sample:		9649.41 time, 9650.01 real, 613 MB
[runlim] sample:		9659.40 time, 9660.01 real, 613 MB
[runlim] sample:		9669.40 time, 9670.01 real, 613 MB
[runlim] sample:		9679.41 time, 9680.01 real, 613 MB
[runlim] sample:		9689.41 time, 9690.01 real, 613 MB
[runlim] sample:		9699.40 time, 9700.01 real, 613 MB
[runlim] sample:		9709.40 time, 9710.01 real, 613 MB
[runlim] sample:		9719.40 time, 9720.01 real, 613 MB
[runlim] sample:		9729.40 time, 9730.01 real, 613 MB
[runlim] sample:		9739.41 time, 9740.01 real, 613 MB
[runlim] sample:		9749.41 time, 9750.01 real, 613 MB
[runlim] sample:		9759.40 time, 9760.01 real, 613 MB
[runlim] sample:		9769.40 time, 9770.01 real, 613 MB
[runlim] sample:		9779.41 time, 9780.01 real, 613 MB
[runlim] sample:		9789.41 time, 9790.01 real, 613 MB
[runlim] sample:		9799.40 time, 9800.01 real, 613 MB
[runlim] sample:		9809.40 time, 9810.01 real, 613 MB
[runlim] sample:		9819.40 time, 9820.01 real, 613 MB
[runlim] sample:		9829.40 time, 9830.01 real, 613 MB
[runlim] sample:		9839.41 time, 9840.01 real, 613 MB
[runlim] sample:		9849.41 time, 9850.01 real, 613 MB
[runlim] sample:		9859.40 time, 9860.01 real, 613 MB
[runlim] sample:		9869.40 time, 9870.01 real, 613 MB
[runlim] sample:		9879.41 time, 9880.01 real, 613 MB
[runlim] sample:		9889.41 time, 9890.01 real, 613 MB
[runlim] sample:		9899.40 time, 9900.01 real, 613 MB
[runlim] sample:		9909.40 time, 9910.01 real, 613 MB
[runlim] sample:		9919.40 time, 9920.01 real, 613 MB
[runlim] sample:		9929.40 time, 9930.01 real, 613 MB
[runlim] sample:		9939.41 time, 9940.01 real, 613 MB
[runlim] sample:		9949.41 time, 9950.01 real, 613 MB
[runlim] sample:		9959.40 time, 9960.01 real, 613 MB
[runlim] sample:		9969.40 time, 9970.01 real, 613 MB
[runlim] sample:		9979.41 time, 9980.01 real, 613 MB
[runlim] sample:		9989.41 time, 9990.01 real, 613 MB
[runlim] sample:		9999.40 time, 10000.01 real, 613 MB
[runlim] sample:		10009.40 time, 10010.01 real, 613 MB
[runlim] sample:		10019.40 time, 10020.01 real, 613 MB
[runlim] sample:		10029.40 time, 10030.01 real, 613 MB
[runlim] sample:		10039.41 time, 10040.01 real, 613 MB
[runlim] sample:		10049.41 time, 10050.01 real, 613 MB
[runlim] sample:		10059.40 time, 10060.01 real, 613 MB
[runlim] sample:		10069.40 time, 10070.01 real, 613 MB
[runlim] sample:		10079.41 time, 10080.01 real, 613 MB
[runlim] sample:		10089.41 time, 10090.01 real, 613 MB
[runlim] sample:		10099.40 time, 10100.01 real, 613 MB
[runlim] sample:		10109.40 time, 10110.01 real, 613 MB
[runlim] sample:		10119.40 time, 10120.01 real, 613 MB
[runlim] sample:		10129.40 time, 10130.01 real, 613 MB
[runlim] sample:		10139.41 time, 10140.01 real, 613 MB
[runlim] sample:		10149.41 time, 10150.01 real, 613 MB
[runlim] sample:		10159.40 time, 10160.01 real, 613 MB
[runlim] sample:		10169.40 time, 10170.01 real, 613 MB
[runlim] sample:		10179.41 time, 10180.01 real, 613 MB
[runlim] sample:		10189.41 time, 10190.01 real, 613 MB
[runlim] sample:		10199.41 time, 10200.01 real, 613 MB
[runlim] sample:		10209.41 time, 10210.01 real, 613 MB
[runlim] sample:		10219.41 time, 10220.01 real, 613 MB
[runlim] sample:		10229.41 time, 10230.01 real, 613 MB
[runlim] sample:		10239.40 time, 10240.01 real, 613 MB
[runlim] sample:		10249.40 time, 10250.01 real, 613 MB
[runlim] sample:		10259.40 time, 10260.01 real, 613 MB
[runlim] sample:		10269.40 time, 10270.01 real, 617 MB
[runlim] sample:		10279.41 time, 10280.01 real, 617 MB
[runlim] sample:		10289.41 time, 10290.01 real, 617 MB
[runlim] sample:		10299.40 time, 10300.01 real, 617 MB
[runlim] sample:		10309.40 time, 10310.01 real, 617 MB
[runlim] sample:		10319.41 time, 10320.01 real, 617 MB
[runlim] sample:		10329.41 time, 10330.01 real, 617 MB
[runlim] sample:		10339.40 time, 10340.01 real, 617 MB
[runlim] sample:		10349.40 time, 10350.01 real, 617 MB
[runlim] sample:		10359.40 time, 10360.01 real, 617 MB
[runlim] sample:		10369.40 time, 10370.01 real, 617 MB
[runlim] sample:		10379.41 time, 10380.01 real, 617 MB
[runlim] sample:		10389.41 time, 10390.01 real, 617 MB
[runlim] sample:		10399.40 time, 10400.01 real, 617 MB
[runlim] sample:		10409.40 time, 10410.01 real, 618 MB
[runlim] sample:		10419.41 time, 10420.01 real, 618 MB
[runlim] sample:		10429.41 time, 10430.01 real, 618 MB
[runlim] sample:		10439.41 time, 10440.01 real, 620 MB
[runlim] sample:		10449.41 time, 10450.01 real, 621 MB
[runlim] sample:		10459.40 time, 10460.01 real, 621 MB
[runlim] sample:		10469.40 time, 10470.01 real, 621 MB
[runlim] sample:		10479.41 time, 10480.01 real, 621 MB
[runlim] sample:		10489.41 time, 10490.01 real, 621 MB
[runlim] sample:		10499.40 time, 10500.01 real, 621 MB
[runlim] sample:		10509.40 time, 10510.01 real, 621 MB
[runlim] sample:		10519.41 time, 10520.01 real, 621 MB
[runlim] sample:		10529.41 time, 10530.01 real, 621 MB
[runlim] sample:		10539.41 time, 10540.01 real, 621 MB
[runlim] sample:		10549.41 time, 10550.01 real, 621 MB
[runlim] sample:		10559.40 time, 10560.01 real, 621 MB
[runlim] sample:		10569.40 time, 10570.01 real, 621 MB
[runlim] sample:		10579.41 time, 10580.01 real, 621 MB
[runlim] sample:		10589.41 time, 10590.01 real, 621 MB
[runlim] sample:		10599.40 time, 10600.01 real, 621 MB
[runlim] sample:		10609.40 time, 10610.01 real, 621 MB
[runlim] sample:		10619.41 time, 10620.01 real, 621 MB
[runlim] sample:		10629.41 time, 10630.01 real, 621 MB
[runlim] sample:		10639.41 time, 10640.01 real, 621 MB
[runlim] sample:		10649.41 time, 10650.01 real, 621 MB
[runlim] sample:		10659.40 time, 10660.01 real, 621 MB
[runlim] sample:		10669.40 time, 10670.01 real, 621 MB
[runlim] sample:		10679.41 time, 10680.01 real, 621 MB
[runlim] sample:		10689.41 time, 10690.01 real, 621 MB
[runlim] sample:		10699.40 time, 10700.01 real, 621 MB
[runlim] sample:		10709.40 time, 10710.01 real, 621 MB
[runlim] sample:		10719.41 time, 10720.01 real, 621 MB
[runlim] sample:		10729.41 time, 10730.01 real, 621 MB
[runlim] sample:		10739.41 time, 10740.01 real, 621 MB
[runlim] sample:		10749.41 time, 10750.01 real, 621 MB
[runlim] sample:		10759.40 time, 10760.01 real, 621 MB
[runlim] sample:		10769.40 time, 10770.01 real, 621 MB
[runlim] sample:		10779.41 time, 10780.01 real, 621 MB
[runlim] sample:		10789.41 time, 10790.01 real, 621 MB
[runlim] sample:		10799.40 time, 10800.01 real, 621 MB
[runlim] sample:		10809.40 time, 10810.01 real, 621 MB
[runlim] sample:		10819.41 time, 10820.01 real, 621 MB
[runlim] sample:		10829.41 time, 10830.01 real, 621 MB
[runlim] sample:		10839.41 time, 10840.01 real, 621 MB
[runlim] sample:		10849.41 time, 10850.01 real, 621 MB
[runlim] sample:		10859.40 time, 10860.01 real, 621 MB
[runlim] sample:		10869.40 time, 10870.01 real, 621 MB
[runlim] sample:		10879.41 time, 10880.01 real, 621 MB
[runlim] sample:		10889.41 time, 10890.01 real, 621 MB
[runlim] sample:		10899.41 time, 10900.01 real, 621 MB
[runlim] sample:		10909.40 time, 10910.01 real, 621 MB
[runlim] sample:		10919.40 time, 10920.01 real, 621 MB
[runlim] sample:		10929.41 time, 10930.01 real, 621 MB
[runlim] sample:		10939.41 time, 10940.01 real, 621 MB
[runlim] sample:		10949.41 time, 10950.01 real, 621 MB
[runlim] sample:		10959.41 time, 10960.01 real, 621 MB
[runlim] sample:		10969.40 time, 10970.01 real, 622 MB
[runlim] sample:		10979.40 time, 10980.01 real, 622 MB
[runlim] sample:		10989.41 time, 10990.01 real, 622 MB
[runlim] sample:		10999.41 time, 11000.01 real, 622 MB
[runlim] sample:		11009.40 time, 11010.01 real, 622 MB
[runlim] sample:		11019.40 time, 11020.01 real, 622 MB
[runlim] sample:		11029.41 time, 11030.01 real, 622 MB
[runlim] sample:		11039.41 time, 11040.01 real, 622 MB
[runlim] sample:		11049.41 time, 11050.01 real, 622 MB
[runlim] sample:		11059.41 time, 11060.01 real, 622 MB
[runlim] sample:		11069.40 time, 11070.01 real, 622 MB
[runlim] sample:		11079.40 time, 11080.01 real, 622 MB
[runlim] sample:		11089.40 time, 11090.01 real, 623 MB
[runlim] sample:		11099.40 time, 11100.01 real, 623 MB
[runlim] sample:		11109.41 time, 11110.01 real, 623 MB
[runlim] sample:		11119.41 time, 11120.01 real, 623 MB
[runlim] sample:		11129.41 time, 11130.01 real, 624 MB
[runlim] sample:		11139.41 time, 11140.01 real, 624 MB
[runlim] sample:		11149.40 time, 11150.01 real, 624 MB
[runlim] sample:		11159.40 time, 11160.01 real, 624 MB
[runlim] sample:		11169.41 time, 11170.01 real, 624 MB
[runlim] sample:		11179.41 time, 11180.01 real, 624 MB
[runlim] sample:		11189.40 time, 11190.01 real, 624 MB
[runlim] sample:		11199.40 time, 11200.01 real, 624 MB
[runlim] sample:		11209.41 time, 11210.01 real, 624 MB
[runlim] sample:		11219.41 time, 11220.01 real, 624 MB
[runlim] sample:		11229.41 time, 11230.01 real, 624 MB
[runlim] sample:		11239.41 time, 11240.01 real, 624 MB
[runlim] sample:		11249.40 time, 11250.01 real, 624 MB
[runlim] sample:		11259.40 time, 11260.01 real, 624 MB
[runlim] sample:		11269.41 time, 11270.01 real, 624 MB
[runlim] sample:		11279.41 time, 11280.01 real, 624 MB
[runlim] sample:		11289.40 time, 11290.01 real, 624 MB
[runlim] sample:		11299.40 time, 11300.01 real, 624 MB
[runlim] sample:		11309.41 time, 11310.01 real, 624 MB
[runlim] sample:		11319.41 time, 11320.01 real, 624 MB
[runlim] sample:		11329.41 time, 11330.01 real, 624 MB
[runlim] sample:		11339.41 time, 11340.01 real, 624 MB
[runlim] sample:		11349.40 time, 11350.01 real, 625 MB
[runlim] sample:		11359.40 time, 11360.01 real, 625 MB
[runlim] sample:		11369.41 time, 11370.01 real, 625 MB
[runlim] sample:		11379.41 time, 11380.01 real, 625 MB
[runlim] sample:		11389.40 time, 11390.01 real, 625 MB
[runlim] sample:		11399.40 time, 11400.01 real, 625 MB
[runlim] sample:		11409.41 time, 11410.01 real, 626 MB
[runlim] sample:		11419.41 time, 11420.01 real, 626 MB
[runlim] sample:		11429.41 time, 11430.01 real, 626 MB
[runlim] sample:		11439.41 time, 11440.01 real, 626 MB
[runlim] sample:		11449.41 time, 11450.01 real, 626 MB
[runlim] sample:		11459.41 time, 11460.01 real, 626 MB
[runlim] sample:		11469.40 time, 11470.01 real, 626 MB
[runlim] sample:		11479.40 time, 11480.01 real, 626 MB
[runlim] sample:		11489.41 time, 11490.01 real, 626 MB
[runlim] sample:		11499.41 time, 11500.01 real, 626 MB
[runlim] sample:		11509.40 time, 11510.01 real, 626 MB
[runlim] sample:		11519.40 time, 11520.01 real, 626 MB
[runlim] sample:		11529.41 time, 11530.01 real, 626 MB
[runlim] sample:		11539.41 time, 11540.01 real, 626 MB
[runlim] sample:		11549.41 time, 11550.01 real, 626 MB
[runlim] sample:		11559.41 time, 11560.01 real, 626 MB
[runlim] sample:		11569.40 time, 11570.01 real, 626 MB
[runlim] sample:		11579.40 time, 11580.01 real, 638 MB
[runlim] sample:		11589.41 time, 11590.01 real, 638 MB
[runlim] sample:		11599.41 time, 11600.01 real, 638 MB
[runlim] sample:		11609.41 time, 11610.01 real, 638 MB
[runlim] sample:		11619.41 time, 11620.01 real, 638 MB
[runlim] sample:		11629.40 time, 11630.01 real, 638 MB
[runlim] sample:		11639.40 time, 11640.01 real, 638 MB
[runlim] sample:		11649.41 time, 11650.01 real, 638 MB
[runlim] sample:		11659.41 time, 11660.01 real, 638 MB
[runlim] sample:		11669.40 time, 11670.01 real, 638 MB
[runlim] sample:		11679.40 time, 11680.01 real, 638 MB
[runlim] sample:		11689.41 time, 11690.01 real, 638 MB
[runlim] sample:		11699.41 time, 11700.01 real, 638 MB
[runlim] sample:		11709.41 time, 11710.01 real, 638 MB
[runlim] sample:		11719.41 time, 11720.01 real, 638 MB
[runlim] sample:		11729.40 time, 11730.01 real, 638 MB
[runlim] sample:		11739.40 time, 11740.01 real, 638 MB
[runlim] sample:		11749.41 time, 11750.01 real, 638 MB
[runlim] sample:		11759.41 time, 11760.01 real, 638 MB
[runlim] sample:		11769.40 time, 11770.01 real, 638 MB
[runlim] sample:		11779.40 time, 11780.01 real, 638 MB
[runlim] sample:		11789.41 time, 11790.01 real, 638 MB
[runlim] sample:		11799.41 time, 11800.01 real, 638 MB
[runlim] sample:		11809.41 time, 11810.01 real, 638 MB
[runlim] sample:		11819.41 time, 11820.01 real, 639 MB
[runlim] sample:		11829.40 time, 11830.01 real, 639 MB
[runlim] sample:		11839.40 time, 11840.01 real, 639 MB
[runlim] sample:		11849.41 time, 11850.01 real, 639 MB
[runlim] sample:		11859.41 time, 11860.01 real, 639 MB
[runlim] sample:		11869.40 time, 11870.01 real, 639 MB
[runlim] sample:		11879.40 time, 11880.01 real, 639 MB
[runlim] sample:		11889.41 time, 11890.01 real, 639 MB
[runlim] sample:		11899.41 time, 11900.01 real, 639 MB
[runlim] sample:		11909.41 time, 11910.01 real, 639 MB
[runlim] sample:		11919.41 time, 11920.01 real, 639 MB
[runlim] sample:		11929.40 time, 11930.01 real, 639 MB
[runlim] sample:		11939.40 time, 11940.01 real, 639 MB
[runlim] sample:		11949.41 time, 11950.01 real, 639 MB
[runlim] sample:		11959.41 time, 11960.01 real, 639 MB
[runlim] sample:		11969.40 time, 11970.01 real, 639 MB
[runlim] sample:		11979.40 time, 11980.01 real, 639 MB
[runlim] sample:		11989.41 time, 11990.01 real, 639 MB
[runlim] sample:		11999.41 time, 12000.01 real, 639 MB
[runlim] sample:		12009.41 time, 12010.01 real, 639 MB
[runlim] sample:		12019.41 time, 12020.01 real, 639 MB
[runlim] sample:		12029.40 time, 12030.01 real, 639 MB
[runlim] sample:		12039.40 time, 12040.01 real, 639 MB
[runlim] sample:		12049.41 time, 12050.01 real, 639 MB
[runlim] sample:		12059.41 time, 12060.01 real, 639 MB
[runlim] sample:		12069.40 time, 12070.01 real, 639 MB
[runlim] sample:		12079.40 time, 12080.01 real, 639 MB
[runlim] sample:		12089.41 time, 12090.01 real, 640 MB
[runlim] sample:		12099.41 time, 12100.01 real, 640 MB
[runlim] sample:		12109.40 time, 12110.01 real, 640 MB
[runlim] sample:		12119.40 time, 12120.01 real, 640 MB
[runlim] sample:		12129.41 time, 12130.01 real, 642 MB
[runlim] sample:		12139.41 time, 12140.01 real, 642 MB
[runlim] sample:		12149.40 time, 12150.01 real, 642 MB
[runlim] sample:		12159.40 time, 12160.01 real, 642 MB
[runlim] sample:		12169.41 time, 12170.01 real, 642 MB
[runlim] sample:		12179.41 time, 12180.01 real, 642 MB
[runlim] sample:		12189.41 time, 12190.01 real, 642 MB
[runlim] sample:		12199.41 time, 12200.01 real, 642 MB
[runlim] sample:		12209.40 time, 12210.01 real, 642 MB
[runlim] sample:		12219.40 time, 12220.01 real, 642 MB
[runlim] sample:		12229.41 time, 12230.01 real, 642 MB
[runlim] sample:		12239.41 time, 12240.01 real, 642 MB
[runlim] sample:		12249.40 time, 12250.01 real, 642 MB
[runlim] sample:		12259.40 time, 12260.01 real, 642 MB
[runlim] sample:		12269.41 time, 12270.01 real, 642 MB
[runlim] sample:		12279.41 time, 12280.01 real, 642 MB
[runlim] sample:		12289.41 time, 12290.01 real, 642 MB
[runlim] sample:		12299.41 time, 12300.01 real, 642 MB
[runlim] sample:		12309.40 time, 12310.01 real, 642 MB
[runlim] sample:		12319.40 time, 12320.01 real, 642 MB
[runlim] sample:		12329.41 time, 12330.01 real, 642 MB
[runlim] sample:		12339.41 time, 12340.01 real, 642 MB
[runlim] sample:		12349.40 time, 12350.01 real, 642 MB
[runlim] sample:		12359.40 time, 12360.01 real, 642 MB
[runlim] sample:		12369.41 time, 12370.01 real, 642 MB
[runlim] sample:		12379.41 time, 12380.01 real, 642 MB
[runlim] sample:		12389.41 time, 12390.01 real, 642 MB
[runlim] sample:		12399.41 time, 12400.01 real, 642 MB
[runlim] sample:		12409.40 time, 12410.01 real, 642 MB
[runlim] sample:		12419.40 time, 12420.01 real, 642 MB
[runlim] sample:		12429.40 time, 12430.01 real, 642 MB
[runlim] sample:		12439.41 time, 12440.01 real, 642 MB
[runlim] sample:		12449.41 time, 12450.01 real, 642 MB
[runlim] sample:		12459.40 time, 12460.01 real, 642 MB
[runlim] sample:		12469.40 time, 12470.01 real, 642 MB
[runlim] sample:		12479.41 time, 12480.01 real, 642 MB
[runlim] sample:		12489.41 time, 12490.01 real, 642 MB
[runlim] sample:		12499.41 time, 12500.01 real, 642 MB
[runlim] sample:		12509.41 time, 12510.01 real, 643 MB
[runlim] sample:		12519.40 time, 12520.01 real, 645 MB
[runlim] sample:		12529.41 time, 12530.01 real, 647 MB
[runlim] sample:		12539.41 time, 12540.01 real, 649 MB
[runlim] sample:		12549.41 time, 12550.01 real, 649 MB
[runlim] sample:		12559.40 time, 12560.01 real, 649 MB
[runlim] sample:		12569.40 time, 12570.01 real, 649 MB
[runlim] sample:		12579.41 time, 12580.01 real, 649 MB
[runlim] sample:		12589.41 time, 12590.01 real, 649 MB
[runlim] sample:		12599.40 time, 12600.01 real, 649 MB
[runlim] sample:		12609.40 time, 12610.01 real, 649 MB
[runlim] sample:		12619.41 time, 12620.01 real, 649 MB
[runlim] sample:		12629.41 time, 12630.01 real, 649 MB
[runlim] sample:		12639.41 time, 12640.01 real, 649 MB
[runlim] sample:		12649.41 time, 12650.01 real, 649 MB
[runlim] sample:		12659.40 time, 12660.01 real, 649 MB
[runlim] sample:		12669.40 time, 12670.01 real, 649 MB
[runlim] sample:		12679.41 time, 12680.01 real, 649 MB
[runlim] sample:		12689.41 time, 12690.01 real, 649 MB
[runlim] sample:		12699.40 time, 12700.01 real, 649 MB
[runlim] sample:		12709.40 time, 12710.01 real, 649 MB
[runlim] sample:		12719.41 time, 12720.01 real, 649 MB
[runlim] sample:		12729.41 time, 12730.01 real, 649 MB
[runlim] sample:		12739.41 time, 12740.01 real, 649 MB
[runlim] sample:		12749.41 time, 12750.01 real, 649 MB
[runlim] sample:		12759.40 time, 12760.01 real, 649 MB
[runlim] sample:		12769.40 time, 12770.01 real, 649 MB
[runlim] sample:		12779.41 time, 12780.01 real, 649 MB
[runlim] sample:		12789.41 time, 12790.01 real, 649 MB
[runlim] sample:		12799.40 time, 12800.01 real, 649 MB
[runlim] sample:		12809.40 time, 12810.01 real, 649 MB
[runlim] sample:		12819.41 time, 12820.01 real, 649 MB
[runlim] sample:		12829.41 time, 12830.01 real, 649 MB
[runlim] sample:		12839.41 time, 12840.01 real, 649 MB
[runlim] sample:		12849.41 time, 12850.01 real, 649 MB
[runlim] sample:		12859.41 time, 12860.01 real, 649 MB
[runlim] sample:		12869.41 time, 12870.01 real, 649 MB
[runlim] sample:		12879.41 time, 12880.01 real, 649 MB
[runlim] sample:		12889.41 time, 12890.01 real, 649 MB
[runlim] sample:		12899.40 time, 12900.01 real, 649 MB
[runlim] sample:		12909.40 time, 12910.01 real, 649 MB
[runlim] sample:		12919.41 time, 12920.01 real, 649 MB
[runlim] sample:		12929.41 time, 12930.01 real, 649 MB
[runlim] sample:		12939.40 time, 12940.01 real, 649 MB
[runlim] sample:		12949.41 time, 12950.01 real, 649 MB
[runlim] sample:		12959.41 time, 12960.01 real, 649 MB
[runlim] sample:		12969.41 time, 12970.01 real, 649 MB
[runlim] sample:		12979.41 time, 12980.01 real, 649 MB
[runlim] sample:		12989.41 time, 12990.01 real, 649 MB
[runlim] sample:		12999.40 time, 13000.01 real, 649 MB
[runlim] sample:		13009.40 time, 13010.01 real, 649 MB
[runlim] sample:		13019.41 time, 13020.01 real, 649 MB
[runlim] sample:		13029.41 time, 13030.01 real, 649 MB
[runlim] sample:		13039.41 time, 13040.01 real, 649 MB
[runlim] sample:		13049.41 time, 13050.01 real, 650 MB
[runlim] sample:		13059.41 time, 13060.01 real, 650 MB
[runlim] sample:		13069.41 time, 13070.01 real, 650 MB
[runlim] sample:		13079.41 time, 13080.01 real, 650 MB
[runlim] sample:		13089.41 time, 13090.01 real, 650 MB
[runlim] sample:		13099.40 time, 13100.01 real, 650 MB
[runlim] sample:		13109.40 time, 13110.01 real, 650 MB
[runlim] sample:		13119.41 time, 13120.01 real, 650 MB
[runlim] sample:		13129.41 time, 13130.01 real, 650 MB
[runlim] sample:		13139.41 time, 13140.01 real, 650 MB
[runlim] sample:		13149.41 time, 13150.01 real, 650 MB
[runlim] sample:		13159.41 time, 13160.01 real, 650 MB
[runlim] sample:		13169.41 time, 13170.01 real, 650 MB
[runlim] sample:		13179.41 time, 13180.01 real, 650 MB
[runlim] sample:		13189.41 time, 13190.01 real, 650 MB
[runlim] sample:		13199.40 time, 13200.01 real, 650 MB
[runlim] sample:		13209.40 time, 13210.01 real, 650 MB
[runlim] sample:		13219.41 time, 13220.01 real, 650 MB
[runlim] sample:		13229.41 time, 13230.01 real, 650 MB
[runlim] sample:		13239.41 time, 13240.01 real, 650 MB
[runlim] sample:		13249.41 time, 13250.01 real, 650 MB
[runlim] sample:		13259.41 time, 13260.01 real, 650 MB
[runlim] sample:		13269.41 time, 13270.01 real, 650 MB
[runlim] sample:		13279.41 time, 13280.01 real, 650 MB
[runlim] sample:		13289.41 time, 13290.01 real, 650 MB
[runlim] sample:		13299.41 time, 13300.01 real, 650 MB
[runlim] sample:		13309.41 time, 13310.01 real, 650 MB
[runlim] sample:		13319.41 time, 13320.01 real, 650 MB
[runlim] sample:		13329.41 time, 13330.01 real, 650 MB
[runlim] end:			Tue Dec  8 17:40:31 2020
[runlim] status:		ok
[runlim] result:		0
[runlim] children:		1
[runlim] real:			13332.84 seconds
[runlim] time:			13332.21 seconds
[runlim] space:			650 MB
[runlim] samples:		133328
