[runlim] version:		1.21
[runlim] host:			c3n11
[runlim] time limit:		86400 seconds
[runlim] real time limit:	86400 seconds
[runlim] space limit:		8000 MB
[runlim] argv[0]:		concubine
[runlim] argv[1]:		solve
[runlim] argv[2]:		-v
[runlim] argv[3]:		-s
[runlim] argv[4]:		z3
[runlim] argv[5]:		-e
[runlim] argv[6]:		smtlib-relational
[runlim] argv[7]:		-m
[runlim] argv[8]:		init.mmap
[runlim] argv[9]:		-o
[runlim] argv[10]:		z3-relational
[runlim] argv[11]:		92
[runlim] argv[12]:		count_stat.buggy.0.asm
[runlim] argv[13]:		count_stat.buggy.1.asm
[runlim] argv[14]:		count_stat.buggy.2.asm
[runlim] argv[15]:		count_stat.checker.asm
[runlim] start:			Tue Dec  8 13:58:19 2020
[runlim] child:			18359
[runlim] sample:		9.50 time, 10.01 real, 41 MB
[runlim] sample:		19.50 time, 20.01 real, 41 MB
[runlim] sample:		29.50 time, 30.01 real, 41 MB
[runlim] sample:		39.50 time, 40.01 real, 41 MB
[runlim] sample:		49.50 time, 50.01 real, 41 MB
[runlim] sample:		59.50 time, 60.01 real, 41 MB
[runlim] sample:		69.50 time, 70.01 real, 41 MB
[runlim] sample:		79.50 time, 80.01 real, 41 MB
[runlim] sample:		89.50 time, 90.01 real, 44 MB
[runlim] sample:		99.50 time, 100.01 real, 44 MB
[runlim] sample:		109.50 time, 110.01 real, 44 MB
[runlim] sample:		119.50 time, 120.01 real, 44 MB
[runlim] sample:		129.50 time, 130.01 real, 44 MB
[runlim] sample:		139.50 time, 140.01 real, 44 MB
[runlim] sample:		149.50 time, 150.01 real, 44 MB
[runlim] sample:		159.50 time, 160.01 real, 44 MB
[runlim] sample:		169.50 time, 170.01 real, 99 MB
[runlim] sample:		179.50 time, 180.01 real, 101 MB
[runlim] sample:		189.50 time, 190.01 real, 105 MB
[runlim] sample:		199.50 time, 200.01 real, 106 MB
[runlim] sample:		209.50 time, 210.01 real, 109 MB
[runlim] sample:		219.50 time, 220.01 real, 115 MB
[runlim] sample:		229.50 time, 230.01 real, 118 MB
[runlim] sample:		239.50 time, 240.01 real, 118 MB
[runlim] sample:		249.50 time, 250.01 real, 120 MB
[runlim] sample:		259.50 time, 260.01 real, 120 MB
[runlim] sample:		269.50 time, 270.01 real, 120 MB
[runlim] sample:		279.50 time, 280.01 real, 121 MB
[runlim] sample:		289.50 time, 290.01 real, 122 MB
[runlim] sample:		299.50 time, 300.01 real, 123 MB
[runlim] sample:		309.50 time, 310.01 real, 123 MB
[runlim] sample:		319.50 time, 320.01 real, 124 MB
[runlim] sample:		329.50 time, 330.01 real, 125 MB
[runlim] sample:		339.51 time, 340.01 real, 125 MB
[runlim] sample:		349.51 time, 350.01 real, 125 MB
[runlim] sample:		359.51 time, 360.01 real, 126 MB
[runlim] sample:		369.51 time, 370.01 real, 126 MB
[runlim] sample:		379.51 time, 380.01 real, 127 MB
[runlim] sample:		389.51 time, 390.01 real, 127 MB
[runlim] sample:		399.51 time, 400.01 real, 128 MB
[runlim] sample:		409.51 time, 410.01 real, 129 MB
[runlim] sample:		419.50 time, 420.01 real, 130 MB
[runlim] sample:		429.50 time, 430.01 real, 131 MB
[runlim] sample:		439.50 time, 440.01 real, 131 MB
[runlim] sample:		449.50 time, 450.01 real, 132 MB
[runlim] sample:		459.50 time, 460.01 real, 132 MB
[runlim] sample:		469.50 time, 470.01 real, 133 MB
[runlim] sample:		479.50 time, 480.01 real, 135 MB
[runlim] sample:		489.50 time, 490.01 real, 135 MB
[runlim] sample:		499.50 time, 500.01 real, 135 MB
[runlim] sample:		509.50 time, 510.01 real, 136 MB
[runlim] sample:		519.50 time, 520.01 real, 137 MB
[runlim] sample:		529.50 time, 530.01 real, 137 MB
[runlim] sample:		539.50 time, 540.01 real, 137 MB
[runlim] sample:		549.50 time, 550.01 real, 137 MB
[runlim] sample:		559.50 time, 560.01 real, 137 MB
[runlim] sample:		569.50 time, 570.01 real, 137 MB
[runlim] sample:		579.50 time, 580.01 real, 137 MB
[runlim] sample:		589.50 time, 590.01 real, 137 MB
[runlim] sample:		599.50 time, 600.01 real, 138 MB
[runlim] sample:		609.50 time, 610.01 real, 140 MB
[runlim] sample:		619.50 time, 620.01 real, 141 MB
[runlim] sample:		629.50 time, 630.01 real, 141 MB
[runlim] sample:		639.50 time, 640.01 real, 141 MB
[runlim] sample:		649.50 time, 650.01 real, 141 MB
[runlim] sample:		659.50 time, 660.01 real, 141 MB
[runlim] sample:		669.50 time, 670.01 real, 142 MB
[runlim] sample:		679.50 time, 680.01 real, 142 MB
[runlim] sample:		689.50 time, 690.01 real, 143 MB
[runlim] sample:		699.50 time, 700.01 real, 143 MB
[runlim] sample:		709.50 time, 710.01 real, 143 MB
[runlim] sample:		719.50 time, 720.01 real, 143 MB
[runlim] sample:		729.50 time, 730.01 real, 147 MB
[runlim] end:			Tue Dec  8 14:10:29 2020
[runlim] status:		ok
[runlim] result:		0
[runlim] children:		1
[runlim] real:			730.15 seconds
[runlim] time:			729.60 seconds
[runlim] space:			147 MB
[runlim] samples:		7301
