count_stat.buggy.0.asm
count_stat.buggy.1.asm
count_stat.buggy.2.asm
count_stat.checker.asm
. z3-relational.mmap
# tid	pc	cmd	arg	accu	mem	adr	val	full	heap
2	inc	LOAD	0	0	0	0	0	0	{}	# 0
2	1	ADDI	1	0	0	0	0	0	{}	# 1
1	inc	LOAD	0	0	0	0	0	0	{}	# 2
1	1	ADDI	1	0	0	0	0	0	{}	# 3
1	2	STORE	0	1	0	0	0	0	{}	# 4
0	inc	LOAD	0	0	0	0	0	0	{}	# 5
2	2	STORE	0	1	0	0	0	0	{}	# 6
0	1	ADDI	1	0	0	0	0	0	{}	# 7
0	2	STORE	0	1	0	0	0	0	{}	# 8
0	3	FLUSH	-	1	0	0	1	1	{}	# 9
3	0	CHECK	0	0	0	0	0	0	{(0,1)}	# 10
0	3	LOAD	10	1	0	0	1	0	{}	# 11
1	3	LOAD	11	1	0	0	1	1	{}	# 12
2	3	FLUSH	-	1	0	0	1	1	{}	# 13
2	3	LOAD	12	1	0	0	1	0	{(0,1)}	# 14
2	4	SUBI	1	3	0	0	1	0	{}	# 15
2	5	STORE	12	2	0	0	1	0	{}	# 16
2	6	JNZ	inc	2	0	12	2	1	{}	# 17
2	inc	LOAD	0	2	0	12	2	1	{}	# 18
2	1	ADDI	1	1	0	12	2	1	{}	# 19
2	2	FLUSH	-	2	0	12	2	1	{}	# 20
1	4	SUBI	1	3	0	0	1	1	{(12,2)}	# 21
1	5	FLUSH	-	2	0	0	1	1	{}	# 22
1	5	STORE	11	2	0	0	1	0	{(0,1)}	# 23
2	2	STORE	0	2	0	12	2	0	{}	# 24
1	6	FLUSH	-	2	0	11	2	1	{}	# 25
2	3	LOAD	12	2	0	0	2	1	{(11,2)}	# 26
0	4	SUBI	1	3	0	0	1	0	{}	# 27
2	4	SUBI	1	2	0	0	2	1	{}	# 28
0	5	STORE	10	2	0	0	1	0	{}	# 29
0	6	JNZ	inc	2	0	10	2	1	{}	# 30
0	inc	LOAD	0	2	0	10	2	1	{}	# 31
0	1	ADDI	1	1	0	10	2	1	{}	# 32
0	2	FLUSH	-	2	0	10	2	1	{}	# 33
0	2	STORE	0	2	0	10	2	0	{(10,2)}	# 34
1	6	JNZ	inc	2	0	11	2	0	{}	# 35
0	3	LOAD	10	2	0	0	2	1	{}	# 36
1	inc	LOAD	0	2	0	11	2	0	{}	# 37
1	1	ADDI	1	1	0	11	2	0	{}	# 38
2	5	FLUSH	-	1	0	0	2	1	{}	# 39
1	2	STORE	0	2	0	11	2	0	{(0,2)}	# 40
1	3	LOAD	11	2	0	0	2	1	{}	# 41
0	4	SUBI	1	2	0	0	2	1	{}	# 42
0	5	FLUSH	-	1	0	0	2	1	{}	# 43
1	4	SUBI	1	2	0	0	2	1	{(0,2)}	# 44
0	5	STORE	10	1	0	0	2	0	{}	# 45
0	6	JNZ	inc	1	0	10	1	1	{}	# 46
1	5	FLUSH	-	1	0	0	2	1	{}	# 47
2	5	STORE	12	1	0	0	2	0	{(0,2)}	# 48
2	6	FLUSH	-	1	0	12	1	1	{}	# 49
0	inc	FLUSH	-	1	0	10	1	1	{(12,1)}	# 50
1	5	STORE	11	1	0	0	2	0	{(10,1)}	# 51
2	6	JNZ	inc	1	0	12	1	0	{}	# 52
2	inc	LOAD	0	1	0	12	1	0	{}	# 53
2	1	ADDI	1	2	0	12	1	0	{}	# 54
2	2	STORE	0	3	0	12	1	0	{}	# 55
2	3	LOAD	12	3	0	0	3	1	{}	# 56
2	4	SUBI	1	1	0	0	3	1	{}	# 57
1	6	JNZ	inc	1	0	11	1	1	{}	# 58
1	inc	LOAD	0	1	0	11	1	1	{}	# 59
0	inc	LOAD	0	1	0	10	1	0	{}	# 60
1	1	ADDI	1	2	0	11	1	1	{}	# 61
2	5	FLUSH	-	0	0	0	3	1	{}	# 62
0	1	ADDI	1	2	0	10	1	0	{(0,3)}	# 63
2	5	STORE	12	0	0	0	3	0	{}	# 64
2	6	JNZ	inc	0	0	12	0	1	{}	# 65
1	2	FLUSH	-	3	0	11	1	1	{}	# 66
1	2	STORE	0	3	0	11	1	0	{(11,1)}	# 67
2	7	FLUSH	-	0	0	12	0	1	{}	# 68
2	7	CHECK	0	0	0	12	0	0	{(12,0)}	# 69
1	3	LOAD	11	3	0	0	3	1	{}	# 70
1	4	SUBI	1	1	0	0	3	1	{}	# 71
1	5	FLUSH	-	0	0	0	3	1	{}	# 72
0	2	STORE	0	3	0	10	1	0	{(0,3)}	# 73
0	3	LOAD	10	3	0	0	3	1	{}	# 74
0	4	FLUSH	-	1	0	0	3	1	{}	# 75
1	5	STORE	11	0	0	0	3	0	{(0,3)}	# 76
1	6	JNZ	inc	0	0	11	0	1	{}	# 77
0	4	SUBI	1	1	0	0	3	0	{}	# 78
0	5	STORE	10	0	0	0	3	0	{}	# 79
0	6	FLUSH	-	0	0	10	0	1	{}	# 80
0	6	JNZ	inc	0	0	10	0	0	{(10,0)}	# 81
1	7	CHECK	0	0	0	11	0	1	{}	# 82
0	7	CHECK	0	0	0	10	0	0	{}	# 83
2	8	HALT	-	0	0	12	0	0	{}	# 84
3	1	ADDI	9	0	0	0	0	0	{}	# 85
1	8	FLUSH	-	0	0	11	0	1	{}	# 86
3	2	CMP	0	9	0	0	0	0	{(11,0)}	# 87
1	8	HALT	-	0	0	11	0	0	{}	# 88
0	8	HALT	-	0	0	10	0	0	{}	# 89
3	3	JNZ	error	6	0	0	0	0	{}	# 90
3	error	EXIT	1	6	0	0	0	0	{}	# 91
