[runlim] version:		1.21
[runlim] host:			c3n15
[runlim] time limit:		86400 seconds
[runlim] real time limit:	86400 seconds
[runlim] space limit:		8000 MB
[runlim] argv[0]:		concubine
[runlim] argv[1]:		solve
[runlim] argv[2]:		-v
[runlim] argv[3]:		-s
[runlim] argv[4]:		z3
[runlim] argv[5]:		-e
[runlim] argv[6]:		smtlib
[runlim] argv[7]:		-m
[runlim] argv[8]:		init.mmap
[runlim] argv[9]:		-o
[runlim] argv[10]:		z3-functional
[runlim] argv[11]:		553
[runlim] argv[12]:		count_stat.cas.0.asm
[runlim] argv[13]:		count_stat.cas.1.asm
[runlim] argv[14]:		count_stat.cas.2.asm
[runlim] argv[15]:		count_stat.cas.3.asm
[runlim] argv[16]:		count_stat.checker.asm
[runlim] start:			Tue Dec  8 13:58:23 2020
[runlim] child:			16867
[runlim] sample:		9.77 time, 10.01 real, 226 MB
[runlim] sample:		19.77 time, 20.01 real, 555 MB
[runlim] sample:		29.78 time, 30.01 real, 1033 MB
[runlim] sample:		39.77 time, 40.01 real, 1158 MB
[runlim] sample:		49.78 time, 50.01 real, 1983 MB
[runlim] sample:		59.77 time, 60.01 real, 1830 MB
[runlim] sample:		69.77 time, 70.01 real, 2182 MB
[runlim] sample:		79.77 time, 80.01 real, 2392 MB
[runlim] sample:		89.78 time, 90.01 real, 2597 MB
[runlim] sample:		99.78 time, 100.01 real, 3287 MB
[runlim] sample:		109.78 time, 110.01 real, 3501 MB
[runlim] sample:		119.78 time, 120.01 real, 3710 MB
[runlim] sample:		129.77 time, 130.01 real, 3531 MB
[runlim] sample:		139.77 time, 140.01 real, 3700 MB
[runlim] sample:		149.78 time, 150.01 real, 3542 MB
[runlim] sample:		159.77 time, 160.01 real, 4043 MB
[runlim] sample:		169.77 time, 170.01 real, 3971 MB
[runlim] sample:		179.78 time, 180.01 real, 4325 MB
[runlim] sample:		189.77 time, 190.01 real, 4640 MB
[runlim] sample:		199.77 time, 200.01 real, 5092 MB
[runlim] sample:		209.77 time, 210.01 real, 5299 MB
[runlim] sample:		219.77 time, 220.01 real, 5315 MB
[runlim] sample:		229.78 time, 230.01 real, 5331 MB
[runlim] sample:		239.78 time, 240.01 real, 5331 MB
[runlim] sample:		249.77 time, 250.01 real, 5331 MB
[runlim] sample:		259.77 time, 260.01 real, 5331 MB
[runlim] sample:		269.78 time, 270.01 real, 5331 MB
[runlim] sample:		279.77 time, 280.01 real, 5331 MB
[runlim] sample:		289.77 time, 290.01 real, 5363 MB
[runlim] sample:		299.77 time, 300.01 real, 5363 MB
[runlim] sample:		309.77 time, 310.01 real, 5363 MB
[runlim] sample:		319.77 time, 320.01 real, 5363 MB
[runlim] sample:		329.77 time, 330.01 real, 5363 MB
[runlim] sample:		339.77 time, 340.01 real, 5363 MB
[runlim] sample:		349.77 time, 350.01 real, 5363 MB
[runlim] sample:		359.77 time, 360.01 real, 5363 MB
[runlim] sample:		369.77 time, 370.01 real, 5363 MB
[runlim] sample:		379.77 time, 380.01 real, 5363 MB
[runlim] sample:		389.77 time, 390.01 real, 5363 MB
[runlim] sample:		399.77 time, 400.01 real, 5363 MB
[runlim] sample:		409.77 time, 410.01 real, 5363 MB
[runlim] sample:		419.77 time, 420.01 real, 5363 MB
[runlim] sample:		429.77 time, 430.01 real, 5363 MB
[runlim] sample:		439.77 time, 440.01 real, 5395 MB
[runlim] sample:		449.77 time, 450.01 real, 5395 MB
[runlim] sample:		459.77 time, 460.01 real, 5395 MB
[runlim] sample:		469.77 time, 470.01 real, 5395 MB
[runlim] sample:		479.77 time, 480.01 real, 5395 MB
[runlim] sample:		489.77 time, 490.01 real, 5395 MB
[runlim] sample:		499.77 time, 500.01 real, 5395 MB
[runlim] sample:		509.77 time, 510.01 real, 5395 MB
[runlim] sample:		519.77 time, 520.01 real, 5395 MB
[runlim] sample:		529.77 time, 530.01 real, 5395 MB
[runlim] sample:		539.77 time, 540.01 real, 5395 MB
[runlim] sample:		549.77 time, 550.01 real, 5395 MB
[runlim] sample:		559.77 time, 560.01 real, 5395 MB
[runlim] sample:		569.77 time, 570.01 real, 5395 MB
[runlim] sample:		579.77 time, 580.01 real, 5459 MB
[runlim] sample:		589.77 time, 590.01 real, 5459 MB
[runlim] sample:		599.77 time, 600.01 real, 5459 MB
[runlim] sample:		609.77 time, 610.01 real, 5459 MB
[runlim] sample:		619.77 time, 620.01 real, 5459 MB
[runlim] sample:		629.77 time, 630.01 real, 5459 MB
[runlim] sample:		639.77 time, 640.01 real, 5459 MB
[runlim] sample:		649.77 time, 650.01 real, 5459 MB
[runlim] sample:		659.77 time, 660.01 real, 5459 MB
[runlim] sample:		669.77 time, 670.01 real, 5459 MB
[runlim] sample:		679.77 time, 680.01 real, 5459 MB
[runlim] sample:		689.77 time, 690.01 real, 5459 MB
[runlim] sample:		699.77 time, 700.01 real, 5459 MB
[runlim] sample:		709.77 time, 710.01 real, 5459 MB
[runlim] sample:		719.77 time, 720.01 real, 5459 MB
[runlim] sample:		729.77 time, 730.01 real, 5459 MB
[runlim] sample:		739.77 time, 740.01 real, 5459 MB
[runlim] sample:		749.77 time, 750.01 real, 5459 MB
[runlim] sample:		759.77 time, 760.01 real, 5459 MB
[runlim] sample:		769.77 time, 770.01 real, 5459 MB
[runlim] sample:		779.77 time, 780.01 real, 5459 MB
[runlim] sample:		789.77 time, 790.01 real, 5459 MB
[runlim] sample:		799.77 time, 800.01 real, 5459 MB
[runlim] sample:		809.77 time, 810.01 real, 5459 MB
[runlim] sample:		819.77 time, 820.01 real, 5459 MB
[runlim] sample:		829.76 time, 830.01 real, 5459 MB
[runlim] sample:		839.77 time, 840.01 real, 5459 MB
[runlim] sample:		849.77 time, 850.01 real, 5459 MB
[runlim] sample:		859.77 time, 860.01 real, 5459 MB
[runlim] sample:		869.76 time, 870.01 real, 5459 MB
[runlim] sample:		879.77 time, 880.01 real, 5587 MB
[runlim] sample:		889.77 time, 890.01 real, 5523 MB
[runlim] sample:		899.77 time, 900.01 real, 5523 MB
[runlim] sample:		909.77 time, 910.01 real, 5523 MB
[runlim] sample:		919.77 time, 920.01 real, 5523 MB
[runlim] sample:		929.77 time, 930.01 real, 5523 MB
[runlim] sample:		939.77 time, 940.01 real, 5523 MB
[runlim] sample:		949.77 time, 950.01 real, 5523 MB
[runlim] sample:		959.77 time, 960.01 real, 5523 MB
[runlim] sample:		969.77 time, 970.01 real, 5523 MB
[runlim] sample:		979.77 time, 980.01 real, 5523 MB
[runlim] sample:		989.77 time, 990.01 real, 5523 MB
[runlim] sample:		999.77 time, 1000.01 real, 5523 MB
[runlim] sample:		1009.77 time, 1010.01 real, 5523 MB
[runlim] sample:		1019.76 time, 1020.01 real, 5523 MB
[runlim] sample:		1029.77 time, 1030.01 real, 5523 MB
[runlim] sample:		1039.77 time, 1040.01 real, 5523 MB
[runlim] sample:		1049.77 time, 1050.01 real, 5523 MB
[runlim] sample:		1059.77 time, 1060.01 real, 5523 MB
[runlim] sample:		1069.77 time, 1070.01 real, 5523 MB
[runlim] sample:		1079.77 time, 1080.01 real, 5523 MB
[runlim] sample:		1089.77 time, 1090.01 real, 5523 MB
[runlim] sample:		1099.77 time, 1100.01 real, 5523 MB
[runlim] sample:		1109.76 time, 1110.01 real, 5523 MB
[runlim] sample:		1119.77 time, 1120.01 real, 5523 MB
[runlim] sample:		1129.77 time, 1130.01 real, 5523 MB
[runlim] sample:		1139.77 time, 1140.01 real, 5523 MB
[runlim] sample:		1149.76 time, 1150.01 real, 5523 MB
[runlim] sample:		1159.77 time, 1160.01 real, 5523 MB
[runlim] sample:		1169.76 time, 1170.01 real, 5523 MB
[runlim] sample:		1179.76 time, 1180.01 real, 5523 MB
[runlim] sample:		1189.76 time, 1190.01 real, 5523 MB
[runlim] sample:		1199.77 time, 1200.01 real, 5523 MB
[runlim] sample:		1209.77 time, 1210.01 real, 5523 MB
[runlim] sample:		1219.76 time, 1220.01 real, 5523 MB
[runlim] sample:		1229.77 time, 1230.01 real, 5523 MB
[runlim] sample:		1239.76 time, 1240.01 real, 5523 MB
[runlim] sample:		1249.77 time, 1250.01 real, 5523 MB
[runlim] sample:		1259.77 time, 1260.01 real, 5523 MB
[runlim] sample:		1269.77 time, 1270.01 real, 5523 MB
[runlim] sample:		1279.77 time, 1280.01 real, 5523 MB
[runlim] sample:		1289.76 time, 1290.01 real, 5523 MB
[runlim] sample:		1299.76 time, 1300.01 real, 5587 MB
[runlim] sample:		1309.77 time, 1310.01 real, 5587 MB
[runlim] sample:		1319.77 time, 1320.01 real, 5587 MB
[runlim] sample:		1329.77 time, 1330.01 real, 5587 MB
[runlim] sample:		1339.77 time, 1340.01 real, 5587 MB
[runlim] sample:		1349.77 time, 1350.01 real, 5587 MB
[runlim] sample:		1359.77 time, 1360.01 real, 5587 MB
[runlim] sample:		1369.76 time, 1370.01 real, 5587 MB
[runlim] sample:		1379.77 time, 1380.01 real, 5587 MB
[runlim] sample:		1389.76 time, 1390.01 real, 5587 MB
[runlim] sample:		1399.76 time, 1400.01 real, 5587 MB
[runlim] sample:		1409.76 time, 1410.01 real, 5587 MB
[runlim] sample:		1419.77 time, 1420.01 real, 5587 MB
[runlim] sample:		1429.76 time, 1430.01 real, 5587 MB
[runlim] sample:		1439.76 time, 1440.01 real, 5587 MB
[runlim] sample:		1449.76 time, 1450.01 real, 5587 MB
[runlim] sample:		1459.76 time, 1460.01 real, 5587 MB
[runlim] sample:		1469.76 time, 1470.01 real, 5587 MB
[runlim] sample:		1479.76 time, 1480.01 real, 5587 MB
[runlim] sample:		1489.76 time, 1490.01 real, 5587 MB
[runlim] sample:		1499.76 time, 1500.01 real, 5587 MB
[runlim] sample:		1509.77 time, 1510.01 real, 5587 MB
[runlim] sample:		1519.77 time, 1520.01 real, 5587 MB
[runlim] sample:		1529.76 time, 1530.01 real, 5587 MB
