[runlim] version:		1.21
[runlim] host:			c3n15
[runlim] time limit:		86400 seconds
[runlim] real time limit:	86400 seconds
[runlim] space limit:		8000 MB
[runlim] argv[0]:		concubine
[runlim] argv[1]:		solve
[runlim] argv[2]:		-v
[runlim] argv[3]:		-s
[runlim] argv[4]:		z3
[runlim] argv[5]:		-e
[runlim] argv[6]:		smtlib-relational
[runlim] argv[7]:		-m
[runlim] argv[8]:		init.mmap
[runlim] argv[9]:		-o
[runlim] argv[10]:		z3-relational
[runlim] argv[11]:		553
[runlim] argv[12]:		count_stat.cas.0.asm
[runlim] argv[13]:		count_stat.cas.1.asm
[runlim] argv[14]:		count_stat.cas.2.asm
[runlim] argv[15]:		count_stat.cas.3.asm
[runlim] argv[16]:		count_stat.checker.asm
[runlim] start:			Tue Dec  8 13:58:23 2020
[runlim] child:			16870
[runlim] sample:		9.84 time, 10.01 real, 210 MB
[runlim] sample:		19.84 time, 20.01 real, 210 MB
[runlim] sample:		29.84 time, 30.01 real, 210 MB
[runlim] sample:		39.84 time, 40.01 real, 210 MB
[runlim] sample:		49.84 time, 50.01 real, 210 MB
[runlim] sample:		59.84 time, 60.01 real, 210 MB
[runlim] sample:		69.84 time, 70.01 real, 210 MB
[runlim] sample:		79.84 time, 80.01 real, 210 MB
[runlim] sample:		89.84 time, 90.01 real, 210 MB
[runlim] sample:		99.83 time, 100.01 real, 210 MB
[runlim] sample:		109.83 time, 110.01 real, 210 MB
[runlim] sample:		119.83 time, 120.01 real, 210 MB
[runlim] sample:		129.83 time, 130.01 real, 210 MB
[runlim] sample:		139.83 time, 140.01 real, 210 MB
[runlim] sample:		149.83 time, 150.01 real, 210 MB
[runlim] sample:		159.83 time, 160.01 real, 210 MB
[runlim] sample:		169.83 time, 170.01 real, 210 MB
[runlim] sample:		179.83 time, 180.01 real, 210 MB
[runlim] sample:		189.83 time, 190.01 real, 210 MB
[runlim] sample:		199.82 time, 200.01 real, 210 MB
[runlim] sample:		209.82 time, 210.01 real, 210 MB
[runlim] sample:		219.82 time, 220.01 real, 210 MB
[runlim] sample:		229.82 time, 230.01 real, 210 MB
[runlim] sample:		239.82 time, 240.01 real, 210 MB
[runlim] sample:		249.82 time, 250.01 real, 210 MB
[runlim] sample:		259.82 time, 260.01 real, 210 MB
[runlim] sample:		269.82 time, 270.01 real, 210 MB
[runlim] sample:		279.82 time, 280.01 real, 210 MB
[runlim] sample:		289.81 time, 290.01 real, 210 MB
[runlim] sample:		299.81 time, 300.01 real, 210 MB
[runlim] sample:		309.81 time, 310.01 real, 210 MB
[runlim] sample:		319.81 time, 320.01 real, 210 MB
[runlim] sample:		329.81 time, 330.01 real, 210 MB
[runlim] sample:		339.81 time, 340.01 real, 210 MB
[runlim] sample:		349.81 time, 350.01 real, 210 MB
[runlim] sample:		359.81 time, 360.01 real, 210 MB
[runlim] sample:		369.81 time, 370.01 real, 210 MB
[runlim] sample:		379.80 time, 380.01 real, 210 MB
[runlim] sample:		389.80 time, 390.01 real, 210 MB
[runlim] sample:		399.80 time, 400.01 real, 210 MB
[runlim] sample:		409.80 time, 410.01 real, 210 MB
[runlim] sample:		419.80 time, 420.01 real, 210 MB
[runlim] sample:		429.80 time, 430.01 real, 210 MB
[runlim] sample:		439.80 time, 440.01 real, 210 MB
[runlim] sample:		449.80 time, 450.01 real, 210 MB
[runlim] sample:		459.80 time, 460.01 real, 210 MB
[runlim] sample:		469.80 time, 470.01 real, 210 MB
[runlim] sample:		479.80 time, 480.01 real, 210 MB
[runlim] sample:		489.80 time, 490.01 real, 210 MB
[runlim] sample:		499.80 time, 500.01 real, 210 MB
[runlim] sample:		509.80 time, 510.01 real, 210 MB
[runlim] sample:		519.80 time, 520.01 real, 210 MB
[runlim] sample:		529.80 time, 530.01 real, 210 MB
[runlim] sample:		539.80 time, 540.01 real, 210 MB
[runlim] sample:		549.80 time, 550.01 real, 210 MB
[runlim] sample:		559.80 time, 560.01 real, 210 MB
[runlim] sample:		569.80 time, 570.01 real, 210 MB
[runlim] sample:		579.80 time, 580.01 real, 210 MB
[runlim] sample:		589.80 time, 590.01 real, 210 MB
[runlim] sample:		599.80 time, 600.01 real, 210 MB
[runlim] sample:		609.80 time, 610.01 real, 210 MB
[runlim] sample:		619.80 time, 620.01 real, 210 MB
[runlim] sample:		629.80 time, 630.01 real, 210 MB
[runlim] sample:		639.80 time, 640.01 real, 210 MB
[runlim] sample:		649.80 time, 650.01 real, 210 MB
[runlim] sample:		659.80 time, 660.01 real, 210 MB
[runlim] sample:		669.80 time, 670.01 real, 210 MB
[runlim] sample:		679.80 time, 680.01 real, 210 MB
[runlim] sample:		689.80 time, 690.01 real, 210 MB
[runlim] sample:		699.80 time, 700.01 real, 210 MB
[runlim] sample:		709.80 time, 710.01 real, 210 MB
[runlim] sample:		719.80 time, 720.01 real, 210 MB
[runlim] sample:		729.80 time, 730.01 real, 210 MB
[runlim] sample:		739.80 time, 740.01 real, 210 MB
[runlim] sample:		749.80 time, 750.01 real, 210 MB
[runlim] sample:		759.80 time, 760.01 real, 210 MB
[runlim] sample:		769.80 time, 770.01 real, 210 MB
[runlim] sample:		779.80 time, 780.01 real, 210 MB
[runlim] sample:		789.80 time, 790.01 real, 210 MB
[runlim] sample:		799.80 time, 800.01 real, 210 MB
[runlim] sample:		809.80 time, 810.01 real, 210 MB
[runlim] sample:		819.80 time, 820.01 real, 210 MB
[runlim] sample:		829.80 time, 830.01 real, 210 MB
[runlim] sample:		839.80 time, 840.01 real, 210 MB
[runlim] sample:		849.80 time, 850.01 real, 210 MB
[runlim] sample:		859.80 time, 860.01 real, 210 MB
[runlim] sample:		869.80 time, 870.01 real, 210 MB
[runlim] sample:		879.80 time, 880.01 real, 210 MB
[runlim] sample:		889.80 time, 890.01 real, 210 MB
[runlim] sample:		899.80 time, 900.01 real, 210 MB
[runlim] sample:		909.80 time, 910.01 real, 210 MB
[runlim] sample:		919.80 time, 920.01 real, 210 MB
[runlim] sample:		929.80 time, 930.01 real, 210 MB
[runlim] sample:		939.80 time, 940.01 real, 210 MB
[runlim] sample:		949.80 time, 950.01 real, 210 MB
[runlim] sample:		959.80 time, 960.01 real, 210 MB
[runlim] sample:		969.80 time, 970.01 real, 210 MB
[runlim] sample:		979.80 time, 980.01 real, 210 MB
[runlim] sample:		989.80 time, 990.01 real, 210 MB
[runlim] sample:		999.80 time, 1000.01 real, 210 MB
[runlim] sample:		1009.80 time, 1010.01 real, 210 MB
[runlim] sample:		1019.80 time, 1020.01 real, 210 MB
[runlim] sample:		1029.80 time, 1030.01 real, 210 MB
[runlim] sample:		1039.80 time, 1040.01 real, 210 MB
[runlim] sample:		1049.80 time, 1050.01 real, 210 MB
[runlim] sample:		1059.80 time, 1060.01 real, 210 MB
[runlim] sample:		1069.80 time, 1070.01 real, 210 MB
[runlim] sample:		1079.80 time, 1080.01 real, 210 MB
[runlim] sample:		1089.80 time, 1090.01 real, 210 MB
[runlim] sample:		1099.80 time, 1100.01 real, 210 MB
[runlim] sample:		1109.80 time, 1110.01 real, 210 MB
[runlim] sample:		1119.80 time, 1120.01 real, 210 MB
[runlim] sample:		1129.80 time, 1130.01 real, 210 MB
[runlim] sample:		1139.80 time, 1140.01 real, 210 MB
[runlim] sample:		1149.80 time, 1150.01 real, 210 MB
[runlim] sample:		1159.80 time, 1160.01 real, 210 MB
[runlim] sample:		1169.80 time, 1170.01 real, 210 MB
[runlim] sample:		1179.80 time, 1180.01 real, 210 MB
[runlim] sample:		1189.79 time, 1190.01 real, 210 MB
[runlim] sample:		1199.79 time, 1200.01 real, 210 MB
[runlim] sample:		1209.79 time, 1210.01 real, 210 MB
[runlim] sample:		1219.79 time, 1220.01 real, 210 MB
[runlim] sample:		1229.79 time, 1230.01 real, 210 MB
[runlim] sample:		1239.79 time, 1240.01 real, 210 MB
[runlim] sample:		1249.79 time, 1250.01 real, 210 MB
[runlim] sample:		1259.79 time, 1260.01 real, 210 MB
[runlim] sample:		1269.79 time, 1270.01 real, 210 MB
[runlim] sample:		1279.79 time, 1280.01 real, 210 MB
[runlim] sample:		1289.79 time, 1290.01 real, 210 MB
[runlim] sample:		1299.79 time, 1300.01 real, 210 MB
[runlim] sample:		1309.79 time, 1310.01 real, 210 MB
[runlim] sample:		1319.79 time, 1320.01 real, 210 MB
[runlim] sample:		1329.79 time, 1330.01 real, 210 MB
[runlim] sample:		1339.79 time, 1340.01 real, 210 MB
[runlim] sample:		1349.79 time, 1350.01 real, 210 MB
[runlim] sample:		1359.79 time, 1360.01 real, 210 MB
[runlim] sample:		1369.79 time, 1370.01 real, 210 MB
[runlim] sample:		1379.79 time, 1380.01 real, 210 MB
[runlim] sample:		1389.79 time, 1390.01 real, 210 MB
[runlim] sample:		1399.79 time, 1400.01 real, 210 MB
[runlim] sample:		1409.79 time, 1410.01 real, 210 MB
[runlim] sample:		1419.79 time, 1420.01 real, 210 MB
[runlim] sample:		1429.79 time, 1430.01 real, 210 MB
[runlim] sample:		1439.79 time, 1440.01 real, 210 MB
[runlim] sample:		1449.79 time, 1450.01 real, 210 MB
[runlim] sample:		1459.79 time, 1460.01 real, 210 MB
[runlim] sample:		1469.79 time, 1470.01 real, 210 MB
[runlim] sample:		1479.79 time, 1480.01 real, 210 MB
[runlim] sample:		1489.79 time, 1490.01 real, 210 MB
[runlim] sample:		1499.79 time, 1500.01 real, 210 MB
[runlim] sample:		1509.79 time, 1510.01 real, 210 MB
[runlim] sample:		1519.79 time, 1520.01 real, 210 MB
[runlim] sample:		1529.79 time, 1530.01 real, 210 MB
