count_stat.buggy.0.asm
count_stat.buggy.1.asm
count_stat.checker.asm
. btormc-btor2.mmap
# tid	pc	cmd	arg	accu	mem	adr	val	full	heap
1	inc	LOAD	0	0	0	0	0	0	{}	# 0
1	1	ADDI	1	0	0	0	0	0	{}	# 1
1	2	STORE	0	1	0	0	0	0	{}	# 2
1	3	LOAD	11	1	0	0	1	1	{}	# 3
1	4	SUBI	1	3	0	0	1	1	{}	# 4
1	5	FLUSH	-	2	0	0	1	1	{}	# 5
0	inc	LOAD	0	0	0	0	0	0	{(0,1)}	# 6
0	1	ADDI	1	1	0	0	0	0	{}	# 7
0	2	STORE	0	2	0	0	0	0	{}	# 8
0	3	FLUSH	-	2	0	0	2	1	{}	# 9
1	5	STORE	11	2	0	0	1	0	{(0,2)}	# 10
0	3	LOAD	10	2	0	0	2	0	{}	# 11
1	6	JNZ	inc	2	0	11	2	1	{}	# 12
1	inc	LOAD	0	2	0	11	2	1	{}	# 13
0	4	SUBI	1	3	0	0	2	0	{}	# 14
0	5	STORE	10	2	0	0	2	0	{}	# 15
0	6	JNZ	inc	2	0	10	2	1	{}	# 16
0	inc	LOAD	0	2	0	10	2	1	{}	# 17
0	1	ADDI	1	2	0	10	2	1	{}	# 18
0	2	FLUSH	-	3	0	10	2	1	{}	# 19
0	2	STORE	0	3	0	10	2	0	{(10,2)}	# 20
1	1	FLUSH	-	2	0	11	2	1	{}	# 21
1	1	ADDI	1	2	0	11	2	0	{(11,2)}	# 22
1	2	STORE	0	3	0	11	2	0	{}	# 23
0	3	LOAD	10	3	0	0	3	1	{}	# 24
1	3	LOAD	11	3	0	0	3	1	{}	# 25
0	4	SUBI	1	2	0	0	3	1	{}	# 26
2	0	CHECK	0	0	0	0	0	0	{}	# 27
0	5	FLUSH	-	1	0	0	3	1	{}	# 28
1	4	FLUSH	-	2	0	0	3	1	{(0,3)}	# 29
0	5	STORE	10	1	0	0	3	0	{(0,3)}	# 30
1	4	SUBI	1	2	0	0	3	0	{}	# 31
0	6	FLUSH	-	1	0	10	1	1	{}	# 32
1	5	STORE	11	1	0	0	3	0	{(10,1)}	# 33
1	6	FLUSH	-	1	0	11	1	1	{}	# 34
0	6	JNZ	inc	1	0	10	1	0	{(11,1)}	# 35
0	inc	LOAD	0	1	0	10	1	0	{}	# 36
1	6	JNZ	inc	1	0	11	1	0	{}	# 37
1	inc	LOAD	0	1	0	11	1	0	{}	# 38
0	1	ADDI	1	3	0	10	1	0	{}	# 39
0	2	STORE	0	4	0	10	1	0	{}	# 40
0	3	LOAD	10	4	0	0	4	1	{}	# 41
1	1	ADDI	1	3	0	11	1	0	{}	# 42
1	2	STORE	0	4	0	11	1	0	{}	# 43
1	3	LOAD	11	4	0	0	4	1	{}	# 44
0	4	SUBI	1	1	0	0	4	1	{}	# 45
1	4	SUBI	1	1	0	0	4	1	{}	# 46
1	5	FLUSH	-	0	0	0	4	1	{}	# 47
1	5	STORE	11	0	0	0	4	0	{(0,4)}	# 48
1	6	FLUSH	-	0	0	11	0	1	{}	# 49
0	5	FLUSH	-	0	0	0	4	1	{(11,0)}	# 50
1	6	JNZ	inc	0	0	11	0	0	{(0,4)}	# 51
1	7	CHECK	0	0	0	11	0	0	{}	# 52
0	5	STORE	10	0	0	0	4	0	{}	# 53
0	6	FLUSH	-	0	0	10	0	1	{}	# 54
0	6	JNZ	inc	0	0	10	0	0	{(10,0)}	# 55
0	7	CHECK	0	0	0	10	0	0	{}	# 56
1	8	HALT	-	0	0	11	0	0	{}	# 57
0	8	HALT	-	0	0	10	0	0	{}	# 58
2	1	ADDI	6	0	0	0	0	0	{}	# 59
2	2	CMP	0	6	0	0	0	0	{}	# 60
2	3	JNZ	error	2	0	0	0	0	{}	# 61
2	error	EXIT	1	2	0	0	0	0	{}	# 62
