[runlim] version:		1.21
[runlim] host:			c3n11
[runlim] time limit:		86400 seconds
[runlim] real time limit:	86400 seconds
[runlim] space limit:		8000 MB
[runlim] argv[0]:		concubine
[runlim] argv[1]:		solve
[runlim] argv[2]:		-v
[runlim] argv[3]:		-s
[runlim] argv[4]:		cvc4
[runlim] argv[5]:		-e
[runlim] argv[6]:		smtlib
[runlim] argv[7]:		-m
[runlim] argv[8]:		init.mmap
[runlim] argv[9]:		-o
[runlim] argv[10]:		cvc4-functional
[runlim] argv[11]:		63
[runlim] argv[12]:		count_stat.buggy.0.asm
[runlim] argv[13]:		count_stat.buggy.1.asm
[runlim] argv[14]:		count_stat.checker.asm
[runlim] start:			Tue Dec  1 16:38:26 2020
[runlim] child:			7100
[runlim] end:			Tue Dec  1 16:38:27 2020
[runlim] status:		segmentation fault
[runlim] result:		4
[runlim] children:		1
[runlim] real:			0.65 seconds
[runlim] time:			0.00 seconds
[runlim] space:			3 MB
[runlim] samples:		6
error: expected test to be sat
