count_stat.buggy.0.asm
count_stat.buggy.1.asm
count_stat.checker.asm
. z3-functional.mmap
# tid	pc	cmd	arg	accu	mem	adr	val	full	heap
1	inc	LOAD	0	0	0	0	0	0	{}	# 0
1	1	ADDI	1	0	0	0	0	0	{}	# 1
1	2	STORE	0	1	0	0	0	0	{}	# 2
1	3	LOAD	11	1	0	0	1	1	{}	# 3
1	4	SUBI	1	3	0	0	1	1	{}	# 4
1	5	FLUSH	-	2	0	0	1	1	{}	# 5
1	5	STORE	11	2	0	0	1	0	{(0,1)}	# 6
0	inc	LOAD	0	0	0	0	0	0	{}	# 7
2	0	CHECK	0	0	0	0	0	0	{}	# 8
0	1	ADDI	1	1	0	0	0	0	{}	# 9
0	2	STORE	0	2	0	0	0	0	{}	# 10
0	3	LOAD	10	2	0	0	2	1	{}	# 11
0	4	SUBI	1	3	0	0	2	1	{}	# 12
1	6	FLUSH	-	2	0	11	2	1	{}	# 13
0	5	FLUSH	-	2	0	0	2	1	{(11,2)}	# 14
1	6	JNZ	inc	2	0	11	2	0	{(0,2)}	# 15
1	inc	LOAD	0	2	0	11	2	0	{}	# 16
1	1	ADDI	1	2	0	11	2	0	{}	# 17
0	5	STORE	10	2	0	0	2	0	{}	# 18
1	2	STORE	0	3	0	11	2	0	{}	# 19
1	3	LOAD	11	3	0	0	3	1	{}	# 20
0	6	FLUSH	-	2	0	10	2	1	{}	# 21
0	6	JNZ	inc	2	0	10	2	0	{(10,2)}	# 22
0	inc	LOAD	0	2	0	10	2	0	{}	# 23
0	1	ADDI	1	2	0	10	2	0	{}	# 24
0	2	STORE	0	3	0	10	2	0	{}	# 25
0	3	LOAD	10	3	0	0	3	1	{}	# 26
0	4	SUBI	1	2	0	0	3	1	{}	# 27
0	5	FLUSH	-	1	0	0	3	1	{}	# 28
1	4	FLUSH	-	2	0	0	3	1	{(0,3)}	# 29
0	5	STORE	10	1	0	0	3	0	{(0,3)}	# 30
1	4	SUBI	1	2	0	0	3	0	{}	# 31
1	5	STORE	11	1	0	0	3	0	{}	# 32
0	6	JNZ	inc	1	0	10	1	1	{}	# 33
0	inc	LOAD	0	1	0	10	1	1	{}	# 34
0	1	ADDI	1	3	0	10	1	1	{}	# 35
0	2	FLUSH	-	4	0	10	1	1	{}	# 36
1	6	JNZ	inc	1	0	11	1	1	{(10,1)}	# 37
1	inc	LOAD	0	1	0	11	1	1	{}	# 38
0	2	STORE	0	4	0	10	1	0	{}	# 39
0	3	LOAD	10	4	0	0	4	1	{}	# 40
0	4	SUBI	1	1	0	0	4	1	{}	# 41
0	5	FLUSH	-	0	0	0	4	1	{}	# 42
1	1	ADDI	1	3	0	11	1	1	{(0,4)}	# 43
1	2	FLUSH	-	4	0	11	1	1	{}	# 44
1	2	STORE	0	4	0	11	1	0	{(11,1)}	# 45
1	3	FLUSH	-	4	0	0	4	1	{}	# 46
0	5	STORE	10	0	0	0	4	0	{(0,4)}	# 47
1	3	LOAD	11	4	0	0	4	0	{}	# 48
1	4	SUBI	1	1	0	0	4	0	{}	# 49
1	5	STORE	11	0	0	0	4	0	{}	# 50
1	6	JNZ	inc	0	0	11	0	1	{}	# 51
1	7	CHECK	0	0	0	11	0	1	{}	# 52
0	6	JNZ	inc	0	0	10	0	1	{}	# 53
0	7	CHECK	0	0	0	10	0	1	{}	# 54
2	1	ADDI	6	0	0	0	0	0	{}	# 55
2	2	CMP	0	6	0	0	0	0	{}	# 56
2	3	JNZ	error	2	0	0	0	0	{}	# 57
0	8	FLUSH	-	0	0	10	0	1	{}	# 58
0	8	HALT	-	0	0	10	0	0	{(10,0)}	# 59
1	8	FLUSH	-	0	0	11	0	1	{}	# 60
1	8	HALT	-	0	0	11	0	0	{(11,0)}	# 61
2	error	EXIT	1	2	0	0	0	0	{}	# 62
