[runlim] version:		1.21
[runlim] host:			c3n10
[runlim] time limit:		86400 seconds
[runlim] real time limit:	86400 seconds
[runlim] space limit:		8000 MB
[runlim] argv[0]:		concubine
[runlim] argv[1]:		solve
[runlim] argv[2]:		-v
[runlim] argv[3]:		-s
[runlim] argv[4]:		z3
[runlim] argv[5]:		-e
[runlim] argv[6]:		smtlib
[runlim] argv[7]:		-m
[runlim] argv[8]:		init.mmap
[runlim] argv[9]:		-o
[runlim] argv[10]:		z3-functional
[runlim] argv[11]:		63
[runlim] argv[12]:		count_stat.buggy.0.asm
[runlim] argv[13]:		count_stat.buggy.1.asm
[runlim] argv[14]:		count_stat.checker.asm
[runlim] start:			Tue Dec  8 13:58:17 2020
[runlim] child:			18320
[runlim] sample:		9.60 time, 10.01 real, 173 MB
[runlim] sample:		19.59 time, 20.01 real, 177 MB
[runlim] sample:		29.59 time, 30.01 real, 179 MB
[runlim] sample:		39.59 time, 40.01 real, 179 MB
[runlim] sample:		49.59 time, 50.01 real, 180 MB
[runlim] sample:		59.59 time, 60.01 real, 181 MB
[runlim] sample:		69.59 time, 70.01 real, 181 MB
[runlim] sample:		79.60 time, 80.01 real, 182 MB
[runlim] sample:		89.59 time, 90.01 real, 186 MB
[runlim] sample:		99.59 time, 100.01 real, 186 MB
[runlim] sample:		109.59 time, 110.01 real, 186 MB
[runlim] sample:		119.59 time, 120.01 real, 187 MB
[runlim] sample:		129.59 time, 130.01 real, 187 MB
[runlim] sample:		139.59 time, 140.01 real, 188 MB
[runlim] sample:		149.59 time, 150.01 real, 188 MB
[runlim] sample:		159.58 time, 160.01 real, 188 MB
[runlim] sample:		169.58 time, 170.01 real, 188 MB
[runlim] sample:		179.59 time, 180.01 real, 189 MB
[runlim] sample:		189.59 time, 190.01 real, 190 MB
[runlim] sample:		199.59 time, 200.01 real, 190 MB
[runlim] sample:		209.59 time, 210.01 real, 190 MB
[runlim] sample:		219.59 time, 220.01 real, 191 MB
[runlim] sample:		229.59 time, 230.01 real, 191 MB
[runlim] sample:		239.59 time, 240.01 real, 191 MB
[runlim] sample:		249.59 time, 250.01 real, 192 MB
[runlim] sample:		259.59 time, 260.01 real, 195 MB
[runlim] sample:		269.59 time, 270.01 real, 195 MB
[runlim] sample:		279.58 time, 280.01 real, 196 MB
[runlim] sample:		289.58 time, 290.01 real, 196 MB
[runlim] sample:		299.58 time, 300.01 real, 196 MB
[runlim] sample:		309.58 time, 310.01 real, 196 MB
[runlim] sample:		319.58 time, 320.01 real, 196 MB
[runlim] sample:		329.58 time, 330.01 real, 196 MB
[runlim] sample:		339.58 time, 340.01 real, 197 MB
[runlim] sample:		349.58 time, 350.01 real, 197 MB
[runlim] sample:		359.58 time, 360.01 real, 198 MB
[runlim] sample:		369.58 time, 370.01 real, 198 MB
[runlim] sample:		379.58 time, 380.01 real, 198 MB
[runlim] sample:		389.58 time, 390.01 real, 198 MB
[runlim] sample:		399.58 time, 400.01 real, 198 MB
[runlim] sample:		409.58 time, 410.01 real, 198 MB
[runlim] sample:		419.58 time, 420.01 real, 199 MB
[runlim] sample:		429.59 time, 430.01 real, 206 MB
[runlim] sample:		439.59 time, 440.01 real, 206 MB
[runlim] sample:		449.59 time, 450.01 real, 206 MB
[runlim] sample:		459.59 time, 460.01 real, 206 MB
[runlim] sample:		469.59 time, 470.01 real, 206 MB
[runlim] end:			Tue Dec  8 14:06:08 2020
[runlim] status:		ok
[runlim] result:		0
[runlim] children:		1
[runlim] real:			471.57 seconds
[runlim] time:			471.09 seconds
[runlim] space:			206 MB
[runlim] samples:		4715
