[runlim] version:		1.21
[runlim] host:			c3n12
[runlim] time limit:		86400 seconds
[runlim] real time limit:	86400 seconds
[runlim] space limit:		8000 MB
[runlim] argv[0]:		concubine
[runlim] argv[1]:		solve
[runlim] argv[2]:		-v
[runlim] argv[3]:		-s
[runlim] argv[4]:		z3
[runlim] argv[5]:		-e
[runlim] argv[6]:		smtlib-relational
[runlim] argv[7]:		-m
[runlim] argv[8]:		init.mmap
[runlim] argv[9]:		-o
[runlim] argv[10]:		z3-relational
[runlim] argv[11]:		63
[runlim] argv[12]:		count_stat.buggy.0.asm
[runlim] argv[13]:		count_stat.buggy.1.asm
[runlim] argv[14]:		count_stat.checker.asm
[runlim] start:			Tue Dec  1 16:38:17 2020
[runlim] child:			6978
[runlim] sample:		3.00 time, 10.01 real, 28 MB
[runlim] sample:		13.00 time, 20.01 real, 28 MB
[runlim] sample:		23.01 time, 30.01 real, 29 MB
[runlim] sample:		33.00 time, 40.01 real, 59 MB
[runlim] sample:		43.00 time, 50.01 real, 64 MB
[runlim] end:			Tue Dec  1 16:39:14 2020
[runlim] status:		ok
[runlim] result:		0
[runlim] children:		1
[runlim] real:			56.30 seconds
[runlim] time:			49.21 seconds
[runlim] space:			68 MB
[runlim] samples:		562
