count_stat.buggy.0.asm
count_stat.buggy.1.asm
count_stat.checker.asm
. z3-relational.mmap
# tid	pc	cmd	arg	accu	mem	adr	val	full	heap
0	inc	LOAD	0	0	0	0	0	0	{}	# 0
0	1	ADDI	1	0	0	0	0	0	{}	# 1
0	2	STORE	0	1	0	0	0	0	{}	# 2
1	inc	LOAD	0	0	0	0	0	0	{}	# 3
1	1	ADDI	1	0	0	0	0	0	{}	# 4
1	2	STORE	0	1	0	0	0	0	{}	# 5
0	3	FLUSH	-	1	0	0	1	1	{}	# 6
0	3	LOAD	10	1	0	0	1	0	{(0,1)}	# 7
1	3	LOAD	11	1	0	0	1	1	{}	# 8
0	4	SUBI	1	3	0	0	1	0	{}	# 9
0	5	STORE	10	2	0	0	1	0	{}	# 10
1	4	FLUSH	-	3	0	0	1	1	{}	# 11
0	6	JNZ	inc	2	0	10	2	1	{(0,1)}	# 12
0	inc	LOAD	0	2	0	10	2	1	{}	# 13
2	0	CHECK	0	0	0	0	0	0	{}	# 14
1	4	SUBI	1	3	0	0	1	0	{}	# 15
1	5	STORE	11	2	0	0	1	0	{}	# 16
1	6	JNZ	inc	2	0	11	2	1	{}	# 17
1	inc	LOAD	0	2	0	11	2	1	{}	# 18
0	1	FLUSH	-	1	0	10	2	1	{}	# 19
1	1	ADDI	1	1	0	11	2	1	{(10,2)}	# 20
1	2	FLUSH	-	2	0	11	2	1	{}	# 21
1	2	STORE	0	2	0	11	2	0	{(11,2)}	# 22
0	1	ADDI	1	1	0	10	2	0	{}	# 23
0	2	STORE	0	2	0	10	2	0	{}	# 24
0	3	FLUSH	-	2	0	0	2	1	{}	# 25
0	3	LOAD	10	2	0	0	2	0	{(0,2)}	# 26
0	4	SUBI	1	2	0	0	2	0	{}	# 27
0	5	STORE	10	1	0	0	2	0	{}	# 28
1	3	LOAD	11	2	0	0	2	1	{}	# 29
1	4	FLUSH	-	2	0	0	2	1	{}	# 30
0	6	JNZ	inc	1	0	10	1	1	{(0,2)}	# 31
1	4	SUBI	1	2	0	0	2	0	{}	# 32
1	5	STORE	11	1	0	0	2	0	{}	# 33
1	6	JNZ	inc	1	0	11	1	1	{}	# 34
1	inc	LOAD	0	1	0	11	1	1	{}	# 35
0	inc	LOAD	0	1	0	10	1	1	{}	# 36
1	1	ADDI	1	2	0	11	1	1	{}	# 37
0	1	ADDI	1	2	0	10	1	1	{}	# 38
0	2	FLUSH	-	3	0	10	1	1	{}	# 39
1	2	FLUSH	-	3	0	11	1	1	{(10,1)}	# 40
0	2	STORE	0	3	0	10	1	0	{(11,1)}	# 41
1	2	STORE	0	3	0	11	1	0	{}	# 42
0	3	FLUSH	-	3	0	0	3	1	{}	# 43
1	3	FLUSH	-	3	0	0	3	1	{(0,3)}	# 44
1	3	LOAD	11	3	0	0	3	0	{(0,3)}	# 45
1	4	SUBI	1	1	0	0	3	0	{}	# 46
1	5	STORE	11	0	0	0	3	0	{}	# 47
0	3	LOAD	10	3	0	0	3	0	{}	# 48
1	6	FLUSH	-	0	0	11	0	1	{}	# 49
1	6	JNZ	inc	0	0	11	0	0	{(11,0)}	# 50
0	4	SUBI	1	1	0	0	3	0	{}	# 51
1	7	CHECK	0	0	0	11	0	0	{}	# 52
0	5	STORE	10	0	0	0	3	0	{}	# 53
0	6	FLUSH	-	0	0	10	0	1	{}	# 54
0	6	JNZ	inc	0	0	10	0	0	{(10,0)}	# 55
0	7	CHECK	0	0	0	10	0	0	{}	# 56
1	8	HALT	-	0	0	11	0	0	{}	# 57
0	8	HALT	-	0	0	10	0	0	{}	# 58
2	1	ADDI	6	0	0	0	0	0	{}	# 59
2	2	CMP	0	6	0	0	0	0	{}	# 60
2	3	JNZ	error	3	0	0	0	0	{}	# 61
2	error	EXIT	1	3	0	0	0	0	{}	# 62
