count.buggy.0.asm
count.buggy.1.asm
count.buggy.2.asm
count.buggy.3.asm
count.checker.asm
. z3-relational.mmap
# tid	pc	cmd	arg	accu	mem	adr	val	full	heap
0	inc	LOAD	0	0	0	0	0	0	{}	# 0
0	1	ADDI	1	0	0	0	0	0	{}	# 1
0	2	STORE	0	1	0	0	0	0	{}	# 2
0	3	LOAD	10	1	0	0	1	1	{}	# 3
0	4	FLUSH	-	2	0	0	1	1	{}	# 4
0	4	SUBI	1	2	0	0	1	0	{(0,1)}	# 5
2	inc	LOAD	0	0	0	0	0	0	{}	# 6
0	5	STORE	10	1	0	0	1	0	{}	# 7
0	6	JNZ	inc	1	0	10	1	1	{}	# 8
0	inc	LOAD	0	1	0	10	1	1	{}	# 9
2	1	ADDI	1	1	0	0	0	0	{}	# 10
0	1	ADDI	1	1	0	10	1	1	{}	# 11
0	2	FLUSH	-	2	0	10	1	1	{}	# 12
0	2	STORE	0	2	0	10	1	0	{(10,1)}	# 13
0	3	LOAD	10	2	0	0	2	1	{}	# 14
0	4	SUBI	1	1	0	0	2	1	{}	# 15
0	5	FLUSH	-	0	0	0	2	1	{}	# 16
0	5	STORE	10	0	0	0	2	0	{(0,2)}	# 17
2	2	STORE	0	2	0	0	0	0	{}	# 18
2	3	FLUSH	-	2	0	0	2	1	{}	# 19
2	3	LOAD	12	2	0	0	2	0	{(0,2)}	# 20
2	4	SUBI	1	2	0	0	2	0	{}	# 21
2	5	STORE	12	1	0	0	2	0	{}	# 22
1	inc	LOAD	0	0	0	0	0	0	{}	# 23
2	6	FLUSH	-	1	0	12	1	1	{}	# 24
0	6	JNZ	inc	0	0	10	0	1	{(12,1)}	# 25
3	inc	LOAD	0	0	0	0	0	0	{}	# 26
3	1	ADDI	1	2	0	0	0	0	{}	# 27
0	7	CHECK	0	0	0	10	0	1	{}	# 28
0	8	FLUSH	-	0	0	10	0	1	{}	# 29
3	2	STORE	0	3	0	0	0	0	{(10,0)}	# 30
3	3	LOAD	13	3	0	0	3	1	{}	# 31
3	4	FLUSH	-	2	0	0	3	1	{}	# 32
3	4	SUBI	1	2	0	0	3	0	{(0,3)}	# 33
3	5	STORE	13	1	0	0	3	0	{}	# 34
3	6	FLUSH	-	1	0	13	1	1	{}	# 35
4	0	CHECK	0	0	0	0	0	0	{(13,1)}	# 36
2	6	JNZ	inc	1	0	12	1	0	{}	# 37
1	1	ADDI	1	2	0	0	0	0	{}	# 38
3	6	JNZ	inc	1	0	13	1	0	{}	# 39
1	2	STORE	0	3	0	0	0	0	{}	# 40
1	3	LOAD	11	3	0	0	3	1	{}	# 41
3	inc	LOAD	0	1	0	13	1	0	{}	# 42
1	4	FLUSH	-	2	0	0	3	1	{}	# 43
1	4	SUBI	1	2	0	0	3	0	{(0,3)}	# 44
1	5	STORE	11	1	0	0	3	0	{}	# 45
3	1	ADDI	1	3	0	13	1	0	{}	# 46
1	6	JNZ	inc	1	0	11	1	1	{}	# 47
1	inc	LOAD	0	1	0	11	1	1	{}	# 48
1	1	ADDI	1	3	0	11	1	1	{}	# 49
1	2	FLUSH	-	4	0	11	1	1	{}	# 50
3	2	STORE	0	4	0	13	1	0	{(11,1)}	# 51
2	inc	LOAD	0	1	0	12	1	0	{}	# 52
1	2	STORE	0	4	0	11	1	0	{}	# 53
1	3	FLUSH	-	4	0	0	4	1	{}	# 54
1	3	LOAD	11	4	0	0	4	0	{(0,4)}	# 55
1	4	SUBI	1	1	0	0	4	0	{}	# 56
1	5	STORE	11	0	0	0	4	0	{}	# 57
2	1	ADDI	1	3	0	12	1	0	{}	# 58
2	2	STORE	0	4	0	12	1	0	{}	# 59
3	3	LOAD	13	4	0	0	4	1	{}	# 60
2	3	LOAD	12	4	0	0	4	1	{}	# 61
2	4	FLUSH	-	1	0	0	4	1	{}	# 62
3	4	SUBI	1	1	0	0	4	1	{(0,4)}	# 63
1	6	JNZ	inc	0	0	11	0	1	{}	# 64
1	7	CHECK	0	0	0	11	0	1	{}	# 65
3	5	FLUSH	-	0	0	0	4	1	{}	# 66
2	4	SUBI	1	1	0	0	4	0	{(0,4)}	# 67
3	5	STORE	13	0	0	0	4	0	{}	# 68
3	6	JNZ	inc	0	0	13	0	1	{}	# 69
2	5	STORE	12	0	0	0	4	0	{}	# 70
2	6	JNZ	inc	0	0	12	0	1	{}	# 71
2	7	CHECK	0	0	0	12	0	1	{}	# 72
3	7	CHECK	0	0	0	13	0	1	{}	# 73
4	1	ADDI	8	0	0	0	0	0	{}	# 74
4	2	CMP	0	8	0	0	0	0	{}	# 75
4	3	JNZ	error	4	0	0	0	0	{}	# 76
0	8	HALT	-	0	0	10	0	0	{}	# 77
4	error	EXIT	1	4	0	0	0	0	{}	# 78
