count.buggy.0.asm
count.buggy.1.asm
count.buggy.2.asm
count.checker.asm
. boolector-relational.mmap
# tid	pc	cmd	arg	accu	mem	adr	val	full	heap
1	inc	LOAD	0	0	0	0	0	0	{}	# 0
1	1	ADDI	1	0	0	0	0	0	{}	# 1
1	2	STORE	0	1	0	0	0	0	{}	# 2
1	3	FLUSH	-	1	0	0	1	1	{}	# 3
0	inc	LOAD	0	0	0	0	0	0	{(0,1)}	# 4
0	1	ADDI	1	1	0	0	0	0	{}	# 5
0	2	STORE	0	2	0	0	0	0	{}	# 6
0	3	FLUSH	-	2	0	0	2	1	{}	# 7
0	3	LOAD	10	2	0	0	2	0	{(0,2)}	# 8
0	4	SUBI	1	3	0	0	2	0	{}	# 9
0	5	STORE	10	2	0	0	2	0	{}	# 10
0	6	JNZ	inc	2	0	10	2	1	{}	# 11
1	3	LOAD	11	1	0	0	1	0	{}	# 12
1	4	SUBI	1	3	0	0	1	0	{}	# 13
1	5	STORE	11	2	0	0	1	0	{}	# 14
2	inc	LOAD	0	0	0	0	0	0	{}	# 15
1	6	JNZ	inc	2	0	11	2	1	{}	# 16
2	1	ADDI	1	2	0	0	0	0	{}	# 17
2	2	STORE	0	3	0	0	0	0	{}	# 18
2	3	LOAD	12	3	0	0	3	1	{}	# 19
2	4	SUBI	1	3	0	0	3	1	{}	# 20
2	5	FLUSH	-	2	0	0	3	1	{}	# 21
2	5	STORE	12	2	0	0	3	0	{(0,3)}	# 22
1	inc	LOAD	0	2	0	11	2	1	{}	# 23
1	1	ADDI	1	3	0	11	2	1	{}	# 24
1	2	FLUSH	-	4	0	11	2	1	{}	# 25
1	2	STORE	0	4	0	11	2	0	{(11,2)}	# 26
0	inc	LOAD	0	2	0	10	2	1	{}	# 27
1	3	LOAD	11	4	0	0	4	1	{}	# 28
0	1	FLUSH	-	3	0	10	2	1	{}	# 29
0	1	ADDI	1	3	0	10	2	0	{(10,2)}	# 30
0	2	STORE	0	4	0	10	2	0	{}	# 31
0	3	LOAD	10	4	0	0	4	1	{}	# 32
0	4	FLUSH	-	2	0	0	4	1	{}	# 33
0	4	SUBI	1	2	0	0	4	0	{(0,4)}	# 34
0	5	STORE	10	1	0	0	4	0	{}	# 35
0	6	JNZ	inc	1	0	10	1	1	{}	# 36
0	inc	LOAD	0	1	0	10	1	1	{}	# 37
0	1	ADDI	1	4	0	10	1	1	{}	# 38
1	4	FLUSH	-	2	0	0	4	1	{}	# 39
1	4	SUBI	1	2	0	0	4	0	{(0,4)}	# 40
0	2	FLUSH	-	5	0	10	1	1	{}	# 41
0	2	STORE	0	5	0	10	1	0	{(10,1)}	# 42
0	3	LOAD	10	5	0	0	5	1	{}	# 43
0	4	SUBI	1	1	0	0	5	1	{}	# 44
0	5	FLUSH	-	0	0	0	5	1	{}	# 45
0	5	STORE	10	0	0	0	5	0	{(0,5)}	# 46
2	6	JNZ	inc	2	0	12	2	1	{}	# 47
2	inc	LOAD	0	2	0	12	2	1	{}	# 48
1	5	STORE	11	1	0	0	4	0	{}	# 49
1	6	FLUSH	-	1	0	11	1	1	{}	# 50
1	6	JNZ	inc	1	0	11	1	0	{(11,1)}	# 51
0	6	JNZ	inc	0	0	10	0	1	{}	# 52
2	1	ADDI	1	5	0	12	2	1	{}	# 53
2	2	FLUSH	-	6	0	12	2	1	{}	# 54
2	2	STORE	0	6	0	12	2	0	{(12,2)}	# 55
0	7	CHECK	0	0	0	10	0	1	{}	# 56
2	3	FLUSH	-	6	0	0	6	1	{}	# 57
2	3	LOAD	12	6	0	0	6	0	{(0,6)}	# 58
2	4	SUBI	1	2	0	0	6	0	{}	# 59
0	8	FLUSH	-	0	0	10	0	1	{}	# 60
2	5	STORE	12	1	0	0	6	0	{(10,0)}	# 61
2	6	JNZ	inc	1	0	12	1	1	{}	# 62
2	inc	LOAD	0	1	0	12	1	1	{}	# 63
2	1	FLUSH	-	6	0	12	1	1	{}	# 64
2	1	ADDI	1	6	0	12	1	0	{(12,1)}	# 65
2	2	STORE	0	7	0	12	1	0	{}	# 66
2	3	LOAD	12	7	0	0	7	1	{}	# 67
2	4	SUBI	1	1	0	0	7	1	{}	# 68
2	5	FLUSH	-	0	0	0	7	1	{}	# 69
2	5	STORE	12	0	0	0	7	0	{(0,7)}	# 70
2	6	JNZ	inc	0	0	12	0	1	{}	# 71
2	7	CHECK	0	0	0	12	0	1	{}	# 72
3	0	CHECK	0	0	0	0	0	0	{}	# 73
2	8	FLUSH	-	0	0	12	0	1	{}	# 74
1	inc	LOAD	0	1	0	11	1	0	{(12,0)}	# 75
1	1	ADDI	1	7	0	11	1	0	{}	# 76
1	2	STORE	0	8	0	11	1	0	{}	# 77
1	3	FLUSH	-	8	0	0	8	1	{}	# 78
1	3	LOAD	11	8	0	0	8	0	{(0,8)}	# 79
1	4	SUBI	1	1	0	0	8	0	{}	# 80
1	5	STORE	11	0	0	0	8	0	{}	# 81
1	6	JNZ	inc	0	0	11	0	1	{}	# 82
1	7	CHECK	0	0	0	11	0	1	{}	# 83
3	1	ADDI	9	0	0	0	0	0	{}	# 84
3	2	CMP	0	9	0	0	0	0	{}	# 85
2	8	HALT	-	0	0	12	0	0	{}	# 86
3	3	JNZ	error	1	0	0	0	0	{}	# 87
3	error	EXIT	1	1	0	0	0	0	{}	# 88
