count.buggy.0.asm
count.buggy.1.asm
count.buggy.2.asm
count.checker.asm
. btormc-btor2.mmap
# tid	pc	cmd	arg	accu	mem	adr	val	full	heap
1	inc	LOAD	0	0	0	0	0	0	{}	# 0
2	inc	LOAD	0	0	0	0	0	0	{}	# 1
1	1	ADDI	1	0	0	0	0	0	{}	# 2
1	2	STORE	0	1	0	0	0	0	{}	# 3
1	3	LOAD	11	1	0	0	1	1	{}	# 4
1	4	FLUSH	-	3	0	0	1	1	{}	# 5
1	4	SUBI	1	3	0	0	1	0	{(0,1)}	# 6
1	5	STORE	11	2	0	0	1	0	{}	# 7
2	1	ADDI	1	0	0	0	0	0	{}	# 8
2	2	STORE	0	1	0	0	0	0	{}	# 9
1	6	FLUSH	-	2	0	11	2	1	{}	# 10
1	6	JNZ	inc	2	0	11	2	0	{(11,2)}	# 11
1	inc	LOAD	0	2	0	11	2	0	{}	# 12
1	1	ADDI	1	1	0	11	2	0	{}	# 13
2	3	LOAD	12	1	0	0	1	1	{}	# 14
2	4	SUBI	1	3	0	0	1	1	{}	# 15
0	inc	LOAD	0	0	0	0	0	0	{}	# 16
2	5	FLUSH	-	2	0	0	1	1	{}	# 17
1	2	STORE	0	2	0	11	2	0	{(0,1)}	# 18
2	5	STORE	12	2	0	0	1	0	{}	# 19
0	1	ADDI	1	1	0	0	0	0	{}	# 20
1	3	FLUSH	-	2	0	0	2	1	{}	# 21
2	6	JNZ	inc	2	0	12	2	1	{(0,2)}	# 22
0	2	STORE	0	2	0	0	0	0	{}	# 23
0	3	LOAD	10	2	0	0	2	1	{}	# 24
0	4	FLUSH	-	3	0	0	2	1	{}	# 25
0	4	SUBI	1	3	0	0	2	0	{(0,2)}	# 26
0	5	STORE	10	2	0	0	2	0	{}	# 27
2	inc	LOAD	0	2	0	12	2	1	{}	# 28
2	1	FLUSH	-	2	0	12	2	1	{}	# 29
2	1	ADDI	1	2	0	12	2	0	{(12,2)}	# 30
2	2	STORE	0	3	0	12	2	0	{}	# 31
0	6	JNZ	inc	2	0	10	2	1	{}	# 32
0	inc	LOAD	0	2	0	10	2	1	{}	# 33
0	1	ADDI	1	2	0	10	2	1	{}	# 34
0	2	FLUSH	-	3	0	10	2	1	{}	# 35
2	3	LOAD	12	3	0	0	3	1	{(10,2)}	# 36
0	2	STORE	0	3	0	10	2	0	{}	# 37
2	4	SUBI	1	2	0	0	3	1	{}	# 38
2	5	FLUSH	-	1	0	0	3	1	{}	# 39
2	5	STORE	12	1	0	0	3	0	{(0,3)}	# 40
0	3	FLUSH	-	3	0	0	3	1	{}	# 41
0	3	LOAD	10	3	0	0	3	0	{(0,3)}	# 42
0	4	SUBI	1	2	0	0	3	0	{}	# 43
2	6	FLUSH	-	1	0	12	1	1	{}	# 44
0	5	STORE	10	1	0	0	3	0	{(12,1)}	# 45
0	6	JNZ	inc	1	0	10	1	1	{}	# 46
3	0	CHECK	0	0	0	0	0	0	{}	# 47
0	inc	LOAD	0	1	0	10	1	1	{}	# 48
0	1	ADDI	1	3	0	10	1	1	{}	# 49
1	3	LOAD	11	2	0	0	2	0	{}	# 50
2	6	JNZ	inc	1	0	12	1	0	{}	# 51
0	2	FLUSH	-	4	0	10	1	1	{}	# 52
0	2	STORE	0	4	0	10	1	0	{(10,1)}	# 53
0	3	LOAD	10	4	0	0	4	1	{}	# 54
0	4	SUBI	1	1	0	0	4	1	{}	# 55
0	5	FLUSH	-	0	0	0	4	1	{}	# 56
2	inc	LOAD	0	1	0	12	1	0	{(0,4)}	# 57
0	5	STORE	10	0	0	0	4	0	{}	# 58
0	6	JNZ	inc	0	0	10	0	1	{}	# 59
0	7	CHECK	0	0	0	10	0	1	{}	# 60
1	4	SUBI	1	2	0	0	2	0	{}	# 61
1	5	STORE	11	1	0	0	2	0	{}	# 62
2	1	ADDI	1	4	0	12	1	0	{}	# 63
2	2	STORE	0	5	0	12	1	0	{}	# 64
2	3	FLUSH	-	5	0	0	5	1	{}	# 65
2	3	LOAD	12	5	0	0	5	0	{(0,5)}	# 66
0	8	FLUSH	-	0	0	10	0	1	{}	# 67
2	4	SUBI	1	1	0	0	5	0	{(10,0)}	# 68
2	5	STORE	12	0	0	0	5	0	{}	# 69
2	6	JNZ	inc	0	0	12	0	1	{}	# 70
2	7	CHECK	0	0	0	12	0	1	{}	# 71
1	6	JNZ	inc	1	0	11	1	1	{}	# 72
1	inc	LOAD	0	1	0	11	1	1	{}	# 73
1	1	FLUSH	-	5	0	11	1	1	{}	# 74
2	8	FLUSH	-	0	0	12	0	1	{(11,1)}	# 75
1	1	ADDI	1	5	0	11	1	0	{(12,0)}	# 76
1	2	STORE	0	6	0	11	1	0	{}	# 77
1	3	LOAD	11	6	0	0	6	1	{}	# 78
1	4	SUBI	1	1	0	0	6	1	{}	# 79
1	5	FLUSH	-	0	0	0	6	1	{}	# 80
1	5	STORE	11	0	0	0	6	0	{(0,6)}	# 81
1	6	JNZ	inc	0	0	11	0	1	{}	# 82
1	7	FLUSH	-	0	0	11	0	1	{}	# 83
1	7	CHECK	0	0	0	11	0	0	{(11,0)}	# 84
2	8	HALT	-	0	0	12	0	0	{}	# 85
1	8	HALT	-	0	0	11	0	0	{}	# 86
0	8	HALT	-	0	0	10	0	0	{}	# 87
3	1	ADDI	9	0	0	0	0	0	{}	# 88
3	2	CMP	0	9	0	0	0	0	{}	# 89
3	3	JNZ	error	3	0	0	0	0	{}	# 90
3	error	EXIT	1	3	0	0	0	0	{}	# 91
