[runlim] version:		1.21
[runlim] host:			c3n11
[runlim] time limit:		86400 seconds
[runlim] real time limit:	86400 seconds
[runlim] space limit:		8000 MB
[runlim] argv[0]:		concubine
[runlim] argv[1]:		solve
[runlim] argv[2]:		-v
[runlim] argv[3]:		-s
[runlim] argv[4]:		z3
[runlim] argv[5]:		-e
[runlim] argv[6]:		smtlib
[runlim] argv[7]:		-m
[runlim] argv[8]:		init.mmap
[runlim] argv[9]:		-o
[runlim] argv[10]:		z3-functional
[runlim] argv[11]:		92
[runlim] argv[12]:		count.buggy.0.asm
[runlim] argv[13]:		count.buggy.1.asm
[runlim] argv[14]:		count.buggy.2.asm
[runlim] argv[15]:		count.checker.asm
[runlim] start:			Thu Dec 10 16:20:28 2020
[runlim] child:			32082
[runlim] sample:		9.96 time, 10.01 real, 151 MB
[runlim] sample:		19.96 time, 20.01 real, 278 MB
[runlim] sample:		29.96 time, 30.01 real, 427 MB
[runlim] sample:		39.96 time, 40.01 real, 428 MB
[runlim] sample:		49.96 time, 50.01 real, 430 MB
[runlim] sample:		59.96 time, 60.01 real, 431 MB
[runlim] sample:		69.96 time, 70.01 real, 438 MB
[runlim] sample:		79.96 time, 80.01 real, 471 MB
[runlim] sample:		89.96 time, 90.01 real, 471 MB
[runlim] sample:		99.96 time, 100.01 real, 471 MB
[runlim] sample:		109.96 time, 110.01 real, 482 MB
[runlim] sample:		119.96 time, 120.01 real, 482 MB
[runlim] sample:		129.96 time, 130.01 real, 482 MB
[runlim] sample:		139.96 time, 140.01 real, 482 MB
[runlim] sample:		149.96 time, 150.01 real, 482 MB
[runlim] sample:		159.96 time, 160.01 real, 482 MB
[runlim] sample:		169.96 time, 170.01 real, 482 MB
[runlim] sample:		179.95 time, 180.01 real, 482 MB
[runlim] sample:		189.95 time, 190.01 real, 483 MB
[runlim] sample:		199.95 time, 200.01 real, 483 MB
[runlim] sample:		209.95 time, 210.01 real, 484 MB
[runlim] sample:		219.95 time, 220.01 real, 485 MB
[runlim] sample:		229.95 time, 230.01 real, 486 MB
[runlim] sample:		239.95 time, 240.01 real, 487 MB
[runlim] sample:		249.95 time, 250.01 real, 487 MB
[runlim] sample:		259.95 time, 260.01 real, 487 MB
[runlim] sample:		269.95 time, 270.01 real, 488 MB
[runlim] sample:		279.95 time, 280.01 real, 488 MB
[runlim] sample:		289.95 time, 290.01 real, 488 MB
[runlim] sample:		299.95 time, 300.01 real, 488 MB
[runlim] sample:		309.96 time, 310.01 real, 489 MB
[runlim] sample:		319.96 time, 320.01 real, 489 MB
[runlim] sample:		329.96 time, 330.01 real, 489 MB
[runlim] sample:		339.96 time, 340.01 real, 489 MB
[runlim] sample:		349.96 time, 350.01 real, 489 MB
[runlim] sample:		359.96 time, 360.01 real, 489 MB
[runlim] sample:		369.96 time, 370.01 real, 491 MB
[runlim] sample:		379.96 time, 380.01 real, 491 MB
[runlim] sample:		389.96 time, 390.01 real, 491 MB
[runlim] sample:		399.96 time, 400.01 real, 491 MB
[runlim] sample:		409.96 time, 410.01 real, 492 MB
[runlim] sample:		419.96 time, 420.01 real, 492 MB
[runlim] sample:		429.96 time, 430.01 real, 492 MB
[runlim] sample:		439.95 time, 440.01 real, 492 MB
[runlim] sample:		449.95 time, 450.01 real, 492 MB
[runlim] sample:		459.96 time, 460.01 real, 492 MB
[runlim] sample:		469.96 time, 470.01 real, 494 MB
[runlim] sample:		479.96 time, 480.01 real, 494 MB
[runlim] sample:		489.96 time, 490.01 real, 494 MB
[runlim] sample:		499.96 time, 500.01 real, 494 MB
[runlim] sample:		509.96 time, 510.01 real, 495 MB
[runlim] sample:		519.96 time, 520.01 real, 495 MB
[runlim] sample:		529.96 time, 530.01 real, 495 MB
[runlim] sample:		539.96 time, 540.01 real, 495 MB
[runlim] sample:		549.96 time, 550.01 real, 495 MB
[runlim] sample:		559.96 time, 560.01 real, 495 MB
[runlim] sample:		569.96 time, 570.01 real, 495 MB
[runlim] sample:		579.96 time, 580.01 real, 496 MB
[runlim] sample:		589.96 time, 590.01 real, 497 MB
[runlim] sample:		599.96 time, 600.01 real, 497 MB
[runlim] sample:		609.96 time, 610.01 real, 497 MB
[runlim] sample:		619.96 time, 620.01 real, 497 MB
[runlim] sample:		629.96 time, 630.01 real, 497 MB
[runlim] sample:		639.96 time, 640.01 real, 497 MB
[runlim] sample:		649.96 time, 650.01 real, 497 MB
[runlim] sample:		659.96 time, 660.01 real, 497 MB
[runlim] sample:		669.96 time, 670.01 real, 498 MB
[runlim] sample:		679.96 time, 680.01 real, 498 MB
[runlim] sample:		689.96 time, 690.01 real, 498 MB
[runlim] sample:		699.96 time, 700.01 real, 499 MB
[runlim] sample:		709.96 time, 710.01 real, 499 MB
[runlim] sample:		719.96 time, 720.01 real, 499 MB
[runlim] sample:		729.96 time, 730.01 real, 499 MB
[runlim] sample:		739.96 time, 740.01 real, 501 MB
[runlim] sample:		749.96 time, 750.01 real, 501 MB
[runlim] sample:		759.96 time, 760.01 real, 501 MB
[runlim] sample:		769.95 time, 770.01 real, 502 MB
[runlim] sample:		779.95 time, 780.01 real, 502 MB
[runlim] sample:		789.95 time, 790.01 real, 503 MB
[runlim] sample:		799.96 time, 800.01 real, 503 MB
[runlim] sample:		809.96 time, 810.01 real, 503 MB
[runlim] sample:		819.96 time, 820.01 real, 503 MB
[runlim] sample:		829.96 time, 830.01 real, 503 MB
[runlim] sample:		839.96 time, 840.01 real, 503 MB
[runlim] sample:		849.96 time, 850.01 real, 503 MB
[runlim] sample:		859.96 time, 860.01 real, 503 MB
[runlim] sample:		869.96 time, 870.01 real, 503 MB
[runlim] sample:		879.96 time, 880.01 real, 503 MB
[runlim] sample:		889.96 time, 890.01 real, 503 MB
[runlim] sample:		899.96 time, 900.01 real, 503 MB
[runlim] sample:		909.96 time, 910.01 real, 503 MB
[runlim] sample:		919.96 time, 920.01 real, 503 MB
[runlim] sample:		929.96 time, 930.01 real, 503 MB
[runlim] sample:		939.96 time, 940.01 real, 503 MB
[runlim] sample:		949.96 time, 950.01 real, 503 MB
[runlim] sample:		959.96 time, 960.01 real, 503 MB
[runlim] sample:		969.96 time, 970.01 real, 503 MB
[runlim] sample:		979.96 time, 980.01 real, 503 MB
[runlim] sample:		989.96 time, 990.01 real, 503 MB
[runlim] sample:		999.96 time, 1000.01 real, 503 MB
[runlim] sample:		1009.96 time, 1010.01 real, 503 MB
[runlim] sample:		1019.96 time, 1020.01 real, 503 MB
[runlim] sample:		1029.96 time, 1030.01 real, 506 MB
[runlim] sample:		1039.96 time, 1040.01 real, 506 MB
[runlim] sample:		1049.96 time, 1050.01 real, 506 MB
[runlim] sample:		1059.96 time, 1060.01 real, 506 MB
[runlim] sample:		1069.96 time, 1070.01 real, 506 MB
[runlim] sample:		1079.96 time, 1080.01 real, 507 MB
[runlim] sample:		1089.96 time, 1090.01 real, 507 MB
[runlim] sample:		1099.96 time, 1100.01 real, 507 MB
[runlim] sample:		1109.96 time, 1110.01 real, 507 MB
[runlim] sample:		1119.96 time, 1120.01 real, 507 MB
[runlim] sample:		1129.96 time, 1130.01 real, 507 MB
[runlim] sample:		1139.96 time, 1140.01 real, 507 MB
[runlim] sample:		1149.96 time, 1150.01 real, 507 MB
[runlim] sample:		1159.96 time, 1160.01 real, 507 MB
[runlim] sample:		1169.96 time, 1170.01 real, 508 MB
[runlim] sample:		1179.96 time, 1180.01 real, 508 MB
[runlim] sample:		1189.96 time, 1190.01 real, 508 MB
[runlim] sample:		1199.96 time, 1200.01 real, 508 MB
[runlim] sample:		1209.96 time, 1210.01 real, 508 MB
[runlim] sample:		1219.96 time, 1220.01 real, 508 MB
[runlim] sample:		1229.95 time, 1230.01 real, 509 MB
[runlim] sample:		1239.96 time, 1240.01 real, 522 MB
[runlim] sample:		1249.96 time, 1250.01 real, 522 MB
[runlim] sample:		1259.96 time, 1260.01 real, 522 MB
[runlim] sample:		1269.96 time, 1270.01 real, 522 MB
[runlim] sample:		1279.96 time, 1280.01 real, 522 MB
[runlim] sample:		1289.96 time, 1290.01 real, 522 MB
[runlim] sample:		1299.96 time, 1300.01 real, 522 MB
[runlim] sample:		1309.96 time, 1310.01 real, 522 MB
[runlim] sample:		1319.96 time, 1320.01 real, 522 MB
[runlim] sample:		1329.96 time, 1330.01 real, 522 MB
[runlim] sample:		1339.95 time, 1340.01 real, 522 MB
[runlim] sample:		1349.95 time, 1350.01 real, 522 MB
[runlim] sample:		1359.96 time, 1360.01 real, 522 MB
[runlim] sample:		1369.96 time, 1370.01 real, 522 MB
[runlim] sample:		1379.96 time, 1380.01 real, 522 MB
[runlim] sample:		1389.96 time, 1390.01 real, 522 MB
[runlim] sample:		1399.96 time, 1400.01 real, 522 MB
[runlim] sample:		1409.96 time, 1410.01 real, 522 MB
[runlim] sample:		1419.96 time, 1420.01 real, 522 MB
[runlim] sample:		1429.96 time, 1430.01 real, 522 MB
[runlim] sample:		1439.95 time, 1440.01 real, 522 MB
[runlim] sample:		1449.95 time, 1450.01 real, 522 MB
[runlim] sample:		1459.96 time, 1460.01 real, 522 MB
[runlim] sample:		1469.96 time, 1470.01 real, 522 MB
[runlim] sample:		1479.96 time, 1480.01 real, 522 MB
[runlim] sample:		1489.96 time, 1490.01 real, 522 MB
[runlim] sample:		1499.96 time, 1500.01 real, 522 MB
[runlim] sample:		1509.96 time, 1510.01 real, 522 MB
[runlim] sample:		1519.96 time, 1520.01 real, 522 MB
[runlim] sample:		1529.96 time, 1530.01 real, 522 MB
[runlim] sample:		1539.95 time, 1540.01 real, 522 MB
[runlim] sample:		1549.95 time, 1550.01 real, 522 MB
[runlim] sample:		1559.96 time, 1560.01 real, 522 MB
[runlim] sample:		1569.96 time, 1570.01 real, 522 MB
[runlim] sample:		1579.96 time, 1580.01 real, 522 MB
[runlim] sample:		1589.96 time, 1590.01 real, 522 MB
[runlim] sample:		1599.96 time, 1600.01 real, 522 MB
[runlim] sample:		1609.96 time, 1610.01 real, 522 MB
[runlim] sample:		1619.96 time, 1620.01 real, 526 MB
[runlim] sample:		1629.96 time, 1630.01 real, 526 MB
[runlim] sample:		1639.95 time, 1640.01 real, 526 MB
[runlim] sample:		1649.95 time, 1650.01 real, 526 MB
[runlim] sample:		1659.96 time, 1660.01 real, 526 MB
[runlim] sample:		1669.96 time, 1670.01 real, 526 MB
[runlim] sample:		1679.96 time, 1680.01 real, 526 MB
[runlim] sample:		1689.96 time, 1690.01 real, 526 MB
[runlim] sample:		1699.96 time, 1700.01 real, 526 MB
[runlim] sample:		1709.96 time, 1710.01 real, 526 MB
[runlim] sample:		1719.96 time, 1720.01 real, 526 MB
[runlim] sample:		1729.96 time, 1730.01 real, 526 MB
[runlim] sample:		1739.96 time, 1740.01 real, 526 MB
[runlim] sample:		1749.96 time, 1750.01 real, 526 MB
[runlim] sample:		1759.96 time, 1760.01 real, 526 MB
[runlim] sample:		1769.96 time, 1770.01 real, 526 MB
[runlim] sample:		1779.96 time, 1780.01 real, 526 MB
[runlim] sample:		1789.96 time, 1790.01 real, 526 MB
[runlim] sample:		1799.96 time, 1800.01 real, 526 MB
[runlim] sample:		1809.96 time, 1810.01 real, 526 MB
[runlim] sample:		1819.96 time, 1820.01 real, 526 MB
[runlim] sample:		1829.96 time, 1830.01 real, 526 MB
[runlim] sample:		1839.96 time, 1840.01 real, 526 MB
[runlim] sample:		1849.96 time, 1850.01 real, 526 MB
[runlim] sample:		1859.96 time, 1860.01 real, 526 MB
[runlim] sample:		1869.96 time, 1870.01 real, 526 MB
[runlim] sample:		1879.96 time, 1880.01 real, 526 MB
[runlim] sample:		1889.96 time, 1890.01 real, 526 MB
[runlim] sample:		1899.96 time, 1900.01 real, 526 MB
[runlim] sample:		1909.96 time, 1910.01 real, 526 MB
[runlim] sample:		1919.96 time, 1920.01 real, 526 MB
[runlim] sample:		1929.96 time, 1930.01 real, 526 MB
[runlim] sample:		1939.96 time, 1940.01 real, 526 MB
[runlim] sample:		1949.96 time, 1950.01 real, 526 MB
[runlim] sample:		1959.96 time, 1960.01 real, 526 MB
[runlim] sample:		1969.96 time, 1970.01 real, 526 MB
[runlim] sample:		1979.96 time, 1980.01 real, 526 MB
[runlim] sample:		1989.96 time, 1990.01 real, 526 MB
[runlim] sample:		1999.96 time, 2000.01 real, 526 MB
[runlim] sample:		2009.96 time, 2010.01 real, 526 MB
[runlim] sample:		2019.96 time, 2020.01 real, 526 MB
[runlim] sample:		2029.96 time, 2030.01 real, 526 MB
[runlim] sample:		2039.96 time, 2040.01 real, 526 MB
[runlim] sample:		2049.96 time, 2050.01 real, 526 MB
[runlim] sample:		2059.96 time, 2060.01 real, 527 MB
[runlim] sample:		2069.96 time, 2070.01 real, 527 MB
[runlim] sample:		2079.96 time, 2080.01 real, 527 MB
[runlim] sample:		2089.96 time, 2090.01 real, 527 MB
[runlim] sample:		2099.96 time, 2100.01 real, 527 MB
[runlim] sample:		2109.96 time, 2110.01 real, 527 MB
[runlim] sample:		2119.96 time, 2120.01 real, 527 MB
[runlim] sample:		2129.96 time, 2130.01 real, 527 MB
[runlim] sample:		2139.96 time, 2140.01 real, 528 MB
[runlim] sample:		2149.96 time, 2150.01 real, 528 MB
[runlim] sample:		2159.96 time, 2160.01 real, 528 MB
[runlim] sample:		2169.96 time, 2170.01 real, 528 MB
[runlim] sample:		2179.96 time, 2180.01 real, 528 MB
[runlim] sample:		2189.96 time, 2190.01 real, 528 MB
[runlim] sample:		2199.96 time, 2200.01 real, 528 MB
[runlim] sample:		2209.96 time, 2210.01 real, 528 MB
[runlim] sample:		2219.96 time, 2220.01 real, 530 MB
[runlim] sample:		2229.96 time, 2230.01 real, 531 MB
[runlim] sample:		2239.96 time, 2240.01 real, 531 MB
[runlim] sample:		2249.96 time, 2250.01 real, 531 MB
[runlim] sample:		2259.96 time, 2260.01 real, 533 MB
[runlim] sample:		2269.96 time, 2270.01 real, 533 MB
[runlim] sample:		2279.96 time, 2280.01 real, 533 MB
[runlim] sample:		2289.96 time, 2290.01 real, 533 MB
[runlim] sample:		2299.96 time, 2300.01 real, 533 MB
[runlim] sample:		2309.96 time, 2310.01 real, 533 MB
[runlim] sample:		2319.96 time, 2320.01 real, 533 MB
[runlim] sample:		2329.96 time, 2330.01 real, 533 MB
[runlim] sample:		2339.96 time, 2340.01 real, 533 MB
[runlim] sample:		2349.96 time, 2350.01 real, 533 MB
[runlim] sample:		2359.96 time, 2360.01 real, 533 MB
[runlim] sample:		2369.96 time, 2370.01 real, 534 MB
[runlim] sample:		2379.96 time, 2380.01 real, 534 MB
[runlim] sample:		2389.96 time, 2390.01 real, 534 MB
[runlim] sample:		2399.96 time, 2400.01 real, 534 MB
[runlim] sample:		2409.96 time, 2410.01 real, 534 MB
[runlim] sample:		2419.96 time, 2420.01 real, 534 MB
[runlim] sample:		2429.96 time, 2430.01 real, 534 MB
[runlim] sample:		2439.96 time, 2440.01 real, 534 MB
[runlim] sample:		2449.96 time, 2450.01 real, 534 MB
[runlim] sample:		2459.96 time, 2460.01 real, 534 MB
[runlim] sample:		2469.96 time, 2470.01 real, 534 MB
[runlim] sample:		2479.96 time, 2480.01 real, 534 MB
[runlim] sample:		2489.96 time, 2490.01 real, 534 MB
[runlim] sample:		2499.96 time, 2500.01 real, 534 MB
[runlim] sample:		2509.96 time, 2510.01 real, 534 MB
[runlim] sample:		2519.96 time, 2520.01 real, 534 MB
[runlim] sample:		2529.96 time, 2530.01 real, 534 MB
[runlim] sample:		2539.96 time, 2540.01 real, 534 MB
[runlim] sample:		2549.96 time, 2550.01 real, 534 MB
[runlim] sample:		2559.96 time, 2560.01 real, 534 MB
[runlim] sample:		2569.96 time, 2570.01 real, 534 MB
[runlim] sample:		2579.96 time, 2580.01 real, 534 MB
[runlim] sample:		2589.96 time, 2590.01 real, 534 MB
[runlim] sample:		2599.96 time, 2600.01 real, 534 MB
[runlim] sample:		2609.96 time, 2610.01 real, 534 MB
[runlim] sample:		2619.96 time, 2620.01 real, 534 MB
[runlim] sample:		2629.96 time, 2630.01 real, 534 MB
[runlim] sample:		2639.96 time, 2640.01 real, 534 MB
[runlim] sample:		2649.96 time, 2650.01 real, 534 MB
[runlim] sample:		2659.96 time, 2660.01 real, 534 MB
[runlim] sample:		2669.96 time, 2670.01 real, 534 MB
[runlim] sample:		2679.96 time, 2680.01 real, 534 MB
[runlim] sample:		2689.96 time, 2690.01 real, 534 MB
[runlim] sample:		2699.97 time, 2700.01 real, 534 MB
[runlim] sample:		2709.96 time, 2710.01 real, 535 MB
[runlim] sample:		2719.96 time, 2720.01 real, 535 MB
[runlim] sample:		2729.97 time, 2730.01 real, 535 MB
[runlim] sample:		2739.97 time, 2740.01 real, 535 MB
[runlim] sample:		2749.96 time, 2750.01 real, 535 MB
[runlim] sample:		2759.96 time, 2760.01 real, 535 MB
[runlim] sample:		2769.96 time, 2770.01 real, 535 MB
[runlim] sample:		2779.96 time, 2780.01 real, 537 MB
[runlim] sample:		2789.96 time, 2790.01 real, 538 MB
[runlim] sample:		2799.96 time, 2800.01 real, 538 MB
[runlim] sample:		2809.96 time, 2810.01 real, 538 MB
[runlim] sample:		2819.96 time, 2820.01 real, 538 MB
[runlim] sample:		2829.97 time, 2830.01 real, 538 MB
[runlim] sample:		2839.97 time, 2840.01 real, 538 MB
[runlim] sample:		2849.96 time, 2850.01 real, 538 MB
[runlim] sample:		2859.96 time, 2860.01 real, 538 MB
[runlim] sample:		2869.97 time, 2870.01 real, 538 MB
[runlim] sample:		2879.97 time, 2880.01 real, 538 MB
[runlim] sample:		2889.96 time, 2890.01 real, 538 MB
[runlim] sample:		2899.96 time, 2900.01 real, 538 MB
[runlim] sample:		2909.96 time, 2910.01 real, 538 MB
[runlim] sample:		2919.96 time, 2920.01 real, 538 MB
[runlim] sample:		2929.97 time, 2930.01 real, 538 MB
[runlim] sample:		2939.97 time, 2940.01 real, 538 MB
[runlim] sample:		2949.96 time, 2950.01 real, 538 MB
[runlim] sample:		2959.96 time, 2960.01 real, 538 MB
[runlim] sample:		2969.97 time, 2970.01 real, 538 MB
[runlim] sample:		2979.97 time, 2980.01 real, 538 MB
[runlim] sample:		2989.96 time, 2990.01 real, 538 MB
[runlim] sample:		2999.96 time, 3000.01 real, 538 MB
[runlim] sample:		3009.96 time, 3010.01 real, 542 MB
[runlim] sample:		3019.96 time, 3020.01 real, 542 MB
[runlim] sample:		3029.97 time, 3030.01 real, 542 MB
[runlim] sample:		3039.97 time, 3040.01 real, 542 MB
[runlim] sample:		3049.96 time, 3050.01 real, 542 MB
[runlim] sample:		3059.96 time, 3060.01 real, 542 MB
[runlim] sample:		3069.97 time, 3070.01 real, 542 MB
[runlim] sample:		3079.97 time, 3080.01 real, 542 MB
[runlim] sample:		3089.96 time, 3090.01 real, 542 MB
[runlim] sample:		3099.96 time, 3100.01 real, 542 MB
[runlim] sample:		3109.96 time, 3110.01 real, 542 MB
[runlim] sample:		3119.96 time, 3120.01 real, 542 MB
[runlim] sample:		3129.97 time, 3130.01 real, 542 MB
[runlim] sample:		3139.97 time, 3140.01 real, 542 MB
[runlim] sample:		3149.96 time, 3150.01 real, 544 MB
[runlim] sample:		3159.96 time, 3160.01 real, 544 MB
[runlim] sample:		3169.97 time, 3170.01 real, 544 MB
[runlim] sample:		3179.97 time, 3180.01 real, 544 MB
[runlim] sample:		3189.96 time, 3190.01 real, 544 MB
[runlim] sample:		3199.96 time, 3200.01 real, 544 MB
[runlim] sample:		3209.96 time, 3210.01 real, 544 MB
[runlim] sample:		3219.96 time, 3220.01 real, 544 MB
[runlim] sample:		3229.96 time, 3230.01 real, 544 MB
[runlim] sample:		3239.96 time, 3240.01 real, 544 MB
[runlim] sample:		3249.97 time, 3250.01 real, 544 MB
[runlim] sample:		3259.97 time, 3260.01 real, 544 MB
[runlim] sample:		3269.96 time, 3270.01 real, 544 MB
[runlim] sample:		3279.96 time, 3280.01 real, 544 MB
[runlim] sample:		3289.96 time, 3290.01 real, 545 MB
[runlim] sample:		3299.96 time, 3300.01 real, 545 MB
[runlim] sample:		3309.97 time, 3310.01 real, 545 MB
[runlim] sample:		3319.97 time, 3320.01 real, 545 MB
[runlim] sample:		3329.96 time, 3330.01 real, 545 MB
[runlim] sample:		3339.96 time, 3340.01 real, 545 MB
[runlim] sample:		3349.97 time, 3350.01 real, 545 MB
[runlim] sample:		3359.97 time, 3360.01 real, 545 MB
[runlim] sample:		3369.96 time, 3370.01 real, 545 MB
[runlim] sample:		3379.96 time, 3380.01 real, 545 MB
[runlim] sample:		3389.96 time, 3390.01 real, 545 MB
[runlim] sample:		3399.96 time, 3400.01 real, 545 MB
[runlim] sample:		3409.97 time, 3410.01 real, 545 MB
[runlim] sample:		3419.97 time, 3420.01 real, 545 MB
[runlim] sample:		3429.96 time, 3430.01 real, 545 MB
[runlim] sample:		3439.96 time, 3440.01 real, 545 MB
[runlim] sample:		3449.97 time, 3450.01 real, 545 MB
[runlim] sample:		3459.96 time, 3460.01 real, 553 MB
[runlim] sample:		3469.97 time, 3470.01 real, 553 MB
[runlim] sample:		3479.97 time, 3480.01 real, 553 MB
[runlim] sample:		3489.96 time, 3490.01 real, 553 MB
[runlim] sample:		3499.96 time, 3500.01 real, 553 MB
[runlim] sample:		3509.97 time, 3510.01 real, 553 MB
[runlim] sample:		3519.97 time, 3520.01 real, 553 MB
[runlim] sample:		3529.96 time, 3530.01 real, 553 MB
[runlim] sample:		3539.96 time, 3540.01 real, 553 MB
[runlim] sample:		3549.96 time, 3550.01 real, 553 MB
[runlim] sample:		3559.96 time, 3560.01 real, 553 MB
[runlim] sample:		3569.97 time, 3570.01 real, 553 MB
[runlim] sample:		3579.97 time, 3580.01 real, 553 MB
[runlim] sample:		3589.96 time, 3590.01 real, 553 MB
[runlim] sample:		3599.96 time, 3600.01 real, 553 MB
[runlim] sample:		3609.97 time, 3610.01 real, 553 MB
[runlim] sample:		3619.97 time, 3620.01 real, 553 MB
[runlim] sample:		3629.96 time, 3630.01 real, 553 MB
[runlim] sample:		3639.96 time, 3640.01 real, 553 MB
[runlim] sample:		3649.96 time, 3650.01 real, 553 MB
[runlim] sample:		3659.96 time, 3660.01 real, 553 MB
[runlim] sample:		3669.96 time, 3670.01 real, 553 MB
[runlim] sample:		3679.97 time, 3680.01 real, 553 MB
[runlim] sample:		3689.97 time, 3690.01 real, 553 MB
[runlim] sample:		3699.96 time, 3700.01 real, 553 MB
[runlim] sample:		3709.96 time, 3710.01 real, 553 MB
[runlim] sample:		3719.97 time, 3720.01 real, 553 MB
[runlim] sample:		3729.97 time, 3730.01 real, 553 MB
[runlim] sample:		3739.96 time, 3740.01 real, 553 MB
[runlim] sample:		3749.96 time, 3750.01 real, 553 MB
[runlim] sample:		3759.96 time, 3760.01 real, 553 MB
[runlim] sample:		3769.96 time, 3770.01 real, 553 MB
[runlim] sample:		3779.97 time, 3780.01 real, 553 MB
[runlim] sample:		3789.97 time, 3790.01 real, 553 MB
[runlim] sample:		3799.96 time, 3800.01 real, 553 MB
[runlim] sample:		3809.96 time, 3810.01 real, 553 MB
[runlim] sample:		3819.97 time, 3820.01 real, 553 MB
[runlim] sample:		3829.97 time, 3830.01 real, 553 MB
[runlim] sample:		3839.96 time, 3840.01 real, 554 MB
[runlim] sample:		3849.96 time, 3850.01 real, 554 MB
[runlim] sample:		3859.96 time, 3860.01 real, 554 MB
[runlim] sample:		3869.96 time, 3870.01 real, 554 MB
[runlim] sample:		3879.97 time, 3880.01 real, 554 MB
[runlim] sample:		3889.97 time, 3890.01 real, 554 MB
[runlim] sample:		3899.96 time, 3900.01 real, 554 MB
[runlim] sample:		3909.96 time, 3910.01 real, 554 MB
[runlim] sample:		3919.97 time, 3920.01 real, 554 MB
[runlim] sample:		3929.97 time, 3930.01 real, 554 MB
[runlim] sample:		3939.97 time, 3940.01 real, 554 MB
[runlim] sample:		3949.97 time, 3950.01 real, 554 MB
[runlim] sample:		3959.96 time, 3960.01 real, 554 MB
[runlim] sample:		3969.96 time, 3970.01 real, 554 MB
[runlim] sample:		3979.97 time, 3980.01 real, 554 MB
[runlim] sample:		3989.97 time, 3990.01 real, 554 MB
[runlim] sample:		3999.96 time, 4000.01 real, 554 MB
[runlim] sample:		4009.96 time, 4010.01 real, 554 MB
[runlim] sample:		4019.97 time, 4020.01 real, 554 MB
[runlim] sample:		4029.97 time, 4030.01 real, 554 MB
[runlim] sample:		4039.97 time, 4040.01 real, 554 MB
[runlim] sample:		4049.97 time, 4050.01 real, 554 MB
[runlim] sample:		4059.96 time, 4060.01 real, 554 MB
[runlim] sample:		4069.96 time, 4070.01 real, 554 MB
[runlim] sample:		4079.97 time, 4080.01 real, 554 MB
[runlim] sample:		4089.97 time, 4090.01 real, 554 MB
[runlim] sample:		4099.96 time, 4100.01 real, 554 MB
[runlim] sample:		4109.96 time, 4110.01 real, 554 MB
[runlim] sample:		4119.97 time, 4120.01 real, 554 MB
[runlim] sample:		4129.97 time, 4130.01 real, 554 MB
[runlim] sample:		4139.97 time, 4140.01 real, 554 MB
[runlim] sample:		4149.97 time, 4150.01 real, 554 MB
[runlim] sample:		4159.96 time, 4160.01 real, 554 MB
[runlim] sample:		4169.96 time, 4170.01 real, 554 MB
[runlim] sample:		4179.97 time, 4180.01 real, 554 MB
[runlim] sample:		4189.97 time, 4190.01 real, 554 MB
[runlim] sample:		4199.96 time, 4200.01 real, 554 MB
[runlim] sample:		4209.96 time, 4210.01 real, 554 MB
[runlim] sample:		4219.97 time, 4220.01 real, 554 MB
[runlim] sample:		4229.97 time, 4230.01 real, 554 MB
[runlim] sample:		4239.97 time, 4240.01 real, 554 MB
[runlim] sample:		4249.97 time, 4250.01 real, 554 MB
[runlim] sample:		4259.96 time, 4260.01 real, 554 MB
[runlim] sample:		4269.96 time, 4270.01 real, 554 MB
[runlim] sample:		4279.97 time, 4280.01 real, 554 MB
[runlim] sample:		4289.97 time, 4290.01 real, 554 MB
[runlim] sample:		4299.96 time, 4300.01 real, 554 MB
[runlim] sample:		4309.96 time, 4310.01 real, 554 MB
[runlim] sample:		4319.97 time, 4320.01 real, 556 MB
[runlim] sample:		4329.97 time, 4330.01 real, 556 MB
[runlim] sample:		4339.97 time, 4340.01 real, 556 MB
[runlim] sample:		4349.97 time, 4350.01 real, 556 MB
[runlim] sample:		4359.96 time, 4360.01 real, 556 MB
[runlim] sample:		4369.96 time, 4370.01 real, 556 MB
[runlim] sample:		4379.97 time, 4380.01 real, 556 MB
[runlim] sample:		4389.97 time, 4390.01 real, 556 MB
[runlim] sample:		4399.96 time, 4400.01 real, 556 MB
[runlim] sample:		4409.96 time, 4410.01 real, 556 MB
[runlim] sample:		4419.97 time, 4420.01 real, 556 MB
[runlim] sample:		4429.97 time, 4430.01 real, 556 MB
[runlim] sample:		4439.97 time, 4440.01 real, 556 MB
[runlim] sample:		4449.97 time, 4450.01 real, 556 MB
[runlim] sample:		4459.96 time, 4460.01 real, 556 MB
[runlim] sample:		4469.96 time, 4470.01 real, 558 MB
[runlim] sample:		4479.97 time, 4480.01 real, 558 MB
[runlim] sample:		4489.97 time, 4490.01 real, 558 MB
[runlim] sample:		4499.96 time, 4500.01 real, 558 MB
[runlim] sample:		4509.96 time, 4510.01 real, 558 MB
[runlim] sample:		4519.97 time, 4520.01 real, 558 MB
[runlim] sample:		4529.97 time, 4530.01 real, 558 MB
[runlim] sample:		4539.97 time, 4540.01 real, 558 MB
[runlim] sample:		4549.97 time, 4550.01 real, 558 MB
[runlim] sample:		4559.96 time, 4560.01 real, 558 MB
[runlim] sample:		4569.96 time, 4570.01 real, 558 MB
[runlim] sample:		4579.97 time, 4580.01 real, 558 MB
[runlim] sample:		4589.97 time, 4590.01 real, 558 MB
[runlim] sample:		4599.96 time, 4600.01 real, 558 MB
[runlim] sample:		4609.96 time, 4610.01 real, 558 MB
[runlim] sample:		4619.97 time, 4620.01 real, 558 MB
[runlim] sample:		4629.97 time, 4630.01 real, 558 MB
[runlim] sample:		4639.97 time, 4640.01 real, 558 MB
[runlim] sample:		4649.97 time, 4650.01 real, 558 MB
[runlim] sample:		4659.96 time, 4660.01 real, 558 MB
[runlim] sample:		4669.96 time, 4670.01 real, 558 MB
[runlim] sample:		4679.97 time, 4680.01 real, 558 MB
[runlim] sample:		4689.97 time, 4690.01 real, 560 MB
[runlim] sample:		4699.96 time, 4700.01 real, 560 MB
[runlim] sample:		4709.96 time, 4710.01 real, 560 MB
[runlim] sample:		4719.97 time, 4720.01 real, 560 MB
[runlim] sample:		4729.97 time, 4730.01 real, 560 MB
[runlim] sample:		4739.96 time, 4740.01 real, 561 MB
[runlim] sample:		4749.96 time, 4750.01 real, 561 MB
[runlim] sample:		4759.97 time, 4760.01 real, 561 MB
[runlim] sample:		4769.97 time, 4770.01 real, 561 MB
[runlim] sample:		4779.96 time, 4780.01 real, 561 MB
[runlim] sample:		4789.96 time, 4790.01 real, 561 MB
[runlim] sample:		4799.97 time, 4800.01 real, 561 MB
[runlim] sample:		4809.97 time, 4810.01 real, 561 MB
[runlim] sample:		4819.97 time, 4820.01 real, 561 MB
[runlim] sample:		4829.97 time, 4830.01 real, 561 MB
[runlim] sample:		4839.96 time, 4840.01 real, 561 MB
[runlim] sample:		4849.96 time, 4850.01 real, 561 MB
[runlim] sample:		4859.97 time, 4860.01 real, 561 MB
[runlim] sample:		4869.97 time, 4870.01 real, 561 MB
[runlim] sample:		4879.96 time, 4880.01 real, 568 MB
[runlim] sample:		4889.97 time, 4890.01 real, 568 MB
[runlim] sample:		4899.97 time, 4900.01 real, 568 MB
[runlim] sample:		4909.97 time, 4910.01 real, 568 MB
[runlim] sample:		4919.96 time, 4920.01 real, 568 MB
[runlim] sample:		4929.96 time, 4930.01 real, 568 MB
[runlim] sample:		4939.97 time, 4940.01 real, 568 MB
[runlim] sample:		4949.97 time, 4950.01 real, 568 MB
[runlim] sample:		4959.96 time, 4960.01 real, 568 MB
[runlim] sample:		4969.96 time, 4970.01 real, 568 MB
[runlim] sample:		4979.97 time, 4980.01 real, 568 MB
[runlim] sample:		4989.97 time, 4990.01 real, 568 MB
[runlim] sample:		4999.97 time, 5000.01 real, 568 MB
[runlim] sample:		5009.97 time, 5010.01 real, 568 MB
[runlim] sample:		5019.96 time, 5020.01 real, 568 MB
[runlim] sample:		5029.96 time, 5030.01 real, 568 MB
[runlim] sample:		5039.97 time, 5040.01 real, 568 MB
[runlim] sample:		5049.97 time, 5050.01 real, 568 MB
[runlim] sample:		5059.96 time, 5060.01 real, 568 MB
[runlim] sample:		5069.96 time, 5070.01 real, 568 MB
[runlim] sample:		5079.97 time, 5080.01 real, 568 MB
[runlim] sample:		5089.97 time, 5090.01 real, 568 MB
[runlim] sample:		5099.97 time, 5100.01 real, 568 MB
[runlim] sample:		5109.97 time, 5110.01 real, 568 MB
[runlim] sample:		5119.96 time, 5120.01 real, 568 MB
[runlim] sample:		5129.96 time, 5130.01 real, 568 MB
[runlim] sample:		5139.96 time, 5140.01 real, 568 MB
[runlim] sample:		5149.97 time, 5150.01 real, 568 MB
[runlim] sample:		5159.97 time, 5160.01 real, 568 MB
[runlim] sample:		5169.97 time, 5170.01 real, 568 MB
[runlim] sample:		5179.97 time, 5180.01 real, 568 MB
[runlim] sample:		5189.97 time, 5190.01 real, 568 MB
[runlim] sample:		5199.97 time, 5200.01 real, 568 MB
[runlim] sample:		5209.97 time, 5210.01 real, 568 MB
[runlim] sample:		5219.97 time, 5220.01 real, 568 MB
[runlim] sample:		5229.96 time, 5230.01 real, 568 MB
[runlim] sample:		5239.96 time, 5240.01 real, 568 MB
[runlim] sample:		5249.97 time, 5250.01 real, 568 MB
[runlim] sample:		5259.97 time, 5260.01 real, 568 MB
[runlim] sample:		5269.97 time, 5270.01 real, 568 MB
[runlim] sample:		5279.97 time, 5280.01 real, 568 MB
[runlim] sample:		5289.97 time, 5290.01 real, 568 MB
[runlim] sample:		5299.97 time, 5300.01 real, 568 MB
[runlim] sample:		5309.97 time, 5310.01 real, 568 MB
[runlim] sample:		5319.97 time, 5320.01 real, 568 MB
[runlim] sample:		5329.96 time, 5330.01 real, 568 MB
[runlim] sample:		5339.96 time, 5340.01 real, 568 MB
[runlim] sample:		5349.97 time, 5350.01 real, 568 MB
[runlim] sample:		5359.97 time, 5360.01 real, 568 MB
[runlim] sample:		5369.97 time, 5370.01 real, 568 MB
[runlim] sample:		5379.97 time, 5380.01 real, 568 MB
[runlim] sample:		5389.97 time, 5390.01 real, 568 MB
[runlim] sample:		5399.97 time, 5400.01 real, 568 MB
[runlim] sample:		5409.97 time, 5410.01 real, 568 MB
[runlim] sample:		5419.97 time, 5420.01 real, 568 MB
[runlim] sample:		5429.96 time, 5430.01 real, 568 MB
[runlim] sample:		5439.96 time, 5440.01 real, 568 MB
[runlim] sample:		5449.97 time, 5450.01 real, 568 MB
[runlim] sample:		5459.97 time, 5460.01 real, 570 MB
[runlim] sample:		5469.97 time, 5470.01 real, 572 MB
[runlim] sample:		5479.97 time, 5480.01 real, 573 MB
[runlim] sample:		5489.97 time, 5490.01 real, 573 MB
[runlim] sample:		5499.97 time, 5500.01 real, 573 MB
[runlim] sample:		5509.97 time, 5510.01 real, 573 MB
[runlim] sample:		5519.97 time, 5520.01 real, 573 MB
[runlim] sample:		5529.96 time, 5530.01 real, 573 MB
[runlim] sample:		5539.96 time, 5540.01 real, 573 MB
[runlim] sample:		5549.97 time, 5550.01 real, 573 MB
[runlim] sample:		5559.97 time, 5560.01 real, 573 MB
[runlim] sample:		5569.97 time, 5570.01 real, 573 MB
[runlim] sample:		5579.97 time, 5580.01 real, 573 MB
[runlim] sample:		5589.97 time, 5590.01 real, 573 MB
[runlim] sample:		5599.97 time, 5600.01 real, 573 MB
[runlim] sample:		5609.97 time, 5610.01 real, 573 MB
[runlim] sample:		5619.97 time, 5620.01 real, 573 MB
[runlim] sample:		5629.96 time, 5630.01 real, 573 MB
[runlim] sample:		5639.96 time, 5640.01 real, 573 MB
[runlim] sample:		5649.97 time, 5650.01 real, 573 MB
[runlim] sample:		5659.97 time, 5660.01 real, 573 MB
[runlim] sample:		5669.97 time, 5670.01 real, 573 MB
[runlim] sample:		5679.97 time, 5680.01 real, 573 MB
[runlim] sample:		5689.97 time, 5690.01 real, 573 MB
[runlim] sample:		5699.97 time, 5700.01 real, 573 MB
[runlim] sample:		5709.97 time, 5710.01 real, 573 MB
[runlim] sample:		5719.97 time, 5720.01 real, 573 MB
[runlim] sample:		5729.97 time, 5730.01 real, 573 MB
[runlim] sample:		5739.97 time, 5740.01 real, 573 MB
[runlim] sample:		5749.97 time, 5750.01 real, 573 MB
[runlim] sample:		5759.97 time, 5760.01 real, 573 MB
[runlim] sample:		5769.96 time, 5770.01 real, 573 MB
[runlim] sample:		5779.96 time, 5780.01 real, 573 MB
[runlim] sample:		5789.97 time, 5790.01 real, 573 MB
[runlim] sample:		5799.97 time, 5800.01 real, 573 MB
[runlim] sample:		5809.97 time, 5810.01 real, 573 MB
[runlim] sample:		5819.97 time, 5820.01 real, 573 MB
[runlim] sample:		5829.97 time, 5830.01 real, 573 MB
[runlim] sample:		5839.97 time, 5840.01 real, 573 MB
[runlim] sample:		5849.97 time, 5850.01 real, 573 MB
[runlim] sample:		5859.97 time, 5860.01 real, 573 MB
[runlim] sample:		5869.96 time, 5870.01 real, 573 MB
[runlim] sample:		5879.96 time, 5880.01 real, 573 MB
[runlim] sample:		5889.97 time, 5890.01 real, 573 MB
[runlim] sample:		5899.97 time, 5900.01 real, 575 MB
[runlim] sample:		5909.97 time, 5910.01 real, 575 MB
[runlim] sample:		5919.97 time, 5920.01 real, 575 MB
[runlim] sample:		5929.97 time, 5930.01 real, 575 MB
[runlim] sample:		5939.97 time, 5940.01 real, 575 MB
[runlim] sample:		5949.97 time, 5950.01 real, 575 MB
[runlim] sample:		5959.97 time, 5960.01 real, 575 MB
[runlim] sample:		5969.96 time, 5970.01 real, 575 MB
[runlim] sample:		5979.96 time, 5980.01 real, 575 MB
[runlim] sample:		5989.97 time, 5990.01 real, 576 MB
[runlim] sample:		5999.97 time, 6000.01 real, 576 MB
[runlim] sample:		6009.97 time, 6010.01 real, 576 MB
[runlim] sample:		6019.97 time, 6020.01 real, 576 MB
[runlim] sample:		6029.97 time, 6030.01 real, 576 MB
[runlim] sample:		6039.97 time, 6040.01 real, 576 MB
[runlim] sample:		6049.97 time, 6050.01 real, 576 MB
[runlim] sample:		6059.97 time, 6060.01 real, 576 MB
[runlim] sample:		6069.96 time, 6070.01 real, 576 MB
[runlim] sample:		6079.96 time, 6080.01 real, 576 MB
[runlim] sample:		6089.97 time, 6090.01 real, 578 MB
[runlim] sample:		6099.97 time, 6100.01 real, 578 MB
[runlim] sample:		6109.97 time, 6110.01 real, 578 MB
[runlim] sample:		6119.97 time, 6120.01 real, 578 MB
[runlim] sample:		6129.97 time, 6130.01 real, 578 MB
[runlim] sample:		6139.97 time, 6140.01 real, 579 MB
[runlim] sample:		6149.97 time, 6150.01 real, 579 MB
[runlim] sample:		6159.97 time, 6160.01 real, 579 MB
[runlim] sample:		6169.96 time, 6170.01 real, 579 MB
[runlim] sample:		6179.96 time, 6180.01 real, 579 MB
[runlim] sample:		6189.97 time, 6190.01 real, 579 MB
[runlim] sample:		6199.97 time, 6200.01 real, 579 MB
[runlim] sample:		6209.97 time, 6210.01 real, 579 MB
[runlim] sample:		6219.97 time, 6220.01 real, 579 MB
[runlim] sample:		6229.97 time, 6230.01 real, 579 MB
[runlim] sample:		6239.97 time, 6240.01 real, 579 MB
[runlim] sample:		6249.97 time, 6250.01 real, 579 MB
[runlim] sample:		6259.97 time, 6260.01 real, 579 MB
[runlim] sample:		6269.96 time, 6270.01 real, 579 MB
[runlim] sample:		6279.96 time, 6280.01 real, 579 MB
[runlim] sample:		6289.97 time, 6290.01 real, 579 MB
[runlim] sample:		6299.97 time, 6300.01 real, 579 MB
[runlim] sample:		6309.97 time, 6310.01 real, 579 MB
[runlim] sample:		6319.97 time, 6320.01 real, 579 MB
[runlim] sample:		6329.97 time, 6330.01 real, 579 MB
[runlim] sample:		6339.97 time, 6340.01 real, 580 MB
[runlim] sample:		6349.96 time, 6350.01 real, 580 MB
[runlim] sample:		6359.96 time, 6360.01 real, 580 MB
[runlim] sample:		6369.97 time, 6370.01 real, 580 MB
[runlim] sample:		6379.97 time, 6380.01 real, 580 MB
[runlim] sample:		6389.97 time, 6390.01 real, 580 MB
[runlim] sample:		6399.97 time, 6400.01 real, 580 MB
[runlim] sample:		6409.97 time, 6410.01 real, 580 MB
[runlim] sample:		6419.97 time, 6420.01 real, 580 MB
[runlim] sample:		6429.97 time, 6430.01 real, 580 MB
[runlim] sample:		6439.97 time, 6440.01 real, 580 MB
[runlim] sample:		6449.96 time, 6450.01 real, 582 MB
[runlim] sample:		6459.96 time, 6460.01 real, 582 MB
[runlim] sample:		6469.97 time, 6470.01 real, 583 MB
[runlim] sample:		6479.97 time, 6480.01 real, 583 MB
[runlim] sample:		6489.97 time, 6490.01 real, 583 MB
[runlim] sample:		6499.97 time, 6500.01 real, 583 MB
[runlim] sample:		6509.97 time, 6510.01 real, 583 MB
[runlim] sample:		6519.97 time, 6520.01 real, 583 MB
[runlim] sample:		6529.97 time, 6530.01 real, 583 MB
[runlim] sample:		6539.97 time, 6540.01 real, 583 MB
[runlim] sample:		6549.96 time, 6550.01 real, 583 MB
[runlim] sample:		6559.96 time, 6560.01 real, 583 MB
[runlim] sample:		6569.97 time, 6570.01 real, 583 MB
[runlim] sample:		6579.97 time, 6580.01 real, 583 MB
[runlim] sample:		6589.97 time, 6590.01 real, 583 MB
[runlim] sample:		6599.97 time, 6600.01 real, 583 MB
[runlim] sample:		6609.97 time, 6610.01 real, 583 MB
[runlim] sample:		6619.97 time, 6620.01 real, 583 MB
[runlim] sample:		6629.97 time, 6630.01 real, 583 MB
[runlim] sample:		6639.97 time, 6640.01 real, 583 MB
[runlim] sample:		6649.97 time, 6650.01 real, 583 MB
[runlim] sample:		6659.96 time, 6660.01 real, 583 MB
[runlim] sample:		6669.96 time, 6670.01 real, 584 MB
[runlim] sample:		6679.97 time, 6680.01 real, 584 MB
[runlim] sample:		6689.97 time, 6690.01 real, 584 MB
[runlim] sample:		6699.97 time, 6700.01 real, 584 MB
[runlim] sample:		6709.97 time, 6710.01 real, 584 MB
[runlim] sample:		6719.97 time, 6720.01 real, 584 MB
[runlim] sample:		6729.97 time, 6730.01 real, 585 MB
[runlim] sample:		6739.97 time, 6740.01 real, 585 MB
[runlim] sample:		6749.97 time, 6750.01 real, 585 MB
[runlim] sample:		6759.96 time, 6760.01 real, 585 MB
[runlim] sample:		6769.96 time, 6770.01 real, 585 MB
[runlim] sample:		6779.97 time, 6780.01 real, 585 MB
[runlim] sample:		6789.97 time, 6790.01 real, 585 MB
[runlim] sample:		6799.97 time, 6800.01 real, 585 MB
[runlim] sample:		6809.97 time, 6810.01 real, 585 MB
[runlim] sample:		6819.97 time, 6820.01 real, 585 MB
[runlim] sample:		6829.97 time, 6830.01 real, 587 MB
[runlim] sample:		6839.97 time, 6840.01 real, 590 MB
[runlim] sample:		6849.97 time, 6850.01 real, 590 MB
[runlim] sample:		6859.96 time, 6860.01 real, 590 MB
[runlim] sample:		6869.96 time, 6870.01 real, 590 MB
[runlim] sample:		6879.97 time, 6880.01 real, 590 MB
[runlim] sample:		6889.97 time, 6890.01 real, 590 MB
[runlim] sample:		6899.97 time, 6900.01 real, 590 MB
[runlim] sample:		6909.97 time, 6910.01 real, 590 MB
[runlim] sample:		6919.97 time, 6920.01 real, 590 MB
[runlim] sample:		6929.97 time, 6930.01 real, 590 MB
[runlim] sample:		6939.97 time, 6940.01 real, 590 MB
[runlim] sample:		6949.97 time, 6950.01 real, 590 MB
[runlim] sample:		6959.96 time, 6960.01 real, 590 MB
[runlim] sample:		6969.96 time, 6970.01 real, 590 MB
[runlim] sample:		6979.97 time, 6980.01 real, 590 MB
[runlim] sample:		6989.97 time, 6990.01 real, 590 MB
[runlim] sample:		6999.97 time, 7000.01 real, 590 MB
[runlim] sample:		7009.97 time, 7010.01 real, 590 MB
[runlim] sample:		7019.97 time, 7020.01 real, 590 MB
[runlim] sample:		7029.97 time, 7030.01 real, 590 MB
[runlim] sample:		7039.97 time, 7040.01 real, 590 MB
[runlim] sample:		7049.97 time, 7050.01 real, 590 MB
[runlim] sample:		7059.96 time, 7060.01 real, 590 MB
[runlim] sample:		7069.97 time, 7070.01 real, 590 MB
[runlim] sample:		7079.97 time, 7080.01 real, 590 MB
[runlim] sample:		7089.97 time, 7090.01 real, 590 MB
[runlim] sample:		7099.97 time, 7100.01 real, 590 MB
[runlim] sample:		7109.97 time, 7110.01 real, 590 MB
[runlim] sample:		7119.97 time, 7120.01 real, 590 MB
[runlim] sample:		7129.97 time, 7130.01 real, 590 MB
[runlim] sample:		7139.97 time, 7140.01 real, 590 MB
[runlim] sample:		7149.97 time, 7150.01 real, 590 MB
[runlim] sample:		7159.97 time, 7160.01 real, 590 MB
[runlim] sample:		7169.97 time, 7170.01 real, 590 MB
[runlim] sample:		7179.97 time, 7180.01 real, 590 MB
[runlim] sample:		7189.97 time, 7190.01 real, 590 MB
[runlim] sample:		7199.97 time, 7200.01 real, 590 MB
[runlim] sample:		7209.97 time, 7210.01 real, 590 MB
[runlim] sample:		7219.97 time, 7220.01 real, 590 MB
[runlim] sample:		7229.97 time, 7230.01 real, 590 MB
[runlim] sample:		7239.97 time, 7240.01 real, 590 MB
[runlim] sample:		7249.97 time, 7250.01 real, 590 MB
[runlim] sample:		7259.97 time, 7260.01 real, 590 MB
[runlim] sample:		7269.97 time, 7270.01 real, 590 MB
[runlim] sample:		7279.97 time, 7280.01 real, 590 MB
[runlim] sample:		7289.97 time, 7290.01 real, 590 MB
[runlim] sample:		7299.97 time, 7300.01 real, 590 MB
[runlim] sample:		7309.97 time, 7310.01 real, 590 MB
[runlim] sample:		7319.97 time, 7320.01 real, 590 MB
[runlim] sample:		7329.97 time, 7330.01 real, 590 MB
[runlim] sample:		7339.97 time, 7340.01 real, 590 MB
[runlim] sample:		7349.97 time, 7350.01 real, 590 MB
[runlim] sample:		7359.97 time, 7360.01 real, 590 MB
[runlim] sample:		7369.97 time, 7370.01 real, 590 MB
[runlim] sample:		7379.97 time, 7380.01 real, 590 MB
[runlim] sample:		7389.97 time, 7390.01 real, 590 MB
[runlim] sample:		7399.97 time, 7400.01 real, 590 MB
[runlim] sample:		7409.97 time, 7410.01 real, 590 MB
[runlim] sample:		7419.97 time, 7420.01 real, 590 MB
[runlim] sample:		7429.97 time, 7430.01 real, 590 MB
[runlim] sample:		7439.97 time, 7440.01 real, 590 MB
[runlim] sample:		7449.97 time, 7450.01 real, 590 MB
[runlim] sample:		7459.97 time, 7460.01 real, 590 MB
[runlim] sample:		7469.97 time, 7470.01 real, 590 MB
[runlim] sample:		7479.97 time, 7480.01 real, 590 MB
[runlim] sample:		7489.97 time, 7490.01 real, 590 MB
[runlim] sample:		7499.97 time, 7500.01 real, 590 MB
[runlim] sample:		7509.97 time, 7510.01 real, 590 MB
[runlim] sample:		7519.97 time, 7520.01 real, 590 MB
[runlim] sample:		7529.97 time, 7530.01 real, 590 MB
[runlim] sample:		7539.97 time, 7540.01 real, 590 MB
[runlim] sample:		7549.97 time, 7550.01 real, 590 MB
[runlim] sample:		7559.97 time, 7560.01 real, 590 MB
[runlim] sample:		7569.97 time, 7570.01 real, 590 MB
[runlim] sample:		7579.97 time, 7580.01 real, 590 MB
[runlim] sample:		7589.97 time, 7590.01 real, 590 MB
[runlim] sample:		7599.97 time, 7600.01 real, 591 MB
[runlim] sample:		7609.97 time, 7610.01 real, 592 MB
[runlim] sample:		7619.97 time, 7620.01 real, 592 MB
[runlim] sample:		7629.97 time, 7630.01 real, 592 MB
[runlim] sample:		7639.97 time, 7640.01 real, 592 MB
[runlim] sample:		7649.97 time, 7650.01 real, 592 MB
[runlim] sample:		7659.97 time, 7660.01 real, 592 MB
[runlim] sample:		7669.97 time, 7670.01 real, 593 MB
[runlim] sample:		7679.97 time, 7680.01 real, 593 MB
[runlim] sample:		7689.97 time, 7690.01 real, 593 MB
[runlim] sample:		7699.97 time, 7700.01 real, 593 MB
[runlim] sample:		7709.97 time, 7710.01 real, 593 MB
[runlim] sample:		7719.97 time, 7720.01 real, 593 MB
[runlim] sample:		7729.97 time, 7730.01 real, 593 MB
[runlim] sample:		7739.97 time, 7740.01 real, 593 MB
[runlim] sample:		7749.97 time, 7750.01 real, 593 MB
[runlim] sample:		7759.97 time, 7760.01 real, 593 MB
[runlim] sample:		7769.97 time, 7770.01 real, 593 MB
[runlim] sample:		7779.97 time, 7780.01 real, 593 MB
[runlim] sample:		7789.97 time, 7790.01 real, 593 MB
[runlim] sample:		7799.97 time, 7800.01 real, 593 MB
[runlim] sample:		7809.97 time, 7810.01 real, 593 MB
[runlim] sample:		7819.97 time, 7820.01 real, 593 MB
[runlim] sample:		7829.97 time, 7830.01 real, 593 MB
[runlim] sample:		7839.97 time, 7840.01 real, 593 MB
[runlim] sample:		7849.97 time, 7850.01 real, 593 MB
[runlim] sample:		7859.97 time, 7860.01 real, 593 MB
[runlim] sample:		7869.97 time, 7870.01 real, 593 MB
[runlim] sample:		7879.97 time, 7880.01 real, 593 MB
[runlim] sample:		7889.97 time, 7890.01 real, 593 MB
[runlim] sample:		7899.97 time, 7900.01 real, 593 MB
[runlim] sample:		7909.97 time, 7910.01 real, 593 MB
[runlim] sample:		7919.97 time, 7920.01 real, 593 MB
[runlim] sample:		7929.97 time, 7930.01 real, 593 MB
[runlim] sample:		7939.97 time, 7940.01 real, 593 MB
[runlim] sample:		7949.97 time, 7950.01 real, 593 MB
[runlim] sample:		7959.97 time, 7960.01 real, 593 MB
[runlim] sample:		7969.97 time, 7970.01 real, 593 MB
[runlim] sample:		7979.97 time, 7980.01 real, 593 MB
[runlim] sample:		7989.97 time, 7990.01 real, 593 MB
[runlim] sample:		7999.97 time, 8000.01 real, 593 MB
[runlim] sample:		8009.97 time, 8010.01 real, 593 MB
[runlim] sample:		8019.97 time, 8020.01 real, 593 MB
[runlim] sample:		8029.97 time, 8030.01 real, 593 MB
[runlim] sample:		8039.97 time, 8040.01 real, 593 MB
[runlim] sample:		8049.97 time, 8050.01 real, 593 MB
[runlim] sample:		8059.97 time, 8060.01 real, 593 MB
[runlim] sample:		8069.97 time, 8070.01 real, 593 MB
[runlim] sample:		8079.97 time, 8080.01 real, 593 MB
[runlim] sample:		8089.97 time, 8090.01 real, 593 MB
[runlim] sample:		8099.97 time, 8100.01 real, 593 MB
[runlim] sample:		8109.97 time, 8110.01 real, 593 MB
[runlim] sample:		8119.97 time, 8120.01 real, 593 MB
[runlim] sample:		8129.97 time, 8130.01 real, 593 MB
[runlim] sample:		8139.97 time, 8140.01 real, 593 MB
[runlim] sample:		8149.97 time, 8150.01 real, 593 MB
[runlim] sample:		8159.97 time, 8160.01 real, 594 MB
[runlim] sample:		8169.97 time, 8170.01 real, 594 MB
[runlim] sample:		8179.97 time, 8180.01 real, 597 MB
[runlim] sample:		8189.97 time, 8190.01 real, 597 MB
[runlim] sample:		8199.97 time, 8200.01 real, 597 MB
[runlim] sample:		8209.97 time, 8210.01 real, 597 MB
[runlim] sample:		8219.97 time, 8220.01 real, 597 MB
[runlim] sample:		8229.97 time, 8230.01 real, 597 MB
[runlim] sample:		8239.97 time, 8240.01 real, 597 MB
[runlim] sample:		8249.97 time, 8250.01 real, 597 MB
[runlim] sample:		8259.97 time, 8260.01 real, 597 MB
[runlim] sample:		8269.97 time, 8270.01 real, 597 MB
[runlim] sample:		8279.97 time, 8280.01 real, 597 MB
[runlim] sample:		8289.97 time, 8290.01 real, 597 MB
[runlim] sample:		8299.97 time, 8300.01 real, 597 MB
[runlim] sample:		8309.97 time, 8310.01 real, 597 MB
[runlim] sample:		8319.97 time, 8320.01 real, 597 MB
[runlim] sample:		8329.97 time, 8330.01 real, 597 MB
[runlim] sample:		8339.97 time, 8340.01 real, 597 MB
[runlim] sample:		8349.97 time, 8350.01 real, 597 MB
[runlim] sample:		8359.97 time, 8360.01 real, 597 MB
[runlim] sample:		8369.97 time, 8370.01 real, 597 MB
[runlim] sample:		8379.97 time, 8380.01 real, 597 MB
[runlim] sample:		8389.97 time, 8390.01 real, 597 MB
[runlim] sample:		8399.97 time, 8400.01 real, 597 MB
[runlim] sample:		8409.97 time, 8410.01 real, 597 MB
[runlim] sample:		8419.97 time, 8420.01 real, 597 MB
[runlim] sample:		8429.97 time, 8430.01 real, 597 MB
[runlim] sample:		8439.97 time, 8440.01 real, 597 MB
[runlim] sample:		8449.97 time, 8450.01 real, 597 MB
[runlim] sample:		8459.97 time, 8460.01 real, 597 MB
[runlim] sample:		8469.97 time, 8470.01 real, 597 MB
[runlim] sample:		8479.97 time, 8480.01 real, 597 MB
[runlim] sample:		8489.97 time, 8490.01 real, 597 MB
[runlim] sample:		8499.97 time, 8500.01 real, 597 MB
[runlim] sample:		8509.97 time, 8510.01 real, 597 MB
[runlim] sample:		8519.97 time, 8520.01 real, 597 MB
[runlim] sample:		8529.97 time, 8530.01 real, 597 MB
[runlim] sample:		8539.97 time, 8540.01 real, 597 MB
[runlim] sample:		8549.97 time, 8550.01 real, 597 MB
[runlim] sample:		8559.97 time, 8560.01 real, 597 MB
[runlim] sample:		8569.97 time, 8570.01 real, 597 MB
[runlim] sample:		8579.97 time, 8580.01 real, 597 MB
[runlim] sample:		8589.97 time, 8590.01 real, 597 MB
[runlim] sample:		8599.97 time, 8600.01 real, 597 MB
[runlim] sample:		8609.97 time, 8610.01 real, 597 MB
[runlim] sample:		8619.97 time, 8620.01 real, 597 MB
[runlim] sample:		8629.97 time, 8630.01 real, 597 MB
[runlim] sample:		8639.97 time, 8640.01 real, 597 MB
[runlim] sample:		8649.97 time, 8650.01 real, 597 MB
[runlim] sample:		8659.97 time, 8660.01 real, 597 MB
[runlim] sample:		8669.97 time, 8670.01 real, 597 MB
[runlim] sample:		8679.97 time, 8680.01 real, 597 MB
[runlim] sample:		8689.97 time, 8690.01 real, 597 MB
[runlim] sample:		8699.97 time, 8700.01 real, 597 MB
[runlim] sample:		8709.97 time, 8710.01 real, 597 MB
[runlim] sample:		8719.97 time, 8720.01 real, 597 MB
[runlim] sample:		8729.97 time, 8730.01 real, 597 MB
[runlim] sample:		8739.97 time, 8740.01 real, 597 MB
[runlim] sample:		8749.97 time, 8750.01 real, 597 MB
[runlim] sample:		8759.97 time, 8760.01 real, 597 MB
[runlim] sample:		8769.97 time, 8770.01 real, 597 MB
[runlim] sample:		8779.97 time, 8780.01 real, 597 MB
[runlim] sample:		8789.97 time, 8790.01 real, 597 MB
[runlim] sample:		8799.98 time, 8800.01 real, 597 MB
[runlim] sample:		8809.97 time, 8810.01 real, 597 MB
[runlim] sample:		8819.97 time, 8820.01 real, 597 MB
[runlim] sample:		8829.97 time, 8830.01 real, 597 MB
[runlim] sample:		8839.97 time, 8840.01 real, 597 MB
[runlim] sample:		8849.97 time, 8850.01 real, 597 MB
[runlim] sample:		8859.97 time, 8860.01 real, 597 MB
[runlim] sample:		8869.97 time, 8870.01 real, 597 MB
[runlim] sample:		8879.97 time, 8880.01 real, 597 MB
[runlim] sample:		8889.98 time, 8890.01 real, 597 MB
[runlim] sample:		8899.98 time, 8900.01 real, 597 MB
[runlim] sample:		8909.97 time, 8910.01 real, 597 MB
[runlim] sample:		8919.97 time, 8920.01 real, 597 MB
[runlim] sample:		8929.97 time, 8930.01 real, 597 MB
[runlim] sample:		8939.97 time, 8940.01 real, 597 MB
[runlim] sample:		8949.97 time, 8950.01 real, 597 MB
[runlim] sample:		8959.97 time, 8960.01 real, 597 MB
[runlim] sample:		8969.97 time, 8970.01 real, 597 MB
[runlim] sample:		8979.97 time, 8980.01 real, 597 MB
[runlim] sample:		8989.98 time, 8990.01 real, 597 MB
[runlim] sample:		8999.98 time, 9000.01 real, 597 MB
[runlim] sample:		9009.97 time, 9010.01 real, 597 MB
[runlim] sample:		9019.97 time, 9020.01 real, 597 MB
[runlim] sample:		9029.97 time, 9030.01 real, 597 MB
[runlim] sample:		9039.97 time, 9040.01 real, 597 MB
[runlim] sample:		9049.97 time, 9050.01 real, 597 MB
[runlim] sample:		9059.97 time, 9060.01 real, 597 MB
[runlim] sample:		9069.97 time, 9070.01 real, 597 MB
[runlim] sample:		9079.98 time, 9080.01 real, 598 MB
[runlim] sample:		9089.97 time, 9090.01 real, 599 MB
[runlim] sample:		9099.97 time, 9100.01 real, 600 MB
[runlim] sample:		9109.97 time, 9110.01 real, 600 MB
[runlim] sample:		9119.97 time, 9120.01 real, 604 MB
[runlim] sample:		9129.97 time, 9130.01 real, 604 MB
[runlim] sample:		9139.97 time, 9140.01 real, 604 MB
[runlim] sample:		9149.97 time, 9150.01 real, 604 MB
[runlim] sample:		9159.97 time, 9160.01 real, 604 MB
[runlim] sample:		9169.98 time, 9170.01 real, 604 MB
[runlim] sample:		9179.98 time, 9180.01 real, 604 MB
[runlim] sample:		9189.97 time, 9190.01 real, 604 MB
[runlim] sample:		9199.97 time, 9200.01 real, 608 MB
[runlim] sample:		9209.97 time, 9210.01 real, 611 MB
[runlim] sample:		9219.97 time, 9220.01 real, 613 MB
[runlim] sample:		9229.97 time, 9230.01 real, 613 MB
[runlim] sample:		9239.97 time, 9240.01 real, 613 MB
[runlim] sample:		9249.97 time, 9250.01 real, 613 MB
[runlim] sample:		9259.97 time, 9260.01 real, 613 MB
[runlim] sample:		9269.97 time, 9270.01 real, 613 MB
[runlim] sample:		9279.97 time, 9280.01 real, 613 MB
[runlim] sample:		9289.97 time, 9290.01 real, 613 MB
[runlim] sample:		9299.97 time, 9300.01 real, 613 MB
[runlim] sample:		9309.97 time, 9310.01 real, 613 MB
[runlim] sample:		9319.97 time, 9320.01 real, 613 MB
[runlim] sample:		9329.97 time, 9330.01 real, 613 MB
[runlim] sample:		9339.97 time, 9340.01 real, 613 MB
[runlim] sample:		9349.97 time, 9350.01 real, 613 MB
[runlim] sample:		9359.97 time, 9360.01 real, 613 MB
[runlim] sample:		9369.97 time, 9370.01 real, 613 MB
[runlim] sample:		9379.97 time, 9380.01 real, 613 MB
[runlim] sample:		9389.97 time, 9390.01 real, 613 MB
[runlim] sample:		9399.97 time, 9400.01 real, 613 MB
[runlim] sample:		9409.97 time, 9410.01 real, 613 MB
[runlim] sample:		9419.97 time, 9420.01 real, 613 MB
[runlim] sample:		9429.97 time, 9430.01 real, 613 MB
[runlim] sample:		9439.97 time, 9440.01 real, 613 MB
[runlim] sample:		9449.97 time, 9450.01 real, 613 MB
[runlim] sample:		9459.97 time, 9460.01 real, 613 MB
[runlim] sample:		9469.97 time, 9470.01 real, 613 MB
[runlim] sample:		9479.97 time, 9480.01 real, 613 MB
[runlim] sample:		9489.97 time, 9490.01 real, 613 MB
[runlim] sample:		9499.97 time, 9500.01 real, 613 MB
[runlim] sample:		9509.97 time, 9510.01 real, 613 MB
[runlim] sample:		9519.97 time, 9520.01 real, 613 MB
[runlim] sample:		9529.98 time, 9530.01 real, 613 MB
[runlim] sample:		9539.98 time, 9540.01 real, 613 MB
[runlim] sample:		9549.97 time, 9550.01 real, 613 MB
[runlim] sample:		9559.97 time, 9560.01 real, 613 MB
[runlim] sample:		9569.97 time, 9570.01 real, 613 MB
[runlim] sample:		9579.97 time, 9580.01 real, 613 MB
[runlim] sample:		9589.97 time, 9590.01 real, 613 MB
[runlim] sample:		9599.97 time, 9600.01 real, 613 MB
[runlim] sample:		9609.97 time, 9610.01 real, 613 MB
[runlim] sample:		9619.97 time, 9620.01 real, 613 MB
[runlim] sample:		9629.98 time, 9630.01 real, 613 MB
[runlim] sample:		9639.98 time, 9640.01 real, 613 MB
[runlim] sample:		9649.97 time, 9650.01 real, 613 MB
[runlim] sample:		9659.97 time, 9660.01 real, 613 MB
[runlim] sample:		9669.97 time, 9670.01 real, 613 MB
[runlim] sample:		9679.97 time, 9680.01 real, 613 MB
[runlim] sample:		9689.97 time, 9690.01 real, 613 MB
[runlim] sample:		9699.97 time, 9700.01 real, 613 MB
[runlim] sample:		9709.97 time, 9710.01 real, 613 MB
[runlim] sample:		9719.97 time, 9720.01 real, 613 MB
[runlim] sample:		9729.97 time, 9730.01 real, 613 MB
[runlim] sample:		9739.98 time, 9740.01 real, 613 MB
[runlim] sample:		9749.98 time, 9750.01 real, 613 MB
[runlim] sample:		9759.97 time, 9760.01 real, 613 MB
[runlim] sample:		9769.97 time, 9770.01 real, 613 MB
[runlim] sample:		9779.97 time, 9780.01 real, 613 MB
[runlim] sample:		9789.97 time, 9790.01 real, 613 MB
[runlim] sample:		9799.97 time, 9800.01 real, 613 MB
[runlim] sample:		9809.97 time, 9810.01 real, 613 MB
[runlim] sample:		9819.97 time, 9820.01 real, 613 MB
[runlim] sample:		9829.97 time, 9830.01 real, 613 MB
[runlim] sample:		9839.98 time, 9840.01 real, 613 MB
[runlim] sample:		9849.98 time, 9850.01 real, 613 MB
[runlim] sample:		9859.97 time, 9860.01 real, 613 MB
[runlim] sample:		9869.97 time, 9870.01 real, 613 MB
[runlim] sample:		9879.97 time, 9880.01 real, 613 MB
[runlim] sample:		9889.97 time, 9890.01 real, 613 MB
[runlim] sample:		9899.97 time, 9900.01 real, 613 MB
[runlim] sample:		9909.97 time, 9910.01 real, 613 MB
[runlim] sample:		9919.97 time, 9920.01 real, 613 MB
[runlim] sample:		9929.97 time, 9930.01 real, 613 MB
[runlim] sample:		9939.98 time, 9940.01 real, 613 MB
[runlim] sample:		9949.98 time, 9950.01 real, 613 MB
[runlim] sample:		9959.97 time, 9960.01 real, 613 MB
[runlim] sample:		9969.97 time, 9970.01 real, 613 MB
[runlim] sample:		9979.97 time, 9980.01 real, 613 MB
[runlim] sample:		9989.97 time, 9990.01 real, 613 MB
[runlim] sample:		9999.97 time, 10000.01 real, 613 MB
[runlim] sample:		10009.97 time, 10010.01 real, 613 MB
[runlim] sample:		10019.97 time, 10020.01 real, 613 MB
[runlim] sample:		10029.97 time, 10030.01 real, 613 MB
[runlim] sample:		10039.97 time, 10040.01 real, 613 MB
[runlim] sample:		10049.97 time, 10050.01 real, 613 MB
[runlim] sample:		10059.97 time, 10060.01 real, 613 MB
[runlim] sample:		10069.97 time, 10070.01 real, 613 MB
[runlim] sample:		10079.98 time, 10080.01 real, 613 MB
[runlim] sample:		10089.98 time, 10090.01 real, 613 MB
[runlim] sample:		10099.97 time, 10100.01 real, 613 MB
[runlim] sample:		10109.97 time, 10110.01 real, 613 MB
[runlim] sample:		10119.97 time, 10120.01 real, 613 MB
[runlim] sample:		10129.97 time, 10130.01 real, 613 MB
[runlim] sample:		10139.97 time, 10140.01 real, 613 MB
[runlim] sample:		10149.97 time, 10150.01 real, 613 MB
[runlim] sample:		10159.97 time, 10160.01 real, 613 MB
[runlim] sample:		10169.97 time, 10170.01 real, 613 MB
[runlim] sample:		10179.98 time, 10180.01 real, 613 MB
[runlim] sample:		10189.98 time, 10190.01 real, 613 MB
[runlim] sample:		10199.97 time, 10200.01 real, 613 MB
[runlim] sample:		10209.97 time, 10210.01 real, 613 MB
[runlim] sample:		10219.97 time, 10220.01 real, 613 MB
[runlim] sample:		10229.97 time, 10230.01 real, 613 MB
[runlim] sample:		10239.97 time, 10240.01 real, 613 MB
[runlim] sample:		10249.97 time, 10250.01 real, 613 MB
[runlim] sample:		10259.97 time, 10260.01 real, 613 MB
[runlim] sample:		10269.97 time, 10270.01 real, 613 MB
[runlim] sample:		10279.98 time, 10280.01 real, 613 MB
[runlim] sample:		10289.98 time, 10290.01 real, 613 MB
[runlim] sample:		10299.97 time, 10300.01 real, 613 MB
[runlim] sample:		10309.97 time, 10310.01 real, 613 MB
[runlim] sample:		10319.97 time, 10320.01 real, 613 MB
[runlim] sample:		10329.97 time, 10330.01 real, 613 MB
[runlim] sample:		10339.97 time, 10340.01 real, 613 MB
[runlim] sample:		10349.97 time, 10350.01 real, 613 MB
[runlim] sample:		10359.97 time, 10360.01 real, 613 MB
[runlim] sample:		10369.97 time, 10370.01 real, 613 MB
[runlim] sample:		10379.98 time, 10380.01 real, 613 MB
[runlim] sample:		10389.98 time, 10390.01 real, 613 MB
[runlim] sample:		10399.98 time, 10400.01 real, 613 MB
[runlim] sample:		10409.98 time, 10410.01 real, 613 MB
[runlim] sample:		10419.98 time, 10420.01 real, 613 MB
[runlim] sample:		10429.98 time, 10430.01 real, 613 MB
[runlim] sample:		10439.97 time, 10440.01 real, 613 MB
[runlim] sample:		10449.97 time, 10450.01 real, 613 MB
[runlim] sample:		10459.97 time, 10460.01 real, 613 MB
[runlim] sample:		10469.97 time, 10470.01 real, 613 MB
[runlim] sample:		10479.97 time, 10480.01 real, 613 MB
[runlim] sample:		10489.97 time, 10490.01 real, 613 MB
[runlim] sample:		10499.97 time, 10500.01 real, 613 MB
[runlim] sample:		10509.97 time, 10510.01 real, 613 MB
[runlim] sample:		10519.98 time, 10520.01 real, 613 MB
[runlim] sample:		10529.98 time, 10530.01 real, 613 MB
[runlim] sample:		10539.97 time, 10540.01 real, 617 MB
[runlim] sample:		10549.97 time, 10550.01 real, 617 MB
[runlim] sample:		10559.97 time, 10560.01 real, 617 MB
[runlim] sample:		10569.97 time, 10570.01 real, 617 MB
[runlim] sample:		10579.97 time, 10580.01 real, 617 MB
[runlim] sample:		10589.97 time, 10590.01 real, 617 MB
[runlim] sample:		10599.98 time, 10600.01 real, 617 MB
[runlim] sample:		10609.98 time, 10610.01 real, 617 MB
[runlim] sample:		10619.97 time, 10620.01 real, 617 MB
[runlim] sample:		10629.97 time, 10630.01 real, 617 MB
[runlim] sample:		10639.97 time, 10640.01 real, 617 MB
[runlim] sample:		10649.97 time, 10650.01 real, 617 MB
[runlim] sample:		10659.97 time, 10660.01 real, 617 MB
[runlim] sample:		10669.97 time, 10670.01 real, 618 MB
[runlim] sample:		10679.97 time, 10680.01 real, 618 MB
[runlim] sample:		10689.97 time, 10690.01 real, 618 MB
[runlim] sample:		10699.98 time, 10700.01 real, 618 MB
[runlim] sample:		10709.97 time, 10710.01 real, 621 MB
[runlim] sample:		10719.97 time, 10720.01 real, 621 MB
[runlim] sample:		10729.97 time, 10730.01 real, 621 MB
[runlim] sample:		10739.97 time, 10740.01 real, 621 MB
[runlim] sample:		10749.97 time, 10750.01 real, 621 MB
[runlim] sample:		10759.97 time, 10760.01 real, 621 MB
[runlim] sample:		10769.97 time, 10770.01 real, 621 MB
[runlim] sample:		10779.98 time, 10780.01 real, 621 MB
[runlim] sample:		10789.98 time, 10790.01 real, 621 MB
[runlim] sample:		10799.97 time, 10800.01 real, 621 MB
[runlim] sample:		10809.97 time, 10810.01 real, 621 MB
[runlim] sample:		10819.97 time, 10820.01 real, 621 MB
[runlim] sample:		10829.97 time, 10830.01 real, 621 MB
[runlim] sample:		10839.97 time, 10840.01 real, 621 MB
[runlim] sample:		10849.97 time, 10850.01 real, 621 MB
[runlim] sample:		10859.97 time, 10860.01 real, 621 MB
[runlim] sample:		10869.97 time, 10870.01 real, 621 MB
[runlim] sample:		10879.98 time, 10880.01 real, 621 MB
[runlim] sample:		10889.98 time, 10890.01 real, 621 MB
[runlim] sample:		10899.97 time, 10900.01 real, 621 MB
[runlim] sample:		10909.97 time, 10910.01 real, 621 MB
[runlim] sample:		10919.97 time, 10920.01 real, 621 MB
[runlim] sample:		10929.97 time, 10930.01 real, 621 MB
[runlim] sample:		10939.97 time, 10940.01 real, 621 MB
[runlim] sample:		10949.97 time, 10950.01 real, 621 MB
[runlim] sample:		10959.97 time, 10960.01 real, 621 MB
[runlim] sample:		10969.97 time, 10970.01 real, 621 MB
[runlim] sample:		10979.98 time, 10980.01 real, 621 MB
[runlim] sample:		10989.98 time, 10990.01 real, 621 MB
[runlim] sample:		10999.97 time, 11000.01 real, 621 MB
[runlim] sample:		11009.97 time, 11010.01 real, 621 MB
[runlim] sample:		11019.97 time, 11020.01 real, 621 MB
[runlim] sample:		11029.97 time, 11030.01 real, 621 MB
[runlim] sample:		11039.97 time, 11040.01 real, 621 MB
[runlim] sample:		11049.97 time, 11050.01 real, 621 MB
[runlim] sample:		11059.97 time, 11060.01 real, 621 MB
[runlim] sample:		11069.97 time, 11070.01 real, 621 MB
[runlim] sample:		11079.97 time, 11080.01 real, 621 MB
[runlim] sample:		11089.98 time, 11090.01 real, 621 MB
[runlim] sample:		11099.98 time, 11100.01 real, 621 MB
[runlim] sample:		11109.97 time, 11110.01 real, 621 MB
[runlim] sample:		11119.97 time, 11120.01 real, 621 MB
[runlim] sample:		11129.97 time, 11130.01 real, 621 MB
[runlim] sample:		11139.97 time, 11140.01 real, 621 MB
[runlim] sample:		11149.97 time, 11150.01 real, 621 MB
[runlim] sample:		11159.97 time, 11160.01 real, 621 MB
[runlim] sample:		11169.97 time, 11170.01 real, 621 MB
[runlim] sample:		11179.98 time, 11180.01 real, 621 MB
[runlim] sample:		11189.98 time, 11190.01 real, 621 MB
[runlim] sample:		11199.97 time, 11200.01 real, 621 MB
[runlim] sample:		11209.97 time, 11210.01 real, 622 MB
[runlim] sample:		11219.97 time, 11220.01 real, 622 MB
[runlim] sample:		11229.97 time, 11230.01 real, 622 MB
[runlim] sample:		11239.97 time, 11240.01 real, 622 MB
[runlim] sample:		11249.97 time, 11250.01 real, 622 MB
[runlim] sample:		11259.97 time, 11260.01 real, 622 MB
[runlim] sample:		11269.97 time, 11270.01 real, 622 MB
[runlim] sample:		11279.98 time, 11280.01 real, 622 MB
[runlim] sample:		11289.98 time, 11290.01 real, 622 MB
[runlim] sample:		11299.97 time, 11300.01 real, 622 MB
[runlim] sample:		11309.97 time, 11310.01 real, 622 MB
[runlim] sample:		11319.97 time, 11320.01 real, 622 MB
[runlim] sample:		11329.97 time, 11330.01 real, 622 MB
[runlim] sample:		11339.97 time, 11340.01 real, 622 MB
[runlim] sample:		11349.97 time, 11350.01 real, 623 MB
[runlim] sample:		11359.97 time, 11360.01 real, 623 MB
[runlim] sample:		11369.97 time, 11370.01 real, 623 MB
[runlim] sample:		11379.98 time, 11380.01 real, 623 MB
[runlim] sample:		11389.98 time, 11390.01 real, 624 MB
[runlim] sample:		11399.97 time, 11400.01 real, 624 MB
[runlim] sample:		11409.97 time, 11410.01 real, 624 MB
[runlim] sample:		11419.97 time, 11420.01 real, 624 MB
[runlim] sample:		11429.97 time, 11430.01 real, 624 MB
[runlim] sample:		11439.97 time, 11440.01 real, 624 MB
[runlim] sample:		11449.97 time, 11450.01 real, 624 MB
[runlim] sample:		11459.97 time, 11460.01 real, 624 MB
[runlim] sample:		11469.97 time, 11470.01 real, 624 MB
[runlim] sample:		11479.97 time, 11480.01 real, 624 MB
[runlim] sample:		11489.97 time, 11490.01 real, 624 MB
[runlim] sample:		11499.97 time, 11500.01 real, 624 MB
[runlim] sample:		11509.97 time, 11510.01 real, 624 MB
[runlim] sample:		11519.97 time, 11520.01 real, 624 MB
[runlim] sample:		11529.98 time, 11530.01 real, 624 MB
[runlim] sample:		11539.98 time, 11540.01 real, 624 MB
[runlim] sample:		11549.97 time, 11550.01 real, 624 MB
[runlim] sample:		11559.97 time, 11560.01 real, 624 MB
[runlim] sample:		11569.97 time, 11570.01 real, 624 MB
[runlim] sample:		11579.97 time, 11580.01 real, 624 MB
[runlim] sample:		11589.98 time, 11590.01 real, 624 MB
[runlim] sample:		11599.98 time, 11600.01 real, 624 MB
[runlim] sample:		11609.97 time, 11610.01 real, 624 MB
[runlim] sample:		11619.97 time, 11620.01 real, 625 MB
[runlim] sample:		11629.98 time, 11630.01 real, 626 MB
[runlim] sample:		11639.98 time, 11640.01 real, 626 MB
[runlim] sample:		11649.97 time, 11650.01 real, 626 MB
[runlim] sample:		11659.97 time, 11660.01 real, 626 MB
[runlim] sample:		11669.97 time, 11670.01 real, 626 MB
[runlim] sample:		11679.97 time, 11680.01 real, 626 MB
[runlim] sample:		11689.98 time, 11690.01 real, 626 MB
[runlim] sample:		11699.98 time, 11700.01 real, 626 MB
[runlim] sample:		11709.97 time, 11710.01 real, 626 MB
[runlim] sample:		11719.97 time, 11720.01 real, 626 MB
[runlim] sample:		11729.98 time, 11730.01 real, 626 MB
[runlim] sample:		11739.98 time, 11740.01 real, 626 MB
[runlim] sample:		11749.97 time, 11750.01 real, 626 MB
[runlim] sample:		11759.97 time, 11760.01 real, 626 MB
[runlim] sample:		11769.97 time, 11770.01 real, 626 MB
[runlim] sample:		11779.97 time, 11780.01 real, 626 MB
[runlim] sample:		11789.98 time, 11790.01 real, 626 MB
[runlim] sample:		11799.98 time, 11800.01 real, 626 MB
[runlim] sample:		11809.97 time, 11810.01 real, 626 MB
[runlim] sample:		11819.97 time, 11820.01 real, 626 MB
[runlim] sample:		11829.98 time, 11830.01 real, 626 MB
[runlim] sample:		11839.98 time, 11840.01 real, 626 MB
[runlim] sample:		11849.97 time, 11850.01 real, 626 MB
[runlim] sample:		11859.97 time, 11860.01 real, 626 MB
[runlim] sample:		11869.98 time, 11870.01 real, 638 MB
[runlim] sample:		11879.98 time, 11880.01 real, 638 MB
[runlim] sample:		11889.97 time, 11890.01 real, 638 MB
[runlim] sample:		11899.97 time, 11900.01 real, 638 MB
[runlim] sample:		11909.97 time, 11910.01 real, 638 MB
[runlim] sample:		11919.97 time, 11920.01 real, 638 MB
[runlim] sample:		11929.98 time, 11930.01 real, 638 MB
[runlim] sample:		11939.98 time, 11940.01 real, 638 MB
[runlim] sample:		11949.97 time, 11950.01 real, 638 MB
[runlim] sample:		11959.97 time, 11960.01 real, 638 MB
[runlim] sample:		11969.98 time, 11970.01 real, 638 MB
[runlim] sample:		11979.98 time, 11980.01 real, 638 MB
[runlim] sample:		11989.97 time, 11990.01 real, 638 MB
[runlim] sample:		11999.97 time, 12000.01 real, 638 MB
[runlim] sample:		12009.97 time, 12010.01 real, 638 MB
[runlim] sample:		12019.97 time, 12020.01 real, 638 MB
[runlim] sample:		12029.98 time, 12030.01 real, 638 MB
[runlim] sample:		12039.98 time, 12040.01 real, 638 MB
[runlim] sample:		12049.97 time, 12050.01 real, 638 MB
[runlim] sample:		12059.97 time, 12060.01 real, 638 MB
[runlim] sample:		12069.98 time, 12070.01 real, 638 MB
[runlim] sample:		12079.98 time, 12080.01 real, 638 MB
[runlim] sample:		12089.97 time, 12090.01 real, 638 MB
[runlim] sample:		12099.97 time, 12100.01 real, 638 MB
[runlim] sample:		12109.97 time, 12110.01 real, 638 MB
[runlim] sample:		12119.97 time, 12120.01 real, 639 MB
[runlim] sample:		12129.98 time, 12130.01 real, 639 MB
[runlim] sample:		12139.98 time, 12140.01 real, 640 MB
[runlim] sample:		12149.97 time, 12150.01 real, 640 MB
[runlim] sample:		12159.97 time, 12160.01 real, 640 MB
[runlim] sample:		12169.97 time, 12170.01 real, 640 MB
[runlim] sample:		12179.97 time, 12180.01 real, 640 MB
[runlim] sample:		12189.97 time, 12190.01 real, 640 MB
[runlim] sample:		12199.97 time, 12200.01 real, 640 MB
[runlim] sample:		12209.98 time, 12210.01 real, 640 MB
[runlim] sample:		12219.98 time, 12220.01 real, 640 MB
[runlim] sample:		12229.97 time, 12230.01 real, 640 MB
[runlim] sample:		12239.97 time, 12240.01 real, 640 MB
[runlim] sample:		12249.97 time, 12250.01 real, 640 MB
[runlim] sample:		12259.97 time, 12260.01 real, 640 MB
[runlim] sample:		12269.98 time, 12270.01 real, 640 MB
[runlim] sample:		12279.98 time, 12280.01 real, 640 MB
[runlim] sample:		12289.97 time, 12290.01 real, 640 MB
[runlim] sample:		12299.97 time, 12300.01 real, 640 MB
[runlim] sample:		12309.98 time, 12310.01 real, 640 MB
[runlim] sample:		12319.98 time, 12320.01 real, 640 MB
[runlim] sample:		12329.97 time, 12330.01 real, 640 MB
[runlim] sample:		12339.97 time, 12340.01 real, 640 MB
[runlim] sample:		12349.97 time, 12350.01 real, 640 MB
[runlim] sample:		12359.97 time, 12360.01 real, 640 MB
[runlim] sample:		12369.98 time, 12370.01 real, 640 MB
[runlim] sample:		12379.98 time, 12380.01 real, 640 MB
[runlim] sample:		12389.97 time, 12390.01 real, 640 MB
[runlim] sample:		12399.97 time, 12400.01 real, 640 MB
[runlim] sample:		12409.98 time, 12410.01 real, 640 MB
[runlim] sample:		12419.98 time, 12420.01 real, 640 MB
[runlim] sample:		12429.97 time, 12430.01 real, 640 MB
[runlim] sample:		12439.97 time, 12440.01 real, 640 MB
[runlim] sample:		12449.97 time, 12450.01 real, 640 MB
[runlim] sample:		12459.97 time, 12460.01 real, 640 MB
[runlim] sample:		12469.98 time, 12470.01 real, 640 MB
[runlim] sample:		12479.98 time, 12480.01 real, 642 MB
[runlim] sample:		12489.97 time, 12490.01 real, 642 MB
[runlim] sample:		12499.97 time, 12500.01 real, 642 MB
[runlim] sample:		12509.97 time, 12510.01 real, 642 MB
[runlim] sample:		12519.97 time, 12520.01 real, 642 MB
[runlim] sample:		12529.98 time, 12530.01 real, 642 MB
[runlim] sample:		12539.98 time, 12540.01 real, 642 MB
[runlim] sample:		12549.97 time, 12550.01 real, 642 MB
[runlim] sample:		12559.97 time, 12560.01 real, 642 MB
[runlim] sample:		12569.98 time, 12570.01 real, 642 MB
[runlim] sample:		12579.98 time, 12580.01 real, 642 MB
[runlim] sample:		12589.97 time, 12590.01 real, 642 MB
[runlim] sample:		12599.97 time, 12600.01 real, 642 MB
[runlim] sample:		12609.97 time, 12610.01 real, 642 MB
[runlim] sample:		12619.97 time, 12620.01 real, 642 MB
[runlim] sample:		12629.98 time, 12630.01 real, 642 MB
[runlim] sample:		12639.98 time, 12640.01 real, 642 MB
[runlim] sample:		12649.97 time, 12650.01 real, 642 MB
[runlim] sample:		12659.97 time, 12660.01 real, 642 MB
[runlim] sample:		12669.98 time, 12670.01 real, 642 MB
[runlim] sample:		12679.98 time, 12680.01 real, 642 MB
[runlim] sample:		12689.97 time, 12690.01 real, 642 MB
[runlim] sample:		12699.97 time, 12700.01 real, 642 MB
[runlim] sample:		12709.97 time, 12710.01 real, 642 MB
[runlim] sample:		12719.97 time, 12720.01 real, 642 MB
[runlim] sample:		12729.98 time, 12730.01 real, 642 MB
[runlim] sample:		12739.98 time, 12740.01 real, 642 MB
[runlim] sample:		12749.97 time, 12750.01 real, 642 MB
[runlim] sample:		12759.97 time, 12760.01 real, 642 MB
[runlim] sample:		12769.98 time, 12770.01 real, 642 MB
[runlim] sample:		12779.98 time, 12780.01 real, 642 MB
[runlim] sample:		12789.97 time, 12790.01 real, 642 MB
[runlim] sample:		12799.98 time, 12800.01 real, 642 MB
[runlim] sample:		12809.97 time, 12810.01 real, 642 MB
[runlim] sample:		12819.97 time, 12820.01 real, 642 MB
[runlim] sample:		12829.98 time, 12830.01 real, 642 MB
[runlim] sample:		12839.98 time, 12840.01 real, 642 MB
[runlim] sample:		12849.97 time, 12850.01 real, 642 MB
[runlim] sample:		12859.97 time, 12860.01 real, 642 MB
[runlim] sample:		12869.98 time, 12870.01 real, 642 MB
[runlim] sample:		12879.98 time, 12880.01 real, 642 MB
[runlim] sample:		12889.97 time, 12890.01 real, 642 MB
[runlim] sample:		12899.98 time, 12900.01 real, 642 MB
[runlim] sample:		12909.97 time, 12910.01 real, 642 MB
[runlim] sample:		12919.97 time, 12920.01 real, 642 MB
[runlim] sample:		12929.98 time, 12930.01 real, 644 MB
[runlim] sample:		12939.98 time, 12940.01 real, 646 MB
[runlim] sample:		12949.97 time, 12950.01 real, 648 MB
[runlim] sample:		12959.98 time, 12960.01 real, 649 MB
[runlim] sample:		12969.97 time, 12970.01 real, 649 MB
[runlim] sample:		12979.97 time, 12980.01 real, 649 MB
[runlim] sample:		12989.98 time, 12990.01 real, 649 MB
[runlim] sample:		12999.98 time, 13000.01 real, 649 MB
[runlim] sample:		13009.97 time, 13010.01 real, 649 MB
[runlim] sample:		13019.97 time, 13020.01 real, 649 MB
[runlim] sample:		13029.97 time, 13030.01 real, 649 MB
[runlim] sample:		13039.97 time, 13040.01 real, 649 MB
[runlim] sample:		13049.97 time, 13050.01 real, 649 MB
[runlim] sample:		13059.98 time, 13060.01 real, 649 MB
[runlim] sample:		13069.98 time, 13070.01 real, 649 MB
[runlim] sample:		13079.97 time, 13080.01 real, 649 MB
[runlim] sample:		13089.97 time, 13090.01 real, 649 MB
[runlim] sample:		13099.98 time, 13100.01 real, 649 MB
[runlim] sample:		13109.98 time, 13110.01 real, 649 MB
[runlim] sample:		13119.98 time, 13120.01 real, 649 MB
[runlim] sample:		13129.98 time, 13130.01 real, 649 MB
[runlim] sample:		13139.97 time, 13140.01 real, 649 MB
[runlim] sample:		13149.97 time, 13150.01 real, 649 MB
[runlim] sample:		13159.98 time, 13160.01 real, 649 MB
[runlim] sample:		13169.98 time, 13170.01 real, 649 MB
[runlim] sample:		13179.97 time, 13180.01 real, 649 MB
[runlim] sample:		13189.97 time, 13190.01 real, 649 MB
[runlim] sample:		13199.98 time, 13200.01 real, 649 MB
[runlim] sample:		13209.98 time, 13210.01 real, 649 MB
[runlim] sample:		13219.98 time, 13220.01 real, 649 MB
[runlim] sample:		13229.98 time, 13230.01 real, 649 MB
[runlim] sample:		13239.97 time, 13240.01 real, 649 MB
[runlim] sample:		13249.97 time, 13250.01 real, 649 MB
[runlim] sample:		13259.98 time, 13260.01 real, 649 MB
[runlim] sample:		13269.98 time, 13270.01 real, 649 MB
[runlim] sample:		13279.97 time, 13280.01 real, 649 MB
[runlim] sample:		13289.97 time, 13290.01 real, 649 MB
[runlim] sample:		13299.98 time, 13300.01 real, 649 MB
[runlim] sample:		13309.98 time, 13310.01 real, 649 MB
[runlim] sample:		13319.98 time, 13320.01 real, 649 MB
[runlim] sample:		13329.98 time, 13330.01 real, 649 MB
[runlim] sample:		13339.97 time, 13340.01 real, 649 MB
[runlim] sample:		13349.97 time, 13350.01 real, 649 MB
[runlim] sample:		13359.98 time, 13360.01 real, 649 MB
[runlim] sample:		13369.98 time, 13370.01 real, 649 MB
[runlim] sample:		13379.98 time, 13380.01 real, 649 MB
[runlim] sample:		13389.98 time, 13390.01 real, 649 MB
[runlim] sample:		13399.98 time, 13400.01 real, 649 MB
[runlim] sample:		13409.98 time, 13410.01 real, 649 MB
[runlim] sample:		13419.97 time, 13420.01 real, 649 MB
[runlim] sample:		13429.97 time, 13430.01 real, 649 MB
[runlim] sample:		13439.98 time, 13440.01 real, 649 MB
[runlim] sample:		13449.98 time, 13450.01 real, 649 MB
[runlim] sample:		13459.98 time, 13460.01 real, 649 MB
[runlim] sample:		13469.98 time, 13470.01 real, 649 MB
[runlim] sample:		13479.97 time, 13480.01 real, 649 MB
[runlim] sample:		13489.97 time, 13490.01 real, 649 MB
[runlim] sample:		13499.98 time, 13500.01 real, 649 MB
[runlim] sample:		13509.98 time, 13510.01 real, 649 MB
[runlim] sample:		13519.97 time, 13520.01 real, 649 MB
[runlim] sample:		13529.97 time, 13530.01 real, 649 MB
[runlim] sample:		13539.98 time, 13540.01 real, 649 MB
[runlim] sample:		13549.98 time, 13550.01 real, 649 MB
[runlim] sample:		13559.98 time, 13560.01 real, 649 MB
[runlim] sample:		13569.98 time, 13570.01 real, 650 MB
[runlim] sample:		13579.97 time, 13580.01 real, 650 MB
[runlim] sample:		13589.97 time, 13590.01 real, 650 MB
[runlim] sample:		13599.98 time, 13600.01 real, 650 MB
[runlim] sample:		13609.98 time, 13610.01 real, 650 MB
[runlim] sample:		13619.97 time, 13620.01 real, 650 MB
[runlim] sample:		13629.97 time, 13630.01 real, 650 MB
[runlim] sample:		13639.98 time, 13640.01 real, 650 MB
[runlim] sample:		13649.98 time, 13650.01 real, 650 MB
[runlim] sample:		13659.98 time, 13660.01 real, 650 MB
[runlim] sample:		13669.98 time, 13670.01 real, 650 MB
[runlim] sample:		13679.97 time, 13680.01 real, 650 MB
[runlim] sample:		13689.97 time, 13690.01 real, 650 MB
[runlim] sample:		13699.98 time, 13700.01 real, 650 MB
[runlim] sample:		13709.98 time, 13710.01 real, 650 MB
[runlim] sample:		13719.97 time, 13720.01 real, 650 MB
[runlim] sample:		13729.97 time, 13730.01 real, 650 MB
[runlim] sample:		13739.98 time, 13740.01 real, 650 MB
[runlim] sample:		13749.98 time, 13750.01 real, 650 MB
[runlim] sample:		13759.98 time, 13760.01 real, 650 MB
[runlim] sample:		13769.98 time, 13770.01 real, 650 MB
[runlim] sample:		13779.97 time, 13780.01 real, 650 MB
[runlim] sample:		13789.97 time, 13790.01 real, 650 MB
[runlim] sample:		13799.98 time, 13800.01 real, 650 MB
[runlim] sample:		13809.98 time, 13810.01 real, 650 MB
[runlim] sample:		13819.97 time, 13820.01 real, 650 MB
[runlim] sample:		13829.97 time, 13830.01 real, 650 MB
[runlim] sample:		13839.98 time, 13840.01 real, 650 MB
[runlim] sample:		13849.98 time, 13850.01 real, 650 MB
[runlim] sample:		13859.98 time, 13860.01 real, 650 MB
[runlim] sample:		13869.98 time, 13870.01 real, 650 MB
[runlim] sample:		13879.97 time, 13880.01 real, 650 MB
[runlim] sample:		13889.97 time, 13890.01 real, 650 MB
[runlim] sample:		13899.98 time, 13900.01 real, 650 MB
[runlim] end:			Thu Dec 10 20:12:11 2020
[runlim] status:		ok
[runlim] result:		0
[runlim] children:		1
[runlim] real:			13903.37 seconds
[runlim] time:			13903.27 seconds
[runlim] space:			652 MB
[runlim] samples:		139033
