count.buggy.0.asm
count.buggy.1.asm
count.buggy.2.asm
count.checker.asm
. z3-functional.mmap
# tid	pc	cmd	arg	accu	mem	adr	val	full	heap
2	inc	LOAD	0	0	0	0	0	0	{}	# 0
0	inc	LOAD	0	0	0	0	0	0	{}	# 1
0	1	ADDI	1	0	0	0	0	0	{}	# 2
2	1	ADDI	1	0	0	0	0	0	{}	# 3
2	2	STORE	0	1	0	0	0	0	{}	# 4
1	inc	LOAD	0	0	0	0	0	0	{}	# 5
1	1	ADDI	1	0	0	0	0	0	{}	# 6
3	0	CHECK	0	0	0	0	0	0	{}	# 7
1	2	STORE	0	1	0	0	0	0	{}	# 8
1	3	LOAD	11	1	0	0	1	1	{}	# 9
1	4	SUBI	1	3	0	0	1	1	{}	# 10
2	3	FLUSH	-	1	0	0	1	1	{}	# 11
1	5	FLUSH	-	2	0	0	1	1	{(0,1)}	# 12
0	2	STORE	0	1	0	0	0	0	{(0,1)}	# 13
0	3	FLUSH	-	1	0	0	1	1	{}	# 14
2	3	LOAD	12	1	0	0	1	0	{(0,1)}	# 15
2	4	SUBI	1	3	0	0	1	0	{}	# 16
0	3	LOAD	10	1	0	0	1	0	{}	# 17
0	4	SUBI	1	3	0	0	1	0	{}	# 18
0	5	STORE	10	2	0	0	1	0	{}	# 19
0	6	JNZ	inc	2	0	10	2	1	{}	# 20
1	5	STORE	11	2	0	0	1	0	{}	# 21
1	6	FLUSH	-	2	0	11	2	1	{}	# 22
0	inc	LOAD	0	2	0	10	2	1	{(11,2)}	# 23
2	5	STORE	12	2	0	0	1	0	{}	# 24
2	6	JNZ	inc	2	0	12	2	1	{}	# 25
2	inc	LOAD	0	2	0	12	2	1	{}	# 26
2	1	ADDI	1	1	0	12	2	1	{}	# 27
1	6	JNZ	inc	2	0	11	2	0	{}	# 28
1	inc	LOAD	0	2	0	11	2	0	{}	# 29
1	1	ADDI	1	1	0	11	2	0	{}	# 30
1	2	STORE	0	2	0	11	2	0	{}	# 31
2	2	FLUSH	-	2	0	12	2	1	{}	# 32
1	3	LOAD	11	2	0	0	2	1	{(12,2)}	# 33
1	4	SUBI	1	2	0	0	2	1	{}	# 34
2	2	STORE	0	2	0	12	2	0	{}	# 35
1	5	FLUSH	-	1	0	0	2	1	{}	# 36
2	3	LOAD	12	2	0	0	2	1	{(0,2)}	# 37
2	4	FLUSH	-	2	0	0	2	1	{}	# 38
1	5	STORE	11	1	0	0	2	0	{(0,2)}	# 39
1	6	JNZ	inc	1	0	11	1	1	{}	# 40
0	1	FLUSH	-	1	0	10	2	1	{}	# 41
0	1	ADDI	1	1	0	10	2	0	{(10,2)}	# 42
0	2	STORE	0	2	0	10	2	0	{}	# 43
0	3	FLUSH	-	2	0	0	2	1	{}	# 44
1	inc	FLUSH	-	1	0	11	1	1	{(0,2)}	# 45
2	4	SUBI	1	2	0	0	2	0	{(11,1)}	# 46
2	5	STORE	12	1	0	0	2	0	{}	# 47
1	inc	LOAD	0	1	0	11	1	0	{}	# 48
2	6	FLUSH	-	1	0	12	1	1	{}	# 49
1	1	ADDI	1	2	0	11	1	0	{(12,1)}	# 50
1	2	STORE	0	3	0	11	1	0	{}	# 51
1	3	LOAD	11	3	0	0	3	1	{}	# 52
1	4	SUBI	1	1	0	0	3	1	{}	# 53
0	3	LOAD	10	2	0	0	2	0	{}	# 54
0	4	SUBI	1	2	0	0	2	0	{}	# 55
0	5	STORE	10	1	0	0	2	0	{}	# 56
0	6	JNZ	inc	1	0	10	1	1	{}	# 57
0	inc	LOAD	0	1	0	10	1	1	{}	# 58
0	1	ADDI	1	2	0	10	1	1	{}	# 59
1	5	FLUSH	-	0	0	0	3	1	{}	# 60
1	5	STORE	11	0	0	0	3	0	{(0,3)}	# 61
1	6	JNZ	inc	0	0	11	0	1	{}	# 62
1	7	FLUSH	-	0	0	11	0	1	{}	# 63
1	7	CHECK	0	0	0	11	0	0	{(11,0)}	# 64
0	2	FLUSH	-	3	0	10	1	1	{}	# 65
0	2	STORE	0	3	0	10	1	0	{(10,1)}	# 66
0	3	FLUSH	-	3	0	0	3	1	{}	# 67
0	3	LOAD	10	3	0	0	3	0	{(0,3)}	# 68
0	4	SUBI	1	1	0	0	3	0	{}	# 69
2	6	JNZ	inc	1	0	12	1	0	{}	# 70
0	5	STORE	10	0	0	0	3	0	{}	# 71
0	6	FLUSH	-	0	0	10	0	1	{}	# 72
2	inc	LOAD	0	1	0	12	1	0	{(10,0)}	# 73
2	1	ADDI	1	3	0	12	1	0	{}	# 74
2	2	STORE	0	4	0	12	1	0	{}	# 75
0	6	JNZ	inc	0	0	10	0	0	{}	# 76
2	3	FLUSH	-	4	0	0	4	1	{}	# 77
0	7	CHECK	0	0	0	10	0	0	{(0,4)}	# 78
2	3	LOAD	12	4	0	0	4	0	{}	# 79
2	4	SUBI	1	1	0	0	4	0	{}	# 80
2	5	STORE	12	0	0	0	4	0	{}	# 81
2	6	JNZ	inc	0	0	12	0	1	{}	# 82
2	7	CHECK	0	0	0	12	0	1	{}	# 83
3	1	ADDI	9	0	0	0	0	0	{}	# 84
3	2	CMP	0	9	0	0	0	0	{}	# 85
3	3	JNZ	error	5	0	0	0	0	{}	# 86
0	8	HALT	-	0	0	10	0	0	{}	# 87
2	8	FLUSH	-	0	0	12	0	1	{}	# 88
1	8	HALT	-	0	0	11	0	0	{(12,0)}	# 89
3	error	EXIT	1	5	0	0	0	0	{}	# 90
