[litmus/run.sh] running 17: litmus/intel/3/run.sh boolector relational
[concubine>main] encoding took 0.012217 seconds
[concubine>main] generated 2850 commands
[btor>main] Boolector Version 3.2.1 master-6500a7be548fd22d8de08ec2621caec6aa97697b
[btor>main]  -std=gnu99 -W -Wall -Wextra -Wredundant-decls -O3
[btor>main] released 2020-12-08T13:56:40
[btor>main] compiled 2020-12-08T13:56:40
[btor>main] GNU 7.5.0
[btor>main] setting signal handlers
[btor>main] no time limit given
[btor>parse] assuming SMT-LIB v2 input,  parsing '<stdin>'
[btor>smt2] parsed 784 commands in 0.00 seconds
[btor>core] calling SAT
[btor>core] found UFs, disable slice elimination
[btor>varsubst] 113 variables substituted in 0.0 seconds
[btor>embed] replaced 40 embedded constraints in 0 seconds
[btor>extract] set: 1 (2), set_inc: 0 (0), set_itoi: 0 (0), set_itoip1: 0 (0), cpy: 0 (0)
[btor>extract] extracted 1 lambdas in 0.000 seconds
[btor>merge] merged 0 lambdas in 0.00 seconds
[btor>preprocess] 1 rewriting rounds in 0.0 seconds
[btor>preprocess] simplification returned 0
[btor>slvfun] enabled core engine
[btor>sat] CaDiCaL allows both incremental and non-incremental mode
[btor>sat] initialized CaDiCaL
[btor>slvfun] 3096 AIG vars, 13210 AIG ands, 10742 CNF vars, 25720 CNF clauses
[btorcore] 1 iterations, 31 lemmas, 31 ext. lemmas, vars 279, applies 100
[btor>slvfun] 3496 AIG vars, 15098 AIG ands, 12102 CNF vars, 29064 CNF clauses
[btorcore] 2 iterations, 45 lemmas, 31 ext. lemmas, vars 279, applies 100
[btor>slvfun] 3496 AIG vars, 15994 AIG ands, 12550 CNF vars, 30632 CNF clauses
[btorcore] 3 iterations, 67 lemmas, 31 ext. lemmas, vars 279, applies 100
[btor>slvfun] 3496 AIG vars, 18262 AIG ands, 13762 CNF vars, 34796 CNF clauses
[btorcore] 4 iterations, 73 lemmas, 31 ext. lemmas, vars 279, applies 100
[btor>slvfun] 3496 AIG vars, 18929 AIG ands, 14109 CNF vars, 35997 CNF clauses
[btorcore] 5 iterations, 83 lemmas, 31 ext. lemmas, vars 279, applies 100
[btor>slvfun] 3496 AIG vars, 19758 AIG ands, 14554 CNF vars, 37524 CNF clauses
[btorcore] 6 iterations, 97 lemmas, 45 ext. lemmas, vars 279, applies 110
[btor>slvfun] 3656 AIG vars, 20591 AIG ands, 15131 CNF vars, 38983 CNF clauses
[btorcore] 7 iterations, 108 lemmas, 45 ext. lemmas, vars 279, applies 110
[btor>slvfun] 3656 AIG vars, 21550 AIG ands, 15610 CNF vars, 40660 CNF clauses
[btorcore] 8 iterations, 119 lemmas, 45 ext. lemmas, vars 279, applies 110
[btor>slvfun] 3656 AIG vars, 22474 AIG ands, 16086 CNF vars, 42312 CNF clauses
[btorcore] 9 iterations, 126 lemmas, 45 ext. lemmas, vars 279, applies 110
[btor>slvfun] 3656 AIG vars, 23175 AIG ands, 16435 CNF vars, 43535 CNF clauses
[btorcore] 10 iterations, 144 lemmas, 45 ext. lemmas, vars 279, applies 110
[btor>slvfun] 3656 AIG vars, 24502 AIG ands, 17122 CNF vars, 45916 CNF clauses
[btorcore] 11 iterations, 148 lemmas, 45 ext. lemmas, vars 279, applies 110
[btor>slvfun] 3656 AIG vars, 24948 AIG ands, 17344 CNF vars, 46694 CNF clauses
[btorcore] 12 iterations, 159 lemmas, 45 ext. lemmas, vars 279, applies 110
[btor>slvfun] 3656 AIG vars, 25735 AIG ands, 17747 CNF vars, 48095 CNF clauses
[btorcore] 13 iterations, 161 lemmas, 45 ext. lemmas, vars 279, applies 110
[btor>slvfun] 3656 AIG vars, 25863 AIG ands, 17811 CNF vars, 48319 CNF clauses
[btorcore] 14 iterations, 206 lemmas, 90 ext. lemmas, vars 279, applies 150
[btor>slvfun] 4296 AIG vars, 28617 AIG ands, 19829 CNF vars, 53141 CNF clauses
[btorcore] 15 iterations, 231 lemmas, 90 ext. lemmas, vars 279, applies 150
[btor>slvfun] 4296 AIG vars, 30733 AIG ands, 20889 CNF vars, 56849 CNF clauses
[btorcore] 16 iterations, 249 lemmas, 90 ext. lemmas, vars 279, applies 150
[btor>slvfun] 4296 AIG vars, 32108 AIG ands, 21592 CNF vars, 59294 CNF clauses
[btorcore] 17 iterations, 277 lemmas, 90 ext. lemmas, vars 279, applies 150
[btor>slvfun] 4296 AIG vars, 34097 AIG ands, 22589 CNF vars, 62781 CNF clauses
[btorcore] 18 iterations, 306 lemmas, 90 ext. lemmas, vars 279, applies 150
[btor>slvfun] 4296 AIG vars, 36277 AIG ands, 23681 CNF vars, 66601 CNF clauses
[btorcore] 19 iterations, 317 lemmas, 90 ext. lemmas, vars 279, applies 150
[btor>slvfun] 4296 AIG vars, 37174 AIG ands, 24130 CNF vars, 68172 CNF clauses
[btorcore] 20 iterations, 324 lemmas, 90 ext. lemmas, vars 279, applies 150
[btor>slvfun] 4296 AIG vars, 37753 AIG ands, 24421 CNF vars, 69189 CNF clauses
[btorcore] 21 iterations, 357 lemmas, 123 ext. lemmas, vars 279, applies 184
[btor>slvfun] 4840 AIG vars, 39739 AIG ands, 25959 CNF vars, 72667 CNF clauses
[btorcore] 22 iterations, 369 lemmas, 123 ext. lemmas, vars 279, applies 184
[btor>slvfun] 4840 AIG vars, 40763 AIG ands, 26471 CNF vars, 74459 CNF clauses
[btorcore] 23 iterations, 405 lemmas, 123 ext. lemmas, vars 279, applies 184
[btor>slvfun] 4840 AIG vars, 43646 AIG ands, 27914 CNF vars, 79508 CNF clauses
[btorcore] 24 iterations, 415 lemmas, 123 ext. lemmas, vars 279, applies 184
[btor>slvfun] 4840 AIG vars, 44355 AIG ands, 28271 CNF vars, 80755 CNF clauses
[btorcore] 25 iterations, 423 lemmas, 123 ext. lemmas, vars 279, applies 184
[btor>slvfun] 4840 AIG vars, 45057 AIG ands, 28621 CNF vars, 81981 CNF clauses
[btorcore] 26 iterations, 445 lemmas, 123 ext. lemmas, vars 279, applies 184
[btor>slvfun] 4840 AIG vars, 46984 AIG ands, 29620 CNF vars, 85442 CNF clauses
[btorcore] 27 iterations, 455 lemmas, 123 ext. lemmas, vars 279, applies 184
[btor>slvfun] 4840 AIG vars, 47689 AIG ands, 29973 CNF vars, 86677 CNF clauses
[btorcore] 28 iterations, 462 lemmas, 123 ext. lemmas, vars 279, applies 184
[btor>slvfun] 4840 AIG vars, 48391 AIG ands, 30323 CNF vars, 87903 CNF clauses
[btorcore] 29 iterations, 466 lemmas, 123 ext. lemmas, vars 279, applies 184
[btor>slvfun] 4840 AIG vars, 48711 AIG ands, 30483 CNF vars, 88463 CNF clauses
[btorcore] 30 iterations, 469 lemmas, 123 ext. lemmas, vars 279, applies 184
[btor>slvfun] 4840 AIG vars, 49029 AIG ands, 30641 CNF vars, 89017 CNF clauses
[btorcore] 31 iterations, 475 lemmas, 123 ext. lemmas, vars 279, applies 184
[btor>slvfun] 4840 AIG vars, 49541 AIG ands, 30897 CNF vars, 89913 CNF clauses
[btorcore] 32 iterations, 481 lemmas, 123 ext. lemmas, vars 279, applies 184
[btor>slvfun] 4840 AIG vars, 49925 AIG ands, 31089 CNF vars, 90585 CNF clauses
[btorcore] 33 iterations, 482 lemmas, 123 ext. lemmas, vars 279, applies 184
[btor>slvfun] 4840 AIG vars, 49989 AIG ands, 31121 CNF vars, 90697 CNF clauses
[btorcore] 34 iterations, 484 lemmas, 123 ext. lemmas, vars 279, applies 184
[btor>slvfun] 4840 AIG vars, 50117 AIG ands, 31185 CNF vars, 90921 CNF clauses
[btorcore] 35 iterations, 487 lemmas, 123 ext. lemmas, vars 279, applies 184
[btor>slvfun] 4840 AIG vars, 50499 AIG ands, 31375 CNF vars, 91587 CNF clauses
[btorcore] 36 iterations, 489 lemmas, 123 ext. lemmas, vars 279, applies 184
[btor>slvfun] 4840 AIG vars, 50692 AIG ands, 31472 CNF vars, 91926 CNF clauses
[btorcore] 37 iterations, 491 lemmas, 123 ext. lemmas, vars 279, applies 184
[btor>slvfun] 4840 AIG vars, 50884 AIG ands, 31568 CNF vars, 92262 CNF clauses
[btorcore] 38 iterations, 492 lemmas, 123 ext. lemmas, vars 279, applies 184
[btor>slvfun] 4840 AIG vars, 50948 AIG ands, 31600 CNF vars, 92374 CNF clauses
[btorcore] 39 iterations, 548 lemmas, 179 ext. lemmas, vars 279, applies 240
[btor>slvfun] 5736 AIG vars, 54343 AIG ands, 34195 CNF vars, 98319 CNF clauses
[btorcore] 40 iterations, 571 lemmas, 179 ext. lemmas, vars 279, applies 240
[btor>slvfun] 5736 AIG vars, 56261 AIG ands, 35153 CNF vars, 101673 CNF clauses
[btorcore] 41 iterations, 594 lemmas, 179 ext. lemmas, vars 279, applies 240
[btor>slvfun] 5736 AIG vars, 58053 AIG ands, 36049 CNF vars, 104809 CNF clauses
[btorcore] 42 iterations, 599 lemmas, 179 ext. lemmas, vars 279, applies 240
[btor>slvfun] 5736 AIG vars, 58437 AIG ands, 36241 CNF vars, 105481 CNF clauses
[btorcore] 43 iterations, 607 lemmas, 179 ext. lemmas, vars 279, applies 240
[btor>slvfun] 5736 AIG vars, 59075 AIG ands, 36559 CNF vars, 106595 CNF clauses
[btorcore] 44 iterations, 608 lemmas, 179 ext. lemmas, vars 279, applies 240
[btor>slvfun] 5736 AIG vars, 59140 AIG ands, 36592 CNF vars, 106710 CNF clauses
[btorcore] 45 iterations, 640 lemmas, 211 ext. lemmas, vars 279, applies 274
[btor>slvfun] 6280 AIG vars, 61188 AIG ands, 38160 CNF vars, 110294 CNF clauses
[btorcore] 46 iterations, 655 lemmas, 211 ext. lemmas, vars 279, applies 274
[btor>slvfun] 6280 AIG vars, 62590 AIG ands, 38858 CNF vars, 112740 CNF clauses
[btorcore] 47 iterations, 659 lemmas, 211 ext. lemmas, vars 279, applies 274
[btor>slvfun] 6280 AIG vars, 62909 AIG ands, 39017 CNF vars, 113297 CNF clauses
[btorcore] 48 iterations, 667 lemmas, 211 ext. lemmas, vars 279, applies 274
[btor>slvfun] 6280 AIG vars, 63552 AIG ands, 39340 CNF vars, 114426 CNF clauses
[btorcore] 49 iterations, 671 lemmas, 211 ext. lemmas, vars 279, applies 274
[btor>slvfun] 6280 AIG vars, 63809 AIG ands, 39469 CNF vars, 114877 CNF clauses
[btorcore] 50 iterations, 700 lemmas, 240 ext. lemmas, vars 279, applies 299
[btor>slvfun] 6680 AIG vars, 65476 AIG ands, 40704 CNF vars, 117798 CNF clauses
[btorcore] 51 iterations, 701 lemmas, 240 ext. lemmas, vars 279, applies 299
[btor>slvfun] 6680 AIG vars, 65604 AIG ands, 40768 CNF vars, 118022 CNF clauses
[btorcore] 52 iterations, 718 lemmas, 240 ext. lemmas, vars 279, applies 299
[btor>slvfun] 6680 AIG vars, 67137 AIG ands, 41533 CNF vars, 120701 CNF clauses
[btorcore] 53 iterations, 746 lemmas, 240 ext. lemmas, vars 279, applies 299
[btor>slvfun] 6680 AIG vars, 69439 AIG ands, 42683 CNF vars, 124727 CNF clauses
[btorcore] 54 iterations, 758 lemmas, 240 ext. lemmas, vars 279, applies 299
[btor>slvfun] 6680 AIG vars, 70399 AIG ands, 43163 CNF vars, 126407 CNF clauses
[btorcore] 55 iterations, 771 lemmas, 240 ext. lemmas, vars 279, applies 299
[btor>slvfun] 6680 AIG vars, 71422 AIG ands, 43674 CNF vars, 128196 CNF clauses
[btorcore] 56 iterations, 783 lemmas, 252 ext. lemmas, vars 279, applies 311
[btor>slvfun] 6872 AIG vars, 72127 AIG ands, 44219 CNF vars, 129431 CNF clauses
[btorcore] 57 iterations, 786 lemmas, 252 ext. lemmas, vars 279, applies 311
[btor>slvfun] 6872 AIG vars, 72508 AIG ands, 44408 CNF vars, 130094 CNF clauses
[btorcore] 58 iterations, 795 lemmas, 252 ext. lemmas, vars 279, applies 311
[btor>slvfun] 6872 AIG vars, 73210 AIG ands, 44758 CNF vars, 131320 CNF clauses
[btorcore] 59 iterations, 805 lemmas, 262 ext. lemmas, vars 279, applies 323
[btor>slvfun] 7064 AIG vars, 73850 AIG ands, 45270 CNF vars, 132440 CNF clauses
[btorcore] 60 iterations, 815 lemmas, 272 ext. lemmas, vars 279, applies 334
[btor>slvfun] 7240 AIG vars, 74490 AIG ands, 45766 CNF vars, 133560 CNF clauses
[btorcore] 61 iterations, 822 lemmas, 279 ext. lemmas, vars 279, applies 342
[btor>slvfun] 7368 AIG vars, 74938 AIG ands, 46118 CNF vars, 134344 CNF clauses
[btorcore] 62 iterations, 829 lemmas, 286 ext. lemmas, vars 279, applies 350
[btor>slvfun] 7496 AIG vars, 75386 AIG ands, 46470 CNF vars, 135128 CNF clauses
[btorcore] 63 iterations, 835 lemmas, 292 ext. lemmas, vars 279, applies 356
[btor>slvfun] 7592 AIG vars, 75770 AIG ands, 46758 CNF vars, 135800 CNF clauses
[btorcore] 64 iterations, 837 lemmas, 294 ext. lemmas, vars 279, applies 358
[btor>slvfun] 7624 AIG vars, 75898 AIG ands, 46854 CNF vars, 136024 CNF clauses
[btorcore] 65 iterations, 840 lemmas, 297 ext. lemmas, vars 279, applies 361
[btor>slvfun] 7672 AIG vars, 76090 AIG ands, 46998 CNF vars, 136360 CNF clauses
[btorcore] 66 iterations, 841 lemmas, 298 ext. lemmas, vars 279, applies 362
[btor>slvfun] 7688 AIG vars, 76154 AIG ands, 47046 CNF vars, 136472 CNF clauses
[btor>core] SAT call 2 returned 10 in 0.000 seconds
sat
[btor>smt2] WARNING no 'exit' command at end of '<stdin>'
[btor>smt2] parsed 785 commands in 0.00 seconds
[btor>parse] logic QF_AUFBV
[btor>parse] status unknown
[btor>sat] 67 SAT calls in 0.0 seconds
[btor>core] 113/62/1385/1163 constraints 0/0/0/1163 5.6 MB
[btor>core] 0 assumptions
[btor>core] 
[btor>core] 0.74 MB allocated for nodes
[btor>core] 
[btor>core]     0 variable substitutions
[btor>core]     0 uninterpreted function substitutions
[btor>core]     0 embedded constraint substitutions
[btor>core]     0 synthesized nodes rewritten
[btor>core]     0 linear constraint equations
[btor>core]     0 gaussian eliminations in linear equations
[btor>core]     0 eliminated sliced variables
[btor>core]     0 extracted skeleton constraints
[btor>core]   160 and normalizations
[btor>core]     0 add normalizations
[btor>core]     0 mul normalizations
[btor>core]     0 lambdas merged
[btor>core]     2 static apply propagations over lambdas
[btor>core]     2 static apply propagations over updates
[btor>core]     9 beta reductions
[btor>core]     0 clone calls
[btor>core] 
[btor>core] rewrite rule cache
[btor>core]   517 cached (add) 
[btor>core]   105 cached (get)
[btor>core]   0 updated
[btor>core]   0 removed (gc)
[btor>core]   0.04 MB cache
[btor>core] 
[btor>core] bit blasting statistics:
[btor>core]      4473 AIG vectors (4473 max)
[btor>core]     76154 AIG ANDs (76154 max)
[btor>core]      7688 AIG variables
[btor>core]     47046 CNF variables
[btor>core]    136472 CNF clauses
[btor>core]    367496 CNF literals
[btor>slvfun] 
[btor>slvfun] lemmas on demand statistics:
[btor>slvfun]   66 refinement iterations
[btor>slvfun]  841 LOD refinements
[btor>slvfun]    503 function congruence conflicts
[btor>slvfun]     40 beta reduction conflicts
[btor>slvfun]    298 extensionality lemmas
[btor>slvfun]   0.9 average lemma size
[btor>slvfun]      333 lemmas of size 1
[btor>slvfun]      189 lemmas of size 2
[btor>slvfun]       21 lemmas of size 3
[btor>slvfun] 
[btor>slvfun]     182 expression evaluations
[btor>slvfun]     182 partial beta reductions
[btor>slvfun]   16995 propagations
[btor>slvfun]    2922 propagations down
[btor>core] 
[btor>core] 5.8 MB
[btor>main] sat
2 0000000000000000 accu_0_0
3 0000000000000000 accu_0_1
4 0000000000000000 mem_0_0
5 0000000000000000 mem_0_1
6 0000000000000000 sb-adr_0_0
7 0000000000000000 sb-adr_0_1
8 0000000000000000 sb-val_0_0
9 0000000000000000 sb-val_0_1
10 0 sb-full_0_0
11 0 sb-full_0_1
12 1 stmt_0_0_0
13 0 stmt_0_0_1
14 0 stmt_0_0_2
15 0 stmt_0_0_3
16 1 stmt_0_1_0
17 0 stmt_0_1_1
18 0 stmt_0_1_2
19 0 stmt_0_1_3
20 0 halt_0_0
21 0 halt_0_1
22[1111111111111111] 1111111111111111 heap_0
22[1000000001000001] 1111111111111111 heap_0
22[0000000000000001] 0000000000000000 heap_0
22[0000000000000000] 0000000000000000 heap_0
22[0100000000000000] 1111111111111111 heap_0
22[0000000000000101] 1111111111111111 heap_0
22[0000000000000010] 1111111111111111 heap_0
23 0 exit_0
24 0000000000000000 exit-code
25 1 thread_0_0
26 0 thread_0_1
27 1 exec_0_0_0
28 0 exec_0_0_1
29 0 exec_0_0_2
30 0 exec_0_0_3
31 0 exec_0_1_0
32 0 exec_0_1_1
33 0 exec_0_1_2
34 0 exec_0_1_3
35 0 flush_0_0
36 0 flush_0_1
95 0000000000000001 accu_1_0
96 0000000000000000 accu_1_1
97 0000000000000000 mem_1_0
98 0000000000000000 mem_1_1
99 0000000000000000 sb-adr_1_0
100 0000000000000000 sb-adr_1_1
101 0000000000000000 sb-val_1_0
102 0000000000000000 sb-val_1_1
103 0 sb-full_1_0
104 0 sb-full_1_1
105 0 stmt_1_0_0
106 1 stmt_1_0_1
107 0 stmt_1_0_2
108 0 stmt_1_0_3
109 1 stmt_1_1_0
110 0 stmt_1_1_1
111 0 stmt_1_1_2
112 0 stmt_1_1_3
113 0 halt_1_0
114 0 halt_1_1
115[0000000000000001] 0000000000000000 heap_1
115[0000000000000000] 0000000000000000 heap_1
115[1000000001000001] 1111111111111111 heap_1
115[1111111111111111] 1111111111111111 heap_1
115[0100000000000000] 1111111111111111 heap_1
115[0000000000000101] 1111111111111111 heap_1
115[0000000000000010] 1111111111111111 heap_1
116 0 exit_1
117 1 thread_1_0
118 0 thread_1_1
119 0 exec_1_0_0
120 1 exec_1_0_1
121 0 exec_1_0_2
122 0 exec_1_0_3
123 0 exec_1_1_0
124 0 exec_1_1_1
125 0 exec_1_1_2
126 0 exec_1_1_3
127 0 flush_1_0
128 0 flush_1_1
310 0000000000000001 accu_2_0
311 0000000000000000 accu_2_1
312 0000000000000000 mem_2_0
313 0000000000000000 mem_2_1
314 0000000000000000 sb-adr_2_0
315 0000000000000000 sb-adr_2_1
316 0000000000000001 sb-val_2_0
317 0000000000000000 sb-val_2_1
318 1 sb-full_2_0
319 0 sb-full_2_1
320 0 stmt_2_0_0
321 0 stmt_2_0_1
322 1 stmt_2_0_2
323 0 stmt_2_0_3
324 1 stmt_2_1_0
325 0 stmt_2_1_1
326 0 stmt_2_1_2
327 0 stmt_2_1_3
328 0 halt_2_0
329 0 halt_2_1
330[0000000000000001] 0000000000000000 heap_2
330[0000000000000000] 0000000000000000 heap_2
330[1000000001000001] 1111111111111111 heap_2
330[1111111111111111] 1111111111111111 heap_2
330[0100000000000000] 1111111111111111 heap_2
330[0000000000000101] 1111111111111111 heap_2
330[0000000000000010] 1111111111111111 heap_2
331 0 exit_2
332 0 thread_2_0
333 1 thread_2_1
334 0 exec_2_0_0
335 0 exec_2_0_1
336 0 exec_2_0_2
337 0 exec_2_0_3
338 1 exec_2_1_0
339 0 exec_2_1_1
340 0 exec_2_1_2
341 0 exec_2_1_3
342 0 flush_2_0
343 0 flush_2_1
552 0000000000000001 accu_3_0
553 0000000000000001 accu_3_1
554 0000000000000000 mem_3_0
555 0000000000000000 mem_3_1
556 0000000000000000 sb-adr_3_0
557 0000000000000000 sb-adr_3_1
558 0000000000000001 sb-val_3_0
559 0000000000000000 sb-val_3_1
560 1 sb-full_3_0
561 0 sb-full_3_1
562 0 stmt_3_0_0
563 0 stmt_3_0_1
564 1 stmt_3_0_2
565 0 stmt_3_0_3
566 0 stmt_3_1_0
567 1 stmt_3_1_1
568 0 stmt_3_1_2
569 0 stmt_3_1_3
570 0 halt_3_0
571 0 halt_3_1
572[0000000000000001] 0000000000000000 heap_3
572[0000000000000000] 0000000000000000 heap_3
572[1000000001000001] 1111111111111111 heap_3
572[1111111111111111] 1111111111111111 heap_3
572[0100000000000000] 1111111111111111 heap_3
572[0000000000000101] 1111111111111111 heap_3
572[0000000000000010] 1111111111111111 heap_3
573 0 exit_3
574 0 thread_3_0
575 1 thread_3_1
576 0 exec_3_0_0
577 0 exec_3_0_1
578 0 exec_3_0_2
579 0 exec_3_0_3
580 0 exec_3_1_0
581 1 exec_3_1_1
582 0 exec_3_1_2
583 0 exec_3_1_3
584 0 flush_3_0
585 0 flush_3_1
794 0000000000000001 accu_4_0
795 0000000000000001 accu_4_1
796 0000000000000000 mem_4_0
797 0000000000000000 mem_4_1
798 0000000000000000 sb-adr_4_0
799 0000000000000001 sb-adr_4_1
800 0000000000000001 sb-val_4_0
801 0000000000000001 sb-val_4_1
802 1 sb-full_4_0
803 1 sb-full_4_1
804 0 stmt_4_0_0
805 0 stmt_4_0_1
806 1 stmt_4_0_2
807 0 stmt_4_0_3
808 0 stmt_4_1_0
809 0 stmt_4_1_1
810 1 stmt_4_1_2
811 0 stmt_4_1_3
812 0 halt_4_0
813 0 halt_4_1
814[0000000000000001] 0000000000000000 heap_4
814[0000000000000000] 0000000000000000 heap_4
814[0100000000000000] 1111111111111111 heap_4
814[1111111111111111] 1111111111111111 heap_4
814[1000000001000001] 1111111111111111 heap_4
814[0000000000000101] 1111111111111111 heap_4
814[0000000000000010] 1111111111111111 heap_4
815 0 exit_4
816 0 thread_4_0
817 1 thread_4_1
818 0 exec_4_0_0
819 0 exec_4_0_1
820 0 exec_4_0_2
821 0 exec_4_0_3
822 0 exec_4_1_0
823 0 exec_4_1_1
824 1 exec_4_1_2
825 0 exec_4_1_3
826 0 flush_4_0
827 0 flush_4_1
1036 0000000000000001 accu_5_0
1037 0000000000000000 accu_5_1
1038 0000000000000000 mem_5_0
1039 0000000000000000 mem_5_1
1040 0000000000000000 sb-adr_5_0
1041 0000000000000001 sb-adr_5_1
1042 0000000000000001 sb-val_5_0
1043 0000000000000001 sb-val_5_1
1044 1 sb-full_5_0
1045 1 sb-full_5_1
1046 0 stmt_5_0_0
1047 0 stmt_5_0_1
1048 1 stmt_5_0_2
1049 0 stmt_5_0_3
1050 0 stmt_5_1_0
1051 0 stmt_5_1_1
1052 0 stmt_5_1_2
1053 1 stmt_5_1_3
1054 0 halt_5_0
1055 0 halt_5_1
1056[0000000000000001] 0000000000000000 heap_5
1056[0000000000000000] 0000000000000000 heap_5
1056[0100000000000000] 1111111111111111 heap_5
1056[1111111111111111] 1111111111111111 heap_5
1056[0000000000000101] 1111111111111111 heap_5
1056[1000000001000001] 1111111111111111 heap_5
1056[0000000000000010] 1111111111111111 heap_5
1057 0 exit_5
1058 0 thread_5_0
1059 0 thread_5_1
1060 0 exec_5_0_0
1061 0 exec_5_0_1
1062 0 exec_5_0_2
1063 0 exec_5_0_3
1064 0 exec_5_1_0
1065 0 exec_5_1_1
1066 0 exec_5_1_2
1067 0 exec_5_1_3
1068 1 flush_5_0
1069 0 flush_5_1
1278 0000000000000001 accu_6_0
1279 0000000000000000 accu_6_1
1280 0000000000000000 mem_6_0
1281 0000000000000000 mem_6_1
1282 0000000000000000 sb-adr_6_0
1283 0000000000000001 sb-adr_6_1
1284 0000000000000001 sb-val_6_0
1285 0000000000000001 sb-val_6_1
1286 0 sb-full_6_0
1287 1 sb-full_6_1
1288 0 stmt_6_0_0
1289 0 stmt_6_0_1
1290 1 stmt_6_0_2
1291 0 stmt_6_0_3
1292 0 stmt_6_1_0
1293 0 stmt_6_1_1
1294 0 stmt_6_1_2
1295 1 stmt_6_1_3
1296 0 halt_6_0
1297 0 halt_6_1
1298[0000000000000001] 0000000000000000 heap_6
1298[0000000000000000] 0000000000000001 heap_6
1298[0100000000000000] 1111111111111111 heap_6
1298[0000000000000101] 1111111111111111 heap_6
1298[1111111111111111] 1111111111111111 heap_6
1298[1000000001000001] 1111111111111111 heap_6
1298[0000000000000010] 1111111111111111 heap_6
1299 0 exit_6
1300 1 thread_6_0
1301 0 thread_6_1
1302 0 exec_6_0_0
1303 0 exec_6_0_1
1304 1 exec_6_0_2
1305 0 exec_6_0_3
1306 0 exec_6_1_0
1307 0 exec_6_1_1
1308 0 exec_6_1_2
1309 0 exec_6_1_3
1310 0 flush_6_0
1311 0 flush_6_1
1520 0000000000000000 accu_7_0
1521 0000000000000000 accu_7_1
1522 0000000000000000 mem_7_0
1523 0000000000000000 mem_7_1
1524 0000000000000000 sb-adr_7_0
1525 0000000000000001 sb-adr_7_1
1526 0000000000000001 sb-val_7_0
1527 0000000000000001 sb-val_7_1
1528 0 sb-full_7_0
1529 1 sb-full_7_1
1530 0 stmt_7_0_0
1531 0 stmt_7_0_1
1532 0 stmt_7_0_2
1533 1 stmt_7_0_3
1534 0 stmt_7_1_0
1535 0 stmt_7_1_1
1536 0 stmt_7_1_2
1537 1 stmt_7_1_3
1538 0 halt_7_0
1539 0 halt_7_1
1540[0000000000000001] 0000000000000000 heap_7
1540[0000000000000000] 0000000000000001 heap_7
1540[0000000000000101] 1111111111111111 heap_7
1540[1111111111111111] 1111111111111111 heap_7
1540[0100000000000000] 1111111111111111 heap_7
1540[0000000000000010] 1111111111111111 heap_7
1540[1000000001000001] 1111111111111111 heap_7
1541 0 exit_7
1542 0 thread_7_0
1543 0 thread_7_1
1544 0 exec_7_0_0
1545 0 exec_7_0_1
1546 0 exec_7_0_2
1547 0 exec_7_0_3
1548 0 exec_7_1_0
1549 0 exec_7_1_1
1550 0 exec_7_1_2
1551 0 exec_7_1_3
1552 0 flush_7_0
1553 1 flush_7_1
1762 0000000000000000 accu_8_0
1763 0000000000000000 accu_8_1
1764 0000000000000000 mem_8_0
1765 0000000000000000 mem_8_1
1766 0000000000000000 sb-adr_8_0
1767 0000000000000001 sb-adr_8_1
1768 0000000000000001 sb-val_8_0
1769 0000000000000001 sb-val_8_1
1770 0 sb-full_8_0
1771 0 sb-full_8_1
1772 0 stmt_8_0_0
1773 0 stmt_8_0_1
1774 0 stmt_8_0_2
1775 1 stmt_8_0_3
1776 0 stmt_8_1_0
1777 0 stmt_8_1_1
1778 0 stmt_8_1_2
1779 1 stmt_8_1_3
1780 0 halt_8_0
1781 0 halt_8_1
1782[0000000000000001] 0000000000000001 heap_8
1782[0000000000000000] 0000000000000001 heap_8
1782[0000000000000101] 1111111111111111 heap_8
1782[0000000000000010] 1111111111111111 heap_8
1782[1111111111111111] 1111111111111111 heap_8
1782[0100000000000000] 1111111111111111 heap_8
1782[1000000001000001] 1111111111111111 heap_8
1783 0 exit_8
1784 0 thread_8_0
1785 1 thread_8_1
1786 0 exec_8_0_0
1787 0 exec_8_0_1
1788 0 exec_8_0_2
1789 0 exec_8_0_3
1790 0 exec_8_1_0
1791 0 exec_8_1_1
1792 0 exec_8_1_2
1793 1 exec_8_1_3
1794 0 flush_8_0
1795 0 flush_8_1
2004 0000000000000000 accu_9_0
2005 0000000000000000 accu_9_1
2006 0000000000000000 mem_9_0
2007 0000000000000000 mem_9_1
2008 0000000000000000 sb-adr_9_0
2009 0000000000000001 sb-adr_9_1
2010 0000000000000001 sb-val_9_0
2011 0000000000000001 sb-val_9_1
2012 0 sb-full_9_0
2013 0 sb-full_9_1
2014 0 stmt_9_0_0
2015 0 stmt_9_0_1
2016 0 stmt_9_0_2
2017 1 stmt_9_0_3
2018 0 stmt_9_1_0
2019 0 stmt_9_1_1
2020 0 stmt_9_1_2
2021 0 stmt_9_1_3
2022 0 halt_9_0
2023 1 halt_9_1
2024[0000000000000000] 0000000000000001 heap_9
2024[0000000000000001] 0000000000000001 heap_9
2024[0000000000000010] 1111111111111111 heap_9
2024[0000000000000101] 1111111111111111 heap_9
2024[1111111111111111] 1111111111111111 heap_9
2024[0100000000000000] 1111111111111111 heap_9
2024[1000000001000001] 1111111111111111 heap_9
2025 0 exit_9
2026 1 thread_9_0
2027 0 thread_9_1
2028 0 exec_9_0_0
2029 0 exec_9_0_1
2030 0 exec_9_0_2
2031 1 exec_9_0_3
2032 0 exec_9_1_0
2033 0 exec_9_1_1
2034 0 exec_9_1_2
2035 0 exec_9_1_3
2036 0 flush_9_0
2037 0 flush_9_1
2246 0000000000000000 accu_10_0
2247 0000000000000000 accu_10_1
2248 0000000000000000 mem_10_0
2249 0000000000000000 mem_10_1
2250 0000000000000000 sb-adr_10_0
2251 0000000000000001 sb-adr_10_1
2252 0000000000000001 sb-val_10_0
2253 0000000000000001 sb-val_10_1
2254 0 sb-full_10_0
2255 0 sb-full_10_1
2256 0 stmt_10_0_0
2257 0 stmt_10_0_1
2258 0 stmt_10_0_2
2259 0 stmt_10_0_3
2260 0 stmt_10_1_0
2261 0 stmt_10_1_1
2262 0 stmt_10_1_2
2263 0 stmt_10_1_3
2264 1 halt_10_0
2265 1 halt_10_1
2266[0000000000000010] 1111111111111111 heap_10
2266[1111111111111111] 1111111111111111 heap_10
2266[0000000000000001] 0000000000000001 heap_10
2266[0000000000000000] 0000000000000001 heap_10
2266[0000000000000101] 1111111111111111 heap_10
2266[0100000000000000] 1111111111111111 heap_10
2266[1000000001000001] 1111111111111111 heap_10
2267 1 exit_10
2268 0 thread_10_0
2269 0 thread_10_1
2270 0 exec_10_0_0
2271 0 exec_10_0_1
2272 0 exec_10_0_2
2273 0 exec_10_0_3
2274 0 exec_10_1_0
2275 0 exec_10_1_1
2276 0 exec_10_1_2
2277 0 exec_10_1_3
2278 0 flush_10_0
2279 0 flush_10_1
[concubine>main] solving took 2.3623 seconds
