[litmus/run.sh] running 18: litmus/intel/3/run.sh cvc4 functional
[concubine>main] encoding took 0.006927 seconds
[concubine>main] generated 2408 commands
minisat: Incremental solving is forced on (to avoid variable elimination) unless using internal decision strategy.
============================[ Search Statistics ]==============================
| Conflicts |          ORIGINAL         |          LEARNT          | Progress |
|           |    Vars  Clauses Literals |    Limit  Clauses Lit/Cl |          |
===============================================================================
|       100 |     872     1862     4300 |     2559      257     18 |  0.457 % |
===============================================================================
sat
MODEL BEGIN
accu_0_0 : BITVECTOR(16) = 0bin0000000000000000;
accu_0_1 : BITVECTOR(16) = 0bin0000000000000000;
mem_0_0 : BITVECTOR(16) = 0bin0000000000000000;
mem_0_1 : BITVECTOR(16) = 0bin0000000000000000;
sb-adr_0_0 : BITVECTOR(16) = 0bin0000000000000000;
sb-adr_0_1 : BITVECTOR(16) = 0bin0000000000000000;
sb-val_0_0 : BITVECTOR(16) = 0bin0000000000000000;
sb-val_0_1 : BITVECTOR(16) = 0bin0000000000000000;
sb-full_0_0 : BOOLEAN = FALSE;
sb-full_0_1 : BOOLEAN = FALSE;
stmt_0_0_0 : BOOLEAN = TRUE;
stmt_0_0_1 : BOOLEAN = FALSE;
stmt_0_0_2 : BOOLEAN = FALSE;
stmt_0_0_3 : BOOLEAN = FALSE;
stmt_0_1_0 : BOOLEAN = TRUE;
stmt_0_1_1 : BOOLEAN = FALSE;
stmt_0_1_2 : BOOLEAN = FALSE;
stmt_0_1_3 : BOOLEAN = FALSE;
halt_0_0 : BOOLEAN = FALSE;
halt_0_1 : BOOLEAN = FALSE;
heap_0 : ARRAY BITVECTOR(16) OF BITVECTOR(16) = ARRAY(BITVECTOR(16) OF BITVECTOR(16)) : 0bin0000000000000000;
exit_0 : BOOLEAN = FALSE;
exit-code : BITVECTOR(16) = 0bin0000000000000000;
thread_0_0 : BOOLEAN = TRUE;
thread_0_1 : BOOLEAN = FALSE;
exec_0_0_0 : BOOLEAN = TRUE;
exec_0_0_1 : BOOLEAN = FALSE;
exec_0_0_2 : BOOLEAN = FALSE;
exec_0_0_3 : BOOLEAN = FALSE;
exec_0_1_0 : BOOLEAN = FALSE;
exec_0_1_1 : BOOLEAN = FALSE;
exec_0_1_2 : BOOLEAN = FALSE;
exec_0_1_3 : BOOLEAN = FALSE;
flush_0_0 : BOOLEAN = FALSE;
flush_0_1 : BOOLEAN = FALSE;
accu_1_0 : BITVECTOR(16) = 0bin0000000000000001;
accu_1_1 : BITVECTOR(16) = 0bin0000000000000000;
mem_1_0 : BITVECTOR(16) = 0bin0000000000000000;
mem_1_1 : BITVECTOR(16) = 0bin0000000000000000;
sb-adr_1_0 : BITVECTOR(16) = 0bin0000000000000000;
sb-adr_1_1 : BITVECTOR(16) = 0bin0000000000000000;
sb-val_1_0 : BITVECTOR(16) = 0bin0000000000000000;
sb-val_1_1 : BITVECTOR(16) = 0bin0000000000000000;
sb-full_1_0 : BOOLEAN = FALSE;
sb-full_1_1 : BOOLEAN = FALSE;
stmt_1_0_0 : BOOLEAN = FALSE;
stmt_1_0_1 : BOOLEAN = TRUE;
stmt_1_0_2 : BOOLEAN = FALSE;
stmt_1_0_3 : BOOLEAN = FALSE;
stmt_1_1_0 : BOOLEAN = TRUE;
stmt_1_1_1 : BOOLEAN = FALSE;
stmt_1_1_2 : BOOLEAN = FALSE;
stmt_1_1_3 : BOOLEAN = FALSE;
halt_1_0 : BOOLEAN = FALSE;
halt_1_1 : BOOLEAN = FALSE;
heap_1 : ARRAY BITVECTOR(16) OF BITVECTOR(16) = ARRAY(BITVECTOR(16) OF BITVECTOR(16)) : 0bin0000000000000000;
exit_1 : BOOLEAN = FALSE;
thread_1_0 : BOOLEAN = FALSE;
thread_1_1 : BOOLEAN = TRUE;
exec_1_0_0 : BOOLEAN = FALSE;
exec_1_0_1 : BOOLEAN = FALSE;
exec_1_0_2 : BOOLEAN = FALSE;
exec_1_0_3 : BOOLEAN = FALSE;
exec_1_1_0 : BOOLEAN = TRUE;
exec_1_1_1 : BOOLEAN = FALSE;
exec_1_1_2 : BOOLEAN = FALSE;
exec_1_1_3 : BOOLEAN = FALSE;
flush_1_0 : BOOLEAN = FALSE;
flush_1_1 : BOOLEAN = FALSE;
accu_2_0 : BITVECTOR(16) = 0bin0000000000000001;
accu_2_1 : BITVECTOR(16) = 0bin0000000000000001;
mem_2_0 : BITVECTOR(16) = 0bin0000000000000000;
mem_2_1 : BITVECTOR(16) = 0bin0000000000000000;
sb-adr_2_0 : BITVECTOR(16) = 0bin0000000000000000;
sb-adr_2_1 : BITVECTOR(16) = 0bin0000000000000000;
sb-val_2_0 : BITVECTOR(16) = 0bin0000000000000000;
sb-val_2_1 : BITVECTOR(16) = 0bin0000000000000000;
sb-full_2_0 : BOOLEAN = FALSE;
sb-full_2_1 : BOOLEAN = FALSE;
stmt_2_0_0 : BOOLEAN = FALSE;
stmt_2_0_1 : BOOLEAN = TRUE;
stmt_2_0_2 : BOOLEAN = FALSE;
stmt_2_0_3 : BOOLEAN = FALSE;
stmt_2_1_0 : BOOLEAN = FALSE;
stmt_2_1_1 : BOOLEAN = TRUE;
stmt_2_1_2 : BOOLEAN = FALSE;
stmt_2_1_3 : BOOLEAN = FALSE;
halt_2_0 : BOOLEAN = FALSE;
halt_2_1 : BOOLEAN = FALSE;
heap_2 : ARRAY BITVECTOR(16) OF BITVECTOR(16) = ARRAY(BITVECTOR(16) OF BITVECTOR(16)) : 0bin0000000000000000;
exit_2 : BOOLEAN = FALSE;
thread_2_0 : BOOLEAN = FALSE;
thread_2_1 : BOOLEAN = TRUE;
exec_2_0_0 : BOOLEAN = FALSE;
exec_2_0_1 : BOOLEAN = FALSE;
exec_2_0_2 : BOOLEAN = FALSE;
exec_2_0_3 : BOOLEAN = FALSE;
exec_2_1_0 : BOOLEAN = FALSE;
exec_2_1_1 : BOOLEAN = TRUE;
exec_2_1_2 : BOOLEAN = FALSE;
exec_2_1_3 : BOOLEAN = FALSE;
flush_2_0 : BOOLEAN = FALSE;
flush_2_1 : BOOLEAN = FALSE;
accu_3_0 : BITVECTOR(16) = 0bin0000000000000001;
accu_3_1 : BITVECTOR(16) = 0bin0000000000000001;
mem_3_0 : BITVECTOR(16) = 0bin0000000000000000;
mem_3_1 : BITVECTOR(16) = 0bin0000000000000000;
sb-adr_3_0 : BITVECTOR(16) = 0bin0000000000000000;
sb-adr_3_1 : BITVECTOR(16) = 0bin0000000000000001;
sb-val_3_0 : BITVECTOR(16) = 0bin0000000000000000;
sb-val_3_1 : BITVECTOR(16) = 0bin0000000000000001;
sb-full_3_0 : BOOLEAN = FALSE;
sb-full_3_1 : BOOLEAN = TRUE;
stmt_3_0_0 : BOOLEAN = FALSE;
stmt_3_0_1 : BOOLEAN = TRUE;
stmt_3_0_2 : BOOLEAN = FALSE;
stmt_3_0_3 : BOOLEAN = FALSE;
stmt_3_1_0 : BOOLEAN = FALSE;
stmt_3_1_1 : BOOLEAN = FALSE;
stmt_3_1_2 : BOOLEAN = TRUE;
stmt_3_1_3 : BOOLEAN = FALSE;
halt_3_0 : BOOLEAN = FALSE;
halt_3_1 : BOOLEAN = FALSE;
heap_3 : ARRAY BITVECTOR(16) OF BITVECTOR(16) = ARRAY(BITVECTOR(16) OF BITVECTOR(16)) : 0bin0000000000000000;
exit_3 : BOOLEAN = FALSE;
thread_3_0 : BOOLEAN = FALSE;
thread_3_1 : BOOLEAN = TRUE;
exec_3_0_0 : BOOLEAN = FALSE;
exec_3_0_1 : BOOLEAN = FALSE;
exec_3_0_2 : BOOLEAN = FALSE;
exec_3_0_3 : BOOLEAN = FALSE;
exec_3_1_0 : BOOLEAN = FALSE;
exec_3_1_1 : BOOLEAN = FALSE;
exec_3_1_2 : BOOLEAN = TRUE;
exec_3_1_3 : BOOLEAN = FALSE;
flush_3_0 : BOOLEAN = FALSE;
flush_3_1 : BOOLEAN = FALSE;
accu_4_0 : BITVECTOR(16) = 0bin0000000000000001;
accu_4_1 : BITVECTOR(16) = 0bin0000000000000000;
mem_4_0 : BITVECTOR(16) = 0bin0000000000000000;
mem_4_1 : BITVECTOR(16) = 0bin0000000000000000;
sb-adr_4_0 : BITVECTOR(16) = 0bin0000000000000000;
sb-adr_4_1 : BITVECTOR(16) = 0bin0000000000000001;
sb-val_4_0 : BITVECTOR(16) = 0bin0000000000000000;
sb-val_4_1 : BITVECTOR(16) = 0bin0000000000000001;
sb-full_4_0 : BOOLEAN = FALSE;
sb-full_4_1 : BOOLEAN = TRUE;
stmt_4_0_0 : BOOLEAN = FALSE;
stmt_4_0_1 : BOOLEAN = TRUE;
stmt_4_0_2 : BOOLEAN = FALSE;
stmt_4_0_3 : BOOLEAN = FALSE;
stmt_4_1_0 : BOOLEAN = FALSE;
stmt_4_1_1 : BOOLEAN = FALSE;
stmt_4_1_2 : BOOLEAN = FALSE;
stmt_4_1_3 : BOOLEAN = TRUE;
halt_4_0 : BOOLEAN = FALSE;
halt_4_1 : BOOLEAN = FALSE;
heap_4 : ARRAY BITVECTOR(16) OF BITVECTOR(16) = ARRAY(BITVECTOR(16) OF BITVECTOR(16)) : 0bin0000000000000000;
exit_4 : BOOLEAN = FALSE;
thread_4_0 : BOOLEAN = TRUE;
thread_4_1 : BOOLEAN = FALSE;
exec_4_0_0 : BOOLEAN = FALSE;
exec_4_0_1 : BOOLEAN = TRUE;
exec_4_0_2 : BOOLEAN = FALSE;
exec_4_0_3 : BOOLEAN = FALSE;
exec_4_1_0 : BOOLEAN = FALSE;
exec_4_1_1 : BOOLEAN = FALSE;
exec_4_1_2 : BOOLEAN = FALSE;
exec_4_1_3 : BOOLEAN = FALSE;
flush_4_0 : BOOLEAN = FALSE;
flush_4_1 : BOOLEAN = FALSE;
accu_5_0 : BITVECTOR(16) = 0bin0000000000000001;
accu_5_1 : BITVECTOR(16) = 0bin0000000000000000;
mem_5_0 : BITVECTOR(16) = 0bin0000000000000000;
mem_5_1 : BITVECTOR(16) = 0bin0000000000000000;
sb-adr_5_0 : BITVECTOR(16) = 0bin0000000000000000;
sb-adr_5_1 : BITVECTOR(16) = 0bin0000000000000001;
sb-val_5_0 : BITVECTOR(16) = 0bin0000000000000001;
sb-val_5_1 : BITVECTOR(16) = 0bin0000000000000001;
sb-full_5_0 : BOOLEAN = TRUE;
sb-full_5_1 : BOOLEAN = TRUE;
stmt_5_0_0 : BOOLEAN = FALSE;
stmt_5_0_1 : BOOLEAN = FALSE;
stmt_5_0_2 : BOOLEAN = TRUE;
stmt_5_0_3 : BOOLEAN = FALSE;
stmt_5_1_0 : BOOLEAN = FALSE;
stmt_5_1_1 : BOOLEAN = FALSE;
stmt_5_1_2 : BOOLEAN = FALSE;
stmt_5_1_3 : BOOLEAN = TRUE;
halt_5_0 : BOOLEAN = FALSE;
halt_5_1 : BOOLEAN = FALSE;
heap_5 : ARRAY BITVECTOR(16) OF BITVECTOR(16) = ARRAY(BITVECTOR(16) OF BITVECTOR(16)) : 0bin0000000000000000;
exit_5 : BOOLEAN = FALSE;
thread_5_0 : BOOLEAN = FALSE;
thread_5_1 : BOOLEAN = FALSE;
exec_5_0_0 : BOOLEAN = FALSE;
exec_5_0_1 : BOOLEAN = FALSE;
exec_5_0_2 : BOOLEAN = FALSE;
exec_5_0_3 : BOOLEAN = FALSE;
exec_5_1_0 : BOOLEAN = FALSE;
exec_5_1_1 : BOOLEAN = FALSE;
exec_5_1_2 : BOOLEAN = FALSE;
exec_5_1_3 : BOOLEAN = FALSE;
flush_5_0 : BOOLEAN = TRUE;
flush_5_1 : BOOLEAN = FALSE;
accu_6_0 : BITVECTOR(16) = 0bin0000000000000001;
accu_6_1 : BITVECTOR(16) = 0bin0000000000000000;
mem_6_0 : BITVECTOR(16) = 0bin0000000000000000;
mem_6_1 : BITVECTOR(16) = 0bin0000000000000000;
sb-adr_6_0 : BITVECTOR(16) = 0bin0000000000000000;
sb-adr_6_1 : BITVECTOR(16) = 0bin0000000000000001;
sb-val_6_0 : BITVECTOR(16) = 0bin0000000000000001;
sb-val_6_1 : BITVECTOR(16) = 0bin0000000000000001;
sb-full_6_0 : BOOLEAN = FALSE;
sb-full_6_1 : BOOLEAN = TRUE;
stmt_6_0_0 : BOOLEAN = FALSE;
stmt_6_0_1 : BOOLEAN = FALSE;
stmt_6_0_2 : BOOLEAN = TRUE;
stmt_6_0_3 : BOOLEAN = FALSE;
stmt_6_1_0 : BOOLEAN = FALSE;
stmt_6_1_1 : BOOLEAN = FALSE;
stmt_6_1_2 : BOOLEAN = FALSE;
stmt_6_1_3 : BOOLEAN = TRUE;
halt_6_0 : BOOLEAN = FALSE;
halt_6_1 : BOOLEAN = FALSE;
heap_6 : ARRAY BITVECTOR(16) OF BITVECTOR(16) = ARRAY(BITVECTOR(16) OF BITVECTOR(16)) : 0bin0000000000000000 WITH [0bin0000000000000000] := 0bin0000000000000001;
exit_6 : BOOLEAN = FALSE;
thread_6_0 : BOOLEAN = TRUE;
thread_6_1 : BOOLEAN = FALSE;
exec_6_0_0 : BOOLEAN = FALSE;
exec_6_0_1 : BOOLEAN = FALSE;
exec_6_0_2 : BOOLEAN = TRUE;
exec_6_0_3 : BOOLEAN = FALSE;
exec_6_1_0 : BOOLEAN = FALSE;
exec_6_1_1 : BOOLEAN = FALSE;
exec_6_1_2 : BOOLEAN = FALSE;
exec_6_1_3 : BOOLEAN = FALSE;
flush_6_0 : BOOLEAN = FALSE;
flush_6_1 : BOOLEAN = FALSE;
accu_7_0 : BITVECTOR(16) = 0bin0000000000000000;
accu_7_1 : BITVECTOR(16) = 0bin0000000000000000;
mem_7_0 : BITVECTOR(16) = 0bin0000000000000000;
mem_7_1 : BITVECTOR(16) = 0bin0000000000000000;
sb-adr_7_0 : BITVECTOR(16) = 0bin0000000000000000;
sb-adr_7_1 : BITVECTOR(16) = 0bin0000000000000001;
sb-val_7_0 : BITVECTOR(16) = 0bin0000000000000001;
sb-val_7_1 : BITVECTOR(16) = 0bin0000000000000001;
sb-full_7_0 : BOOLEAN = FALSE;
sb-full_7_1 : BOOLEAN = TRUE;
stmt_7_0_0 : BOOLEAN = FALSE;
stmt_7_0_1 : BOOLEAN = FALSE;
stmt_7_0_2 : BOOLEAN = FALSE;
stmt_7_0_3 : BOOLEAN = TRUE;
stmt_7_1_0 : BOOLEAN = FALSE;
stmt_7_1_1 : BOOLEAN = FALSE;
stmt_7_1_2 : BOOLEAN = FALSE;
stmt_7_1_3 : BOOLEAN = TRUE;
halt_7_0 : BOOLEAN = FALSE;
halt_7_1 : BOOLEAN = FALSE;
heap_7 : ARRAY BITVECTOR(16) OF BITVECTOR(16) = ARRAY(BITVECTOR(16) OF BITVECTOR(16)) : 0bin0000000000000000 WITH [0bin0000000000000000] := 0bin0000000000000001;
exit_7 : BOOLEAN = FALSE;
thread_7_0 : BOOLEAN = FALSE;
thread_7_1 : BOOLEAN = FALSE;
exec_7_0_0 : BOOLEAN = FALSE;
exec_7_0_1 : BOOLEAN = FALSE;
exec_7_0_2 : BOOLEAN = FALSE;
exec_7_0_3 : BOOLEAN = FALSE;
exec_7_1_0 : BOOLEAN = FALSE;
exec_7_1_1 : BOOLEAN = FALSE;
exec_7_1_2 : BOOLEAN = FALSE;
exec_7_1_3 : BOOLEAN = FALSE;
flush_7_0 : BOOLEAN = FALSE;
flush_7_1 : BOOLEAN = TRUE;
accu_8_0 : BITVECTOR(16) = 0bin0000000000000000;
accu_8_1 : BITVECTOR(16) = 0bin0000000000000000;
mem_8_0 : BITVECTOR(16) = 0bin0000000000000000;
mem_8_1 : BITVECTOR(16) = 0bin0000000000000000;
sb-adr_8_0 : BITVECTOR(16) = 0bin0000000000000000;
sb-adr_8_1 : BITVECTOR(16) = 0bin0000000000000001;
sb-val_8_0 : BITVECTOR(16) = 0bin0000000000000001;
sb-val_8_1 : BITVECTOR(16) = 0bin0000000000000001;
sb-full_8_0 : BOOLEAN = FALSE;
sb-full_8_1 : BOOLEAN = FALSE;
stmt_8_0_0 : BOOLEAN = FALSE;
stmt_8_0_1 : BOOLEAN = FALSE;
stmt_8_0_2 : BOOLEAN = FALSE;
stmt_8_0_3 : BOOLEAN = TRUE;
stmt_8_1_0 : BOOLEAN = FALSE;
stmt_8_1_1 : BOOLEAN = FALSE;
stmt_8_1_2 : BOOLEAN = FALSE;
stmt_8_1_3 : BOOLEAN = TRUE;
halt_8_0 : BOOLEAN = FALSE;
halt_8_1 : BOOLEAN = FALSE;
heap_8 : ARRAY BITVECTOR(16) OF BITVECTOR(16) = ARRAY(BITVECTOR(16) OF BITVECTOR(16)) : 0bin0000000000000000 WITH [0bin0000000000000000] := 0bin0000000000000001, [0bin0000000000000001] := 0bin0000000000000001;
exit_8 : BOOLEAN = FALSE;
thread_8_0 : BOOLEAN = FALSE;
thread_8_1 : BOOLEAN = TRUE;
exec_8_0_0 : BOOLEAN = FALSE;
exec_8_0_1 : BOOLEAN = FALSE;
exec_8_0_2 : BOOLEAN = FALSE;
exec_8_0_3 : BOOLEAN = FALSE;
exec_8_1_0 : BOOLEAN = FALSE;
exec_8_1_1 : BOOLEAN = FALSE;
exec_8_1_2 : BOOLEAN = FALSE;
exec_8_1_3 : BOOLEAN = TRUE;
flush_8_0 : BOOLEAN = FALSE;
flush_8_1 : BOOLEAN = FALSE;
accu_9_0 : BITVECTOR(16) = 0bin0000000000000000;
accu_9_1 : BITVECTOR(16) = 0bin0000000000000000;
mem_9_0 : BITVECTOR(16) = 0bin0000000000000000;
mem_9_1 : BITVECTOR(16) = 0bin0000000000000000;
sb-adr_9_0 : BITVECTOR(16) = 0bin0000000000000000;
sb-adr_9_1 : BITVECTOR(16) = 0bin0000000000000001;
sb-val_9_0 : BITVECTOR(16) = 0bin0000000000000001;
sb-val_9_1 : BITVECTOR(16) = 0bin0000000000000001;
sb-full_9_0 : BOOLEAN = FALSE;
sb-full_9_1 : BOOLEAN = FALSE;
stmt_9_0_0 : BOOLEAN = FALSE;
stmt_9_0_1 : BOOLEAN = FALSE;
stmt_9_0_2 : BOOLEAN = FALSE;
stmt_9_0_3 : BOOLEAN = TRUE;
stmt_9_1_0 : BOOLEAN = FALSE;
stmt_9_1_1 : BOOLEAN = FALSE;
stmt_9_1_2 : BOOLEAN = FALSE;
stmt_9_1_3 : BOOLEAN = FALSE;
halt_9_0 : BOOLEAN = FALSE;
halt_9_1 : BOOLEAN = TRUE;
heap_9 : ARRAY BITVECTOR(16) OF BITVECTOR(16) = ARRAY(BITVECTOR(16) OF BITVECTOR(16)) : 0bin0000000000000000 WITH [0bin0000000000000000] := 0bin0000000000000001, [0bin0000000000000001] := 0bin0000000000000001;
exit_9 : BOOLEAN = FALSE;
thread_9_0 : BOOLEAN = TRUE;
thread_9_1 : BOOLEAN = FALSE;
exec_9_0_0 : BOOLEAN = FALSE;
exec_9_0_1 : BOOLEAN = FALSE;
exec_9_0_2 : BOOLEAN = FALSE;
exec_9_0_3 : BOOLEAN = TRUE;
exec_9_1_0 : BOOLEAN = FALSE;
exec_9_1_1 : BOOLEAN = FALSE;
exec_9_1_2 : BOOLEAN = FALSE;
exec_9_1_3 : BOOLEAN = FALSE;
flush_9_0 : BOOLEAN = FALSE;
flush_9_1 : BOOLEAN = FALSE;
accu_10_0 : BITVECTOR(16) = 0bin0000000000000000;
accu_10_1 : BITVECTOR(16) = 0bin0000000000000000;
mem_10_0 : BITVECTOR(16) = 0bin0000000000000000;
mem_10_1 : BITVECTOR(16) = 0bin0000000000000000;
sb-adr_10_0 : BITVECTOR(16) = 0bin0000000000000000;
sb-adr_10_1 : BITVECTOR(16) = 0bin0000000000000001;
sb-val_10_0 : BITVECTOR(16) = 0bin0000000000000001;
sb-val_10_1 : BITVECTOR(16) = 0bin0000000000000001;
sb-full_10_0 : BOOLEAN = FALSE;
sb-full_10_1 : BOOLEAN = FALSE;
stmt_10_0_0 : BOOLEAN = FALSE;
stmt_10_0_1 : BOOLEAN = FALSE;
stmt_10_0_2 : BOOLEAN = FALSE;
stmt_10_0_3 : BOOLEAN = FALSE;
stmt_10_1_0 : BOOLEAN = FALSE;
stmt_10_1_1 : BOOLEAN = FALSE;
stmt_10_1_2 : BOOLEAN = FALSE;
stmt_10_1_3 : BOOLEAN = FALSE;
halt_10_0 : BOOLEAN = TRUE;
halt_10_1 : BOOLEAN = TRUE;
heap_10 : ARRAY BITVECTOR(16) OF BITVECTOR(16) = ARRAY(BITVECTOR(16) OF BITVECTOR(16)) : 0bin0000000000000000 WITH [0bin0000000000000000] := 0bin0000000000000001, [0bin0000000000000001] := 0bin0000000000000001;
exit_10 : BOOLEAN = TRUE;
thread_10_0 : BOOLEAN = FALSE;
thread_10_1 : BOOLEAN = FALSE;
exec_10_0_0 : BOOLEAN = FALSE;
exec_10_0_1 : BOOLEAN = FALSE;
exec_10_0_2 : BOOLEAN = FALSE;
exec_10_0_3 : BOOLEAN = FALSE;
exec_10_1_0 : BOOLEAN = FALSE;
exec_10_1_1 : BOOLEAN = FALSE;
exec_10_1_2 : BOOLEAN = FALSE;
exec_10_1_3 : BOOLEAN = FALSE;
flush_10_0 : BOOLEAN = FALSE;
flush_10_1 : BOOLEAN = FALSE;
MODEL END;
[concubine>main] solving took 0.774952 seconds
