[runlim] version:		1.21
[runlim] host:			c3n05
[runlim] time limit:		86400 seconds
[runlim] real time limit:	86400 seconds
[runlim] space limit:		8000 MB
[runlim] argv[0]:		concubine
[runlim] argv[1]:		solve
[runlim] argv[2]:		-v
[runlim] argv[3]:		-s
[runlim] argv[4]:		boolector
[runlim] argv[5]:		-e
[runlim] argv[6]:		smtlib-relational
[runlim] argv[7]:		-c
[runlim] argv[8]:		constraints.smt2
[runlim] argv[9]:		-m
[runlim] argv[10]:		init.mmap
[runlim] argv[11]:		-o
[runlim] argv[12]:		boolector-relational
[runlim] argv[13]:		12
[runlim] argv[14]:		thread.0.asm
[runlim] argv[15]:		thread.1.asm
[runlim] argv[16]:		thread.2.asm
[runlim] argv[17]:		thread.3.asm
[runlim] start:			Tue Dec  1 16:38:15 2020
[runlim] child:			6289
[runlim] sample:		0.00 time, 10.01 real, 2 MB
[runlim] sample:		0.01 time, 20.01 real, 4 MB
[runlim] end:			Tue Dec  1 16:38:36 2020
[runlim] status:		ok
[runlim] result:		0
[runlim] children:		1
[runlim] real:			20.63 seconds
[runlim] time:			0.01 seconds
[runlim] space:			4 MB
[runlim] samples:		206
