[litmus/run.sh] running 51: litmus/intel/8/run.sh boolector functional
[concubine>main] encoding took 0.009564 seconds
[concubine>main] generated 6000 commands
[btor>main] Boolector Version 3.2.1 master-6500a7be548fd22d8de08ec2621caec6aa97697b
[btor>main]  -std=gnu99 -W -Wall -Wextra -Wredundant-decls -O3
[btor>main] released 2020-12-08T13:56:40
[btor>main] compiled 2020-12-08T13:56:40
[btor>main] GNU 7.5.0
[btor>main] setting signal handlers
[btor>main] no time limit given
[btor>parse] assuming SMT-LIB v2 input,  parsing '<stdin>'
[btor>smt2] parsed 1994 commands in 0.00 seconds
[btor>core] calling SAT
[btor>core] found UFs, disable slice elimination
[btor>varsubst] 702 variables substituted in 0.0 seconds
[btor>extract] set: 1 (2), set_inc: 0 (0), set_itoi: 0 (0), set_itoip1: 0 (0), cpy: 0 (0)
[btor>extract] extracted 1 lambdas in 0.000 seconds
[btor>merge] merged 0 lambdas in 0.00 seconds
[btor>preprocess] 1 rewriting rounds in 0.0 seconds
[btor>preprocess] simplification returned 0
[btor>slvfun] enabled core engine
[btor>sat] CaDiCaL allows both incremental and non-incremental mode
[btor>sat] initialized CaDiCaL
[btor>slvfun] 372 AIG vars, 3819 AIG ands, 3199 CNF vars, 9121 CNF clauses
[btorcore] 1 iterations, 4 lemmas, 0 ext. lemmas, vars 52, applies 21
[btor>slvfun] 372 AIG vars, 4015 AIG ands, 3299 CNF vars, 9469 CNF clauses
[btorcore] 2 iterations, 14 lemmas, 0 ext. lemmas, vars 52, applies 21
[btor>slvfun] 372 AIG vars, 4535 AIG ands, 3563 CNF vars, 10389 CNF clauses
[btorcore] 3 iterations, 17 lemmas, 0 ext. lemmas, vars 52, applies 21
[btor>slvfun] 372 AIG vars, 4727 AIG ands, 3659 CNF vars, 10725 CNF clauses
[btorcore] 4 iterations, 21 lemmas, 0 ext. lemmas, vars 52, applies 21
[btor>slvfun] 372 AIG vars, 4871 AIG ands, 3734 CNF vars, 10985 CNF clauses
[btorcore] 5 iterations, 22 lemmas, 0 ext. lemmas, vars 52, applies 21
[btor>slvfun] 372 AIG vars, 4935 AIG ands, 3766 CNF vars, 11097 CNF clauses
[btorcore] 6 iterations, 23 lemmas, 0 ext. lemmas, vars 52, applies 21
[btor>slvfun] 372 AIG vars, 4936 AIG ands, 3767 CNF vars, 11100 CNF clauses
[btorcore] 7 iterations, 24 lemmas, 0 ext. lemmas, vars 52, applies 21
[btor>slvfun] 372 AIG vars, 5000 AIG ands, 3799 CNF vars, 11212 CNF clauses
[btorcore] 8 iterations, 25 lemmas, 0 ext. lemmas, vars 52, applies 21
[btor>slvfun] 372 AIG vars, 5001 AIG ands, 3801 CNF vars, 11218 CNF clauses
[btorcore] 9 iterations, 26 lemmas, 0 ext. lemmas, vars 52, applies 21
[btor>slvfun] 372 AIG vars, 5002 AIG ands, 3803 CNF vars, 11224 CNF clauses
[btorcore] 10 iterations, 29 lemmas, 0 ext. lemmas, vars 52, applies 21
[btor>slvfun] 372 AIG vars, 5007 AIG ands, 3808 CNF vars, 11239 CNF clauses
[btorcore] 11 iterations, 30 lemmas, 0 ext. lemmas, vars 52, applies 21
[btor>slvfun] 372 AIG vars, 5009 AIG ands, 3810 CNF vars, 11245 CNF clauses
[btorcore] 12 iterations, 31 lemmas, 0 ext. lemmas, vars 52, applies 21
[btor>slvfun] 372 AIG vars, 5011 AIG ands, 3812 CNF vars, 11251 CNF clauses
[btorcore] 13 iterations, 32 lemmas, 0 ext. lemmas, vars 52, applies 21
[btor>slvfun] 372 AIG vars, 5013 AIG ands, 3814 CNF vars, 11257 CNF clauses
[btor>core] SAT call 2 returned 20 in 0.000 seconds
unsat
[btor>smt2] WARNING no 'exit' command at end of '<stdin>'
[btor>smt2] parsed 1995 commands in 0.00 seconds
[btor>parse] logic QF_AUFBV
[btor>parse] status unknown
[btor>sat] 14 SAT calls in 0.0 seconds
[btor>core] 702/241/1613/207 constraints 0/0/0/207 0.9 MB
[btor>core] 0 assumptions
[btor>core] 
[btor>core] 0.84 MB allocated for nodes
[btor>core] 
[btor>core]     0 variable substitutions
[btor>core]     0 uninterpreted function substitutions
[btor>core]     0 embedded constraint substitutions
[btor>core]     0 synthesized nodes rewritten
[btor>core]     0 linear constraint equations
[btor>core]     0 gaussian eliminations in linear equations
[btor>core]     0 eliminated sliced variables
[btor>core]     0 extracted skeleton constraints
[btor>core]   644 and normalizations
[btor>core]     0 add normalizations
[btor>core]     0 mul normalizations
[btor>core]     0 lambdas merged
[btor>core]     0 static apply propagations over lambdas
[btor>core]     0 static apply propagations over updates
[btor>core]     0 beta reductions
[btor>core]     0 clone calls
[btor>core] 
[btor>core] rewrite rule cache
[btor>core]   1390 cached (add) 
[btor>core]   638 cached (get)
[btor>core]   0 updated
[btor>core]   0 removed (gc)
[btor>core]   0.11 MB cache
[btor>core] 
[btor>core] bit blasting statistics:
[btor>core]       962 AIG vectors (962 max)
[btor>core]      5013 AIG ANDs (5013 max)
[btor>core]       372 AIG variables
[btor>core]      3814 CNF variables
[btor>core]     11257 CNF clauses
[btor>core]     28749 CNF literals
[btor>slvfun] 
[btor>slvfun] lemmas on demand statistics:
[btor>slvfun]   13 refinement iterations
[btor>slvfun]   32 LOD refinements
[btor>slvfun]     27 function congruence conflicts
[btor>slvfun]      5 beta reduction conflicts
[btor>slvfun]      0 extensionality lemmas
[btor>slvfun]   3.4 average lemma size
[btor>slvfun]       20 lemmas of size 3
[btor>slvfun]       11 lemmas of size 4
[btor>slvfun]        1 lemmas of size 5
[btor>slvfun] 
[btor>slvfun]      26 expression evaluations
[btor>slvfun]      26 partial beta reductions
[btor>slvfun]     794 propagations
[btor>slvfun]      22 propagations down
[btor>core] 
[btor>core] 1.1 MB
[btor>main] unsat
[concubine>main] solving took 0.067235 seconds
