[concubine>main] encoding took 0 seconds
[concubine>main] generated 6000 commands
minisat: Incremental solving is forced on (to avoid variable elimination) unless using internal decision strategy.
============================[ Search Statistics ]==============================
| Conflicts |          ORIGINAL         |          LEARNT          | Progress |
|           |    Vars  Clauses Literals |    Limit  Clauses Lit/Cl |          |
===============================================================================
|       100 |    1602     3443     7871 |     5139      282     35 | 11.674 % |
|       250 |    1677     3528     8041 |     7708      534     36 | 11.211 % |
|       475 |    1744     3612     8209 |    11562      829     36 | 10.828 % |
|       812 |    1896     3801     8587 |    17344     1321     36 | 10.049 % |
|      1318 |    2116     4125     9235 |    26016     1968     37 |  9.100 % |
|      2077 |    2211     4295     9575 |    39024     2815     37 |  8.744 % |
|      3216 |    2342     4552    10089 |    58536     4149     38 |  8.295 % |
|      4924 |    2507     5139    11263 |    87804     6187     39 |  7.792 % |
|      7486 |    2639     5817    12619 |   131706     9009     41 |  7.431 % |
|     11330 |    2713     6704    14393 |   197560    13138     41 |  7.243 % |
|     17096 |    2770     7724    16433 |   296340    19168     41 |  7.105 % |
|     25745 |    2878     9358    19701 |   444510    27935     40 |  6.857 % |
|     38719 |    2878    11113    23211 |   666766    40950     38 |  6.857 % |
|     58180 |    2898    14887    30759 |  1000149    60873     39 |  6.813 % |
|     87372 |    3096    16677    34339 |  1500224    90973     39 |  6.405 % |
|    131161 |    3096    17804    36593 |  2250336   134905     39 |  6.405 % |
|    196845 |    3297    25625    52235 |  3375505   201947     39 |  6.039 % |
|    295371 |    3542    45348    91681 |  5063257   302120     38 |  5.946 % |
|    443160 |    3728    77242   155469 |  7594886   270960     36 |  6.518 % |
===============================================================================
unsat
Cannot get model unless immediately preceded by SAT/NOT_ENTAILED or UNKNOWN response.
[concubine>main] solving took 5518.24 seconds
