[concubine>main] encoding took 0.003152 seconds
[concubine>main] generated 6890 commands
minisat: Incremental solving is forced on (to avoid variable elimination) unless using internal decision strategy.
============================[ Search Statistics ]==============================
| Conflicts |          ORIGINAL         |          LEARNT          | Progress |
|           |    Vars  Clauses Literals |    Limit  Clauses Lit/Cl |          |
===============================================================================
|       100 |    2005     6061    15774 |     9091      141      8 |  3.090 % |
|       250 |    2002     6073    15798 |    13637      190      6 |  6.092 % |
|       475 |    2769     6345    16342 |    20455      557     19 |  4.482 % |
|       812 |    3079     6649    16950 |    30683     1109     22 |  4.643 % |
|      1318 |    3134     6779    17210 |    46025     1829     26 |  4.565 % |
|      2077 |    3161     7026    17704 |    69038     2984     29 |  4.528 % |
|      3216 |    3167     7221    18094 |   103557     4526     30 |  4.549 % |
|      4924 |    3166     7665    18982 |   155336     6631     31 |  4.579 % |
|      7486 |    3168     8404    20460 |   233005    10052     34 |  4.719 % |
|     11330 |    3168     9100    21852 |   349507    14659     36 |  4.719 % |
|     17096 |    3168    10383    24418 |   524261    20823     37 |  4.719 % |
|     25745 |    3185    13341    30334 |   786392    30677     38 |  4.724 % |
|     38719 |    3185    16824    37300 |  1179588    45006     39 |  4.724 % |
|     58180 |    3180    23765    51182 |  1769383    65415     39 |  5.242 % |
|     87372 |    3184    32827    69306 |  2654074    97086     39 |  5.235 % |
|    131161 |    3184    43344    90340 |  3981112   142702     40 |  5.235 % |
|    196845 |    3323    56122   115896 |  5971668   212955     40 |  5.028 % |
|    295371 |    3397    62850   129352 |  8957502   314426     43 |  4.923 % |
|    443160 |    3396    71413   146478 | 13436254   463726     44 |  4.978 % |
|    664843 |    3399   108897   221446 | 20154381   689960     45 |  4.974 % |
|    997368 |    3399   132497   268646 | 30231571  1026484     46 |  4.974 % |
|   1496156 |    3294   173293   350238 | 45347357   344419     43 |  7.910 % |
===============================================================================
unsat
Cannot get model unless immediately preceded by SAT/NOT_ENTAILED or UNKNOWN response.
[concubine>main] solving took 26788.8 seconds
