[runlim] version:		1.21
[runlim] host:			c3n05
[runlim] time limit:		86400 seconds
[runlim] real time limit:	86400 seconds
[runlim] space limit:		8000 MB
[runlim] argv[0]:		concubine
[runlim] argv[1]:		solve
[runlim] argv[2]:		-v
[runlim] argv[3]:		-s
[runlim] argv[4]:		cvc4
[runlim] argv[5]:		-e
[runlim] argv[6]:		smtlib
[runlim] argv[7]:		-c
[runlim] argv[8]:		constraints.smt2
[runlim] argv[9]:		-m
[runlim] argv[10]:		init.mmap
[runlim] argv[11]:		-o
[runlim] argv[12]:		cvc4-functional
[runlim] argv[13]:		12
[runlim] argv[14]:		thread.0.asm
[runlim] argv[15]:		thread.1.asm
[runlim] argv[16]:		thread.2.asm
[runlim] argv[17]:		thread.3.asm
[runlim] start:			Tue Dec  1 16:38:15 2020
[runlim] child:			6300
[runlim] sample:		0.01 time, 10.01 real, 3 MB
[runlim] sample:		0.01 time, 20.01 real, 3 MB
[runlim] sample:		0.01 time, 30.01 real, 3 MB
[runlim] sample:		0.01 time, 40.01 real, 3 MB
[runlim] sample:		0.01 time, 50.01 real, 3 MB
[runlim] sample:		0.01 time, 60.01 real, 3 MB
[runlim] sample:		0.01 time, 70.01 real, 3 MB
[runlim] sample:		0.01 time, 80.01 real, 3 MB
[runlim] sample:		0.01 time, 90.01 real, 3 MB
[runlim] sample:		0.01 time, 100.01 real, 3 MB
[runlim] sample:		0.01 time, 110.01 real, 3 MB
[runlim] sample:		0.01 time, 120.01 real, 3 MB
[runlim] sample:		0.01 time, 130.01 real, 3 MB
[runlim] sample:		0.01 time, 140.01 real, 3 MB
[runlim] sample:		0.01 time, 150.01 real, 3 MB
