[concubine>main] encoding took 0.004249 seconds
[concubine>main] generated 6000 commands
(:added-eqs           25560
 :array-ax1           12
 :array-ax2           306
 :array-ext-ax        5
 :binary-propagations 86629
 :bv-bit2core         53251
 :bv-diseqs           14
 :bv-dynamic-diseqs   107
 :bv->core-eq         207
 :conflicts           903
 :decisions           2125
 :del-clause          1199
 :eliminated-vars     702
 :max-memory          5.73
 :memory              3.74
 :minimized-lits      5489
 :mk-bool-var         8740
 :mk-clause           4396
 :num-allocs          164814
 :num-checks          1
 :propagations        164125
 :restarts            8
 :rlimit-count        410847
 :time                0.52)
unsat
[concubine>main] solving took 0.201503 seconds
