[concubine>main] encoding took 0.005183 seconds
[concubine>main] generated 6890 commands
(:added-eqs               708689
 :array-ax1               66
 :array-ax2               3054
 :array-ext-ax            111
 :binary-propagations     1140824
 :bv-bit2core             2436603
 :bv-diseqs               22
 :bv-dynamic-diseqs       589
 :bv->core-eq             2172
 :conflicts               6699
 :decisions               14412
 :del-clause              26312
 :eliminated-applications 25
 :eliminated-vars         201
 :max-memory              9.27
 :memory                  4.67
 :minimized-lits          90717
 :mk-bool-var             212344
 :mk-clause               31272
 :num-allocs              5097837
 :num-checks              1
 :propagations            1898537
 :restarts                50
 :rlimit-count            7602967
 :time                    4.53)
unsat
[concubine>main] solving took 4.36901 seconds
