count_stat.cas.0.asm
count_stat.cas.1.asm
count_stat.cas.2.asm
count_stat.cas.3.asm
count_stat.checker.asm
. boolector-functional.mmap
# tid	pc	cmd	arg	accu	mem	adr	val	full	heap
2	inc	MEM	0	0	0	0	0	0	{}	# 0
2	1	ADDI	1	0	0	0	0	0	{}	# 1
2	2	CAS	0	1	0	0	0	0	{}	# 2
1	inc	MEM	0	0	0	0	0	0	{(0,1)}	# 3
1	1	ADDI	1	1	1	0	0	0	{}	# 4
1	2	CAS	0	2	1	0	0	0	{}	# 5
3	inc	MEM	0	0	0	0	0	0	{(0,2)}	# 6
3	1	ADDI	1	2	2	0	0	0	{}	# 7
4	0	CHECK	0	0	0	0	0	0	{}	# 8
0	inc	MEM	0	0	0	0	0	0	{}	# 9
0	1	ADDI	1	2	2	0	0	0	{}	# 10
0	2	CAS	0	3	2	0	0	0	{}	# 11
1	3	JZ	inc	1	1	0	0	0	{(0,3)}	# 12
3	2	CAS	0	3	2	0	0	0	{}	# 13
1	4	LOAD	11	1	1	0	0	0	{}	# 14
1	5	SUBI	1	1	1	0	0	0	{}	# 15
0	3	JZ	inc	1	2	0	0	0	{}	# 16
3	3	JZ	inc	0	2	0	0	0	{}	# 17
2	3	JZ	inc	1	0	0	0	0	{}	# 18
2	4	LOAD	12	1	0	0	0	0	{}	# 19
0	4	LOAD	10	1	2	0	0	0	{}	# 20
0	5	SUBI	1	1	2	0	0	0	{}	# 21
3	inc	MEM	0	0	2	0	0	0	{}	# 22
2	5	SUBI	1	1	0	0	0	0	{}	# 23
0	6	STORE	10	0	2	0	0	0	{}	# 24
2	6	STORE	12	0	0	0	0	0	{}	# 25
2	7	JNZ	inc	0	0	12	0	1	{}	# 26
1	6	STORE	11	0	1	0	0	0	{}	# 27
0	7	FLUSH	-	0	2	10	0	1	{}	# 28
3	1	ADDI	1	3	3	0	0	0	{(10,0)}	# 29
1	7	JNZ	inc	0	1	11	0	1	{}	# 30
3	2	CAS	0	4	3	0	0	0	{}	# 31
3	3	JZ	inc	1	3	0	0	0	{(0,4)}	# 32
0	7	JNZ	inc	0	2	10	0	0	{}	# 33
3	4	LOAD	13	1	3	0	0	0	{}	# 34
3	5	SUBI	1	1	3	0	0	0	{}	# 35
3	6	STORE	13	0	3	0	0	0	{}	# 36
1	8	FLUSH	-	0	1	11	0	1	{}	# 37
2	8	FLUSH	-	0	0	12	0	1	{(11,0)}	# 38
2	8	CHECK	0	0	0	12	0	0	{(12,0)}	# 39
3	7	JNZ	inc	0	3	13	0	1	{}	# 40
3	8	CHECK	0	0	3	13	0	1	{}	# 41
0	8	CHECK	0	0	2	10	0	0	{}	# 42
1	8	CHECK	0	0	1	11	0	0	{}	# 43
3	9	FLUSH	-	0	3	13	0	1	{}	# 44
0	9	HALT	-	0	2	10	0	0	{(13,0)}	# 45
4	1	ADDI	8	0	0	0	0	0	{}	# 46
4	2	CMP	0	8	0	0	0	0	{}	# 47
4	3	JNZ	error	4	0	0	0	0	{}	# 48
4	error	EXIT	1	4	0	0	0	0	{}	# 49
