[runlim] version:		1.21
[runlim] host:			c3n14
[runlim] time limit:		86400 seconds
[runlim] real time limit:	86400 seconds
[runlim] space limit:		8000 MB
[runlim] argv[0]:		concubine
[runlim] argv[1]:		solve
[runlim] argv[2]:		-v
[runlim] argv[3]:		-s
[runlim] argv[4]:		z3
[runlim] argv[5]:		-e
[runlim] argv[6]:		smtlib
[runlim] argv[7]:		-m
[runlim] argv[8]:		init.mmap
[runlim] argv[9]:		-o
[runlim] argv[10]:		z3-functional
[runlim] argv[11]:		373
[runlim] argv[12]:		count_stat.cas.0.asm
[runlim] argv[13]:		count_stat.cas.1.asm
[runlim] argv[14]:		count_stat.cas.2.asm
[runlim] argv[15]:		count_stat.cas.3.asm
[runlim] argv[16]:		count_stat.checker.asm
[runlim] start:			Thu Dec 10 16:20:26 2020
[runlim] child:			31336
[runlim] sample:		8.04 time, 10.01 real, 224 MB
[runlim] sample:		18.04 time, 20.01 real, 610 MB
[runlim] sample:		28.03 time, 30.01 real, 1115 MB
[runlim] sample:		38.03 time, 40.01 real, 1254 MB
[runlim] sample:		48.04 time, 50.01 real, 1720 MB
[runlim] sample:		58.03 time, 60.01 real, 1803 MB
[runlim] sample:		68.03 time, 70.01 real, 1901 MB
[runlim] sample:		78.03 time, 80.01 real, 2191 MB
[runlim] sample:		88.04 time, 90.01 real, 2532 MB
[runlim] sample:		98.04 time, 100.01 real, 2548 MB
[runlim] sample:		108.04 time, 110.01 real, 2548 MB
[runlim] sample:		118.04 time, 120.01 real, 2548 MB
[runlim] sample:		128.04 time, 130.01 real, 2580 MB
[runlim] sample:		138.04 time, 140.01 real, 2580 MB
[runlim] sample:		148.04 time, 150.01 real, 2613 MB
[runlim] sample:		158.03 time, 160.01 real, 2613 MB
[runlim] sample:		168.03 time, 170.01 real, 2613 MB
[runlim] sample:		178.03 time, 180.01 real, 2613 MB
[runlim] sample:		188.03 time, 190.01 real, 2613 MB
[runlim] sample:		198.04 time, 200.01 real, 2645 MB
[runlim] sample:		208.04 time, 210.01 real, 2645 MB
[runlim] sample:		218.03 time, 220.01 real, 2645 MB
[runlim] sample:		228.03 time, 230.01 real, 2677 MB
[runlim] sample:		238.03 time, 240.01 real, 2677 MB
[runlim] sample:		248.03 time, 250.01 real, 2677 MB
[runlim] sample:		258.04 time, 260.01 real, 2677 MB
[runlim] sample:		268.04 time, 270.01 real, 2677 MB
[runlim] sample:		278.03 time, 280.01 real, 2745 MB
[runlim] sample:		288.04 time, 290.01 real, 2745 MB
[runlim] sample:		298.04 time, 300.01 real, 2745 MB
[runlim] sample:		308.04 time, 310.01 real, 2745 MB
[runlim] sample:		318.03 time, 320.01 real, 2745 MB
[runlim] sample:		328.03 time, 330.01 real, 2745 MB
[runlim] sample:		338.03 time, 340.01 real, 2745 MB
[runlim] sample:		348.03 time, 350.01 real, 2746 MB
[runlim] sample:		358.03 time, 360.01 real, 2746 MB
[runlim] sample:		368.03 time, 370.01 real, 2746 MB
[runlim] sample:		378.03 time, 380.01 real, 2746 MB
[runlim] sample:		388.03 time, 390.01 real, 2746 MB
[runlim] sample:		398.04 time, 400.01 real, 2746 MB
[runlim] sample:		408.03 time, 410.01 real, 2746 MB
[runlim] sample:		418.04 time, 420.01 real, 2746 MB
[runlim] sample:		428.04 time, 430.01 real, 2746 MB
[runlim] sample:		438.04 time, 440.01 real, 2746 MB
[runlim] sample:		448.03 time, 450.01 real, 2747 MB
[runlim] sample:		458.03 time, 460.01 real, 2747 MB
[runlim] sample:		468.03 time, 470.01 real, 2747 MB
[runlim] sample:		478.04 time, 480.01 real, 2747 MB
[runlim] sample:		488.04 time, 490.01 real, 2811 MB
[runlim] sample:		498.03 time, 500.01 real, 2811 MB
[runlim] sample:		508.03 time, 510.01 real, 2812 MB
[runlim] sample:		518.04 time, 520.01 real, 2812 MB
[runlim] sample:		528.04 time, 530.01 real, 2812 MB
[runlim] sample:		538.04 time, 540.01 real, 2813 MB
[runlim] sample:		548.03 time, 550.01 real, 2813 MB
[runlim] sample:		558.03 time, 560.01 real, 2813 MB
[runlim] sample:		568.03 time, 570.01 real, 2814 MB
[runlim] sample:		578.04 time, 580.01 real, 2814 MB
[runlim] sample:		588.04 time, 590.01 real, 2815 MB
[runlim] sample:		598.04 time, 600.01 real, 2816 MB
[runlim] sample:		608.04 time, 610.01 real, 2816 MB
[runlim] sample:		618.04 time, 620.01 real, 2817 MB
[runlim] sample:		628.03 time, 630.01 real, 2818 MB
[runlim] sample:		638.04 time, 640.01 real, 2818 MB
[runlim] sample:		648.03 time, 650.01 real, 2819 MB
[runlim] sample:		658.03 time, 660.01 real, 2819 MB
[runlim] sample:		668.03 time, 670.01 real, 2820 MB
[runlim] sample:		678.04 time, 680.01 real, 2821 MB
[runlim] sample:		688.03 time, 690.01 real, 2821 MB
[runlim] sample:		698.03 time, 700.01 real, 2822 MB
[runlim] sample:		708.03 time, 710.01 real, 2823 MB
[runlim] sample:		718.03 time, 720.01 real, 2823 MB
[runlim] sample:		728.03 time, 730.01 real, 2824 MB
[runlim] sample:		738.04 time, 740.01 real, 2825 MB
[runlim] sample:		748.04 time, 750.01 real, 3081 MB
[runlim] sample:		758.03 time, 760.01 real, 2955 MB
[runlim] sample:		768.04 time, 770.01 real, 3021 MB
[runlim] sample:		778.03 time, 780.01 real, 3036 MB
[runlim] sample:		788.03 time, 790.01 real, 3052 MB
[runlim] sample:		798.03 time, 800.01 real, 3052 MB
[runlim] sample:		808.03 time, 810.01 real, 3084 MB
[runlim] sample:		818.04 time, 820.01 real, 3084 MB
[runlim] sample:		828.03 time, 830.01 real, 3116 MB
[runlim] sample:		838.04 time, 840.01 real, 3116 MB
[runlim] sample:		848.03 time, 850.01 real, 3116 MB
[runlim] sample:		858.03 time, 860.01 real, 3116 MB
[runlim] sample:		868.03 time, 870.01 real, 3116 MB
[runlim] sample:		878.03 time, 880.01 real, 3148 MB
[runlim] sample:		888.03 time, 890.01 real, 3148 MB
[runlim] sample:		898.04 time, 900.01 real, 3148 MB
[runlim] sample:		908.03 time, 910.01 real, 3180 MB
[runlim] sample:		918.03 time, 920.01 real, 3180 MB
[runlim] sample:		928.03 time, 930.01 real, 3180 MB
[runlim] sample:		938.03 time, 940.01 real, 3180 MB
[runlim] sample:		948.03 time, 950.01 real, 3246 MB
[runlim] sample:		958.03 time, 960.01 real, 3248 MB
[runlim] sample:		968.04 time, 970.01 real, 3248 MB
[runlim] sample:		978.03 time, 980.01 real, 3248 MB
[runlim] sample:		988.03 time, 990.01 real, 3248 MB
[runlim] sample:		998.03 time, 1000.01 real, 3248 MB
[runlim] sample:		1008.03 time, 1010.01 real, 3248 MB
[runlim] sample:		1018.04 time, 1020.01 real, 3248 MB
[runlim] sample:		1028.03 time, 1030.01 real, 3249 MB
[runlim] sample:		1038.03 time, 1040.01 real, 3249 MB
[runlim] sample:		1048.03 time, 1050.01 real, 3249 MB
[runlim] sample:		1058.04 time, 1060.01 real, 3249 MB
[runlim] sample:		1068.03 time, 1070.01 real, 3249 MB
[runlim] sample:		1078.03 time, 1080.01 real, 3249 MB
[runlim] sample:		1088.03 time, 1090.01 real, 3249 MB
[runlim] sample:		1098.03 time, 1100.01 real, 3249 MB
[runlim] sample:		1108.03 time, 1110.01 real, 3249 MB
[runlim] sample:		1118.03 time, 1120.01 real, 3250 MB
[runlim] sample:		1128.03 time, 1130.01 real, 3250 MB
[runlim] sample:		1138.04 time, 1140.01 real, 3250 MB
[runlim] sample:		1148.03 time, 1150.01 real, 3250 MB
[runlim] sample:		1158.03 time, 1160.01 real, 3314 MB
[runlim] sample:		1168.03 time, 1170.01 real, 3314 MB
[runlim] sample:		1178.04 time, 1180.01 real, 3315 MB
[runlim] sample:		1188.03 time, 1190.01 real, 3315 MB
[runlim] sample:		1198.03 time, 1200.01 real, 3315 MB
[runlim] sample:		1208.03 time, 1210.01 real, 3315 MB
[runlim] sample:		1218.03 time, 1220.01 real, 3316 MB
[runlim] sample:		1228.03 time, 1230.01 real, 3316 MB
[runlim] sample:		1238.03 time, 1240.01 real, 3317 MB
[runlim] sample:		1248.03 time, 1250.01 real, 3318 MB
[runlim] sample:		1258.03 time, 1260.01 real, 3318 MB
[runlim] sample:		1268.03 time, 1270.01 real, 3319 MB
[runlim] sample:		1278.03 time, 1280.01 real, 3319 MB
[runlim] sample:		1288.03 time, 1290.01 real, 3320 MB
[runlim] sample:		1298.03 time, 1300.01 real, 3321 MB
[runlim] sample:		1308.03 time, 1310.01 real, 3321 MB
[runlim] sample:		1318.03 time, 1320.01 real, 3322 MB
[runlim] sample:		1328.03 time, 1330.01 real, 3323 MB
[runlim] sample:		1338.03 time, 1340.01 real, 3323 MB
[runlim] sample:		1348.03 time, 1350.01 real, 3324 MB
[runlim] sample:		1358.03 time, 1360.01 real, 3325 MB
[runlim] sample:		1368.03 time, 1370.01 real, 3325 MB
[runlim] sample:		1378.03 time, 1380.01 real, 3326 MB
[runlim] sample:		1388.03 time, 1390.01 real, 3327 MB
[runlim] sample:		1398.03 time, 1400.01 real, 3328 MB
[runlim] sample:		1408.03 time, 1410.01 real, 3584 MB
[runlim] sample:		1418.03 time, 1420.01 real, 3457 MB
[runlim] sample:		1428.03 time, 1430.01 real, 3524 MB
[runlim] sample:		1438.03 time, 1440.01 real, 3524 MB
[runlim] sample:		1448.03 time, 1450.01 real, 3552 MB
[runlim] sample:		1458.03 time, 1460.01 real, 3552 MB
[runlim] sample:		1468.03 time, 1470.01 real, 3584 MB
[runlim] sample:		1478.03 time, 1480.01 real, 3584 MB
[runlim] sample:		1488.03 time, 1490.01 real, 3584 MB
[runlim] sample:		1498.03 time, 1500.01 real, 3584 MB
[runlim] sample:		1508.03 time, 1510.01 real, 3584 MB
[runlim] sample:		1518.03 time, 1520.01 real, 3584 MB
[runlim] sample:		1528.03 time, 1530.01 real, 3584 MB
[runlim] sample:		1538.03 time, 1540.01 real, 3616 MB
[runlim] sample:		1548.03 time, 1550.01 real, 3616 MB
[runlim] sample:		1558.03 time, 1560.01 real, 3616 MB
[runlim] sample:		1568.03 time, 1570.01 real, 3632 MB
[runlim] sample:		1578.03 time, 1580.01 real, 3632 MB
[runlim] sample:		1588.03 time, 1590.01 real, 3632 MB
[runlim] sample:		1598.03 time, 1600.01 real, 3632 MB
[runlim] sample:		1608.03 time, 1610.01 real, 3632 MB
[runlim] sample:		1618.03 time, 1620.01 real, 3700 MB
[runlim] sample:		1628.03 time, 1630.01 real, 3700 MB
[runlim] sample:		1638.03 time, 1640.01 real, 3700 MB
[runlim] sample:		1648.03 time, 1650.01 real, 3700 MB
[runlim] sample:		1658.03 time, 1660.01 real, 3700 MB
[runlim] sample:		1668.03 time, 1670.01 real, 3700 MB
[runlim] sample:		1678.03 time, 1680.01 real, 3701 MB
[runlim] sample:		1688.03 time, 1690.01 real, 3701 MB
[runlim] sample:		1698.03 time, 1700.01 real, 3701 MB
[runlim] sample:		1708.03 time, 1710.01 real, 3701 MB
[runlim] sample:		1718.03 time, 1720.01 real, 3701 MB
[runlim] sample:		1728.03 time, 1730.01 real, 3701 MB
[runlim] sample:		1738.02 time, 1740.01 real, 3701 MB
[runlim] sample:		1748.03 time, 1750.01 real, 3701 MB
[runlim] sample:		1758.03 time, 1760.01 real, 3701 MB
[runlim] sample:		1768.03 time, 1770.01 real, 3701 MB
[runlim] sample:		1778.03 time, 1780.01 real, 3702 MB
[runlim] sample:		1788.02 time, 1790.01 real, 3702 MB
[runlim] sample:		1798.03 time, 1800.01 real, 3702 MB
[runlim] sample:		1808.03 time, 1810.01 real, 3702 MB
[runlim] sample:		1818.03 time, 1820.01 real, 3702 MB
[runlim] sample:		1828.03 time, 1830.01 real, 3766 MB
[runlim] sample:		1838.03 time, 1840.01 real, 3767 MB
[runlim] sample:		1848.03 time, 1850.01 real, 3767 MB
[runlim] sample:		1858.03 time, 1860.01 real, 3767 MB
[runlim] sample:		1868.03 time, 1870.01 real, 3767 MB
[runlim] sample:		1878.03 time, 1880.01 real, 3768 MB
[runlim] sample:		1888.02 time, 1890.01 real, 3768 MB
[runlim] sample:		1898.03 time, 1900.01 real, 3769 MB
[runlim] sample:		1908.03 time, 1910.01 real, 3769 MB
[runlim] sample:		1918.03 time, 1920.01 real, 3770 MB
[runlim] sample:		1928.03 time, 1930.01 real, 3770 MB
[runlim] sample:		1938.03 time, 1940.01 real, 3771 MB
[runlim] sample:		1948.03 time, 1950.01 real, 3771 MB
[runlim] sample:		1958.02 time, 1960.01 real, 3772 MB
[runlim] sample:		1968.02 time, 1970.01 real, 3773 MB
[runlim] sample:		1978.03 time, 1980.01 real, 3773 MB
[runlim] sample:		1988.03 time, 1990.01 real, 3774 MB
[runlim] sample:		1998.03 time, 2000.01 real, 3775 MB
[runlim] sample:		2008.03 time, 2010.01 real, 3775 MB
[runlim] sample:		2018.03 time, 2020.01 real, 3776 MB
[runlim] sample:		2028.03 time, 2030.01 real, 3777 MB
[runlim] sample:		2038.02 time, 2040.01 real, 3777 MB
[runlim] sample:		2048.03 time, 2050.01 real, 3778 MB
[runlim] sample:		2058.02 time, 2060.01 real, 3779 MB
[runlim] sample:		2068.03 time, 2070.01 real, 3795 MB
[runlim] sample:		2078.03 time, 2080.01 real, 4052 MB
[runlim] sample:		2088.03 time, 2090.01 real, 4052 MB
[runlim] sample:		2098.02 time, 2100.01 real, 3928 MB
[runlim] sample:		2108.03 time, 2110.01 real, 3990 MB
[runlim] sample:		2118.02 time, 2120.01 real, 3579 MB
[runlim] sample:		2128.03 time, 2130.01 real, 3926 MB
[runlim] sample:		2138.02 time, 2140.01 real, 3895 MB
[runlim] sample:		2148.03 time, 2150.01 real, 3815 MB
[runlim] sample:		2158.02 time, 2160.01 real, 3895 MB
[runlim] sample:		2168.03 time, 2170.01 real, 3975 MB
[runlim] sample:		2178.03 time, 2180.01 real, 3896 MB
[runlim] sample:		2188.02 time, 2190.01 real, 3976 MB
[runlim] sample:		2198.03 time, 2200.01 real, 3896 MB
[runlim] sample:		2208.03 time, 2210.01 real, 3976 MB
[runlim] sample:		2218.02 time, 2220.01 real, 3896 MB
[runlim] sample:		2228.03 time, 2230.01 real, 3976 MB
[runlim] sample:		2238.02 time, 2240.01 real, 3856 MB
[runlim] sample:		2248.02 time, 2250.01 real, 3976 MB
[runlim] sample:		2258.02 time, 2260.01 real, 3856 MB
[runlim] sample:		2268.03 time, 2270.01 real, 4056 MB
[runlim] sample:		2278.02 time, 2280.01 real, 3856 MB
[runlim] sample:		2288.02 time, 2290.01 real, 3896 MB
[runlim] sample:		2298.02 time, 2300.01 real, 3816 MB
[runlim] sample:		2308.03 time, 2310.01 real, 3896 MB
[runlim] sample:		2318.02 time, 2320.01 real, 3816 MB
[runlim] sample:		2328.02 time, 2330.01 real, 3896 MB
[runlim] sample:		2338.02 time, 2340.01 real, 3976 MB
[runlim] sample:		2348.02 time, 2350.01 real, 3896 MB
[runlim] sample:		2358.02 time, 2360.01 real, 3976 MB
[runlim] sample:		2368.03 time, 2370.01 real, 3856 MB
[runlim] sample:		2378.02 time, 2380.01 real, 3896 MB
[runlim] sample:		2388.03 time, 2390.01 real, 3856 MB
[runlim] sample:		2398.03 time, 2400.01 real, 3896 MB
[runlim] sample:		2408.03 time, 2410.01 real, 3816 MB
[runlim] sample:		2418.02 time, 2420.01 real, 3896 MB
[runlim] sample:		2428.02 time, 2430.01 real, 3976 MB
[runlim] sample:		2438.03 time, 2440.01 real, 3856 MB
[runlim] sample:		2448.03 time, 2450.01 real, 3976 MB
[runlim] sample:		2458.02 time, 2460.01 real, 3856 MB
[runlim] sample:		2468.02 time, 2470.01 real, 3896 MB
[runlim] sample:		2478.02 time, 2480.01 real, 3816 MB
[runlim] sample:		2488.03 time, 2490.01 real, 3896 MB
[runlim] sample:		2498.03 time, 2500.01 real, 3976 MB
[runlim] sample:		2508.03 time, 2510.01 real, 3856 MB
[runlim] sample:		2518.03 time, 2520.01 real, 3896 MB
[runlim] sample:		2528.02 time, 2530.01 real, 3816 MB
[runlim] sample:		2538.03 time, 2540.01 real, 3896 MB
[runlim] sample:		2548.03 time, 2550.01 real, 3976 MB
[runlim] sample:		2558.02 time, 2560.01 real, 3896 MB
[runlim] sample:		2568.03 time, 2570.01 real, 3976 MB
[runlim] sample:		2578.03 time, 2580.01 real, 3856 MB
[runlim] sample:		2588.03 time, 2590.01 real, 3896 MB
[runlim] sample:		2598.02 time, 2600.01 real, 3816 MB
[runlim] sample:		2608.03 time, 2610.01 real, 3896 MB
[runlim] sample:		2618.03 time, 2620.01 real, 3976 MB
[runlim] sample:		2628.02 time, 2630.01 real, 3856 MB
[runlim] sample:		2638.03 time, 2640.01 real, 3896 MB
[runlim] sample:		2648.02 time, 2650.01 real, 3816 MB
[runlim] sample:		2658.02 time, 2660.01 real, 3896 MB
[runlim] sample:		2668.02 time, 2670.01 real, 3976 MB
[runlim] sample:		2678.03 time, 2680.01 real, 3856 MB
[runlim] sample:		2688.02 time, 2690.01 real, 4056 MB
[runlim] sample:		2698.02 time, 2700.01 real, 3816 MB
[runlim] sample:		2708.03 time, 2710.01 real, 3896 MB
[runlim] sample:		2718.02 time, 2720.01 real, 3976 MB
[runlim] sample:		2728.03 time, 2730.01 real, 3936 MB
[runlim] sample:		2738.02 time, 2740.01 real, 3976 MB
[runlim] sample:		2748.02 time, 2750.01 real, 3856 MB
[runlim] sample:		2758.02 time, 2760.01 real, 3896 MB
[runlim] sample:		2768.02 time, 2770.01 real, 3976 MB
[runlim] sample:		2778.02 time, 2780.01 real, 3856 MB
[runlim] sample:		2788.02 time, 2790.01 real, 3976 MB
[runlim] sample:		2798.03 time, 2800.01 real, 3856 MB
[runlim] sample:		2808.02 time, 2810.01 real, 3896 MB
[runlim] sample:		2818.02 time, 2820.01 real, 3976 MB
[runlim] sample:		2828.02 time, 2830.01 real, 3856 MB
[runlim] sample:		2838.02 time, 2840.01 real, 3987 MB
[runlim] sample:		2848.03 time, 2850.01 real, 3816 MB
[runlim] sample:		2858.02 time, 2860.01 real, 3896 MB
[runlim] sample:		2868.03 time, 2870.01 real, 3976 MB
[runlim] sample:		2878.03 time, 2880.01 real, 3856 MB
[runlim] sample:		2888.02 time, 2890.01 real, 4056 MB
[runlim] sample:		2898.02 time, 2900.01 real, 3816 MB
[runlim] sample:		2908.02 time, 2910.01 real, 3896 MB
[runlim] sample:		2918.02 time, 2920.01 real, 3976 MB
[runlim] sample:		2928.03 time, 2930.01 real, 3856 MB
[runlim] sample:		2938.03 time, 2940.01 real, 4056 MB
[runlim] sample:		2948.03 time, 2950.01 real, 3816 MB
[runlim] sample:		2958.02 time, 2960.01 real, 3896 MB
[runlim] sample:		2968.02 time, 2970.01 real, 3976 MB
[runlim] sample:		2978.02 time, 2980.01 real, 3856 MB
[runlim] sample:		2988.02 time, 2990.01 real, 3976 MB
[runlim] sample:		2998.03 time, 3000.01 real, 3856 MB
[runlim] sample:		3008.02 time, 3010.01 real, 3896 MB
[runlim] sample:		3018.02 time, 3020.01 real, 3976 MB
[runlim] sample:		3028.03 time, 3030.01 real, 3896 MB
[runlim] sample:		3038.03 time, 3040.01 real, 3976 MB
[runlim] sample:		3048.03 time, 3050.01 real, 3856 MB
[runlim] sample:		3058.03 time, 3060.01 real, 3896 MB
[runlim] sample:		3068.03 time, 3070.01 real, 3976 MB
[runlim] sample:		3078.02 time, 3080.01 real, 3936 MB
[runlim] sample:		3088.02 time, 3090.01 real, 3976 MB
[runlim] sample:		3098.02 time, 3100.01 real, 3816 MB
[runlim] sample:		3108.02 time, 3110.01 real, 3896 MB
[runlim] sample:		3118.02 time, 3120.01 real, 3976 MB
[runlim] sample:		3128.03 time, 3130.01 real, 3856 MB
[runlim] sample:		3138.03 time, 3140.01 real, 4056 MB
[runlim] sample:		3148.02 time, 3150.01 real, 3816 MB
[runlim] sample:		3158.03 time, 3160.01 real, 3896 MB
[runlim] sample:		3168.03 time, 3170.01 real, 3976 MB
[runlim] sample:		3178.02 time, 3180.01 real, 3856 MB
[runlim] sample:		3188.03 time, 3190.01 real, 3896 MB
[runlim] sample:		3198.02 time, 3200.01 real, 3816 MB
[runlim] sample:		3208.02 time, 3210.01 real, 3896 MB
[runlim] sample:		3218.02 time, 3220.01 real, 3976 MB
[runlim] sample:		3228.02 time, 3230.01 real, 3856 MB
[runlim] sample:		3238.03 time, 3240.01 real, 3896 MB
[runlim] sample:		3248.03 time, 3250.01 real, 3816 MB
[runlim] sample:		3258.02 time, 3260.01 real, 3896 MB
[runlim] sample:		3268.03 time, 3270.01 real, 3976 MB
[runlim] sample:		3278.03 time, 3280.01 real, 3856 MB
[runlim] sample:		3288.02 time, 3290.01 real, 3935 MB
[runlim] sample:		3298.03 time, 3300.01 real, 3816 MB
[runlim] sample:		3308.02 time, 3310.01 real, 3896 MB
[runlim] sample:		3318.02 time, 3320.01 real, 3976 MB
[runlim] sample:		3328.02 time, 3330.01 real, 3856 MB
[runlim] sample:		3338.02 time, 3340.01 real, 3896 MB
[runlim] sample:		3348.02 time, 3350.01 real, 3816 MB
[runlim] sample:		3358.02 time, 3360.01 real, 3896 MB
[runlim] sample:		3368.03 time, 3370.01 real, 3976 MB
[runlim] sample:		3378.02 time, 3380.01 real, 3856 MB
[runlim] sample:		3388.03 time, 3390.01 real, 3896 MB
[runlim] sample:		3398.03 time, 3400.01 real, 3816 MB
[runlim] sample:		3408.02 time, 3410.01 real, 3896 MB
[runlim] sample:		3418.02 time, 3420.01 real, 3976 MB
[runlim] sample:		3428.02 time, 3430.01 real, 3856 MB
[runlim] sample:		3438.02 time, 3440.01 real, 3896 MB
[runlim] sample:		3448.03 time, 3450.01 real, 3816 MB
[runlim] sample:		3458.03 time, 3460.01 real, 3896 MB
[runlim] sample:		3468.02 time, 3470.01 real, 3976 MB
[runlim] sample:		3478.03 time, 3480.01 real, 3856 MB
[runlim] sample:		3488.03 time, 3490.01 real, 3896 MB
[runlim] sample:		3498.02 time, 3500.01 real, 3816 MB
[runlim] sample:		3508.02 time, 3510.01 real, 3896 MB
[runlim] sample:		3518.03 time, 3520.01 real, 3976 MB
[runlim] sample:		3528.03 time, 3530.01 real, 3856 MB
[runlim] sample:		3538.02 time, 3540.01 real, 3896 MB
[runlim] sample:		3548.03 time, 3550.01 real, 3816 MB
[runlim] sample:		3558.03 time, 3560.01 real, 3896 MB
[runlim] sample:		3568.02 time, 3570.01 real, 3976 MB
[runlim] sample:		3578.02 time, 3580.01 real, 3856 MB
[runlim] sample:		3588.02 time, 3590.01 real, 3896 MB
[runlim] sample:		3598.02 time, 3600.01 real, 3816 MB
[runlim] sample:		3608.02 time, 3610.01 real, 3896 MB
[runlim] sample:		3618.02 time, 3620.01 real, 3976 MB
[runlim] sample:		3628.02 time, 3630.01 real, 3856 MB
[runlim] sample:		3638.02 time, 3640.01 real, 3896 MB
[runlim] sample:		3648.03 time, 3650.01 real, 3816 MB
[runlim] sample:		3658.02 time, 3660.01 real, 3896 MB
[runlim] sample:		3668.03 time, 3670.01 real, 3976 MB
[runlim] sample:		3678.02 time, 3680.01 real, 3856 MB
[runlim] sample:		3688.02 time, 3690.01 real, 3896 MB
[runlim] sample:		3698.03 time, 3700.01 real, 3816 MB
[runlim] sample:		3708.02 time, 3710.01 real, 3896 MB
[runlim] sample:		3718.02 time, 3720.01 real, 3976 MB
[runlim] sample:		3728.02 time, 3730.01 real, 3856 MB
[runlim] sample:		3738.02 time, 3740.01 real, 3896 MB
[runlim] sample:		3748.02 time, 3750.01 real, 3816 MB
[runlim] sample:		3758.02 time, 3760.01 real, 3896 MB
[runlim] sample:		3768.02 time, 3770.01 real, 3976 MB
[runlim] sample:		3778.02 time, 3780.01 real, 3856 MB
[runlim] sample:		3788.02 time, 3790.01 real, 3896 MB
[runlim] sample:		3798.02 time, 3800.01 real, 3816 MB
[runlim] sample:		3808.02 time, 3810.01 real, 3896 MB
[runlim] sample:		3818.02 time, 3820.01 real, 3976 MB
[runlim] sample:		3828.02 time, 3830.01 real, 3856 MB
[runlim] sample:		3838.03 time, 3840.01 real, 3896 MB
[runlim] sample:		3848.02 time, 3850.01 real, 3976 MB
[runlim] sample:		3858.03 time, 3860.01 real, 3896 MB
[runlim] sample:		3868.02 time, 3870.01 real, 4056 MB
[runlim] sample:		3878.02 time, 3880.01 real, 3816 MB
[runlim] sample:		3888.02 time, 3890.01 real, 3896 MB
[runlim] sample:		3898.02 time, 3900.01 real, 3976 MB
[runlim] sample:		3908.02 time, 3910.01 real, 3856 MB
[runlim] sample:		3918.03 time, 3920.01 real, 3896 MB
[runlim] sample:		3928.03 time, 3930.01 real, 3816 MB
[runlim] sample:		3938.02 time, 3940.01 real, 3896 MB
[runlim] sample:		3948.03 time, 3950.01 real, 3976 MB
[runlim] sample:		3958.02 time, 3960.01 real, 3856 MB
[runlim] sample:		3968.03 time, 3970.01 real, 3896 MB
[runlim] sample:		3978.02 time, 3980.01 real, 3816 MB
[runlim] sample:		3988.02 time, 3990.01 real, 3896 MB
[runlim] sample:		3998.03 time, 4000.01 real, 3976 MB
[runlim] sample:		4008.02 time, 4010.01 real, 3856 MB
[runlim] sample:		4018.02 time, 4020.01 real, 3896 MB
[runlim] sample:		4028.02 time, 4030.01 real, 3816 MB
[runlim] sample:		4038.03 time, 4040.01 real, 3896 MB
[runlim] sample:		4048.02 time, 4050.01 real, 3976 MB
[runlim] sample:		4058.02 time, 4060.01 real, 3856 MB
[runlim] sample:		4068.02 time, 4070.01 real, 3896 MB
[runlim] sample:		4078.02 time, 4080.01 real, 3816 MB
[runlim] sample:		4088.02 time, 4090.01 real, 3896 MB
[runlim] sample:		4098.03 time, 4100.01 real, 3976 MB
[runlim] sample:		4108.02 time, 4110.01 real, 3856 MB
[runlim] sample:		4118.02 time, 4120.01 real, 3896 MB
[runlim] sample:		4128.02 time, 4130.01 real, 3816 MB
[runlim] sample:		4138.02 time, 4140.01 real, 3896 MB
[runlim] sample:		4148.03 time, 4150.01 real, 3976 MB
[runlim] sample:		4158.02 time, 4160.01 real, 3856 MB
[runlim] sample:		4168.02 time, 4170.01 real, 3896 MB
[runlim] sample:		4178.02 time, 4180.01 real, 3816 MB
[runlim] sample:		4188.02 time, 4190.01 real, 3896 MB
[runlim] sample:		4198.02 time, 4200.01 real, 3976 MB
[runlim] sample:		4208.02 time, 4210.01 real, 3856 MB
[runlim] sample:		4218.02 time, 4220.01 real, 3896 MB
[runlim] sample:		4228.02 time, 4230.01 real, 3816 MB
[runlim] sample:		4238.02 time, 4240.01 real, 3896 MB
[runlim] sample:		4248.02 time, 4250.01 real, 3976 MB
[runlim] sample:		4258.02 time, 4260.01 real, 3856 MB
[runlim] sample:		4268.02 time, 4270.01 real, 3896 MB
[runlim] sample:		4278.02 time, 4280.01 real, 3976 MB
[runlim] sample:		4288.02 time, 4290.01 real, 3896 MB
[runlim] sample:		4298.02 time, 4300.01 real, 3976 MB
[runlim] sample:		4308.02 time, 4310.01 real, 3856 MB
[runlim] sample:		4318.02 time, 4320.01 real, 3896 MB
[runlim] sample:		4328.02 time, 4330.01 real, 3976 MB
[runlim] sample:		4338.02 time, 4340.01 real, 3912 MB
[runlim] sample:		4348.02 time, 4350.01 real, 4056 MB
[runlim] sample:		4358.02 time, 4360.01 real, 3816 MB
[runlim] sample:		4368.02 time, 4370.01 real, 3896 MB
[runlim] sample:		4378.02 time, 4380.01 real, 3976 MB
[runlim] sample:		4388.02 time, 4390.01 real, 3856 MB
[runlim] sample:		4398.02 time, 4400.01 real, 3896 MB
[runlim] sample:		4408.02 time, 4410.01 real, 3816 MB
[runlim] sample:		4418.02 time, 4420.01 real, 3896 MB
[runlim] sample:		4428.02 time, 4430.01 real, 3976 MB
[runlim] sample:		4438.02 time, 4440.01 real, 3856 MB
[runlim] sample:		4448.02 time, 4450.01 real, 3896 MB
[runlim] sample:		4458.02 time, 4460.01 real, 3816 MB
[runlim] sample:		4468.02 time, 4470.01 real, 3896 MB
[runlim] sample:		4478.02 time, 4480.01 real, 3976 MB
[runlim] sample:		4488.02 time, 4490.01 real, 3856 MB
[runlim] sample:		4498.02 time, 4500.01 real, 3896 MB
[runlim] sample:		4508.02 time, 4510.01 real, 3816 MB
[runlim] sample:		4518.02 time, 4520.01 real, 3896 MB
[runlim] sample:		4528.02 time, 4530.01 real, 3976 MB
[runlim] sample:		4538.02 time, 4540.01 real, 3856 MB
[runlim] sample:		4548.02 time, 4550.01 real, 3896 MB
[runlim] sample:		4558.02 time, 4560.01 real, 3976 MB
[runlim] sample:		4568.02 time, 4570.01 real, 3896 MB
[runlim] sample:		4578.02 time, 4580.01 real, 3976 MB
[runlim] sample:		4588.02 time, 4590.01 real, 3856 MB
[runlim] sample:		4598.02 time, 4600.01 real, 3896 MB
[runlim] sample:		4608.02 time, 4610.01 real, 3816 MB
[runlim] sample:		4618.02 time, 4620.01 real, 3896 MB
[runlim] sample:		4628.02 time, 4630.01 real, 3976 MB
[runlim] sample:		4638.02 time, 4640.01 real, 3856 MB
[runlim] sample:		4648.02 time, 4650.01 real, 3897 MB
[runlim] sample:		4658.02 time, 4660.01 real, 3817 MB
[runlim] sample:		4668.02 time, 4670.01 real, 3897 MB
[runlim] sample:		4678.02 time, 4680.01 real, 3977 MB
[runlim] sample:		4688.02 time, 4690.01 real, 3856 MB
[runlim] sample:		4698.02 time, 4700.01 real, 3897 MB
[runlim] sample:		4708.02 time, 4710.01 real, 3817 MB
[runlim] sample:		4718.02 time, 4720.01 real, 3897 MB
[runlim] sample:		4728.02 time, 4730.01 real, 3977 MB
[runlim] sample:		4738.02 time, 4740.01 real, 3856 MB
[runlim] sample:		4748.02 time, 4750.01 real, 3897 MB
[runlim] sample:		4758.02 time, 4760.01 real, 3817 MB
[runlim] sample:		4768.02 time, 4770.01 real, 3897 MB
[runlim] sample:		4778.02 time, 4780.01 real, 3977 MB
[runlim] sample:		4788.02 time, 4790.01 real, 3856 MB
[runlim] sample:		4798.02 time, 4800.01 real, 4056 MB
[runlim] sample:		4808.02 time, 4810.01 real, 3817 MB
[runlim] sample:		4818.02 time, 4820.01 real, 3897 MB
[runlim] sample:		4828.02 time, 4830.01 real, 3977 MB
[runlim] sample:		4838.02 time, 4840.01 real, 3856 MB
[runlim] sample:		4848.02 time, 4850.01 real, 4056 MB
[runlim] sample:		4858.02 time, 4860.01 real, 3817 MB
[runlim] sample:		4868.02 time, 4870.01 real, 3897 MB
[runlim] sample:		4878.02 time, 4880.01 real, 3977 MB
[runlim] sample:		4888.02 time, 4890.01 real, 3857 MB
[runlim] sample:		4898.02 time, 4900.01 real, 4056 MB
[runlim] sample:		4908.02 time, 4910.01 real, 3817 MB
[runlim] sample:		4918.01 time, 4920.01 real, 3897 MB
[runlim] sample:		4928.01 time, 4930.01 real, 3977 MB
[runlim] sample:		4938.02 time, 4940.01 real, 3857 MB
[runlim] sample:		4948.02 time, 4950.01 real, 3897 MB
[runlim] sample:		4958.02 time, 4960.01 real, 3817 MB
[runlim] sample:		4968.02 time, 4970.01 real, 3897 MB
[runlim] sample:		4978.02 time, 4980.01 real, 3977 MB
[runlim] sample:		4988.02 time, 4990.01 real, 3857 MB
[runlim] sample:		4998.02 time, 5000.01 real, 3897 MB
[runlim] sample:		5008.02 time, 5010.01 real, 3817 MB
[runlim] sample:		5018.02 time, 5020.01 real, 3897 MB
[runlim] sample:		5028.02 time, 5030.01 real, 3977 MB
[runlim] sample:		5038.02 time, 5040.01 real, 3857 MB
[runlim] sample:		5048.02 time, 5050.01 real, 3897 MB
[runlim] sample:		5058.02 time, 5060.01 real, 3817 MB
[runlim] sample:		5068.02 time, 5070.01 real, 3897 MB
[runlim] sample:		5078.01 time, 5080.01 real, 3977 MB
[runlim] sample:		5088.02 time, 5090.01 real, 3857 MB
[runlim] sample:		5098.02 time, 5100.01 real, 3897 MB
[runlim] sample:		5108.02 time, 5110.01 real, 3817 MB
[runlim] sample:		5118.02 time, 5120.01 real, 3897 MB
[runlim] sample:		5128.02 time, 5130.01 real, 3977 MB
[runlim] sample:		5138.02 time, 5140.01 real, 3857 MB
[runlim] sample:		5148.02 time, 5150.01 real, 3931 MB
[runlim] sample:		5158.02 time, 5160.01 real, 3817 MB
[runlim] sample:		5168.02 time, 5170.01 real, 3897 MB
[runlim] sample:		5178.02 time, 5180.01 real, 3977 MB
[runlim] sample:		5188.02 time, 5190.01 real, 3857 MB
[runlim] sample:		5198.02 time, 5200.01 real, 3897 MB
[runlim] sample:		5208.02 time, 5210.01 real, 3817 MB
[runlim] sample:		5218.02 time, 5220.01 real, 3897 MB
[runlim] sample:		5228.02 time, 5230.01 real, 3977 MB
[runlim] sample:		5238.02 time, 5240.01 real, 3857 MB
[runlim] sample:		5248.01 time, 5250.01 real, 4014 MB
[runlim] sample:		5258.02 time, 5260.01 real, 3817 MB
[runlim] sample:		5268.02 time, 5270.01 real, 3897 MB
[runlim] sample:		5278.02 time, 5280.01 real, 3977 MB
[runlim] sample:		5288.02 time, 5290.01 real, 3857 MB
[runlim] sample:		5298.01 time, 5300.01 real, 3897 MB
[runlim] sample:		5308.02 time, 5310.01 real, 3817 MB
[runlim] sample:		5318.02 time, 5320.01 real, 3897 MB
[runlim] sample:		5328.02 time, 5330.01 real, 3977 MB
[runlim] sample:		5338.02 time, 5340.01 real, 3857 MB
[runlim] sample:		5348.02 time, 5350.01 real, 3897 MB
[runlim] sample:		5358.02 time, 5360.01 real, 3817 MB
[runlim] sample:		5368.02 time, 5370.01 real, 3897 MB
[runlim] sample:		5378.02 time, 5380.01 real, 3977 MB
[runlim] sample:		5388.02 time, 5390.01 real, 3857 MB
[runlim] sample:		5398.02 time, 5400.01 real, 3897 MB
[runlim] sample:		5408.02 time, 5410.01 real, 3817 MB
[runlim] sample:		5418.02 time, 5420.01 real, 3897 MB
[runlim] sample:		5428.02 time, 5430.01 real, 3977 MB
[runlim] sample:		5438.01 time, 5440.01 real, 3857 MB
[runlim] sample:		5448.01 time, 5450.01 real, 4056 MB
[runlim] sample:		5458.01 time, 5460.01 real, 3817 MB
[runlim] sample:		5468.02 time, 5470.01 real, 3897 MB
[runlim] sample:		5478.01 time, 5480.01 real, 3977 MB
[runlim] sample:		5488.01 time, 5490.01 real, 3937 MB
[runlim] sample:		5498.02 time, 5500.01 real, 3977 MB
[runlim] sample:		5508.02 time, 5510.01 real, 3857 MB
[runlim] sample:		5518.02 time, 5520.01 real, 3897 MB
[runlim] sample:		5528.01 time, 5530.01 real, 3977 MB
[runlim] sample:		5538.01 time, 5540.01 real, 3897 MB
[runlim] sample:		5548.02 time, 5550.01 real, 3977 MB
[runlim] sample:		5558.02 time, 5560.01 real, 3857 MB
[runlim] sample:		5568.01 time, 5570.01 real, 3897 MB
[runlim] sample:		5578.02 time, 5580.01 real, 3977 MB
[runlim] sample:		5588.01 time, 5590.01 real, 3897 MB
[runlim] sample:		5598.01 time, 5600.01 real, 3977 MB
[runlim] sample:		5608.02 time, 5610.01 real, 3857 MB
[runlim] sample:		5618.02 time, 5620.01 real, 3897 MB
[runlim] sample:		5628.02 time, 5630.01 real, 3977 MB
[runlim] sample:		5638.02 time, 5640.01 real, 3897 MB
[runlim] sample:		5648.01 time, 5650.01 real, 3977 MB
[runlim] sample:		5658.01 time, 5660.01 real, 3857 MB
[runlim] sample:		5668.02 time, 5670.01 real, 3897 MB
[runlim] sample:		5678.01 time, 5680.01 real, 3977 MB
[runlim] sample:		5688.02 time, 5690.01 real, 3897 MB
[runlim] sample:		5698.02 time, 5700.01 real, 3977 MB
[runlim] sample:		5708.02 time, 5710.01 real, 3857 MB
[runlim] sample:		5718.01 time, 5720.01 real, 3897 MB
[runlim] sample:		5728.01 time, 5730.01 real, 3977 MB
[runlim] sample:		5738.02 time, 5740.01 real, 3897 MB
[runlim] sample:		5748.02 time, 5750.01 real, 3977 MB
[runlim] sample:		5758.02 time, 5760.01 real, 3857 MB
[runlim] sample:		5768.01 time, 5770.01 real, 3897 MB
[runlim] sample:		5778.01 time, 5780.01 real, 3817 MB
[runlim] sample:		5788.01 time, 5790.01 real, 3897 MB
[runlim] sample:		5798.02 time, 5800.01 real, 3977 MB
[runlim] sample:		5808.01 time, 5810.01 real, 3857 MB
[runlim] sample:		5818.02 time, 5820.01 real, 3897 MB
[runlim] sample:		5828.01 time, 5830.01 real, 3977 MB
[runlim] sample:		5838.01 time, 5840.01 real, 3897 MB
[runlim] sample:		5848.02 time, 5850.01 real, 3977 MB
[runlim] sample:		5858.01 time, 5860.01 real, 3817 MB
[runlim] sample:		5868.01 time, 5870.01 real, 3897 MB
[runlim] sample:		5878.02 time, 5880.01 real, 3977 MB
[runlim] sample:		5888.02 time, 5890.01 real, 3857 MB
[runlim] sample:		5898.01 time, 5900.01 real, 3897 MB
[runlim] sample:		5908.02 time, 5910.01 real, 3817 MB
[runlim] sample:		5918.01 time, 5920.01 real, 3897 MB
[runlim] sample:		5928.01 time, 5930.01 real, 3977 MB
[runlim] sample:		5938.01 time, 5940.01 real, 3857 MB
[runlim] sample:		5948.01 time, 5950.01 real, 3897 MB
[runlim] sample:		5958.01 time, 5960.01 real, 3977 MB
[runlim] sample:		5968.02 time, 5970.01 real, 3897 MB
[runlim] sample:		5978.02 time, 5980.01 real, 4057 MB
[runlim] sample:		5988.01 time, 5990.01 real, 3817 MB
[runlim] sample:		5998.01 time, 6000.01 real, 3897 MB
[runlim] sample:		6008.02 time, 6010.01 real, 3977 MB
[runlim] sample:		6018.01 time, 6020.01 real, 3857 MB
[runlim] sample:		6028.01 time, 6030.01 real, 3897 MB
[runlim] sample:		6038.02 time, 6040.01 real, 3817 MB
[runlim] sample:		6048.01 time, 6050.01 real, 3897 MB
[runlim] sample:		6058.01 time, 6060.01 real, 3977 MB
[runlim] sample:		6068.02 time, 6070.01 real, 3857 MB
[runlim] sample:		6078.01 time, 6080.01 real, 3897 MB
[runlim] sample:		6088.01 time, 6090.01 real, 3977 MB
[runlim] sample:		6098.02 time, 6100.01 real, 3897 MB
[runlim] sample:		6108.01 time, 6110.01 real, 3977 MB
[runlim] sample:		6118.01 time, 6120.01 real, 3857 MB
[runlim] sample:		6128.01 time, 6130.01 real, 3897 MB
[runlim] sample:		6138.01 time, 6140.01 real, 3977 MB
[runlim] sample:		6148.02 time, 6150.01 real, 3857 MB
[runlim] sample:		6158.02 time, 6160.01 real, 3897 MB
[runlim] sample:		6168.02 time, 6170.01 real, 3817 MB
[runlim] sample:		6178.01 time, 6180.01 real, 3897 MB
[runlim] sample:		6188.01 time, 6190.01 real, 3977 MB
[runlim] sample:		6198.01 time, 6200.01 real, 3857 MB
[runlim] sample:		6208.01 time, 6210.01 real, 3897 MB
[runlim] sample:		6218.02 time, 6220.01 real, 3817 MB
[runlim] sample:		6228.01 time, 6230.01 real, 3897 MB
[runlim] sample:		6238.01 time, 6240.01 real, 3977 MB
[runlim] sample:		6248.02 time, 6250.01 real, 3817 MB
[runlim] sample:		6258.01 time, 6260.01 real, 3897 MB
[runlim] sample:		6268.01 time, 6270.01 real, 3977 MB
[runlim] sample:		6278.01 time, 6280.01 real, 3857 MB
[runlim] sample:		6288.01 time, 6290.01 real, 3897 MB
[runlim] sample:		6298.01 time, 6300.01 real, 3817 MB
[runlim] sample:		6308.02 time, 6310.01 real, 3897 MB
[runlim] sample:		6318.01 time, 6320.01 real, 3977 MB
[runlim] sample:		6328.01 time, 6330.01 real, 3857 MB
[runlim] sample:		6338.01 time, 6340.01 real, 3897 MB
[runlim] sample:		6348.01 time, 6350.01 real, 3817 MB
[runlim] sample:		6358.01 time, 6360.01 real, 3897 MB
[runlim] sample:		6368.01 time, 6370.01 real, 3977 MB
[runlim] sample:		6378.02 time, 6380.01 real, 3857 MB
[runlim] sample:		6388.02 time, 6390.01 real, 3897 MB
[runlim] sample:		6398.01 time, 6400.01 real, 3977 MB
[runlim] sample:		6408.01 time, 6410.01 real, 3897 MB
[runlim] sample:		6418.01 time, 6420.01 real, 3977 MB
[runlim] sample:		6428.01 time, 6430.01 real, 3817 MB
[runlim] sample:		6438.02 time, 6440.01 real, 3897 MB
[runlim] sample:		6448.01 time, 6450.01 real, 3977 MB
[runlim] sample:		6458.01 time, 6460.01 real, 3857 MB
[runlim] sample:		6468.01 time, 6470.01 real, 3897 MB
[runlim] sample:		6478.01 time, 6480.01 real, 3817 MB
[runlim] sample:		6488.01 time, 6490.01 real, 3897 MB
[runlim] sample:		6498.01 time, 6500.01 real, 3977 MB
[runlim] sample:		6508.02 time, 6510.01 real, 3857 MB
[runlim] sample:		6518.01 time, 6520.01 real, 3897 MB
[runlim] sample:		6528.01 time, 6530.01 real, 3817 MB
[runlim] sample:		6538.02 time, 6540.01 real, 3897 MB
[runlim] sample:		6548.01 time, 6550.01 real, 3977 MB
[runlim] sample:		6558.01 time, 6560.01 real, 3857 MB
[runlim] sample:		6568.01 time, 6570.01 real, 3897 MB
[runlim] sample:		6578.01 time, 6580.01 real, 3977 MB
[runlim] sample:		6588.01 time, 6590.01 real, 3897 MB
[runlim] sample:		6598.01 time, 6600.01 real, 3926 MB
[runlim] sample:		6608.01 time, 6610.01 real, 3817 MB
[runlim] sample:		6618.01 time, 6620.01 real, 3897 MB
[runlim] sample:		6628.01 time, 6630.01 real, 3977 MB
[runlim] sample:		6638.01 time, 6640.01 real, 3857 MB
[runlim] sample:		6648.01 time, 6650.01 real, 3897 MB
[runlim] sample:		6658.01 time, 6660.01 real, 3817 MB
[runlim] sample:		6668.02 time, 6670.01 real, 3897 MB
[runlim] sample:		6678.02 time, 6680.01 real, 3977 MB
[runlim] sample:		6688.01 time, 6690.01 real, 3857 MB
[runlim] sample:		6698.01 time, 6700.01 real, 3897 MB
[runlim] sample:		6708.01 time, 6710.01 real, 3977 MB
[runlim] sample:		6718.01 time, 6720.01 real, 3897 MB
[runlim] sample:		6728.01 time, 6730.01 real, 3977 MB
[runlim] sample:		6738.01 time, 6740.01 real, 3817 MB
[runlim] sample:		6748.01 time, 6750.01 real, 3897 MB
[runlim] sample:		6758.01 time, 6760.01 real, 3977 MB
[runlim] sample:		6768.01 time, 6770.01 real, 3857 MB
[runlim] sample:		6778.01 time, 6780.01 real, 3897 MB
[runlim] sample:		6788.02 time, 6790.01 real, 3817 MB
[runlim] sample:		6798.01 time, 6800.01 real, 3897 MB
[runlim] sample:		6808.01 time, 6810.01 real, 3977 MB
[runlim] sample:		6818.01 time, 6820.01 real, 3857 MB
[runlim] sample:		6828.01 time, 6830.01 real, 3897 MB
[runlim] sample:		6838.01 time, 6840.01 real, 3817 MB
[runlim] sample:		6848.01 time, 6850.01 real, 3897 MB
[runlim] sample:		6858.01 time, 6860.01 real, 3977 MB
[runlim] sample:		6868.01 time, 6870.01 real, 3817 MB
[runlim] sample:		6878.01 time, 6880.01 real, 3897 MB
[runlim] sample:		6888.01 time, 6890.01 real, 3977 MB
[runlim] sample:		6898.01 time, 6900.01 real, 3857 MB
[runlim] sample:		6908.01 time, 6910.01 real, 3897 MB
[runlim] sample:		6918.01 time, 6920.01 real, 3817 MB
[runlim] sample:		6928.01 time, 6930.01 real, 3897 MB
[runlim] sample:		6938.01 time, 6940.01 real, 3977 MB
[runlim] sample:		6948.01 time, 6950.01 real, 3857 MB
[runlim] sample:		6958.01 time, 6960.01 real, 3897 MB
[runlim] sample:		6968.01 time, 6970.01 real, 3977 MB
[runlim] sample:		6978.01 time, 6980.01 real, 3897 MB
[runlim] sample:		6988.01 time, 6990.01 real, 3977 MB
[runlim] sample:		6998.01 time, 7000.01 real, 3857 MB
[runlim] sample:		7008.01 time, 7010.01 real, 3897 MB
[runlim] sample:		7018.01 time, 7020.01 real, 3977 MB
[runlim] sample:		7028.01 time, 7030.01 real, 3857 MB
[runlim] sample:		7038.01 time, 7040.01 real, 3897 MB
[runlim] sample:		7048.01 time, 7050.01 real, 3817 MB
[runlim] sample:		7058.01 time, 7060.01 real, 3897 MB
[runlim] sample:		7068.01 time, 7070.01 real, 3977 MB
[runlim] sample:		7078.01 time, 7080.01 real, 3857 MB
[runlim] sample:		7088.01 time, 7090.01 real, 3897 MB
[runlim] sample:		7098.01 time, 7100.01 real, 3817 MB
[runlim] sample:		7108.01 time, 7110.01 real, 3897 MB
[runlim] sample:		7118.01 time, 7120.01 real, 3977 MB
[runlim] sample:		7128.01 time, 7130.01 real, 3857 MB
[runlim] sample:		7138.01 time, 7140.01 real, 3897 MB
[runlim] sample:		7148.01 time, 7150.01 real, 3977 MB
[runlim] sample:		7158.01 time, 7160.01 real, 3897 MB
[runlim] sample:		7168.01 time, 7170.01 real, 4057 MB
[runlim] sample:		7178.01 time, 7180.01 real, 3817 MB
[runlim] sample:		7188.01 time, 7190.01 real, 3897 MB
[runlim] sample:		7198.01 time, 7200.01 real, 3977 MB
[runlim] sample:		7208.01 time, 7210.01 real, 3857 MB
[runlim] sample:		7218.01 time, 7220.01 real, 3897 MB
[runlim] sample:		7228.01 time, 7230.01 real, 3817 MB
[runlim] sample:		7238.01 time, 7240.01 real, 3897 MB
[runlim] sample:		7248.01 time, 7250.01 real, 3977 MB
[runlim] sample:		7258.01 time, 7260.01 real, 3857 MB
[runlim] sample:		7268.01 time, 7270.01 real, 3897 MB
[runlim] sample:		7278.01 time, 7280.01 real, 3977 MB
[runlim] sample:		7288.01 time, 7290.01 real, 3897 MB
[runlim] sample:		7298.01 time, 7300.01 real, 3977 MB
[runlim] sample:		7308.01 time, 7310.01 real, 3857 MB
[runlim] sample:		7318.01 time, 7320.01 real, 3897 MB
[runlim] sample:		7328.01 time, 7330.01 real, 3977 MB
[runlim] sample:		7338.01 time, 7340.01 real, 3897 MB
[runlim] sample:		7348.01 time, 7350.01 real, 4057 MB
[runlim] sample:		7358.01 time, 7360.01 real, 3817 MB
[runlim] sample:		7368.01 time, 7370.01 real, 3897 MB
[runlim] sample:		7378.01 time, 7380.01 real, 3977 MB
[runlim] sample:		7388.01 time, 7390.01 real, 3857 MB
[runlim] sample:		7398.01 time, 7400.01 real, 3897 MB
[runlim] sample:		7408.00 time, 7410.01 real, 3817 MB
[runlim] sample:		7418.01 time, 7420.01 real, 3897 MB
[runlim] sample:		7428.01 time, 7430.01 real, 3977 MB
[runlim] sample:		7438.01 time, 7440.01 real, 3857 MB
[runlim] sample:		7448.01 time, 7450.01 real, 3897 MB
[runlim] sample:		7458.01 time, 7460.01 real, 3817 MB
[runlim] sample:		7468.01 time, 7470.01 real, 3897 MB
[runlim] sample:		7478.01 time, 7480.01 real, 3977 MB
[runlim] sample:		7488.00 time, 7490.01 real, 3857 MB
[runlim] sample:		7498.01 time, 7500.01 real, 3897 MB
[runlim] sample:		7508.01 time, 7510.01 real, 3977 MB
[runlim] sample:		7518.01 time, 7520.01 real, 3897 MB
[runlim] sample:		7528.01 time, 7530.01 real, 3897 MB
[runlim] sample:		7538.01 time, 7540.01 real, 3817 MB
[runlim] sample:		7548.01 time, 7550.01 real, 3897 MB
[runlim] sample:		7558.00 time, 7560.01 real, 3977 MB
[runlim] sample:		7568.01 time, 7570.01 real, 3857 MB
[runlim] sample:		7578.01 time, 7580.01 real, 3897 MB
[runlim] sample:		7588.01 time, 7590.01 real, 3817 MB
[runlim] sample:		7598.01 time, 7600.01 real, 3897 MB
[runlim] sample:		7608.00 time, 7610.01 real, 3977 MB
[runlim] sample:		7618.01 time, 7620.01 real, 3857 MB
[runlim] sample:		7628.01 time, 7630.01 real, 3897 MB
[runlim] sample:		7638.01 time, 7640.01 real, 3977 MB
[runlim] sample:		7648.01 time, 7650.01 real, 3897 MB
[runlim] sample:		7658.01 time, 7660.01 real, 3977 MB
[runlim] sample:		7668.01 time, 7670.01 real, 3857 MB
[runlim] sample:		7678.01 time, 7680.01 real, 3897 MB
[runlim] sample:		7688.01 time, 7690.01 real, 3977 MB
[runlim] sample:		7698.01 time, 7700.01 real, 3857 MB
[runlim] sample:		7708.01 time, 7710.01 real, 3897 MB
[runlim] sample:		7718.01 time, 7720.01 real, 3817 MB
[runlim] sample:		7728.01 time, 7730.01 real, 3897 MB
[runlim] sample:		7738.00 time, 7740.01 real, 3977 MB
[runlim] sample:		7748.00 time, 7750.01 real, 3857 MB
[runlim] sample:		7758.00 time, 7760.01 real, 3897 MB
[runlim] sample:		7768.01 time, 7770.01 real, 3817 MB
[runlim] sample:		7778.01 time, 7780.01 real, 3897 MB
[runlim] sample:		7788.00 time, 7790.01 real, 3977 MB
[runlim] sample:		7798.01 time, 7800.01 real, 3857 MB
[runlim] sample:		7808.01 time, 7810.01 real, 3977 MB
[runlim] sample:		7818.00 time, 7820.01 real, 3857 MB
[runlim] sample:		7828.00 time, 7830.01 real, 3897 MB
[runlim] sample:		7838.01 time, 7840.01 real, 3977 MB
[runlim] sample:		7848.00 time, 7850.01 real, 3897 MB
[runlim] sample:		7858.00 time, 7860.01 real, 3977 MB
[runlim] sample:		7868.01 time, 7870.01 real, 3857 MB
[runlim] sample:		7878.01 time, 7880.01 real, 3897 MB
[runlim] sample:		7888.01 time, 7890.01 real, 3817 MB
[runlim] sample:		7898.00 time, 7900.01 real, 3897 MB
[runlim] sample:		7908.01 time, 7910.01 real, 3977 MB
[runlim] sample:		7918.00 time, 7920.01 real, 3857 MB
[runlim] sample:		7928.01 time, 7930.01 real, 3897 MB
[runlim] sample:		7938.01 time, 7940.01 real, 3817 MB
[runlim] sample:		7948.01 time, 7950.01 real, 3897 MB
[runlim] sample:		7958.01 time, 7960.01 real, 3977 MB
[runlim] sample:		7968.01 time, 7970.01 real, 3857 MB
[runlim] sample:		7978.00 time, 7980.01 real, 3897 MB
[runlim] sample:		7988.01 time, 7990.01 real, 3817 MB
[runlim] sample:		7998.00 time, 8000.01 real, 3897 MB
[runlim] sample:		8008.01 time, 8010.01 real, 3977 MB
[runlim] sample:		8018.01 time, 8020.01 real, 3897 MB
[runlim] sample:		8028.01 time, 8030.01 real, 3977 MB
[runlim] sample:		8038.00 time, 8040.01 real, 3857 MB
[runlim] sample:		8048.01 time, 8050.01 real, 3897 MB
[runlim] sample:		8058.01 time, 8060.01 real, 3817 MB
[runlim] sample:		8068.01 time, 8070.01 real, 3897 MB
[runlim] sample:		8078.01 time, 8080.01 real, 3977 MB
[runlim] sample:		8088.00 time, 8090.01 real, 3857 MB
[runlim] sample:		8098.00 time, 8100.01 real, 3897 MB
[runlim] sample:		8108.01 time, 8110.01 real, 3817 MB
[runlim] sample:		8118.01 time, 8120.01 real, 3897 MB
[runlim] sample:		8128.00 time, 8130.01 real, 3977 MB
[runlim] sample:		8138.01 time, 8140.01 real, 3857 MB
[runlim] sample:		8148.01 time, 8150.01 real, 4057 MB
[runlim] sample:		8158.00 time, 8160.01 real, 3857 MB
[runlim] sample:		8168.01 time, 8170.01 real, 3897 MB
[runlim] sample:		8178.01 time, 8180.01 real, 3977 MB
[runlim] sample:		8188.01 time, 8190.01 real, 3897 MB
[runlim] sample:		8198.00 time, 8200.01 real, 3977 MB
[runlim] sample:		8208.01 time, 8210.01 real, 3857 MB
[runlim] sample:		8218.01 time, 8220.01 real, 3897 MB
[runlim] sample:		8228.00 time, 8230.01 real, 3977 MB
[runlim] sample:		8238.00 time, 8240.01 real, 3897 MB
[runlim] sample:		8248.00 time, 8250.01 real, 3977 MB
[runlim] sample:		8258.00 time, 8260.01 real, 3857 MB
[runlim] sample:		8268.00 time, 8270.01 real, 3897 MB
[runlim] sample:		8278.00 time, 8280.01 real, 3817 MB
[runlim] sample:		8288.01 time, 8290.01 real, 3897 MB
[runlim] sample:		8298.00 time, 8300.01 real, 3977 MB
[runlim] sample:		8308.01 time, 8310.01 real, 3857 MB
[runlim] sample:		8318.00 time, 8320.01 real, 3897 MB
[runlim] sample:		8328.00 time, 8330.01 real, 3817 MB
[runlim] sample:		8338.01 time, 8340.01 real, 3897 MB
[runlim] sample:		8348.01 time, 8350.01 real, 3977 MB
[runlim] sample:		8358.01 time, 8360.01 real, 3857 MB
[runlim] sample:		8368.01 time, 8370.01 real, 3897 MB
[runlim] sample:		8378.00 time, 8380.01 real, 3817 MB
[runlim] sample:		8388.00 time, 8390.01 real, 3897 MB
[runlim] sample:		8398.01 time, 8400.01 real, 3977 MB
[runlim] sample:		8408.00 time, 8410.01 real, 3897 MB
[runlim] sample:		8418.00 time, 8420.01 real, 3977 MB
[runlim] sample:		8428.00 time, 8430.01 real, 3857 MB
[runlim] sample:		8438.00 time, 8440.01 real, 3897 MB
[runlim] sample:		8448.01 time, 8450.01 real, 3977 MB
[runlim] sample:		8458.00 time, 8460.01 real, 3897 MB
[runlim] sample:		8468.01 time, 8470.01 real, 3977 MB
[runlim] sample:		8478.01 time, 8480.01 real, 3857 MB
[runlim] sample:		8488.00 time, 8490.01 real, 3897 MB
[runlim] sample:		8498.00 time, 8500.01 real, 3817 MB
[runlim] sample:		8508.01 time, 8510.01 real, 3897 MB
[runlim] sample:		8518.00 time, 8520.01 real, 3977 MB
[runlim] sample:		8528.01 time, 8530.01 real, 3857 MB
[runlim] sample:		8538.01 time, 8540.01 real, 3897 MB
[runlim] sample:		8548.00 time, 8550.01 real, 3817 MB
[runlim] sample:		8558.01 time, 8560.01 real, 3897 MB
[runlim] sample:		8568.00 time, 8570.01 real, 3977 MB
[runlim] sample:		8578.00 time, 8580.01 real, 3857 MB
[runlim] sample:		8588.00 time, 8590.01 real, 3897 MB
[runlim] sample:		8598.01 time, 8600.01 real, 3817 MB
[runlim] sample:		8608.00 time, 8610.01 real, 3897 MB
[runlim] sample:		8618.01 time, 8620.01 real, 3977 MB
[runlim] sample:		8628.00 time, 8630.01 real, 3857 MB
[runlim] sample:		8638.00 time, 8640.01 real, 3897 MB
[runlim] sample:		8648.00 time, 8650.01 real, 3817 MB
[runlim] sample:		8658.00 time, 8660.01 real, 3897 MB
[runlim] sample:		8668.00 time, 8670.01 real, 3977 MB
[runlim] sample:		8678.00 time, 8680.01 real, 3857 MB
[runlim] sample:		8688.00 time, 8690.01 real, 3897 MB
[runlim] sample:		8698.00 time, 8700.01 real, 3817 MB
[runlim] sample:		8708.00 time, 8710.01 real, 3897 MB
[runlim] sample:		8718.00 time, 8720.01 real, 3977 MB
[runlim] sample:		8728.00 time, 8730.01 real, 3857 MB
[runlim] sample:		8738.00 time, 8740.01 real, 3897 MB
[runlim] sample:		8748.00 time, 8750.01 real, 3817 MB
[runlim] sample:		8758.01 time, 8760.01 real, 3897 MB
[runlim] sample:		8768.00 time, 8770.01 real, 3977 MB
[runlim] sample:		8778.00 time, 8780.01 real, 3857 MB
[runlim] sample:		8788.00 time, 8790.01 real, 3897 MB
[runlim] sample:		8798.00 time, 8800.01 real, 3817 MB
[runlim] sample:		8808.00 time, 8810.01 real, 3897 MB
[runlim] sample:		8818.00 time, 8820.01 real, 3977 MB
[runlim] sample:		8828.01 time, 8830.01 real, 3937 MB
[runlim] sample:		8838.00 time, 8840.01 real, 3977 MB
[runlim] sample:		8848.01 time, 8850.01 real, 3857 MB
[runlim] sample:		8858.00 time, 8860.01 real, 3897 MB
[runlim] sample:		8868.00 time, 8870.01 real, 3977 MB
[runlim] sample:		8878.00 time, 8880.01 real, 3897 MB
[runlim] sample:		8888.00 time, 8890.01 real, 3977 MB
[runlim] sample:		8898.00 time, 8900.01 real, 3857 MB
[runlim] sample:		8908.00 time, 8910.01 real, 3897 MB
[runlim] sample:		8918.00 time, 8920.01 real, 3817 MB
[runlim] sample:		8928.00 time, 8930.01 real, 3897 MB
[runlim] sample:		8938.00 time, 8940.01 real, 3977 MB
[runlim] sample:		8948.00 time, 8950.01 real, 3857 MB
[runlim] sample:		8958.01 time, 8960.01 real, 3897 MB
[runlim] sample:		8968.00 time, 8970.01 real, 3817 MB
[runlim] sample:		8978.00 time, 8980.01 real, 3897 MB
[runlim] sample:		8988.00 time, 8990.01 real, 3977 MB
[runlim] sample:		8998.00 time, 9000.01 real, 3857 MB
[runlim] sample:		9008.00 time, 9010.01 real, 3897 MB
[runlim] sample:		9018.00 time, 9020.01 real, 3817 MB
[runlim] sample:		9028.00 time, 9030.01 real, 3897 MB
[runlim] sample:		9038.01 time, 9040.01 real, 3977 MB
[runlim] sample:		9048.00 time, 9050.01 real, 3897 MB
[runlim] sample:		9058.01 time, 9060.01 real, 3977 MB
[runlim] sample:		9068.00 time, 9070.01 real, 3857 MB
[runlim] sample:		9078.00 time, 9080.01 real, 3897 MB
[runlim] sample:		9088.00 time, 9090.01 real, 3977 MB
[runlim] sample:		9098.00 time, 9100.01 real, 3897 MB
[runlim] sample:		9108.00 time, 9110.01 real, 3977 MB
[runlim] sample:		9118.00 time, 9120.01 real, 3857 MB
[runlim] sample:		9128.00 time, 9130.01 real, 3897 MB
[runlim] sample:		9138.00 time, 9140.01 real, 3817 MB
[runlim] sample:		9148.00 time, 9150.01 real, 3897 MB
[runlim] sample:		9158.00 time, 9160.01 real, 3977 MB
[runlim] sample:		9168.00 time, 9170.01 real, 3857 MB
[runlim] sample:		9178.00 time, 9180.01 real, 3897 MB
[runlim] sample:		9188.00 time, 9190.01 real, 3817 MB
[runlim] sample:		9198.00 time, 9200.01 real, 3897 MB
[runlim] sample:		9208.00 time, 9210.01 real, 3977 MB
[runlim] sample:		9218.00 time, 9220.01 real, 3857 MB
[runlim] sample:		9228.00 time, 9230.01 real, 4057 MB
[runlim] sample:		9238.00 time, 9240.01 real, 3857 MB
[runlim] sample:		9248.00 time, 9250.01 real, 3897 MB
[runlim] sample:		9258.00 time, 9260.01 real, 3977 MB
[runlim] sample:		9268.00 time, 9270.01 real, 3897 MB
[runlim] sample:		9278.00 time, 9280.01 real, 3977 MB
[runlim] sample:		9288.00 time, 9290.01 real, 3857 MB
[runlim] sample:		9298.00 time, 9300.01 real, 3897 MB
[runlim] sample:		9308.00 time, 9310.01 real, 3817 MB
[runlim] sample:		9318.00 time, 9320.01 real, 3897 MB
[runlim] sample:		9328.00 time, 9330.01 real, 3977 MB
[runlim] sample:		9338.00 time, 9340.01 real, 3857 MB
[runlim] sample:		9348.00 time, 9350.01 real, 3897 MB
[runlim] sample:		9358.00 time, 9360.01 real, 3817 MB
[runlim] sample:		9368.00 time, 9370.01 real, 3897 MB
[runlim] sample:		9378.00 time, 9380.01 real, 3977 MB
[runlim] sample:		9388.00 time, 9390.01 real, 3937 MB
[runlim] sample:		9398.00 time, 9400.01 real, 4046 MB
[runlim] sample:		9408.00 time, 9410.01 real, 3857 MB
[runlim] sample:		9418.00 time, 9420.01 real, 3897 MB
[runlim] sample:		9428.00 time, 9430.01 real, 3977 MB
[runlim] sample:		9438.00 time, 9440.01 real, 3897 MB
[runlim] sample:		9448.00 time, 9450.01 real, 3977 MB
[runlim] sample:		9458.00 time, 9460.01 real, 3857 MB
[runlim] sample:		9468.00 time, 9470.01 real, 3897 MB
[runlim] sample:		9478.00 time, 9480.01 real, 3817 MB
[runlim] sample:		9488.00 time, 9490.01 real, 3897 MB
[runlim] sample:		9498.00 time, 9500.01 real, 3977 MB
[runlim] sample:		9508.00 time, 9510.01 real, 3857 MB
[runlim] sample:		9518.00 time, 9520.01 real, 3897 MB
[runlim] sample:		9528.00 time, 9530.01 real, 3817 MB
[runlim] sample:		9538.00 time, 9540.01 real, 3897 MB
[runlim] sample:		9548.00 time, 9550.01 real, 3977 MB
[runlim] sample:		9558.00 time, 9560.01 real, 3897 MB
[runlim] sample:		9567.99 time, 9570.01 real, 3977 MB
[runlim] sample:		9578.00 time, 9580.01 real, 3857 MB
[runlim] sample:		9588.00 time, 9590.01 real, 3897 MB
[runlim] sample:		9598.00 time, 9600.01 real, 3977 MB
[runlim] sample:		9608.00 time, 9610.01 real, 3897 MB
[runlim] sample:		9617.99 time, 9620.01 real, 3977 MB
[runlim] sample:		9628.00 time, 9630.01 real, 3857 MB
[runlim] sample:		9638.00 time, 9640.01 real, 3897 MB
[runlim] sample:		9648.00 time, 9650.01 real, 3817 MB
[runlim] sample:		9658.00 time, 9660.01 real, 3897 MB
[runlim] sample:		9668.00 time, 9670.01 real, 3977 MB
[runlim] sample:		9677.99 time, 9680.01 real, 3857 MB
[runlim] sample:		9688.00 time, 9690.01 real, 3897 MB
[runlim] sample:		9697.99 time, 9700.01 real, 3817 MB
[runlim] sample:		9707.99 time, 9710.01 real, 3897 MB
[runlim] sample:		9717.99 time, 9720.01 real, 3977 MB
[runlim] sample:		9728.00 time, 9730.01 real, 3897 MB
[runlim] sample:		9738.00 time, 9740.01 real, 4057 MB
[runlim] sample:		9747.99 time, 9750.01 real, 3857 MB
[runlim] sample:		9758.00 time, 9760.01 real, 3897 MB
[runlim] sample:		9768.00 time, 9770.01 real, 3817 MB
[runlim] sample:		9778.00 time, 9780.01 real, 3897 MB
[runlim] sample:		9788.00 time, 9790.01 real, 3977 MB
[runlim] sample:		9798.00 time, 9800.01 real, 3857 MB
[runlim] sample:		9808.00 time, 9810.01 real, 3897 MB
[runlim] sample:		9818.00 time, 9820.01 real, 3817 MB
[runlim] sample:		9828.00 time, 9830.01 real, 3897 MB
[runlim] sample:		9838.00 time, 9840.01 real, 3977 MB
[runlim] sample:		9848.00 time, 9850.01 real, 3857 MB
[runlim] sample:		9857.99 time, 9860.01 real, 3897 MB
[runlim] sample:		9868.00 time, 9870.01 real, 3857 MB
[runlim] sample:		9878.00 time, 9880.01 real, 3897 MB
[runlim] sample:		9888.00 time, 9890.01 real, 3977 MB
[runlim] sample:		9898.00 time, 9900.01 real, 3897 MB
[runlim] sample:		9908.00 time, 9910.01 real, 3977 MB
[runlim] sample:		9918.00 time, 9920.01 real, 3857 MB
[runlim] sample:		9927.99 time, 9930.01 real, 3897 MB
[runlim] sample:		9937.99 time, 9940.01 real, 3817 MB
[runlim] sample:		9948.00 time, 9950.01 real, 3897 MB
[runlim] sample:		9958.00 time, 9960.01 real, 3977 MB
[runlim] sample:		9968.00 time, 9970.01 real, 3897 MB
[runlim] sample:		9977.99 time, 9980.01 real, 3977 MB
[runlim] sample:		9987.99 time, 9990.01 real, 3857 MB
[runlim] sample:		9998.00 time, 10000.01 real, 3897 MB
[runlim] sample:		10008.00 time, 10010.01 real, 3817 MB
[runlim] sample:		10018.00 time, 10020.01 real, 3897 MB
[runlim] sample:		10027.99 time, 10030.01 real, 3977 MB
[runlim] sample:		10038.00 time, 10040.01 real, 3857 MB
[runlim] sample:		10047.99 time, 10050.01 real, 3897 MB
[runlim] sample:		10058.00 time, 10060.01 real, 3817 MB
[runlim] sample:		10068.00 time, 10070.01 real, 3897 MB
[runlim] sample:		10078.00 time, 10080.01 real, 3977 MB
[runlim] sample:		10087.99 time, 10090.01 real, 3897 MB
[runlim] sample:		10097.99 time, 10100.01 real, 3977 MB
[runlim] sample:		10107.99 time, 10110.01 real, 3857 MB
[runlim] sample:		10118.00 time, 10120.01 real, 3897 MB
[runlim] sample:		10127.99 time, 10130.01 real, 3977 MB
[runlim] sample:		10137.99 time, 10140.01 real, 3897 MB
[runlim] sample:		10148.00 time, 10150.01 real, 3977 MB
[runlim] sample:		10158.00 time, 10160.01 real, 3857 MB
[runlim] sample:		10167.99 time, 10170.01 real, 3897 MB
[runlim] sample:		10177.99 time, 10180.01 real, 3817 MB
[runlim] sample:		10187.99 time, 10190.01 real, 3897 MB
[runlim] sample:		10197.99 time, 10200.01 real, 3977 MB
[runlim] sample:		10208.00 time, 10210.01 real, 3857 MB
[runlim] sample:		10217.99 time, 10220.01 real, 3897 MB
[runlim] sample:		10228.00 time, 10230.01 real, 3857 MB
[runlim] sample:		10238.00 time, 10240.01 real, 3897 MB
[runlim] sample:		10247.99 time, 10250.01 real, 3817 MB
[runlim] sample:		10258.00 time, 10260.01 real, 3897 MB
[runlim] sample:		10267.99 time, 10270.01 real, 3977 MB
[runlim] sample:		10278.00 time, 10280.01 real, 3857 MB
[runlim] sample:		10287.99 time, 10290.01 real, 3897 MB
[runlim] sample:		10298.00 time, 10300.01 real, 3857 MB
[runlim] sample:		10307.99 time, 10310.01 real, 3897 MB
[runlim] sample:		10317.99 time, 10320.01 real, 3977 MB
[runlim] sample:		10328.00 time, 10330.01 real, 3897 MB
[runlim] sample:		10337.99 time, 10340.01 real, 3977 MB
[runlim] sample:		10348.00 time, 10350.01 real, 3857 MB
[runlim] sample:		10357.99 time, 10360.01 real, 3897 MB
[runlim] sample:		10368.00 time, 10370.01 real, 3817 MB
[runlim] sample:		10377.99 time, 10380.01 real, 3897 MB
[runlim] sample:		10388.00 time, 10390.01 real, 3977 MB
[runlim] sample:		10398.00 time, 10400.01 real, 3857 MB
[runlim] sample:		10407.99 time, 10410.01 real, 3897 MB
[runlim] sample:		10417.99 time, 10420.01 real, 3817 MB
[runlim] sample:		10427.99 time, 10430.01 real, 3897 MB
[runlim] sample:		10437.99 time, 10440.01 real, 3977 MB
[runlim] sample:		10447.99 time, 10450.01 real, 3897 MB
[runlim] sample:		10457.99 time, 10460.01 real, 3977 MB
[runlim] sample:		10467.99 time, 10470.01 real, 3857 MB
[runlim] sample:		10478.00 time, 10480.01 real, 3897 MB
[runlim] sample:		10487.99 time, 10490.01 real, 3817 MB
[runlim] sample:		10497.99 time, 10500.01 real, 3897 MB
[runlim] sample:		10507.99 time, 10510.01 real, 3977 MB
[runlim] sample:		10518.00 time, 10520.01 real, 3857 MB
[runlim] sample:		10527.99 time, 10530.01 real, 3897 MB
[runlim] sample:		10537.99 time, 10540.01 real, 3857 MB
[runlim] sample:		10548.00 time, 10550.01 real, 3897 MB
[runlim] sample:		10558.00 time, 10560.01 real, 3977 MB
[runlim] sample:		10567.99 time, 10570.01 real, 3897 MB
[runlim] sample:		10577.99 time, 10580.01 real, 3977 MB
[runlim] sample:		10587.99 time, 10590.01 real, 3857 MB
[runlim] sample:		10597.99 time, 10600.01 real, 3897 MB
[runlim] sample:		10607.99 time, 10610.01 real, 3817 MB
[runlim] sample:		10617.99 time, 10620.01 real, 3897 MB
[runlim] sample:		10628.00 time, 10630.01 real, 3977 MB
[runlim] sample:		10637.99 time, 10640.01 real, 3897 MB
[runlim] sample:		10647.99 time, 10650.01 real, 3977 MB
[runlim] sample:		10657.99 time, 10660.01 real, 3857 MB
[runlim] sample:		10667.99 time, 10670.01 real, 3897 MB
[runlim] sample:		10677.99 time, 10680.01 real, 3817 MB
[runlim] sample:		10687.99 time, 10690.01 real, 3897 MB
[runlim] sample:		10698.00 time, 10700.01 real, 3977 MB
[runlim] sample:		10707.99 time, 10710.01 real, 3857 MB
[runlim] sample:		10717.99 time, 10720.01 real, 3897 MB
[runlim] sample:		10727.99 time, 10730.01 real, 3857 MB
[runlim] sample:		10737.99 time, 10740.01 real, 3897 MB
[runlim] sample:		10747.99 time, 10750.01 real, 3977 MB
[runlim] sample:		10757.99 time, 10760.01 real, 3897 MB
[runlim] sample:		10768.00 time, 10770.01 real, 3977 MB
[runlim] sample:		10778.00 time, 10780.01 real, 3857 MB
[runlim] sample:		10787.99 time, 10790.01 real, 3897 MB
[runlim] sample:		10797.99 time, 10800.01 real, 3817 MB
[runlim] sample:		10808.00 time, 10810.01 real, 3897 MB
[runlim] sample:		10817.99 time, 10820.01 real, 3977 MB
[runlim] sample:		10828.00 time, 10830.01 real, 3897 MB
[runlim] sample:		10837.99 time, 10840.01 real, 3977 MB
[runlim] sample:		10847.99 time, 10850.01 real, 3857 MB
[runlim] sample:		10857.99 time, 10860.01 real, 3897 MB
[runlim] sample:		10867.99 time, 10870.01 real, 3817 MB
[runlim] sample:		10877.99 time, 10880.01 real, 3897 MB
[runlim] sample:		10887.99 time, 10890.01 real, 3977 MB
[runlim] sample:		10897.99 time, 10900.01 real, 3857 MB
[runlim] sample:		10907.99 time, 10910.01 real, 4006 MB
[runlim] sample:		10917.99 time, 10920.01 real, 3857 MB
[runlim] sample:		10927.99 time, 10930.01 real, 3897 MB
[runlim] sample:		10937.99 time, 10940.01 real, 3977 MB
[runlim] sample:		10947.99 time, 10950.01 real, 3897 MB
[runlim] sample:		10957.99 time, 10960.01 real, 3977 MB
[runlim] sample:		10967.99 time, 10970.01 real, 3857 MB
[runlim] sample:		10977.99 time, 10980.01 real, 3897 MB
[runlim] sample:		10987.99 time, 10990.01 real, 3817 MB
[runlim] sample:		10997.99 time, 11000.01 real, 3897 MB
[runlim] sample:		11007.99 time, 11010.01 real, 3977 MB
[runlim] sample:		11017.99 time, 11020.01 real, 3897 MB
[runlim] sample:		11027.99 time, 11030.01 real, 3977 MB
[runlim] sample:		11037.99 time, 11040.01 real, 3857 MB
[runlim] sample:		11047.99 time, 11050.01 real, 3897 MB
[runlim] sample:		11057.99 time, 11060.01 real, 3817 MB
[runlim] sample:		11067.99 time, 11070.01 real, 3897 MB
[runlim] sample:		11077.99 time, 11080.01 real, 3977 MB
[runlim] sample:		11087.99 time, 11090.01 real, 3897 MB
[runlim] sample:		11097.99 time, 11100.01 real, 3977 MB
[runlim] sample:		11107.99 time, 11110.01 real, 3857 MB
[runlim] sample:		11117.99 time, 11120.01 real, 3897 MB
[runlim] sample:		11127.99 time, 11130.01 real, 3817 MB
[runlim] sample:		11137.99 time, 11140.01 real, 3897 MB
[runlim] sample:		11147.99 time, 11150.01 real, 3977 MB
[runlim] sample:		11157.99 time, 11160.01 real, 3857 MB
[runlim] sample:		11167.99 time, 11170.01 real, 3897 MB
[runlim] sample:		11177.99 time, 11180.01 real, 3857 MB
[runlim] sample:		11187.99 time, 11190.01 real, 3897 MB
[runlim] sample:		11197.99 time, 11200.01 real, 3977 MB
[runlim] sample:		11207.99 time, 11210.01 real, 3897 MB
[runlim] sample:		11217.99 time, 11220.01 real, 3977 MB
[runlim] sample:		11227.99 time, 11230.01 real, 3857 MB
[runlim] sample:		11237.99 time, 11240.01 real, 3897 MB
[runlim] sample:		11247.99 time, 11250.01 real, 3817 MB
[runlim] sample:		11257.99 time, 11260.01 real, 3897 MB
[runlim] sample:		11267.99 time, 11270.01 real, 3977 MB
[runlim] sample:		11277.99 time, 11280.01 real, 3890 MB
[runlim] sample:		11287.99 time, 11290.01 real, 3977 MB
[runlim] sample:		11297.98 time, 11300.01 real, 3857 MB
[runlim] sample:		11307.99 time, 11310.01 real, 3897 MB
[runlim] sample:		11317.98 time, 11320.01 real, 3977 MB
[runlim] sample:		11327.99 time, 11330.01 real, 3897 MB
[runlim] sample:		11337.99 time, 11340.01 real, 3977 MB
[runlim] sample:		11347.99 time, 11350.01 real, 3857 MB
[runlim] sample:		11357.99 time, 11360.01 real, 3897 MB
[runlim] sample:		11367.99 time, 11370.01 real, 3817 MB
[runlim] sample:		11377.99 time, 11380.01 real, 3897 MB
[runlim] sample:		11387.99 time, 11390.01 real, 3977 MB
[runlim] sample:		11397.99 time, 11400.01 real, 3857 MB
[runlim] sample:		11407.99 time, 11410.01 real, 3897 MB
[runlim] sample:		11417.98 time, 11420.01 real, 3817 MB
[runlim] sample:		11427.99 time, 11430.01 real, 3897 MB
[runlim] sample:		11437.99 time, 11440.01 real, 3977 MB
[runlim] sample:		11447.98 time, 11450.01 real, 3857 MB
[runlim] sample:		11457.99 time, 11460.01 real, 3897 MB
[runlim] sample:		11467.99 time, 11470.01 real, 3817 MB
[runlim] sample:		11477.99 time, 11480.01 real, 3897 MB
[runlim] sample:		11487.99 time, 11490.01 real, 3977 MB
[runlim] sample:		11497.99 time, 11500.01 real, 3897 MB
[runlim] sample:		11507.99 time, 11510.01 real, 3977 MB
[runlim] sample:		11517.99 time, 11520.01 real, 3857 MB
[runlim] sample:		11527.99 time, 11530.01 real, 3897 MB
[runlim] sample:		11537.99 time, 11540.01 real, 3977 MB
[runlim] sample:		11547.99 time, 11550.01 real, 3897 MB
[runlim] sample:		11557.99 time, 11560.01 real, 3977 MB
[runlim] sample:		11567.99 time, 11570.01 real, 3857 MB
[runlim] sample:		11577.99 time, 11580.01 real, 3897 MB
[runlim] sample:		11587.99 time, 11590.01 real, 3817 MB
[runlim] sample:		11597.99 time, 11600.01 real, 3897 MB
[runlim] sample:		11607.99 time, 11610.01 real, 3977 MB
[runlim] sample:		11617.99 time, 11620.01 real, 3857 MB
[runlim] sample:		11627.99 time, 11630.01 real, 3897 MB
[runlim] sample:		11637.98 time, 11640.01 real, 3817 MB
[runlim] sample:		11647.99 time, 11650.01 real, 3897 MB
[runlim] sample:		11657.99 time, 11660.01 real, 3977 MB
[runlim] sample:		11667.98 time, 11670.01 real, 3937 MB
[runlim] sample:		11677.99 time, 11680.01 real, 4057 MB
[runlim] sample:		11687.99 time, 11690.01 real, 3857 MB
[runlim] sample:		11697.99 time, 11700.01 real, 3897 MB
[runlim] sample:		11707.99 time, 11710.01 real, 3977 MB
[runlim] sample:		11717.98 time, 11720.01 real, 3897 MB
[runlim] sample:		11727.98 time, 11730.01 real, 3977 MB
[runlim] sample:		11737.98 time, 11740.01 real, 3857 MB
[runlim] sample:		11747.98 time, 11750.01 real, 3897 MB
[runlim] sample:		11757.98 time, 11760.01 real, 3817 MB
[runlim] sample:		11767.98 time, 11770.01 real, 3897 MB
[runlim] sample:		11777.99 time, 11780.01 real, 3977 MB
[runlim] sample:		11787.99 time, 11790.01 real, 3857 MB
[runlim] sample:		11797.99 time, 11800.01 real, 3897 MB
[runlim] sample:		11807.98 time, 11810.01 real, 3817 MB
[runlim] sample:		11817.99 time, 11820.01 real, 3897 MB
[runlim] sample:		11827.99 time, 11830.01 real, 3977 MB
[runlim] sample:		11837.98 time, 11840.01 real, 3897 MB
[runlim] sample:		11847.98 time, 11850.01 real, 3977 MB
[runlim] sample:		11857.98 time, 11860.01 real, 3857 MB
[runlim] sample:		11867.99 time, 11870.01 real, 3897 MB
[runlim] sample:		11877.98 time, 11880.01 real, 3817 MB
[runlim] sample:		11887.99 time, 11890.01 real, 3897 MB
[runlim] sample:		11897.98 time, 11900.01 real, 3977 MB
[runlim] sample:		11907.99 time, 11910.01 real, 3857 MB
[runlim] sample:		11917.99 time, 11920.01 real, 3897 MB
[runlim] sample:		11927.99 time, 11930.01 real, 3817 MB
[runlim] sample:		11937.99 time, 11940.01 real, 3897 MB
[runlim] sample:		11947.98 time, 11950.01 real, 3977 MB
[runlim] sample:		11957.99 time, 11960.01 real, 3897 MB
[runlim] sample:		11967.99 time, 11970.01 real, 3977 MB
[runlim] sample:		11977.99 time, 11980.01 real, 3857 MB
[runlim] sample:		11987.99 time, 11990.01 real, 3897 MB
[runlim] sample:		11997.99 time, 12000.01 real, 3977 MB
[runlim] sample:		12007.99 time, 12010.01 real, 3897 MB
[runlim] sample:		12017.98 time, 12020.01 real, 3977 MB
[runlim] sample:		12027.99 time, 12030.01 real, 3857 MB
[runlim] sample:		12037.98 time, 12040.01 real, 3897 MB
[runlim] sample:		12047.98 time, 12050.01 real, 3817 MB
[runlim] sample:		12057.99 time, 12060.01 real, 3897 MB
[runlim] sample:		12067.99 time, 12070.01 real, 3977 MB
[runlim] sample:		12077.99 time, 12080.01 real, 3857 MB
[runlim] sample:		12087.98 time, 12090.01 real, 3897 MB
[runlim] sample:		12097.98 time, 12100.01 real, 3817 MB
[runlim] sample:		12107.98 time, 12110.01 real, 3897 MB
[runlim] sample:		12117.99 time, 12120.01 real, 3977 MB
[runlim] sample:		12127.99 time, 12130.01 real, 3897 MB
[runlim] sample:		12137.98 time, 12140.01 real, 3897 MB
[runlim] sample:		12147.99 time, 12150.01 real, 3857 MB
[runlim] sample:		12157.99 time, 12160.01 real, 3897 MB
[runlim] sample:		12167.99 time, 12170.01 real, 3977 MB
[runlim] sample:		12177.98 time, 12180.01 real, 3897 MB
[runlim] sample:		12187.98 time, 12190.01 real, 3977 MB
[runlim] sample:		12197.98 time, 12200.01 real, 3857 MB
[runlim] sample:		12207.99 time, 12210.01 real, 3897 MB
[runlim] sample:		12217.98 time, 12220.01 real, 3817 MB
[runlim] sample:		12227.99 time, 12230.01 real, 3897 MB
[runlim] sample:		12237.98 time, 12240.01 real, 3977 MB
[runlim] sample:		12247.99 time, 12250.01 real, 3857 MB
[runlim] sample:		12257.99 time, 12260.01 real, 3897 MB
[runlim] sample:		12267.98 time, 12270.01 real, 3817 MB
[runlim] sample:		12277.98 time, 12280.01 real, 3897 MB
[runlim] sample:		12287.99 time, 12290.01 real, 3977 MB
[runlim] sample:		12297.98 time, 12300.01 real, 3857 MB
[runlim] sample:		12307.99 time, 12310.01 real, 3897 MB
[runlim] sample:		12317.99 time, 12320.01 real, 3857 MB
[runlim] sample:		12327.98 time, 12330.01 real, 3897 MB
[runlim] sample:		12337.98 time, 12340.01 real, 3977 MB
[runlim] sample:		12347.98 time, 12350.01 real, 3897 MB
[runlim] sample:		12357.98 time, 12360.01 real, 3977 MB
[runlim] sample:		12367.98 time, 12370.01 real, 3857 MB
[runlim] sample:		12377.99 time, 12380.01 real, 3897 MB
[runlim] sample:		12387.99 time, 12390.01 real, 3817 MB
[runlim] sample:		12397.98 time, 12400.01 real, 3897 MB
[runlim] sample:		12407.98 time, 12410.01 real, 3977 MB
[runlim] sample:		12417.98 time, 12420.01 real, 3857 MB
[runlim] sample:		12427.98 time, 12430.01 real, 3897 MB
[runlim] sample:		12437.98 time, 12440.01 real, 3817 MB
[runlim] sample:		12447.99 time, 12450.01 real, 3897 MB
[runlim] sample:		12457.98 time, 12460.01 real, 3977 MB
[runlim] sample:		12467.99 time, 12470.01 real, 3937 MB
[runlim] sample:		12477.98 time, 12480.01 real, 3897 MB
[runlim] sample:		12487.99 time, 12490.01 real, 3817 MB
[runlim] sample:		12497.98 time, 12500.01 real, 3897 MB
[runlim] sample:		12507.99 time, 12510.01 real, 3977 MB
[runlim] sample:		12517.99 time, 12520.01 real, 3897 MB
[runlim] sample:		12527.98 time, 12530.01 real, 3977 MB
[runlim] sample:		12537.98 time, 12540.01 real, 3857 MB
[runlim] sample:		12547.98 time, 12550.01 real, 3897 MB
[runlim] sample:		12557.99 time, 12560.01 real, 3977 MB
[runlim] sample:		12567.99 time, 12570.01 real, 3897 MB
[runlim] sample:		12577.99 time, 12580.01 real, 3977 MB
[runlim] sample:		12587.98 time, 12590.01 real, 3857 MB
[runlim] sample:		12597.98 time, 12600.01 real, 3897 MB
[runlim] sample:		12607.98 time, 12610.01 real, 3817 MB
[runlim] sample:		12617.99 time, 12620.01 real, 3897 MB
[runlim] sample:		12627.98 time, 12630.01 real, 3977 MB
[runlim] sample:		12637.98 time, 12640.01 real, 3857 MB
[runlim] sample:		12647.99 time, 12650.01 real, 3897 MB
[runlim] sample:		12657.98 time, 12660.01 real, 3817 MB
[runlim] sample:		12667.99 time, 12670.01 real, 3897 MB
[runlim] sample:		12677.99 time, 12680.01 real, 3977 MB
[runlim] sample:		12687.98 time, 12690.01 real, 3857 MB
[runlim] sample:		12697.98 time, 12700.01 real, 3897 MB
[runlim] sample:		12707.98 time, 12710.01 real, 3857 MB
[runlim] sample:		12717.98 time, 12720.01 real, 3897 MB
[runlim] sample:		12727.98 time, 12730.01 real, 3977 MB
[runlim] sample:		12737.98 time, 12740.01 real, 3897 MB
[runlim] sample:		12747.98 time, 12750.01 real, 3977 MB
[runlim] sample:		12757.98 time, 12760.01 real, 3857 MB
[runlim] sample:		12767.98 time, 12770.01 real, 3897 MB
[runlim] sample:		12777.98 time, 12780.01 real, 3817 MB
[runlim] sample:		12787.98 time, 12790.01 real, 3897 MB
[runlim] sample:		12797.98 time, 12800.01 real, 3977 MB
[runlim] sample:		12807.99 time, 12810.01 real, 3857 MB
[runlim] sample:		12817.98 time, 12820.01 real, 3897 MB
[runlim] sample:		12827.99 time, 12830.01 real, 3817 MB
[runlim] sample:		12837.98 time, 12840.01 real, 3897 MB
[runlim] sample:		12847.98 time, 12850.01 real, 3977 MB
[runlim] sample:		12857.98 time, 12860.01 real, 3897 MB
[runlim] sample:		12867.99 time, 12870.01 real, 3897 MB
[runlim] sample:		12877.98 time, 12880.01 real, 3846 MB
[runlim] sample:		12887.99 time, 12890.01 real, 3897 MB
[runlim] sample:		12897.98 time, 12900.01 real, 3977 MB
[runlim] sample:		12907.98 time, 12910.01 real, 3897 MB
[runlim] sample:		12917.99 time, 12920.01 real, 3977 MB
[runlim] sample:		12927.98 time, 12930.01 real, 3857 MB
[runlim] sample:		12937.98 time, 12940.01 real, 3897 MB
[runlim] sample:		12947.98 time, 12950.01 real, 3817 MB
[runlim] sample:		12957.98 time, 12960.01 real, 3897 MB
[runlim] sample:		12967.98 time, 12970.01 real, 3977 MB
[runlim] sample:		12977.98 time, 12980.01 real, 3857 MB
[runlim] sample:		12987.98 time, 12990.01 real, 3897 MB
[runlim] sample:		12997.98 time, 13000.01 real, 3857 MB
[runlim] sample:		13007.98 time, 13010.01 real, 3897 MB
[runlim] sample:		13017.98 time, 13020.01 real, 3977 MB
[runlim] sample:		13027.98 time, 13030.01 real, 3897 MB
[runlim] sample:		13037.98 time, 13040.01 real, 3977 MB
[runlim] sample:		13047.98 time, 13050.01 real, 3857 MB
[runlim] sample:		13057.98 time, 13060.01 real, 3897 MB
[runlim] sample:		13067.98 time, 13070.01 real, 3857 MB
[runlim] sample:		13077.98 time, 13080.01 real, 3897 MB
[runlim] sample:		13087.98 time, 13090.01 real, 3977 MB
[runlim] sample:		13097.98 time, 13100.01 real, 3897 MB
[runlim] sample:		13107.98 time, 13110.01 real, 3977 MB
[runlim] sample:		13117.98 time, 13120.01 real, 3857 MB
[runlim] sample:		13127.98 time, 13130.01 real, 3897 MB
[runlim] sample:		13137.98 time, 13140.01 real, 3977 MB
[runlim] sample:		13147.98 time, 13150.01 real, 3897 MB
[runlim] sample:		13157.98 time, 13160.01 real, 3977 MB
[runlim] sample:		13167.98 time, 13170.01 real, 3857 MB
[runlim] sample:		13177.98 time, 13180.01 real, 3897 MB
[runlim] sample:		13187.98 time, 13190.01 real, 3817 MB
[runlim] sample:		13197.98 time, 13200.01 real, 3897 MB
[runlim] sample:		13207.98 time, 13210.01 real, 3977 MB
[runlim] sample:		13217.98 time, 13220.01 real, 3857 MB
[runlim] sample:		13227.98 time, 13230.01 real, 3897 MB
[runlim] sample:		13237.98 time, 13240.01 real, 3817 MB
[runlim] sample:		13247.98 time, 13250.01 real, 3897 MB
[runlim] sample:		13257.98 time, 13260.01 real, 3977 MB
[runlim] sample:		13267.98 time, 13270.01 real, 3857 MB
[runlim] sample:		13277.98 time, 13280.01 real, 3897 MB
[runlim] sample:		13287.98 time, 13290.01 real, 3857 MB
[runlim] sample:		13297.98 time, 13300.01 real, 3897 MB
[runlim] sample:		13307.98 time, 13310.01 real, 3977 MB
[runlim] sample:		13317.98 time, 13320.01 real, 3897 MB
[runlim] sample:		13327.98 time, 13330.01 real, 3977 MB
[runlim] sample:		13337.98 time, 13340.01 real, 3857 MB
[runlim] sample:		13347.98 time, 13350.01 real, 3897 MB
[runlim] sample:		13357.98 time, 13360.01 real, 3977 MB
[runlim] sample:		13367.98 time, 13370.01 real, 3897 MB
[runlim] sample:		13377.98 time, 13380.01 real, 3977 MB
[runlim] sample:		13387.98 time, 13390.01 real, 3857 MB
[runlim] sample:		13397.98 time, 13400.01 real, 3897 MB
[runlim] sample:		13407.98 time, 13410.01 real, 3902 MB
[runlim] sample:		13417.98 time, 13420.01 real, 3897 MB
[runlim] sample:		13427.98 time, 13430.01 real, 3977 MB
[runlim] sample:		13437.98 time, 13440.01 real, 3857 MB
[runlim] sample:		13447.98 time, 13450.01 real, 3897 MB
[runlim] sample:		13457.98 time, 13460.01 real, 3817 MB
[runlim] sample:		13467.98 time, 13470.01 real, 3897 MB
[runlim] sample:		13477.98 time, 13480.01 real, 3977 MB
[runlim] sample:		13487.98 time, 13490.01 real, 3937 MB
[runlim] sample:		13497.98 time, 13500.01 real, 3897 MB
[runlim] sample:		13507.98 time, 13510.01 real, 3817 MB
[runlim] sample:		13517.98 time, 13520.01 real, 3897 MB
[runlim] sample:		13527.98 time, 13530.01 real, 3977 MB
[runlim] sample:		13537.98 time, 13540.01 real, 3897 MB
[runlim] sample:		13547.98 time, 13550.01 real, 4057 MB
[runlim] sample:		13557.98 time, 13560.01 real, 3857 MB
[runlim] sample:		13567.98 time, 13570.01 real, 3897 MB
[runlim] sample:		13577.98 time, 13580.01 real, 3977 MB
[runlim] sample:		13587.98 time, 13590.01 real, 3897 MB
[runlim] sample:		13597.98 time, 13600.01 real, 3977 MB
[runlim] sample:		13607.97 time, 13610.01 real, 3857 MB
[runlim] sample:		13617.97 time, 13620.01 real, 3897 MB
[runlim] sample:		13627.98 time, 13630.01 real, 3977 MB
[runlim] sample:		13637.97 time, 13640.01 real, 3897 MB
[runlim] sample:		13647.98 time, 13650.01 real, 3977 MB
[runlim] sample:		13657.98 time, 13660.01 real, 3857 MB
[runlim] sample:		13667.97 time, 13670.01 real, 3897 MB
[runlim] sample:		13677.98 time, 13680.01 real, 3817 MB
[runlim] sample:		13687.97 time, 13690.01 real, 3897 MB
[runlim] sample:		13697.98 time, 13700.01 real, 3977 MB
[runlim] sample:		13707.97 time, 13710.01 real, 3857 MB
[runlim] sample:		13717.98 time, 13720.01 real, 3897 MB
[runlim] sample:		13727.97 time, 13730.01 real, 3857 MB
[runlim] sample:		13737.98 time, 13740.01 real, 3897 MB
[runlim] sample:		13747.98 time, 13750.01 real, 3977 MB
[runlim] sample:		13757.98 time, 13760.01 real, 3897 MB
[runlim] sample:		13767.98 time, 13770.01 real, 3977 MB
[runlim] sample:		13777.98 time, 13780.01 real, 3857 MB
[runlim] sample:		13787.98 time, 13790.01 real, 3897 MB
[runlim] sample:		13797.98 time, 13800.01 real, 3977 MB
[runlim] sample:		13807.98 time, 13810.01 real, 3897 MB
[runlim] sample:		13817.98 time, 13820.01 real, 3977 MB
[runlim] sample:		13827.98 time, 13830.01 real, 3857 MB
[runlim] sample:		13837.97 time, 13840.01 real, 3897 MB
[runlim] sample:		13847.98 time, 13850.01 real, 3817 MB
[runlim] sample:		13857.98 time, 13860.01 real, 3897 MB
[runlim] sample:		13867.98 time, 13870.01 real, 3977 MB
[runlim] sample:		13877.98 time, 13880.01 real, 3857 MB
[runlim] sample:		13887.98 time, 13890.01 real, 3897 MB
[runlim] sample:		13897.98 time, 13900.01 real, 3817 MB
[runlim] sample:		13907.97 time, 13910.01 real, 3897 MB
[runlim] sample:		13917.98 time, 13920.01 real, 3977 MB
[runlim] sample:		13927.98 time, 13930.01 real, 3897 MB
[runlim] sample:		13937.98 time, 13940.01 real, 3977 MB
[runlim] sample:		13947.98 time, 13950.01 real, 3857 MB
[runlim] sample:		13957.98 time, 13960.01 real, 3897 MB
[runlim] sample:		13967.98 time, 13970.01 real, 3817 MB
[runlim] sample:		13977.98 time, 13980.01 real, 3897 MB
[runlim] sample:		13987.98 time, 13990.01 real, 3977 MB
[runlim] sample:		13997.98 time, 14000.01 real, 3857 MB
[runlim] sample:		14007.98 time, 14010.01 real, 3897 MB
[runlim] sample:		14017.98 time, 14020.01 real, 3817 MB
[runlim] sample:		14027.97 time, 14030.01 real, 3897 MB
[runlim] sample:		14037.98 time, 14040.01 real, 3977 MB
[runlim] sample:		14047.98 time, 14050.01 real, 3857 MB
[runlim] sample:		14057.97 time, 14060.01 real, 3897 MB
[runlim] sample:		14067.97 time, 14070.01 real, 3817 MB
[runlim] sample:		14077.98 time, 14080.01 real, 3897 MB
[runlim] sample:		14087.97 time, 14090.01 real, 3977 MB
[runlim] sample:		14097.97 time, 14100.01 real, 3897 MB
[runlim] sample:		14107.98 time, 14110.01 real, 4057 MB
[runlim] sample:		14117.98 time, 14120.01 real, 3857 MB
[runlim] sample:		14127.97 time, 14130.01 real, 3897 MB
[runlim] sample:		14137.98 time, 14140.01 real, 3977 MB
[runlim] sample:		14147.98 time, 14150.01 real, 3897 MB
[runlim] sample:		14157.97 time, 14160.01 real, 3977 MB
[runlim] sample:		14167.98 time, 14170.01 real, 3857 MB
[runlim] sample:		14177.98 time, 14180.01 real, 3897 MB
[runlim] sample:		14187.98 time, 14190.01 real, 3977 MB
[runlim] sample:		14197.98 time, 14200.01 real, 3897 MB
[runlim] sample:		14207.98 time, 14210.01 real, 3977 MB
[runlim] sample:		14217.97 time, 14220.01 real, 3857 MB
[runlim] sample:		14227.98 time, 14230.01 real, 3897 MB
[runlim] sample:		14237.97 time, 14240.01 real, 3817 MB
[runlim] sample:		14247.98 time, 14250.01 real, 3897 MB
[runlim] sample:		14257.98 time, 14260.01 real, 3977 MB
[runlim] sample:		14267.98 time, 14270.01 real, 3857 MB
[runlim] sample:		14277.98 time, 14280.01 real, 3897 MB
[runlim] sample:		14287.97 time, 14290.01 real, 3817 MB
[runlim] sample:		14297.98 time, 14300.01 real, 3897 MB
[runlim] sample:		14307.98 time, 14310.01 real, 3977 MB
[runlim] sample:		14317.97 time, 14320.01 real, 3897 MB
[runlim] sample:		14327.97 time, 14330.01 real, 3897 MB
[runlim] sample:		14337.98 time, 14340.01 real, 3857 MB
[runlim] sample:		14347.97 time, 14350.01 real, 3897 MB
[runlim] sample:		14357.98 time, 14360.01 real, 3977 MB
[runlim] sample:		14367.98 time, 14370.01 real, 3897 MB
[runlim] sample:		14377.97 time, 14380.01 real, 4057 MB
[runlim] sample:		14387.98 time, 14390.01 real, 3857 MB
[runlim] sample:		14397.98 time, 14400.01 real, 3897 MB
[runlim] sample:		14407.98 time, 14410.01 real, 3977 MB
[runlim] sample:		14417.98 time, 14420.01 real, 3897 MB
[runlim] sample:		14427.97 time, 14430.01 real, 3977 MB
[runlim] sample:		14437.98 time, 14440.01 real, 3857 MB
[runlim] sample:		14447.98 time, 14450.01 real, 3897 MB
[runlim] sample:		14457.98 time, 14460.01 real, 3977 MB
[runlim] sample:		14467.98 time, 14470.01 real, 3897 MB
[runlim] sample:		14477.97 time, 14480.01 real, 3977 MB
[runlim] sample:		14487.98 time, 14490.01 real, 3857 MB
[runlim] sample:		14497.97 time, 14500.01 real, 3897 MB
[runlim] sample:		14507.97 time, 14510.01 real, 3817 MB
[runlim] sample:		14517.97 time, 14520.01 real, 3897 MB
[runlim] sample:		14527.97 time, 14530.01 real, 3977 MB
[runlim] sample:		14537.98 time, 14540.01 real, 3857 MB
[runlim] sample:		14547.98 time, 14550.01 real, 3897 MB
[runlim] sample:		14557.97 time, 14560.01 real, 3857 MB
[runlim] sample:		14567.97 time, 14570.01 real, 3897 MB
[runlim] sample:		14577.98 time, 14580.01 real, 3977 MB
[runlim] sample:		14587.98 time, 14590.01 real, 3897 MB
[runlim] sample:		14597.98 time, 14600.01 real, 3977 MB
[runlim] sample:		14607.98 time, 14610.01 real, 3857 MB
[runlim] sample:		14617.98 time, 14620.01 real, 3897 MB
[runlim] sample:		14627.98 time, 14630.01 real, 3977 MB
[runlim] sample:		14637.97 time, 14640.01 real, 3897 MB
[runlim] sample:		14647.98 time, 14650.01 real, 3977 MB
[runlim] sample:		14657.98 time, 14660.01 real, 3857 MB
[runlim] sample:		14667.98 time, 14670.01 real, 3897 MB
[runlim] sample:		14677.98 time, 14680.01 real, 3977 MB
[runlim] sample:		14687.97 time, 14690.01 real, 3897 MB
[runlim] sample:		14697.97 time, 14700.01 real, 3977 MB
[runlim] sample:		14707.97 time, 14710.01 real, 3857 MB
[runlim] sample:		14717.98 time, 14720.01 real, 3897 MB
[runlim] sample:		14727.97 time, 14730.01 real, 3977 MB
[runlim] sample:		14737.97 time, 14740.01 real, 3897 MB
[runlim] sample:		14747.97 time, 14750.01 real, 3977 MB
[runlim] sample:		14757.97 time, 14760.01 real, 3857 MB
[runlim] sample:		14767.97 time, 14770.01 real, 3897 MB
[runlim] sample:		14777.97 time, 14780.01 real, 3817 MB
[runlim] sample:		14787.97 time, 14790.01 real, 3897 MB
[runlim] sample:		14797.97 time, 14800.01 real, 3977 MB
[runlim] sample:		14807.98 time, 14810.01 real, 3857 MB
[runlim] sample:		14817.97 time, 14820.01 real, 3897 MB
[runlim] sample:		14827.98 time, 14830.01 real, 3817 MB
[runlim] sample:		14837.98 time, 14840.01 real, 3897 MB
[runlim] sample:		14847.97 time, 14850.01 real, 3977 MB
[runlim] sample:		14857.98 time, 14860.01 real, 3897 MB
[runlim] sample:		14867.97 time, 14870.01 real, 4057 MB
[runlim] sample:		14877.97 time, 14880.01 real, 3857 MB
[runlim] sample:		14887.98 time, 14890.01 real, 3897 MB
[runlim] sample:		14897.97 time, 14900.01 real, 3977 MB
[runlim] sample:		14907.97 time, 14910.01 real, 3897 MB
[runlim] sample:		14917.97 time, 14920.01 real, 3977 MB
[runlim] sample:		14927.97 time, 14930.01 real, 3857 MB
[runlim] sample:		14937.97 time, 14940.01 real, 3897 MB
[runlim] sample:		14947.97 time, 14950.01 real, 3817 MB
[runlim] sample:		14957.98 time, 14960.01 real, 3897 MB
[runlim] sample:		14967.97 time, 14970.01 real, 3977 MB
[runlim] sample:		14977.98 time, 14980.01 real, 3857 MB
[runlim] sample:		14987.98 time, 14990.01 real, 3897 MB
[runlim] sample:		14997.97 time, 15000.01 real, 3817 MB
[runlim] sample:		15007.98 time, 15010.01 real, 3897 MB
[runlim] sample:		15017.98 time, 15020.01 real, 3977 MB
[runlim] sample:		15027.97 time, 15030.01 real, 3857 MB
[runlim] sample:		15037.97 time, 15040.01 real, 3997 MB
[runlim] sample:		15047.98 time, 15050.01 real, 3857 MB
[runlim] sample:		15057.97 time, 15060.01 real, 3897 MB
[runlim] sample:		15067.98 time, 15070.01 real, 3977 MB
[runlim] sample:		15077.97 time, 15080.01 real, 3897 MB
[runlim] sample:		15087.97 time, 15090.01 real, 3977 MB
[runlim] sample:		15097.97 time, 15100.01 real, 3857 MB
[runlim] sample:		15107.97 time, 15110.01 real, 3897 MB
[runlim] sample:		15117.97 time, 15120.01 real, 3977 MB
[runlim] sample:		15127.97 time, 15130.01 real, 3897 MB
[runlim] sample:		15137.97 time, 15140.01 real, 3977 MB
[runlim] sample:		15147.97 time, 15150.01 real, 3857 MB
[runlim] sample:		15157.98 time, 15160.01 real, 3897 MB
[runlim] sample:		15167.98 time, 15170.01 real, 3977 MB
[runlim] sample:		15177.98 time, 15180.01 real, 3897 MB
[runlim] sample:		15187.97 time, 15190.01 real, 3977 MB
[runlim] sample:		15197.97 time, 15200.01 real, 3857 MB
[runlim] sample:		15207.97 time, 15210.01 real, 3897 MB
[runlim] sample:		15217.98 time, 15220.01 real, 3817 MB
[runlim] sample:		15227.98 time, 15230.01 real, 3897 MB
[runlim] sample:		15237.97 time, 15240.01 real, 3977 MB
[runlim] sample:		15247.97 time, 15250.01 real, 3857 MB
[runlim] sample:		15257.97 time, 15260.01 real, 3897 MB
[runlim] sample:		15267.97 time, 15270.01 real, 3817 MB
[runlim] sample:		15277.97 time, 15280.01 real, 3897 MB
[runlim] sample:		15287.98 time, 15290.01 real, 3977 MB
[runlim] sample:		15297.97 time, 15300.01 real, 3857 MB
[runlim] sample:		15307.97 time, 15310.01 real, 3897 MB
[runlim] sample:		15317.97 time, 15320.01 real, 3817 MB
[runlim] sample:		15327.98 time, 15330.01 real, 3897 MB
[runlim] sample:		15337.97 time, 15340.01 real, 3977 MB
[runlim] sample:		15347.97 time, 15350.01 real, 3897 MB
[runlim] sample:		15357.97 time, 15360.01 real, 3897 MB
[runlim] sample:		15367.98 time, 15370.01 real, 3857 MB
[runlim] sample:		15377.97 time, 15380.01 real, 3897 MB
[runlim] sample:		15387.98 time, 15390.01 real, 3977 MB
[runlim] sample:		15397.97 time, 15400.01 real, 3897 MB
[runlim] sample:		15407.97 time, 15410.01 real, 3977 MB
[runlim] sample:		15417.97 time, 15420.01 real, 3857 MB
[runlim] sample:		15427.97 time, 15430.01 real, 3897 MB
[runlim] sample:		15437.97 time, 15440.01 real, 3977 MB
[runlim] sample:		15447.97 time, 15450.01 real, 3897 MB
[runlim] sample:		15457.97 time, 15460.01 real, 3977 MB
[runlim] sample:		15467.98 time, 15470.01 real, 3857 MB
[runlim] sample:		15477.97 time, 15480.01 real, 3897 MB
[runlim] sample:		15487.97 time, 15490.01 real, 3817 MB
[runlim] sample:		15497.97 time, 15500.01 real, 3897 MB
[runlim] sample:		15507.97 time, 15510.01 real, 3977 MB
[runlim] sample:		15517.98 time, 15520.01 real, 3857 MB
[runlim] sample:		15527.97 time, 15530.01 real, 3897 MB
[runlim] sample:		15537.97 time, 15540.01 real, 3857 MB
[runlim] sample:		15547.98 time, 15550.01 real, 3897 MB
[runlim] sample:		15557.98 time, 15560.01 real, 3977 MB
[runlim] sample:		15567.97 time, 15570.01 real, 3897 MB
[runlim] sample:		15577.98 time, 15580.01 real, 3977 MB
[runlim] sample:		15587.97 time, 15590.01 real, 3857 MB
[runlim] sample:		15597.97 time, 15600.01 real, 3897 MB
[runlim] sample:		15607.97 time, 15610.01 real, 3817 MB
[runlim] sample:		15617.98 time, 15620.01 real, 3897 MB
[runlim] sample:		15627.97 time, 15630.01 real, 3977 MB
[runlim] sample:		15637.97 time, 15640.01 real, 3857 MB
[runlim] sample:		15647.97 time, 15650.01 real, 3897 MB
[runlim] sample:		15657.97 time, 15660.01 real, 3857 MB
[runlim] sample:		15667.97 time, 15670.01 real, 3897 MB
[runlim] sample:		15677.97 time, 15680.01 real, 3977 MB
[runlim] sample:		15687.97 time, 15690.01 real, 3897 MB
[runlim] sample:		15697.97 time, 15700.01 real, 3977 MB
[runlim] sample:		15707.97 time, 15710.01 real, 3857 MB
[runlim] sample:		15717.97 time, 15720.01 real, 3897 MB
[runlim] sample:		15727.97 time, 15730.01 real, 3817 MB
[runlim] sample:		15737.97 time, 15740.01 real, 3897 MB
[runlim] sample:		15747.97 time, 15750.01 real, 3977 MB
[runlim] sample:		15757.97 time, 15760.01 real, 3857 MB
[runlim] sample:		15767.97 time, 15770.01 real, 3897 MB
[runlim] sample:		15777.97 time, 15780.01 real, 3817 MB
[runlim] sample:		15787.97 time, 15790.01 real, 3897 MB
[runlim] sample:		15797.97 time, 15800.01 real, 3977 MB
[runlim] sample:		15807.97 time, 15810.01 real, 3897 MB
[runlim] sample:		15817.97 time, 15820.01 real, 4057 MB
[runlim] sample:		15827.97 time, 15830.01 real, 3857 MB
[runlim] sample:		15837.97 time, 15840.01 real, 3897 MB
[runlim] sample:		15847.97 time, 15850.01 real, 3977 MB
[runlim] sample:		15857.97 time, 15860.01 real, 3897 MB
[runlim] sample:		15867.97 time, 15870.01 real, 3977 MB
[runlim] sample:		15877.97 time, 15880.01 real, 3857 MB
[runlim] sample:		15887.97 time, 15890.01 real, 3897 MB
[runlim] sample:		15897.97 time, 15900.01 real, 3817 MB
[runlim] sample:		15907.97 time, 15910.01 real, 3897 MB
[runlim] sample:		15917.97 time, 15920.01 real, 3977 MB
[runlim] sample:		15927.97 time, 15930.01 real, 3857 MB
[runlim] sample:		15937.97 time, 15940.01 real, 3897 MB
[runlim] sample:		15947.97 time, 15950.01 real, 3817 MB
[runlim] sample:		15957.97 time, 15960.01 real, 3897 MB
[runlim] sample:		15967.97 time, 15970.01 real, 3977 MB
[runlim] sample:		15977.97 time, 15980.01 real, 3897 MB
[runlim] sample:		15987.97 time, 15990.01 real, 3977 MB
[runlim] sample:		15997.97 time, 16000.01 real, 3857 MB
[runlim] sample:		16007.97 time, 16010.01 real, 3897 MB
[runlim] sample:		16017.97 time, 16020.01 real, 3977 MB
[runlim] sample:		16027.97 time, 16030.01 real, 3897 MB
[runlim] sample:		16037.97 time, 16040.01 real, 3977 MB
[runlim] sample:		16047.97 time, 16050.01 real, 3857 MB
[runlim] sample:		16057.97 time, 16060.01 real, 3897 MB
[runlim] sample:		16067.97 time, 16070.01 real, 3817 MB
[runlim] sample:		16077.97 time, 16080.01 real, 3897 MB
[runlim] sample:		16087.97 time, 16090.01 real, 3977 MB
[runlim] sample:		16097.97 time, 16100.01 real, 3857 MB
[runlim] sample:		16107.97 time, 16110.01 real, 3897 MB
[runlim] sample:		16117.97 time, 16120.01 real, 3857 MB
[runlim] sample:		16127.97 time, 16130.01 real, 3897 MB
[runlim] sample:		16137.97 time, 16140.01 real, 3977 MB
[runlim] sample:		16147.97 time, 16150.01 real, 3897 MB
[runlim] sample:		16157.97 time, 16160.01 real, 3977 MB
[runlim] sample:		16167.97 time, 16170.01 real, 3857 MB
[runlim] sample:		16177.97 time, 16180.01 real, 3897 MB
[runlim] sample:		16187.97 time, 16190.01 real, 3817 MB
[runlim] sample:		16197.97 time, 16200.01 real, 3897 MB
[runlim] sample:		16207.97 time, 16210.01 real, 3977 MB
[runlim] sample:		16217.97 time, 16220.01 real, 3937 MB
[runlim] sample:		16227.96 time, 16230.01 real, 3897 MB
[runlim] sample:		16237.96 time, 16240.01 real, 3857 MB
[runlim] sample:		16247.97 time, 16250.01 real, 3897 MB
[runlim] sample:		16257.97 time, 16260.01 real, 3977 MB
[runlim] sample:		16267.96 time, 16270.01 real, 3897 MB
[runlim] sample:		16277.96 time, 16280.01 real, 3977 MB
[runlim] sample:		16287.96 time, 16290.01 real, 3857 MB
[runlim] sample:		16297.97 time, 16300.01 real, 3897 MB
[runlim] sample:		16307.97 time, 16310.01 real, 3817 MB
[runlim] sample:		16317.97 time, 16320.01 real, 3897 MB
[runlim] sample:		16327.96 time, 16330.01 real, 3977 MB
[runlim] sample:		16337.97 time, 16340.01 real, 3857 MB
[runlim] sample:		16347.97 time, 16350.01 real, 3897 MB
[runlim] sample:		16357.97 time, 16360.01 real, 3857 MB
[runlim] sample:		16367.97 time, 16370.01 real, 3897 MB
[runlim] sample:		16377.97 time, 16380.01 real, 3977 MB
[runlim] sample:		16387.96 time, 16390.01 real, 3897 MB
[runlim] sample:		16397.97 time, 16400.01 real, 3977 MB
[runlim] sample:		16407.97 time, 16410.01 real, 3857 MB
[runlim] sample:		16417.97 time, 16420.01 real, 3897 MB
[runlim] sample:		16427.97 time, 16430.01 real, 3817 MB
[runlim] sample:		16437.96 time, 16440.01 real, 3897 MB
[runlim] sample:		16447.97 time, 16450.01 real, 3977 MB
[runlim] sample:		16457.97 time, 16460.01 real, 3897 MB
[runlim] sample:		16467.97 time, 16470.01 real, 3977 MB
[runlim] sample:		16477.97 time, 16480.01 real, 3857 MB
[runlim] sample:		16487.97 time, 16490.01 real, 3897 MB
[runlim] sample:		16497.97 time, 16500.01 real, 3817 MB
[runlim] sample:		16507.96 time, 16510.01 real, 3897 MB
[runlim] sample:		16517.97 time, 16520.01 real, 3977 MB
[runlim] sample:		16527.97 time, 16530.01 real, 3897 MB
[runlim] sample:		16537.97 time, 16540.01 real, 3977 MB
[runlim] sample:		16547.97 time, 16550.01 real, 3857 MB
[runlim] sample:		16557.97 time, 16560.01 real, 3897 MB
[runlim] sample:		16567.96 time, 16570.01 real, 3857 MB
[runlim] sample:		16577.97 time, 16580.01 real, 3897 MB
[runlim] sample:		16587.97 time, 16590.01 real, 3977 MB
[runlim] sample:		16597.97 time, 16600.01 real, 3897 MB
[runlim] sample:		16607.96 time, 16610.01 real, 3977 MB
[runlim] sample:		16617.97 time, 16620.01 real, 3857 MB
[runlim] sample:		16627.97 time, 16630.01 real, 3897 MB
[runlim] sample:		16637.97 time, 16640.01 real, 3857 MB
[runlim] sample:		16647.97 time, 16650.01 real, 3897 MB
[runlim] sample:		16657.96 time, 16660.01 real, 3977 MB
[runlim] sample:		16667.97 time, 16670.01 real, 3897 MB
[runlim] sample:		16677.97 time, 16680.01 real, 3977 MB
[runlim] sample:		16687.96 time, 16690.01 real, 3897 MB
[runlim] sample:		16697.97 time, 16700.01 real, 3996 MB
[runlim] sample:		16707.96 time, 16710.01 real, 3857 MB
[runlim] sample:		16717.97 time, 16720.01 real, 3897 MB
[runlim] sample:		16727.96 time, 16730.01 real, 3817 MB
[runlim] sample:		16737.97 time, 16740.01 real, 3897 MB
[runlim] sample:		16747.97 time, 16750.01 real, 3977 MB
[runlim] sample:		16757.97 time, 16760.01 real, 3857 MB
[runlim] sample:		16767.97 time, 16770.01 real, 3897 MB
[runlim] sample:		16777.97 time, 16780.01 real, 3857 MB
[runlim] sample:		16787.96 time, 16790.01 real, 3897 MB
[runlim] sample:		16797.96 time, 16800.01 real, 3977 MB
[runlim] sample:		16807.96 time, 16810.01 real, 3897 MB
[runlim] sample:		16817.97 time, 16820.01 real, 3977 MB
[runlim] sample:		16827.96 time, 16830.01 real, 3857 MB
[runlim] sample:		16837.97 time, 16840.01 real, 3897 MB
[runlim] sample:		16847.97 time, 16850.01 real, 3977 MB
[runlim] sample:		16857.96 time, 16860.01 real, 3897 MB
[runlim] sample:		16867.96 time, 16870.01 real, 3977 MB
[runlim] sample:		16877.96 time, 16880.01 real, 3857 MB
[runlim] sample:		16887.96 time, 16890.01 real, 3897 MB
[runlim] sample:		16897.97 time, 16900.01 real, 3817 MB
[runlim] sample:		16907.96 time, 16910.01 real, 3897 MB
[runlim] sample:		16917.97 time, 16920.01 real, 3977 MB
[runlim] sample:		16927.97 time, 16930.01 real, 3897 MB
