[runlim] version:		1.21
[runlim] host:			c3n14
[runlim] time limit:		86400 seconds
[runlim] real time limit:	86400 seconds
[runlim] space limit:		8000 MB
[runlim] argv[0]:		concubine
[runlim] argv[1]:		solve
[runlim] argv[2]:		-v
[runlim] argv[3]:		-s
[runlim] argv[4]:		z3
[runlim] argv[5]:		-e
[runlim] argv[6]:		smtlib-relational
[runlim] argv[7]:		-m
[runlim] argv[8]:		init.mmap
[runlim] argv[9]:		-o
[runlim] argv[10]:		z3-relational
[runlim] argv[11]:		373
[runlim] argv[12]:		count_stat.cas.0.asm
[runlim] argv[13]:		count_stat.cas.1.asm
[runlim] argv[14]:		count_stat.cas.2.asm
[runlim] argv[15]:		count_stat.cas.3.asm
[runlim] argv[16]:		count_stat.checker.asm
[runlim] start:			Tue Dec  8 13:58:21 2020
[runlim] child:			19709
[runlim] sample:		9.45 time, 10.01 real, 127 MB
[runlim] sample:		19.44 time, 20.01 real, 128 MB
[runlim] sample:		29.44 time, 30.01 real, 128 MB
[runlim] sample:		39.44 time, 40.01 real, 128 MB
[runlim] sample:		49.44 time, 50.01 real, 128 MB
[runlim] sample:		59.44 time, 60.01 real, 128 MB
[runlim] sample:		69.44 time, 70.01 real, 128 MB
[runlim] sample:		79.44 time, 80.01 real, 128 MB
[runlim] sample:		89.44 time, 90.01 real, 128 MB
[runlim] sample:		99.45 time, 100.01 real, 128 MB
[runlim] sample:		109.45 time, 110.01 real, 128 MB
[runlim] sample:		119.45 time, 120.01 real, 128 MB
[runlim] sample:		129.45 time, 130.01 real, 128 MB
[runlim] sample:		139.45 time, 140.01 real, 128 MB
[runlim] sample:		149.45 time, 150.01 real, 128 MB
[runlim] sample:		159.45 time, 160.01 real, 128 MB
[runlim] sample:		169.45 time, 170.01 real, 128 MB
[runlim] sample:		179.45 time, 180.01 real, 128 MB
[runlim] sample:		189.45 time, 190.01 real, 128 MB
[runlim] sample:		199.45 time, 200.01 real, 128 MB
[runlim] sample:		209.45 time, 210.01 real, 128 MB
[runlim] sample:		219.45 time, 220.01 real, 128 MB
[runlim] sample:		229.45 time, 230.01 real, 128 MB
[runlim] sample:		239.45 time, 240.01 real, 128 MB
[runlim] sample:		249.45 time, 250.01 real, 128 MB
[runlim] sample:		259.45 time, 260.01 real, 128 MB
[runlim] sample:		269.45 time, 270.01 real, 128 MB
[runlim] sample:		279.45 time, 280.01 real, 128 MB
[runlim] sample:		289.45 time, 290.01 real, 128 MB
[runlim] sample:		299.45 time, 300.01 real, 128 MB
[runlim] sample:		309.45 time, 310.01 real, 128 MB
[runlim] sample:		319.45 time, 320.01 real, 128 MB
[runlim] sample:		329.45 time, 330.01 real, 128 MB
[runlim] sample:		339.45 time, 340.01 real, 128 MB
[runlim] sample:		349.45 time, 350.01 real, 128 MB
[runlim] sample:		359.45 time, 360.01 real, 128 MB
[runlim] sample:		369.45 time, 370.01 real, 128 MB
[runlim] sample:		379.45 time, 380.01 real, 128 MB
[runlim] sample:		389.45 time, 390.01 real, 128 MB
[runlim] sample:		399.45 time, 400.01 real, 128 MB
[runlim] sample:		409.45 time, 410.01 real, 128 MB
[runlim] sample:		419.45 time, 420.01 real, 128 MB
[runlim] sample:		429.45 time, 430.01 real, 128 MB
[runlim] sample:		439.45 time, 440.01 real, 128 MB
[runlim] sample:		449.45 time, 450.01 real, 128 MB
[runlim] sample:		459.45 time, 460.01 real, 128 MB
[runlim] sample:		469.45 time, 470.01 real, 128 MB
[runlim] sample:		479.45 time, 480.01 real, 128 MB
[runlim] sample:		489.45 time, 490.01 real, 128 MB
[runlim] sample:		499.45 time, 500.01 real, 128 MB
[runlim] sample:		509.45 time, 510.01 real, 128 MB
[runlim] sample:		519.45 time, 520.01 real, 128 MB
[runlim] sample:		529.45 time, 530.01 real, 128 MB
[runlim] sample:		539.45 time, 540.01 real, 128 MB
[runlim] sample:		549.45 time, 550.01 real, 128 MB
[runlim] sample:		559.45 time, 560.01 real, 128 MB
[runlim] sample:		569.45 time, 570.01 real, 128 MB
[runlim] sample:		579.45 time, 580.01 real, 128 MB
[runlim] sample:		589.45 time, 590.01 real, 128 MB
[runlim] sample:		599.45 time, 600.01 real, 128 MB
[runlim] sample:		609.45 time, 610.01 real, 128 MB
[runlim] sample:		619.45 time, 620.01 real, 128 MB
[runlim] sample:		629.45 time, 630.01 real, 128 MB
[runlim] sample:		639.45 time, 640.01 real, 128 MB
[runlim] sample:		649.45 time, 650.01 real, 128 MB
[runlim] sample:		659.45 time, 660.01 real, 128 MB
[runlim] sample:		669.45 time, 670.01 real, 128 MB
[runlim] sample:		679.45 time, 680.01 real, 128 MB
[runlim] sample:		689.45 time, 690.01 real, 128 MB
[runlim] sample:		699.45 time, 700.01 real, 128 MB
[runlim] sample:		709.45 time, 710.01 real, 128 MB
[runlim] sample:		719.45 time, 720.01 real, 128 MB
[runlim] sample:		729.45 time, 730.01 real, 128 MB
[runlim] sample:		739.45 time, 740.01 real, 128 MB
[runlim] sample:		749.45 time, 750.01 real, 128 MB
[runlim] sample:		759.45 time, 760.01 real, 128 MB
[runlim] sample:		769.45 time, 770.01 real, 128 MB
[runlim] sample:		779.45 time, 780.01 real, 128 MB
[runlim] sample:		789.45 time, 790.01 real, 128 MB
[runlim] sample:		799.45 time, 800.01 real, 128 MB
[runlim] sample:		809.45 time, 810.01 real, 128 MB
[runlim] sample:		819.45 time, 820.01 real, 128 MB
[runlim] sample:		829.45 time, 830.01 real, 128 MB
[runlim] sample:		839.45 time, 840.01 real, 128 MB
[runlim] sample:		849.45 time, 850.01 real, 128 MB
[runlim] sample:		859.45 time, 860.01 real, 128 MB
[runlim] sample:		869.45 time, 870.01 real, 128 MB
[runlim] sample:		879.45 time, 880.01 real, 128 MB
[runlim] sample:		889.45 time, 890.01 real, 128 MB
[runlim] sample:		899.45 time, 900.01 real, 128 MB
[runlim] sample:		909.45 time, 910.01 real, 128 MB
[runlim] sample:		919.45 time, 920.01 real, 128 MB
[runlim] sample:		929.45 time, 930.01 real, 128 MB
[runlim] sample:		939.45 time, 940.01 real, 128 MB
[runlim] sample:		949.45 time, 950.01 real, 128 MB
[runlim] sample:		959.45 time, 960.01 real, 128 MB
[runlim] sample:		969.45 time, 970.01 real, 128 MB
[runlim] sample:		979.45 time, 980.01 real, 128 MB
[runlim] sample:		989.45 time, 990.01 real, 128 MB
[runlim] sample:		999.45 time, 1000.01 real, 128 MB
[runlim] sample:		1009.45 time, 1010.01 real, 128 MB
[runlim] sample:		1019.45 time, 1020.01 real, 128 MB
[runlim] sample:		1029.45 time, 1030.01 real, 128 MB
[runlim] sample:		1039.45 time, 1040.01 real, 128 MB
[runlim] sample:		1049.45 time, 1050.01 real, 128 MB
[runlim] sample:		1059.45 time, 1060.01 real, 128 MB
[runlim] sample:		1069.45 time, 1070.01 real, 128 MB
[runlim] sample:		1079.45 time, 1080.01 real, 128 MB
[runlim] sample:		1089.45 time, 1090.01 real, 128 MB
[runlim] sample:		1099.45 time, 1100.01 real, 128 MB
[runlim] sample:		1109.45 time, 1110.01 real, 128 MB
[runlim] sample:		1119.45 time, 1120.01 real, 128 MB
[runlim] sample:		1129.45 time, 1130.01 real, 128 MB
[runlim] sample:		1139.45 time, 1140.01 real, 128 MB
[runlim] sample:		1149.45 time, 1150.01 real, 128 MB
[runlim] sample:		1159.45 time, 1160.01 real, 128 MB
[runlim] sample:		1169.45 time, 1170.01 real, 128 MB
[runlim] sample:		1179.45 time, 1180.01 real, 128 MB
[runlim] sample:		1189.45 time, 1190.01 real, 128 MB
[runlim] sample:		1199.45 time, 1200.01 real, 128 MB
[runlim] sample:		1209.45 time, 1210.01 real, 128 MB
[runlim] sample:		1219.45 time, 1220.01 real, 128 MB
[runlim] sample:		1229.45 time, 1230.01 real, 128 MB
[runlim] sample:		1239.45 time, 1240.01 real, 128 MB
[runlim] sample:		1249.45 time, 1250.01 real, 128 MB
[runlim] sample:		1259.45 time, 1260.01 real, 128 MB
[runlim] sample:		1269.46 time, 1270.01 real, 128 MB
[runlim] sample:		1279.46 time, 1280.01 real, 128 MB
[runlim] sample:		1289.46 time, 1290.01 real, 128 MB
[runlim] sample:		1299.46 time, 1300.01 real, 128 MB
[runlim] sample:		1309.46 time, 1310.01 real, 128 MB
[runlim] sample:		1319.46 time, 1320.01 real, 128 MB
[runlim] sample:		1329.46 time, 1330.01 real, 128 MB
[runlim] sample:		1339.46 time, 1340.01 real, 128 MB
[runlim] sample:		1349.46 time, 1350.01 real, 128 MB
[runlim] sample:		1359.46 time, 1360.01 real, 128 MB
[runlim] sample:		1369.46 time, 1370.01 real, 128 MB
[runlim] sample:		1379.46 time, 1380.01 real, 128 MB
[runlim] sample:		1389.46 time, 1390.01 real, 128 MB
[runlim] sample:		1399.46 time, 1400.01 real, 128 MB
[runlim] sample:		1409.46 time, 1410.01 real, 128 MB
[runlim] sample:		1419.46 time, 1420.01 real, 128 MB
[runlim] sample:		1429.46 time, 1430.01 real, 128 MB
[runlim] sample:		1439.46 time, 1440.01 real, 128 MB
[runlim] sample:		1449.46 time, 1450.01 real, 128 MB
[runlim] sample:		1459.46 time, 1460.01 real, 128 MB
[runlim] sample:		1469.46 time, 1470.01 real, 128 MB
[runlim] sample:		1479.46 time, 1480.01 real, 128 MB
[runlim] sample:		1489.46 time, 1490.01 real, 128 MB
[runlim] sample:		1499.46 time, 1500.01 real, 128 MB
[runlim] sample:		1509.46 time, 1510.01 real, 128 MB
[runlim] sample:		1519.46 time, 1520.01 real, 128 MB
[runlim] sample:		1529.46 time, 1530.01 real, 128 MB
