[litmus/run.sh] running 131: litmus/amd/9/run.sh cvc4 relational
[concubine>main] encoding took 0.02345 seconds
[concubine>main] generated 5290 commands
minisat: Incremental solving is forced on (to avoid variable elimination) unless using internal decision strategy.
============================[ Search Statistics ]==============================
| Conflicts |          ORIGINAL         |          LEARNT          | Progress |
|           |    Vars  Clauses Literals |    Limit  Clauses Lit/Cl |          |
===============================================================================
|       100 |    1705     5850    15604 |     8772      143      6 |  0.938 % |
|       250 |    1734     5859    15622 |    13158      348      5 |  1.140 % |
|       475 |    1915     5900    15704 |    19737      710     13 |  1.033 % |
|       812 |    2248     6169    16242 |    29605      994     19 |  3.846 % |
|      1318 |    2487     6376    16656 |    44408     1832     26 |  4.085 % |
|      2077 |    2530     6610    17124 |    66612     2948     31 |  4.127 % |
|      3216 |    2638     7116    18136 |    99918     4602     31 |  3.965 % |
|      4924 |    2649     7909    19722 |   149877     6497     32 |  3.949 % |
|      7486 |    2672     8863    21630 |   224816     9879     32 |  3.917 % |
|     11330 |    2687    10260    24424 |   337225    14255     35 |  3.896 % |
|     17096 |    2674    12064    28032 |   505837    20704     36 |  4.360 % |
|     25745 |    2645    15083    34070 |   758756    30932     35 |  5.599 % |
|     38719 |    2643    19500    42904 |  1138134    44907     34 |  6.006 % |
|     58180 |    2666    26378    56660 |  1707202    66467     35 |  6.156 % |
|     87372 |    2546    34652    73208 |  2560803    74236     35 | 10.381 % |
===============================================================================
unsat
Cannot get model unless immediately preceded by SAT/NOT_ENTAILED or UNKNOWN response.
[concubine>main] solving took 2989.21 seconds
