[runlim] version:		1.21
[runlim] host:			c3n10
[runlim] time limit:		86400 seconds
[runlim] real time limit:	86400 seconds
[runlim] space limit:		8000 MB
[runlim] argv[0]:		concubine
[runlim] argv[1]:		solve
[runlim] argv[2]:		-v
[runlim] argv[3]:		-s
[runlim] argv[4]:		cvc4
[runlim] argv[5]:		-e
[runlim] argv[6]:		smtlib-relational
[runlim] argv[7]:		-c
[runlim] argv[8]:		constraints.smt2
[runlim] argv[9]:		-m
[runlim] argv[10]:		init.mmap
[runlim] argv[11]:		-o
[runlim] argv[12]:		cvc4-relational
[runlim] argv[13]:		14
[runlim] argv[14]:		thread.0.asm
[runlim] argv[15]:		thread.1.asm
[runlim] start:			Tue Dec  1 16:38:21 2020
[runlim] child:			6158
[runlim] sample:		0.00 time, 10.01 real, 4 MB
[runlim] sample:		0.00 time, 20.01 real, 4 MB
[runlim] sample:		0.00 time, 30.01 real, 4 MB
[runlim] sample:		0.00 time, 40.01 real, 4 MB
[runlim] sample:		0.00 time, 50.01 real, 4 MB
[runlim] sample:		0.00 time, 60.01 real, 4 MB
[runlim] sample:		0.00 time, 70.01 real, 4 MB
[runlim] sample:		0.00 time, 80.01 real, 4 MB
[runlim] sample:		0.00 time, 90.01 real, 4 MB
[runlim] sample:		0.00 time, 100.01 real, 4 MB
[runlim] sample:		0.00 time, 110.01 real, 4 MB
[runlim] sample:		0.00 time, 120.01 real, 4 MB
[runlim] sample:		0.00 time, 130.01 real, 4 MB
[runlim] sample:		0.00 time, 140.01 real, 4 MB
[runlim] sample:		0.00 time, 150.01 real, 4 MB
[runlim] sample:		0.00 time, 160.01 real, 4 MB
[runlim] sample:		0.00 time, 170.01 real, 4 MB
[runlim] sample:		0.00 time, 180.01 real, 4 MB
[runlim] sample:		0.00 time, 190.01 real, 4 MB
[runlim] sample:		0.00 time, 200.01 real, 4 MB
[runlim] sample:		0.00 time, 210.01 real, 4 MB
[runlim] sample:		0.00 time, 220.01 real, 4 MB
[runlim] sample:		0.00 time, 230.01 real, 4 MB
[runlim] sample:		0.00 time, 240.01 real, 4 MB
[runlim] sample:		0.00 time, 250.01 real, 4 MB
[runlim] sample:		0.00 time, 260.01 real, 4 MB
[runlim] sample:		0.00 time, 270.01 real, 4 MB
