[runlim] version:		1.21
[runlim] host:			c3n09
[runlim] time limit:		86400 seconds
[runlim] real time limit:	86400 seconds
[runlim] space limit:		8000 MB
[runlim] argv[0]:		concubine
[runlim] argv[1]:		solve
[runlim] argv[2]:		-v
[runlim] argv[3]:		-s
[runlim] argv[4]:		z3
[runlim] argv[5]:		-e
[runlim] argv[6]:		smtlib-relational
[runlim] argv[7]:		-c
[runlim] argv[8]:		constraints.smt2
[runlim] argv[9]:		-m
[runlim] argv[10]:		init.mmap
[runlim] argv[11]:		-o
[runlim] argv[12]:		z3-relational
[runlim] argv[13]:		14
[runlim] argv[14]:		thread.0.asm
[runlim] argv[15]:		thread.1.asm
[runlim] start:			Tue Dec  8 13:58:15 2020
[runlim] child:			18211
[runlim] end:			Tue Dec  8 13:58:20 2020
[runlim] status:		ok
[runlim] result:		0
[runlim] children:		1
[runlim] real:			5.17 seconds
[runlim] time:			1.18 seconds
[runlim] space:			26 MB
[runlim] samples:		51
