count.buggy.0.asm
count.buggy.1.asm
count.checker.asm
. boolector-relational.mmap
# tid	pc	cmd	arg	accu	mem	adr	val	full	heap
1	inc	LOAD	0	0	0	0	0	0	{}	# 0
1	1	ADDI	1	0	0	0	0	0	{}	# 1
1	2	STORE	0	1	0	0	0	0	{}	# 2
1	3	LOAD	11	1	0	0	1	1	{}	# 3
1	4	FLUSH	-	4	0	0	1	1	{}	# 4
1	4	SUBI	1	4	0	0	1	0	{(0,1)}	# 5
1	5	STORE	11	3	0	0	1	0	{}	# 6
1	6	JNZ	inc	3	0	11	3	1	{}	# 7
1	inc	LOAD	0	3	0	11	3	1	{}	# 8
1	1	FLUSH	-	1	0	11	3	1	{}	# 9
1	1	ADDI	1	1	0	11	3	0	{(11,3)}	# 10
1	2	STORE	0	2	0	11	3	0	{}	# 11
1	3	FLUSH	-	2	0	0	2	1	{}	# 12
1	3	LOAD	11	2	0	0	2	0	{(0,2)}	# 13
1	4	SUBI	1	3	0	0	2	0	{}	# 14
1	5	STORE	11	2	0	0	2	0	{}	# 15
1	6	JNZ	inc	2	0	11	2	1	{}	# 16
1	inc	FLUSH	-	2	0	11	2	1	{}	# 17
1	inc	LOAD	0	2	0	11	2	0	{(11,2)}	# 18
1	1	ADDI	1	2	0	11	2	0	{}	# 19
1	2	STORE	0	3	0	11	2	0	{}	# 20
1	3	LOAD	11	3	0	0	3	1	{}	# 21
1	4	FLUSH	-	2	0	0	3	1	{}	# 22
1	4	SUBI	1	2	0	0	3	0	{(0,3)}	# 23
1	5	STORE	11	1	0	0	3	0	{}	# 24
1	6	JNZ	inc	1	0	11	1	1	{}	# 25
2	0	CHECK	0	0	0	0	0	0	{}	# 26
1	inc	LOAD	0	1	0	11	1	1	{}	# 27
1	1	FLUSH	-	3	0	11	1	1	{}	# 28
0	inc	LOAD	0	0	0	0	0	0	{(11,1)}	# 29
1	1	ADDI	1	3	0	11	1	0	{}	# 30
0	1	ADDI	1	3	0	0	0	0	{}	# 31
0	2	STORE	0	4	0	0	0	0	{}	# 32
0	3	LOAD	10	4	0	0	4	1	{}	# 33
0	4	SUBI	1	4	0	0	4	1	{}	# 34
1	2	STORE	0	4	0	11	1	0	{}	# 35
1	3	LOAD	11	4	0	0	4	1	{}	# 36
1	4	FLUSH	-	1	0	0	4	1	{}	# 37
1	4	SUBI	1	1	0	0	4	0	{(0,4)}	# 38
1	5	STORE	11	0	0	0	4	0	{}	# 39
1	6	JNZ	inc	0	0	11	0	1	{}	# 40
0	5	FLUSH	-	3	0	0	4	1	{}	# 41
1	7	CHECK	0	0	0	11	0	1	{(0,4)}	# 42
0	5	STORE	10	3	0	0	4	0	{}	# 43
0	6	FLUSH	-	3	0	10	3	1	{}	# 44
1	8	FLUSH	-	0	0	11	0	1	{(10,3)}	# 45
0	6	JNZ	inc	3	0	10	3	0	{(11,0)}	# 46
0	inc	LOAD	0	3	0	10	3	0	{}	# 47
0	1	ADDI	1	4	0	10	3	0	{}	# 48
0	2	STORE	0	5	0	10	3	0	{}	# 49
0	3	FLUSH	-	5	0	0	5	1	{}	# 50
0	3	LOAD	10	5	0	0	5	0	{(0,5)}	# 51
0	4	SUBI	1	3	0	0	5	0	{}	# 52
0	5	STORE	10	2	0	0	5	0	{}	# 53
0	6	JNZ	inc	2	0	10	2	1	{}	# 54
0	inc	LOAD	0	2	0	10	2	1	{}	# 55
0	1	FLUSH	-	5	0	10	2	1	{}	# 56
0	1	ADDI	1	5	0	10	2	0	{(10,2)}	# 57
0	2	STORE	0	6	0	10	2	0	{}	# 58
0	3	FLUSH	-	6	0	0	6	1	{}	# 59
0	3	LOAD	10	6	0	0	6	0	{(0,6)}	# 60
0	4	SUBI	1	2	0	0	6	0	{}	# 61
0	5	STORE	10	1	0	0	6	0	{}	# 62
0	6	FLUSH	-	1	0	10	1	1	{}	# 63
0	6	JNZ	inc	1	0	10	1	0	{(10,1)}	# 64
0	inc	LOAD	0	1	0	10	1	0	{}	# 65
0	1	ADDI	1	6	0	10	1	0	{}	# 66
0	2	STORE	0	7	0	10	1	0	{}	# 67
0	3	LOAD	10	7	0	0	7	1	{}	# 68
0	4	SUBI	1	1	0	0	7	1	{}	# 69
0	5	FLUSH	-	0	0	0	7	1	{}	# 70
0	5	STORE	10	0	0	0	7	0	{(0,7)}	# 71
0	6	JNZ	inc	0	0	10	0	1	{}	# 72
0	7	FLUSH	-	0	0	10	0	1	{}	# 73
0	7	CHECK	0	0	0	10	0	0	{(10,0)}	# 74
2	1	ADDI	8	0	0	0	0	0	{}	# 75
0	8	HALT	-	0	0	10	0	0	{}	# 76
1	8	HALT	-	0	0	11	0	0	{}	# 77
2	2	CMP	0	8	0	0	0	0	{}	# 78
2	3	JNZ	error	1	0	0	0	0	{}	# 79
2	error	EXIT	1	1	0	0	0	0	{}	# 80
