count.buggy.0.asm
count.buggy.1.asm
count.checker.asm
. btormc-btor2.mmap
# tid	pc	cmd	arg	accu	mem	adr	val	full	heap
0	inc	LOAD	0	0	0	0	0	0	{}	# 0
0	1	ADDI	1	0	0	0	0	0	{}	# 1
1	inc	LOAD	0	0	0	0	0	0	{}	# 2
0	2	STORE	0	1	0	0	0	0	{}	# 3
0	3	FLUSH	-	1	0	0	1	1	{}	# 4
0	3	LOAD	10	1	0	0	1	0	{(0,1)}	# 5
1	1	ADDI	1	0	0	0	0	0	{}	# 6
1	2	STORE	0	1	0	0	0	0	{}	# 7
1	3	LOAD	11	1	0	0	1	1	{}	# 8
1	4	SUBI	1	4	0	0	1	1	{}	# 9
0	4	SUBI	1	4	0	0	1	0	{}	# 10
1	5	FLUSH	-	3	0	0	1	1	{}	# 11
0	5	STORE	10	3	0	0	1	0	{(0,1)}	# 12
0	6	JNZ	inc	3	0	10	3	1	{}	# 13
0	inc	LOAD	0	3	0	10	3	1	{}	# 14
0	1	FLUSH	-	1	0	10	3	1	{}	# 15
0	1	ADDI	1	1	0	10	3	0	{(10,3)}	# 16
0	2	STORE	0	2	0	10	3	0	{}	# 17
1	5	STORE	11	3	0	0	1	0	{}	# 18
0	3	FLUSH	-	2	0	0	2	1	{}	# 19
2	0	CHECK	0	0	0	0	0	0	{(0,2)}	# 20
0	3	LOAD	10	2	0	0	2	0	{}	# 21
0	4	SUBI	1	3	0	0	2	0	{}	# 22
0	5	STORE	10	2	0	0	2	0	{}	# 23
0	6	JNZ	inc	2	0	10	2	1	{}	# 24
0	inc	LOAD	0	2	0	10	2	1	{}	# 25
0	1	ADDI	1	2	0	10	2	1	{}	# 26
1	6	FLUSH	-	3	0	11	3	1	{}	# 27
1	6	JNZ	inc	3	0	11	3	0	{(11,3)}	# 28
1	inc	LOAD	0	3	0	11	3	0	{}	# 29
1	1	ADDI	1	2	0	11	3	0	{}	# 30
1	2	STORE	0	3	0	11	3	0	{}	# 31
1	3	LOAD	11	3	0	0	3	1	{}	# 32
1	4	FLUSH	-	3	0	0	3	1	{}	# 33
1	4	SUBI	1	3	0	0	3	0	{(0,3)}	# 34
1	5	STORE	11	2	0	0	3	0	{}	# 35
0	2	FLUSH	-	3	0	10	2	1	{}	# 36
1	6	JNZ	inc	2	0	11	2	1	{(10,2)}	# 37
0	2	STORE	0	3	0	10	2	0	{}	# 38
1	inc	FLUSH	-	2	0	11	2	1	{}	# 39
0	3	LOAD	10	3	0	0	3	1	{(11,2)}	# 40
0	4	FLUSH	-	2	0	0	3	1	{}	# 41
1	inc	LOAD	0	2	0	11	2	0	{(0,3)}	# 42
1	1	ADDI	1	3	0	11	2	0	{}	# 43
0	4	SUBI	1	2	0	0	3	0	{}	# 44
1	2	STORE	0	4	0	11	2	0	{}	# 45
1	3	FLUSH	-	4	0	0	4	1	{}	# 46
0	5	STORE	10	1	0	0	3	0	{(0,4)}	# 47
0	6	JNZ	inc	1	0	10	1	1	{}	# 48
0	inc	LOAD	0	1	0	10	1	1	{}	# 49
0	1	FLUSH	-	4	0	10	1	1	{}	# 50
0	1	ADDI	1	4	0	10	1	0	{(10,1)}	# 51
1	3	LOAD	11	4	0	0	4	0	{}	# 52
0	2	STORE	0	5	0	10	1	0	{}	# 53
0	3	FLUSH	-	5	0	0	5	1	{}	# 54
0	3	LOAD	10	5	0	0	5	0	{(0,5)}	# 55
1	4	SUBI	1	2	0	0	4	0	{}	# 56
0	4	SUBI	1	1	0	0	5	0	{}	# 57
1	5	STORE	11	1	0	0	4	0	{}	# 58
1	6	FLUSH	-	1	0	11	1	1	{}	# 59
0	5	STORE	10	0	0	0	5	0	{(11,1)}	# 60
0	6	FLUSH	-	0	0	10	0	1	{}	# 61
0	6	JNZ	inc	0	0	10	0	0	{(10,0)}	# 62
0	7	CHECK	0	0	0	10	0	0	{}	# 63
1	6	JNZ	inc	1	0	11	1	0	{}	# 64
1	inc	LOAD	0	1	0	11	1	0	{}	# 65
1	1	ADDI	1	5	0	11	1	0	{}	# 66
1	2	STORE	0	6	0	11	1	0	{}	# 67
1	3	LOAD	11	6	0	0	6	1	{}	# 68
1	4	SUBI	1	1	0	0	6	1	{}	# 69
1	5	FLUSH	-	0	0	0	6	1	{}	# 70
1	5	STORE	11	0	0	0	6	0	{(0,6)}	# 71
1	6	JNZ	inc	0	0	11	0	1	{}	# 72
1	7	CHECK	0	0	0	11	0	1	{}	# 73
2	1	ADDI	8	0	0	0	0	0	{}	# 74
1	8	FLUSH	-	0	0	11	0	1	{}	# 75
1	8	HALT	-	0	0	11	0	0	{(11,0)}	# 76
0	8	HALT	-	0	0	10	0	0	{}	# 77
2	2	CMP	0	8	0	0	0	0	{}	# 78
2	3	JNZ	error	2	0	0	0	0	{}	# 79
2	error	EXIT	1	2	0	0	0	0	{}	# 80
